0 : [390, 394, 395, 65, 669]
0 : [0, 758, 389, 394, 501]
0 : [0, 975, 472, 456, 428]
0 : [0, 693, 758, 975, 395]
1 : [1, 899, 712, 438, 719]
1 : [1, 395, 0, 389, 392]
1 : [1, 389, 395, 392, 394]
2 : [147, 4, 394, 3, 149]
2 : [2, 3, 4, 147, 394]
2 : [2, 3, 4, 389, 394]
3 : [3, 4, 394, 2, 977]
3 : [3, 4, 2, 394, 389]
3 : [3, 4, 2, 394, 977]
4 : [389, 2, 149, 394, 977]
4 : [4, 394, 3, 389, 150]
4 : [390, 327, 110, 111, 27]
5 : [5, 6, 394, 390, 977]
5 : [5, 6, 116, 392, 394]
5 : [973, 5, 109, 329, 115]
6 : [6, 5, 110, 390, 107]
6 : [693, 346, 914, 838, 842]
6 : [5, 6, 115, 116, 110]
7 : [7, 8, 91, 80, 134]
7 : [7, 63, 8, 274, 775]
7 : [8, 502, 630, 514, 7]
8 : [8, 7, 904, 80, 599]
8 : [8, 7, 91, 82, 80]
8 : [8, 7, 729, 790, 86]
8 : [8, 7, 86, 80, 83]
9 : [9, 138, 134, 8, 135]
9 : [316, 60, 50, 676, 58]
9 : [9, 138, 100, 99, 355]
10 : [715, 572, 623, 749, 513]
10 : [11, 15, 12, 16, 10]
10 : [10, 86, 11, 85, 13]
11 : [11, 14, 16, 85, 86]
11 : [11, 16, 14, 95, 448]
11 : [16, 11, 14, 95, 90]
12 : [12, 14, 13, 10, 16]
12 : [12, 14, 10, 13, 11]
12 : [12, 14, 91, 10, 13]
13 : [13, 14, 10, 15, 16]
13 : [13, 14, 16, 15, 12]
13 : [13, 16, 10, 14, 15]
14 : [14, 448, 11, 16, 12]
14 : [14, 494, 846, 816, 556]
14 : [14, 16, 13, 95, 91]
15 : [15, 539, 91, 16, 95]
15 : [15, 14, 10, 13, 17]
15 : [15, 20, 16, 10, 95]
16 : [95, 16, 91, 17, 92]
16 : [16, 95, 17, 91, 18]
16 : [16, 95, 91, 448, 17]
16 : [91, 16, 95, 18, 448]
17 : [17, 18, 16, 95, 448]
17 : [17, 16, 95, 18, 14]
17 : [17, 18, 448, 868, 676]
18 : [18, 134, 91, 448, 17]
18 : [18, 91, 134, 17, 21]
18 : [18, 17, 16, 91, 15]
19 : [19, 134, 16, 384, 18]
19 : [19, 13, 16, 448, 658]
19 : [19, 17, 16, 13, 11]
20 : [360, 58, 337, 20, 391]
20 : [20, 18, 15, 493, 658]
20 : [20, 676, 16, 950, 952]
21 : [21, 87, 23, 91, 138]
21 : [22, 21, 23, 91, 133]
21 : [21, 22, 23, 91, 138]
22 : [22, 21, 23, 733, 557]
22 : [22, 21, 23, 134, 127]
22 : [22, 23, 21, 134, 89]
23 : [23, 128, 93, 21, 134]
23 : [23, 128, 134, 127, 91]
23 : [23, 22, 21, 127, 134]
24 : [24, 501, 658, 950, 916]
24 : [24, 916, 950, 664, 958]
24 : [24, 21, 664, 916, 950]
24 : [24, 82, 733, 912, 448]
25 : [25, 28, 32, 26, 27]
25 : [25, 28, 38, 26, 27]
25 : [25, 45, 28, 27, 26]
26 : [28, 390, 27, 25, 26]
26 : [25, 45, 28, 32, 38]
26 : [26, 27, 38, 28, 114]
27 : [26, 27, 25, 28, 38]
27 : [27, 38, 26, 40, 46]
27 : [26, 27, 110, 28, 32]
28 : [25, 28, 53, 58, 54]
28 : [111, 390, 45, 52, 114]
28 : [28, 25, 27, 26, 390]
29 : [29, 390, 397, 27, 26]
29 : [29, 115, 397, 5, 110]
29 : [29, 108, 115, 111, 993]
30 : [30, 32, 31, 26, 27]
30 : [337, 975, 360, 131, 136]
30 : [30, 32, 31, 27, 28]
31 : [31, 32, 30, 26, 40]
31 : [32, 30, 31, 26, 27]
31 : [31, 32, 30, 25, 27]
32 : [110, 390, 111, 29, 58]
32 : [26, 32, 30, 27, 28]
32 : [32, 26, 27, 114, 30]
32 : [26, 28, 25, 32, 27]
33 : [33, 36, 34, 37, 35]
33 : [33, 34, 36, 35, 37]
33 : [33, 34, 35, 36, 305]
34 : [34, 35, 36, 390, 62]
34 : [34, 33, 36, 147, 35]
34 : [34, 978, 977, 408, 33]
35 : [35, 37, 36, 114, 306]
35 : [35, 36, 37, 58, 997]
35 : [35, 36, 37, 34, 306]
36 : [37, 35, 36, 33, 34]
36 : [37, 904, 36, 664, 34]
36 : [35, 36, 45, 103, 37]
37 : [37, 36, 35, 33, 34]
37 : [37, 35, 36, 34, 305]
37 : [37, 35, 36, 363, 113]
38 : [38, 28, 27, 26, 29]
38 : [38, 42, 26, 66, 27]
38 : [43, 41, 66, 48, 38]
39 : [39, 46, 43, 47, 44]
39 : [43, 42, 44, 31, 39]
39 : [39, 48, 41, 43, 46]
40 : [40, 46, 41, 42, 31]
40 : [40, 46, 55, 38, 41]
40 : [46, 40, 39, 27, 44]
40 : [40, 46, 41, 38, 26]
41 : [41, 44, 32, 46, 27]
41 : [57, 44, 59, 26, 58]
41 : [38, 44, 41, 26, 27]
42 : [41, 42, 43, 46, 44]
42 : [28, 42, 27, 43, 40]
42 : [42, 43, 41, 38, 46]
43 : [41, 43, 46, 42, 40]
43 : [43, 45, 42, 316, 317]
43 : [43, 41, 44, 39, 42]
44 : [54, 53, 52, 60, 58]
44 : [41, 46, 44, 43, 39]
44 : [68, 57, 54, 52, 60]
45 : [45, 42, 41, 27, 44]
45 : [45, 56, 102, 58, 33]
45 : [45, 38, 27, 44, 66]
46 : [40, 46, 44, 26, 41]
46 : [46, 40, 64, 489, 39]
46 : [44, 46, 41, 42, 43]
47 : [47, 38, 45, 42, 57]
47 : [47, 43, 41, 42, 45]
47 : [47, 46, 42, 43, 38]
48 : [48, 43, 49, 44, 39]
48 : [48, 42, 61, 39, 46]
48 : [48, 62, 43, 61, 41]
48 : [48, 39, 42, 41, 43]
49 : [337, 997, 58, 99, 97]
49 : [49, 100, 9, 344, 337]
49 : [103, 27, 49, 58, 50]
50 : [50, 49, 48, 360, 337]
50 : [50, 49, 48, 44, 62]
50 : [49, 50, 58, 344, 103]
51 : [51, 69, 71, 766, 306]
51 : [51, 649, 863, 69, 643]
51 : [51, 649, 745, 727, 863]
52 : [58, 52, 54, 114, 53]
52 : [58, 53, 54, 52, 60]
52 : [53, 58, 52, 57, 54]
53 : [52, 57, 54, 59, 65]
53 : [57, 52, 65, 53, 58]
53 : [57, 59, 60, 58, 52]
54 : [67, 68, 54, 56, 65]
54 : [52, 68, 54, 67, 58]
54 : [52, 59, 58, 54, 395]
55 : [59, 57, 54, 55, 52]
55 : [55, 64, 60, 54, 58]
55 : [60, 53, 54, 57, 58]
56 : [56, 58, 53, 63, 52]
56 : [56, 65, 52, 59, 58]
56 : [54, 52, 53, 56, 59]
56 : [56, 60, 52, 61, 57]
57 : [57, 59, 52, 68, 54]
57 : [57, 59, 54, 53, 58]
57 : [58, 54, 52, 59, 65]
58 : [58, 62, 68, 65, 63]
58 : [974, 65, 58, 971, 111]
58 : [58, 27, 68, 54, 67]
59 : [64, 55, 59, 54, 57]
59 : [59, 55, 40, 64, 57]
59 : [55, 64, 59, 65, 52]
60 : [62, 63, 61, 65, 52]
60 : [52, 59, 67, 60, 54]
60 : [57, 54, 58, 52, 67]
61 : [61, 62, 68, 56, 67]
61 : [67, 68, 62, 57, 59]
61 : [62, 61, 59, 58, 54]
62 : [54, 58, 68, 59, 52]
62 : [62, 63, 67, 68, 52]
62 : [60, 57, 52, 59, 65]
63 : [53, 62, 60, 54, 52]
63 : [492, 674, 519, 60, 419]
63 : [57, 52, 53, 63, 54]
64 : [55, 64, 59, 46, 54]
64 : [55, 64, 46, 997, 53]
64 : [55, 64, 54, 59, 52]
64 : [58, 59, 64, 62, 44]
65 : [65, 801, 983, 395, 389]
65 : [65, 63, 801, 390, 397]
65 : [65, 58, 56, 52, 57]
66 : [66, 68, 67, 54, 59]
66 : [68, 66, 67, 60, 52]
66 : [66, 38, 44, 60, 68]
67 : [67, 60, 68, 64, 54]
67 : [67, 68, 60, 61, 54]
67 : [52, 57, 68, 59, 65]
68 : [52, 68, 54, 60, 58]
68 : [62, 67, 68, 63, 60]
68 : [68, 67, 54, 60, 62]
69 : [69, 733, 649, 112, 863]
69 : [69, 451, 714, 464, 622]
69 : [542, 610, 412, 818, 524]
70 : [73, 70, 313, 75, 302]
70 : [70, 313, 312, 303, 75]
70 : [70, 313, 303, 315, 75]
71 : [71, 79, 306, 120, 124]
71 : [124, 79, 71, 313, 27]
71 : [923, 712, 909, 925, 542]
72 : [73, 72, 815, 74, 70]
72 : [815, 73, 72, 71, 74]
72 : [72, 74, 815, 73, 77]
72 : [72, 74, 73, 815, 77]
73 : [73, 77, 72, 74, 75]
73 : [815, 73, 75, 72, 716]
73 : [73, 77, 72, 70, 76]
74 : [72, 74, 73, 815, 77]
74 : [72, 74, 73, 77, 76]
74 : [304, 317, 114, 312, 318]
75 : [75, 70, 73, 303, 312]
75 : [73, 310, 313, 315, 71]
75 : [75, 73, 301, 310, 76]
76 : [76, 75, 120, 79, 73]
76 : [75, 78, 71, 76, 73]
76 : [76, 73, 77, 75, 79]
77 : [71, 77, 310, 73, 314]
77 : [79, 78, 73, 307, 76]
77 : [73, 77, 75, 76, 78]
78 : [71, 302, 304, 78, 314]
78 : [75, 70, 312, 313, 78]
78 : [307, 78, 302, 119, 73]
79 : [79, 111, 712, 70, 313]
79 : [79, 329, 115, 126, 110]
79 : [79, 52, 45, 58, 65]
80 : [80, 8, 81, 7, 83]
80 : [80, 8, 7, 83, 86]
80 : [80, 81, 8, 83, 86]
80 : [80, 7, 83, 93, 8]
81 : [81, 83, 85, 82, 60]
81 : [81, 83, 80, 86, 82]
81 : [8, 85, 21, 23, 86]
82 : [82, 83, 85, 86, 138]
82 : [82, 85, 83, 81, 86]
82 : [82, 83, 85, 8, 86]
83 : [83, 138, 135, 133, 142]
83 : [83, 138, 80, 86, 8]
83 : [82, 330, 331, 83, 133]
84 : [84, 138, 80, 9, 83]
84 : [84, 86, 80, 128, 138]
84 : [552, 328, 84, 749, 723]
85 : [85, 86, 82, 83, 81]
85 : [85, 86, 83, 81, 82]
85 : [86, 85, 138, 80, 84]
86 : [86, 85, 83, 81, 138]
86 : [86, 85, 83, 81, 80]
86 : [86, 85, 97, 8, 80]
87 : [87, 89, 21, 600, 641]
87 : [87, 88, 89, 23, 134]
87 : [87, 89, 88, 448, 90]
88 : [88, 90, 134, 21, 89]
88 : [88, 87, 90, 89, 93]
88 : [88, 90, 87, 89, 21]
88 : [84, 96, 90, 87, 88]
89 : [89, 88, 21, 87, 134]
89 : [89, 835, 153, 181, 185]
89 : [89, 448, 519, 449, 425]
90 : [90, 21, 87, 92, 91]
90 : [90, 87, 95, 21, 91]
90 : [90, 87, 88, 89, 91]
91 : [91, 16, 18, 95, 80]
91 : [91, 18, 16, 95, 21]
91 : [91, 18, 80, 16, 21]
92 : [92, 95, 16, 91, 134]
92 : [92, 95, 91, 16, 21]
92 : [92, 95, 91, 749, 16]
93 : [93, 18, 134, 541, 21]
93 : [93, 96, 369, 375, 23]
93 : [93, 96, 134, 89, 128]
94 : [94, 95, 448, 493, 92]
94 : [94, 95, 92, 904, 493]
94 : [94, 95, 749, 16, 816]
95 : [95, 91, 16, 92, 17]
95 : [95, 94, 91, 16, 92]
95 : [95, 91, 92, 16, 749]
96 : [96, 93, 18, 91, 134]
96 : [96, 93, 91, 95, 16]
96 : [96, 93, 134, 90, 91]
96 : [96, 93, 91, 955, 954]
97 : [97, 99, 136, 137, 98]
97 : [97, 136, 99, 98, 137]
97 : [97, 99, 136, 100, 137]
98 : [98, 136, 100, 141, 133]
98 : [98, 136, 97, 137, 99]
98 : [98, 133, 143, 20, 138]
99 : [99, 143, 97, 137, 146]
99 : [99, 97, 100, 146, 138]
99 : [99, 127, 134, 130, 138]
100 : [99, 100, 128, 134, 97]
100 : [100, 99, 97, 134, 136]
100 : [100, 137, 97, 99, 136]
101 : [386, 101, 385, 51, 288]
101 : [385, 101, 386, 63, 955]
101 : [385, 386, 101, 775, 63]
102 : [102, 334, 298, 363, 337]
102 : [102, 334, 363, 298, 106]
102 : [102, 60, 58, 334, 363]
103 : [103, 847, 337, 708, 572]
103 : [103, 916, 501, 898, 433]
103 : [539, 658, 329, 111, 806]
104 : [104, 384, 298, 335, 273]
104 : [104, 298, 106, 273, 335]
104 : [104, 63, 410, 384, 369]
104 : [104, 371, 298, 106, 374]
105 : [105, 384, 106, 383, 382]
105 : [105, 383, 104, 332, 333]
105 : [384, 381, 382, 368, 374]
106 : [106, 298, 958, 337, 412]
106 : [106, 338, 337, 412, 298]
106 : [106, 298, 342, 104, 102]
107 : [975, 978, 977, 693, 460]
107 : [971, 908, 712, 746, 538]
107 : [107, 991, 992, 909, 996]
108 : [108, 973, 991, 109, 115]
108 : [107, 328, 108, 110, 991]
108 : [108, 973, 393, 110, 329]
109 : [109, 973, 329, 983, 801]
109 : [6, 149, 801, 5, 433]
109 : [109, 116, 327, 973, 801]
110 : [110, 53, 26, 114, 600]
110 : [5, 115, 110, 65, 29]
110 : [115, 110, 329, 5, 973]
111 : [558, 845, 676, 777, 512]
111 : [111, 638, 445, 712, 610]
111 : [111, 389, 712, 395, 107]
112 : [112, 327, 115, 114, 69]
112 : [390, 6, 36, 977, 33]
112 : [112, 329, 998, 658, 994]
112 : [112, 460, 809, 412, 699]
113 : [113, 114, 111, 115, 112]
113 : [113, 115, 111, 993, 992]
113 : [108, 111, 115, 110, 114]
114 : [114, 111, 113, 110, 115]
114 : [114, 113, 52, 110, 111]
114 : [114, 110, 111, 53, 26]
115 : [110, 115, 329, 111, 116]
115 : [115, 108, 110, 329, 5]
115 : [110, 115, 116, 327, 329]
116 : [62, 79, 58, 116, 65]
116 : [116, 33, 977, 69, 34]
116 : [677, 116, 69, 691, 542]
117 : [506, 783, 677, 723, 455]
117 : [117, 109, 116, 69, 112]
117 : [117, 125, 116, 107, 123]
118 : [118, 121, 119, 122, 120]
118 : [118, 121, 122, 119, 124]
118 : [118, 121, 122, 124, 120]
119 : [119, 120, 125, 124, 307]
119 : [119, 120, 124, 118, 125]
119 : [120, 119, 121, 125, 118]
120 : [119, 121, 118, 123, 124]
120 : [119, 120, 125, 118, 124]
120 : [125, 120, 119, 124, 307]
120 : [119, 121, 123, 124, 122]
121 : [121, 118, 122, 124, 123]
121 : [118, 121, 122, 124, 994]
121 : [121, 119, 118, 125, 122]
122 : [122, 118, 121, 124, 123]
122 : [122, 124, 118, 119, 123]
122 : [124, 122, 71, 123, 119]
123 : [124, 122, 123, 119, 71]
123 : [123, 122, 124, 119, 125]
123 : [110, 115, 125, 116, 390]
124 : [122, 121, 124, 909, 118]
124 : [123, 122, 124, 71, 79]
124 : [203, 186, 189, 185, 181]
125 : [113, 125, 126, 112, 69]
125 : [111, 110, 114, 52, 113]
125 : [125, 116, 5, 119, 33]
126 : [110, 629, 928, 390, 116]
126 : [304, 455, 684, 307, 300]
126 : [126, 69, 71, 125, 116]
127 : [128, 127, 134, 131, 138]
127 : [134, 127, 128, 9, 517]
127 : [127, 128, 134, 138, 129]
128 : [127, 128, 134, 129, 131]
128 : [128, 134, 98, 93, 127]
128 : [128, 134, 138, 127, 136]
128 : [128, 134, 135, 127, 9]
129 : [129, 127, 134, 128, 133]
129 : [129, 130, 134, 127, 131]
129 : [129, 134, 127, 128, 130]
130 : [130, 129, 146, 89, 134]
130 : [130, 134, 905, 129, 782]
130 : [130, 127, 134, 129, 128]
131 : [131, 136, 133, 137, 129]
131 : [131, 128, 134, 133, 132]
131 : [131, 134, 135, 128, 129]
132 : [132, 134, 127, 131, 129]
132 : [132, 131, 127, 134, 129]
132 : [132, 129, 127, 100, 134]
133 : [133, 131, 134, 98, 136]
133 : [133, 131, 134, 136, 135]
133 : [133, 135, 82, 138, 134]
134 : [134, 128, 129, 130, 127]
134 : [134, 9, 128, 135, 99]
134 : [131, 132, 134, 133, 128]
135 : [135, 128, 133, 134, 138]
135 : [135, 128, 134, 127, 133]
135 : [135, 138, 133, 142, 128]
136 : [86, 8, 93, 136, 91]
136 : [136, 137, 8, 86, 134]
136 : [136, 84, 137, 134, 86]
136 : [136, 137, 134, 128, 80]
137 : [137, 136, 97, 99, 98]
137 : [137, 100, 136, 99, 97]
137 : [136, 137, 80, 100, 99]
138 : [138, 133, 134, 976, 9]
138 : [138, 134, 133, 9, 127]
138 : [394, 138, 395, 133, 0]
139 : [139, 141, 140, 143, 142]
139 : [139, 143, 142, 141, 140]
139 : [139, 140, 141, 143, 142]
140 : [140, 142, 141, 20, 139]
140 : [140, 142, 139, 141, 137]
140 : [140, 142, 141, 139, 20]
141 : [141, 142, 140, 135, 133]
141 : [141, 142, 133, 143, 135]
141 : [141, 142, 133, 135, 143]
142 : [142, 141, 136, 97, 133]
142 : [142, 141, 140, 139, 133]
142 : [142, 140, 141, 139, 133]
143 : [143, 128, 136, 141, 127]
143 : [143, 141, 128, 137, 136]
143 : [143, 139, 141, 128, 138]
144 : [144, 128, 146, 129, 133]
144 : [144, 128, 127, 134, 133]
144 : [144, 100, 146, 977, 99]
144 : [144, 143, 146, 129, 128]
145 : [145, 81, 21, 146, 976]
145 : [145, 103, 150, 360, 148]
145 : [145, 97, 103, 99, 56]
146 : [146, 137, 136, 98, 97]
146 : [146, 23, 21, 128, 134]
146 : [146, 134, 93, 99, 138]
147 : [147, 148, 833, 2, 460]
147 : [814, 977, 871, 484, 147]
147 : [147, 148, 34, 149, 389]
148 : [148, 147, 2, 4, 150]
148 : [148, 2, 147, 4, 3]
148 : [148, 147, 2, 562, 842]
149 : [149, 147, 977, 148, 801]
149 : [658, 114, 955, 126, 149]
149 : [149, 103, 394, 390, 150]
150 : [150, 360, 337, 103, 148]
150 : [150, 103, 149, 148, 390]
150 : [150, 148, 360, 147, 103]
151 : [253, 158, 151, 186, 173]
151 : [151, 158, 195, 237, 224]
151 : [151, 158, 224, 268, 537]
152 : [152, 154, 155, 156, 195]
152 : [228, 229, 226, 200, 204]
152 : [155, 229, 204, 153, 200]
152 : [152, 154, 157, 156, 155]
153 : [153, 194, 204, 155, 200]
153 : [203, 153, 265, 194, 190]
153 : [194, 153, 266, 265, 203]
154 : [254, 154, 155, 224, 156]
154 : [154, 152, 260, 155, 254]
154 : [155, 262, 154, 204, 452]
155 : [153, 155, 204, 154, 152]
155 : [155, 200, 153, 204, 194]
155 : [155, 262, 252, 187, 204]
156 : [156, 215, 218, 219, 217]
156 : [156, 216, 840, 219, 220]
156 : [156, 219, 217, 218, 215]
157 : [157, 264, 152, 158, 259]
157 : [157, 158, 224, 259, 232]
157 : [157, 232, 231, 264, 230]
158 : [171, 172, 253, 237, 151]
158 : [195, 245, 180, 179, 151]
158 : [237, 158, 151, 224, 253]
159 : [159, 168, 184, 236, 242]
159 : [159, 209, 211, 168, 246]
159 : [159, 168, 184, 211, 171]
160 : [160, 226, 221, 197, 177]
160 : [160, 176, 169, 177, 230]
160 : [160, 226, 197, 228, 183]
160 : [160, 226, 200, 204, 229]
161 : [181, 158, 267, 265, 161]
161 : [241, 162, 215, 238, 161]
161 : [161, 163, 178, 166, 165]
162 : [161, 166, 162, 167, 164]
162 : [166, 167, 162, 253, 180]
162 : [162, 151, 180, 253, 158]
163 : [236, 161, 235, 168, 165]
163 : [161, 165, 163, 166, 162]
163 : [163, 161, 165, 168, 167]
164 : [167, 240, 238, 241, 162]
164 : [164, 165, 161, 241, 224]
164 : [210, 164, 165, 241, 208]
165 : [165, 166, 236, 168, 163]
165 : [165, 163, 208, 164, 224]
165 : [215, 239, 241, 238, 214]
166 : [161, 167, 166, 162, 217]
166 : [162, 166, 161, 167, 210]
166 : [166, 167, 240, 241, 238]
167 : [240, 166, 167, 238, 218]
167 : [167, 161, 247, 162, 240]
167 : [162, 167, 166, 161, 241]
168 : [236, 224, 164, 172, 237]
168 : [168, 159, 211, 209, 167]
168 : [159, 184, 168, 209, 180]
168 : [168, 211, 159, 237, 158]
169 : [169, 176, 160, 173, 224]
169 : [169, 160, 181, 222, 177]
169 : [169, 176, 173, 160, 212]
170 : [170, 177, 169, 537, 233]
170 : [170, 177, 181, 184, 169]
170 : [214, 177, 170, 676, 205]
171 : [172, 171, 180, 173, 253]
171 : [171, 268, 180, 253, 172]
171 : [253, 263, 151, 268, 158]
172 : [173, 172, 180, 171, 246]
172 : [224, 232, 169, 151, 262]
172 : [172, 173, 167, 176, 171]
173 : [188, 190, 181, 203, 184]
173 : [253, 173, 268, 172, 158]
173 : [537, 173, 273, 978, 253]
174 : [174, 249, 261, 170, 222]
174 : [273, 537, 174, 253, 248]
174 : [235, 174, 225, 261, 223]
175 : [170, 177, 175, 224, 213]
175 : [228, 200, 226, 216, 199]
175 : [170, 202, 175, 194, 188]
176 : [172, 176, 236, 240, 224]
176 : [169, 212, 214, 217, 218]
176 : [172, 159, 246, 184, 176]
176 : [169, 176, 173, 167, 181]
177 : [177, 170, 184, 169, 160]
177 : [170, 177, 233, 197, 221]
177 : [184, 177, 160, 224, 170]
178 : [284, 281, 283, 738, 452]
178 : [178, 210, 164, 211, 165]
178 : [178, 168, 211, 180, 222]
179 : [658, 676, 182, 237, 242]
179 : [179, 180, 537, 224, 210]
179 : [179, 234, 180, 241, 208]
180 : [180, 178, 179, 208, 211]
180 : [179, 180, 253, 172, 268]
180 : [237, 162, 168, 159, 224]
181 : [181, 267, 266, 265, 189]
181 : [181, 190, 267, 266, 229]
181 : [181, 267, 266, 265, 233]
182 : [182, 262, 188, 189, 186]
182 : [182, 189, 224, 184, 262]
182 : [182, 189, 188, 181, 196]
183 : [197, 233, 198, 181, 196]
183 : [233, 224, 537, 207, 200]
183 : [183, 181, 233, 267, 202]
184 : [175, 194, 170, 177, 229]
184 : [184, 189, 191, 193, 192]
184 : [182, 233, 202, 189, 191]
184 : [676, 264, 911, 680, 840]
185 : [203, 233, 202, 189, 194]
185 : [185, 192, 194, 193, 186]
185 : [193, 194, 185, 262, 189]
186 : [186, 193, 192, 185, 182]
186 : [186, 203, 192, 201, 193]
186 : [192, 186, 203, 193, 189]
187 : [201, 537, 186, 203, 194]
187 : [153, 204, 203, 155, 194]
187 : [187, 193, 201, 192, 185]
188 : [188, 189, 191, 233, 202]
188 : [188, 191, 189, 202, 198]
188 : [790, 516, 188, 431, 222]
189 : [196, 191, 188, 198, 202]
189 : [196, 188, 198, 202, 233]
189 : [189, 188, 198, 202, 181]
190 : [202, 233, 190, 183, 196]
190 : [190, 198, 202, 188, 196]
190 : [190, 203, 194, 202, 181]
191 : [233, 191, 170, 189, 183]
191 : [191, 189, 188, 184, 202]
191 : [191, 202, 189, 233, 188]
192 : [192, 182, 158, 186, 193]
192 : [186, 192, 193, 185, 201]
192 : [192, 186, 201, 185, 193]
192 : [203, 186, 193, 192, 189]
193 : [186, 193, 201, 187, 185]
193 : [203, 186, 194, 192, 201]
193 : [196, 188, 200, 198, 199]
194 : [194, 190, 200, 233, 189]
194 : [186, 185, 189, 202, 203]
194 : [198, 194, 196, 175, 177]
195 : [195, 245, 179, 262, 180]
195 : [195, 245, 180, 179, 242]
195 : [195, 245, 179, 180, 262]
196 : [196, 198, 197, 199, 188]
196 : [198, 196, 197, 189, 188]
196 : [198, 196, 202, 233, 191]
197 : [198, 197, 196, 199, 233]
197 : [191, 197, 170, 198, 184]
197 : [197, 226, 202, 233, 228]
198 : [198, 196, 197, 199, 188]
198 : [196, 198, 199, 188, 233]
198 : [198, 196, 197, 199, 188]
count (test images): 622
Mean per class acc: 63.69%
Mean inference time: 1602.40 sec
Top 1 acc: 63.67%
Top 3 acc: 83.12%
Top 5 acc: 87.46%
