0 : [390, 394, 65, 4, 389]
0 : [391, 394, 389, 0, 758]
0 : [0, 975, 394, 472, 456]
0 : [0, 395, 394, 389, 392]
1 : [1, 899, 438, 971, 712]
1 : [1, 0, 395, 392, 393]
1 : [1, 389, 395, 391, 392]
2 : [4, 3, 149, 2, 51]
2 : [2, 3, 4, 149, 394]
2 : [2, 3, 4, 389, 394]
3 : [3, 4, 2, 394, 147]
3 : [3, 4, 2, 149, 394]
3 : [3, 2, 4, 394, 147]
4 : [389, 394, 149, 3, 2]
4 : [4, 2, 3, 389, 394]
4 : [390, 115, 110, 29, 111]
5 : [6, 394, 5, 149, 977]
5 : [5, 6, 394, 116, 395]
5 : [5, 973, 109, 115, 991]
6 : [6, 5, 107, 395, 390]
6 : [3, 4, 801, 2, 6]
6 : [5, 6, 115, 110, 329]
7 : [8, 7, 80, 91, 93]
7 : [7, 8, 91, 274, 242]
7 : [502, 630, 514, 8, 7]
8 : [8, 7, 80, 996, 86]
8 : [8, 7, 86, 82, 91]
8 : [8, 7, 86, 80, 85]
8 : [8, 7, 83, 86, 80]
9 : [9, 138, 134, 135, 133]
9 : [676, 917, 836, 837, 971]
9 : [9, 138, 100, 134, 135]
10 : [448, 749, 542, 18, 572]
10 : [15, 12, 11, 10, 13]
10 : [10, 13, 11, 17, 15]
11 : [11, 14, 92, 325, 16]
11 : [11, 16, 92, 14, 90]
11 : [11, 92, 90, 16, 14]
12 : [12, 14, 13, 16, 15]
12 : [12, 10, 14, 13, 16]
12 : [12, 91, 14, 17, 10]
13 : [13, 14, 12, 15, 16]
13 : [13, 14, 16, 15, 12]
13 : [14, 13, 17, 11, 16]
14 : [14, 11, 16, 448, 12]
14 : [14, 494, 448, 572, 11]
14 : [14, 16, 12, 17, 91]
15 : [15, 16, 95, 91, 18]
15 : [15, 14, 95, 17, 91]
15 : [15, 16, 20, 95, 14]
16 : [16, 95, 91, 17, 92]
16 : [16, 95, 17, 91, 18]
16 : [16, 95, 91, 17, 14]
16 : [91, 95, 16, 17, 14]
17 : [17, 18, 16, 95, 11]
17 : [17, 16, 11, 95, 18]
17 : [17, 18, 448, 11, 16]
18 : [18, 134, 17, 91, 16]
18 : [18, 80, 143, 134, 17]
18 : [18, 17, 16, 91, 80]
19 : [19, 17, 16, 95, 91]
19 : [19, 13, 16, 10, 17]
19 : [19, 17, 16, 11, 94]
20 : [58, 20, 360, 35, 36]
20 : [20, 15, 16, 18, 95]
20 : [20, 542, 952, 224, 136]
21 : [21, 23, 87, 128, 134]
21 : [22, 21, 134, 23, 133]
21 : [21, 23, 22, 134, 138]
22 : [22, 21, 23, 733, 91]
22 : [22, 21, 23, 134, 146]
22 : [22, 23, 21, 93, 134]
23 : [23, 128, 80, 93, 91]
23 : [23, 128, 127, 134, 93]
23 : [23, 22, 21, 128, 134]
24 : [24, 83, 82, 21, 85]
24 : [24, 82, 21, 86, 85]
24 : [24, 21, 83, 82, 85]
24 : [24, 82, 21, 83, 912]
25 : [25, 28, 32, 53, 31]
25 : [25, 28, 45, 38, 27]
25 : [25, 45, 28, 27, 44]
26 : [28, 27, 390, 26, 25]
26 : [25, 45, 28, 56, 38]
26 : [26, 27, 28, 38, 110]
27 : [26, 27, 25, 38, 28]
27 : [27, 26, 60, 38, 42]
27 : [26, 27, 110, 28, 25]
28 : [28, 25, 27, 26, 53]
28 : [390, 45, 114, 111, 25]
28 : [28, 25, 27, 26, 390]
29 : [29, 390, 27, 26, 397]
29 : [29, 397, 5, 395, 115]
29 : [29, 115, 108, 107, 110]
30 : [30, 32, 31, 35, 26]
30 : [337, 131, 360, 136, 975]
30 : [30, 32, 31, 28, 49]
31 : [31, 32, 40, 46, 30]
31 : [32, 30, 31, 26, 40]
31 : [31, 32, 30, 28, 26]
32 : [114, 27, 111, 26, 42]
32 : [32, 26, 31, 30, 114]
32 : [32, 30, 114, 27, 327]
32 : [32, 28, 25, 26, 31]
33 : [33, 34, 36, 35, 37]
33 : [33, 34, 36, 35, 37]
33 : [33, 34, 35, 36, 6]
34 : [34, 35, 36, 6, 33]
34 : [34, 33, 147, 48, 36]
34 : [34, 978, 977, 460, 33]
35 : [35, 36, 37, 34, 306]
35 : [35, 36, 37, 33, 34]
35 : [35, 36, 37, 34, 33]
36 : [37, 35, 36, 33, 34]
36 : [37, 34, 35, 36, 904]
36 : [35, 36, 37, 45, 103]
37 : [37, 36, 35, 33, 34]
37 : [37, 36, 35, 33, 34]
37 : [37, 35, 36, 33, 34]
38 : [38, 28, 27, 26, 25]
38 : [43, 38, 42, 66, 41]
38 : [43, 41, 66, 46, 44]
39 : [39, 46, 47, 43, 44]
39 : [39, 47, 31, 32, 44]
39 : [39, 48, 43, 41, 47]
40 : [40, 46, 41, 31, 44]
40 : [40, 46, 32, 26, 55]
40 : [46, 40, 39, 47, 27]
40 : [40, 46, 41, 26, 42]
41 : [41, 42, 46, 40, 27]
41 : [59, 58, 57, 32, 43]
41 : [41, 38, 46, 44, 27]
42 : [41, 42, 43, 46, 40]
42 : [28, 27, 43, 44, 38]
42 : [43, 41, 42, 44, 46]
43 : [42, 41, 43, 46, 40]
43 : [43, 316, 318, 66, 157]
43 : [43, 42, 39, 41, 44]
44 : [61, 54, 52, 63, 53]
44 : [44, 41, 46, 43, 68]
44 : [68, 52, 57, 60, 63]
45 : [45, 41, 42, 56, 44]
45 : [45, 987, 102, 994, 42]
45 : [45, 27, 38, 44, 66]
46 : [40, 46, 47, 26, 64]
46 : [46, 40, 55, 47, 64]
46 : [44, 42, 46, 41, 60]
47 : [47, 95, 64, 40, 63]
47 : [47, 43, 48, 42, 41]
47 : [47, 40, 46, 42, 43]
48 : [48, 43, 47, 39, 49]
48 : [48, 43, 42, 47, 39]
48 : [48, 62, 43, 45, 42]
48 : [48, 39, 42, 41, 50]
49 : [50, 30, 103, 36, 35]
49 : [142, 133, 137, 141, 337]
49 : [58, 50, 103, 49, 26]
50 : [50, 49, 58, 44, 337]
50 : [50, 49, 44, 48, 394]
50 : [50, 49, 394, 58, 103]
51 : [51, 69, 117, 48, 45]
51 : [51, 649, 863, 724, 727]
51 : [51, 863, 649, 607, 684]
52 : [53, 58, 60, 56, 54]
52 : [58, 52, 53, 54, 59]
52 : [59, 53, 58, 52, 65]
53 : [52, 57, 65, 54, 59]
53 : [65, 53, 395, 52, 390]
53 : [57, 60, 52, 54, 59]
54 : [67, 68, 58, 60, 54]
54 : [54, 57, 68, 52, 67]
54 : [52, 54, 59, 58, 68]
55 : [55, 59, 57, 53, 54]
55 : [55, 64, 60, 59, 54]
55 : [59, 60, 53, 55, 54]
56 : [56, 58, 59, 52, 53]
56 : [56, 65, 59, 58, 52]
56 : [54, 56, 59, 52, 53]
56 : [60, 59, 61, 57, 52]
57 : [57, 59, 52, 54, 68]
57 : [57, 59, 54, 53, 58]
57 : [57, 59, 58, 54, 60]
58 : [58, 65, 62, 63, 68]
58 : [107, 58, 6, 65, 974]
58 : [58, 27, 52, 59, 67]
59 : [55, 57, 64, 59, 60]
59 : [55, 64, 59, 40, 317]
59 : [55, 64, 59, 65, 60]
60 : [61, 62, 65, 63, 60]
60 : [59, 62, 52, 54, 60]
60 : [54, 60, 63, 58, 57]
61 : [62, 61, 65, 60, 64]
61 : [59, 62, 67, 60, 58]
61 : [62, 61, 58, 59, 63]
62 : [68, 67, 59, 54, 62]
62 : [62, 61, 63, 67, 60]
62 : [60, 57, 59, 52, 63]
63 : [60, 53, 58, 62, 54]
63 : [60, 492, 827, 478, 461]
63 : [53, 63, 58, 57, 60]
64 : [64, 55, 59, 46, 40]
64 : [55, 64, 46, 997, 53]
64 : [64, 55, 54, 59, 57]
64 : [59, 58, 54, 57, 60]
65 : [983, 65, 801, 973, 390]
65 : [65, 5, 329, 110, 390]
65 : [65, 58, 56, 52, 59]
66 : [67, 68, 66, 54, 61]
66 : [68, 67, 66, 54, 60]
66 : [66, 38, 44, 60, 32]
67 : [67, 60, 68, 54, 63]
67 : [68, 67, 60, 54, 61]
67 : [68, 67, 52, 54, 59]
68 : [68, 54, 60, 52, 65]
68 : [67, 62, 63, 68, 61]
68 : [68, 67, 54, 62, 60]
69 : [69, 112, 649, 954, 643]
69 : [69, 451, 126, 114, 714]
69 : [993, 992, 322, 990, 996]
70 : [70, 73, 313, 72, 75]
70 : [70, 79, 313, 315, 124]
70 : [70, 313, 75, 310, 73]
71 : [71, 79, 124, 120, 315]
71 : [79, 71, 124, 27, 313]
71 : [712, 923, 674, 470, 960]
72 : [72, 73, 74, 815, 77]
72 : [72, 73, 74, 815, 77]
72 : [72, 74, 815, 73, 77]
72 : [72, 74, 73, 77, 75]
73 : [73, 72, 74, 77, 75]
73 : [815, 73, 72, 723, 74]
73 : [77, 73, 72, 74, 70]
74 : [72, 74, 73, 815, 77]
74 : [72, 74, 73, 77, 76]
74 : [304, 317, 126, 301, 114]
75 : [75, 70, 73, 77, 74]
75 : [73, 70, 77, 313, 310]
75 : [75, 73, 74, 72, 301]
76 : [76, 73, 75, 79, 77]
76 : [76, 77, 71, 73, 312]
76 : [76, 73, 74, 72, 77]
77 : [77, 73, 71, 312, 76]
77 : [79, 76, 78, 307, 75]
77 : [73, 77, 74, 76, 72]
78 : [78, 302, 307, 314, 304]
78 : [123, 75, 122, 303, 119]
78 : [78, 304, 73, 302, 307]
79 : [79, 313, 123, 111, 124]
79 : [79, 126, 71, 329, 110]
79 : [79, 45, 52, 329, 69]
80 : [80, 8, 7, 81, 83]
80 : [80, 8, 83, 7, 86]
80 : [80, 8, 86, 81, 83]
80 : [80, 7, 93, 8, 84]
81 : [83, 81, 86, 85, 82]
81 : [81, 86, 80, 83, 138]
81 : [8, 81, 85, 86, 83]
82 : [82, 83, 85, 86, 138]
82 : [82, 85, 83, 81, 86]
82 : [82, 83, 85, 86, 81]
83 : [83, 138, 142, 141, 133]
83 : [83, 138, 80, 21, 86]
83 : [82, 83, 331, 330, 141]
84 : [84, 138, 80, 134, 85]
84 : [84, 86, 80, 8, 134]
84 : [84, 552, 944, 328, 749]
85 : [85, 86, 82, 83, 81]
85 : [85, 86, 81, 83, 133]
85 : [86, 85, 17, 138, 134]
86 : [85, 86, 83, 81, 82]
86 : [86, 85, 81, 83, 80]
86 : [86, 85, 97, 8, 80]
87 : [87, 88, 89, 21, 90]
87 : [87, 88, 23, 80, 8]
87 : [87, 89, 88, 90, 21]
88 : [88, 90, 21, 87, 89]
88 : [88, 90, 87, 89, 96]
88 : [88, 90, 87, 89, 92]
88 : [87, 90, 84, 88, 11]
89 : [89, 88, 87, 134, 90]
89 : [89, 16, 87, 572, 835]
89 : [89, 448, 425, 87, 134]
90 : [90, 91, 92, 21, 87]
90 : [90, 87, 94, 21, 92]
90 : [90, 87, 89, 88, 91]
91 : [91, 16, 18, 95, 14]
91 : [91, 16, 18, 92, 17]
91 : [91, 80, 18, 16, 17]
92 : [92, 95, 16, 94, 91]
92 : [92, 95, 16, 91, 21]
92 : [92, 91, 95, 16, 749]
93 : [93, 18, 134, 80, 21]
93 : [93, 96, 375, 369, 144]
93 : [93, 96, 144, 134, 89]
94 : [94, 92, 95, 20, 140]
94 : [94, 95, 92, 17, 20]
94 : [94, 95, 92, 16, 14]
95 : [95, 92, 91, 16, 17]
95 : [95, 94, 16, 92, 14]
95 : [92, 95, 16, 94, 91]
96 : [96, 93, 18, 91, 21]
96 : [96, 93, 91, 16, 90]
96 : [96, 93, 90, 18, 375]
96 : [96, 93, 91, 92, 16]
97 : [97, 136, 99, 137, 138]
97 : [97, 98, 136, 137, 99]
97 : [97, 99, 136, 137, 100]
98 : [98, 133, 138, 136, 143]
98 : [98, 136, 137, 143, 97]
98 : [98, 133, 143, 138, 136]
99 : [99, 97, 143, 136, 146]
99 : [99, 146, 97, 100, 138]
99 : [134, 127, 99, 129, 138]
100 : [100, 99, 128, 134, 137]
100 : [100, 99, 97, 136, 138]
100 : [137, 100, 97, 99, 136]
101 : [386, 101, 385, 343, 51]
101 : [385, 386, 101, 775, 733]
101 : [385, 386, 101, 916, 775]
102 : [102, 334, 337, 298, 363]
102 : [102, 334, 363, 298, 337]
102 : [102, 334, 363, 103, 60]
103 : [103, 150, 363, 337, 114]
103 : [103, 971, 148, 438, 664]
103 : [103, 5, 390, 29, 27]
104 : [104, 384, 335, 273, 298]
104 : [104, 273, 376, 298, 106]
104 : [104, 63, 384, 489, 332]
104 : [104, 371, 298, 363, 373]
105 : [105, 384, 383, 382, 380]
105 : [105, 104, 383, 373, 106]
105 : [382, 381, 384, 368, 335]
106 : [106, 332, 298, 958, 336]
106 : [106, 337, 298, 341, 338]
106 : [106, 298, 357, 102, 104]
107 : [975, 913, 978, 460, 437]
107 : [712, 971, 908, 538, 556]
107 : [107, 991, 974, 108, 818]
108 : [108, 973, 109, 991, 115]
108 : [107, 328, 108, 110, 991]
108 : [108, 329, 973, 110, 393]
109 : [109, 329, 328, 973, 397]
109 : [6, 107, 109, 149, 801]
109 : [109, 149, 116, 392, 6]
110 : [110, 114, 111, 26, 53]
110 : [5, 115, 110, 329, 991]
110 : [115, 110, 5, 108, 329]
111 : [676, 816, 111, 777, 596]
111 : [111, 712, 971, 107, 977]
111 : [111, 712, 107, 971, 395]
112 : [112, 327, 115, 6, 117]
112 : [58, 6, 119, 390, 33]
112 : [112, 998, 329, 987, 994]
112 : [899, 925, 112, 883, 725]
113 : [113, 114, 112, 117, 115]
113 : [113, 114, 115, 994, 992]
113 : [111, 110, 114, 29, 327]
114 : [114, 111, 110, 115, 329]
114 : [114, 110, 327, 115, 994]
114 : [114, 53, 25, 26, 110]
115 : [115, 329, 110, 111, 108]
115 : [115, 108, 5, 110, 329]
115 : [110, 115, 329, 5, 108]
116 : [65, 58, 79, 56, 328]
116 : [116, 69, 110, 390, 329]
116 : [116, 990, 677, 960, 542]
117 : [677, 506, 596, 783, 723]
117 : [117, 109, 112, 116, 69]
117 : [117, 116, 125, 115, 107]
118 : [118, 121, 119, 122, 120]
118 : [118, 121, 119, 122, 120]
118 : [118, 122, 124, 121, 120]
119 : [119, 120, 124, 71, 125]
119 : [119, 120, 71, 114, 390]
119 : [120, 119, 125, 124, 118]
120 : [119, 118, 121, 120, 123]
120 : [119, 120, 125, 118, 121]
120 : [125, 120, 119, 124, 307]
120 : [119, 123, 124, 122, 125]
121 : [121, 118, 122, 119, 124]
121 : [118, 121, 122, 120, 119]
121 : [121, 119, 118, 125, 122]
122 : [122, 124, 118, 121, 123]
122 : [122, 124, 119, 123, 118]
122 : [122, 124, 123, 71, 119]
123 : [122, 124, 123, 119, 71]
123 : [123, 122, 124, 119, 125]
123 : [115, 108, 110, 5, 392]
124 : [124, 121, 122, 118, 766]
124 : [123, 124, 122, 79, 71]
124 : [987, 118, 203, 186, 840]
125 : [113, 125, 117, 126, 116]
125 : [114, 111, 116, 110, 125]
125 : [5, 125, 327, 114, 119]
126 : [112, 110, 116, 329, 998]
126 : [304, 684, 300, 69, 125]
126 : [126, 125, 69, 124, 116]
127 : [128, 127, 134, 131, 129]
127 : [134, 127, 128, 129, 135]
127 : [127, 134, 128, 129, 138]
128 : [127, 128, 134, 130, 131]
128 : [128, 134, 143, 127, 98]
128 : [128, 127, 134, 129, 138]
128 : [128, 134, 138, 127, 133]
129 : [129, 127, 134, 128, 131]
129 : [129, 130, 127, 134, 128]
129 : [129, 127, 134, 130, 128]
130 : [130, 129, 89, 127, 146]
130 : [130, 134, 782, 789, 129]
130 : [130, 127, 134, 129, 128]
131 : [131, 136, 137, 129, 142]
131 : [131, 128, 133, 134, 135]
131 : [131, 134, 129, 128, 133]
132 : [132, 127, 131, 134, 129]
132 : [132, 131, 127, 134, 129]
132 : [132, 129, 127, 146, 134]
133 : [133, 131, 132, 134, 91]
133 : [133, 136, 131, 134, 142]
133 : [133, 134, 138, 135, 82]
134 : [134, 129, 128, 130, 127]
134 : [134, 9, 100, 135, 129]
134 : [131, 132, 134, 133, 129]
135 : [135, 128, 133, 142, 134]
135 : [135, 128, 134, 127, 138]
135 : [135, 138, 133, 128, 127]
136 : [86, 96, 137, 134, 80]
136 : [136, 137, 143, 134, 80]
136 : [136, 84, 134, 137, 86]
136 : [136, 137, 80, 134, 128]
137 : [137, 136, 97, 98, 129]
137 : [137, 136, 80, 100, 143]
137 : [137, 136, 80, 99, 100]
138 : [138, 9, 134, 133, 80]
138 : [138, 133, 134, 9, 135]
138 : [138, 146, 133, 81, 103]
139 : [139, 140, 142, 141, 143]
139 : [139, 142, 143, 141, 140]
139 : [139, 140, 141, 143, 142]
140 : [140, 142, 141, 139, 143]
140 : [140, 141, 139, 142, 138]
140 : [140, 141, 142, 139, 20]
141 : [141, 142, 140, 133, 135]
141 : [142, 141, 133, 136, 143]
141 : [141, 142, 133, 143, 135]
142 : [142, 141, 140, 136, 133]
142 : [142, 141, 140, 139, 143]
142 : [142, 141, 140, 139, 133]
143 : [143, 128, 141, 146, 127]
143 : [143, 141, 136, 142, 137]
143 : [143, 139, 141, 128, 142]
144 : [144, 128, 133, 129, 134]
144 : [144, 127, 128, 134, 93]
144 : [100, 144, 146, 871, 99]
144 : [146, 144, 143, 98, 100]
145 : [145, 391, 81, 146, 389]
145 : [145, 150, 103, 137, 80]
145 : [145, 99, 97, 98, 103]
146 : [146, 98, 136, 137, 97]
146 : [146, 21, 128, 23, 143]
146 : [146, 127, 134, 130, 129]
147 : [147, 34, 2, 148, 460]
147 : [814, 977, 871, 484, 472]
147 : [147, 148, 150, 2, 34]
148 : [148, 2, 147, 4, 3]
148 : [148, 2, 147, 3, 4]
148 : [148, 147, 2, 149, 150]
149 : [149, 4, 147, 801, 977]
149 : [114, 103, 126, 954, 955]
149 : [149, 150, 6, 390, 5]
150 : [150, 360, 337, 103, 148]
150 : [150, 149, 6, 390, 103]
150 : [150, 103, 148, 693, 149]
151 : [151, 253, 158, 225, 186]
151 : [151, 158, 237, 195, 268]
151 : [151, 268, 224, 158, 537]
152 : [152, 154, 155, 156, 568]
152 : [204, 229, 155, 200, 194]
152 : [155, 204, 153, 200, 262]
152 : [152, 157, 154, 156, 155]
153 : [153, 155, 204, 194, 203]
153 : [203, 265, 204, 194, 153]
153 : [153, 265, 266, 194, 155]
154 : [154, 155, 254, 262, 156]
154 : [154, 152, 155, 260, 254]
154 : [154, 155, 262, 157, 369]
155 : [153, 155, 204, 154, 262]
155 : [200, 155, 265, 202, 233]
155 : [155, 262, 204, 252, 200]
156 : [156, 215, 218, 217, 212]
156 : [156, 216, 219, 153, 220]
156 : [156, 219, 218, 151, 215]
157 : [157, 259, 151, 264, 231]
157 : [157, 224, 259, 231, 158]
157 : [157, 230, 232, 231, 264]
158 : [151, 237, 171, 172, 158]
158 : [195, 179, 180, 245, 158]
158 : [237, 158, 151, 224, 268]
159 : [159, 168, 209, 211, 184]
159 : [537, 159, 211, 209, 243]
159 : [268, 159, 211, 168, 225]
160 : [160, 226, 221, 214, 205]
160 : [160, 226, 177, 230, 169]
160 : [160, 226, 200, 197, 183]
160 : [160, 226, 228, 200, 229]
161 : [161, 158, 181, 166, 165]
161 : [162, 161, 241, 215, 156]
161 : [161, 163, 166, 165, 246]
162 : [162, 161, 166, 167, 168]
162 : [166, 162, 167, 253, 158]
162 : [162, 158, 151, 172, 253]
163 : [225, 165, 236, 164, 235]
163 : [161, 165, 166, 162, 163]
163 : [163, 161, 165, 168, 167]
164 : [167, 241, 240, 238, 166]
164 : [164, 165, 166, 210, 161]
164 : [164, 210, 165, 241, 238]
165 : [165, 166, 236, 168, 164]
165 : [163, 164, 165, 241, 247]
165 : [239, 215, 241, 164, 217]
166 : [161, 167, 166, 162, 218]
166 : [162, 166, 161, 251, 210]
166 : [166, 241, 167, 238, 162]
167 : [167, 166, 240, 212, 238]
167 : [167, 247, 218, 162, 161]
167 : [162, 167, 215, 241, 166]
168 : [236, 237, 224, 225, 209]
168 : [168, 159, 167, 209, 211]
168 : [159, 209, 184, 182, 208]
168 : [168, 211, 237, 236, 159]
169 : [169, 176, 232, 173, 172]
169 : [169, 160, 222, 212, 177]
169 : [169, 176, 160, 177, 212]
170 : [170, 177, 537, 169, 233]
170 : [170, 177, 184, 198, 191]
170 : [170, 177, 214, 226, 175]
171 : [171, 173, 172, 268, 180]
171 : [171, 268, 172, 181, 178]
171 : [151, 253, 237, 158, 268]
172 : [172, 173, 180, 171, 246]
172 : [224, 232, 176, 169, 537]
172 : [172, 173, 167, 166, 176]
173 : [188, 199, 193, 196, 203]
173 : [253, 173, 172, 158, 171]
173 : [537, 173, 273, 978, 167]
174 : [174, 249, 261, 170, 233]
174 : [273, 248, 249, 250, 279]
174 : [174, 235, 261, 225, 223]
175 : [170, 177, 212, 184, 224]
175 : [216, 229, 228, 200, 199]
175 : [202, 175, 226, 194, 198]
176 : [205, 176, 236, 172, 238]
176 : [212, 169, 160, 214, 176]
176 : [172, 159, 176, 184, 168]
176 : [176, 169, 212, 218, 167]
177 : [177, 170, 184, 176, 169]
177 : [177, 170, 191, 183, 184]
177 : [177, 170, 184, 181, 233]
178 : [284, 281, 283, 216, 221]
178 : [178, 210, 211, 164, 246]
178 : [178, 211, 168, 180, 209]
179 : [658, 676, 464, 542, 519]
179 : [180, 179, 223, 268, 208]
179 : [179, 180, 234, 242, 208]
180 : [180, 179, 208, 210, 178]
180 : [180, 179, 268, 172, 253]
180 : [162, 237, 161, 159, 537]
181 : [267, 181, 233, 266, 189]
181 : [181, 189, 190, 267, 266]
181 : [181, 267, 266, 228, 233]
182 : [182, 262, 189, 188, 202]
182 : [182, 185, 184, 186, 189]
182 : [182, 188, 189, 196, 186]
183 : [181, 191, 198, 189, 183]
183 : [233, 537, 224, 221, 206]
183 : [183, 181, 267, 233, 191]
184 : [537, 170, 194, 191, 177]
184 : [184, 191, 189, 193, 182]
184 : [182, 233, 191, 189, 202]
184 : [264, 537, 209, 208, 151]
185 : [203, 233, 202, 199, 193]
185 : [185, 186, 192, 193, 194]
185 : [193, 185, 182, 194, 186]
186 : [186, 193, 192, 224, 182]
186 : [203, 186, 192, 193, 201]
186 : [192, 193, 186, 203, 201]
187 : [537, 201, 193, 186, 185]
187 : [153, 204, 155, 200, 203]
187 : [187, 201, 193, 192, 252]
188 : [188, 189, 191, 202, 196]
188 : [189, 191, 188, 202, 198]
188 : [790, 190, 516, 188, 431]
189 : [188, 191, 196, 193, 199]
189 : [196, 188, 202, 198, 189]
189 : [189, 188, 198, 190, 202]
190 : [202, 183, 198, 190, 233]
190 : [190, 198, 188, 196, 202]
190 : [190, 203, 194, 202, 188]
191 : [191, 233, 183, 224, 189]
191 : [191, 189, 188, 184, 202]
191 : [191, 189, 170, 184, 202]
192 : [182, 192, 158, 186, 193]
192 : [186, 192, 193, 185, 182]
192 : [192, 202, 186, 185, 201]
192 : [203, 193, 186, 192, 153]
193 : [186, 193, 192, 201, 185]
193 : [194, 186, 203, 201, 193]
193 : [200, 266, 194, 188, 196]
194 : [194, 190, 200, 204, 233]
194 : [186, 203, 185, 189, 190]
194 : [199, 194, 198, 196, 193]
195 : [195, 245, 179, 180, 262]
195 : [195, 179, 180, 245, 242]
195 : [195, 245, 179, 151, 262]
196 : [198, 196, 197, 199, 188]
196 : [198, 196, 197, 183, 191]
196 : [198, 196, 202, 191, 188]
197 : [197, 198, 199, 233, 196]
197 : [191, 197, 170, 198, 183]
197 : [226, 233, 202, 197, 229]
198 : [198, 196, 199, 197, 188]
198 : [196, 198, 199, 191, 188]
198 : [196, 198, 199, 197, 188]
199 : [203, 194, 201, 193, 192]
199 : [199, 196, 198, 189, 188]
count (test images): 624
Mean per class acc: 65.79%
Mean inference time: 1262.55 sec
Top 1 acc: 65.87%
Top 3 acc: 83.33%
Top 5 acc: 88.30%
