0 : [390, 394, 4, 65, 389]
0 : [391, 0, 758, 394, 389]
0 : [0, 975, 394, 472, 408]
0 : [0, 395, 394, 389, 1]
1 : [1, 899, 971, 438, 712]
1 : [1, 0, 395, 392, 389]
1 : [1, 389, 395, 391, 392]
2 : [4, 3, 2, 149, 51]
2 : [2, 3, 4, 149, 147]
2 : [2, 3, 4, 389, 394]
3 : [3, 4, 2, 394, 147]
3 : [4, 2, 3, 149, 394]
3 : [3, 2, 4, 394, 147]
4 : [389, 149, 394, 3, 977]
4 : [4, 2, 3, 394, 389]
4 : [390, 110, 29, 394, 115]
5 : [6, 5, 394, 149, 150]
5 : [5, 6, 394, 116, 395]
5 : [5, 109, 973, 115, 329]
6 : [6, 5, 107, 149, 390]
6 : [3, 4, 693, 6, 2]
6 : [5, 6, 115, 110, 329]
7 : [8, 91, 7, 80, 93]
7 : [7, 274, 63, 8, 242]
7 : [502, 514, 630, 8, 7]
8 : [8, 7, 80, 996, 86]
8 : [8, 7, 86, 82, 91]
8 : [8, 7, 86, 85, 80]
8 : [8, 7, 83, 86, 80]
9 : [9, 138, 134, 135, 133]
9 : [676, 488, 917, 316, 664]
9 : [9, 138, 100, 134, 135]
10 : [448, 749, 18, 542, 572]
10 : [15, 12, 11, 10, 14]
10 : [10, 11, 13, 15, 19]
11 : [11, 14, 92, 16, 86]
11 : [11, 16, 92, 14, 90]
11 : [11, 92, 90, 16, 14]
12 : [12, 14, 13, 15, 16]
12 : [12, 10, 14, 13, 11]
12 : [12, 91, 14, 17, 10]
13 : [13, 14, 12, 15, 10]
13 : [13, 14, 16, 15, 12]
13 : [14, 13, 16, 11, 17]
14 : [14, 11, 16, 448, 13]
14 : [14, 494, 448, 12, 11]
14 : [14, 16, 12, 17, 91]
15 : [15, 16, 95, 91, 17]
15 : [15, 14, 95, 17, 91]
15 : [15, 16, 20, 95, 14]
16 : [95, 16, 91, 17, 92]
16 : [16, 95, 91, 17, 18]
16 : [16, 95, 91, 14, 17]
16 : [91, 16, 95, 14, 18]
17 : [17, 18, 16, 19, 95]
17 : [17, 16, 11, 95, 18]
17 : [17, 18, 448, 11, 16]
18 : [18, 134, 17, 91, 16]
18 : [18, 80, 134, 143, 17]
18 : [18, 17, 16, 91, 15]
19 : [19, 17, 16, 91, 11]
19 : [19, 13, 16, 10, 17]
19 : [19, 17, 16, 95, 94]
20 : [20, 360, 58, 391, 35]
20 : [20, 15, 18, 16, 95]
20 : [20, 542, 952, 224, 950]
21 : [21, 23, 80, 87, 128]
21 : [22, 21, 23, 134, 133]
21 : [21, 23, 22, 134, 80]
22 : [22, 21, 23, 91, 733]
22 : [22, 21, 23, 134, 127]
22 : [22, 23, 21, 93, 134]
23 : [23, 128, 80, 93, 21]
23 : [23, 128, 134, 127, 80]
23 : [23, 22, 21, 134, 128]
24 : [24, 82, 83, 501, 86]
24 : [24, 82, 21, 85, 86]
24 : [24, 83, 82, 21, 85]
24 : [24, 82, 21, 83, 912]
25 : [25, 53, 28, 32, 31]
25 : [25, 28, 45, 38, 27]
25 : [25, 45, 28, 27, 44]
26 : [28, 27, 390, 26, 25]
26 : [25, 45, 28, 56, 38]
26 : [26, 27, 28, 38, 110]
27 : [26, 27, 25, 38, 28]
27 : [27, 26, 60, 38, 42]
27 : [26, 27, 110, 28, 25]
28 : [28, 25, 26, 27, 53]
28 : [390, 45, 114, 111, 47]
28 : [25, 28, 27, 26, 390]
29 : [29, 27, 390, 26, 397]
29 : [29, 397, 5, 115, 395]
29 : [29, 115, 108, 991, 107]
30 : [30, 32, 31, 35, 26]
30 : [337, 136, 131, 975, 360]
30 : [30, 32, 31, 28, 49]
31 : [31, 32, 40, 46, 30]
31 : [32, 30, 31, 26, 27]
31 : [31, 30, 32, 28, 27]
32 : [114, 111, 27, 42, 26]
32 : [32, 26, 31, 30, 114]
32 : [32, 30, 29, 114, 27]
32 : [32, 26, 25, 28, 31]
33 : [33, 34, 36, 35, 37]
33 : [33, 34, 36, 35, 37]
33 : [33, 34, 35, 36, 6]
34 : [34, 36, 35, 6, 147]
34 : [34, 33, 147, 48, 36]
34 : [34, 978, 977, 33, 460]
35 : [35, 36, 37, 306, 997]
35 : [35, 36, 37, 33, 34]
35 : [35, 37, 36, 34, 33]
36 : [37, 35, 36, 33, 34]
36 : [34, 37, 35, 36, 33]
36 : [35, 36, 37, 45, 103]
37 : [37, 36, 35, 33, 34]
37 : [37, 35, 36, 33, 34]
37 : [37, 35, 36, 33, 34]
38 : [38, 28, 27, 26, 111]
38 : [43, 38, 42, 66, 41]
38 : [43, 41, 46, 66, 47]
39 : [46, 39, 47, 43, 44]
39 : [39, 47, 31, 44, 32]
39 : [39, 48, 43, 41, 47]
40 : [40, 46, 41, 31, 59]
40 : [40, 46, 32, 55, 59]
40 : [46, 40, 39, 47, 27]
40 : [40, 46, 26, 41, 42]
41 : [41, 42, 46, 44, 40]
41 : [59, 57, 58, 32, 44]
41 : [41, 38, 46, 44, 27]
42 : [41, 42, 43, 46, 40]
42 : [28, 43, 27, 44, 42]
42 : [43, 44, 41, 42, 46]
43 : [43, 42, 47, 46, 41]
43 : [43, 157, 316, 66, 45]
43 : [43, 41, 42, 39, 44]
44 : [61, 54, 52, 63, 53]
44 : [44, 41, 46, 43, 42]
44 : [52, 68, 60, 63, 57]
45 : [45, 42, 41, 56, 44]
45 : [45, 987, 994, 102, 946]
45 : [45, 38, 27, 44, 66]
46 : [40, 46, 47, 26, 42]
46 : [46, 40, 489, 39, 47]
46 : [44, 46, 42, 41, 60]
47 : [47, 95, 64, 40, 45]
47 : [47, 43, 48, 42, 41]
47 : [47, 40, 46, 42, 43]
48 : [48, 43, 47, 39, 363]
48 : [48, 43, 42, 47, 39]
48 : [48, 62, 43, 45, 39]
48 : [48, 39, 42, 41, 50]
49 : [30, 50, 103, 35, 36]
49 : [142, 133, 141, 134, 137]
49 : [58, 50, 103, 136, 49]
50 : [50, 49, 58, 44, 337]
50 : [50, 49, 44, 48, 394]
50 : [50, 49, 394, 58, 103]
51 : [51, 69, 48, 306, 117]
51 : [51, 649, 863, 724, 727]
51 : [51, 516, 649, 607, 684]
52 : [53, 58, 54, 60, 56]
52 : [58, 52, 54, 53, 60]
52 : [53, 58, 59, 52, 54]
53 : [52, 57, 65, 54, 60]
53 : [65, 53, 52, 390, 395]
53 : [57, 60, 53, 52, 54]
54 : [67, 68, 56, 58, 60]
54 : [54, 57, 68, 52, 67]
54 : [52, 59, 54, 58, 68]
55 : [55, 59, 57, 53, 54]
55 : [55, 64, 60, 59, 54]
55 : [59, 60, 53, 54, 55]
56 : [58, 53, 56, 52, 59]
56 : [56, 65, 59, 52, 58]
56 : [56, 54, 53, 59, 52]
56 : [59, 60, 61, 57, 52]
57 : [57, 59, 52, 54, 68]
57 : [57, 59, 54, 53, 58]
57 : [59, 57, 58, 54, 60]
58 : [58, 62, 65, 68, 59]
58 : [58, 107, 65, 6, 390]
58 : [58, 27, 67, 52, 54]
59 : [55, 64, 57, 59, 60]
59 : [55, 64, 59, 40, 317]
59 : [55, 64, 59, 65, 53]
60 : [61, 62, 65, 63, 60]
60 : [59, 62, 52, 54, 60]
60 : [54, 60, 57, 58, 63]
61 : [62, 61, 65, 68, 58]
61 : [59, 62, 60, 67, 58]
61 : [62, 61, 63, 58, 65]
62 : [68, 67, 59, 62, 52]
62 : [62, 61, 65, 67, 63]
62 : [60, 57, 59, 52, 63]
63 : [58, 60, 54, 53, 62]
63 : [60, 492, 674, 519, 63]
63 : [53, 58, 57, 63, 60]
64 : [64, 55, 59, 46, 40]
64 : [55, 64, 46, 997, 53]
64 : [64, 55, 54, 59, 53]
64 : [59, 58, 54, 57, 64]
65 : [65, 983, 801, 973, 390]
65 : [65, 5, 110, 329, 801]
65 : [65, 58, 52, 56, 59]
66 : [67, 68, 66, 54, 61]
66 : [68, 67, 66, 54, 60]
66 : [66, 38, 44, 60, 32]
67 : [67, 60, 68, 54, 63]
67 : [60, 68, 67, 63, 54]
67 : [67, 68, 54, 52, 59]
68 : [68, 54, 60, 52, 65]
68 : [62, 67, 63, 68, 61]
68 : [68, 67, 54, 60, 62]
69 : [69, 649, 112, 429, 329]
69 : [69, 451, 114, 976, 126]
69 : [993, 524, 990, 992, 883]
70 : [70, 73, 313, 75, 72]
70 : [70, 79, 313, 73, 315]
70 : [70, 313, 75, 73, 310]
71 : [71, 79, 120, 310, 124]
71 : [71, 79, 124, 27, 313]
71 : [712, 923, 542, 470, 868]
72 : [72, 73, 74, 77, 815]
72 : [72, 73, 74, 815, 75]
72 : [72, 74, 815, 73, 77]
72 : [72, 74, 73, 77, 75]
73 : [73, 72, 74, 77, 75]
73 : [815, 73, 72, 74, 723]
73 : [77, 73, 72, 74, 70]
74 : [72, 74, 73, 815, 77]
74 : [72, 74, 73, 77, 76]
74 : [304, 317, 301, 126, 114]
75 : [75, 70, 73, 77, 74]
75 : [73, 313, 70, 310, 315]
75 : [75, 73, 74, 72, 76]
76 : [76, 73, 75, 77, 79]
76 : [76, 77, 73, 42, 71]
76 : [76, 73, 74, 72, 77]
77 : [77, 71, 73, 312, 314]
77 : [78, 79, 76, 307, 75]
77 : [73, 74, 77, 72, 75]
78 : [78, 302, 307, 304, 314]
78 : [75, 123, 122, 119, 303]
78 : [78, 304, 73, 302, 307]
79 : [79, 123, 313, 111, 124]
79 : [79, 71, 126, 110, 329]
79 : [79, 45, 52, 111, 329]
80 : [80, 8, 81, 83, 7]
80 : [80, 8, 7, 83, 86]
80 : [80, 8, 86, 81, 83]
80 : [80, 7, 93, 8, 84]
81 : [83, 81, 85, 86, 331]
81 : [81, 86, 80, 83, 138]
81 : [8, 85, 81, 86, 83]
82 : [82, 83, 85, 86, 133]
82 : [82, 85, 83, 81, 86]
82 : [82, 83, 85, 81, 86]
83 : [83, 138, 142, 133, 141]
83 : [83, 138, 21, 86, 80]
83 : [82, 83, 331, 330, 141]
84 : [84, 138, 134, 86, 85]
84 : [84, 86, 80, 8, 7]
84 : [84, 944, 328, 552, 749]
85 : [85, 86, 82, 83, 81]
85 : [85, 86, 81, 83, 133]
85 : [86, 85, 17, 134, 138]
86 : [85, 86, 83, 81, 82]
86 : [86, 85, 83, 81, 80]
86 : [86, 85, 97, 8, 80]
87 : [87, 88, 21, 89, 90]
87 : [87, 23, 88, 80, 21]
87 : [87, 89, 88, 90, 21]
88 : [88, 90, 21, 96, 89]
88 : [88, 90, 87, 89, 96]
88 : [88, 90, 87, 89, 92]
88 : [84, 87, 90, 11, 96]
89 : [89, 88, 87, 21, 134]
89 : [89, 87, 835, 16, 412]
89 : [89, 448, 87, 134, 88]
90 : [90, 92, 21, 91, 87]
90 : [90, 87, 21, 94, 16]
90 : [90, 87, 89, 88, 91]
91 : [91, 16, 18, 95, 14]
91 : [91, 16, 18, 92, 95]
91 : [91, 80, 18, 16, 21]
92 : [92, 95, 16, 91, 94]
92 : [92, 95, 16, 91, 90]
92 : [92, 95, 91, 749, 16]
93 : [93, 18, 134, 21, 91]
93 : [93, 96, 375, 369, 144]
93 : [93, 96, 144, 134, 89]
94 : [94, 92, 95, 20, 140]
94 : [94, 95, 92, 17, 16]
94 : [94, 95, 92, 16, 14]
95 : [95, 92, 91, 16, 17]
95 : [94, 95, 16, 92, 14]
95 : [92, 95, 16, 94, 91]
96 : [96, 93, 18, 91, 21]
96 : [96, 93, 91, 16, 90]
96 : [96, 93, 90, 88, 134]
96 : [96, 93, 92, 91, 90]
97 : [97, 99, 136, 137, 138]
97 : [97, 98, 136, 99, 137]
97 : [97, 136, 99, 137, 100]
98 : [98, 133, 137, 136, 138]
98 : [98, 136, 143, 137, 97]
98 : [98, 143, 133, 20, 138]
99 : [99, 97, 136, 143, 146]
99 : [99, 146, 97, 100, 138]
99 : [134, 127, 99, 138, 129]
100 : [100, 99, 128, 134, 138]
100 : [100, 99, 97, 136, 138]
100 : [100, 137, 97, 99, 136]
101 : [386, 101, 385, 343, 51]
101 : [385, 101, 386, 775, 733]
101 : [385, 386, 101, 775, 916]
102 : [102, 334, 337, 298, 103]
102 : [102, 334, 363, 298, 357]
102 : [102, 334, 363, 361, 60]
103 : [103, 150, 337, 298, 356]
103 : [103, 148, 394, 971, 6]
103 : [103, 5, 390, 329, 27]
104 : [104, 384, 335, 298, 273]
104 : [104, 376, 273, 298, 382]
104 : [104, 63, 384, 489, 410]
104 : [104, 371, 298, 106, 363]
105 : [105, 384, 383, 382, 380]
105 : [105, 104, 383, 373, 368]
105 : [382, 381, 384, 368, 374]
106 : [106, 332, 298, 336, 331]
106 : [106, 337, 298, 336, 341]
106 : [106, 298, 104, 357, 361]
107 : [975, 978, 913, 460, 628]
107 : [712, 971, 908, 538, 107]
107 : [107, 991, 108, 974, 992]
108 : [108, 973, 109, 991, 115]
108 : [107, 328, 108, 110, 991]
108 : [108, 329, 110, 393, 973]
109 : [109, 329, 328, 973, 115]
109 : [6, 107, 109, 149, 801]
109 : [109, 149, 116, 6, 392]
110 : [110, 114, 111, 26, 600]
110 : [5, 115, 110, 329, 116]
110 : [115, 110, 5, 329, 108]
111 : [676, 816, 777, 845, 111]
111 : [111, 712, 971, 107, 445]
111 : [111, 712, 107, 395, 390]
112 : [112, 6, 327, 117, 5]
112 : [6, 58, 119, 390, 327]
112 : [112, 329, 998, 978, 987]
112 : [112, 899, 925, 883, 725]
113 : [113, 114, 112, 117, 115]
113 : [113, 114, 115, 994, 111]
113 : [111, 110, 29, 114, 327]
114 : [114, 111, 110, 115, 329]
114 : [114, 327, 110, 115, 994]
114 : [114, 110, 25, 53, 26]
115 : [115, 329, 110, 111, 327]
115 : [115, 108, 5, 110, 329]
115 : [110, 115, 5, 329, 327]
116 : [58, 65, 56, 79, 62]
116 : [116, 69, 110, 390, 329]
116 : [990, 75, 960, 116, 677]
117 : [677, 783, 992, 117, 995]
117 : [117, 109, 112, 116, 69]
117 : [117, 125, 116, 115, 123]
118 : [118, 121, 119, 122, 120]
118 : [118, 121, 119, 122, 120]
118 : [118, 122, 124, 120, 121]
119 : [119, 120, 124, 125, 71]
119 : [119, 120, 71, 114, 390]
119 : [120, 119, 125, 124, 118]
120 : [119, 118, 121, 120, 123]
120 : [119, 120, 118, 125, 121]
120 : [125, 120, 119, 124, 307]
120 : [119, 123, 121, 124, 122]
121 : [121, 118, 122, 119, 124]
121 : [118, 121, 122, 120, 119]
121 : [121, 119, 118, 125, 120]
122 : [122, 118, 121, 124, 123]
122 : [122, 124, 119, 123, 125]
122 : [122, 124, 123, 119, 71]
123 : [122, 124, 123, 119, 71]
123 : [123, 122, 124, 119, 125]
123 : [115, 110, 108, 392, 5]
124 : [124, 121, 122, 118, 766]
124 : [123, 122, 124, 79, 71]
124 : [203, 186, 29, 987, 185]
125 : [113, 125, 117, 126, 112]
125 : [114, 111, 116, 125, 126]
125 : [116, 122, 327, 125, 990]
126 : [112, 110, 116, 329, 998]
126 : [304, 684, 300, 125, 69]
126 : [126, 125, 69, 116, 124]
127 : [128, 127, 131, 129, 134]
127 : [127, 134, 128, 129, 135]
127 : [127, 134, 128, 129, 138]
128 : [127, 128, 134, 130, 131]
128 : [128, 134, 143, 127, 98]
128 : [128, 127, 134, 129, 138]
128 : [128, 134, 127, 138, 133]
129 : [129, 127, 134, 128, 131]
129 : [129, 130, 127, 134, 128]
129 : [129, 127, 134, 130, 128]
130 : [130, 129, 127, 89, 146]
130 : [130, 134, 782, 129, 789]
130 : [130, 127, 134, 129, 128]
131 : [131, 136, 137, 129, 142]
131 : [131, 133, 128, 135, 134]
131 : [131, 134, 128, 133, 129]
132 : [132, 131, 127, 134, 129]
132 : [132, 131, 127, 134, 129]
132 : [132, 129, 127, 146, 134]
133 : [133, 131, 987, 98, 134]
133 : [133, 131, 136, 134, 142]
133 : [133, 134, 138, 82, 135]
134 : [134, 128, 129, 130, 100]
134 : [134, 9, 135, 100, 129]
134 : [131, 132, 134, 133, 129]
135 : [135, 128, 133, 142, 134]
135 : [135, 128, 134, 127, 133]
135 : [138, 135, 133, 128, 127]
136 : [86, 96, 137, 134, 80]
136 : [136, 137, 143, 8, 80]
136 : [136, 84, 134, 137, 133]
136 : [136, 137, 134, 80, 128]
137 : [137, 136, 97, 98, 99]
137 : [137, 136, 143, 100, 80]
137 : [137, 136, 80, 100, 99]
138 : [138, 9, 134, 133, 80]
138 : [138, 133, 134, 9, 146]
138 : [138, 146, 81, 103, 116]
139 : [139, 140, 142, 141, 143]
139 : [139, 142, 140, 141, 143]
139 : [139, 140, 141, 143, 142]
140 : [140, 142, 141, 139, 143]
140 : [140, 141, 139, 142, 138]
140 : [140, 142, 141, 139, 20]
141 : [141, 142, 140, 135, 133]
141 : [141, 142, 136, 133, 143]
141 : [141, 142, 133, 143, 135]
142 : [142, 141, 136, 140, 133]
142 : [142, 141, 140, 139, 143]
142 : [142, 141, 140, 139, 143]
143 : [143, 128, 141, 146, 136]
143 : [143, 141, 136, 137, 142]
143 : [143, 139, 141, 128, 142]
144 : [144, 133, 128, 129, 134]
144 : [144, 127, 134, 128, 129]
144 : [100, 144, 146, 977, 460]
144 : [146, 144, 143, 98, 100]
145 : [145, 81, 391, 146, 976]
145 : [145, 150, 103, 148, 20]
145 : [145, 99, 97, 98, 136]
146 : [146, 98, 136, 137, 97]
146 : [146, 21, 128, 23, 143]
146 : [146, 134, 130, 127, 93]
147 : [147, 148, 2, 34, 150]
147 : [814, 484, 871, 977, 147]
147 : [147, 148, 150, 34, 2]
148 : [148, 2, 147, 4, 3]
148 : [148, 2, 147, 3, 4]
148 : [148, 147, 2, 150, 149]
149 : [149, 801, 147, 445, 4]
149 : [114, 954, 126, 103, 658]
149 : [149, 150, 6, 390, 394]
150 : [150, 360, 337, 103, 148]
150 : [150, 149, 390, 6, 103]
150 : [150, 103, 148, 100, 2]
151 : [253, 158, 151, 237, 192]
151 : [151, 158, 237, 195, 268]
151 : [151, 224, 268, 158, 537]
152 : [152, 154, 155, 156, 157]
152 : [229, 204, 155, 194, 200]
152 : [155, 204, 153, 200, 262]
152 : [152, 154, 157, 156, 155]
153 : [153, 155, 204, 194, 203]
153 : [203, 265, 153, 204, 202]
153 : [153, 265, 266, 155, 194]
154 : [154, 155, 254, 262, 156]
154 : [154, 152, 260, 155, 254]
154 : [154, 369, 155, 157, 262]
155 : [153, 155, 204, 154, 216]
155 : [200, 155, 265, 229, 233]
155 : [155, 262, 252, 204, 200]
156 : [156, 215, 218, 212, 216]
156 : [156, 216, 219, 153, 220]
156 : [156, 219, 218, 215, 217]
157 : [157, 259, 151, 264, 230]
157 : [157, 259, 224, 230, 231]
157 : [157, 230, 232, 231, 152]
158 : [151, 171, 237, 172, 158]
158 : [195, 245, 179, 180, 158]
158 : [237, 158, 151, 224, 253]
159 : [159, 209, 168, 211, 184]
159 : [537, 211, 159, 209, 243]
159 : [268, 159, 211, 168, 171]
160 : [160, 226, 221, 214, 183]
160 : [160, 226, 230, 231, 177]
160 : [160, 226, 197, 183, 200]
160 : [160, 226, 200, 228, 229]
161 : [161, 158, 181, 166, 168]
161 : [162, 161, 241, 215, 156]
161 : [161, 163, 166, 165, 246]
162 : [161, 162, 166, 168, 167]
162 : [166, 162, 167, 158, 253]
162 : [162, 151, 158, 172, 253]
163 : [165, 225, 164, 235, 236]
163 : [161, 165, 166, 162, 163]
163 : [163, 161, 165, 168, 167]
164 : [167, 241, 240, 238, 166]
164 : [164, 165, 166, 210, 161]
164 : [164, 210, 165, 241, 246]
165 : [165, 166, 236, 168, 246]
165 : [163, 165, 164, 247, 241]
165 : [239, 215, 241, 164, 214]
166 : [161, 167, 166, 162, 218]
166 : [162, 166, 161, 251, 210]
166 : [166, 241, 167, 238, 240]
167 : [167, 240, 166, 212, 173]
167 : [167, 247, 218, 162, 161]
167 : [162, 167, 215, 241, 166]
168 : [236, 237, 224, 209, 210]
168 : [168, 159, 167, 209, 166]
168 : [159, 209, 208, 184, 168]
168 : [168, 211, 237, 171, 236]
169 : [169, 176, 232, 212, 173]
169 : [169, 160, 212, 222, 206]
169 : [169, 176, 160, 177, 212]
170 : [170, 177, 537, 233, 197]
170 : [170, 177, 198, 189, 184]
170 : [170, 177, 214, 205, 175]
171 : [171, 173, 172, 180, 268]
171 : [171, 172, 268, 181, 178]
171 : [151, 253, 237, 158, 268]
172 : [172, 173, 171, 180, 246]
172 : [224, 232, 176, 169, 537]
172 : [172, 173, 167, 176, 166]
173 : [188, 193, 199, 203, 196]
173 : [253, 173, 171, 172, 158]
173 : [537, 173, 273, 167, 978]
174 : [174, 249, 261, 170, 233]
174 : [273, 248, 249, 250, 174]
174 : [174, 235, 261, 225, 223]
175 : [170, 177, 224, 233, 205]
175 : [229, 216, 228, 200, 226]
175 : [202, 175, 226, 170, 198]
176 : [176, 205, 172, 169, 236]
176 : [212, 169, 160, 214, 217]
176 : [172, 159, 176, 168, 184]
176 : [176, 169, 212, 218, 207]
177 : [177, 170, 169, 184, 176]
177 : [177, 170, 233, 221, 191]
177 : [177, 170, 184, 191, 233]
178 : [284, 281, 283, 216, 738]
178 : [178, 210, 211, 165, 164]
178 : [178, 211, 168, 180, 209]
179 : [676, 658, 464, 916, 542]
179 : [180, 179, 223, 208, 537]
179 : [179, 180, 234, 242, 208]
180 : [180, 179, 208, 210, 243]
180 : [180, 179, 172, 268, 253]
180 : [162, 237, 161, 537, 241]
181 : [267, 181, 266, 189, 233]
181 : [181, 189, 266, 222, 190]
181 : [181, 267, 266, 228, 265]
182 : [182, 262, 188, 189, 202]
182 : [182, 184, 186, 189, 193]
182 : [182, 188, 196, 189, 186]
183 : [181, 191, 198, 189, 183]
183 : [233, 537, 224, 221, 206]
183 : [183, 181, 267, 233, 191]
184 : [537, 170, 175, 194, 177]
184 : [184, 191, 193, 182, 189]
184 : [182, 233, 191, 189, 202]
184 : [264, 537, 172, 151, 631]
185 : [203, 233, 202, 199, 193]
185 : [185, 186, 192, 193, 194]
185 : [193, 185, 182, 194, 199]
186 : [192, 193, 186, 203, 224]
186 : [203, 186, 192, 193, 201]
186 : [192, 186, 203, 193, 187]
187 : [537, 201, 193, 186, 187]
187 : [153, 204, 155, 203, 200]
187 : [187, 201, 193, 192, 252]
188 : [188, 191, 189, 202, 198]
188 : [189, 188, 191, 202, 198]
188 : [790, 516, 431, 190, 188]
189 : [188, 191, 196, 193, 199]
189 : [202, 188, 196, 198, 189]
189 : [189, 188, 198, 190, 202]
190 : [202, 183, 198, 233, 190]
190 : [190, 198, 202, 188, 197]
190 : [190, 203, 194, 202, 196]
191 : [233, 191, 183, 224, 189]
191 : [191, 189, 188, 184, 202]
191 : [191, 189, 170, 184, 233]
192 : [182, 192, 186, 158, 185]
192 : [186, 192, 193, 182, 185]
192 : [192, 201, 186, 203, 185]
192 : [203, 193, 192, 186, 153]
193 : [186, 193, 192, 201, 185]
193 : [203, 194, 186, 193, 201]
193 : [200, 155, 192, 194, 266]
194 : [194, 190, 200, 204, 233]
194 : [186, 185, 203, 189, 194]
194 : [199, 196, 194, 198, 193]
195 : [195, 245, 179, 180, 262]
195 : [195, 245, 180, 179, 242]
195 : [195, 245, 179, 151, 180]
196 : [196, 198, 199, 197, 188]
196 : [198, 196, 197, 183, 189]
196 : [196, 198, 202, 191, 188]
197 : [197, 198, 199, 233, 196]
197 : [197, 191, 170, 198, 184]
197 : [226, 233, 202, 197, 229]
198 : [198, 196, 199, 197, 188]
198 : [196, 198, 199, 188, 191]
198 : [196, 198, 199, 197, 188]
199 : [203, 194, 201, 192, 199]
199 : [199, 189, 198, 196, 191]
199 : [199, 198, 196, 197, 192]
200 : [200, 226, 229, 183, 233]
200 : [155, 204, 187, 252, 201]
200 : [226, 175, 201, 193, 202]
200 : [229, 228, 233, 222, 226]
201 : [201, 187, 194, 200, 226]
201 : [201, 187, 153, 194, 204]
201 : [188, 199, 192, 187, 201]
202 : [191, 202, 196, 233, 267]
202 : [202, 191, 229, 189, 233]
202 : [202, 188, 203, 191, 189]
203 : [203, 192, 186, 188, 199]
203 : [153, 203, 186, 192, 158]
203 : [203, 194, 193, 199, 196]
204 : [155, 204, 200, 226, 262]
204 : [204, 200, 226, 155, 201]
204 : [155, 204, 194, 200, 265]
205 : [205, 214, 206, 224, 213]
205 : [224, 214, 205, 160, 176]
205 : [205, 214, 206, 224, 208]
206 : [206, 221, 205, 267, 222]
206 : [221, 206, 181, 267, 213]
206 : [221, 206, 189, 183, 267]
207 : [186, 222, 219, 175, 207]
207 : [207, 232, 257, 224, 212]
207 : [260, 180, 235, 208, 254]
208 : [208, 210, 209, 178, 206]
208 : [208, 207, 209, 222, 206]
208 : [208, 240, 224, 238, 234]
208 : [208, 232, 205, 224, 241]
209 : [224, 256, 205, 206, 221]
209 : [208, 206, 209, 205, 224]
209 : [209, 208, 206, 205, 178]
210 : [210, 164, 166, 168, 215]
210 : [210, 164, 166, 246, 165]
210 : [210, 246, 166, 251, 171]
211 : [268, 237, 236, 211, 158]
211 : [168, 159, 211, 236, 165]
211 : [168, 211, 159, 165, 178]
212 : [212, 537, 169, 222, 216]
212 : [212, 170, 206, 175, 217]
212 : [217, 218, 212, 240, 169]
213 : [168, 184, 209, 206, 222]
213 : [184, 213, 218, 222, 689]
213 : [205, 213, 207, 218, 214]
214 : [214, 213, 160, 205, 219]
214 : [214, 219, 220, 239, 205]
214 : [205, 214, 206, 213, 224]
215 : [219, 215, 218, 220, 208]
215 : [218, 217, 213, 215, 231]
215 : [216, 217, 156, 219, 218]
216 : [217, 218, 212, 216, 215]
216 : [216, 212, 218, 219, 215]
216 : [216, 206, 207, 208, 205]
216 : [216, 217, 212, 219, 247]
217 : [217, 218, 212, 219, 215]
217 : [217, 216, 219, 218, 212]
217 : [217, 218, 215, 212, 205]
218 : [218, 217, 212, 215, 166]
218 : [218, 212, 217, 215, 166]
218 : [218, 217, 212, 219, 216]
219 : [219, 212, 216, 218, 161]
219 : [207, 215, 218, 219, 216]
219 : [219, 216, 156, 220, 207]
220 : [220, 219, 205, 206, 214]
220 : [220, 219, 216, 175, 218]
220 : [220, 982, 160, 216, 834]
221 : [221, 206, 267, 266, 256]
221 : [221, 206, 267, 228, 222]
221 : [221, 267, 206, 266, 233]
222 : [258, 257, 223, 222, 232]
222 : [222, 257, 212, 169, 258]
222 : [222, 257, 206, 240, 207]
223 : [223, 259, 192, 262, 186]
223 : [223, 224, 259, 174, 261]
223 : [721, 259, 223, 258, 516]
224 : [223, 260, 182, 359, 492]
224 : [232, 223, 231, 230, 224]
224 : [177, 219, 175, 169, 170]
224 : [206, 205, 208, 223, 221]
225 : [225, 235, 537, 224, 167]
225 : [235, 174, 225, 224, 223]
225 : [235, 225, 224, 537, 207]
226 : [198, 190, 184, 170, 191]
226 : [175, 199, 226, 197, 170]
226 : [220, 205, 214, 206, 213]
227 : [174, 227, 225, 537, 273]
227 : [151, 158, 253, 237, 193]
227 : [224, 165, 241, 232, 238]
228 : [228, 229, 233, 226, 183]
228 : [228, 229, 233, 226, 190]
228 : [228, 177, 233, 256, 348]
229 : [229, 194, 204, 200, 155]
229 : [229, 233, 228, 202, 200]
229 : [233, 229, 258, 256, 203]
230 : [264, 186, 259, 263, 231]
230 : [230, 231, 232, 264, 263]
230 : [230, 231, 264, 232, 263]
231 : [230, 231, 261, 232, 537]
231 : [230, 231, 232, 537, 249]
231 : [231, 230, 232, 264, 257]
232 : [232, 231, 217, 257, 207]
232 : [232, 231, 264, 224, 235]
232 : [911, 232, 519, 224, 958]
232 : [232, 231, 239, 224, 157]
233 : [233, 184, 199, 170, 197]
233 : [233, 197, 183, 198, 199]
233 : [233, 266, 267, 265, 203]
234 : [234, 208, 239, 241, 238]
234 : [234, 224, 227, 225, 241]
234 : [234, 237, 195, 223, 224]
235 : [235, 225, 537, 174, 224]
235 : [235, 227, 224, 169, 225]
235 : [235, 225, 224, 174, 273]
236 : [236, 237, 165, 166, 159]
236 : [236, 237, 234, 165, 224]
236 : [166, 236, 165, 237, 168]
237 : [253, 151, 237, 172, 158]
237 : [268, 171, 158, 172, 237]
237 : [237, 158, 268, 236, 224]
238 : [238, 234, 241, 239, 208]
238 : [238, 241, 166, 537, 239]
238 : [241, 238, 240, 166, 236]
239 : [239, 238, 240, 241, 232]
239 : [239, 247, 217, 256, 238]
239 : [257, 239, 222, 207, 258]
240 : [238, 240, 241, 208, 247]
240 : [239, 256, 238, 241, 247]
240 : [165, 224, 167, 166, 240]
240 : [239, 241, 238, 232, 234]
241 : [250, 166, 248, 238, 253]
241 : [238, 241, 240, 215, 234]
241 : [238, 241, 240, 234, 208]
242 : [242, 243, 262, 180, 247]
242 : [254, 245, 195, 243, 242]
242 : [242, 180, 179, 243, 247]
243 : [243, 242, 180, 179, 159]
243 : [243, 242, 180, 179, 245]
243 : [208, 247, 167, 243, 159]
244 : [255, 244, 239, 256, 260]
244 : [260, 208, 244, 249, 207]
244 : [244, 239, 207, 225, 255]
245 : [719, 865, 767, 643, 607]
245 : [245, 195, 179, 254, 262]
245 : [195, 245, 254, 179, 180]
246 : [246, 251, 164, 210, 212]
246 : [224, 246, 210, 159, 240]
246 : [164, 210, 246, 225, 227]
247 : [247, 257, 255, 244, 222]
247 : [247, 257, 260, 216, 244]
247 : [247, 222, 216, 156, 217]
248 : [250, 248, 249, 174, 270]
248 : [250, 248, 537, 249, 174]
248 : [250, 248, 249, 174, 264]
248 : [537, 250, 248, 249, 174]
249 : [249, 248, 250, 174, 232]
249 : [249, 248, 250, 258, 261]
249 : [249, 248, 250, 269, 231]
250 : [250, 248, 249, 264, 224]
250 : [249, 248, 250, 169, 174]
250 : [468, 250, 174, 223, 224]
251 : [251, 215, 167, 212, 172]
251 : [251, 212, 246, 172, 240]
251 : [251, 246, 212, 240, 180]
252 : [252, 262, 192, 224, 193]
252 : [262, 252, 155, 187, 192]
252 : [252, 192, 262, 155, 204]
253 : [253, 173, 162, 537, 167]
253 : [253, 173, 167, 263, 225]
253 : [253, 162, 264, 167, 227]
254 : [254, 245, 182, 234, 237]
254 : [254, 179, 243, 182, 180]
254 : [254, 245, 154, 260, 262]
255 : [255, 257, 207, 235, 222]
255 : [255, 244, 174, 235, 239]
255 : [255, 235, 244, 174, 205]
256 : [256, 239, 205, 255, 206]
256 : [222, 233, 207, 244, 175]
256 : [256, 244, 255, 205, 239]
256 : [244, 256, 205, 255, 220]
257 : [257, 537, 232, 169, 231]
257 : [257, 232, 222, 231, 207]
257 : [257, 222, 232, 207, 169]
258 : [258, 222, 260, 257, 249]
258 : [258, 222, 260, 257, 249]
258 : [258, 249, 257, 261, 260]
259 : [259, 154, 868, 258, 261]
259 : [151, 157, 259, 223, 193]
259 : [259, 263, 223, 157, 158]
260 : [219, 156, 162, 260, 175]
260 : [258, 260, 261, 271, 249]
260 : [258, 260, 259, 261, 257]
261 : [261, 174, 259, 223, 230]
261 : [261, 154, 259, 230, 152]
261 : [261, 259, 223, 260, 249]
262 : [262, 151, 182, 158, 186]
262 : [262, 252, 201, 193, 182]
262 : [158, 151, 262, 154, 182]
263 : [537, 263, 253, 273, 230]
263 : [263, 264, 240, 151, 231]
263 : [264, 263, 253, 537, 151]
264 : [264, 263, 537, 232, 250]
264 : [224, 263, 264, 215, 231]
264 : [264, 263, 232, 151, 231]
264 : [264, 180, 208, 232, 212]
265 : [265, 266, 181, 202, 233]
265 : [181, 194, 229, 188, 203]
265 : [266, 265, 267, 221, 181]
266 : [266, 265, 181, 267, 222]
266 : [265, 266, 194, 200, 202]
266 : [267, 181, 266, 222, 265]
267 : [267, 181, 169, 160, 221]
267 : [267, 266, 265, 233, 229]
267 : [267, 183, 266, 221, 181]
268 : [168, 268, 246, 225, 209]
268 : [268, 171, 253, 158, 237]
268 : [268, 171, 237, 225, 172]
269 : [269, 270, 537, 249, 271]
269 : [269, 270, 271, 272, 249]
269 : [269, 270, 271, 249, 273]
270 : [270, 269, 279, 273, 271]
270 : [270, 269, 258, 279, 249]
270 : [270, 279, 269, 271, 273]
271 : [271, 224, 274, 275, 273]
271 : [272, 269, 271, 270, 273]
271 : [278, 280, 274, 270, 279]
272 : [274, 271, 273, 272, 227]
272 : [272, 271, 270, 269, 277]
272 : [269, 270, 271, 272, 249]
272 : [272, 273, 270, 271, 269]
273 : [273, 274, 227, 224, 223]
273 : [273, 274, 271, 167, 253]
273 : [273, 274, 271, 249, 269]
274 : [274, 275, 277, 271, 279]
274 : [274, 273, 271, 279, 272]
274 : [273, 279, 271, 272, 274]
275 : [275, 276, 274, 343, 273]
275 : [275, 276, 273, 176, 169]
275 : [275, 276, 271, 227, 273]
276 : [275, 276, 850, 273, 676]
276 : [346, 351, 345, 349, 343]
276 : [276, 275, 384, 274, 271]
277 : [277, 278, 280, 279, 271]
277 : [278, 280, 272, 271, 279]
277 : [277, 274, 280, 278, 271]
278 : [279, 278, 280, 277, 298]
278 : [278, 280, 277, 272, 273]
278 : [277, 278, 280, 272, 271]
279 : [279, 258, 261, 537, 274]
279 : [279, 270, 278, 280, 277]
279 : [279, 258, 261, 249, 280]
280 : [104, 274, 272, 356, 331]
280 : [279, 277, 280, 271, 278]
280 : [280, 278, 272, 279, 277]
280 : [280, 278, 277, 279, 272]
281 : [283, 519, 281, 452, 478]
281 : [281, 284, 283, 285, 282]
281 : [281, 284, 283, 282, 285]
282 : [292, 282, 300, 3, 290]
282 : [292, 282, 300, 281, 291]
282 : [292, 282, 290, 288, 3]
283 : [283, 284, 281, 285, 282]
283 : [283, 568, 284, 281, 911]
283 : [283, 281, 284, 282, 285]
284 : [284, 285, 281, 283, 282]
284 : [284, 281, 285, 282, 283]
284 : [284, 281, 283, 282, 285]
285 : [283, 284, 676, 452, 281]
285 : [284, 281, 285, 282, 286]
285 : [281, 285, 284, 283, 282]
286 : [286, 291, 287, 274, 292]
286 : [286, 287, 289, 274, 290]
286 : [286, 290, 287, 291, 293]
287 : [287, 281, 285, 282, 284]
287 : [286, 287, 284, 298, 336]
287 : [287, 289, 279, 272, 286]
288 : [288, 290, 289, 293, 291]
288 : [289, 288, 287, 293, 276]
288 : [288, 290, 289, 293, 676]
288 : [288, 290, 289, 293, 287]
289 : [289, 287, 288, 286, 290]
289 : [289, 288, 290, 287, 286]
289 : [289, 288, 290, 287, 285]
290 : [288, 290, 289, 676, 282]
290 : [290, 288, 289, 293, 287]
290 : [290, 288, 289, 285, 676]
291 : [291, 271, 289, 288, 287]
291 : [291, 676, 958, 290, 288]
291 : [291, 286, 290, 288, 101]
292 : [292, 282, 300, 3, 290]
292 : [292, 282, 300, 3, 693]
292 : [292, 3, 300, 282, 290]
293 : [293, 288, 290, 289, 287]
293 : [293, 288, 289, 290, 287]
293 : [293, 287, 289, 286, 676]
294 : [294, 295, 297, 296, 387]
294 : [294, 296, 295, 297, 337]
294 : [294, 295, 297, 296, 337]
295 : [297, 244, 260, 295, 384]
295 : [295, 294, 297, 296, 388]
295 : [295, 294, 297, 296, 337]
296 : [296, 279, 270, 249, 258]
296 : [296, 294, 537, 222, 388]
296 : [296, 279, 294, 295, 350]
296 : [296, 295, 294, 297, 279]
297 : [297, 369, 364, 375, 9]
297 : [297, 295, 294, 334, 375]
297 : [297, 295, 361, 384, 294]
298 : [298, 357, 358, 356, 299]
298 : [298, 357, 358, 337, 334]
298 : [298, 356, 299, 358, 91]
299 : [299, 298, 336, 356, 359]
299 : [299, 298, 359, 356, 358]
299 : [299, 359, 371, 298, 356]
300 : [318, 303, 126, 79, 111]
300 : [300, 303, 304, 307, 313]
300 : [307, 300, 79, 308, 71]
301 : [301, 304, 305, 306, 302]
301 : [301, 310, 304, 309, 317]
301 : [301, 304, 305, 75, 816]
302 : [302, 312, 300, 304, 314]
302 : [300, 303, 307, 302, 315]
302 : [314, 126, 302, 300, 78]
303 : [304, 301, 303, 300, 302]
303 : [303, 71, 311, 313, 307]
303 : [316, 303, 300, 311, 126]
304 : [616, 824, 775, 452, 816]
304 : [301, 304, 316, 303, 312]
304 : [304, 300, 302, 307, 305]
304 : [301, 304, 306, 305, 302]
305 : [305, 304, 302, 300, 306]
305 : [305, 302, 304, 301, 306]
305 : [997, 947, 992, 114, 996]
306 : [306, 305, 304, 302, 78]
306 : [306, 302, 305, 304, 303]
306 : [302, 305, 306, 304, 78]
307 : [302, 310, 307, 304, 303]
307 : [302, 78, 307, 304, 301]
307 : [304, 307, 302, 78, 301]
308 : [316, 309, 308, 304, 317]
308 : [308, 317, 312, 316, 300]
308 : [308, 316, 319, 309, 320]
309 : [946, 309, 324, 325, 985]
309 : [309, 410, 92, 324, 325]
309 : [309, 599, 816, 985, 506]
310 : [309, 410, 308, 316, 599]
310 : [944, 993, 989, 985, 988]
310 : [310, 309, 75, 305, 312]
311 : [26, 307, 114, 120, 311]
311 : [313, 311, 315, 312, 304]
311 : [311, 315, 312, 307, 317]
312 : [312, 314, 308, 311, 302]
312 : [312, 79, 311, 313, 315]
312 : [311, 316, 307, 317, 312]
312 : [302, 306, 305, 75, 300]
313 : [313, 989, 952, 315, 990]
313 : [311, 123, 313, 300, 122]
313 : [315, 310, 814, 472, 484]
314 : [314, 631, 585, 311, 648]
314 : [79, 313, 314, 73, 111]
314 : [751, 542, 610, 440, 441]
315 : [946, 943, 315, 72, 945]
315 : [315, 311, 313, 312, 71]
315 : [315, 313, 311, 312, 300]
316 : [316, 300, 311, 317, 312]
316 : [316, 126, 317, 304, 116]
316 : [307, 78, 316, 304, 312]
317 : [317, 318, 312, 126, 111]
317 : [317, 316, 312, 304, 311]
317 : [317, 312, 307, 311, 304]
318 : [318, 326, 317, 313, 315]
318 : [318, 317, 326, 313, 304]
318 : [312, 317, 79, 300, 302]
319 : [319, 320, 318, 313, 326]
319 : [320, 319, 318, 326, 313]
319 : [319, 320, 316, 72, 312]
count (test images): 1000
Mean per class acc: 65.13%
Mean inference time: 1154.79 sec
Top 1 acc: 64.90%
Top 3 acc: 84.10%
Top 5 acc: 90.10%
