49: [72, 67, 93, 27, 4] : 118.75550675392151
92: [92, 83, 53, 62, 61] : 61.43406963348389
41: [41, 6, 67, 18, 95] : 116.59577465057373
75: [54, 99, 70, 4, 92] : 101.95800399780273
7: [7, 6, 14, 78, 93] : 109.61013913154602
71: [71, 95, 60, 30, 49] : 108.3304283618927
50: [4, 74, 6, 65, 24] : 102.61629891395569
27: [27, 4, 29, 55, 95] : 104.27633738517761
70: [70, 53, 62, 92, 18] : 96.49204587936401
24: [24, 6, 32, 7, 30] : 111.84711694717407
36: [36, 50, 65, 64, 4] : 102.67819046974182
32: [57, 72, 7, 32, 67] : 105.4339325428009
45: [29, 78, 44, 27, 7] : 107.3346061706543
80: [80, 4, 55, 34, 74] : 88.63836169242859
12: [12, 76, 60, 17, 20] : 57.46531867980957
23: [23, 76, 49, 60, 56] : 95.75777983665466
58: [58, 85, 89, 69, 13] : 63.19262933731079
96: [96, 52, 47, 59, 60] : 96.26694512367249
42: [42, 43, 4, 29, 55] : 111.56106209754944
86: [78, 83, 27, 1, 30] : 106.45544123649597
37: [17, 37, 60, 52, 59] : 95.66177773475647
45: [45, 29, 26, 52, 59] : 98.76595902442932
37: [37, 17, 53, 57, 12] : 65.64791679382324
90: [27, 29, 18, 7, 44] : 107.06792330741882
69: [69, 17, 85, 31, 23] : 98.14402103424072
40: [40, 84, 20, 38, 24] : 94.29521679878235
27: [27, 29, 78, 93, 73] : 108.33996915817261
18: [24, 67, 7, 57, 18] : 99.39810514450073
55: [29, 4, 27, 34, 38] : 100.0392816066742
54: [70, 92, 62, 83, 54] : 105.12963509559631
37: [37, 17, 22, 40, 86] : 63.0831413269043
36: [65, 38, 4, 77, 99] : 97.4679274559021
35: [35, 98, 11, 73, 46] : 115.35293936729431
37: [37, 17, 60, 52, 7] : 101.3385329246521
27: [27, 97, 72, 29, 44] : 102.51114296913147
73: [73, 30, 27, 72, 91] : 108.22021651268005
65: [65, 4, 27, 55, 44] : 96.78399181365967
91: [91, 1, 73, 32, 67] : 115.23121809959412
64: [64, 80, 4, 29, 44] : 104.58911633491516
17: [17, 60, 37, 14, 27] : 108.46986103057861
41: [41, 89, 53, 6, 18] : 100.85145401954651
19: [19, 43, 97, 15, 38] : 111.69785284996033
83: [83, 0, 84, 9, 5] : 55.546473026275635
37: [37, 47, 5, 17, 52] : 60.62034273147583
65: [38, 34, 80, 65, 4] : 91.26892685890198
97: [97, 29, 27, 4, 30] : 111.72685146331787
95: [95, 30, 72, 71, 73] : 100.23431420326233
48: [48, 41, 8, 89, 58] : 107.2819356918335
54: [54, 70, 14, 6, 18] : 106.62640905380249
86: [86, 94, 87, 9, 37] : 60.643085956573486
86: [86, 87, 16, 39, 9] : 57.454182147979736
6: [6, 82, 70, 14, 53] : 106.61942934989929
85: [85, 41, 27, 7, 93] : 112.97648477554321
53: [53, 57, 0, 83, 18] : 104.08035159111023
9: [9, 10, 84, 61, 0] : 60.0122230052948
20: [20, 25, 84, 5, 60] : 60.573742151260376
99: [78, 99, 18, 53, 44] : 110.81455683708191
8: [8, 48, 53, 57, 27] : 106.36892175674438
14: [14, 7, 18, 67, 54] : 110.5823221206665
23: [62, 67, 14, 91, 32] : 106.63081574440002
74: [80, 4, 27, 55, 29] : 101.59655427932739
82: [82, 14, 54, 44, 6] : 106.71531367301941
15: [15, 29, 27, 72, 4] : 117.5339777469635
30: [30, 95, 72, 55, 4] : 101.51922869682312
71: [71, 95, 30, 67, 27] : 105.97771573066711
28: [28, 57, 92, 70, 83] : 60.0323486328125
81: [81, 90, 37, 47, 13] : 67.7089250087738
26: [70, 62, 82, 6, 92] : 113.0443959236145
96: [0, 60, 53, 52, 57] : 96.43487048149109
76: [76, 60, 7, 6, 29] : 108.90282893180847
21: [21, 31, 29, 78, 27] : 101.91892862319946
0: [0, 57, 28, 51, 16] : 55.736204862594604
2: [2, 29, 78, 93, 27] : 97.27068424224854
46: [46, 67, 78, 14, 0] : 111.29385709762573
15: [15, 38, 4, 55, 1] : 94.05283451080322
43: [43, 4, 29, 72, 55] : 102.97103071212769
19: [29, 97, 19, 72, 67] : 107.47278070449829
88: [88, 43, 42, 34, 4] : 104.28006100654602
88: [97, 42, 88, 80, 34] : 104.92881035804749
39: [39, 27, 78, 93, 44] : 111.95850658416748
28: [28, 16, 0, 53, 57] : 94.64752054214478
17: [17, 49, 60, 14, 95] : 102.97974562644958
4: [4, 55, 30, 44, 95] : 97.23054933547974
42: [4, 55, 78, 44, 27] : 103.01310992240906
53: [53, 57, 10, 61, 28] : 55.67381405830383
47: [70, 29, 82, 14, 6] : 113.17045950889587
43: [43, 4, 3, 42, 97] : 112.54539394378662
81: [86, 87, 94, 84, 39] : 53.122578859329224
8: [8, 7, 41, 89, 6] : 101.71060562133789
47: [7, 60, 53, 6, 14] : 94.02459168434143
19: [19, 38, 15, 3, 4] : 97.23089098930359
62: [62, 70, 6, 82, 14] : 101.70354866981506
70: [70, 62, 92, 18, 54] : 111.89716029167175
87: [87, 20, 86, 22, 28] : 102.93961334228516
92: [82, 83, 14, 70, 53] : 109.99762797355652
55: [30, 29, 95, 55, 73] : 104.90553116798401
62: [62, 92, 82, 70, 6] : 102.97814631462097
17: [17, 29, 27, 67, 44] : 105.51537823677063
58: [58, 69, 29, 7, 44] : 111.88228917121887
64: [80, 64, 50, 74, 4] : 107.43203711509705
60: [60, 49, 62, 27, 14] : 98.46727752685547
13: [27, 29, 78, 14, 7] : 112.71891355514526
65: [65, 50, 97, 4, 29] : 104.81096339225769
24: [24, 7, 6, 18, 14] : 105.46299695968628
12: [78, 27, 29, 44, 14] : 102.94126987457275
10: [10, 53, 28, 84, 51] : 55.64934778213501
10: [10, 61, 28, 0, 53] : 65.85868954658508
83: [53, 30, 32, 83, 18] : 105.44113087654114
27: [44, 18, 78, 7, 30] : 102.93586277961731
73: [73, 91, 1, 30, 67] : 111.22530841827393
51: [4, 53, 93, 27, 55] : 109.95889472961426
17: [17, 60, 77, 65, 37] : 100.38077163696289
20: [25, 20, 5, 87, 37] : 100.3938775062561
86: [85, 39, 87, 90, 17] : 63.32359480857849
70: [70, 14, 62, 18, 92] : 106.77534532546997
49: [49, 60, 53, 5, 25] : 59.484981060028076
56: [56, 59, 82, 27, 44] : 102.96391081809998
43: [43, 42, 3, 97, 4] : 111.939462184906
28: [28, 40, 16, 10, 84] : 53.09926652908325
17: [17, 60, 9, 37, 16] : 60.10656380653381
74: [55, 4, 27, 78, 44] : 101.6994469165802
46: [11, 38, 46, 27, 7] : 107.4092161655426
63: [4, 97, 65, 88, 55] : 94.5982940196991
41: [41, 89, 90, 39, 86] : 65.8692455291748
78: [78, 31, 99, 44, 29] : 108.70208406448364
92: [92, 70, 83, 62, 56] : 60.11041259765625
36: [36, 50, 65, 91, 73] : 104.06510090827942
59: [52, 59, 96, 47, 27] : 108.67339706420898
4: [4, 80, 55, 44, 27] : 96.42710518836975
97: [97, 29, 4, 27, 72] : 100.19718503952026
29: [29, 27, 93, 67, 44] : 111.55103302001953
87: [86, 20, 87, 40, 39] : 60.33033037185669
63: [82, 4, 6, 70, 92] : 102.45062327384949
27: [27, 78, 44, 93, 4] : 102.638756275177
89: [89, 41, 85, 7, 18] : 112.01942420005798
43: [43, 97, 38, 42, 3] : 98.92402458190918
10: [10, 28, 92, 70, 0] : 59.239325523376465
54: [14, 18, 54, 24, 70] : 109.63695001602173
73: [14, 44, 78, 29, 70] : 100.15993165969849
19: [97, 34, 19, 72, 4] : 98.96615242958069
41: [41, 7, 32, 67, 14] : 115.97669315338135
27: [44, 27, 73, 67, 93] : 107.15835189819336
14: [14, 32, 7, 78, 1] : 109.68384790420532
96: [96, 52, 47, 1, 53] : 100.37454032897949
76: [60, 76, 53, 0, 6] : 95.71586489677429
12: [17, 12, 53, 60, 27] : 100.8692877292633
34: [34, 97, 38, 29, 4] : 102.83543920516968
50: [74, 32, 4, 55, 67] : 98.3462324142456
25: [25, 20, 5, 84, 2] : 95.7157256603241
51: [78, 74, 4, 80, 99] : 106.49722337722778
70: [70, 14, 62, 92, 18] : 100.04661250114441
50: [50, 4, 74, 67, 32] : 106.34504532814026
94: [94, 5, 22, 84, 17] : 60.16400647163391
30: [30, 73, 1, 56, 45] : 110.19446969032288
3: [3, 4, 21, 55, 63] : 96.245521068573
55: [4, 55, 29, 65, 34] : 91.84861898422241
81: [13, 53, 81, 90, 0] : 95.65601015090942
0: [57, 0, 53, 18, 6] : 105.73191165924072
64: [64, 63, 3, 80, 97] : 116.26369333267212
34: [34, 38, 29, 4, 44] : 100.1247091293335
92: [62, 70, 51, 82, 53] : 59.2000994682312
20: [25, 20, 5, 84, 94] : 56.67467403411865
73: [73, 30, 95, 67, 27] : 100.1074104309082
11: [11, 35, 2, 78, 27] : 100.14131474494934
89: [42, 4, 88, 27, 29] : 100.16206479072571
50: [50, 29, 27, 4, 78] : 105.83074426651001
10: [29, 93, 95, 4, 9] : 109.5989921092987
52: [52, 59, 96, 70, 82] : 101.40561580657959
91: [91, 1, 32, 67, 99] : 109.57553124427795
63: [4, 65, 55, 72, 70] : 95.1233868598938
4: [4, 55, 27, 32, 72] : 95.76019024848938
78: [78, 99, 18, 0, 83] : 103.93075752258301
53: [53, 82, 96, 60, 59] : 59.20367980003357
38: [38, 34, 65, 80, 97] : 85.65687227249146
6: [6, 14, 18, 7, 82] : 109.58430361747742
47: [52, 96, 14, 44, 53] : 105.18550562858582
84: [84, 20, 24, 7, 1] : 103.3128342628479
13: [13, 7, 53, 14, 6] : 109.61085653305054
5: [20, 5, 84, 53, 25] : 59.23134779930115
21: [21, 27, 4, 78, 72] : 106.22943902015686
70: [70, 62, 82, 92, 60] : 60.138731718063354
70: [70, 92, 62, 0, 82] : 108.59549164772034
27: [27, 29, 93, 30, 73] : 111.77197551727295
5: [84, 20, 94, 87, 10] : 55.684903144836426
5: [5, 37, 94, 20, 40] : 60.121065855026245
0: [0, 57, 53, 83, 7] : 109.831533908844
73: [27, 29, 78, 44, 93] : 95.25376105308533
89: [89, 57, 18, 53, 67] : 109.76466727256775
7: [53, 7, 83, 18, 92] : 109.77286410331726
78: [78, 44, 27, 29, 93] : 105.97769331932068
25: [25, 20, 5, 39, 84] : 66.86056327819824
53: [53, 16, 10, 61, 28] : 59.32113838195801
25: [25, 5, 20, 84, 87] : 56.77662801742554
23: [23, 49, 71, 67, 91] : 91.47410702705383
42: [42, 88, 43, 27, 4] : 109.183185338974
59: [59, 47, 23, 82, 70] : 91.46338200569153
34: [34, 97, 64, 4, 55] : 95.90521430969238
71: [71, 30, 95, 60, 72] : 104.7296450138092
88: [88, 42, 43, 4, 55] : 100.34689903259277
62: [54, 14, 70, 92, 6] : 104.11475157737732
42: [97, 38, 43, 80, 4] : 100.3064558506012
9: [9, 60, 94, 69, 28] : 61.18989562988281
9: [9, 78, 10, 40, 28] : 111.6882209777832
65: [72, 65, 4, 55, 80] : 95.9184308052063
50: [44, 4, 78, 27, 93] : 109.82336974143982
87: [87, 86, 39, 9, 22] : 55.55317735671997
12: [12, 71, 60, 53, 57] : 94.01786780357361
99: [99, 78, 18, 83, 29] : 109.81500625610352
88: [88, 34, 4, 43, 42] : 91.49509453773499
57: [57, 10, 0, 61, 28] : 59.33350944519043
43: [43, 88, 42, 4, 1] : 100.33070373535156
48: [48, 78, 29, 44, 93] : 106.04668736457825
49: [49, 60, 23, 76, 37] : 62.354995250701904
73: [30, 73, 29, 95, 67] : 103.89376974105835
49: [49, 60, 23, 27, 14] : 107.06827807426453
56: [56, 71, 49, 17, 60] : 94.45002031326294
21: [21, 27, 29, 78, 44] : 108.94253945350647
46: [46, 11, 98, 35, 86] : 61.09032607078552
73: [73, 91, 30, 67, 95] : 96.94840741157532
77: [4, 57, 44, 24, 7] : 105.1511721611023
85: [85, 41, 27, 18, 29] : 111.43983769416809
32: [6, 44, 78, 4, 14] : 101.42002868652344
27: [27, 44, 78, 93, 91] : 107.1060779094696
20: [20, 25, 84, 5, 37] : 59.85009503364563
38: [38, 72, 55, 4, 27] : 95.73467659950256
96: [14, 7, 27, 93, 29] : 96.99262475967407
77: [77, 24, 79, 7, 93] : 105.16904139518738
54: [54, 70, 62, 14, 83] : 98.23296856880188
29: [29, 4, 93, 27, 32] : 103.27447581291199
65: [65, 50, 2, 72, 4] : 100.11708164215088
84: [51, 0, 52, 57, 85] : 61.744091749191284
85: [86, 22, 88, 26, 79] : 91.32792949676514
0: [0, 53, 28, 16, 10] : 54.81625986099243
10: [10, 28, 53, 92, 57] : 99.53259253501892
28: [20, 40, 25, 29, 27] : 94.49684119224548
34: [4, 55, 72, 27, 44] : 95.76077556610107
70: [70, 62, 60, 86, 20] : 61.09951162338257
90: [27, 29, 44, 7, 18] : 107.04439449310303
59: [59, 52, 96, 47, 60] : 52.27922773361206
50: [50, 4, 29, 44, 32] : 105.76510405540466
89: [41, 89, 85, 58, 90] : 95.71418070793152
87: [86, 87, 94, 22, 20] : 56.656158447265625
39: [39, 83, 25, 5, 57] : 59.207358837127686
9: [9, 25, 28, 16, 40] : 56.69349956512451
77: [32, 91, 78, 44, 67] : 110.22323751449585
37: [37, 17, 70, 62, 96] : 61.109307050704956
45: [44, 91, 67, 93, 4] : 111.46956992149353
10: [70, 92, 61, 83, 10] : 59.21472501754761
51: [51, 63, 80, 3, 43] : 81.25854921340942
40: [40, 56, 59, 92, 52] : 107.04380464553833
71: [71, 26, 95, 30, 72] : 97.58041906356812
30: [30, 95, 73, 67, 97] : 98.87328386306763
37: [37, 17, 53, 0, 23] : 59.19717836380005
69: [76, 17, 60, 49, 20] : 59.83038854598999
75: [97, 55, 4, 7, 30] : 100.09961414337158
87: [87, 17, 71, 49, 95] : 104.49643540382385
30: [30, 91, 74, 38, 34] : 105.73885226249695
92: [92, 70, 57, 14, 62] : 103.85882258415222
48: [48, 41, 20, 86, 58] : 61.08941578865051
0: [0, 57, 10, 60, 84] : 54.788525104522705
49: [49, 17, 15, 76, 56] : 90.01899409294128
46: [46, 11, 98, 35, 86] : 66.74033856391907
49: [49, 29, 7, 14, 44] : 100.12273812294006
94: [94, 37, 86, 20, 9] : 55.42234826087952
47: [47, 52, 70, 14, 62] : 107.05756068229675
72: [30, 95, 72, 55, 73] : 110.25302028656006
37: [37, 14, 67, 6, 7] : 98.25018310546875
41: [41, 86, 89, 85, 87] : 62.351521730422974
29: [29, 4, 27, 1, 55] : 95.7079029083252
50: [4, 29, 32, 67, 1] : 95.73965740203857
42: [4, 27, 29, 55, 44] : 100.19050478935242
92: [92, 70, 0, 62, 78] : 104.00005960464478
43: [27, 4, 44, 93, 6] : 111.55155563354492
83: [83, 0, 53, 61, 92] : 59.26305532455444
25: [20, 25, 5, 84, 28] : 55.455270528793335
7: [7, 6, 24, 18, 93] : 111.50887537002563
69: [69, 60, 49, 76, 85] : 66.77317023277283
43: [43, 4, 88, 63, 72] : 105.85498380661011
86: [94, 20, 60, 5, 25] : 56.72531056404114
13: [37, 17, 70, 60, 82] : 61.138954877853394
5: [5, 25, 37, 20, 86] : 56.715713024139404
43: [43, 42, 38, 4, 55] : 110.2060797214508
21: [21, 27, 4, 44, 1] : 115.86966896057129
40: [40, 84, 9, 69, 86] : 64.85245561599731
11: [11, 46, 35, 29, 7] : 115.23603463172913
2: [2, 11, 29, 57, 0] : 103.92133593559265
74: [44, 4, 27, 78, 55] : 107.062175989151
30: [30, 95, 73, 32, 72] : 105.7918803691864
33: [33, 68, 49, 60, 52] : 97.00572466850281
92: [70, 92, 62, 14, 7] : 110.22297525405884
0: [0, 57, 10, 84, 52] : 59.199023962020874
22: [22, 76, 78, 27, 29] : 104.55635929107666
45: [78, 44, 29, 27, 32] : 107.08645558357239
70: [62, 70, 92, 14, 6] : 95.08856272697449
22: [7, 6, 14, 82, 54] : 111.46479153633118
74: [4, 93, 78, 27, 32] : 111.45539426803589
15: [15, 29, 43, 27, 44] : 110.17085719108582
43: [97, 43, 3, 15, 38] : 95.7244143486023
47: [96, 52, 47, 60, 14] : 101.4107620716095
72: [72, 55, 4, 30, 32] : 100.17892265319824
39: [39, 94, 16, 20, 9] : 59.866029500961304
69: [95, 30, 73, 72, 67] : 100.17676711082458
54: [54, 62, 0, 70, 92] : 103.94911193847656
9: [9, 16, 57, 40, 53] : 108.36190843582153
85: [27, 29, 73, 70, 54] : 101.42368125915527
25: [20, 25, 5, 84, 37] : 66.77688527107239
53: [53, 57, 0, 83, 10] : 89.46325397491455
2: [2, 11, 35, 90, 69] : 66.77627921104431
40: [7, 14, 67, 57, 6] : 99.52420568466187
75: [95, 72, 4, 55, 32] : 109.08446764945984
48: [48, 8, 46, 85, 35] : 67.05223155021667
31: [4, 32, 1, 67, 55] : 91.78284978866577
42: [42, 88, 43, 38, 4] : 100.72984910011292
58: [58, 69, 37, 60, 68] : 67.17655539512634
29: [29, 4, 3, 42, 88] : 91.90394282341003
78: [78, 27, 44, 91, 32] : 100.78606009483337
78: [78, 99, 44, 18, 55] : 114.71969652175903
4: [4, 65, 72, 70, 95] : 97.57638335227966
1: [1, 32, 91, 67, 95] : 110.8693299293518
49: [49, 95, 30, 73, 29] : 100.741055727005
21: [21, 3, 31, 97, 38] : 103.91674089431763
68: [67, 78, 95, 27, 29] : 109.57513332366943
91: [1, 91, 32, 73, 30] : 107.70839738845825
44: [44, 29, 27, 18, 78] : 106.4300320148468
13: [13, 81, 58, 89, 90] : 62.73726010322571
64: [74, 80, 99, 64, 65] : 86.17655920982361
48: [29, 7, 27, 1, 44] : 112.17238759994507
71: [71, 60, 12, 49, 17] : 67.16533374786377
76: [76, 49, 17, 60, 12] : 97.58628845214844
71: [71, 60, 12, 95, 30] : 107.70933318138123
49: [49, 76, 59, 60, 17] : 67.14998149871826
6: [6, 7, 67, 18, 82] : 108.93947076797485
67: [4, 78, 27, 44, 29] : 101.96243619918823
42: [42, 4, 27, 29, 55] : 106.37776279449463
59: [56, 52, 23, 33, 70] : 67.1027398109436
44: [78, 44, 99, 32, 67] : 112.05833649635315
36: [36, 50, 4, 65, 67] : 101.96976947784424
28: [28, 10, 57, 70, 92] : 59.5283260345459
97: [97, 4, 29, 72, 55] : 96.23378801345825
44: [78, 44, 27, 32, 4] : 109.50284504890442
9: [9, 57, 53, 0, 83] : 104.44158267974854
24: [24, 7, 4, 6, 18] : 103.79670667648315
42: [42, 43, 27, 29, 4] : 97.5115737915039
67: [73, 30, 67, 95, 72] : 100.68509864807129
72: [4, 55, 72, 32, 67] : 91.79997420310974
70: [70, 54, 51, 23, 47] : 61.419527530670166
2: [2, 11, 70, 92, 54] : 97.50305414199829
57: [82, 77, 14, 51, 70] : 112.05849575996399
58: [58, 68, 37, 69, 60] : 67.11983633041382
70: [70, 18, 14, 92, 0] : 110.1806993484497
69: [85, 29, 89, 69, 58] : 112.08120942115784
54: [54, 70, 92, 83, 51] : 59.525131940841675
81: [13, 81, 90, 83, 57] : 65.22636365890503
90: [90, 81, 13, 89, 41] : 67.09236335754395
15: [29, 44, 67, 27, 78] : 112.69678020477295
82: [82, 53, 62, 70, 6] : 105.75509977340698
89: [89, 85, 18, 24, 7] : 98.14236497879028
31: [31, 15, 43, 21, 38] : 106.37930178642273
17: [27, 73, 44, 93, 67] : 99.36180901527405
4: [4, 55, 43, 50, 65] : 91.75248694419861
16: [16, 28, 9, 60, 84] : 59.50269532203674
5: [5, 25, 20, 84, 40] : 94.95437383651733
24: [7, 24, 79, 99, 6] : 107.64810800552368
35: [31, 78, 27, 70, 82] : 107.62204957008362
7: [7, 53, 83, 99, 18] : 115.85518407821655
62: [62, 92, 70, 6, 14] : 110.75017929077148
73: [30, 73, 91, 67, 1] : 103.15906715393066
74: [44, 4, 74, 27, 93] : 110.1405394077301
71: [95, 71, 30, 72, 53] : 94.92119717597961
6: [6, 7, 24, 67, 29] : 105.04368257522583
13: [13, 58, 81, 47, 90] : 101.86768436431885
46: [46, 78, 27, 44, 7] : 112.00028467178345
23: [23, 71, 60, 76, 56] : 105.06239318847656
91: [1, 91, 32, 73, 95] : 114.57643437385559
72: [4, 55, 72, 78, 44] : 103.1663236618042
31: [31, 15, 43, 21, 4] : 91.77924418449402
72: [72, 4, 97, 65, 3] : 96.17497563362122
47: [47, 96, 52, 62, 70] : 61.391491651535034
96: [52, 59, 96, 47, 29] : 107.60698461532593
14: [14, 24, 67, 18, 99] : 112.04178786277771
34: [43, 88, 29, 55, 72] : 100.64240837097168
50: [50, 4, 64, 27, 29] : 100.616446018219
39: [39, 86, 76, 94, 87] : 67.07365393638611
59: [27, 97, 93, 4, 55] : 101.88028931617737
48: [48, 8, 7, 70, 67] : 107.6056056022644
97: [97, 34, 55, 4, 78] : 100.64562273025513
13: [13, 58, 81, 60, 69] : 67.09432291984558
50: [44, 4, 32, 29, 27] : 101.90196442604065
49: [49, 14, 44, 53, 6] : 99.98018050193787
61: [61, 22, 10, 53, 60] : 59.50030827522278
23: [60, 59, 33, 76, 52] : 56.95764660835266
44: [29, 44, 32, 4, 1] : 101.88438963890076
1: [1, 91, 30, 29, 44] : 102.49984765052795
27: [91, 97, 88, 3, 73] : 94.94767451286316
57: [70, 0, 57, 82, 62] : 117.10757160186768
14: [14, 7, 67, 74, 99] : 110.80013394355774
24: [24, 7, 45, 99, 18] : 108.25439405441284
12: [60, 7, 14, 97, 96] : 107.62485647201538
5: [5, 20, 3, 65, 52] : 96.85329461097717
2: [2, 11, 35, 46, 98] : 105.71951389312744
83: [83, 53, 57, 0, 56] : 59.53706407546997
48: [48, 8, 11, 41, 69] : 100.67966508865356
27: [27, 29, 44, 67, 32] : 107.01288151741028
43: [43, 4, 3, 97, 55] : 90.5433259010315
41: [41, 89, 48, 7, 18] : 105.7163097858429
56: [82, 29, 70, 14, 93] : 101.90630102157593
72: [72, 97, 43, 31, 42] : 103.81309223175049
94: [94, 52, 96, 17, 20] : 87.33374786376953
97: [97, 4, 72, 29, 67] : 109.50018119812012
43: [43, 88, 42, 4, 34] : 110.80374550819397
77: [53, 57, 0, 83, 4] : 99.996502161026
93: [93, 29, 30, 95, 67] : 110.73313617706299
79: [44, 6, 7, 78, 18] : 110.69491362571716
84: [84, 20, 28, 59, 51] : 51.249064922332764
35: [35, 11, 98, 2, 83] : 110.10881185531616
81: [81, 13, 90, 27, 29] : 111.98678970336914
86: [85, 89, 17, 41, 60] : 67.05221462249756
11: [46, 11, 98, 57, 0] : 115.7699522972107
75: [4, 27, 44, 55, 29] : 110.67017650604248
64: [38, 80, 64, 97, 3] : 100.5845377445221
8: [8, 48, 60, 33, 35] : 97.4339029788971
49: [97, 49, 27, 95, 29] : 100.60778546333313
16: [44, 78, 27, 32, 67] : 99.34953474998474
59: [96, 52, 59, 47, 7] : 97.4604926109314
45: [27, 78, 32, 29, 18] : 117.70335650444031
24: [24, 7, 99, 6, 18] : 108.84976577758789
34: [97, 34, 38, 29, 65] : 106.29675340652466
80: [14, 80, 1, 6, 34] : 99.37335896492004
8: [8, 95, 67, 4, 72] : 107.55865788459778
68: [60, 13, 48, 53, 57] : 95.55136561393738
3: [3, 4, 55, 27, 72] : 96.15588784217834
92: [70, 62, 92, 82, 47] : 59.49256372451782
57: [4, 65, 51, 38, 72] : 96.17217230796814
82: [82, 62, 70, 14, 6] : 101.91818618774414
92: [92, 70, 18, 14, 7] : 110.10416650772095
24: [6, 24, 7, 67, 4] : 102.51796269416809
32: [1, 32, 91, 67, 99] : 110.07194066047668
76: [17, 76, 60, 51, 88] : 101.86428117752075
32: [83, 53, 9, 28, 2] : 59.50273561477661
46: [46, 11, 98, 35, 86] : 65.20091414451599
26: [45, 26, 29, 44, 78] : 108.83454060554504
62: [62, 70, 82, 32, 14] : 110.69367814064026
23: [23, 76, 60, 49, 82] : 101.85461044311523
63: [4, 29, 44, 78, 55] : 101.84858798980713
51: [51, 62, 99, 18, 7] : 111.96042966842651
70: [70, 62, 92, 18, 53] : 105.66622233390808
25: [41, 20, 25, 85, 87] : 100.58367347717285
80: [80, 4, 65, 63, 43] : 90.45957255363464
36: [36, 65, 50, 4, 64] : 96.1463553905487
61: [78, 74, 18, 14, 29] : 111.37952899932861
15: [15, 29, 27, 55, 4] : 100.61343765258789
38: [38, 64, 4, 29, 55] : 100.61920046806335
1: [1, 91, 32, 53, 67] : 104.39374375343323
34: [34, 97, 55, 4, 72] : 101.20384073257446
67: [32, 93, 73, 67, 30] : 103.7188982963562
86: [86, 94, 22, 40, 39] : 60.09637928009033
64: [36, 4, 57, 32, 72] : 98.69265508651733
24: [24, 7, 67, 32, 93] : 111.94837403297424
82: [82, 62, 6, 70, 14] : 107.52537775039673
5: [5, 20, 84, 67, 32] : 104.97915649414062
76: [76, 57, 53, 60, 69] : 65.16307210922241
13: [13, 58, 69, 60, 89] : 67.04629445075989
61: [72, 4, 55, 18, 1] : 100.58461284637451
50: [27, 29, 44, 1, 78] : 98.05360698699951
70: [70, 62, 6, 92, 7] : 100.55396914482117
98: [35, 98, 11, 46, 67] : 93.60566210746765
20: [20, 25, 84, 17, 94] : 67.03778719902039
97: [97, 27, 29, 4, 72] : 103.72363996505737
60: [0, 53, 57, 29, 7] : 99.89062547683716
14: [14, 18, 67, 78, 6] : 110.07140803337097
27: [27, 4, 73, 65, 29] : 100.58142328262329
87: [87, 25, 20, 5, 40] : 94.83917117118835
60: [49, 95, 67, 30, 73] : 100.50325083732605
44: [44, 29, 27, 91, 1] : 104.28334021568298
8: [8, 48, 41, 89, 7] : 101.80731844902039
95: [95, 30, 72, 55, 27] : 103.69888210296631
82: [82, 62, 6, 14, 18] : 98.60336136817932
51: [44, 78, 4, 27, 32] : 105.53761863708496
8: [8, 48, 44, 27, 80] : 100.51585102081299
41: [41, 89, 60, 69, 65] : 91.64499878883362
3: [3, 43, 72, 4, 55] : 106.18614482879639
67: [67, 32, 6, 14, 4] : 101.74852561950684
50: [38, 80, 4, 29, 44] : 95.43225908279419
9: [9, 53, 87, 57, 70] : 59.42400789260864
70: [70, 62, 53, 82, 51] : 59.4287383556366
80: [80, 74, 44, 65, 50] : 106.14388060569763
82: [82, 52, 70, 96, 62] : 59.40642333030701
84: [84, 37, 20, 40, 5] : 56.873913049697876
63: [4, 74, 44, 93, 27] : 100.45572876930237
60: [71, 60, 49, 95, 30] : 107.42959761619568
80: [4, 34, 55, 27, 72] : 103.67250990867615
56: [56, 71, 95, 30, 73] : 100.52101421356201
25: [5, 25, 94, 20, 87] : 107.4380111694336
74: [4, 55, 38, 27, 93] : 106.17717409133911
38: [15, 38, 31, 4, 27] : 107.4231584072113
52: [96, 52, 14, 67, 1] : 101.79405570030212
93: [93, 27, 72, 4, 32] : 108.78975534439087
29: [29, 27, 44, 32, 67] : 96.78498411178589
2: [53, 0, 57, 83, 10] : 105.6651291847229
44: [44, 78, 27, 93, 4] : 113.2792580127716
79: [44, 14, 7, 18, 6] : 103.11753463745117
11: [11, 35, 53, 67, 14] : 115.7727370262146
26: [30, 95, 70, 62, 92] : 100.57754397392273
95: [95, 30, 73, 1, 93] : 100.55673670768738
31: [97, 31, 38, 4, 30] : 91.70675945281982
88: [29, 4, 34, 55, 27] : 96.15813493728638
2: [2, 11, 35, 18, 7] : 108.79225707054138
37: [37, 17, 52, 47, 96] : 52.519410610198975
68: [68, 60, 49, 58, 12] : 96.11889719963074
66: [66, 4, 55, 88, 97] : 101.83965229988098
95: [72, 95, 67, 30, 73] : 92.98101902008057
91: [91, 1, 32, 67, 73] : 102.49147272109985
40: [40, 86, 78, 29, 18] : 109.46081304550171
18: [18, 44, 7, 14, 78] : 110.05799770355225
19: [19, 31, 3, 29, 27] : 106.25338864326477
77: [6, 7, 14, 18, 82] : 104.9795024394989
18: [14, 56, 7, 44, 59] : 107.52493143081665
25: [20, 25, 5, 84, 86] : 61.35100173950195
30: [95, 30, 29, 1, 44] : 106.21867442131042
38: [38, 43, 97, 3, 88] : 90.40967988967896
77: [18, 99, 7, 78, 6] : 110.6340126991272
71: [71, 95, 30, 73, 72] : 107.48154950141907
1: [91, 1, 45, 99, 49] : 107.47978830337524
28: [10, 28, 84, 61, 4] : 104.33113098144531
32: [67, 32, 14, 57, 6] : 99.88405108451843
4: [4, 55, 72, 95, 30] : 103.68441987037659
76: [76, 87, 84, 25, 86] : 55.643492698669434
90: [90, 37, 12, 13, 89] : 62.59582781791687
14: [14, 82, 18, 99, 34] : 95.46563339233398
25: [20, 25, 94, 7, 14] : 94.8679723739624
70: [70, 53, 57, 0, 92] : 105.60972332954407
17: [17, 96, 4, 37, 12] : 104.94739389419556
95: [55, 72, 4, 44, 29] : 96.11370086669922
75: [4, 55, 78, 27, 72] : 99.26674199104309
6: [78, 4, 27, 29, 44] : 103.69997644424438
86: [86, 87, 16, 39, 0] : 65.15779972076416
94: [29, 27, 14, 44, 93] : 104.96730875968933
28: [28, 10, 40, 16, 86] : 55.65136361122131
73: [73, 30, 91, 95, 67] : 100.52638745307922
36: [4, 74, 67, 64, 27] : 100.49779891967773
18: [18, 78, 27, 44, 92] : 111.89883828163147
10: [28, 10, 84, 9, 16] : 59.45885133743286
34: [34, 29, 4, 27, 44] : 96.12132906913757
1: [1, 32, 91, 67, 29] : 99.90166568756104
64: [64, 4, 74, 55, 72] : 111.91751003265381
28: [10, 28, 61, 84, 40] : 59.45270562171936
82: [82, 70, 62, 6, 14] : 107.49811267852783
96: [96, 52, 59, 60, 49] : 98.63448643684387
59: [56, 59, 52, 47, 96] : 97.38796401023865
67: [17, 60, 76, 33, 96] : 56.932626247406006
15: [15, 19, 3, 4, 72] : 96.14249658584595
27: [27, 29, 44, 93, 78] : 110.02560305595398
99: [78, 99, 44, 86, 18] : 116.35697674751282
72: [85, 3, 72, 95, 30] : 106.21989583969116
6: [6, 27, 78, 1, 44] : 106.22971701622009
62: [62, 18, 51, 6, 7] : 105.59498190879822
37: [37, 17, 81, 22, 23] : 62.61683678627014
31: [31, 29, 27, 4, 55] : 117.61816763877869
45: [1, 83, 32, 24, 29] : 108.77886605262756
58: [58, 89, 41, 85, 7] : 100.53296780586243
97: [97, 34, 38, 3, 4] : 103.7094395160675
25: [20, 25, 5, 94, 84] : 60.08345413208008
25: [25, 5, 20, 40, 53] : 98.64322090148926
69: [17, 69, 49, 76, 60] : 67.010582447052
21: [21, 29, 6, 27, 78] : 106.24553036689758
19: [19, 95, 30, 29, 72] : 106.8976137638092
20: [20, 25, 5, 84, 86] : 67.03380584716797
27: [27, 30, 55, 29, 73] : 110.63080477714539
45: [70, 83, 7, 0, 67] : 104.34068536758423
65: [4, 72, 55, 70, 30] : 101.82676196098328
64: [50, 64, 74, 4, 36] : 96.14625120162964
12: [0, 53, 7, 57, 29] : 105.63111472129822
50: [5, 20, 27, 25, 94] : 98.66453003883362
61: [92, 62, 10, 53, 57] : 59.46183228492737
25: [25, 20, 5, 7, 24] : 99.92638802528381
0: [0, 57, 52, 10, 47] : 61.99897360801697
71: [12, 71, 60, 49, 17] : 62.63340377807617
13: [13, 81, 90, 68, 58] : 67.04962825775146
3: [3, 65, 63, 4, 97] : 91.0793046951294
80: [80, 32, 4, 74, 14] : 106.2704610824585
2: [2, 4, 72, 18, 55] : 103.72540092468262
2: [2, 11, 35, 0, 57] : 55.04470157623291
91: [91, 32, 1, 30, 73] : 103.09388303756714
18: [78, 44, 18, 14, 91] : 110.0646619796753
20: [20, 84, 5, 25, 39] : 56.92459011077881
6: [6, 7, 18, 24, 14] : 110.03218412399292
38: [4, 63, 74, 80, 44] : 103.04065799713135
59: [59, 52, 47, 70, 62] : 67.0179090499878
46: [13, 85, 48, 46, 14] : 117.61099934577942
2: [5, 25, 20, 84, 37] : 85.99796080589294
64: [64, 97, 3, 4, 30] : 100.57691526412964
77: [24, 18, 7, 4, 57] : 105.64537358283997
21: [21, 29, 27, 78, 44] : 111.96899700164795
98: [98, 35, 5, 2, 20] : 67.07585906982422
58: [47, 97, 58, 59, 89] : 97.38869595527649
54: [54, 92, 14, 70, 6] : 110.67726445198059
25: [25, 5, 20, 84, 37] : 67.02806210517883
98: [35, 98, 46, 27, 29] : 104.98282170295715
64: [44, 14, 18, 78, 27] : 111.9323251247406
12: [12, 17, 60, 90, 76] : 97.37043976783752
20: [20, 25, 5, 94, 46] : 67.0343554019928
2: [2, 57, 44, 26, 0] : 108.14199495315552
65: [50, 65, 93, 67, 78] : 103.70339274406433
4: [4, 99, 67, 95, 72] : 110.66770029067993
23: [23, 60, 76, 49, 17] : 56.91376209259033
72: [72, 55, 4, 29, 30] : 109.4118218421936
40: [40, 78, 24, 29, 44] : 99.29749393463135
91: [32, 91, 1, 73, 67] : 104.98456478118896
80: [44, 78, 27, 14, 7] : 110.68849778175354
99: [32, 44, 18, 7, 14] : 110.05778074264526
24: [24, 7, 18, 6, 93] : 106.26643538475037
41: [41, 27, 44, 93, 29] : 98.65062975883484
45: [27, 78, 44, 4, 32] : 105.62037324905396
17: [17, 37, 60, 76, 16] : 60.08720636367798
60: [14, 6, 7, 70, 18] : 97.3596260547638
61: [78, 29, 18, 53, 14] : 110.04152584075928
86: [86, 39, 87, 85, 20] : 67.03440022468567
0: [0, 53, 57, 83, 10] : 110.02374792098999
53: [53, 57, 83, 0, 82] : 99.9063196182251
0: [0, 57, 60, 87, 84] : 55.03814220428467
82: [82, 6, 62, 18, 14] : 110.06427121162415
42: [42, 27, 29, 44, 72] : 99.29190587997437
74: [7, 18, 99, 77, 78] : 109.38166308403015
53: [57, 70, 0, 53, 92] : 105.60446453094482
96: [14, 96, 70, 44, 6] : 107.50716352462769
count (test images): 625
Mean per class acc: 61.70%
Mean inference time: 94.87 sec
Top 1 acc: 63.68%
Top 3 acc: 77.12%
Top 5 acc: 79.04%
