49: [72, 67, 93, 27, 4] : 118.75550675392151
92: [92, 83, 53, 62, 61] : 61.43406963348389
41: [41, 6, 67, 18, 95] : 116.59577465057373
75: [54, 99, 70, 4, 92] : 101.95800399780273
7: [7, 6, 14, 78, 93] : 109.61013913154602
71: [71, 95, 60, 30, 49] : 108.3304283618927
50: [4, 74, 6, 65, 24] : 102.61629891395569
27: [27, 4, 29, 55, 95] : 104.27633738517761
70: [70, 53, 62, 92, 18] : 96.49204587936401
24: [24, 6, 32, 7, 30] : 111.84711694717407
36: [36, 50, 65, 64, 4] : 102.67819046974182
32: [57, 72, 7, 32, 67] : 105.4339325428009
45: [29, 78, 44, 27, 7] : 107.3346061706543
80: [80, 4, 55, 34, 74] : 88.63836169242859
12: [12, 76, 60, 17, 20] : 57.46531867980957
23: [23, 76, 49, 60, 56] : 95.75777983665466
58: [58, 85, 89, 69, 13] : 63.19262933731079
96: [96, 52, 47, 59, 60] : 96.26694512367249
42: [42, 43, 4, 29, 55] : 111.56106209754944
86: [78, 83, 27, 1, 30] : 106.45544123649597
37: [17, 37, 60, 52, 59] : 95.66177773475647
45: [45, 29, 26, 52, 59] : 98.76595902442932
37: [37, 17, 53, 57, 12] : 65.64791679382324
90: [27, 29, 18, 7, 44] : 107.06792330741882
69: [69, 17, 85, 31, 23] : 98.14402103424072
40: [40, 84, 20, 38, 24] : 94.29521679878235
27: [27, 29, 78, 93, 73] : 108.33996915817261
18: [24, 67, 7, 57, 18] : 99.39810514450073
55: [29, 4, 27, 34, 38] : 100.0392816066742
54: [70, 92, 62, 83, 54] : 105.12963509559631
37: [37, 17, 22, 40, 86] : 63.0831413269043
36: [65, 38, 4, 77, 99] : 97.4679274559021
35: [35, 98, 11, 73, 46] : 115.35293936729431
37: [37, 17, 60, 52, 7] : 101.3385329246521
27: [27, 97, 72, 29, 44] : 102.51114296913147
73: [73, 30, 27, 72, 91] : 108.22021651268005
65: [65, 4, 27, 55, 44] : 96.78399181365967
91: [91, 1, 73, 32, 67] : 115.23121809959412
64: [64, 80, 4, 29, 44] : 104.58911633491516
17: [17, 60, 37, 14, 27] : 108.46986103057861
41: [41, 89, 53, 6, 18] : 100.85145401954651
19: [19, 43, 97, 15, 38] : 111.69785284996033
83: [83, 0, 84, 9, 5] : 55.546473026275635
37: [37, 47, 5, 17, 52] : 60.62034273147583
65: [38, 34, 80, 65, 4] : 91.26892685890198
97: [97, 29, 27, 4, 30] : 111.72685146331787
95: [95, 30, 72, 71, 73] : 100.23431420326233
48: [48, 41, 8, 89, 58] : 107.2819356918335
54: [54, 70, 14, 6, 18] : 106.62640905380249
86: [86, 94, 87, 9, 37] : 60.643085956573486
86: [86, 87, 16, 39, 9] : 57.454182147979736
6: [6, 82, 70, 14, 53] : 106.61942934989929
85: [85, 41, 27, 7, 93] : 112.97648477554321
53: [53, 57, 0, 83, 18] : 104.08035159111023
9: [9, 10, 84, 61, 0] : 60.0122230052948
20: [20, 25, 84, 5, 60] : 60.573742151260376
99: [78, 99, 18, 53, 44] : 110.81455683708191
8: [8, 48, 53, 57, 27] : 106.36892175674438
14: [14, 7, 18, 67, 54] : 110.5823221206665
23: [62, 67, 14, 91, 32] : 106.63081574440002
74: [80, 4, 27, 55, 29] : 101.59655427932739
82: [82, 14, 54, 44, 6] : 106.71531367301941
15: [15, 29, 27, 72, 4] : 117.5339777469635
30: [30, 95, 72, 55, 4] : 101.51922869682312
71: [71, 95, 30, 67, 27] : 105.97771573066711
28: [28, 57, 92, 70, 83] : 60.0323486328125
81: [81, 90, 37, 47, 13] : 67.7089250087738
26: [70, 62, 82, 6, 92] : 113.0443959236145
96: [0, 60, 53, 52, 57] : 96.43487048149109
76: [76, 60, 7, 6, 29] : 108.90282893180847
21: [21, 31, 29, 78, 27] : 101.91892862319946
0: [0, 57, 28, 51, 16] : 55.736204862594604
2: [2, 29, 78, 93, 27] : 97.27068424224854
46: [46, 67, 78, 14, 0] : 111.29385709762573
15: [15, 38, 4, 55, 1] : 94.05283451080322
43: [43, 4, 29, 72, 55] : 102.97103071212769
19: [29, 97, 19, 72, 67] : 107.47278070449829
88: [88, 43, 42, 34, 4] : 104.28006100654602
88: [97, 42, 88, 80, 34] : 104.92881035804749
39: [39, 27, 78, 93, 44] : 111.95850658416748
28: [28, 16, 0, 53, 57] : 94.64752054214478
17: [17, 49, 60, 14, 95] : 102.97974562644958
4: [4, 55, 30, 44, 95] : 97.23054933547974
42: [4, 55, 78, 44, 27] : 103.01310992240906
53: [53, 57, 10, 61, 28] : 55.67381405830383
47: [70, 29, 82, 14, 6] : 113.17045950889587
43: [43, 4, 3, 42, 97] : 112.54539394378662
81: [86, 87, 94, 84, 39] : 53.122578859329224
8: [8, 7, 41, 89, 6] : 101.71060562133789
47: [7, 60, 53, 6, 14] : 94.02459168434143
19: [19, 38, 15, 3, 4] : 97.23089098930359
62: [62, 70, 6, 82, 14] : 101.70354866981506
70: [70, 62, 92, 18, 54] : 111.89716029167175
87: [87, 20, 86, 22, 28] : 102.93961334228516
92: [82, 83, 14, 70, 53] : 109.99762797355652
55: [30, 29, 95, 55, 73] : 104.90553116798401
62: [62, 92, 82, 70, 6] : 102.97814631462097
17: [17, 29, 27, 67, 44] : 105.51537823677063
58: [58, 69, 29, 7, 44] : 111.88228917121887
64: [80, 64, 50, 74, 4] : 107.43203711509705
60: [60, 49, 62, 27, 14] : 98.46727752685547
13: [27, 29, 78, 14, 7] : 112.71891355514526
65: [65, 50, 97, 4, 29] : 104.81096339225769
24: [24, 7, 6, 18, 14] : 105.46299695968628
12: [78, 27, 29, 44, 14] : 102.94126987457275
10: [10, 53, 28, 84, 51] : 55.64934778213501
10: [10, 61, 28, 0, 53] : 65.85868954658508
83: [53, 30, 32, 83, 18] : 105.44113087654114
27: [44, 18, 78, 7, 30] : 102.93586277961731
73: [73, 91, 1, 30, 67] : 111.22530841827393
51: [4, 53, 93, 27, 55] : 109.95889472961426
17: [17, 60, 77, 65, 37] : 100.38077163696289
20: [25, 20, 5, 87, 37] : 100.3938775062561
86: [85, 39, 87, 90, 17] : 63.32359480857849
70: [70, 14, 62, 18, 92] : 106.77534532546997
49: [49, 60, 53, 5, 25] : 59.484981060028076
56: [56, 59, 82, 27, 44] : 102.96391081809998
43: [43, 42, 3, 97, 4] : 111.939462184906
28: [28, 40, 16, 10, 84] : 53.09926652908325
17: [17, 60, 9, 37, 16] : 60.10656380653381
74: [55, 4, 27, 78, 44] : 101.6994469165802
46: [11, 38, 46, 27, 7] : 107.4092161655426
63: [4, 97, 65, 88, 55] : 94.5982940196991
41: [41, 89, 90, 39, 86] : 65.8692455291748
78: [78, 31, 99, 44, 29] : 108.70208406448364
92: [92, 70, 83, 62, 56] : 60.11041259765625
36: [36, 50, 65, 91, 73] : 104.06510090827942
59: [52, 59, 96, 47, 27] : 108.67339706420898
4: [4, 80, 55, 44, 27] : 96.42710518836975
97: [97, 29, 4, 27, 72] : 100.19718503952026
29: [29, 27, 93, 67, 44] : 111.55103302001953
87: [86, 20, 87, 40, 39] : 60.33033037185669
63: [82, 4, 6, 70, 92] : 102.45062327384949
27: [27, 78, 44, 93, 4] : 102.638756275177
89: [89, 41, 85, 7, 18] : 112.01942420005798
43: [43, 97, 38, 42, 3] : 98.92402458190918
10: [10, 28, 92, 70, 0] : 59.239325523376465
54: [14, 18, 54, 24, 70] : 109.63695001602173
73: [14, 44, 78, 29, 70] : 100.15993165969849
19: [97, 34, 19, 72, 4] : 98.96615242958069
41: [41, 7, 32, 67, 14] : 115.97669315338135
27: [44, 27, 73, 67, 93] : 107.15835189819336
14: [14, 32, 7, 78, 1] : 109.68384790420532
96: [96, 52, 47, 1, 53] : 100.37454032897949
76: [60, 76, 53, 0, 6] : 95.71586489677429
12: [17, 12, 53, 60, 27] : 100.8692877292633
34: [34, 97, 38, 29, 4] : 102.83543920516968
50: [74, 32, 4, 55, 67] : 98.3462324142456
25: [25, 20, 5, 84, 2] : 95.7157256603241
51: [78, 74, 4, 80, 99] : 106.49722337722778
count (test images): 150
Mean per class acc: 68.14%
Mean inference time: 96.81 sec
Top 1 acc: 68.00%
Top 3 acc: 60.00%
Top 5 acc: 62.67%
