Run folder: data/cifar100_strat_1cifar100_hierarchy_50_500/v2-0_1trials_5_1keep_50_500samples_l1
Setting up dataset and prompts
Files already downloaded and verified

Loading pretrained models...

Loading noise...

Tokenizing text prompts and creating embeddings...

Load subset to evaluate

Evaluating predictions: 
prediction: mountain

Inference time: 205.96 seconds 



prediction: tulip

Inference time: 189.53 seconds 



prediction: lawn_mower

Inference time: 216.71 seconds 



prediction: orchid

Inference time: 193.30 seconds 



prediction: beetle

Inference time: 208.28 seconds 



prediction: sea

Inference time: 201.36 seconds 



prediction: shrew

Inference time: 196.62 seconds 



prediction: crocodile

Inference time: 202.11 seconds 



prediction: rose

Inference time: 184.79 seconds 



prediction: cockroach

Inference time: 210.91 seconds 



prediction: hamster

Inference time: 204.12 seconds 



prediction: pear

Inference time: 198.34 seconds 



prediction: dinosaur

Inference time: 224.90 seconds 



prediction: squirrel

Inference time: 185.27 seconds 



prediction: skyscraper

Inference time: 91.36 seconds 



prediction: cloud

Inference time: 175.04 seconds 



prediction: tank

Inference time: 218.89 seconds 



prediction: willow_tree

Inference time: 180.11 seconds 



prediction: leopard

Inference time: 186.54 seconds 



prediction: snake

Inference time: 197.94 seconds 



prediction: castle

Inference time: 169.41 seconds 



prediction: dinosaur

Inference time: 214.44 seconds 



prediction: house

Inference time: 98.30 seconds 



prediction: plain

Inference time: 199.78 seconds 



prediction: castle

Inference time: 175.11 seconds 



prediction: table

Inference time: 167.48 seconds 



prediction: trout

Inference time: 190.95 seconds 



prediction: cockroach

Inference time: 222.14 seconds 



prediction: dinosaur

Inference time: 185.23 seconds 



prediction: rose

Inference time: 197.87 seconds 



prediction: house

Inference time: 113.62 seconds 



prediction: beaver

Inference time: 174.93 seconds 



prediction: girl

Inference time: 202.86 seconds 



prediction: house

Inference time: 111.91 seconds 



prediction: crocodile

Inference time: 214.84 seconds 



prediction: shark

Inference time: 214.89 seconds 



prediction: rabbit

Inference time: 181.20 seconds 



prediction: trout

Inference time: 209.81 seconds 



prediction: possum

Inference time: 193.44 seconds 



prediction: castle

Inference time: 193.89 seconds 



prediction: lawn_mower

Inference time: 100.42 seconds 



prediction: cattle

Inference time: 199.08 seconds 



prediction: sweet_pepper

Inference time: 73.15 seconds 



prediction: house

Inference time: 91.56 seconds 



prediction: kangaroo

Inference time: 178.80 seconds 



prediction: wolf

Inference time: 237.42 seconds 



prediction: whale

Inference time: 193.46 seconds 



prediction: motorcycle

Inference time: 228.44 seconds 



prediction: orchid

Inference time: 207.36 seconds 



prediction: telephone

Inference time: 83.93 seconds 



prediction: telephone

Inference time: 83.92 seconds 



prediction: bee

Inference time: 198.39 seconds 



prediction: tank

Inference time: 191.31 seconds 



prediction: worm

Inference time: 237.12 seconds 



prediction: bottle

Inference time: 86.55 seconds 



prediction: chair

Inference time: 111.94 seconds 



prediction: snake

Inference time: 217.54 seconds 



prediction: bicycle

Inference time: 101.12 seconds 



prediction: butterfly

Inference time: 207.23 seconds 



prediction: forest

Inference time: 204.00 seconds 



prediction: squirrel

Inference time: 209.06 seconds 



prediction: sunflower

Inference time: 214.85 seconds 



prediction: camel

Inference time: 229.75 seconds 



prediction: dolphin

Inference time: 185.69 seconds 



prediction: whale

Inference time: 207.88 seconds 



prediction: cup

Inference time: 73.14 seconds 



prediction: streetcar

Inference time: 107.47 seconds 



prediction: sunflower

Inference time: 213.05 seconds 



prediction: plain

Inference time: 179.28 seconds 



prediction: skyscraper

Inference time: 217.54 seconds 



prediction: chimpanzee

Inference time: 216.91 seconds 



prediction: apple

Inference time: 73.12 seconds 



prediction: baby

Inference time: 197.12 seconds 



prediction: man

Inference time: 232.12 seconds 



prediction: camel

Inference time: 172.33 seconds 



prediction: lion

Inference time: 195.90 seconds 



prediction: wolf

Inference time: 202.28 seconds 



prediction: tiger

Inference time: 229.67 seconds 



prediction: wolf

Inference time: 171.06 seconds 



prediction: keyboard

Inference time: 194.04 seconds 



prediction: cup

Inference time: 164.12 seconds 



prediction: castle

Inference time: 200.38 seconds 



prediction: beaver

Inference time: 194.64 seconds 



prediction: beaver

Inference time: 209.40 seconds 



prediction: orange

Inference time: 203.00 seconds 



prediction: maple_tree

Inference time: 209.18 seconds 



prediction: lion

Inference time: 209.74 seconds 



prediction: house

Inference time: 83.91 seconds 



prediction: bicycle

Inference time: 213.60 seconds 



prediction: plain

Inference time: 91.53 seconds 



prediction: cattle

Inference time: 181.20 seconds 



prediction: poppy

Inference time: 198.53 seconds 



prediction: rose

Inference time: 207.31 seconds 



prediction: television

Inference time: 91.55 seconds 



prediction: sunflower

Inference time: 204.10 seconds 



prediction: dolphin

Inference time: 185.66 seconds 



prediction: poppy

Inference time: 200.31 seconds 



prediction: castle

Inference time: 228.19 seconds 



prediction: pickup_truck

Inference time: 211.84 seconds 



prediction: squirrel

Inference time: 214.87 seconds 



prediction: plain

Inference time: 200.22 seconds 



prediction: bus

Inference time: 205.99 seconds 



prediction: rabbit

Inference time: 181.22 seconds 



prediction: cockroach

Inference time: 218.05 seconds 



prediction: skyscraper

Inference time: 175.56 seconds 



prediction: orange

Inference time: 73.19 seconds 



prediction: bowl

Inference time: 101.18 seconds 



prediction: orange

Inference time: 207.35 seconds 



prediction: lizard

Inference time: 209.10 seconds 



prediction: shark

Inference time: 233.27 seconds 



prediction: beaver

Inference time: 207.21 seconds 



prediction: castle

Inference time: 213.63 seconds 



prediction: couch

Inference time: 202.35 seconds 



prediction: tank

Inference time: 111.88 seconds 



prediction: rose

Inference time: 204.02 seconds 



prediction: mountain

Inference time: 83.89 seconds 



prediction: palm_tree

Inference time: 204.03 seconds 



prediction: lion

Inference time: 222.49 seconds 



prediction: cup

Inference time: 64.85 seconds 



prediction: bee

Inference time: 193.82 seconds 



prediction: otter

Inference time: 195.85 seconds 



prediction: boy

Inference time: 193.97 seconds 



prediction: wolf

Inference time: 209.14 seconds 



prediction: lawn_mower

Inference time: 222.51 seconds 



prediction: snake

Inference time: 196.47 seconds 



prediction: tulip

Inference time: 189.51 seconds 



prediction: hamster

Inference time: 195.30 seconds 



prediction: oak_tree

Inference time: 200.47 seconds 



prediction: beaver

Inference time: 200.34 seconds 



prediction: wolf

Inference time: 216.60 seconds 



prediction: dinosaur

Inference time: 214.61 seconds 



prediction: telephone

Inference time: 193.14 seconds 



prediction: porcupine

Inference time: 185.54 seconds 



prediction: wolf

Inference time: 163.40 seconds 



prediction: tractor

Inference time: 98.59 seconds 



prediction: lion

Inference time: 222.66 seconds 



prediction: bowl

Inference time: 79.53 seconds 



prediction: butterfly

Inference time: 218.17 seconds 



prediction: butterfly

Inference time: 223.85 seconds 



prediction: wolf

Inference time: 193.38 seconds 



prediction: beetle

Inference time: 209.23 seconds 



prediction: crocodile

Inference time: 215.01 seconds 



prediction: butterfly

Inference time: 197.18 seconds 



prediction: willow_tree

Inference time: 191.42 seconds 



prediction: plain

Inference time: 169.83 seconds 



prediction: bridge

Inference time: 179.40 seconds 



prediction: fox

Inference time: 200.34 seconds 



prediction: flatfish

Inference time: 209.21 seconds 



prediction: couch

Inference time: 193.35 seconds 



prediction: beaver

Inference time: 209.24 seconds 



prediction: rose

Inference time: 175.16 seconds 



prediction: mouse

Inference time: 209.48 seconds 



prediction: wardrobe

Inference time: 91.73 seconds 



prediction: dolphin

Inference time: 209.56 seconds 



prediction: bear

Inference time: 182.08 seconds 



prediction: beaver

Inference time: 181.42 seconds 



prediction: bus

Inference time: 204.95 seconds 



prediction: apple

Inference time: 189.67 seconds 



prediction: porcupine

Inference time: 209.49 seconds 



prediction: fox

Inference time: 215.36 seconds 



prediction: poppy

Inference time: 184.16 seconds 



prediction: couch

Inference time: 91.70 seconds 



prediction: shark

Inference time: 203.78 seconds 



prediction: boy

Inference time: 219.13 seconds 



prediction: caterpillar

Inference time: 207.68 seconds 



prediction: rabbit

Inference time: 208.99 seconds 



prediction: dinosaur

Inference time: 202.70 seconds 



prediction: oak_tree

Inference time: 83.83 seconds 



prediction: trout

Inference time: 224.11 seconds 



prediction: beaver

Inference time: 194.30 seconds 



prediction: beaver

Inference time: 215.84 seconds 



prediction: snake

Inference time: 211.49 seconds 



prediction: orange

Inference time: 73.06 seconds 



prediction: kangaroo

Inference time: 185.44 seconds 



prediction: bee

Inference time: 198.32 seconds 



prediction: willow_tree

Inference time: 200.09 seconds 



prediction: table

Inference time: 170.87 seconds 



prediction: bus

Inference time: 101.01 seconds 



prediction: chair

Inference time: 86.41 seconds 



prediction: chimpanzee

Inference time: 213.47 seconds 



prediction: rose

Inference time: 189.29 seconds 



prediction: rose

Inference time: 198.25 seconds 



prediction: crocodile

Inference time: 209.10 seconds 



prediction: table

Inference time: 91.45 seconds 



prediction: bed

Inference time: 198.83 seconds 



prediction: pear

Inference time: 212.82 seconds 



prediction: crocodile

Inference time: 187.97 seconds 



prediction: pear

Inference time: 86.40 seconds 



prediction: orange

Inference time: 212.86 seconds 



prediction: snake

Inference time: 217.94 seconds 



prediction: couch

Inference time: 214.77 seconds 



prediction: orange

Inference time: 81.96 seconds 



prediction: couch

Inference time: 83.86 seconds 



prediction: cloud

Inference time: 176.56 seconds 



prediction: leopard

Inference time: 208.98 seconds 



prediction: pine_tree

Inference time: 184.13 seconds 



prediction: fox

Inference time: 208.93 seconds 



prediction: sea

Inference time: 198.84 seconds 



prediction: tiger

Inference time: 209.01 seconds 



prediction: orchid

Inference time: 198.11 seconds 



prediction: wolf

Inference time: 178.47 seconds 



prediction: bottle

Inference time: 86.40 seconds 



prediction: bottle

Inference time: 208.26 seconds 



prediction: rabbit

Inference time: 172.06 seconds 



prediction: lizard

Inference time: 203.90 seconds 



prediction: television

Inference time: 202.74 seconds 



prediction: bridge

Inference time: 193.65 seconds 



prediction: worm

Inference time: 209.00 seconds 



prediction: tiger

Inference time: 209.03 seconds 



prediction: pear

Inference time: 86.48 seconds 



prediction: lion

Inference time: 222.45 seconds 



prediction: motorcycle

Inference time: 242.73 seconds 



prediction: mountain

Inference time: 179.21 seconds 



prediction: dolphin

Inference time: 202.07 seconds 



prediction: mountain

Inference time: 165.77 seconds 



prediction: palm_tree

Inference time: 200.05 seconds 



prediction: chimpanzee

Inference time: 237.01 seconds 



prediction: man

Inference time: 98.52 seconds 



prediction: shark

Inference time: 186.75 seconds 



prediction: beaver

Inference time: 187.54 seconds 



prediction: tank

Inference time: 228.23 seconds 



prediction: bee

Inference time: 212.89 seconds 



prediction: crocodile

Inference time: 214.80 seconds 



prediction: chair

Inference time: 175.39 seconds 



prediction: kangaroo

Inference time: 185.61 seconds 



prediction: plain

Inference time: 200.19 seconds 



prediction: snail

Inference time: 198.37 seconds 



prediction: orchid

Inference time: 82.03 seconds 



prediction: dinosaur

Inference time: 193.19 seconds 



prediction: rabbit

Inference time: 178.54 seconds 



prediction: worm

Inference time: 217.35 seconds 



prediction: castle

Inference time: 86.43 seconds 



prediction: apple

Inference time: 81.99 seconds 



prediction: bowl

Inference time: 73.11 seconds 



prediction: chair

Inference time: 175.41 seconds 



prediction: beaver

Inference time: 222.47 seconds 



prediction: rose

Inference time: 223.73 seconds 



prediction: train

Inference time: 213.52 seconds 



prediction: pine_tree

Inference time: 92.78 seconds 



prediction: mouse

Inference time: 209.05 seconds 



prediction: tractor

Inference time: 179.23 seconds 



prediction: telephone

Inference time: 91.51 seconds 



prediction: keyboard

Inference time: 86.44 seconds 



prediction: bottle

Inference time: 85.81 seconds 



prediction: flatfish

Inference time: 218.05 seconds 



prediction: house

Inference time: 209.11 seconds 



prediction: lizard

Inference time: 223.69 seconds 



prediction: rose

Inference time: 82.01 seconds 



prediction: beaver

Inference time: 189.39 seconds 



prediction: lamp

Inference time: 200.11 seconds 



prediction: sea

Inference time: 187.59 seconds 



prediction: dolphin

Inference time: 194.63 seconds 



prediction: house

Inference time: 173.55 seconds 



prediction: rocket

Inference time: 111.84 seconds 



prediction: wolf

Inference time: 185.57 seconds 



prediction: television

Inference time: 202.77 seconds 



prediction: dolphin

Inference time: 209.08 seconds 



prediction: tulip

Inference time: 207.24 seconds 



prediction: motorcycle

Inference time: 111.91 seconds 



prediction: apple

Inference time: 73.13 seconds 



prediction: mountain

Inference time: 193.28 seconds 



prediction: man

Inference time: 92.82 seconds 



prediction: mountain

Inference time: 92.77 seconds 



prediction: wardrobe

Inference time: 207.88 seconds 



prediction: maple_tree

Inference time: 214.86 seconds 



prediction: dolphin

Inference time: 222.54 seconds 



prediction: house

Inference time: 178.71 seconds 



prediction: lawn_mower

Inference time: 98.54 seconds 



prediction: dinosaur

Inference time: 209.23 seconds 



prediction: beaver

Inference time: 196.47 seconds 



prediction: kangaroo

Inference time: 216.81 seconds 



prediction: tulip

Inference time: 204.08 seconds 



prediction: crocodile

Inference time: 213.08 seconds 



prediction: sweet_pepper

Inference time: 82.12 seconds 



prediction: chair

Inference time: 202.85 seconds 



prediction: beetle

Inference time: 233.43 seconds 



prediction: ray

Inference time: 222.63 seconds 



prediction: lion

Inference time: 185.73 seconds 



prediction: wardrobe

Inference time: 91.59 seconds 



prediction: house

Inference time: 107.47 seconds 



prediction: bed

Inference time: 188.66 seconds 



prediction: lion

Inference time: 223.82 seconds 



prediction: chimpanzee

Inference time: 238.50 seconds 



prediction: lamp

Inference time: 86.32 seconds 



prediction: boy

Inference time: 227.66 seconds 



prediction: baby

Inference time: 189.27 seconds 



prediction: lizard

Inference time: 192.46 seconds 



prediction: dolphin

Inference time: 195.62 seconds 



prediction: forest

Inference time: 207.18 seconds 



prediction: rose

Inference time: 219.29 seconds 



prediction: apple

Inference time: 73.51 seconds 



prediction: skyscraper

Inference time: 93.33 seconds 



prediction: lizard

Inference time: 215.98 seconds 



prediction: poppy

Inference time: 183.75 seconds 



prediction: clock

Inference time: 217.33 seconds 



prediction: beaver

Inference time: 205.27 seconds 



prediction: camel

Inference time: 193.16 seconds 



prediction: wolf

Inference time: 184.28 seconds 



prediction: willow_tree

Inference time: 191.34 seconds 



prediction: seal

Inference time: 200.38 seconds 



prediction: keyboard

Inference time: 91.55 seconds 



prediction: rocket

Inference time: 219.26 seconds 



prediction: orchid

Inference time: 92.80 seconds 



prediction: bottle

Inference time: 86.46 seconds 



prediction: rose

Inference time: 92.80 seconds 



prediction: chair

Inference time: 83.89 seconds 



prediction: orange

Inference time: 203.98 seconds 



prediction: baby

Inference time: 111.83 seconds 



prediction: mushroom

Inference time: 180.57 seconds 



prediction: whale

Inference time: 218.15 seconds 



prediction: motorcycle

Inference time: 198.90 seconds 



prediction: elephant

Inference time: 200.15 seconds 



prediction: leopard

Inference time: 194.47 seconds 



prediction: pickup_truck

Inference time: 98.50 seconds 



prediction: dinosaur

Inference time: 177.90 seconds 



prediction: snake

Inference time: 189.47 seconds 



prediction: snake

Inference time: 211.77 seconds 



prediction: beaver

Inference time: 176.70 seconds 



prediction: aquarium_fish

Inference time: 211.08 seconds 



prediction: mountain

Inference time: 202.13 seconds 



prediction: chimpanzee

Inference time: 202.07 seconds 



prediction: plain

Inference time: 92.77 seconds 



prediction: trout

Inference time: 201.56 seconds 



prediction: lizard

Inference time: 202.23 seconds 



prediction: bus

Inference time: 98.52 seconds 



prediction: lizard

Inference time: 194.44 seconds 



prediction: motorcycle

Inference time: 208.38 seconds 



prediction: sea

Inference time: 175.34 seconds 



prediction: skyscraper

Inference time: 85.78 seconds 



prediction: sea

Inference time: 207.74 seconds 



prediction: mountain

Inference time: 204.83 seconds 



prediction: bee

Inference time: 202.82 seconds 



prediction: beaver

Inference time: 200.17 seconds 



prediction: leopard

Inference time: 236.97 seconds 



prediction: oak_tree

Inference time: 176.60 seconds 



prediction: snake

Inference time: 214.79 seconds 



prediction: hamster

Inference time: 198.87 seconds 



prediction: cup

Inference time: 81.99 seconds 



prediction: wolf

Inference time: 202.10 seconds 



prediction: snake

Inference time: 202.07 seconds 



prediction: bottle

Inference time: 202.59 seconds 



prediction: cockroach

Inference time: 196.86 seconds 



prediction: leopard

Inference time: 191.15 seconds 



prediction: mouse

Inference time: 170.83 seconds 



prediction: beaver

Inference time: 172.32 seconds 



prediction: rose

Inference time: 212.96 seconds 



prediction: baby

Inference time: 242.66 seconds 



prediction: pear

Inference time: 212.82 seconds 



prediction: pickup_truck

Inference time: 236.87 seconds 



prediction: rose

Inference time: 81.91 seconds 



prediction: tank

Inference time: 204.59 seconds 



prediction: orchid

Inference time: 213.01 seconds 



prediction: bus

Inference time: 101.12 seconds 



prediction: train

Inference time: 111.88 seconds 



prediction: camel

Inference time: 200.91 seconds 



prediction: sunflower

Inference time: 213.00 seconds 



prediction: tractor

Inference time: 101.11 seconds 



prediction: elephant

Inference time: 200.25 seconds 



prediction: crocodile

Inference time: 237.20 seconds 



prediction: beaver

Inference time: 172.28 seconds 



prediction: can

Inference time: 85.84 seconds 



prediction: bed

Inference time: 198.95 seconds 



prediction: cockroach

Inference time: 204.09 seconds 



prediction: boy

Inference time: 107.46 seconds 



prediction: beetle

Inference time: 227.51 seconds 



prediction: poppy

Inference time: 198.31 seconds 



prediction: dolphin

Inference time: 196.48 seconds 



prediction: lizard

Inference time: 189.41 seconds 



prediction: sea

Inference time: 193.17 seconds 



prediction: bee

Inference time: 201.44 seconds 



prediction: bus

Inference time: 204.65 seconds 



prediction: man

Inference time: 111.87 seconds 



prediction: cloud

Inference time: 198.90 seconds 



prediction: aquarium_fish

Inference time: 204.17 seconds 



prediction: beaver

Inference time: 194.51 seconds 



prediction: elephant

Inference time: 204.65 seconds 



prediction: seal

Inference time: 194.52 seconds 



prediction: maple_tree

Inference time: 82.01 seconds 



prediction: oak_tree

Inference time: 200.24 seconds 



prediction: butterfly

Inference time: 205.34 seconds 



prediction: lion

Inference time: 195.14 seconds 



prediction: mouse

Inference time: 181.26 seconds 



prediction: keyboard

Inference time: 111.84 seconds 



prediction: wolf

Inference time: 194.44 seconds 



prediction: motorcycle

Inference time: 111.82 seconds 



prediction: wolf

Inference time: 194.49 seconds 



prediction: bus

Inference time: 111.82 seconds 



prediction: beaver

Inference time: 214.84 seconds 



prediction: mountain

Inference time: 189.53 seconds 



prediction: plate

Inference time: 98.56 seconds 



prediction: orange

Inference time: 86.50 seconds 



prediction: dinosaur

Inference time: 195.82 seconds 



prediction: aquarium_fish

Inference time: 209.70 seconds 



prediction: plain

Inference time: 175.39 seconds 



prediction: pear

Inference time: 203.95 seconds 



prediction: butterfly

Inference time: 218.02 seconds 



prediction: cockroach

Inference time: 237.14 seconds 



prediction: crocodile

Inference time: 213.63 seconds 



prediction: bed

Inference time: 189.40 seconds 



prediction: baby

Inference time: 111.80 seconds 



prediction: sweet_pepper

Inference time: 81.97 seconds 



prediction: motorcycle

Inference time: 213.39 seconds 



prediction: crocodile

Inference time: 202.65 seconds 



prediction: lion

Inference time: 172.30 seconds 



prediction: lawn_mower

Inference time: 213.54 seconds 



prediction: oak_tree

Inference time: 200.26 seconds 



prediction: seal

Inference time: 185.53 seconds 



prediction: wardrobe

Inference time: 193.75 seconds 



prediction: wolf

Inference time: 202.12 seconds 



prediction: lion

Inference time: 209.24 seconds 



prediction: orange

Inference time: 212.99 seconds 



prediction: turtle

Inference time: 214.88 seconds 



prediction: lizard

Inference time: 209.12 seconds 



prediction: table

Inference time: 86.39 seconds 



prediction: girl

Inference time: 217.35 seconds 



prediction: streetcar

Inference time: 204.62 seconds 



prediction: telephone

Inference time: 219.50 seconds 



prediction: boy

Inference time: 101.09 seconds 



prediction: beaver

Inference time: 185.50 seconds 



prediction: kangaroo

Inference time: 172.18 seconds 



prediction: bicycle

Inference time: 195.82 seconds 



prediction: wolf

Inference time: 185.55 seconds 



prediction: bottle

Inference time: 178.52 seconds 



prediction: willow_tree

Inference time: 181.35 seconds 



prediction: worm

Inference time: 203.53 seconds 



prediction: cockroach

Inference time: 206.98 seconds 



prediction: dinosaur

Inference time: 208.96 seconds 



prediction: butterfly

Inference time: 189.37 seconds 



prediction: bicycle

Inference time: 92.76 seconds 



prediction: plain

Inference time: 98.46 seconds 



