49: [49, 60, 72, 73, 95] : 93.95119071006775
92: [92, 0, 60, 83, 61] : 107.63803362846375
41: [41, 90, 67, 69, 27] : 112.84145736694336
75: [97, 42, 56, 88, 96] : 114.5703456401825
7: [7, 6, 77, 93, 51] : 113.89335107803345
71: [71, 60, 95, 49, 30] : 112.98291540145874
50: [74, 6, 4, 63, 67] : 113.32031464576721
27: [27, 4, 44, 15, 42] : 113.57618069648743
70: [70, 53, 92, 62, 83] : 113.75497961044312
24: [6, 91, 24, 32, 63] : 110.78389573097229
36: [36, 50, 65, 64, 63] : 109.81645584106445
32: [57, 72, 83, 93, 9] : 109.16312026977539
45: [45, 26, 29, 88, 65] : 109.03853559494019
80: [80, 75, 34, 4, 64] : 109.71533131599426
12: [76, 60, 86, 17, 22] : 110.15781664848328
23: [23, 76, 49, 60, 56] : 109.5409324169159
58: [58, 85, 89, 7, 97] : 110.0557029247284
96: [96, 52, 47, 59, 33] : 110.13701272010803
42: [43, 42, 88, 97, 3] : 109.9198670387268
86: [83, 78, 57, 99, 29] : 110.17992687225342
37: [17, 60, 37, 43, 15] : 110.3131730556488
45: [45, 29, 26, 67, 4] : 110.49634218215942
37: [37, 17, 47, 96, 59] : 110.18667984008789
90: [60, 33, 68, 90, 27] : 110.32278633117676
69: [69, 17, 76, 23, 52] : 110.19845247268677
40: [40, 99, 9, 52, 17] : 109.87530398368835
27: [29, 27, 80, 87, 47] : 109.81108450889587
18: [99, 24, 79, 60, 69] : 113.10519671440125
55: [29, 97, 38, 34, 42] : 112.64032292366028
54: [70, 92, 54, 62, 47] : 109.54725956916809
37: [37, 17, 23, 85, 27] : 113.59297561645508
36: [65, 4, 38, 77, 50] : 112.06794691085815
35: [35, 98, 11, 2, 46] : 109.87018871307373
37: [37, 17, 60, 52, 59] : 109.1028847694397
27: [27, 97, 72, 4, 43] : 108.9383180141449
73: [73, 30, 95, 49, 97] : 108.81326150894165
65: [65, 50, 74, 4, 64] : 109.08025240898132
91: [91, 1, 73, 32, 67] : 109.48103594779968
64: [80, 64, 38, 97, 74] : 109.35081267356873
17: [17, 60, 69, 37, 52] : 109.44818782806396
41: [41, 89, 69, 37, 17] : 109.3576295375824
19: [19, 43, 29, 60, 38] : 109.13910603523254
83: [83, 0, 57, 53, 84] : 109.4899628162384
37: [37, 47, 53, 17, 5] : 109.64621949195862
65: [38, 65, 34, 80, 97] : 109.27969336509705
97: [97, 65, 88, 50, 75] : 108.93742680549622
95: [95, 30, 71, 72, 17] : 108.79653000831604
48: [48, 41, 8, 89, 58] : 109.09196949005127
54: [54, 70, 6, 14, 82] : 109.71067190170288
86: [86, 24, 81, 99, 18] : 109.57364630699158
86: [86, 16, 87, 9, 39] : 109.21333265304565
6: [6, 82, 70, 47, 51] : 109.11767911911011
85: [85, 41, 27, 7, 18] : 109.19137406349182
53: [53, 57, 0, 99, 83] : 108.9225857257843
9: [9, 10, 84, 61, 40] : 109.37546849250793
20: [20, 25, 84, 5, 10] : 108.6359806060791
99: [99, 78, 53, 18, 44] : 109.17757439613342
8: [8, 48, 7, 53, 45] : 109.04247117042542
14: [14, 18, 67, 7, 24] : 108.67419981956482
23: [49, 60, 23, 67, 33] : 108.95555400848389
74: [4, 80, 50, 3, 65] : 108.8960542678833
82: [82, 14, 62, 6, 54] : 109.23483753204346
15: [15, 29, 27, 42, 31] : 109.6916151046753
30: [30, 95, 72, 55, 71] : 109.76286244392395
71: [71, 95, 30, 60, 50] : 110.06261706352234
28: [28, 10, 57, 16, 92] : 109.62875294685364
81: [81, 47, 90, 52, 96] : 109.27988839149475
26: [82, 1, 70, 6, 92] : 108.75050282478333
96: [41, 60, 52, 0, 47] : 109.26402759552002
76: [76, 60, 49, 12, 13] : 109.3501296043396
21: [21, 78, 31, 63, 65] : 109.48496150970459
0: [0, 57, 53, 60, 83] : 109.47878956794739
2: [2, 11, 65, 35, 50] : 108.93522429466248
46: [46, 98, 11, 35, 61] : 109.39928889274597
15: [15, 29, 38, 43, 31] : 109.57845783233643
43: [43, 88, 3, 4, 97] : 109.84283089637756
19: [97, 19, 38, 29, 43] : 109.82801580429077
88: [88, 43, 42, 34, 4] : 109.72874212265015
88: [97, 34, 88, 63, 42] : 109.49080920219421
39: [39, 27, 86, 25, 20] : 109.41797542572021
28: [28, 16, 5, 9, 61] : 109.768470287323
17: [17, 49, 60, 59, 33] : 109.62913942337036
4: [50, 74, 4, 72, 65] : 109.43154382705688
42: [74, 7, 4, 99, 6] : 109.5537736415863
53: [53, 0, 57, 83, 10] : 109.45642757415771
47: [47, 52, 96, 23, 59] : 109.30300641059875
43: [43, 3, 4, 97, 42] : 109.03703188896179
81: [37, 39, 17, 86, 12] : 108.67411041259766
8: [41, 8, 96, 47, 68] : 108.0317931175232
47: [60, 96, 23, 17, 47] : 108.71385312080383
19: [19, 38, 15, 43, 42] : 108.52592134475708
62: [62, 70, 82, 51, 6] : 108.53171968460083
70: [70, 62, 92, 60, 0] : 108.99133396148682
87: [87, 20, 86, 60, 94] : 108.66204166412354
92: [92, 53, 14, 62, 83] : 109.00414824485779
55: [18, 80, 99, 44, 29] : 109.07212352752686
62: [62, 47, 49, 6, 70] : 108.67006492614746
17: [17, 60, 85, 22, 37] : 109.07118129730225
58: [58, 69, 16, 9, 29] : 108.9009370803833
64: [80, 64, 74, 50, 38] : 108.61033344268799
60: [60, 49, 33, 59, 19] : 108.28315925598145
13: [13, 15, 27, 84, 24] : 109.12898659706116
65: [65, 50, 97, 38, 64] : 109.17825436592102
24: [24, 7, 6, 79, 14] : 109.5695550441742
12: [17, 97, 76, 12, 15] : 109.193279504776
10: [10, 28, 84, 51, 61] : 109.29267930984497
10: [10, 28, 84, 20, 61] : 109.05735540390015
83: [99, 53, 83, 32, 29] : 109.16598010063171
27: [44, 99, 30, 27, 18] : 108.28031826019287
73: [91, 1, 73, 67, 30] : 107.8515362739563
51: [53, 45, 51, 26, 93] : 108.79995918273926
17: [17, 77, 69, 65, 22] : 108.42389392852783
20: [25, 20, 87, 5, 75] : 108.48956179618835
86: [85, 17, 87, 90, 60] : 109.04425144195557
70: [70, 14, 62, 18, 6] : 108.61507797241211
49: [49, 60, 71, 23, 76] : 108.755695104599
56: [56, 59, 52, 96, 47] : 108.62110042572021
43: [43, 42, 3, 88, 97] : 108.45184588432312
28: [28, 40, 16, 10, 9] : 108.69253516197205
17: [17, 9, 28, 16, 6] : 108.46210503578186
74: [4, 55, 74, 75, 63] : 108.07712054252625
46: [11, 35, 38, 46, 2] : 108.1666271686554
63: [66, 97, 65, 4, 88] : 107.94655871391296
41: [41, 69, 89, 90, 86] : 107.6497311592102
78: [31, 78, 42, 44, 99] : 107.6311137676239
92: [92, 70, 83, 82, 56] : 108.94212532043457
36: [36, 50, 65, 64, 74] : 109.884042263031
59: [52, 59, 56, 96, 47] : 109.81792068481445
4: [4, 80, 55, 44, 74] : 109.65322613716125
97: [97, 43, 38, 34, 15] : 109.56467914581299
29: [29, 27, 93, 38, 65] : 109.49607586860657
87: [86, 87, 89, 20, 41] : 109.69175744056702
63: [63, 56, 82, 59, 52] : 109.51531505584717
27: [27, 44, 65, 78, 93] : 109.033775806427
89: [89, 41, 85, 60, 58] : 109.97609543800354
43: [43, 97, 42, 38, 3] : 112.9960446357727
10: [10, 28, 9, 61, 51] : 113.08893513679504
54: [14, 18, 99, 92, 7] : 113.26332473754883
73: [44, 14, 99, 78, 97] : 113.50164198875427
19: [97, 19, 34, 43, 75] : 114.08226871490479
41: [41, 7, 89, 20, 18] : 113.98035073280334
27: [27, 44, 73, 30, 29] : 113.50425171852112
14: [14, 32, 7, 1, 91] : 113.68573522567749
96: [47, 96, 52, 88, 43] : 113.89369630813599
76: [60, 76, 71, 23, 20] : 113.98539972305298
12: [17, 12, 60, 96, 69] : 113.96251201629639
34: [34, 97, 38, 80, 75] : 113.7411003112793
50: [74, 32, 65, 50, 64] : 113.93009972572327
25: [25, 20, 5, 87, 84] : 113.20432615280151
51: [74, 80, 78, 32, 4] : 113.31153059005737
70: [70, 23, 60, 3, 88] : 114.01014232635498
50: [50, 4, 74, 65, 64] : 113.44269919395447
94: [94, 5, 40, 22, 84] : 113.517995595932
30: [30, 73, 95, 1, 91] : 113.04002451896667
3: [3, 21, 75, 4, 63] : 113.08847689628601
55: [4, 55, 29, 65, 75] : 112.9898624420166
81: [13, 60, 68, 12, 58] : 113.34275126457214
0: [0, 57, 53, 10, 99] : 113.56733226776123
64: [3, 63, 64, 4, 97] : 113.27074837684631
34: [34, 42, 3, 63, 4] : 112.39276552200317
92: [62, 70, 51, 82, 53] : 112.01930260658264
20: [25, 20, 5, 84, 94] : 112.37280631065369
73: [73, 30, 95, 72, 65] : 112.67547726631165
11: [11, 2, 35, 85, 17] : 113.51302075386047
89: [18, 42, 88, 89, 15] : 113.07777452468872
50: [50, 65, 80, 29, 27] : 112.70282244682312
10: [29, 57, 93, 9, 10] : 111.43809962272644
52: [52, 96, 59, 47, 49] : 112.6158037185669
91: [91, 32, 1, 67, 99] : 112.8235867023468
63: [34, 65, 38, 3, 4] : 113.01674842834473
4: [4, 55, 27, 32, 75] : 112.46041703224182
78: [78, 99, 18, 83, 0] : 112.97520709037781
53: [53, 60, 86, 39, 61] : 113.08910727500916
38: [38, 80, 34, 65, 64] : 113.34201002120972
6: [6, 14, 18, 7, 82] : 112.60506343841553
47: [96, 52, 60, 47, 37] : 111.52962303161621
84: [93, 37, 20, 84, 24] : 112.43581414222717
13: [13, 16, 60, 69, 7] : 112.61177015304565
5: [20, 84, 53, 5, 12] : 113.15856528282166
21: [21, 88, 3, 97, 43] : 112.33274006843567
70: [70, 6, 18, 62, 14] : 111.90442156791687
70: [70, 92, 60, 62, 28] : 112.19072794914246
27: [27, 29, 30, 93, 32] : 111.80330777168274
5: [60, 87, 84, 94, 5] : 111.68204641342163
5: [5, 37, 94, 20, 25] : 111.4679901599884
0: [0, 57, 53, 83, 99] : 111.57880854606628
73: [25, 5, 27, 2, 85] : 110.93827676773071
89: [89, 85, 41, 96, 58] : 112.22023463249207
7: [7, 53, 83, 57, 99] : 112.41936564445496
78: [78, 44, 99, 27, 29] : 112.05976176261902
25: [25, 20, 5, 37, 94] : 110.71376156806946
53: [53, 87, 10, 82, 99] : 111.78803038597107
25: [25, 5, 20, 84, 87] : 111.69773626327515
23: [23, 71, 49, 33, 60] : 112.2753677368164
42: [42, 43, 88, 4, 34] : 111.80479311943054
59: [59, 47, 56, 76, 96] : 110.82624173164368
34: [34, 38, 97, 64, 3] : 111.40005898475647
71: [71, 30, 95, 60, 45] : 112.34630465507507
88: [88, 42, 43, 65, 4] : 112.12730598449707
62: [54, 70, 14, 99, 92] : 112.10010623931885
42: [97, 38, 43, 15, 34] : 111.49663233757019
9: [9, 69, 60, 57, 16] : 111.5391047000885
9: [9, 10, 78, 99, 93] : 110.31885194778442
65: [65, 72, 4, 50, 55] : 110.23939633369446
50: [4, 80, 44, 65, 74] : 110.45033192634583
87: [87, 86, 39, 1, 17] : 111.8469774723053
12: [71, 12, 60, 53, 49] : 112.25593256950378
99: [99, 78, 18, 83, 86] : 112.47751665115356
88: [88, 34, 80, 38, 42] : 112.9594132900238
57: [10, 57, 61, 53, 0] : 112.06207132339478
43: [43, 88, 42, 4, 38] : 112.11999702453613
48: [48, 8, 78, 69, 99] : 112.73690724372864
49: [60, 49, 13, 37, 82] : 112.72066497802734
73: [73, 30, 95, 67, 29] : 113.0729968547821
49: [49, 33, 60, 23, 52] : 111.8647186756134
56: [56, 71, 59, 49, 17] : 111.25713038444519
21: [21, 27, 78, 29, 44] : 110.73011755943298
46: [46, 11, 98, 35, 60] : 109.87081336975098
73: [73, 91, 32, 30, 1] : 110.0905933380127
77: [74, 99, 4, 77, 32] : 110.6129515171051
85: [85, 41, 27, 89, 86] : 110.54810905456543
32: [65, 50, 67, 63, 44] : 110.3857114315033
27: [27, 44, 78, 91, 32] : 110.03295302391052
20: [20, 25, 84, 5, 60] : 109.34343791007996
38: [38, 65, 80, 4, 55] : 109.21804094314575
96: [33, 60, 59, 52, 96] : 109.54182577133179
77: [77, 79, 24, 7, 19] : 109.91133260726929
54: [54, 62, 47, 70, 14] : 109.26473355293274
29: [29, 4, 74, 42, 64] : 108.78519248962402
65: [23, 2, 65, 50, 38] : 109.24245500564575
84: [87, 39, 99, 89, 60] : 109.89985370635986
85: [85, 17, 27, 31, 84] : 110.84792423248291
0: [0, 53, 57, 60, 92] : 110.9773325920105
10: [10, 28, 84, 61, 53] : 110.63216471672058
28: [9, 60, 20, 28, 40] : 111.13377356529236
34: [80, 4, 34, 74, 65] : 111.8495671749115
70: [70, 62, 82, 99, 18] : 111.52158570289612
90: [90, 17, 60, 85, 49] : 110.95492601394653
59: [59, 52, 96, 47, 60] : 111.27891516685486
50: [50, 64, 36, 65, 74] : 111.40909457206726
89: [41, 89, 85, 8, 52] : 112.04765462875366
87: [86, 87, 94, 0, 9] : 111.59072208404541
39: [39, 25, 5, 87, 84] : 111.50200653076172
9: [9, 16, 40, 25, 28] : 111.453537940979
77: [32, 91, 78, 1, 14] : 111.4559428691864
37: [37, 17, 70, 96, 47] : 111.7818250656128
45: [91, 32, 4, 67, 44] : 112.0859203338623
10: [61, 10, 70, 92, 28] : 111.72444987297058
51: [51, 43, 4, 80, 63] : 111.61539649963379
40: [40, 56, 59, 69, 96] : 111.19081449508667
71: [71, 26, 45, 30, 95] : 111.72856140136719
30: [30, 97, 95, 74, 34] : 111.82792496681213
37: [37, 17, 56, 23, 47] : 111.76833915710449
69: [69, 76, 17, 12, 60] : 111.67367696762085
75: [75, 80, 97, 38, 19] : 111.47843384742737
87: [71, 60, 87, 49, 17] : 110.89774823188782
30: [30, 91, 95, 44, 74] : 111.70128059387207
92: [92, 70, 62, 51, 57] : 111.77690601348877
48: [48, 41, 89, 58, 87] : 111.50881433486938
0: [0, 53, 57, 83, 10] : 110.84108686447144
49: [49, 17, 15, 76, 69] : 111.17829489707947
46: [46, 11, 86, 60, 87] : 111.61273312568665
49: [49, 60, 29, 33, 69] : 111.90136456489563
94: [94, 37, 60, 86, 20] : 111.89144468307495
47: [47, 52, 96, 59, 70] : 111.58455038070679
72: [30, 95, 55, 72, 44] : 111.3305869102478
37: [37, 47, 17, 52, 96] : 111.05646109580994
41: [41, 86, 89, 69, 87] : 111.79512238502502
29: [74, 29, 65, 50, 93] : 111.61185836791992
50: [74, 64, 50, 29, 4] : 111.4050076007843
42: [38, 65, 29, 80, 27] : 111.04153370857239
92: [70, 92, 62, 0, 83] : 111.06439447402954
43: [4, 27, 29, 93, 67] : 111.40126776695251
83: [83, 61, 0, 10, 9] : 111.51664781570435
25: [20, 25, 84, 17, 5] : 111.45375084877014
7: [7, 24, 79, 6, 45] : 111.16213250160217
69: [69, 60, 85, 49, 27] : 111.527419090271
43: [43, 4, 42, 3, 63] : 111.38600587844849
86: [20, 60, 40, 94, 69] : 111.5303680896759
13: [81, 13, 69, 60, 57] : 111.19391536712646
5: [5, 37, 20, 94, 25] : 111.01588082313538
43: [42, 43, 38, 3, 88] : 111.33134150505066
21: [21, 31, 3, 74, 27] : 111.2415235042572
40: [40, 84, 51, 9, 93] : 111.10882329940796
11: [11, 46, 35, 2, 98] : 111.31343650817871
2: [2, 11, 35, 10, 36] : 111.27438521385193
74: [97, 4, 42, 74, 50] : 110.96559357643127
30: [30, 95, 73, 72, 32] : 110.60331439971924
33: [33, 68, 49, 60, 52] : 110.62585186958313
92: [92, 70, 62, 7, 14] : 111.13643431663513
0: [0, 57, 10, 28, 53] : 111.47442317008972
22: [22, 76, 56, 17, 23] : 111.54147601127625
45: [44, 99, 78, 29, 79] : 111.46458101272583
70: [70, 62, 92, 14, 7] : 111.22910356521606
22: [22, 9, 7, 78, 17] : 110.9386785030365
74: [93, 32, 77, 74, 44] : 111.69485068321228
15: [15, 43, 29, 38, 3] : 111.54579019546509
43: [97, 43, 15, 31, 38] : 111.73711895942688
47: [52, 96, 47, 60, 59] : 112.13622975349426
72: [72, 4, 55, 45, 30] : 111.69695377349854
39: [39, 25, 20, 16, 94] : 111.8541898727417
69: [69, 23, 60, 95, 30] : 111.64425563812256
54: [54, 59, 62, 96, 92] : 111.46061873435974
9: [9, 40, 69, 20, 57] : 111.27889800071716
85: [85, 27, 29, 73, 88] : 111.31268787384033
25: [20, 25, 5, 84, 17] : 111.06013011932373
53: [53, 0, 57, 70, 83] : 111.1722309589386
2: [2, 11, 35, 46, 69] : 111.46507287025452
40: [40, 51, 20, 29, 93] : 111.46733713150024
75: [75, 66, 95, 3, 65] : 111.48712205886841
48: [48, 8, 30, 72, 86] : 111.11331415176392
31: [4, 31, 88, 42, 43] : 111.67905950546265
42: [42, 43, 88, 38, 97] : 111.6303460597992
58: [58, 60, 69, 68, 16] : 110.93413925170898
29: [29, 93, 4, 27, 42] : 110.97642087936401
78: [97, 78, 34, 47, 27] : 111.46655011177063
78: [99, 78, 18, 77, 42] : 111.53454184532166
4: [96, 63, 65, 80, 52] : 110.72627973556519
1: [1, 32, 91, 67, 95] : 111.03249216079712
49: [49, 17, 15, 97, 73] : 111.32855606079102
21: [21, 3, 97, 31, 63] : 110.7616548538208
68: [60, 71, 49, 68, 33] : 110.58419013023376
91: [91, 1, 32, 73, 30] : 111.13196778297424
44: [44, 27, 99, 29, 32] : 110.81669902801514
13: [13, 58, 90, 68, 81] : 110.50597214698792
64: [74, 44, 80, 78, 64] : 110.83043432235718
48: [48, 29, 78, 60, 44] : 111.28177309036255
71: [71, 95, 12, 60, 30] : 111.04076671600342
76: [76, 49, 60, 69, 17] : 110.57023048400879
71: [71, 60, 12, 76, 23] : 110.58096766471863
49: [49, 60, 23, 47, 17] : 110.96016883850098
6: [6, 7, 79, 77, 18] : 111.21571850776672
67: [4, 47, 78, 52, 88] : 110.88640713691711
42: [42, 88, 97, 3, 38] : 110.48455619812012
59: [56, 59, 52, 96, 33] : 110.75865483283997
44: [44, 99, 74, 78, 67] : 110.72239542007446
36: [50, 36, 4, 63, 74] : 111.12699842453003
28: [10, 28, 51, 61, 92] : 110.75771713256836
97: [97, 63, 34, 88, 38] : 111.37902498245239
44: [78, 44, 74, 27, 32] : 111.41903734207153
9: [9, 69, 16, 57, 53] : 111.15704083442688
24: [4, 7, 24, 6, 77] : 111.6710307598114
42: [42, 43, 29, 4, 51] : 111.20684885978699
67: [31, 85, 60, 20, 50] : 110.62363791465759
72: [4, 55, 63, 72, 3] : 110.66284656524658
70: [70, 92, 53, 54, 62] : 110.88451623916626
2: [2, 11, 5, 35, 0] : 110.3602066040039
57: [57, 53, 83, 77, 0] : 110.45975923538208
58: [58, 53, 16, 68, 28] : 110.03548884391785
70: [70, 18, 0, 14, 6] : 110.43258953094482
69: [85, 29, 89, 15, 11] : 110.50689840316772
54: [54, 70, 14, 47, 92] : 110.20331382751465
81: [81, 13, 90, 87, 9] : 110.4029893875122
90: [90, 13, 81, 89, 58] : 111.23180103302002
15: [15, 29, 27, 44, 43] : 110.24070262908936
82: [82, 6, 62, 61, 14] : 110.34101510047913
89: [89, 85, 17, 18, 15] : 110.15202307701111
31: [31, 15, 38, 43, 97] : 110.22807478904724
17: [27, 60, 85, 97, 71] : 110.66174006462097
4: [4, 50, 65, 63, 43] : 110.80447030067444
16: [16, 28, 9, 83, 69] : 110.22733640670776
5: [5, 25, 84, 20, 40] : 110.66433715820312
24: [7, 24, 45, 26, 79] : 111.31560754776001
35: [31, 96, 59, 27, 97] : 110.23423671722412
7: [7, 69, 99, 53, 18] : 111.3323245048523
62: [62, 92, 53, 70, 14] : 110.78681230545044
73: [1, 30, 91, 73, 32] : 110.89005994796753
74: [74, 44, 4, 27, 78] : 110.76111078262329
71: [12, 71, 49, 95, 60] : 110.7707006931305
6: [6, 29, 26, 7, 45] : 111.42897343635559
13: [13, 47, 90, 58, 52] : 111.55946707725525
46: [46, 98, 11, 94, 35] : 111.44021391868591
23: [23, 71, 60, 76, 69] : 109.51815676689148
91: [1, 91, 32, 67, 73] : 110.49933791160583
72: [57, 77, 80, 38, 65] : 110.54041457176208
31: [31, 15, 43, 3, 29] : 110.98301839828491
72: [72, 97, 3, 4, 65] : 111.0197594165802
47: [47, 96, 52, 70, 92] : 111.07990908622742
96: [52, 96, 47, 59, 0] : 111.05048274993896
14: [14, 99, 18, 24, 7] : 111.44244194030762
34: [34, 88, 97, 43, 42] : 110.88425970077515
50: [50, 64, 4, 3, 65] : 110.33383417129517
39: [39, 76, 86, 40, 94] : 111.39888286590576
59: [97, 59, 85, 88, 33] : 110.37262392044067
48: [48, 8, 69, 86, 60] : 110.43112397193909
97: [97, 34, 64, 42, 88] : 111.50188159942627
13: [13, 58, 81, 60, 37] : 110.56384897232056
50: [38, 65, 44, 99, 74] : 110.25794649124146
49: [49, 60, 59, 44, 51] : 110.30455231666565
61: [61, 10, 22, 89, 52] : 110.01546502113342
23: [94, 76, 39, 40, 11] : 110.48647904396057
44: [15, 43, 29, 38, 42] : 110.68052816390991
1: [1, 30, 45, 91, 73] : 110.75001096725464
27: [49, 60, 23, 71, 97] : 110.93822240829468
57: [23, 0, 32, 6, 57] : 110.70298051834106
14: [14, 18, 99, 7, 74] : 110.6395525932312
24: [45, 99, 24, 7, 27] : 111.19498944282532
12: [60, 12, 69, 23, 97] : 110.71132469177246
5: [5, 1, 29, 17, 93] : 110.19005632400513
2: [2, 11, 35, 46, 98] : 111.33568334579468
83: [83, 99, 18, 25, 53] : 110.71566081047058
48: [48, 8, 11, 68, 46] : 110.4451117515564
27: [27, 44, 67, 29, 1] : 110.34107065200806
43: [43, 42, 3, 88, 97] : 110.38682126998901
41: [41, 89, 48, 8, 58] : 110.22594785690308
56: [52, 96, 47, 56, 59] : 110.16057014465332
72: [72, 97, 43, 4, 66] : 110.93931579589844
94: [94, 60, 52, 17, 23] : 111.64412665367126
97: [97, 34, 38, 43, 29] : 110.87596392631531
43: [43, 88, 34, 42, 97] : 111.20454382896423
77: [53, 57, 51, 77, 0] : 110.78447198867798
93: [93, 30, 29, 95, 97] : 111.71102595329285
79: [79, 44, 6, 78, 7] : 113.22982025146484
84: [60, 84, 20, 52, 28] : 113.38943290710449
35: [35, 11, 98, 2, 17] : 113.31796479225159
81: [81, 13, 90, 88, 31] : 112.49722647666931
86: [86, 85, 89, 17, 87] : 111.95520448684692
11: [11, 46, 98, 35, 61] : 112.631187915802
75: [97, 34, 42, 43, 75] : 112.18607592582703
64: [80, 38, 64, 97, 3] : 112.17273712158203
8: [8, 48, 68, 33, 60] : 111.99429869651794
49: [49, 97, 67, 27, 74] : 112.82990860939026
16: [9, 69, 97, 16, 42] : 112.78551936149597
59: [96, 52, 59, 47, 41] : 112.99125576019287
45: [99, 27, 9, 45, 85] : 112.70207262039185
24: [24, 99, 7, 45, 91] : 112.47417783737183
34: [34, 97, 38, 43, 29] : 112.27361130714417
80: [14, 78, 80, 1, 44] : 112.74778056144714
8: [8, 48, 0, 41, 86] : 112.85998845100403
68: [68, 48, 8, 60, 13] : 113.23774123191833
3: [3, 4, 63, 55, 64] : 113.37619757652283
92: [70, 92, 99, 62, 27] : 112.60918021202087
57: [4, 65, 51, 74, 27] : 112.25233507156372
82: [82, 62, 87, 53, 86] : 112.2323706150055
92: [92, 70, 14, 7, 18] : 112.9558653831482
24: [24, 6, 7, 45, 82] : 113.12209796905518
32: [1, 91, 32, 95, 67] : 113.1916275024414
76: [17, 76, 9, 60, 1] : 112.55514240264893
32: [9, 2, 86, 16, 29] : 112.77403831481934
46: [46, 11, 94, 98, 35] : 112.96439933776855
26: [45, 26, 99, 44, 29] : 113.26104640960693
62: [62, 70, 82, 99, 14] : 112.98663926124573
23: [23, 76, 60, 49, 17] : 112.94029498100281
63: [4, 80, 97, 63, 29] : 111.95797204971313
51: [51, 70, 99, 62, 77] : 111.37026810646057
70: [70, 62, 53, 92, 82] : 113.65267586708069
25: [41, 20, 25, 85, 5] : 114.61670255661011
80: [80, 4, 65, 3, 43] : 114.36623740196228
36: [36, 65, 50, 64, 4] : 110.79610991477966
61: [74, 29, 4, 52, 66] : 110.37168765068054
15: [15, 29, 27, 97, 74] : 112.2423141002655
38: [38, 64, 4, 50, 74] : 113.35112810134888
1: [1, 91, 32, 53, 14] : 112.83538818359375
34: [34, 97, 88, 42, 64] : 113.39333176612854
67: [32, 93, 73, 67, 72] : 113.21387600898743
86: [86, 22, 40, 94, 9] : 113.42310881614685
64: [50, 36, 65, 74, 64] : 112.92309832572937
24: [24, 7, 77, 99, 93] : 113.25739431381226
82: [82, 62, 6, 70, 14] : 113.61180472373962
5: [5, 20, 84, 25, 12] : 113.0068666934967
76: [76, 69, 60, 85, 67] : 112.71783137321472
13: [13, 58, 81, 48, 69] : 112.66990733146667
61: [29, 97, 38, 3, 80] : 113.3706648349762
50: [97, 43, 31, 3, 88] : 112.69224691390991
70: [41, 96, 52, 47, 56] : 112.23407888412476
98: [35, 98, 2, 11, 20] : 112.29833030700684
20: [20, 25, 84, 86, 5] : 111.65485644340515
97: [97, 38, 34, 88, 42] : 112.02822613716125
60: [60, 94, 28, 87, 9] : 111.69172239303589
14: [14, 18, 67, 99, 6] : 112.375896692276
27: [27, 65, 93, 44, 4] : 113.2819573879242
87: [87, 20, 25, 5, 9] : 113.15362668037415
60: [49, 60, 12, 17, 85] : 113.11907982826233
44: [44, 91, 29, 27, 73] : 112.58906817436218
8: [8, 48, 41, 89, 35] : 112.64985466003418
95: [95, 72, 30, 27, 55] : 113.283043384552
82: [82, 62, 70, 14, 6] : 113.13275527954102
51: [44, 51, 7, 4, 18] : 113.22481441497803
8: [8, 48, 60, 72, 67] : 113.4141149520874
41: [41, 89, 69, 28, 20] : 113.02722024917603
3: [3, 43, 38, 88, 97] : 113.59570002555847
67: [67, 32, 73, 23, 38] : 113.19307947158813
50: [80, 64, 4, 51, 65] : 113.1669590473175
9: [53, 9, 87, 82, 16] : 113.11424136161804
70: [70, 62, 92, 18, 6] : 113.36267399787903
80: [80, 65, 74, 44, 50] : 113.29858469963074
82: [82, 70, 62, 52, 18] : 112.97257947921753
84: [84, 37, 20, 5, 40] : 112.59417128562927
63: [74, 77, 93, 4, 44] : 112.32805061340332
60: [71, 60, 49, 12, 59] : 113.19756865501404
80: [80, 4, 65, 34, 38] : 112.72429966926575
56: [56, 71, 59, 96, 52] : 111.96718549728394
25: [5, 25, 20, 94, 60] : 111.46614050865173
74: [4, 74, 50, 55, 65] : 111.95461535453796
38: [38, 15, 43, 31, 97] : 112.24144959449768
52: [96, 52, 33, 27, 29] : 111.73606395721436
93: [93, 72, 4, 27, 32] : 111.87903833389282
29: [29, 74, 44, 27, 38] : 111.36087250709534
2: [53, 0, 77, 10, 99] : 110.88152027130127
44: [30, 27, 44, 29, 78] : 111.17714381217957
79: [44, 78, 42, 77, 93] : 111.35149598121643
11: [11, 35, 98, 2, 46] : 111.20692825317383
26: [0, 23, 34, 71, 57] : 112.40663075447083
95: [95, 30, 73, 93, 1] : 111.86055493354797
31: [33, 97, 96, 31, 38] : 112.43977999687195
88: [88, 34, 42, 43, 97] : 112.18263602256775
2: [2, 35, 11, 7, 18] : 112.57496166229248
37: [37, 17, 52, 47, 96] : 111.7870683670044
68: [68, 60, 49, 58, 12] : 111.34995746612549
66: [66, 88, 97, 4, 55] : 111.06765031814575
95: [75, 29, 23, 34, 38] : 112.41558718681335
91: [91, 1, 32, 67, 73] : 112.09598731994629
40: [40, 86, 99, 69, 78] : 112.16285181045532
18: [59, 18, 44, 56, 7] : 112.43928074836731
19: [19, 31, 38, 3, 75] : 112.5018675327301
77: [77, 6, 50, 57, 14] : 113.02333045005798
18: [56, 14, 59, 6, 96] : 112.85617899894714
25: [20, 25, 5, 41, 84] : 112.23458671569824
30: [30, 95, 29, 71, 97] : 111.64723753929138
38: [38, 97, 43, 34, 3] : 111.59862279891968
77: [99, 14, 74, 51, 18] : 112.07300686836243
71: [71, 12, 60, 95, 49] : 111.64486169815063
1: [99, 91, 53, 45, 32] : 111.93839645385742
28: [10, 28, 61, 84, 16] : 111.64514589309692
32: [51, 67, 32, 10, 26] : 111.21915006637573
4: [4, 55, 72, 95, 30] : 111.98098921775818
76: [76, 60, 44, 71, 67] : 112.24749755859375
90: [90, 13, 58, 81, 12] : 112.39984035491943
14: [14, 99, 18, 34, 78] : 112.56601786613464
25: [20, 94, 25, 5, 9] : 111.94721269607544
70: [70, 53, 88, 77, 57] : 112.14901638031006
17: [17, 96, 4, 47, 27] : 111.27808928489685
95: [42, 4, 55, 75, 80] : 111.74192237854004
75: [63, 4, 66, 75, 97] : 111.240971326828
6: [78, 97, 44, 99, 88] : 111.83648419380188
86: [86, 16, 87, 39, 9] : 111.65135741233826
94: [94, 60, 76, 37, 87] : 111.65873503684998
28: [10, 28, 20, 40, 16] : 112.09988689422607
73: [73, 30, 95, 91, 32] : 111.55967140197754
36: [4, 64, 50, 63, 36] : 111.9059329032898
18: [99, 18, 57, 83, 44] : 111.67479372024536
10: [28, 10, 84, 9, 92] : 112.21322989463806
34: [34, 97, 3, 38, 4] : 111.5505678653717
1: [1, 32, 91, 67, 50] : 110.94516777992249
64: [4, 74, 64, 75, 66] : 112.3779411315918
28: [10, 28, 84, 61, 40] : 112.62694931030273
82: [82, 49, 23, 69, 60] : 113.00971150398254
96: [96, 59, 60, 52, 47] : 110.057448387146
59: [56, 59, 47, 52, 96] : 107.39164996147156
67: [60, 17, 29, 33, 94] : 106.70144605636597
15: [15, 19, 88, 49, 43] : 106.64874839782715
27: [29, 27, 44, 78, 93] : 107.05420589447021
99: [78, 99, 86, 44, 18] : 107.34224343299866
72: [31, 85, 95, 30, 3] : 107.03914785385132
6: [6, 14, 88, 97, 42] : 107.01795601844788
62: [62, 41, 89, 51, 55] : 106.66773867607117
37: [37, 17, 56, 76, 23] : 106.5350329875946
31: [31, 38, 3, 29, 42] : 106.42756772041321
45: [45, 83, 26, 1, 99] : 106.46018385887146
58: [58, 41, 89, 7, 85] : 106.69270348548889
97: [97, 34, 38, 3, 74] : 107.48039221763611
25: [20, 25, 5, 53, 84] : 107.2492926120758
25: [25, 5, 20, 40, 87] : 109.81314516067505
69: [17, 69, 76, 15, 60] : 111.47605681419373
21: [29, 15, 38, 21, 27] : 111.04909753799438
19: [19, 97, 38, 15, 31] : 109.51607608795166
20: [20, 25, 5, 84, 87] : 108.07699012756348
27: [4, 27, 55, 30, 88] : 107.69240307807922
45: [45, 29, 57, 99, 93] : 107.13057446479797
65: [21, 65, 38, 72, 66] : 107.1923713684082
64: [50, 4, 64, 80, 36] : 107.58319067955017
12: [60, 17, 12, 16, 69] : 108.42106795310974
50: [20, 94, 5, 27, 44] : 108.34134221076965
61: [10, 61, 62, 28, 93] : 108.06615924835205
25: [25, 20, 5, 84, 94] : 108.31552815437317
0: [0, 57, 53, 52, 83] : 108.50261330604553
71: [71, 60, 12, 30, 49] : 108.91822481155396
13: [13, 81, 68, 90, 58] : 108.83904337882996
3: [3, 75, 97, 63, 65] : 108.80289363861084
80: [80, 65, 32, 4, 72] : 108.60053396224976
2: [2, 99, 15, 65, 57] : 107.85360765457153
2: [2, 35, 11, 57, 0] : 107.57135510444641
91: [91, 32, 67, 65, 41] : 108.82485461235046
18: [44, 78, 74, 99, 18] : 107.75169324874878
20: [20, 84, 5, 25, 39] : 108.21472120285034
6: [6, 7, 18, 99, 24] : 108.80987000465393
38: [4, 74, 63, 65, 64] : 108.02824711799622
59: [59, 52, 47, 96, 53] : 108.68282175064087
46: [85, 46, 13, 69, 98] : 108.27575302124023
2: [5, 20, 25, 37, 84] : 108.49276351928711
64: [64, 97, 75, 3, 50] : 108.45273184776306
77: [77, 18, 24, 99, 4] : 107.82086443901062
21: [21, 14, 42, 63, 43] : 109.17754602432251
98: [35, 98, 5, 60, 37] : 111.2998480796814
58: [47, 97, 58, 59, 4] : 112.63955020904541
54: [54, 92, 70, 14, 18] : 112.39975476264954
25: [25, 5, 20, 84, 37] : 112.21689581871033
98: [35, 98, 86, 46, 37] : 113.22053265571594
64: [96, 47, 59, 52, 56] : 112.57756876945496
12: [12, 17, 60, 90, 76] : 112.82287526130676
20: [20, 25, 5, 84, 94] : 111.6073215007782
2: [2, 11, 57, 35, 21] : 112.05964612960815
65: [65, 50, 72, 93, 77] : 112.26697087287903
4: [4, 99, 75, 95, 67] : 111.6953194141388
23: [23, 60, 76, 49, 56] : 113.00468111038208
72: [72, 55, 4, 65, 29] : 112.1732280254364
40: [40, 69, 99, 79, 17] : 112.6472520828247
91: [32, 91, 73, 67, 82] : 111.84756970405579
80: [47, 44, 80, 78, 52] : 110.7975242137909
99: [99, 96, 44, 32, 7] : 112.01857852935791
24: [24, 7, 69, 0, 45] : 112.11729145050049
41: [41, 85, 87, 48, 89] : 113.0797929763794
45: [78, 88, 27, 43, 42] : 112.83546710014343
17: [17, 37, 16, 60, 22] : 111.6666214466095
60: [47, 14, 59, 52, 96] : 110.33633542060852
61: [61, 99, 78, 29, 20] : 110.15161848068237
86: [86, 39, 60, 87, 85] : 110.7916030883789
0: [0, 53, 57, 83, 10] : 112.41809916496277
53: [57, 83, 53, 0, 82] : 112.1298828125
0: [0, 57, 83, 60, 10] : 111.03137826919556
82: [82, 6, 14, 18, 62] : 112.70020365715027
42: [42, 27, 29, 3, 43] : 112.30624890327454
74: [7, 74, 99, 18, 77] : 111.70807194709778
53: [70, 53, 92, 0, 51] : 111.414883852005
96: [14, 70, 44, 56, 27] : 110.96001029014587
count (test images): 625
Mean per class acc: 68.93%
Mean inference time: 111.00 sec
Top 1 acc: 68.96%
Top 3 acc: 82.56%
Top 5 acc: 88.32%
