49: [49, 72, 27, 93, 60] : 205.96289801597595
92: [92, 83, 57, 0, 70] : 189.52895259857178
41: [41, 27, 95, 87, 99] : 216.7103669643402
75: [54, 70, 97, 56, 59] : 193.29902863502502
7: [7, 6, 14, 93, 99] : 208.2806806564331
71: [71, 95, 60, 30, 49] : 201.35516023635864
50: [74, 4, 6, 50, 63] : 196.6246428489685
27: [27, 4, 29, 44, 55] : 202.11142778396606
70: [70, 53, 62, 92, 18] : 184.7909517288208
24: [24, 32, 6, 67, 91] : 210.91493129730225
36: [36, 50, 65, 4, 64] : 204.12125182151794
32: [57, 72, 93, 95, 83] : 198.3440420627594
45: [29, 45, 78, 44, 26] : 224.89630031585693
80: [80, 4, 34, 55, 74] : 185.26634097099304
12: [76, 12, 60, 17, 68] : 91.36132621765137
23: [23, 76, 49, 60, 17] : 175.03601598739624
58: [85, 58, 29, 97, 69] : 218.89274954795837
96: [96, 52, 59, 47, 60] : 180.10700011253357
42: [42, 4, 43, 88, 97] : 186.54214882850647
86: [78, 27, 83, 1, 29] : 197.94328808784485
37: [17, 37, 60, 15, 52] : 169.41298508644104
45: [29, 4, 67, 27, 45] : 214.43546414375305
37: [37, 17, 47, 96, 52] : 98.29932022094727
90: [60, 18, 7, 90, 14] : 199.78478455543518
69: [17, 43, 76, 31, 23] : 175.11261010169983
40: [84, 52, 20, 42, 38] : 167.48336386680603
27: [91, 14, 49, 32, 7] : 190.9497013092041
18: [24, 99, 67, 7, 18] : 222.13773202896118
55: [29, 4, 34, 38, 97] : 185.23380541801453
54: [70, 92, 62, 83, 54] : 197.87275552749634
37: [37, 17, 22, 23, 40] : 113.61910271644592
36: [4, 65, 38, 77, 18] : 174.9277012348175
35: [35, 98, 11, 73, 27] : 202.8642876148224
37: [37, 17, 60, 52, 8] : 111.90531611442566
27: [27, 97, 29, 72, 43] : 214.84194421768188
73: [73, 30, 27, 72, 97] : 214.8940076828003
65: [65, 4, 38, 80, 74] : 181.1990568637848
91: [91, 1, 73, 32, 67] : 209.806866645813
64: [64, 80, 4, 97, 29] : 193.44218111038208
17: [17, 60, 37, 23, 27] : 193.88513374328613
41: [41, 89, 69, 17, 53] : 100.42073345184326
19: [19, 43, 15, 97, 38] : 199.07565832138062
83: [83, 0, 84, 9, 16] : 73.14538860321045
37: [37, 47, 17, 52, 96] : 91.56033301353455
65: [38, 65, 80, 34, 4] : 178.8020896911621
97: [97, 65, 64, 50, 88] : 237.41885685920715
95: [95, 30, 71, 72, 73] : 193.4614555835724
48: [48, 41, 89, 8, 58] : 228.44108724594116
54: [54, 14, 70, 6, 82] : 207.35617637634277
86: [86, 94, 87, 96, 39] : 83.9263391494751
86: [86, 87, 16, 60, 39] : 83.9216718673706
6: [6, 82, 70, 7, 14] : 198.39094519615173
85: [85, 41, 27, 93, 42] : 191.3075737953186
53: [99, 67, 18, 7, 95] : 237.1226327419281
9: [9, 10, 84, 61, 16] : 86.54698610305786
20: [20, 25, 84, 5, 60] : 111.93900847434998
99: [78, 99, 44, 18, 53] : 217.54186153411865
8: [8, 48, 53, 5, 60] : 101.1194474697113
14: [14, 7, 18, 67, 24] : 207.23080253601074
23: [33, 59, 67, 70, 62] : 204.00040221214294
74: [80, 4, 50, 65, 27] : 209.06312084197998
82: [82, 14, 62, 54, 6] : 214.84849190711975
15: [15, 29, 27, 72, 4] : 229.753812789917
30: [30, 95, 72, 55, 4] : 185.69248461723328
71: [95, 71, 30, 67, 73] : 207.87988090515137
28: [28, 57, 10, 61, 0] : 73.14338111877441
81: [81, 90, 13, 47, 37] : 107.47432780265808
26: [82, 70, 1, 62, 6] : 213.0470175743103
96: [60, 52, 96, 0, 47] : 179.2770688533783
76: [76, 60, 53, 49, 7] : 217.5418722629547
21: [21, 78, 29, 27, 4] : 216.91118454933167
0: [0, 57, 28, 51, 9] : 73.11846494674683
2: [2, 11, 35, 65, 78] : 197.12284088134766
46: [46, 98, 11, 35, 86] : 232.11871671676636
15: [15, 29, 38, 3, 43] : 172.32712960243225
43: [43, 4, 3, 88, 42] : 195.8961305618286
19: [97, 19, 15, 38, 43] : 202.27866125106812
88: [88, 43, 42, 4, 34] : 229.66502928733826
88: [97, 88, 42, 34, 80] : 171.0624063014984
39: [39, 27, 78, 93, 44] : 194.04186177253723
28: [28, 16, 0, 84, 10] : 164.1242036819458
17: [17, 49, 60, 59, 96] : 200.37739729881287
4: [4, 55, 30, 72, 44] : 194.64225840568542
count (test images): 83
Mean per class acc: 67.96%
Mean inference time: 180.94 sec
Top 1 acc: 67.47%
Top 3 acc: 37.35%
Top 5 acc: 39.76%
