49: [49, 60, 7, 17, 14] : 83.73374843597412
92: [92, 70, 62, 47, 14] : 85.57848787307739
41: [41, 87, 95, 86, 85] : 98.50084042549133
75: [80, 63, 4, 64, 50] : 118.32700729370117
7: [7, 72, 4, 50, 95] : 110.92074036598206
71: [71, 60, 73, 12, 91] : 83.70751571655273
50: [74, 4, 63, 50, 64] : 112.13542318344116
27: [27, 4, 38, 80, 64] : 105.49223709106445
70: [70, 53, 62, 92, 60] : 83.63004183769226
24: [24, 30, 4, 63, 55] : 106.45683336257935
36: [36, 50, 64, 80, 63] : 109.05193042755127
32: [57, 7, 24, 67, 32] : 79.27041125297546
45: [50, 4, 63, 30, 80] : 110.90259075164795
80: [80, 4, 55, 64, 66] : 100.7847785949707
12: [12, 76, 60, 17, 68] : 68.43069195747375
23: [23, 76, 49, 60, 69] : 64.61737728118896
58: [97, 88, 42, 34, 43] : 99.432053565979
96: [96, 52, 59, 47, 62] : 99.4375729560852
42: [42, 4, 88, 63, 80] : 106.42504620552063
86: [83, 78, 99, 57, 29] : 106.38435816764832
37: [17, 37, 60, 76, 49] : 72.1844732761383
45: [4, 64, 80, 66, 50] : 100.66194558143616
37: [37, 17, 7, 60, 33] : 81.71350002288818
90: [60, 90, 27, 29, 42] : 114.615154504776
69: [69, 43, 31, 88, 42] : 93.72759628295898
40: [40, 38, 42, 15, 34] : 91.85375428199768
27: [47, 59, 49, 53, 23] : 68.14207339286804
18: [99, 53, 79, 0, 57] : 75.91383957862854
55: [29, 4, 34, 42, 38] : 104.96401739120483
54: [70, 92, 62, 54, 47] : 89.16845989227295
37: [37, 17, 40, 22, 27] : 75.89055109024048
36: [65, 4, 50, 64, 80] : 104.96294522285461
35: [35, 11, 73, 67, 91] : 81.59517335891724
37: [37, 17, 7, 31, 43] : 99.29808950424194
27: [97, 27, 72, 50, 66] : 110.6324028968811
73: [30, 73, 72, 95, 55] : 112.59935450553894
65: [50, 80, 64, 4, 36] : 112.68282651901245
91: [1, 91, 73, 32, 67] : 114.61334037780762
64: [64, 80, 50, 66, 97] : 105.70699214935303
17: [17, 60, 37, 14, 23] : 75.95986676216125
41: [41, 89, 69, 37, 58] : 64.55475115776062
19: [19, 29, 43, 15, 63] : 111.4257333278656
83: [83, 0, 53, 57, 9] : 56.39634871482849
37: [37, 5, 17, 40, 23] : 58.93443155288696
65: [80, 38, 64, 34, 4] : 99.46494007110596
97: [97, 64, 65, 66, 50] : 107.79575228691101
95: [71, 38, 97, 15, 3] : 86.20076441764832
48: [48, 41, 8, 89, 1] : 83.586669921875
54: [54, 70, 14, 6, 18] : 83.53526878356934
86: [86, 96, 52, 87, 94] : 60.756346464157104
86: [86, 87, 39, 5, 84] : 71.48235511779785
6: [6, 63, 50, 80, 4] : 110.66273260116577
85: [85, 41, 42, 7, 52] : 99.30187606811523
53: [53, 57, 0, 99, 51] : 83.47421503067017
9: [9, 10, 84, 61, 91] : 75.91280317306519
20: [20, 25, 84, 5, 60] : 66.40185976028442
99: [99, 78, 18, 32, 14] : 81.6088240146637
8: [8, 48, 53, 4, 80] : 114.48972368240356
14: [14, 18, 7, 79, 67] : 110.64411330223083
23: [59, 52, 62, 70, 91] : 89.79492473602295
74: [50, 80, 65, 4, 64] : 106.2909517288208
82: [14, 80, 50, 63, 4] : 105.03281784057617
15: [15, 29, 27, 31, 17] : 107.57011771202087
30: [30, 95, 71, 27, 73] : 95.50242233276367
71: [95, 71, 30, 60, 67] : 100.8922483921051
28: [28, 10, 16, 61, 84] : 60.738765239715576
81: [81, 90, 13, 37, 17] : 66.52282762527466
26: [70, 6, 1, 62, 14] : 108.4276831150055
96: [52, 96, 60, 47, 59] : 93.58121848106384
76: [76, 60, 7, 49, 6] : 81.60868740081787
21: [21, 3, 63, 4, 80] : 115.09455370903015
0: [0, 57, 53, 92, 83] : 60.71079683303833
2: [2, 11, 35, 65, 9] : 72.10025453567505
46: [46, 11, 67, 14, 24] : 89.1694905757904
15: [15, 29, 38, 3, 34] : 97.53254342079163
43: [43, 4, 3, 88, 42] : 106.35536217689514
19: [97, 72, 50, 64, 4] : 105.00823760032654
88: [88, 43, 42, 34, 4] : 117.64541411399841
88: [97, 88, 80, 42, 63] : 104.99128079414368
39: [39, 32, 67, 91, 24] : 82.27759718894958
28: [28, 16, 84, 9, 86] : 58.65008234977722
17: [17, 49, 60, 23, 72] : 103.1129059791565
4: [4, 50, 55, 80, 64] : 106.26151657104492
42: [4, 55, 50, 72, 80] : 107.51402235031128
53: [53, 57, 0, 83, 51] : 60.725701570510864
47: [47, 52, 96, 59, 56] : 99.24974465370178
43: [43, 4, 3, 63, 55] : 114.44624352455139
81: [37, 87, 17, 86, 84] : 66.3890450000763
8: [8, 7, 97, 3, 19] : 99.29887962341309
47: [60, 17, 37, 23, 33] : 81.6225368976593
19: [19, 38, 15, 3, 4] : 112.59155106544495
62: [62, 70, 6, 82, 14] : 99.29388570785522
70: [70, 62, 92, 52, 54] : 66.26549410820007
87: [87, 20, 86, 53, 40] : 71.4730453491211
92: [83, 82, 53, 70, 14] : 107.50194001197815
55: [80, 30, 4, 38, 55] : 108.77547121047974
62: [62, 47, 82, 92, 70] : 83.49136543273926
17: [17, 60, 27, 69, 43] : 106.89630484580994
58: [58, 69, 85, 37, 68] : 79.05403709411621
64: [80, 64, 50, 36, 4] : 108.81282615661621
60: [60, 49, 19, 97, 31] : 99.28957343101501
13: [13, 14, 7, 27, 99] : 89.196617603302
65: [65, 50, 36, 64, 80] : 110.71720623970032
24: [24, 7, 79, 14, 63] : 105.02558732032776
12: [97, 76, 88, 42, 38] : 94.24860310554504
10: [10, 53, 28, 84, 61] : 60.64594078063965
10: [10, 61, 28, 22, 0] : 64.51401042938232
83: [99, 63, 53, 4, 50] : 109.38376760482788
27: [99, 44, 18, 78, 29] : 104.96243143081665
73: [73, 91, 30, 1, 67] : 103.07993745803833
51: [4, 63, 55, 50, 72] : 104.96079182624817
17: [17, 60, 69, 65, 37] : 97.39775252342224
20: [25, 20, 5, 24, 37] : 76.51470828056335
86: [85, 39, 90, 87, 17] : 79.01208066940308
70: [70, 14, 62, 6, 92] : 83.46243190765381
49: [49, 60, 59, 71, 47] : 60.71580672264099
56: [56, 59, 96, 52, 47] : 83.48077511787415
43: [43, 42, 88, 3, 4] : 116.34687685966492
28: [28, 40, 16, 10, 84] : 56.29475951194763
17: [17, 80, 50, 64, 63] : 104.96956443786621
74: [55, 4, 64, 63, 66] : 110.6311182975769
46: [11, 35, 46, 60, 7] : 73.23326444625854
63: [4, 66, 63, 80, 55] : 111.88324332237244
41: [41, 99, 18, 69, 7] : 83.47284936904907
78: [78, 31, 80, 29, 4] : 101.62719058990479
92: [92, 70, 82, 18, 62] : 83.49600553512573
36: [36, 50, 65, 64, 80] : 107.56418037414551
59: [52, 59, 96, 47, 56] : 83.46970295906067
4: [4, 80, 55, 50, 63] : 112.53489065170288
97: [97, 43, 38, 34, 80] : 109.37051129341125
29: [29, 50, 63, 80, 4] : 108.08444094657898
87: [86, 87, 20, 40, 0] : 58.800957918167114
63: [63, 80, 50, 65, 56] : 101.16465950012207
27: [27, 97, 88, 30, 95] : 96.22932505607605
89: [89, 41, 85, 58, 7] : 97.54284834861755
43: [43, 97, 42, 38, 34] : 116.5056962966919
10: [10, 28, 61, 92, 82] : 60.82075786590576
54: [80, 63, 64, 50, 4] : 112.09314131736755
73: [95, 14, 44, 30, 29] : 103.24524521827698
19: [97, 34, 19, 63, 64] : 108.31732296943665
41: [41, 95, 4, 63, 30] : 115.26375150680542
27: [44, 27, 18, 73, 80] : 108.30698204040527
14: [14, 78, 50, 80, 64] : 107.03678750991821
96: [96, 52, 47, 59, 56] : 66.38104367256165
76: [60, 76, 53, 6, 14] : 75.9967885017395
12: [17, 12, 60, 71, 53] : 58.89584469795227
34: [34, 97, 80, 4, 66] : 113.37755107879639
50: [74, 32, 4, 50, 64] : 106.47620701789856
25: [25, 20, 5, 87, 84] : 76.74160194396973
51: [80, 4, 74, 78, 99] : 106.53413558006287
70: [70, 62, 14, 6, 18] : 83.69326734542847
50: [50, 4, 74, 64, 36] : 109.08630228042603
94: [94, 5, 22, 84, 40] : 61.13508653640747
30: [30, 73, 1, 95, 91] : 111.93520593643188
3: [3, 4, 19, 63, 31] : 110.62478542327881
55: [4, 55, 80, 64, 50] : 104.95384168624878
81: [13, 81, 68, 60, 90] : 77.14551734924316
0: [0, 57, 53, 52, 70] : 66.38201570510864
64: [63, 64, 80, 66, 55] : 110.61998963356018
34: [34, 42, 63, 4, 97] : 106.19259667396545
92: [62, 70, 82, 6, 92] : 89.13476586341858
20: [25, 20, 5, 84, 52] : 61.34696960449219
73: [30, 73, 95, 72, 29] : 104.34267354011536
11: [11, 35, 2, 4, 63] : 104.95806574821472
89: [42, 4, 63, 80, 66] : 112.54756569862366
50: [50, 65, 80, 64, 4] : 106.22389125823975
10: [30, 95, 29, 93, 57] : 97.37657022476196
52: [52, 96, 59, 47, 56] : 72.09839177131653
91: [91, 1, 32, 67, 4] : 114.4317626953125
63: [4, 63, 80, 55, 64] : 110.60454106330872
4: [4, 55, 72, 27, 30] : 104.95424437522888
78: [78, 99, 18, 86, 0] : 75.88317275047302
53: [96, 53, 59, 60, 61] : 60.4643337726593
38: [38, 80, 65, 64, 4] : 102.3957679271698
6: [6, 63, 50, 36, 80] : 111.88549304008484
47: [96, 52, 47, 56, 59] : 89.11655902862549
84: [84, 20, 93, 1, 73] : 75.86353588104248
13: [13, 60, 7, 69, 14] : 81.52807283401489
5: [20, 5, 84, 53, 25] : 71.43080353736877
21: [21, 97, 64, 72, 63] : 113.17539715766907
70: [70, 6, 62, 18, 82] : 83.41872048377991
70: [70, 92, 62, 18, 7] : 94.80265307426453
27: [27, 30, 29, 4, 95] : 111.83451509475708
5: [84, 20, 12, 94, 5] : 61.10006237030029
5: [5, 37, 94, 25, 20] : 59.42123866081238
0: [57, 0, 53, 83, 7] : 73.30532217025757
73: [27, 25, 5, 91, 1] : 73.29931426048279
89: [18, 67, 7, 14, 32] : 81.52498722076416
7: [53, 7, 83, 99, 18] : 104.92231035232544
78: [44, 78, 99, 27, 42] : 104.94397521018982
25: [25, 20, 5, 39, 87] : 63.65001654624939
53: [53, 10, 16, 82, 92] : 60.69636034965515
25: [25, 5, 20, 37, 84] : 76.51578211784363
23: [23, 49, 63, 50, 66] : 108.74576687812805
42: [42, 43, 88, 4, 55] : 108.78186535835266
59: [59, 47, 56, 96, 52] : 83.44853854179382
34: [34, 97, 64, 4, 55] : 116.30818319320679
71: [71, 30, 95, 26, 45] : 102.97611498832703
88: [88, 42, 80, 50, 64] : 108.68172144889832
62: [54, 70, 51, 83, 61] : 60.480087757110596
42: [97, 80, 64, 66, 50] : 102.99140858650208
9: [69, 84, 86, 94, 76] : 64.4672589302063
9: [9, 10, 28, 50, 57] : 109.92733430862427
65: [72, 55, 4, 80, 50] : 107.39962029457092
50: [4, 80, 44, 55, 63] : 101.71822357177734
87: [87, 86, 30, 39, 60] : 101.71722602844238
12: [12, 71, 60, 53, 68] : 77.0748860836029
99: [99, 78, 18, 80, 4] : 102.99157428741455
88: [88, 80, 4, 64, 55] : 110.62832570075989
57: [10, 57, 53, 0, 61] : 58.572094202041626
43: [43, 88, 4, 63, 80] : 106.18683576583862
48: [48, 8, 69, 78, 41] : 83.45893621444702
49: [49, 60, 76, 23, 71] : 64.48715019226074
73: [30, 73, 95, 67, 32] : 95.45321035385132
49: [49, 60, 52, 33, 59] : 84.6841049194336
56: [56, 59, 52, 96, 82] : 78.98861455917358
21: [21, 27, 29, 4, 72] : 115.01774477958679
46: [46, 11, 98, 35, 86] : 79.01714777946472
73: [73, 30, 95, 91, 67] : 92.89192223548889
77: [4, 80, 63, 64, 50] : 106.19147276878357
85: [85, 41, 89, 86, 69] : 64.47142434120178
32: [63, 4, 80, 50, 64] : 101.74185705184937
27: [27, 44, 4, 55, 50] : 111.43412232398987
20: [20, 25, 84, 5, 39] : 102.47372484207153
38: [38, 80, 65, 55, 97] : 102.4319007396698
96: [52, 96, 59, 47, 3] : 89.71873331069946
77: [77, 24, 79, 80, 63] : 104.89340376853943
54: [54, 62, 70, 47, 52] : 89.08880114555359
29: [4, 64, 63, 50, 80] : 107.42323231697083
65: [2, 62, 70, 92, 82] : 66.12788319587708
84: [87, 99, 18, 77, 24] : 75.60166811943054
85: [85, 27, 80, 64, 66] : 108.33192420005798
0: [0, 57, 53, 52, 96] : 60.4906849861145
10: [28, 10, 51, 53, 92] : 60.50060296058655
28: [20, 28, 50, 66, 63] : 94.20539283752441
34: [80, 4, 74, 72, 77] : 104.24961352348328
70: [70, 62, 82, 14, 18] : 89.08778357505798
90: [90, 85, 69, 27, 42] : 97.47306942939758
59: [59, 52, 96, 47, 60] : 66.14874482154846
50: [50, 64, 36, 80, 65] : 115.15599703788757
89: [41, 89, 85, 58, 13] : 79.03413128852844
87: [86, 87, 94, 22, 20] : 79.00552248954773
39: [39, 86, 5, 25, 84] : 58.78943133354187
9: [9, 16, 84, 28, 25] : 71.45507597923279
77: [32, 91, 78, 44, 99] : 106.18746852874756
37: [37, 96, 17, 59, 47] : 83.44775342941284
45: [4, 80, 30, 55, 63] : 106.85082912445068
10: [70, 92, 61, 10, 28] : 60.72820210456848
51: [51, 4, 63, 80, 55] : 110.64909672737122
40: [40, 56, 59, 52, 96] : 66.38094735145569
71: [71, 26, 95, 45, 72] : 95.45510721206665
30: [30, 95, 72, 67, 64] : 110.60863471031189
37: [37, 17, 53, 7, 14] : 75.88319492340088
69: [76, 17, 94, 20, 9] : 58.84436321258545
75: [97, 65, 31, 34, 3] : 97.40717601776123
87: [87, 71, 17, 60, 49] : 82.20701813697815
30: [30, 95, 55, 80, 4] : 104.92324805259705
92: [92, 70, 62, 18, 56] : 83.40175867080688
48: [48, 41, 89, 86, 20] : 64.26217412948608
0: [0, 53, 57, 10, 52] : 60.656147956848145
49: [49, 17, 15, 76, 38] : 91.34339594841003
46: [46, 11, 98, 86, 35] : 66.36459231376648
49: [49, 60, 29, 53, 51] : 99.2222216129303
94: [94, 37, 86, 20, 87] : 59.42366933822632
47: [47, 52, 96, 59, 70] : 83.39464044570923
72: [30, 95, 72, 55, 4] : 108.6751697063446
37: [37, 47, 17, 80, 52] : 106.78283166885376
41: [41, 86, 89, 85, 13] : 64.26671814918518
29: [29, 4, 65, 50, 80] : 106.81815195083618
50: [4, 50, 64, 80, 63] : 106.25236535072327
42: [80, 4, 64, 63, 55] : 106.9425950050354
92: [92, 70, 62, 0, 83] : 101.19229507446289
43: [4, 27, 80, 55, 63] : 106.2342324256897
83: [83, 0, 61, 53, 10] : 56.07409429550171
25: [20, 25, 84, 5, 17] : 58.851176738739014
7: [7, 24, 6, 95, 63] : 111.97213578224182
69: [76, 60, 49, 12, 68] : 59.484267711639404
43: [43, 4, 63, 72, 55] : 116.40690970420837
86: [20, 94, 40, 86, 9] : 59.48233485221863
13: [96, 52, 37, 13, 81] : 68.33045959472656
5: [5, 20, 25, 4, 95] : 110.70545291900635
43: [43, 42, 3, 38, 4] : 116.40269470214844
21: [21, 4, 63, 64, 74] : 114.62420725822449
40: [40, 84, 9, 67, 73] : 75.9248743057251
11: [11, 46, 86, 7, 67] : 87.28768992424011
2: [2, 11, 35, 46, 29] : 71.48597741127014
74: [4, 50, 64, 63, 97] : 102.43845915794373
30: [30, 95, 73, 32, 91] : 105.00120258331299
33: [33, 68, 49, 52, 47] : 96.80703330039978
92: [70, 92, 62, 7, 14] : 103.1155321598053
0: [0, 57, 53, 10, 52] : 60.48271918296814
22: [76, 22, 56, 59, 70] : 66.43575739860535
45: [4, 63, 55, 80, 64] : 112.59455895423889
70: [70, 62, 92, 14, 7] : 83.4953784942627
22: [22, 7, 17, 27, 78] : 104.57550764083862
74: [4, 50, 63, 64, 55] : 111.46763300895691
15: [15, 43, 38, 31, 42] : 98.86048007011414
43: [80, 4, 63, 50, 64] : 107.05523824691772
47: [96, 52, 47, 59, 56] : 83.44947695732117
72: [72, 45, 32, 95, 27] : 99.90803384780884
39: [39, 86, 16, 94, 20] : 76.52985644340515
69: [69, 85, 88, 97, 29] : 97.40966773033142
54: [54, 62, 92, 82, 70] : 99.30610394477844
9: [9, 16, 40, 57, 28] : 58.62571835517883
85: [70, 52, 56, 54, 59] : 84.11630082130432
25: [20, 25, 5, 84, 17] : 66.41750407218933
53: [53, 0, 57, 70, 92] : 79.06456136703491
2: [2, 11, 35, 69, 87] : 66.41904044151306
40: [40, 51, 29, 20, 93] : 94.25131845474243
75: [66, 3, 65, 43, 34] : 110.68081021308899
48: [48, 8, 46, 60, 35] : 66.24910831451416
31: [31, 29, 38, 97, 19] : 103.06995701789856
42: [42, 88, 43, 38, 34] : 104.9849636554718
58: [58, 69, 68, 89, 37] : 81.58078861236572
29: [29, 4, 55, 80, 63] : 106.19011044502258
78: [80, 4, 78, 50, 36] : 98.01474404335022
78: [78, 99, 42, 18, 44] : 114.48960423469543
4: [4, 80, 63, 50, 72] : 106.22593474388123
1: [1, 32, 91, 67, 73] : 83.47333025932312
49: [49, 95, 30, 73, 71] : 96.12499189376831
21: [21, 31, 3, 97, 4] : 104.97342896461487
68: [60, 49, 71, 97, 67] : 95.87968254089355
91: [1, 91, 32, 30, 50] : 104.67512440681458
44: [44, 99, 27, 80, 30] : 105.94352793693542
13: [13, 81, 58, 69, 68] : 66.21068358421326
64: [74, 80, 4, 64, 63] : 102.12963461875916
48: [48, 89, 7, 14, 41] : 81.35716223716736
71: [71, 60, 12, 49, 17] : 79.01228404045105
76: [76, 49, 17, 60, 37] : 93.56001329421997
71: [71, 60, 12, 67, 73] : 75.97323870658875
49: [49, 59, 47, 3, 97] : 93.7072205543518
6: [6, 7, 77, 63, 50] : 106.27702164649963
67: [4, 27, 44, 80, 63] : 111.88765048980713
42: [42, 88, 4, 64, 63] : 119.46274781227112
59: [52, 56, 96, 47, 59] : 71.90176200866699
44: [78, 99, 44, 32, 30] : 106.17083811759949
36: [36, 50, 4, 63, 80] : 111.86964774131775
28: [28, 10, 70, 61, 92] : 79.00643992424011
97: [97, 63, 38, 34, 88] : 108.71175241470337
44: [78, 44, 27, 4, 50] : 107.4391565322876
9: [9, 40, 16, 57, 50] : 103.64747381210327
24: [24, 7, 4, 50, 66] : 103.62584018707275
42: [42, 43, 4, 80, 63] : 112.56076145172119
67: [20, 37, 17, 0, 53] : 58.65089774131775
72: [4, 55, 63, 80, 64] : 106.2548897266388
70: [70, 92, 62, 6, 18] : 89.17663216590881
2: [2, 11, 67, 35, 57] : 75.89935827255249
57: [57, 53, 82, 77, 14] : 79.0368447303772
58: [58, 68, 80, 66, 64] : 101.1502456665039
70: [70, 18, 14, 92, 62] : 83.27311372756958
69: [85, 89, 29, 69, 58] : 107.24636602401733
54: [54, 70, 14, 92, 47] : 83.25587868690491
81: [13, 81, 9, 87, 94] : 66.23091745376587
90: [90, 13, 81, 89, 41] : 64.33051609992981
15: [15, 43, 29, 67, 44] : 101.53267931938171
82: [82, 53, 62, 6, 50] : 101.1177237033844
89: [89, 85, 18, 17, 7] : 83.43005657196045
31: [31, 15, 43, 38, 29] : 97.32700371742249
17: [17, 27, 39, 72, 63] : 103.70164966583252
4: [4, 63, 43, 88, 42] : 106.24789452552795
16: [16, 28, 9, 52, 56] : 60.73286461830139
5: [5, 25, 20, 14, 6] : 83.43980431556702
24: [7, 24, 79, 99, 26] : 106.21379804611206
35: [11, 2, 35, 70, 62] : 60.58701992034912
7: [7, 18, 99, 24, 69] : 84.71143221855164
62: [62, 92, 53, 70, 14] : 108.04905796051025
73: [30, 73, 91, 1, 67] : 106.12575173377991
74: [4, 74, 80, 55, 63] : 111.8151466846466
71: [95, 71, 30, 12, 60] : 95.41931414604187
6: [6, 4, 63, 50, 55] : 106.163254737854
13: [13, 81, 58, 90, 18] : 81.50573873519897
46: [46, 11, 98, 85, 35] : 78.98518919944763
23: [23, 71, 56, 67, 59] : 89.73572206497192
91: [1, 91, 32, 67, 73] : 104.33807325363159
72: [80, 4, 55, 72, 63] : 106.18466234207153
31: [31, 15, 43, 3, 97] : 85.77288460731506
72: [72, 4, 97, 80, 3] : 106.16003346443176
47: [47, 96, 52, 62, 70] : 89.10735774040222
96: [52, 96, 59, 47, 56] : 104.87722158432007
14: [14, 50, 64, 36, 4] : 107.43202900886536
34: [43, 88, 97, 42, 34] : 104.2894356250763
50: [50, 64, 4, 80, 63] : 101.78943347930908
39: [39, 86, 76, 87, 40] : 56.90131640434265
59: [80, 63, 4, 97, 59] : 101.75611996650696
48: [48, 8, 69, 86, 87] : 66.3660843372345
97: [97, 64, 66, 50, 80] : 106.15750360488892
13: [13, 60, 58, 81, 37] : 77.12537264823914
50: [38, 74, 44, 34, 65] : 106.23107767105103
49: [49, 60, 63, 4, 64] : 113.7784411907196
61: [61, 10, 89, 84, 60] : 64.48805284500122
23: [59, 52, 53, 94, 57] : 60.68003511428833
44: [15, 80, 88, 43, 4] : 106.14840579032898
1: [1, 30, 29, 45, 95] : 97.29473209381104
27: [97, 59, 96, 88, 91] : 94.12488341331482
57: [0, 57, 83, 86, 53] : 58.7764573097229
14: [14, 7, 64, 4, 63] : 110.60509419441223
24: [24, 7, 45, 95, 50] : 113.10928320884705
12: [60, 63, 50, 66, 80] : 106.152836561203
5: [18, 1, 6, 82, 14] : 83.39890646934509
2: [2, 11, 5, 46, 35] : 78.99250388145447
83: [83, 57, 56, 70, 62] : 72.14131259918213
48: [48, 8, 41, 11, 35] : 66.44137191772461
27: [27, 50, 4, 63, 80] : 104.994868516922
43: [43, 3, 42, 88, 97] : 89.77932381629944
41: [41, 89, 48, 58, 7] : 83.42097568511963
56: [52, 96, 47, 59, 82] : 78.98913025856018
72: [72, 30, 4, 55, 66] : 106.76742196083069
94: [94, 17, 60, 76, 23] : 72.05920553207397
97: [97, 34, 72, 29, 30] : 97.98527073860168
43: [4, 80, 55, 63, 72] : 119.42686414718628
77: [53, 4, 80, 50, 63] : 106.13649725914001
93: [93, 30, 95, 29, 50] : 114.32651996612549
79: [79, 7, 44, 6, 63] : 106.7651777267456
84: [84, 52, 20, 28, 51] : 60.55702066421509
35: [35, 11, 98, 2, 83] : 95.58942151069641
81: [81, 13, 7, 14, 73] : 89.28449892997742
86: [86, 85, 39, 89, 10] : 64.60385513305664
11: [11, 46, 98, 35, 17] : 64.58772158622742
75: [80, 4, 55, 64, 63] : 110.76948070526123
64: [80, 64, 4, 50, 66] : 108.8781807422638
8: [8, 48, 60, 33, 35] : 77.22072291374207
49: [95, 49, 30, 72, 55] : 105.69599866867065
16: [80, 9, 44, 4, 50] : 111.43727540969849
59: [52, 96, 59, 63, 80] : 107.00728416442871
45: [99, 27, 32, 18, 29] : 87.42860245704651
24: [24, 7, 99, 45, 74] : 110.86380887031555
34: [97, 34, 38, 63, 80] : 100.73079466819763
80: [80, 4, 63, 64, 44] : 98.19530844688416
8: [8, 50, 80, 4, 63] : 106.43499517440796
68: [68, 13, 48, 8, 81] : 64.32524156570435
3: [3, 4, 63, 64, 55] : 110.83132815361023
92: [70, 62, 92, 6, 14] : 79.20232915878296
57: [4, 72, 80, 63, 50] : 110.82338833808899
82: [82, 62, 87, 53, 86] : 60.82334089279175
92: [92, 18, 14, 7, 6] : 83.60622501373291
24: [24, 6, 4, 80, 7] : 115.89215850830078
32: [1, 95, 72, 30, 4] : 112.05830812454224
76: [1, 17, 76, 96, 60] : 83.56851196289062
32: [67, 9, 28, 32, 16] : 75.98926568031311
46: [46, 11, 98, 35, 86] : 64.60173535346985
26: [45, 26, 99, 79, 78] : 105.1286723613739
62: [62, 70, 53, 82, 92] : 83.60868263244629
23: [23, 76, 60, 49, 95] : 95.6504774093628
63: [4, 80, 63, 66, 43] : 116.3912467956543
51: [51, 80, 63, 4, 50] : 110.57835626602173
70: [70, 62, 53, 51, 60] : 60.66777539253235
25: [41, 85, 25, 58, 87] : 66.33564758300781
80: [80, 4, 65, 63, 64] : 114.9639892578125
36: [36, 50, 65, 64, 4] : 110.54069232940674
61: [80, 66, 4, 64, 42] : 115.61004090309143
15: [15, 29, 55, 64, 72] : 108.65148782730103
38: [38, 64, 29, 74, 27] : 104.01979494094849
1: [1, 91, 32, 45, 99] : 111.57588338851929
34: [34, 97, 64, 66, 50] : 105.28111815452576
67: [32, 30, 73, 95, 72] : 108.66354012489319
86: [86, 94, 22, 5, 76] : 59.43489122390747
64: [36, 65, 50, 64, 63] : 104.35210227966309
24: [4, 63, 50, 55, 64] : 111.8984808921814
82: [82, 6, 62, 70, 53] : 117.54731702804565
5: [5, 20, 67, 14, 1] : 89.10571360588074
76: [76, 39, 69, 59, 56] : 68.25519752502441
13: [13, 58, 60, 69, 89] : 64.46153903007507
61: [80, 72, 55, 50, 4] : 108.0261778831482
50: [4, 50, 63, 72, 55] : 101.6902244091034
70: [47, 96, 70, 52, 62] : 89.05859136581421
98: [35, 98, 11, 37, 73] : 78.97685837745667
20: [20, 25, 84, 86, 94] : 59.40000057220459
97: [97, 38, 88, 34, 3] : 101.07646775245667
60: [60, 0, 53, 94, 57] : 75.79624032974243
14: [14, 18, 64, 50, 63] : 106.19047093391418
27: [4, 63, 55, 30, 95] : 100.552250623703
87: [87, 20, 25, 40, 5] : 72.09136080741882
60: [60, 49, 17, 23, 71] : 79.00263595581055
44: [44, 29, 27, 30, 95] : 107.39183354377747
8: [8, 48, 41, 30, 95] : 111.80818247795105
95: [95, 30, 72, 55, 63] : 102.9627788066864
82: [82, 62, 6, 14, 70] : 99.20041513442993
51: [44, 4, 51, 80, 55] : 111.85852074623108
8: [8, 48, 41, 86, 11] : 66.2080557346344
41: [41, 89, 60, 69, 85] : 78.99122190475464
3: [3, 43, 38, 97, 88] : 99.2076826095581
67: [67, 32, 50, 4, 73] : 111.79929280281067
50: [80, 64, 4, 34, 50] : 103.58436179161072
9: [9, 53, 67, 59, 73] : 89.12414979934692
70: [70, 62, 53, 51, 84] : 60.71875214576721
80: [80, 50, 64, 4, 55] : 108.74395036697388
82: [82, 52, 70, 60, 33] : 102.41143345832825
84: [84, 20, 37, 40, 50] : 108.08020973205566
63: [74, 4, 7, 80, 44] : 107.43756985664368
60: [71, 60, 49, 12, 76] : 64.28814220428467
80: [80, 4, 55, 72, 30] : 107.42347288131714
56: [56, 71, 95, 30, 59] : 103.01723337173462
25: [5, 25, 20, 94, 67] : 76.4731023311615
74: [4, 50, 63, 55, 64] : 116.26862597465515
38: [38, 15, 43, 31, 97] : 105.50217270851135
52: [96, 52, 47, 59, 14] : 83.38255500793457
93: [93, 72, 4, 55, 95] : 106.14794492721558
29: [29, 50, 63, 4, 64] : 120.75602078437805
2: [53, 0, 57, 18, 82] : 83.21669316291809
44: [50, 44, 4, 66, 64] : 106.22832417488098
79: [4, 55, 64, 63, 80] : 116.3587098121643
11: [11, 35, 98, 46, 53] : 105.676917552948
26: [95, 30, 50, 72, 55] : 110.79054164886475
95: [95, 30, 73, 91, 1] : 112.06660771369934
31: [31, 80, 63, 66, 4] : 98.3441755771637
88: [88, 4, 55, 80, 63] : 107.64028978347778
2: [2, 11, 35, 99, 98] : 108.87104725837708
37: [37, 17, 60, 23, 49] : 77.24845314025879
68: [68, 3, 7, 19, 34] : 97.5118522644043
66: [85, 17, 60, 49, 71] : 66.14272427558899
95: [23, 50, 31, 97, 66] : 96.8414659500122
91: [91, 1, 32, 67, 30] : 114.71723437309265
40: [86, 40, 99, 78, 80] : 98.25121545791626
18: [18, 7, 59, 56, 38] : 100.214919090271
19: [19, 31, 38, 3, 15] : 105.28917694091797
77: [77, 6, 7, 57, 14] : 105.91671228408813
18: [56, 14, 7, 44, 59] : 113.68330097198486
25: [20, 25, 5, 41, 84] : 82.37431478500366
30: [95, 30, 72, 55, 50] : 105.97698640823364
38: [38, 43, 34, 97, 3] : 98.34275031089783
77: [4, 55, 50, 80, 63] : 112.9973554611206
71: [71, 95, 30, 49, 60] : 102.17840123176575
1: [91, 32, 1, 70, 62] : 84.2693977355957
28: [10, 28, 84, 61, 20] : 72.13219714164734
32: [93, 14, 43, 63, 4] : 100.20772075653076
4: [4, 55, 72, 95, 30] : 105.27728343009949
76: [76, 17, 20, 12, 68] : 59.27016878128052
90: [90, 60, 12, 7, 18] : 82.31948590278625
14: [14, 4, 80, 63, 50] : 103.37451076507568
25: [20, 94, 66, 50, 4] : 104.69664192199707
70: [70, 53, 57, 0, 92] : 60.56376814842224
17: [17, 4, 80, 63, 64] : 95.77658820152283
95: [72, 55, 66, 64, 80] : 105.98566770553589
75: [63, 4, 55, 80, 64] : 114.71762323379517
6: [50, 4, 63, 80, 36] : 108.41299962997437
86: [86, 87, 16, 39, 13] : 64.30961751937866
94: [94, 37, 76, 86, 87] : 59.27704381942749
28: [28, 10, 16, 40, 20] : 58.645676136016846
73: [73, 30, 95, 32, 67] : 107.23724603652954
36: [4, 50, 63, 64, 36] : 115.52073884010315
18: [57, 18, 99, 83, 92] : 107.78747987747192
10: [28, 10, 84, 52, 61] : 68.0848445892334
34: [34, 97, 38, 3, 42] : 92.66905546188354
1: [1, 32, 91, 80, 4] : 110.35541558265686
64: [64, 50, 4, 80, 63] : 110.35525965690613
28: [10, 28, 61, 84, 53] : 65.1073534488678
82: [82, 62, 70, 56, 52] : 74.70396780967712
96: [96, 59, 52, 47, 60] : 105.97201824188232
59: [56, 59, 52, 47, 96] : 84.27038264274597
67: [17, 96, 59, 60, 76] : 60.53045082092285
15: [15, 19, 63, 3, 4] : 112.84354829788208
27: [27, 29, 55, 80, 4] : 111.571542263031
99: [78, 99, 86, 55, 50] : 114.74047517776489
72: [27, 31, 3, 93, 67] : 99.58068299293518
6: [6, 88, 42, 97, 43] : 100.21551084518433
62: [62, 99, 64, 50, 66] : 107.92637348175049
37: [37, 17, 81, 86, 76] : 65.13361263275146
31: [31, 21, 38, 29, 3] : 118.73616170883179
45: [45, 1, 26, 83, 99] : 76.59412217140198
58: [58, 89, 41, 85, 60] : 77.76871609687805
97: [97, 34, 38, 80, 64] : 105.67783522605896
25: [20, 25, 5, 84, 94] : 66.80271458625793
25: [25, 20, 5, 40, 87] : 74.45140075683594
69: [17, 38, 49, 15, 76] : 97.9847252368927
21: [21, 4, 15, 63, 80] : 99.9177737236023
19: [19, 97, 38, 15, 34] : 113.87623524665833
20: [20, 25, 5, 92, 82] : 84.0233724117279
27: [4, 27, 66, 80, 64] : 105.64177179336548
45: [45, 7, 70, 18, 24] : 83.20437908172607
65: [21, 65, 3, 72, 38] : 112.07048749923706
64: [50, 64, 4, 36, 80] : 106.97875499725342
12: [7, 52, 47, 96, 56] : 84.04640650749207
50: [25, 5, 50, 66, 64] : 101.84273910522461
61: [10, 92, 62, 52, 70] : 66.8423388004303
25: [25, 20, 5, 94, 84] : 76.36971759796143
0: [0, 57, 53, 83, 52] : 66.86285901069641
71: [12, 71, 60, 49, 17] : 64.9528021812439
13: [13, 81, 90, 68, 58] : 66.86031532287598
3: [3, 63, 4, 65, 80] : 97.35789442062378
80: [80, 4, 65, 32, 64] : 113.88856077194214
2: [2, 4, 72, 64, 50] : 102.45463633537292
2: [2, 11, 35, 14, 18] : 87.82850861549377
91: [91, 32, 1, 67, 65] : 83.99445605278015
18: [63, 64, 4, 55, 80] : 112.64243650436401
20: [20, 5, 84, 25, 39] : 58.625099420547485
6: [6, 7, 18, 50, 30] : 111.34044003486633
38: [4, 63, 80, 74, 64] : 106.8482494354248
59: [59, 52, 47, 96, 70] : 66.7899181842804
46: [13, 48, 85, 67, 73] : 83.9798948764801
2: [5, 25, 20, 37, 84] : 76.36269044876099
64: [64, 97, 3, 38, 74] : 105.63914132118225
77: [77, 99, 4, 18, 80] : 102.4365622997284
21: [21, 4, 80, 63, 55] : 117.68126511573792
98: [98, 35, 57, 96, 70] : 79.4782772064209
58: [58, 37, 60, 7, 85] : 83.9374053478241
54: [54, 92, 14, 70, 6] : 89.67844438552856
25: [25, 5, 20, 84, 87] : 56.73780655860901
98: [98, 35, 46, 86, 11] : 92.24593806266785
64: [96, 59, 52, 47, 44] : 108.16710829734802
12: [12, 17, 90, 76, 29] : 77.62976479530334
20: [20, 25, 5, 94, 84] : 64.31079459190369
2: [2, 50, 4, 63, 66] : 102.40370035171509
65: [50, 72, 64, 30, 66] : 109.34237694740295
4: [4, 99, 44, 91, 78] : 109.37439322471619
23: [23, 60, 76, 49, 53] : 76.31701445579529
72: [72, 55, 4, 30, 95] : 108.76165008544922
40: [40, 20, 86, 5, 28] : 59.19524788856506
91: [32, 91, 73, 95, 30] : 106.91189432144165
80: [80, 64, 47, 66, 4] : 108.8383469581604
99: [99, 32, 44, 67, 18] : 112.59849333763123
24: [24, 7, 18, 6, 57] : 83.99378752708435
41: [64, 50, 93, 80, 21] : 91.60827684402466
45: [4, 63, 50, 66, 72] : 106.87141537666321
17: [17, 37, 60, 23, 76] : 64.29419016838074
60: [47, 14, 59, 52, 96] : 99.88672161102295
61: [61, 99, 18, 14, 29] : 76.40282821655273
86: [86, 39, 87, 85, 17] : 64.9189555644989
0: [0, 53, 57, 83, 61] : 61.10379362106323
53: [82, 70, 96, 92, 56] : 83.97849583625793
0: [0, 57, 83, 47, 59] : 66.79493856430054
82: [82, 6, 62, 14, 70] : 99.85800838470459
42: [42, 43, 27, 38, 88] : 101.1498281955719
74: [99, 7, 80, 63, 4] : 105.58753395080566
53: [70, 92, 57, 7, 54] : 83.20745992660522
96: [96, 52, 47, 59, 56] : 113.22173690795898
count (test images): 625
Mean per class acc: 63.26%
Mean inference time: 92.25 sec
Top 1 acc: 64.32%
Top 3 acc: 78.72%
Top 5 acc: 81.92%
