49: [49, 72, 7, 95, 30] : 127.73373055458069
92: [92, 83, 57, 53, 0] : 81.82608580589294
41: [41] : 60.342607498168945
75: [78, 54, 56, 59, 96] : 115.87413597106934
7: [7, 6, 93, 78, 14] : 115.7601797580719
71: [71, 60, 23, 49, 33] : 72.26059794425964
50: [74, 4, 50, 63, 55] : 69.11850619316101
27: [27, 38, 4, 15, 42] : 88.92031073570251
70: [70, 53, 51, 99, 61] : 78.97012543678284
24: [24, 32, 67, 27, 91] : 101.54809021949768
36: [36, 50, 64, 65, 72] : 65.26470732688904
32: [57, 72, 93, 83, 95] : 94.20098304748535
45: [29, 44, 78, 27, 24] : 111.59862208366394
80: [80, 4] : 38.20398497581482
12: [12, 76, 60, 68, 17] : 63.19752860069275
23: [76, 17, 37, 12] : 35.40996980667114
58: [58, 85, 7, 69, 6] : 92.89544463157654
96: [96, 52, 59, 47, 53] : 98.68223643302917
42: [42, 43, 88, 55, 72] : 67.87649083137512
86: [78, 1, 27, 29, 73] : 129.00306797027588
37: [17, 37, 76] : 27.612147569656372
45: [29, 45, 27, 44, 18] : 87.96756339073181
37: [37, 17] : 32.88875913619995
90: [60, 90, 33, 49, 42] : 69.63421416282654
69: [69] : 48.622982025146484
40: [40, 84, 20, 9, 65] : 93.27328133583069
27: [29, 27, 91, 44, 93] : 150.29254722595215
18: [24, 99, 7, 18, 79] : 82.0546407699585
55: [29, 34, 38, 97, 88] : 95.81894993782043
54: [70, 92, 54, 47, 99] : 64.41537284851074
37: [37, 17, 76, 12] : 33.56573820114136
36: [65, 38, 77, 4, 18] : 101.1521360874176
35: [35, 98, 11, 46, 73] : 95.82938075065613
37: [37, 17, 60, 76, 12] : 42.651610374450684
27: [27, 72, 29, 44, 73] : 108.31285667419434
73: [73, 30, 97, 49, 33] : 96.47634077072144
65: [65, 80, 74, 38, 50] : 57.09933400154114
91: [91, 1, 73, 32] : 72.86738109588623
64: [64, 80, 38, 74, 65] : 92.58081936836243
17: [17, 37] : 45.992570877075195
41: [41, 89] : 62.38115978240967
19: [19, 43, 34, 15, 38] : 70.22496366500854
83: [83] : 28.22687339782715
37: [37] : 19.019506454467773
65: [38, 34, 65, 80, 4] : 72.6508800983429
97: [97, 65, 64, 50, 66] : 63.58946681022644
95: [95, 30, 71, 72, 97] : 96.47192072868347
48: [48] : 45.31797933578491
54: [54, 70, 82] : 50.541247844696045
86: [86, 94, 87, 37, 17] : 64.3578770160675
86: [86] : 28.93942904472351
6: [6, 82, 70, 18, 79] : 77.58563876152039
85: [85] : 45.45823121070862
53: [53, 57, 0, 82, 83] : 75.71098303794861
9: [9, 10, 84, 61, 16] : 67.74148869514465
20: [20, 25, 84] : 27.616171836853027
99: [99] : 46.666587114334106
8: [8, 48] : 59.11956024169922
14: [14, 79, 99] : 47.26647996902466
23: [59, 52, 67, 47, 73] : 112.89999485015869
74: [80, 50, 4, 27, 55] : 79.43995141983032
82: [82, 14, 62, 54, 6] : 97.21600222587585
15: [15] : 36.794984340667725
30: [30, 95, 72, 55, 73] : 87.95944476127625
71: [71, 23] : 64.37470126152039
28: [28, 57, 92, 83, 70] : 70.28984832763672
81: [81, 90] : 44.70044469833374
26: [45, 6, 14, 7, 99] : 89.32027649879456
96: [60, 23, 33] : 27.600515127182007
76: [76, 60, 13, 49, 23] : 70.2563955783844
21: [21] : 44.03434658050537
0: [0, 57, 28, 51] : 68.97575235366821
2: [2, 11, 35, 50] : 67.66615080833435
46: [46, 98, 11, 35, 0] : 70.27995014190674
15: [15] : 32.21408271789551
43: [43] : 32.21714973449707
19: [97, 19, 43, 72, 30] : 65.05053520202637
88: [88] : 32.20730519294739
88: [97, 88, 95, 72, 55] : 83.41591095924377
39: [39] : 44.411683797836304
28: [28, 16, 0, 86, 57] : 78.84180641174316
17: [17, 49, 60] : 52.556580781936646
4: [55, 30, 72, 44, 27] : 84.66773176193237
42: [55, 44, 78, 72, 6] : 99.7949869632721
53: [53] : 28.278679132461548
47: [47, 52, 96, 59, 56] : 85.4025604724884
43: [43, 4, 3] : 45.37622952461243
81: [37, 17, 87, 86, 39] : 71.59209537506104
8: [33, 60, 49, 23] : 33.50774693489075
47: [60, 53, 0, 17, 37] : 51.241485834121704
19: [19] : 32.2177312374115
62: [62, 70, 6, 7, 18] : 76.86706590652466
70: [70, 62, 0, 92, 60] : 74.23380184173584
87: [87, 20, 86, 22, 94] : 68.9754285812378
92: [82, 70, 14, 62, 92] : 86.70028853416443
55: [30, 29, 55, 44, 27] : 112.48915934562683
62: [62, 47, 82, 70, 92] : 84.99360942840576
17: [17] : 48.8116717338562
58: [58, 69, 85, 13, 89] : 46.15253019332886
64: [80, 64, 74, 50, 44] : 81.65883660316467
60: [60, 49, 59, 33, 52] : 105.31205677986145
13: [13, 15, 89] : 61.891401529312134
65: [65, 50, 97] : 46.11052942276001
24: [24, 7, 6, 14, 32] : 112.14340710639954
12: [96, 52, 27, 78, 44] : 114.59384346008301
10: [10, 53, 28, 84, 61] : 70.3799262046814
10: [10, 61, 20, 0, 53] : 59.921767711639404
83: [99, 53, 78, 83, 29] : 137.00797367095947
27: [44, 18, 78, 7, 29] : 89.53067898750305
73: [73, 91, 1, 30, 95] : 84.3833441734314
51: [51, 77, 93, 78, 92] : 124.72856283187866
17: [17] : 56.73807120323181
20: [25, 20, 5, 84] : 33.622405767440796
86: [90, 60, 85, 39, 87] : 111.28741884231567
70: [70, 14, 62, 18, 92] : 73.07346296310425
49: [49, 60] : 26.373537063598633
56: [56, 59, 23, 71, 76] : 103.46603345870972
43: [43, 42, 88] : 44.25313878059387
28: [28, 40, 16, 10, 84] : 52.22957897186279
17: [53, 17, 57, 60, 12] : 68.03870797157288
74: [55, 32, 27, 78, 72] : 87.70481395721436
46: [11, 27, 96, 44, 29] : 94.88868689537048
63: [97, 65, 4, 55, 43] : 83.79065179824829
41: [41] : 53.447001934051514
78: [78, 44, 29, 1, 18] : 101.480144739151
92: [92, 70, 83, 99, 28] : 75.81660723686218
36: [36, 50, 65, 64, 74] : 75.94511556625366
59: [52, 59, 96, 47, 56] : 77.8703727722168
4: [4, 80, 38, 3, 34] : 85.70117545127869
97: [97, 43, 38, 42, 34] : 59.936461210250854
29: [67, 83, 59, 96, 32] : 84.24321675300598
87: [52, 59, 56, 47, 70] : 99.98869204521179
63: [63, 65, 80, 38, 97] : 77.68510437011719
27: [27, 78, 44, 29, 91] : 98.98050451278687
89: [89] : 60.08667993545532
43: [43, 97, 38, 3, 42] : 56.06537199020386
10: [10, 28, 92, 62, 70] : 65.91308736801147
54: [14, 54, 18, 7, 24] : 134.2584159374237
73: [14, 44, 78, 29, 70] : 124.97263598442078
19: [97, 34, 19, 63, 72] : 76.48413753509521
41: [7, 18, 24, 32, 14] : 104.87275743484497
27: [27, 44, 73, 91, 30] : 112.65912508964539
14: [14, 74, 51, 99, 94] : 98.24616241455078
96: [96, 52, 47, 59, 29] : 112.09248876571655
76: [60, 49, 76, 6, 14] : 93.54607391357422
12: [17, 12, 60, 76, 37] : 77.17225480079651
34: [34, 97, 38, 66] : 50.2022590637207
50: [74, 4, 55, 64, 63] : 78.53697896003723
25: [25, 20, 5] : 27.732433080673218
51: [78, 44, 32, 27, 14] : 98.2110550403595
70: [70, 62, 92, 54] : 57.29541277885437
50: [50, 74, 4, 64, 65] : 74.3491804599762
94: [94, 22, 5, 84] : 40.14768934249878
30: [30, 73, 1, 95, 91] : 73.02415227890015
3: [3, 4, 19, 21, 63] : 72.46569871902466
55: [4, 55, 29, 65, 74] : 91.81030178070068
81: [60, 53, 27, 0, 29] : 97.04858016967773
0: [57, 0, 53, 10] : 72.60394859313965
64: [63, 64, 3, 55, 72] : 98.86197805404663
34: [34, 38, 42, 29, 97] : 86.27381610870361
92: [62, 70, 51] : 32.96325707435608
20: [25, 20, 5] : 27.68926239013672
73: [73, 30, 95, 67, 72] : 69.88205170631409
11: [11, 35, 2, 46] : 63.413981914520264
89: [18, 27, 6, 29, 44] : 94.37951803207397
50: [65, 50, 29, 27, 30] : 89.6340184211731
10: [29, 93, 95, 30, 91] : 117.79613661766052
52: [52, 96, 23, 49, 33] : 50.615806341171265
91: [91, 1, 32, 67, 73] : 69.64241075515747
63: [65, 34, 55, 3, 72] : 78.19042825698853
4: [4, 55, 72, 30, 3] : 62.44389820098877
78: [78, 99, 18, 0, 83] : 84.1533374786377
53: [53, 7, 57, 18, 24] : 76.27733969688416
38: [38, 80, 65, 34, 97] : 77.82997369766235
6: [6, 14, 18, 7, 82] : 91.8731427192688
47: [52, 96, 47, 59, 56] : 91.87575888633728
84: [84, 1, 73, 30, 72] : 95.60336971282959
13: [13, 60, 69, 89, 8] : 57.19911241531372
5: [20, 5, 84, 25] : 40.09759545326233
21: [21] : 38.79756736755371
70: [70, 6, 18, 62, 60] : 93.29513669013977
70: [70, 92, 62, 99, 28] : 115.15882706642151
27: [27, 29, 93, 44, 32] : 84.18772506713867
5: [84, 20, 94, 87, 5] : 51.284305572509766
5: [5, 37, 94, 25, 17] : 49.33113503456116
0: [57, 0, 53] : 63.12906575202942
73: [25, 27, 5, 78, 93] : 93.2892963886261
89: [29, 27, 44, 43, 88] : 74.90285849571228
7: [53, 7, 83, 18, 99] : 98.54829597473145
78: [78, 44, 99, 97, 42] : 126.35202956199646
25: [25, 20, 5] : 30.97881007194519
53: [53, 10, 87, 99, 61] : 89.48860549926758
25: [25, 5, 20, 84, 40] : 42.75273060798645
23: [23] : 57.29862880706787
42: [42, 88, 43] : 44.18129372596741
59: [59, 47, 56, 96, 52] : 130.49202060699463
34: [34, 97, 38, 64, 88] : 58.60940909385681
71: [71, 95, 30, 72] : 65.78859233856201
88: [88, 42] : 38.15107870101929
62: [54, 70, 92, 79] : 63.091747999191284
42: [97, 38, 34, 43, 80] : 67.68562769889832
9: [9] : 56.531280517578125
9: [9, 10, 40, 28, 99] : 74.96117377281189
65: [65, 4, 80, 50, 38] : 69.19572710990906
50: [44, 78, 27, 93, 55] : 108.76167035102844
87: [87, 86, 39] : 34.27723932266235
12: [12, 71, 60, 68, 17] : 76.9914755821228
99: [78, 18, 29, 83, 91] : 115.28611516952515
88: [88, 43, 34, 38] : 50.07876706123352
57: [57, 0, 53, 10, 60] : 58.6259708404541
43: [43, 27, 29, 44, 55] : 84.88643956184387
48: [48, 8, 69, 41, 86] : 80.38487911224365
49: [49, 60, 76, 37, 13] : 62.650511264801025
73: [30, 73, 29, 95, 45] : 90.25470924377441
49: [49, 60, 52, 33, 96] : 74.39649295806885
56: [56, 59, 71, 60, 49] : 78.92379188537598
21: [21] : 32.23700761795044
46: [46, 11, 98, 35, 85] : 51.92160248756409
73: [73, 91, 30, 32, 95] : 69.6570611000061
77: [57, 4, 74, 78, 77] : 99.98018479347229
85: [85, 41] : 58.04250454902649
32: [6, 67, 14, 77, 80] : 124.74832558631897
27: [27, 44, 78, 93, 32] : 100.04712200164795
20: [20, 25] : 21.727620124816895
38: [38, 72, 55, 65, 30] : 76.88980507850647
96: [52, 59, 96, 60, 47] : 78.86139750480652
77: [77, 24, 79, 7, 6] : 71.81882238388062
54: [54] : 28.402801036834717
29: [29, 4, 43, 42, 74] : 85.81628060340881
65: [65, 2, 50, 31, 38] : 64.61954140663147
84: [87, 86, 39, 84, 94] : 50.05929780006409
85: [27, 29, 44, 78, 93] : 115.2390878200531
0: [0, 57, 53, 60, 99] : 89.64302396774292
10: [10, 28, 53, 57, 51] : 73.80818557739258
28: [20, 40, 84, 25, 5] : 96.11582684516907
34: [55, 72, 44, 27, 93] : 100.23947358131409
70: [70, 62, 92, 14, 7] : 87.0171480178833
90: [90] : 55.36422801017761
59: [59, 52, 47, 96, 60] : 74.36568832397461
50: [50, 64, 36, 65, 74] : 55.8566689491272
89: [41, 89] : 32.89141058921814
87: [86] : 19.10412573814392
39: [39, 83, 25, 5, 86] : 54.56006121635437
9: [9, 25, 57, 28, 5] : 63.104419469833374
77: [32, 91, 67, 1, 73] : 93.47375535964966
37: [37, 96, 17, 59, 14] : 92.92843770980835
45: [44, 67, 32, 93, 29] : 105.30351305007935
10: [70, 92, 57, 83, 53] : 59.88421082496643
51: [51, 4, 63, 80, 99] : 70.33575487136841
40: [40, 56, 52, 96, 59] : 68.33373188972473
71: [71, 30, 26, 95, 72] : 80.8096387386322
30: [30, 95, 73, 97, 74] : 72.32588410377502
37: [37, 17, 53, 0, 57] : 49.4083309173584
69: [76, 17, 12] : 27.724725484848022
75: [97, 55, 34, 72, 30] : 83.12626934051514
87: [87, 71, 49, 60, 17] : 77.8070740699768
30: [30, 91, 95, 44, 74] : 111.86645770072937
92: [92, 70, 51, 57, 99] : 77.74043440818787
48: [48] : 25.749780654907227
0: [0, 53, 57, 60, 10] : 53.37616562843323
49: [49, 17, 15, 76, 38] : 73.75301885604858
46: [46, 11, 98, 83, 0] : 82.93169331550598
49: [49, 60, 33, 23] : 35.58026385307312
94: [94, 37, 60, 3, 66] : 72.56161117553711
47: [47, 52, 96, 62, 33] : 56.70689153671265
72: [30, 95, 72, 55, 44] : 78.37565445899963
37: [37, 17] : 44.77379536628723
41: [41, 86] : 62.48337984085083
29: [29, 27, 55, 44, 93] : 88.65713334083557
50: [32, 67, 1, 91, 55] : 82.76084923744202
42: [38, 43, 97, 65, 88] : 78.26449394226074
92: [70, 92, 0, 62, 83] : 79.14153051376343
43: [27, 32, 67, 47, 82] : 126.66378211975098
83: [83, 10] : 37.599143981933594
25: [20, 25, 5, 84] : 36.86481475830078
7: [7, 24, 6, 18, 45] : 76.26604509353638
69: [69, 49, 60, 76, 85] : 59.79145169258118
43: [43, 42] : 38.129433155059814
86: [59, 52, 56, 47, 96] : 113.00532531738281
13: [17, 37, 96, 13, 52] : 84.96120810508728
5: [5, 25, 20, 86, 99] : 67.1953375339508
43: [43, 42, 38, 55, 88] : 63.865177154541016
21: [21] : 50.04246759414673
40: [40, 84] : 49.36581468582153
11: [11, 46, 35, 98, 2] : 69.08439874649048
2: [2] : 46.7082839012146
74: [44, 27, 78, 55, 32] : 130.20848774909973
30: [30, 95, 73, 32, 91] : 66.60475325584412
33: [33, 68, 49, 60, 12] : 72.58540439605713
92: [70, 92, 62, 14, 54] : 81.75357031822205
0: [0, 57, 53, 10, 84] : 74.43073081970215
22: [76, 17, 12, 37] : 33.61702871322632
45: [78, 44, 29, 27, 99] : 93.02746319770813
70: [62, 70, 92, 47, 51] : 49.471455335617065
22: [22] : 50.1515154838562
74: [93, 78, 27, 44, 14] : 120.58947944641113
15: [15, 43, 38] : 62.74502968788147
43: [97, 43, 3, 38, 15] : 74.5901243686676
47: [52, 96, 47, 59, 56] : 92.95559620857239
72: [72, 55, 30, 32, 95] : 99.93737173080444
39: [39] : 28.954254865646362
69: [95, 30, 73, 72, 67] : 92.00883150100708
54: [54, 62, 0, 70, 83] : 59.80404233932495
9: [9] : 26.974575519561768
85: [27, 29, 73, 67, 78] : 119.85387873649597
25: [20, 25, 5, 84, 37] : 52.86775541305542
53: [53, 57, 0] : 63.53707504272461
2: [2, 11] : 66.18728542327881
40: [51, 53, 57, 38, 0] : 93.11077117919922
count (test images): 309
Mean per class acc: 67.37%
Mean inference time: 72.49 sec
Top 1 acc: 66.02%
Top 3 acc: 75.40%
Top 5 acc: 77.35%
