49: [49, 72, 60, 95, 17] : 256.6910870075226
92: [92, 83, 70, 18, 7] : 165.79958081245422
41: [41, 6, 67, 95, 43] : 291.1776297092438
75: [63, 99, 97, 14, 88] : 263.4272801876068
7: [7, 99, 77, 51, 6] : 285.27260088920593
71: [71, 60, 49, 33, 23] : 94.21740102767944
50: [74, 4, 50, 63, 6] : 269.26014590263367
27: [27, 38, 42, 15, 55] : 276.90107440948486
70: [70, 53, 62, 92, 83] : 116.5815737247467
24: [24, 63, 4, 7, 6] : 275.6295337677002
36: [36, 50, 80, 64, 65] : 281.8618357181549
32: [72, 57, 93, 99, 50] : 281.9320628643036
45: [45, 99, 29, 26, 65] : 237.73963904380798
80: [80, 4, 75, 34, 66] : 277.09227681159973
12: [12, 76, 68, 86, 17] : 164.30580067634583
23: [23, 76, 49, 60, 56] : 171.11833143234253
58: [58, 85, 97, 88, 42] : 275.4734034538269
96: [96, 52, 59, 47, 60] : 212.37820601463318
42: [42, 43, 4, 88, 97] : 291.48758840560913
86: [50, 78, 99, 83, 27] : 297.183646440506
37: [17, 37, 60, 52, 76] : 144.01183557510376
45: [45, 4, 80, 64, 29] : 277.053950548172
37: [37, 17, 7, 14, 47] : 218.58182501792908
90: [60, 90, 27, 33, 29] : 282.06217193603516
69: [69, 17, 52, 76, 59] : 107.65947341918945
40: [84, 20, 38, 52, 15] : 268.3378858566284
27: [80, 27, 29, 49, 44] : 275.7115957736969
18: [24, 99, 67, 18, 53] : 168.1173255443573
55: [4, 75, 29, 66, 34] : 288.3299832344055
54: [70, 92, 83, 62, 54] : 128.68004202842712
37: [37, 17, 40, 22, 86] : 148.2740409374237
36: [4, 38, 65, 64, 77] : 221.4020619392395
count (test images): 32
Mean per class acc: 61.73%
Mean inference time: 228.55 sec
Top 1 acc: 62.50%
Top 3 acc: 25.00%
Top 5 acc: 25.00%
