49: [49, 60, 95, 85, 27] : 177.80303716659546
92: [92, 83, 70] : 46.373759746551514
41: [41, 69] : 71.45026111602783
75: [97, 56, 88, 42, 27] : 257.6785979270935
7: [7, 99, 77, 6, 51] : 184.15868377685547
71: [71, 60, 49, 33, 23] : 103.47180795669556
50: [74, 4, 50, 6, 65] : 175.01562809944153
27: [27, 29, 44, 65, 69] : 107.29609489440918
70: [70, 53, 62, 92, 51] : 60.05447697639465
24: [24, 6, 45, 7, 32] : 212.09393191337585
36: [36, 50, 65, 80, 64] : 120.61672401428223
32: [57, 99, 83, 93, 29] : 120.01987290382385
45: [45, 29, 26, 99, 65] : 214.48800539970398
80: [80, 4, 34, 74, 55] : 123.8219792842865
12: [12, 76, 86, 68, 69] : 71.49260091781616
23: [23, 76, 69, 56, 17] : 56.18962001800537
58: [85, 58, 69] : 63.835559129714966
96: [96, 52, 59, 47, 60] : 103.41599750518799
42: [42, 43, 88, 3, 97] : 121.29448080062866
86: [83, 78, 99, 50, 57] : 283.46481132507324
37: [17, 37, 60] : 44.68711233139038
45: [45, 29, 26, 27, 44] : 167.2462282180786
37: [37, 17, 47, 52, 96] : 85.5334861278534
90: [60, 90, 27, 18, 7] : 127.66378879547119
69: [69] : 23.00681757926941
40: [40, 84, 38, 20, 80] : 196.63561272621155
27: [29, 27, 80, 49, 44] : 222.20978903770447
18: [24, 99, 67, 18, 79] : 178.79207730293274
55: [29, 34, 4, 38, 42] : 141.54481267929077
54: [70, 92, 83, 62, 54] : 79.03068590164185
37: [37, 17, 76, 12] : 44.61537957191467
36: [65, 4, 38, 80, 50] : 181.00336050987244
35: [35, 98, 11, 46, 2] : 240.8655242919922
37: [37, 17, 52, 76, 96] : 58.65028142929077
27: [97, 27, 72, 65, 23] : 203.9216661453247
73: [73, 30, 97, 27, 78] : 182.25842952728271
65: [65, 74, 38, 80, 50] : 115.96424698829651
91: [91, 1, 73, 32] : 63.737520933151245
64: [64, 97, 38, 74, 34] : 131.2910192012787
17: [17, 23, 69, 51] : 99.4400110244751
41: [69, 49, 60, 71] : 43.33989381790161
19: [19, 63, 75, 50, 4] : 128.71597528457642
83: [83, 0] : 33.167956590652466
37: [37, 23] : 45.89192533493042
65: [38, 80, 64, 34, 65] : 173.30861711502075
97: [97, 64, 65, 50, 88] : 118.55472135543823
95: [95, 30, 72, 69, 45] : 126.23089647293091
48: [48] : 72.70593070983887
54: [54, 70, 82, 51] : 49.724409341812134
86: [86, 87, 94, 69] : 94.34092593193054
86: [86] : 35.73525881767273
6: [6, 82, 70, 7, 54] : 139.02060270309448
85: [85, 41, 51, 69, 23] : 103.32362079620361
53: [53, 57, 0, 82, 51] : 57.40834379196167
9: [9, 10, 69] : 70.16407608985901
20: [20, 25, 84] : 39.55013632774353
99: [99, 78, 53, 69] : 68.87025737762451
8: [8, 48, 69] : 93.11382341384888
14: [14, 79, 26, 54, 99] : 85.4766492843628
23: [33, 59, 67, 49, 51] : 204.04165387153625
74: [50, 80, 4, 64, 63] : 144.07588720321655
82: [82, 54, 29, 44, 69] : 95.64232563972473
15: [15, 29, 27] : 72.67759299278259
30: [30, 95, 72, 55, 71] : 144.33802247047424
71: [71, 60, 23, 69] : 81.83559656143188
28: [28, 10, 57, 51, 69] : 85.71416711807251
81: [81, 90, 47, 69, 51] : 110.11813426017761
26: [29, 6, 45, 7, 1] : 194.21695470809937
96: [41, 60, 52, 96, 47] : 164.61180663108826
76: [76, 60, 23, 51] : 55.30222463607788
21: [21, 31, 65, 29, 42] : 122.12982511520386
0: [0, 57, 53] : 38.57029581069946
2: [2, 11, 35, 69, 51] : 100.28925013542175
46: [46, 98, 11, 35, 87] : 78.41485595703125
15: [15, 29] : 68.13324284553528
43: [43, 65, 27, 29, 51] : 83.42743134498596
19: [97, 19, 29, 15, 38] : 123.9053955078125
88: [88, 43, 42, 65] : 77.60339307785034
88: [97, 80, 75, 63, 66] : 132.24434351921082
39: [39, 27, 99, 69, 51] : 95.3614399433136
28: [28, 16, 84, 10, 50] : 204.61210656166077
17: [17, 49, 60, 23, 52] : 104.22967791557312
4: [4, 80, 50, 63, 64] : 200.88893032073975
42: [4, 75, 99, 50, 64] : 141.07837796211243
53: [53] : 27.99737048149109
47: [52, 47, 96, 59, 56] : 109.32410907745361
43: [43, 3, 42, 65] : 77.53672361373901
81: [37, 17, 87, 86, 12] : 67.37448835372925
8: [8, 41, 89, 96, 33] : 130.98192811012268
47: [60, 47, 7, 6, 14] : 179.25559496879578
19: [19, 15, 38, 65] : 77.51940202713013
62: [62, 70, 51] : 39.407732248306274
70: [70, 62, 0, 92] : 61.010762214660645
87: [87, 20, 86, 23] : 100.39300012588501
92: [82, 14, 83, 6, 1] : 132.65487122535706
55: [18, 38, 29, 99, 93] : 228.38047981262207
62: [62, 47, 82, 92, 14] : 137.10845303535461
17: [17, 69] : 53.82324957847595
58: [58, 69] : 71.75386142730713
64: [80, 64, 50, 74, 36] : 119.1185188293457
60: [60, 49, 19, 33, 59] : 158.8182168006897
13: [99, 27, 78, 44, 29] : 171.60309958457947
65: [65] : 47.41552138328552
24: [24, 7, 6, 18, 14] : 146.02102708816528
12: [76, 17, 12, 96, 52] : 110.17744541168213
10: [10, 53, 28, 84, 61] : 98.65001249313354
10: [10, 61, 28] : 51.24567365646362
83: [99, 53, 83, 63, 4] : 216.43653416633606
27: [99, 44, 18, 74, 29] : 219.04039907455444
73: [73, 91, 1, 44, 29] : 115.28530812263489
51: [51, 77, 99, 93, 44] : 210.0451111793518
17: [17, 69, 51, 23] : 111.46864771842957
20: [25, 20, 5, 84] : 44.85568642616272
86: [85, 39, 90, 87, 17] : 224.23881244659424
70: [70, 62, 92, 51] : 49.91361141204834
49: [49, 60, 23] : 99.72678518295288
56: [56, 59, 96, 52, 47] : 111.21014332771301
43: [43, 42, 88, 65, 27] : 83.10538935661316
28: [28, 40, 10, 16, 84] : 67.75971722602844
17: [17, 6, 7, 14, 53] : 114.97840285301208
74: [74, 55, 75, 27, 21] : 203.19444036483765
46: [11, 35, 46, 2, 69] : 94.57773756980896
63: [97, 65, 88, 42, 34] : 131.63097047805786
41: [41, 69] : 90.78995776176453
78: [78, 99, 44, 29, 77] : 94.54533576965332
92: [92, 70, 54] : 44.733043909072876
36: [36, 50, 65, 64, 74] : 145.61698579788208
59: [52, 59, 96, 47, 56] : 79.19784259796143
4: [4, 80, 3, 38, 55] : 206.80631375312805
97: [97, 43, 38, 34, 42] : 92.68374061584473
29: [29, 27, 93, 67, 38] : 175.1261284351349
87: [86, 87, 69, 40, 39] : 120.64713048934937
63: [63, 82, 56, 59, 52] : 246.2277479171753
27: [27, 97, 80, 4, 66] : 176.30095505714417
89: [89, 69] : 76.16876292228699
43: [43, 97, 38, 42, 3] : 92.65957856178284
10: [10, 28, 9, 61, 20] : 88.82590699195862
54: [14, 18, 99, 54, 92] : 205.5627725124359
73: [14, 44, 99, 78, 29] : 229.64424633979797
19: [97, 34, 75, 19, 38] : 123.17370319366455
41: [45, 7, 78, 99, 18] : 223.46783542633057
27: [27, 44, 80, 66, 64] : 260.7879819869995
14: [14, 78, 74, 93, 51] : 176.84267449378967
96: [96, 52, 47, 59, 17] : 71.71094274520874
76: [60, 76, 49, 15, 53] : 268.89022755622864
12: [17, 12, 60, 23, 69] : 113.96522307395935
34: [34, 97, 38, 29, 65] : 85.78682255744934
50: [74, 32, 65, 93, 88] : 201.0207130908966
25: [25, 20, 5] : 39.699055671691895
51: [74, 4, 78, 80, 63] : 177.97795844078064
70: [70, 23, 51, 62] : 49.93897318840027
50: [50, 74, 65, 4, 67] : 158.78024291992188
94: [94, 20] : 47.397722244262695
30: [73, 1, 69, 91, 27] : 93.49490594863892
3: [3, 4, 75, 63, 21] : 193.45165824890137
55: [55, 34, 65, 97, 74] : 162.6304371356964
81: [13, 81, 60, 68, 89] : 143.45150089263916
0: [57, 0, 53] : 38.43459606170654
64: [63, 64, 80, 75, 3] : 201.08342623710632
34: [34, 42, 63, 38, 80] : 148.53464937210083
92: [62, 70, 51, 82] : 44.827006578445435
20: [20, 25, 5] : 39.71501350402832
73: [73, 30, 95, 75, 50] : 128.0156445503235
11: [11, 35, 2, 46, 85] : 152.42602252960205
89: [4, 63, 42, 80, 66] : 242.02968311309814
50: [50, 65, 80, 64, 4] : 122.89393639564514
10: [29, 93, 95, 57, 1] : 213.85379338264465
52: [52, 59, 96, 47, 49] : 106.26654839515686
91: [91, 1, 32, 67, 69] : 76.8305435180664
63: [65, 4, 63, 80, 64] : 172.82015180587769
4: [4, 55, 27, 75, 32] : 128.00175952911377
78: [78, 99, 0, 86] : 88.33935642242432
53: [53, 57, 0] : 38.420071840286255
38: [38, 80, 65, 64, 66] : 125.47599458694458
6: [6, 14, 18, 82, 99] : 90.94226884841919
47: [52, 96, 47, 60, 23] : 119.07276678085327
84: [84, 20, 93, 1, 73] : 90.96415758132935
13: [13, 60, 69, 23, 51] : 122.97392797470093
5: [20, 5, 84, 25] : 44.82560420036316
21: [21, 27, 78, 44] : 84.508127450943
70: [70, 62, 60, 52, 92] : 69.15799450874329
70: [70, 92, 62, 0, 69] : 64.0303201675415
27: [27, 29, 93, 44, 74] : 212.54786586761475
5: [84, 20, 94] : 39.709232568740845
5: [5, 37, 94, 20, 25] : 96.04857087135315
0: [57, 0, 53] : 38.42590141296387
73: [25, 5, 27, 50, 66] : 217.6769733428955
89: [89, 85, 41, 69, 51] : 110.14443135261536
7: [53, 83] : 33.314197063446045
78: [78, 44, 27, 99, 97] : 249.75853204727173
25: [25, 20, 5, 39] : 62.74550151824951
53: [53, 51] : 58.90937256813049
25: [25, 5, 20] : 39.70951294898987
23: [23, 49, 71, 60, 33] : 60.19869804382324
42: [42, 43, 88, 27, 78] : 103.67643141746521
59: [59, 47, 23, 56, 96] : 154.94349670410156
34: [34, 97, 64, 38, 4] : 113.95660662651062
71: [71, 60, 26, 51, 69] : 107.57433462142944
88: [88, 42, 43, 65, 74] : 90.91847801208496
62: [54, 70, 14, 99, 79] : 90.93285846710205
42: [97, 38, 80, 34, 43] : 129.37278294563293
9: [9, 69] : 89.72256350517273
9: [9, 69] : 89.6958909034729
65: [72, 65, 55, 50, 80] : 161.34316611289978
50: [44, 74, 65, 78, 99] : 242.1155080795288
87: [87, 86, 39] : 39.72801113128662
12: [12, 71, 60, 68, 23] : 55.09592652320862
99: [99, 78, 83, 51, 69] : 105.05322408676147
88: [88, 34, 43, 65, 38] : 90.91386675834656
57: [57, 10, 53, 0, 61] : 55.08945322036743
43: [43, 88, 42, 97, 34] : 110.14968037605286
48: [48, 69] : 89.70714926719666
49: [60, 49, 23, 76, 29] : 201.14434671401978
73: [30, 73, 95, 1, 29] : 144.721745967865
49: [49, 23, 60, 33, 51] : 90.91798233985901
56: [56, 71, 59, 23, 69] : 101.18538165092468
21: [21, 29, 27, 78, 44] : 122.98859119415283
46: [46, 11, 98, 35, 85] : 74.29698467254639
73: [73, 91, 32, 67, 51] : 103.71357917785645
77: [4, 74, 57, 80, 63] : 229.27683925628662
85: [85, 41, 69, 51] : 66.5837574005127
32: [63, 4, 6, 80, 50] : 234.50733351707458
27: [27, 44, 78, 93, 91] : 207.5757658481598
20: [20, 25, 84] : 39.74166440963745
38: [38, 65, 27, 74, 29] : 96.06184530258179
96: [60, 33, 59, 52, 96] : 123.00701951980591
77: [77, 24, 79, 7, 6] : 97.40266060829163
54: [54] : 46.15441679954529
29: [29, 4, 43, 34, 42] : 147.3046567440033
65: [23, 65, 50, 4, 80] : 129.34833073616028
84: [52, 61, 10, 59, 9] : 69.18063521385193
85: [27, 17, 42, 97, 93] : 175.4804983139038
0: [0, 53, 57] : 38.43575835227966
10: [10, 28, 53, 57, 99] : 98.64281558990479
28: [20, 40, 84, 28, 9] : 240.78944182395935
34: [80, 4, 34, 65, 74] : 158.84864258766174
70: [70, 62, 92, 82] : 49.96540951728821
90: [90, 69, 23] : 112.7507746219635
59: [59, 52, 47, 96] : 44.83578372001648
50: [50, 64, 36, 65, 74] : 137.00140047073364
89: [41, 89, 85, 69] : 55.07150626182556
87: [86, 87, 39] : 39.71477150917053
39: [39, 25, 5, 51] : 85.85231256484985
9: [9, 25, 5, 69] : 106.3796648979187
77: [32, 91, 78, 4, 80] : 195.99811697006226
37: [37, 17, 96, 59, 52] : 90.94815158843994
45: [4, 44, 50, 80, 36] : 240.85418248176575
10: [70, 92, 61, 10, 83] : 76.87008452415466
51: [51, 4, 63, 80, 43] : 178.1030330657959
40: [40, 56, 52, 96, 9] : 121.69902920722961
71: [71, 26, 45, 27, 93] : 90.96720218658447
30: [30, 95, 97, 73, 74] : 169.15955090522766
37: [37, 17, 53, 60, 23] : 119.22629141807556
69: [69, 76, 17, 12] : 44.85834765434265
75: [75, 80, 4, 97, 63] : 194.7319848537445
87: [87, 71, 49, 60, 17] : 93.54659938812256
30: [30, 91, 74, 44, 99] : 143.5497305393219
92: [92, 70, 51, 23] : 87.1439778804779
48: [48, 69] : 84.60809826850891
0: [0, 53, 57] : 38.452590227127075
49: [49, 17, 76, 60, 56] : 123.01302194595337
46: [46, 35, 11, 98, 17] : 83.3117504119873
49: [49, 60, 59, 33, 52] : 70.4901475906372
94: [94, 69] : 79.49470639228821
47: [47, 52, 96, 59, 23] : 71.76865434646606
72: [30, 95, 44, 27, 29] : 133.29055428504944
37: [37, 17] : 34.62735652923584
41: [41, 86, 89, 69] : 106.37894225120544
29: [29, 65, 74, 31, 38] : 175.59107947349548
50: [4, 74, 38, 32, 34] : 179.44144749641418
42: [80, 38, 4, 64, 97] : 137.11551141738892
92: [70, 92, 0, 83, 51] : 83.3461058139801
43: [4, 27, 42, 97, 34] : 203.856196641922
83: [83] : 34.64951682090759
25: [25, 20, 84, 5] : 44.87338829040527
7: [7, 24, 6, 79, 45] : 97.43618154525757
69: [69, 60, 49, 76, 23] : 74.35112166404724
43: [43, 29, 65, 46, 35] : 94.8182418346405
86: [20, 94, 40, 86, 87] : 120.44577312469482
13: [17, 37, 13, 23, 60] : 103.82836890220642
5: [5, 69] : 60.263718366622925
43: [43, 42, 38, 3, 88] : 94.88217282295227
21: [21, 27, 74, 29, 78] : 151.2662808895111
40: [40, 51, 69] : 89.72475862503052
11: [11, 46, 35, 98, 2] : 94.86154556274414
2: [2, 11, 69, 51, 23] : 100.0112853050232
74: [4, 80, 50, 63, 64] : 239.7521369457245
30: [30, 95, 73, 32, 72] : 140.980295419693
33: [33, 68, 49, 60, 52] : 107.67817568778992
92: [70, 92, 62, 14, 7] : 83.356929063797
0: [0, 57, 53, 10, 61] : 66.67676448822021
22: [76, 17, 69, 56, 23] : 70.54756832122803
45: [78, 44, 99, 4, 63] : 219.23775911331177
70: [70, 62, 92, 47, 51] : 71.77336382865906
22: [22, 51, 69] : 119.29918336868286
74: [93, 65, 78, 32, 27] : 206.51225996017456
15: [15, 29, 27, 60, 44] : 108.95816087722778
43: [97, 15, 43, 38, 3] : 126.87698030471802
47: [52, 96, 47, 60, 14] : 124.33684086799622
72: [72, 55, 30, 32, 95] : 179.45079898834229
39: [39, 86, 69] : 52.56009840965271
69: [69, 60, 76, 49, 71] : 78.20518732070923
54: [54, 62, 52, 59, 70] : 89.72822642326355
9: [9, 69, 23] : 89.7539656162262
85: [27, 73, 67, 32, 29] : 150.01764583587646
25: [20, 25, 5, 84] : 44.88767337799072
53: [53, 0, 57, 83, 70] : 57.72450280189514
2: [2, 11, 69, 23] : 106.52776050567627
40: [40, 29, 20, 51, 84] : 107.8182864189148
75: [75, 95, 65, 72, 34] : 152.68344354629517
48: [48, 69] : 89.88572144508362
31: [31, 29, 38, 42, 97] : 260.80772042274475
42: [42, 88, 43, 38, 4] : 127.18791365623474
58: [58, 69, 23] : 95.08823895454407
29: [29, 4, 93, 80, 27] : 177.25587582588196
78: [78, 88, 97, 34, 80] : 154.18913578987122
78: [78, 99, 80, 42, 4] : 166.99618554115295
4: [4, 80, 63, 50, 3] : 192.7257535457611
1: [1, 32, 91, 51, 69] : 107.95614647865295
49: [49, 23, 69] : 64.25756645202637
21: [21, 31, 29, 27, 65] : 100.25918316841125
68: [60, 49, 12, 68, 71] : 57.87047839164734
91: [1, 91, 32, 29, 26] : 110.56947565078735
44: [44, 99, 27, 18, 29] : 172.17119574546814
13: [13, 81, 69] : 57.787588357925415
64: [74, 80, 64, 4, 50] : 182.34453964233398
48: [48, 89, 58, 8, 85] : 83.52176260948181
71: [71, 60, 12, 17, 69] : 60.41860270500183
76: [76, 17, 69] : 39.857051372528076
71: [71, 60, 12, 76, 17] : 120.82052063941956
49: [49, 59, 60, 76, 17] : 118.20967769622803
6: [6, 7, 77, 18, 79] : 136.1625521183014
67: [4, 80, 47, 52, 50] : 247.8999104499817
42: [42, 3, 88, 4, 64] : 139.90631318092346
59: [52, 56, 33, 96, 47] : 93.76026177406311
44: [78, 99, 44, 74, 50] : 199.1354043483734
36: [36, 50, 4, 74, 65] : 137.45644664764404
28: [28, 10, 51, 57, 61] : 86.10259413719177
97: [97, 34, 88, 38, 43] : 127.19019341468811
44: [78, 44, 27, 74, 99] : 166.9519202709198
9: [9, 69] : 96.33814263343811
24: [24, 7, 4, 6, 50] : 120.72357678413391
42: [42, 43, 88, 4, 80] : 151.59492254257202
67: [57, 60, 20, 0, 53] : 238.95611882209778
72: [4, 55, 72, 63, 3] : 136.08336544036865
70: [70, 6, 54, 92, 18] : 118.15685272216797
2: [2, 69, 51] : 96.31066799163818
57: [57, 53, 77, 82, 47] : 100.11122965812683
58: [58] : 71.9318470954895
70: [70, 92, 0, 62, 53] : 79.64758324623108
69: [85, 89, 29, 69] : 69.38183164596558
54: [54, 70, 92, 51, 62] : 60.405776262283325
81: [13, 81, 90, 87, 94] : 82.19443869590759
90: [90, 13, 81, 69] : 74.47237300872803
15: [15, 29, 80, 99, 4] : 175.95072388648987
82: [82] : 34.71388792991638
89: [89, 51] : 83.52979063987732
31: [31, 15, 29, 65, 74] : 91.17296862602234
17: [85, 17, 27, 39, 20] : 123.25182580947876
4: [4, 43, 65, 74, 42] : 175.71478390693665
16: [16, 28, 9, 60, 94] : 128.40219402313232
5: [5, 25, 20] : 39.81009793281555
24: [7, 24, 79, 99, 45] : 95.02435731887817
35: [11, 2, 14, 7, 6] : 165.6227810382843
7: [7, 53, 18, 99, 78] : 118.1147518157959
62: [62, 92, 53, 51, 69] : 79.59819769859314
73: [30, 73, 91, 1, 50] : 174.56590175628662
74: [4, 74, 44, 80, 63] : 218.16883397102356
71: [71, 60, 49, 56, 27] : 79.58020114898682
6: [6, 26, 7, 63, 79] : 145.04145550727844
13: [13, 58, 47, 69] : 105.28040385246277
46: [46, 11, 98, 86, 35] : 82.14758086204529
23: [71, 60, 76, 56, 17] : 74.43514227867126
91: [1, 91, 32, 51, 69] : 89.88819646835327
72: [80, 4, 77, 55, 38] : 174.51344680786133
31: [31, 29, 65, 27] : 78.22663068771362
72: [72, 97, 65, 3, 55] : 130.82839107513428
47: [47, 96, 52, 62, 70] : 71.88260674476624
96: [52, 96, 59, 47, 56] : 128.3468039035797
14: [14, 24, 18, 67, 99] : 127.09723258018494
34: [43, 97, 88, 34, 42] : 142.45304703712463
50: [50, 64, 4, 80, 63] : 116.79014110565186
39: [39, 86, 69, 76, 28] : 69.32280683517456
59: [97, 59, 80, 27, 75] : 201.4683690071106
48: [48, 69] : 83.39677381515503
97: [97, 34, 64, 66, 42] : 114.13665080070496
13: [13, 81, 60, 69, 23] : 116.78484320640564
50: [74, 38, 44, 99, 34] : 210.44240045547485
49: [49, 60, 3, 42, 44] : 171.94799304008484
61: [61, 22, 10, 89, 84] : 160.52587270736694
23: [59, 52, 53, 23, 57] : 93.64687442779541
44: [15, 80, 29, 38, 4] : 126.9452292919159
1: [1, 91, 45, 27, 29] : 96.21284174919128
27: [60, 27, 59, 33, 49] : 186.1194088459015
57: [0, 57, 70, 62, 82] : 93.69689846038818
14: [14, 67, 7, 74, 18] : 175.85677933692932
24: [7, 24, 45, 99, 18] : 172.00567293167114
12: [60, 50, 66, 63, 4] : 252.7765669822693
5: [5, 69, 51] : 88.50346636772156
2: [2, 11, 23] : 83.37462949752808
83: [83, 53] : 33.38565468788147
48: [48, 69] : 89.82417488098145
27: [27, 29, 67, 44, 1] : 182.16460275650024
43: [43, 3, 65, 27, 29] : 83.41127848625183
41: [41, 89, 69] : 51.34562563896179
56: [52, 29, 82, 96, 47] : 193.86320972442627
72: [72, 97, 63, 4, 66] : 187.31163239479065
94: [94, 52, 60, 76, 96] : 112.83734631538391
97: [97, 34, 74, 38, 3] : 85.96208119392395
43: [43, 88, 42, 97, 4] : 152.72163200378418
77: [53, 57, 77, 99, 51] : 74.46145868301392
93: [93, 29, 67, 32, 73] : 86.00610375404358
79: [79, 44, 7, 6, 78] : 238.7257604598999
84: [84, 20, 60, 28, 40] : 136.05077815055847
35: [35, 11, 98, 2, 69] : 87.26462936401367
81: [81, 13, 90, 51, 69] : 119.32586979866028
86: [86, 85, 39, 89, 87] : 98.78824090957642
11: [11, 46, 98, 35, 13] : 66.72894167900085
75: [42, 75, 34, 38, 97] : 180.9231560230255
64: [38, 80, 97, 64, 4] : 114.20194864273071
8: [8, 48, 69, 51, 23] : 110.41251850128174
49: [49, 97, 95, 27, 29] : 165.55917692184448
16: [69, 75, 97, 80, 66] : 173.17487287521362
59: [96, 52, 59, 47, 63] : 233.47883868217468
45: [99, 27, 85, 86, 87] : 125.78522729873657
24: [24, 7, 99, 45, 27] : 133.49866676330566
34: [97, 38, 34, 29, 42] : 150.1198320388794
80: [80, 4, 44, 1, 14] : 268.2852864265442
8: [8, 48, 69] : 100.10206508636475
68: [68, 60, 69, 23] : 98.769784450531
3: [3, 4, 63, 64, 75] : 143.65640497207642
92: [70, 62, 82] : 39.79787802696228
57: [4, 65, 51, 38, 80] : 186.05538082122803
82: [82, 62, 87] : 51.34431171417236
92: [92, 70] : 44.93105363845825
24: [24, 6, 4, 80, 66] : 210.45586585998535
32: [1, 32, 91, 67, 69] : 110.38960552215576
76: [17, 1, 76, 67, 29] : 106.49835467338562
32: [9, 86, 28, 2, 16] : 151.28698086738586
46: [46, 98, 11, 35, 86] : 75.66665530204773
26: [45, 26, 79, 99, 29] : 79.53484797477722
62: [70, 62, 82, 92, 51] : 50.057740211486816
23: [23, 76, 17, 37] : 44.93177247047424
63: [4, 63, 80, 97, 38] : 209.1917176246643
51: [51, 99, 70, 62, 77] : 170.60354089736938
70: [70, 62, 92, 53, 51] : 55.18732047080994
25: [25, 41, 20, 87, 85] : 138.53803873062134
80: [80, 4, 65, 38, 34] : 124.39224672317505
36: [36, 65, 50, 64, 4] : 133.34610605239868
61: [80, 66, 4, 64, 63] : 274.58514428138733
15: [15, 29, 97, 38, 27] : 88.52609086036682
38: [38, 64, 80, 65, 34] : 125.7195942401886
1: [1, 91, 32, 51, 23] : 101.37180089950562
34: [34, 97, 88, 42, 65] : 85.91900992393494
67: [32, 93, 65, 73, 67] : 166.62544178962708
86: [86, 69, 23] : 76.93508839607239
64: [36, 50, 65, 75, 74] : 141.06707620620728
24: [24, 7, 77, 32, 99] : 202.7030417919159
82: [82] : 53.89475417137146
5: [5, 20, 84] : 39.776280641555786
76: [76, 39, 86, 87, 0] : 66.70893573760986
13: [13, 58, 81, 69] : 50.03625559806824
61: [80, 75, 97, 50, 4] : 134.67308974266052
50: [97, 43, 27, 3, 31] : 180.7840142250061
70: [47, 96, 52, 70, 56] : 124.33679437637329
98: [35, 98, 11, 46] : 44.87622690200806
20: [20, 84, 25] : 39.771921157836914
97: [97, 38, 88, 42, 34] : 106.45136427879333
60: [60, 0, 53, 23, 69] : 144.9273500442505
14: [14, 78, 99, 74, 26] : 123.1554582118988
27: [27, 4, 80, 63, 50] : 150.01785373687744
87: [87, 25, 20, 40, 5] : 102.61346507072449
60: [60, 49, 17, 23, 69] : 62.83513283729553
44: [44, 29, 27, 91, 78] : 143.57732319831848
8: [8, 48, 69, 23] : 100.00744485855103
95: [95, 30, 72, 27, 69] : 126.9377806186676
82: [82, 62, 70] : 39.76625156402588
51: [4, 80, 44, 50, 63] : 205.2094657421112
8: [8, 69, 23] : 101.33181405067444
41: [60, 69, 65, 17, 2] : 92.35626173019409
3: [3, 43, 38, 97, 88] : 93.63532996177673
67: [67, 32, 50, 4, 80] : 246.22481060028076
50: [80, 64, 4, 50, 38] : 179.40573263168335
9: [9, 53, 87, 22, 86] : 106.43858551979065
70: [70, 62, 92, 51] : 50.017788887023926
80: [80, 64, 50, 44, 4] : 157.71393156051636
82: [82, 52, 70, 62, 47] : 74.35964274406433
84: [84, 37, 20, 5, 17] : 56.42428278923035
63: [74, 4, 7, 44, 77] : 193.5797369480133
60: [71, 49, 60, 12, 53] : 70.52265429496765
80: [80, 34, 4, 75, 64] : 194.8625168800354
56: [56, 69] : 76.8717827796936
25: [5, 25, 20, 94] : 51.24996733665466
74: [4, 63, 50, 80, 64] : 167.8849081993103
38: [38, 15, 43, 31, 97] : 102.56619119644165
52: [96, 52, 33, 27, 47] : 146.19645595550537
93: [93, 51, 23, 69] : 88.48296618461609
29: [29, 27, 44, 74, 50] : 169.2971420288086
2: [53, 0, 51] : 75.67007493972778
44: [44, 78, 27, 70, 99] : 267.9646461009979
79: [44, 4, 64, 18, 63] : 226.83905744552612
11: [11, 35, 98, 46, 53] : 92.29471826553345
26: [23, 51, 34, 31, 97] : 234.62783932685852
95: [95, 30, 73, 91, 1] : 143.59867668151855
31: [97, 31, 38, 33, 80] : 183.32100367546082
88: [88, 34, 42, 97, 43] : 103.81136631965637
2: [2, 35, 11, 98, 86] : 101.26514029502869
37: [37, 17] : 46.162792682647705
68: [68, 60, 49, 58, 12] : 128.2322268486023
66: [66, 4, 88, 97, 34] : 180.8088035583496
95: [23, 43, 97, 31, 50] : 146.17388272285461
91: [91, 32, 1, 67, 69] : 75.70172643661499
40: [86, 40, 99, 78, 54] : 124.44431281089783
18: [18, 44, 7, 70, 80] : 226.9470579624176
19: [19, 29, 65, 27] : 78.16620540618896
77: [77, 6, 7, 14, 18] : 88.46611046791077
18: [56, 44, 59, 27, 99] : 132.12036967277527
25: [20, 25, 5, 84] : 44.896687507629395
30: [95, 30, 1, 91, 71] : 166.6866054534912
38: [38, 64, 43, 88, 34] : 160.28562879562378
77: [99, 4, 77, 74, 50] : 248.81457042694092
71: [71, 60, 49, 23, 69] : 106.36554193496704
1: [91, 32, 67, 45, 49] : 111.4523274898529
28: [10, 28, 61, 51, 69] : 87.1409854888916
32: [51, 23, 67, 32, 70] : 175.65114092826843
4: [4, 72, 55, 95, 30] : 146.18618655204773
76: [76, 69] : 66.68782448768616
90: [90, 69, 51, 23] : 98.75076293945312
14: [14, 34, 99, 82, 77] : 198.79118514060974
25: [20, 25, 94, 5, 65] : 111.52826523780823
70: [70, 53, 57, 51, 23] : 87.14924335479736
17: [17, 96, 37, 47, 52] : 80.74758791923523
95: [72, 66, 55, 97, 27] : 228.16828513145447
75: [63, 75, 4, 38, 66] : 153.85573768615723
6: [50, 4, 80, 63, 75] : 197.53639221191406
86: [86, 39] : 34.65760827064514
94: [94, 37, 76, 17, 87] : 73.11714696884155
28: [28, 10, 16, 40, 86] : 69.22440791130066
73: [73, 91, 32, 67, 27] : 107.63258934020996
36: [4, 74, 50, 63, 3] : 124.26385545730591
18: [57, 18, 99, 32, 78] : 128.1313831806183
10: [28, 10, 84, 9, 40] : 76.90993404388428
34: [34, 97, 38, 3, 65] : 85.8905246257782
1: [1, 32, 91, 51] : 69.21381139755249
64: [64, 4, 74, 50, 80] : 143.58279538154602
28: [10, 28, 61, 84] : 92.3092532157898
82: [82, 62, 70, 23] : 44.875709772109985
96: [96, 59, 52, 60, 49] : 203.84433484077454
59: [56, 59, 52, 47, 23] : 85.86036944389343
67: [17, 29, 60, 76, 37] : 125.62897205352783
15: [15, 19, 3, 42, 88] : 93.57804918289185
27: [27, 29, 44, 93, 78] : 101.25379514694214
99: [78, 99, 86, 44, 51] : 111.53730940818787
72: [85, 31, 3, 27, 38] : 149.93546199798584
6: [6, 88, 97, 99, 78] : 192.26198148727417
62: [62, 51, 99, 18, 60] : 185.7431058883667
37: [37, 17, 76, 12] : 44.794891357421875
31: [31, 21, 29, 27, 65] : 90.83795356750488
45: [45, 1, 26, 62, 32] : 156.1041021347046
58: [58, 89, 41, 85, 68] : 124.10320615768433
97: [97, 34, 38, 3, 65] : 95.94190692901611
25: [20, 25, 5] : 39.67290806770325
25: [25, 5, 20] : 39.672916650772095
69: [17, 69, 76, 12, 23] : 56.31083869934082
21: [21, 15, 38, 42, 31] : 131.7690405845642
19: [19, 97, 38, 15, 65] : 85.72722697257996
20: [20, 25, 5, 84] : 44.78687810897827
27: [38, 27, 30, 55, 97] : 140.7011158466339
45: [24, 45, 7, 67, 18] : 156.08885788917542
65: [66, 75, 97, 80, 64] : 148.3823618888855
64: [50, 64, 36, 4, 74] : 127.96557569503784
12: [60, 12, 17, 76, 89] : 117.7176821231842
50: [5, 25, 20, 94, 27] : 140.70111060142517
61: [92, 53, 51, 62, 0] : 57.58698225021362
25: [25, 20, 5] : 39.67771363258362
0: [0, 57, 53] : 38.39597415924072
71: [12, 71, 49, 60, 56] : 93.39766144752502
13: [13, 81, 90, 68, 69] : 61.43647050857544
3: [3, 75, 4, 63, 65] : 118.9739875793457
80: [80, 65, 32, 38, 74] : 125.3760895729065
2: [2, 11, 99, 35, 51] : 103.6426191329956
2: [2, 11, 35, 69, 51] : 93.45046591758728
91: [91, 32, 1, 65, 51] : 102.40403127670288
18: [78, 99, 44, 63, 74] : 239.30881214141846
20: [20, 5, 84, 25, 60] : 60.14640808105469
6: [6, 7, 18, 24, 99] : 135.65825724601746
38: [4, 63, 74, 38, 3] : 194.52996444702148
59: [59, 52, 47, 96, 70] : 104.9149420261383
46: [13, 48, 85, 46, 86] : 170.20985221862793
2: [5] : 29.474075078964233
64: [64, 75, 97, 3, 50] : 119.00218749046326
77: [77, 99, 24, 18, 4] : 188.16751432418823
21: [21, 29, 78, 27, 44] : 122.86446833610535
98: [98, 35, 57, 37, 46] : 92.12815451622009
58: [47, 59, 58, 37, 60] : 145.87658834457397
54: [54, 92] : 44.82085180282593
25: [25, 5, 20] : 39.69240427017212
98: [35, 98, 46, 86, 37] : 98.57585978507996
64: [96, 4, 80, 63, 64] : 248.34446239471436
12: [12, 17, 60, 69] : 104.9549012184143
20: [20, 5, 25, 94, 84] : 56.32872986793518
2: [2, 51, 69] : 63.99738597869873
65: [50, 65, 93, 75, 64] : 134.38169598579407
4: [99, 4, 78, 67, 91] : 212.4717879295349
23: [23, 76, 52, 17, 69] : 61.43109965324402
72: [72, 55, 29, 65, 78] : 99.83419799804688
40: [40, 86, 20, 69, 9] : 167.6665744781494
91: [32, 1, 51, 23, 69] : 87.08905959129333
80: [47, 44, 96, 52, 78] : 262.5389940738678
99: [99, 44, 74, 78, 77] : 119.05906772613525
24: [24, 7, 79, 57, 18] : 125.46091485023499
41: [41, 69] : 78.11555600166321
45: [88, 27, 43, 99, 4] : 221.43454432487488
17: [17, 37, 76, 23, 69] : 57.59741544723511
60: [60, 47, 63, 59, 52] : 250.85587739944458
count (test images): 615
Mean per class acc: 66.71%
Mean inference time: 118.75 sec
Top 1 acc: 67.15%
Top 3 acc: 81.63%
Top 5 acc: 85.20%
