49: [49, 72, 95, 60, 76]
92: [92, 70, 62, 14, 18]
41: [95, 6, 99, 27, 55]
75: [63, 80, 4, 64, 55]
7: [7, 99, 6, 77, 78]
71: [71, 60, 49, 23, 73]
50: [4, 50, 63, 80, 64]
27: [27, 38, 15, 42, 97]
70: [70, 53, 62, 92, 82]
24: [24, 6, 63, 4, 30]
36: [36, 50, 64, 80, 63]
32: [32, 57, 67, 7, 18]
45: [45, 29, 26, 50, 63]
80: [80, 4, 64, 55, 66]
12: [12, 76, 68, 20, 17]
23: [23, 76, 49, 60, 17]
58: [97, 88, 42, 43, 67]
96: [96, 52, 59, 47, 60]
42: [42, 43, 4, 63, 80]
86: [50, 83, 30, 63, 95]
37: [17, 37, 76, 60, 65]
45: [45, 4, 80, 64, 66]
37: [37, 17, 7, 14, 13]
90: [60, 27, 90, 4, 63]
69: [69, 43, 17, 76, 23]
40: [40, 84, 20, 29, 86]
27: [29, 27, 80, 51, 53]
18: [99, 24, 50, 80, 64]
55: [29, 4, 66, 55, 80]
54: [70, 92, 54, 47, 56]
37: [37, 17, 22, 23, 86]
36: [4, 64, 50, 80, 63]
35: [73, 67, 91, 18, 7]
37: [37, 17, 60, 7, 24]
27: [97, 27, 72, 73, 30]
73: [30, 73, 27, 97, 49]
65: [65, 80, 50, 4, 64]
91: [1, 91, 73, 32, 67]
64: [64, 80, 50, 4, 66]
17: [17, 60, 37, 14, 6]
41: [17, 6, 7, 37, 99]
19: [19, 43, 97, 38, 63]
83: [83, 0, 57, 53, 9]
37: [37, 17, 5, 23, 14]
65: [38, 80, 65, 64, 63]
97: [50, 64, 66, 80, 30]
95: [95, 30, 71, 73, 97]
48: [48, 41, 8, 89, 58]
54: [54, 70, 14, 6, 82]
86: [86, 87, 37, 17, 61]
86: [86, 87, 39, 5, 53]
6: [6, 63, 50, 64, 66]
85: [85, 41, 4, 80, 63]
53: [53, 57, 0, 99, 95]
9: [84, 40, 91, 6, 67]
20: [20, 25, 84, 5, 94]
99: [99, 78, 18, 44, 53]
8: [8, 48, 4, 80, 50]
14: [14, 18, 7, 79, 67]
23: [59, 33, 60, 52, 67]
74: [80, 50, 4, 64, 65]
82: [82, 80, 62, 50, 63]
15: [15, 29, 27, 72, 43]
30: [30, 95, 72, 55, 4]
71: [71, 95, 30, 60, 72]
28: [28, 10, 57, 16, 61]
81: [81, 90, 47, 52, 70]
26: [70, 62, 1, 29, 45]
96: [41, 60, 0, 69, 53]
76: [76, 60, 49, 7, 6]
21: [21, 63, 4, 80, 55]
0: [0, 57, 53, 83, 92]
2: [2, 11, 35, 65, 29]
46: [46, 98, 11, 35, 86]
15: [15, 29, 38, 3, 31]
43: [43, 4, 3, 88, 97]
19: [97, 50, 72, 4, 64]
88: [88, 43, 42, 34, 97]
88: [80, 63, 64, 66, 50]
39: [39, 27, 93, 99, 83]
28: [28, 16, 84, 0, 10]
17: [17, 49, 59, 96, 52]
4: [4, 50, 55, 30, 64]
42: [4, 55, 50, 64, 36]
53: [53, 0, 57, 83, 10]
47: [52, 47, 96, 59, 56]
43: [43, 4, 63, 80, 55]
81: [37, 17, 12, 87, 94]
8: [8, 7, 97, 3, 41]
47: [60, 17, 37, 23, 11]
19: [19, 38, 15, 4, 63]
62: [62, 70, 6, 82, 7]
70: [70, 62, 92, 47, 52]
87: [87, 20, 86, 70, 59]
92: [82, 70, 14, 1, 62]
55: [80, 4, 30, 55, 95]
62: [62, 47, 82, 92, 70]
17: [17, 85, 50, 80, 63]
58: [58, 69, 85, 13, 60]
64: [80, 64, 50, 74, 36]
60: [60, 19, 97, 38, 31]
13: [13, 24, 7, 67, 73]
65: [65, 50, 36, 64, 80]
24: [83, 57, 51, 9, 53]
12: [97, 96, 88, 42, 38]
10: [10, 53, 28, 70, 92]
10: [10, 61, 28, 20, 22]
83: [99, 53, 30, 32, 45]
27: [99, 44, 18, 78, 74]
73: [73, 91, 30, 1, 95]
51: [51, 4, 63, 93, 99]
17: [17, 60, 15, 7, 38]
20: [25, 20, 5, 87, 77]
86: [85, 90, 69, 20, 99]
70: [70, 14, 6, 18, 51]
49: [49, 60, 76, 71, 33]
56: [56, 59, 96, 52, 47]
43: [43, 42, 88, 3, 4]
28: [28, 40, 16, 10, 9]
17: [17, 6, 80, 50, 66]
74: [55, 4, 74, 63, 64]
46: [11, 38, 19, 3, 31]
63: [97, 4, 66, 63, 80]
41: [41, 89, 99, 90, 86]
78: [78, 99, 31, 44, 80]
92: [92, 70, 82, 62, 18]
36: [36, 50, 65, 64, 80]
59: [52, 59, 96, 47, 56]
4: [4, 80, 55, 74, 43]
97: [97, 43, 38, 34, 42]
29: [29, 93, 27, 50, 38]
87: [86, 87, 20, 40, 17]
63: [63, 80, 4, 56, 65]
27: [27, 97, 80, 4, 30]
89: [89, 41, 85, 7, 19]
43: [43, 38, 66, 80, 4]
10: [10, 28, 92, 62, 9]
54: [14, 18, 91, 7, 70]
73: [14, 44, 99, 95, 30]
19: [97, 34, 63, 19, 64]
41: [41, 89, 7, 45, 44]
27: [27, 44, 30, 95, 67]
14: [14, 32, 7, 80, 50]
96: [49, 4, 63, 95, 80]
76: [76, 60, 15, 88, 97]
12: [17, 12, 60, 71, 76]
34: [34, 97, 38, 80, 29]
50: [74, 32, 65, 97, 34]
25: [25, 20, 5, 84, 87]
51: [4, 80, 74, 78, 63]
70: [70, 62, 14, 92, 54]
50: [50, 4, 64, 63, 36]
94: [94, 5, 84, 37, 17]
30: [30, 73, 1, 95, 91]
3: [3, 4, 63, 21, 19]
55: [4, 55, 80, 65, 50]
81: [13, 81, 60, 68, 90]
0: [0, 57, 53, 18, 6]
64: [63, 64, 80, 66, 4]
34: [63, 80, 64, 4, 50]
92: [62, 70, 82, 51, 92]
20: [20, 25, 5, 84, 52]
73: [30, 95, 72, 80, 50]
11: [11, 35, 2, 85, 86]
89: [42, 88, 15, 97, 43]
50: [50, 65, 80, 64, 4]
10: [29, 93, 95, 4, 57]
52: [52, 96, 59, 47, 56]
91: [91, 1, 32, 67, 4]
63: [65, 3, 34, 97, 38]
4: [4, 55, 72, 63, 80]
78: [78, 99, 18, 86, 0]
53: [53, 96, 59, 52, 60]
38: [38, 80, 64, 4, 66]
6: [6, 14, 18, 7, 77]
47: [96, 52, 47, 56, 59]
84: [84, 50, 4, 63, 80]
13: [13, 60, 7, 14, 6]
5: [20, 5, 84, 12, 25]
21: [21, 3, 97, 88, 27]
70: [70, 62, 92, 52, 96]
70: [7, 18, 99, 28, 0]
27: [27, 30, 4, 95, 55]
5: [84, 20, 59, 96, 52]
5: [5, 37, 94, 20, 25]
0: [57, 0, 53, 92, 7]
73: [50, 66, 95, 30, 72]
89: [89, 85, 41, 37, 61]
7: [53, 7, 83, 18, 99]
78: [78, 44, 55, 4, 64]
25: [25, 20, 5, 39, 87]
53: [53, 10, 87, 61, 89]
25: [25, 5, 20, 37, 84]
23: [52, 97, 31, 96, 59]
42: [42, 43, 88, 4, 80]
59: [23, 57, 60, 17, 29]
34: [34, 97, 64, 55, 4]
71: [71, 30, 95, 60, 45]
88: [88, 42, 43, 64, 34]
62: [54, 70, 50, 63, 4]
42: [97, 80, 38, 34, 65]
9: [9, 53, 61, 0, 94]
9: [9, 10, 78, 40, 67]
65: [72, 4, 55, 80, 50]
50: [4, 80, 44, 50, 64]
87: [87, 86, 30, 95, 72]
12: [12, 71, 60, 53, 95]
99: [99, 78, 18, 29, 91]
88: [88, 80, 4, 64, 66]
57: [57, 10, 53, 0, 83]
43: [43, 88, 42, 97, 55]
48: [48, 8, 78, 69, 41]
49: [49, 60, 71, 7, 14]
73: [30, 73, 95, 29, 72]
49: [49, 52, 96, 47, 31]
56: [56, 59, 71, 49, 60]
21: [21, 27, 78, 29, 31]
46: [46, 11, 98, 35, 86]
73: [91, 73, 30, 32, 95]
77: [4, 74, 57, 99, 51]
85: [85, 41, 89, 95, 72]
32: [80, 63, 4, 50, 64]
27: [4, 50, 80, 55, 63]
20: [20, 25, 84, 5, 39]
38: [38, 80, 55, 4, 97]
96: [52, 60, 59, 96, 34]
77: [77, 79, 24, 7, 93]
54: [54, 70, 62, 47, 52]
29: [4, 29, 64, 66, 63]
65: [65, 50, 2, 72, 36]
84: [51, 89, 85, 61, 53]
85: [27, 29, 50, 42, 80]
0: [0, 57, 53, 9, 28]
10: [10, 28, 53, 84, 57]
28: [40, 20, 25, 28, 5]
34: [80, 4, 50, 55, 63]
70: [70, 62, 7, 92, 14]
90: [90, 85, 27, 69, 29]
59: [59, 52, 60, 49, 17]
50: [50, 64, 36, 65, 74]
89: [41, 89, 85, 58, 19]
87: [86, 87, 94, 20, 28]
39: [39, 25, 5, 86, 84]
9: [9, 84, 25, 16, 40]
77: [4, 30, 50, 64, 72]
37: [96, 37, 59, 47, 52]
45: [4, 30, 55, 50, 80]
10: [70, 92, 61, 10, 83]
51: [51, 4, 63, 80, 42]
40: [40, 56, 52, 96, 59]
71: [71, 26, 30, 72, 95]
30: [30, 95, 55, 66, 72]
37: [37, 47, 52, 56, 82]
69: [76, 17, 95, 30, 20]
75: [97, 55, 65, 34, 38]
87: [87, 71, 17, 24, 7]
30: [30, 95, 55, 80, 4]
92: [92, 70, 51, 18, 62]
48: [48, 41, 58, 20, 39]
0: [0, 53, 57, 83, 10]
49: [49, 17, 15, 76, 60]
46: [46, 11, 98, 35, 86]
49: [49, 60, 14, 59, 7]
94: [94, 37, 24, 20, 86]
47: [47, 52, 96, 59, 70]
72: [30, 95, 72, 55, 4]