49: [95, 72, 51, 27, 88] : 82.3103096485138
92: [92, 83, 62] : 37.93061351776123
41: [99, 95, 43, 34, 97] : 92.41707468032837
75: [97, 42, 88, 34, 78] : 87.61019778251648
7: [7, 99, 51, 93, 78] : 59.16687822341919
71: [71, 60, 23] : 33.201820611953735
50: [74, 4, 50, 65, 38] : 88.94751119613647
27: [27, 38, 42, 15, 55] : 89.59457087516785
70: [70, 53, 51] : 33.20624876022339
24: [24, 99, 74, 69, 51] : 52.489031076431274
36: [36, 50, 65, 74, 88] : 106.25777578353882
32: [57, 93, 67, 29, 69] : 55.066298723220825
45: [45, 26, 99, 29, 78] : 59.27437472343445
80: [80, 4, 34, 55, 74] : 98.11235809326172
12: [12, 68, 23] : 33.85337781906128
23: [23, 76, 69] : 30.53236436843872
58: [58, 85, 69, 13] : 42.45411658287048
96: [96, 52, 59] : 35.84221792221069
42: [42, 43, 97, 3, 38] : 92.84929966926575
86: [86, 69, 39] : 33.84196734428406
37: [17, 37, 23] : 33.839882373809814
45: [45, 29, 4, 26, 64] : 98.09057331085205
37: [37, 17, 12, 13] : 46.41453409194946
90: [60, 90, 27, 29, 49] : 71.18476247787476
69: [69, 17, 23] : 30.533761262893677
40: [84, 20, 52] : 36.5101375579834
27: [91, 29, 44, 23, 51] : 52.43569302558899
18: [99, 79, 20, 11, 46] : 61.72063684463501
55: [29, 34, 38, 42, 88] : 90.19395637512207
54: [70, 92, 62] : 35.83718490600586
37: [37, 23, 51] : 30.532061338424683
36: [4, 65, 50, 38, 77] : 91.49916386604309
35: [35, 98, 11] : 36.4831657409668
37: [37, 17, 51] : 33.8348970413208
27: [97, 27, 23, 59, 43] : 98.09775733947754
73: [27, 65, 74, 23, 69] : 49.08979153633118
65: [65, 50, 80, 74, 38] : 98.14300799369812
91: [91, 99, 29, 93, 51] : 55.07052254676819
64: [64, 80, 97, 38, 74] : 101.42285013198853
17: [17, 60, 23] : 33.15302634239197
41: [41, 89, 69, 58] : 41.77089071273804
19: [19, 43, 97, 38, 29] : 86.81530380249023
83: [83, 0, 51] : 33.19278907775879
37: [37, 47, 59] : 36.50581216812134
65: [38, 34, 65, 15, 3] : 80.22721910476685
97: [97, 50, 75, 65, 38] : 88.88102674484253
95: [95, 30, 72, 73, 97] : 90.22177982330322
48: [48, 41, 89, 8] : 45.11513018608093
54: [54, 70, 51] : 33.1912100315094
86: [86, 94, 13, 81] : 45.753960371017456
86: [86, 87, 5] : 37.13927984237671
6: [6, 70, 54, 62, 29] : 64.29758834838867
85: [42, 27, 55, 3, 44] : 84.70489883422852
53: [53, 0, 23] : 33.13553714752197
9: [84, 94, 20] : 36.459487199783325
20: [20, 25, 84, 5] : 45.955446004867554
99: [99, 78, 53, 44, 69] : 52.10766410827637
8: [8, 48, 53, 57] : 44.69866991043091
14: [14, 79, 26, 99, 54] : 64.43436241149902
23: [33, 60, 51] : 33.158416986465454
74: [50, 80, 65, 55, 74] : 97.99054527282715
82: [82, 29, 44, 54, 65] : 58.246232986450195
15: [15, 29, 72, 27, 31] : 86.65930366516113
30: [30, 95, 72, 55, 73] : 89.96441769599915
71: [60, 23, 69] : 29.787566423416138
28: [57, 70, 51] : 33.08500647544861
81: [37, 47, 17] : 36.376225233078
26: [6, 70, 62, 82, 45] : 64.19953918457031
96: [60, 52, 96] : 35.759236335754395
76: [76, 60, 57] : 35.75817680358887
21: [21, 31, 3, 80, 4] : 101.27233862876892
0: [0, 57, 51] : 33.10906004905701
2: [2, 11, 35, 65, 78] : 58.25570821762085
46: [46, 98, 11, 35] : 45.66463112831116
15: [15, 29, 38, 43, 34] : 86.691321849823
43: [43, 3, 88, 42, 29] : 80.05877661705017
19: [97, 19, 38, 43, 29] : 93.26654362678528
88: [88, 43, 42, 34, 65] : 86.69675350189209
88: [97, 88, 42, 34, 65] : 80.03515434265137
39: [39, 86, 51] : 33.108816385269165
28: [84, 20, 51] : 33.09371209144592
17: [49, 60, 33, 96, 59] : 60.841291427612305
4: [74, 65, 44, 93, 51] : 51.591418743133545
42: [4, 55, 74, 50, 99] : 103.78587102890015
53: [53, 0, 51] : 33.07735204696655
47: [47, 52, 23] : 33.73296928405762
43: [43, 3, 42, 97, 65] : 79.97871422767639
81: [86, 87, 84] : 36.37077474594116
8: [47, 96, 51] : 33.07333326339722
47: [60, 47, 96] : 36.38339591026306
19: [19, 15, 38, 3, 43] : 93.27175855636597
62: [62, 70, 51] : 33.11121892929077
70: [70, 62, 92, 83, 29] : 60.88538336753845
87: [87, 86, 22] : 37.07690143585205
92: [82, 70, 47] : 36.40139555931091
55: [30, 97, 55, 95, 99] : 80.0350329875946
62: [62, 47, 82] : 36.396522760391235
17: [17, 27, 29, 46, 98] : 61.51816916465759
58: [58, 85, 89, 13, 29] : 66.77732634544373
64: [80, 64, 74, 38, 65] : 91.25092697143555
60: [60, 49, 23] : 33.08257436752319
13: [27, 91, 99, 29, 78] : 64.1644024848938
65: [65, 50, 36, 97, 38] : 101.2339563369751
24: [24, 74, 79, 99, 51] : 54.94350504875183
12: [76, 17, 96] : 36.41278004646301
10: [10, 28, 53] : 36.40752601623535
10: [10, 61, 28] : 36.41201400756836
83: [99, 53, 32, 29, 18] : 67.49919891357422
27: [99, 44, 74, 78, 51] : 51.60815620422363
73: [73, 44, 93, 69, 51] : 52.28522300720215
51: [77, 93, 27, 51, 65] : 51.63142490386963
17: [60, 69, 65, 77, 27] : 51.62818121910095
20: [25, 20, 5, 87, 40] : 61.53190088272095
86: [85, 90, 17, 46] : 45.667638063430786
70: [70, 92, 51] : 33.10304260253906
49: [49, 60, 23] : 33.10782337188721
56: [56, 59, 96] : 35.75349259376526
43: [43, 42, 3, 88, 65] : 86.7022795677185
28: [28, 40, 10] : 36.43374586105347
17: [17, 37, 69] : 33.12533116340637
74: [75, 64, 74, 55, 27] : 91.35147452354431
46: [11, 35, 46, 2, 7] : 61.56084060668945
63: [97, 88, 43, 42, 65] : 80.07604098320007
41: [41, 89, 86, 90] : 45.68759560585022
78: [78, 99, 44, 29, 51] : 51.63947772979736
92: [92, 70, 62] : 36.430997133255005
36: [36, 50, 65, 74, 91] : 101.25303506851196
59: [52, 59, 51] : 33.111039876937866
4: [4, 80, 38, 55, 34] : 97.96341848373413
97: [97, 43, 38, 34, 29] : 89.35592484474182
29: [29, 67, 93, 27, 51] : 54.9667489528656
87: [86, 87, 76] : 37.091742515563965
63: [65, 56, 59, 52, 29] : 61.566954374313354
27: [97, 88, 27, 42, 34] : 89.31611108779907
89: [89, 41, 85, 58, 48] : 66.8186867237091
43: [43, 97, 38, 42, 65] : 86.696298122406
10: [10, 28, 51] : 33.787864685058594
54: [14, 18, 99, 54, 44] : 67.550936460495
73: [44, 78, 1, 29, 76] : 61.58241295814514
19: [97, 34, 75, 63, 19] : 91.38234066963196
41: [95, 45, 19, 3, 34] : 77.45123767852783
27: [27, 44, 32, 60, 33] : 64.1913743019104
14: [62, 83, 51] : 33.11559820175171
96: [96, 52, 23] : 33.106911182403564
76: [60, 76, 49] : 36.39043045043945
12: [17, 12, 76] : 35.74194264411926
34: [34, 97, 75, 38, 80] : 103.81359720230103
50: [74, 64, 65, 36, 97] : 91.24161696434021
25: [25, 20, 5, 87, 84] : 61.51840901374817
51: [74, 78, 44, 51, 23] : 48.975886821746826
70: [70, 23, 51] : 30.466790914535522
50: [50, 74, 64, 65, 38] : 88.68893718719482
94: [94, 84, 20] : 37.09839200973511
30: [69, 51, 70] : 30.479830026626587
3: [3, 21, 31, 42, 65] : 80.12411999702454
55: [4, 75, 65, 55, 29] : 98.03138375282288
81: [60, 47, 96, 27, 52] : 60.92418169975281
0: [0, 57, 53] : 36.43687129020691
64: [63, 64, 3, 97, 74] : 97.98639297485352
34: [34, 42, 38, 63, 80] : 97.9842791557312
92: [62, 51, 23] : 30.482288360595703
20: [25, 20, 5] : 36.43050575256348
73: [73, 45, 27, 69, 23] : 52.32521867752075
11: [11, 35, 2, 85] : 45.70275950431824
89: [42, 88, 15, 43, 27] : 80.09311819076538
50: [50, 65, 64, 31, 29] : 93.9966242313385
10: [29, 93, 77, 1, 53] : 64.20817947387695
52: [52, 59, 23] : 33.110833406448364
91: [91, 99, 74, 45, 69] : 54.94027352333069
63: [34, 38, 97, 65, 42] : 86.70020890235901
4: [55, 72, 27, 30, 3] : 86.71663880348206
78: [78, 99, 86, 40, 44] : 58.27357745170593
53: [53, 61, 10] : 36.42221975326538
38: [38, 34, 65, 88, 97] : 90.02406644821167
6: [6, 82, 77, 99, 51] : 61.57953715324402
47: [96, 52, 23] : 33.11986541748047
84: [84, 20, 93, 1, 65] : 64.8669285774231
13: [13, 60, 89, 90] : 45.02763223648071
5: [20, 5, 84] : 36.403494358062744
21: [21, 3, 97, 88, 27] : 90.0004608631134
70: [70, 62, 82] : 36.42541694641113
70: [70, 92, 62] : 36.43150329589844
27: [27, 29, 93, 44, 78] : 58.28943467140198
5: [84, 20, 87] : 37.11885738372803
5: [5, 37, 94] : 37.1159827709198
0: [57, 0, 53, 83, 51] : 51.68991422653198
73: [25, 5, 2] : 36.441054821014404
89: [14, 29, 69, 27, 17] : 61.612364292144775
7: [53, 83, 99, 57, 51] : 51.68045449256897
78: [44, 78, 27, 99, 4] : 97.99217414855957
25: [25, 20, 5] : 37.09858751296997
53: [53, 87, 39] : 36.426140785217285
25: [25, 5, 20, 84, 94] : 61.56671667098999
23: [23, 49, 69] : 29.818291425704956
42: [42, 43, 88, 4, 27] : 94.71351933479309
59: [59, 47, 23] : 33.1451735496521
34: [34, 97, 38, 88, 65] : 89.4365165233612
71: [71, 60, 45, 26, 93] : 60.96467924118042
88: [88, 42, 80, 4, 34] : 101.3792245388031
62: [54, 70, 14, 62, 99] : 61.644365549087524
42: [97, 38, 34, 43, 65] : 80.14894008636475
9: [9, 84, 86] : 37.11689233779907
9: [9, 10, 28] : 37.10106945037842
65: [65, 72, 4, 80, 55] : 91.40108275413513
50: [44, 74, 78, 99, 51] : 51.698254108428955
87: [87, 69, 23] : 30.512144804000854
12: [12, 71, 60] : 35.82669425010681
99: [99, 78, 29, 83, 51] : 51.71895146369934
88: [88, 43, 38, 42, 97] : 92.79803705215454
57: [57, 10, 61] : 36.48571968078613
43: [43, 88, 42, 97, 27] : 89.46713089942932
48: [48, 41, 89, 69] : 42.435539960861206
49: [49, 60, 23] : 33.15277147293091
73: [73, 29, 93, 45, 57] : 64.27713251113892
49: [49, 33, 23] : 33.146793603897095
56: [56, 59, 23] : 33.15209102630615
21: [21, 27, 78, 29, 44] : 86.79054737091064
46: [46, 11, 98, 35] : 45.75452160835266
73: [91, 27, 93, 51, 69] : 52.3814857006073
77: [57, 74, 99, 77, 51] : 51.73498582839966
85: [85, 41, 89, 69] : 42.4472930431366
32: [6, 44, 57, 74, 65] : 64.30044293403625
27: [60, 71, 51] : 33.170522689819336
20: [20, 25, 84] : 37.134328842163086
38: [38, 65, 72, 42, 97] : 80.18337368965149
96: [60, 33, 52, 59, 96] : 60.97274327278137
77: [77, 79, 99, 93, 51] : 51.75086331367493
54: [54, 47, 96] : 36.49730706214905
29: [29, 43, 42, 15, 3] : 86.89561891555786
65: [23, 50, 65, 4, 31] : 88.87067985534668
84: [52, 51, 60] : 33.168686389923096
85: [27, 42, 78, 80, 97] : 98.07094740867615
0: [0, 53, 57] : 36.45724534988403
10: [10, 28, 51] : 33.17029571533203
28: [20, 25, 69] : 33.815205335617065
34: [80, 4, 74, 34, 65] : 91.39750385284424
70: [70, 62, 69] : 33.135106325149536
90: [60, 69, 37] : 33.142900228500366
59: [59, 51, 23] : 30.480424880981445
50: [50, 64, 65, 74, 38] : 97.96279430389404
89: [41, 89, 85, 88, 3] : 97.9911515712738
87: [86, 87, 94] : 37.10333299636841
39: [39, 86, 87] : 37.11799502372742
9: [9, 25, 16] : 37.11565375328064
77: [91, 44, 27, 93, 51] : 54.99006009101868
37: [37, 17, 52] : 36.43364381790161
45: [44, 4, 32, 67, 93] : 101.25530672073364
10: [10, 28, 51] : 33.11730360984802
51: [51, 4, 63, 42, 99] : 97.9528603553772
40: [56, 69, 59] : 33.78140640258789
71: [71, 26, 45, 93, 27] : 64.18022775650024
30: [30, 95, 97, 73, 67] : 80.74896049499512
37: [37, 17, 82] : 36.43313670158386
69: [69, 76, 17] : 33.793718338012695
75: [97, 31, 55, 15, 65] : 86.72480368614197
87: [87, 71, 60] : 35.779704332351685
30: [30, 95, 55, 74, 34] : 77.45072913169861
92: [92, 70, 51] : 33.131370306015015
48: [48, 41, 89, 58] : 45.72039794921875
0: [0, 53, 57] : 36.42683291435242
49: [49, 17, 69] : 33.12344574928284
46: [46, 98, 11] : 36.416444301605225
49: [49, 60, 69] : 32.44870567321777
94: [94, 37, 20] : 37.09509778022766
47: [47, 52, 23] : 33.11624336242676
72: [30, 95, 72, 55, 73] : 98.61859631538391
37: [37, 17, 3, 88, 97] : 89.40347981452942
41: [86, 20, 69] : 33.80336236953735
29: [29, 74, 27, 44, 51] : 51.682568311691284
50: [4, 29, 34, 80, 74] : 91.38749027252197
42: [38, 80, 97, 43, 64] : 91.38116693496704
92: [70, 92, 51] : 33.79524540901184
43: [60, 57, 23] : 32.45469832420349
83: [83, 0, 53] : 36.425060749053955
25: [20, 25, 23] : 33.769636154174805
7: [7, 79, 45, 99, 93] : 64.86675596237183
69: [69, 76, 23] : 30.461809635162354
43: [43, 42, 88, 4, 63] : 103.88618969917297
86: [40, 86, 87] : 37.07840538024902
13: [37, 17, 81, 23] : 42.351255893707275
5: [5, 25, 18, 99, 74] : 64.83251690864563
43: [43, 42, 3, 38, 31] : 92.65612506866455
21: [21, 63, 64, 27, 74] : 109.9396743774414
40: [40, 86, 51] : 33.15478014945984
11: [11, 46, 35, 98, 2] : 61.65027928352356
2: [2, 11, 35] : 36.4622848033905
74: [4, 80, 97, 42, 44] : 100.72789406776428
30: [73, 27, 93, 69, 23] : 52.36168575286865
33: [33, 49, 51] : 33.15618371963501
92: [70, 92, 62] : 35.80394172668457
0: [0, 57, 53] : 36.44720983505249
22: [76, 17, 12] : 37.13031315803528
45: [78, 44, 99, 74, 50] : 98.05478954315186
70: [62, 70, 92] : 35.80329179763794
22: [22, 40, 51] : 33.83330845832825
74: [4, 50, 65, 93, 44] : 91.45947742462158
15: [15, 43, 38, 29, 97] : 90.07717442512512
43: [97, 15, 38, 31, 65] : 77.47932863235474
47: [96, 52, 47] : 36.437206983566284
72: [45, 27, 93, 74, 51] : 51.64412021636963
39: [39, 86, 87] : 37.096091985702515
69: [69, 76, 23] : 30.475131273269653
54: [54, 62, 82] : 36.42932987213135
9: [9, 40, 69] : 33.79938006401062
85: [52, 70, 23] : 33.774250984191895
25: [20, 25, 5, 84] : 45.70179724693298
53: [53, 57, 51] : 33.14368200302124
2: [90, 86, 69, 48] : 42.40911674499512
40: [40, 29, 93, 65, 79] : 58.31262731552124
75: [3, 34, 72, 65, 55] : 86.7717604637146
48: [48, 8, 46, 35] : 45.722617387771606
31: [31, 97, 42, 3, 29] : 89.42730331420898
42: [42, 88, 43, 19, 65] : 86.76531028747559
58: [58, 69, 89, 41] : 42.39251494407654
29: [29, 4, 93, 3, 27] : 91.35524797439575
78: [78, 32, 27, 44, 51] : 54.973413705825806
78: [78, 99, 42, 80, 44] : 109.95245671272278
4: [80, 50, 65, 43, 3] : 91.4043550491333
1: [1, 29, 45, 69, 62] : 61.62300682067871
49: [49, 60, 29, 27, 23] : 51.67927026748657
21: [21, 31, 3, 97, 29] : 86.7387797832489
68: [60, 49, 12] : 36.42379570007324
91: [1, 29, 26, 45, 44] : 61.567779541015625
44: [44, 99, 27, 80, 64] : 100.57138776779175
13: [13, 81, 58, 69] : 41.73484468460083
64: [74, 44, 78, 99, 27] : 58.266122579574585
48: [48, 8, 89, 29, 85] : 69.53945112228394
71: [71, 60, 23] : 33.135242223739624
76: [76, 69, 51] : 30.486491680145264
71: [71, 60, 23] : 33.12613558769226
49: [49, 17, 23] : 33.13001585006714
6: [6, 77, 79, 93, 65] : 64.9182801246643
67: [47, 52, 59, 96, 56] : 60.934547901153564
42: [42, 88, 43, 31, 27] : 89.3775646686554
59: [52, 56, 23] : 33.12668561935425
44: [78, 99, 44, 69, 23] : 49.01600790023804
36: [36, 4, 65, 74, 67] : 103.9225640296936
28: [28, 10, 51] : 33.11945128440857
97: [97, 88, 34, 43, 74] : 80.08024048805237
44: [78, 44, 27, 67, 74] : 61.57199788093567
9: [40, 57, 53, 6, 3] : 92.66609454154968
24: [24, 99, 74, 51, 69] : 52.29528880119324
42: [42, 43, 4, 80, 29] : 97.93829679489136
67: [97, 31, 3, 34, 2] : 89.96428322792053
72: [4, 63, 55, 3, 72] : 97.87854957580566
70: [70, 54, 51] : 33.105109214782715
2: [57, 0, 92] : 36.41874051094055
57: [57, 53, 51] : 33.1044225692749
58: [58, 60, 46, 89] : 45.02301287651062
70: [70, 0, 51] : 33.12278866767883
69: [29, 69, 6, 60, 49] : 54.95073938369751
54: [54, 70, 51] : 33.11798930168152
81: [87, 86, 83] : 36.420899629592896
90: [90, 13, 81, 69] : 42.3618438243866
15: [15, 43, 29, 67, 88] : 101.91075491905212
82: [82, 62, 69] : 33.757224321365356
89: [89, 85, 17, 90] : 45.683513879776
31: [31, 15, 38, 21, 29] : 86.66387748718262
17: [17, 39, 20] : 37.053945779800415
4: [43, 34, 88, 97, 65] : 86.64551615715027
16: [94, 84, 83] : 36.41986608505249
5: [5, 25, 20, 84, 93] : 61.56720805168152
24: [24, 79, 45, 99, 26] : 64.24662661552429
35: [11, 69, 23] : 30.47516942024231
7: [99, 53, 78, 83, 69] : 51.685117959976196
62: [62, 92, 14, 70, 99] : 64.26120209693909
73: [73, 74, 93, 51, 69] : 52.3337562084198
74: [70, 83, 51] : 33.134039878845215
71: [71, 49, 56, 27, 45] : 60.92238640785217
6: [6, 7, 26, 4, 63] : 107.94140839576721
13: [13, 81, 90, 69] : 42.37345600128174
46: [46, 11, 98, 35, 2] : 61.580899238586426
23: [71, 23, 69] : 29.813069105148315
91: [1, 99, 74, 45, 51] : 61.5681414604187
72: [77, 74, 57, 78, 51] : 51.658817768096924
31: [31, 15, 43, 97, 29] : 89.40295076370239
72: [80, 72, 65, 75, 97] : 101.33007621765137
47: [47, 96, 52] : 36.443657875061035
96: [52, 96, 47] : 35.776151180267334
14: [14, 99, 24, 18, 7] : 101.29250288009644
34: [43, 97, 34, 50, 29] : 88.97339630126953
50: [50, 64, 3, 65, 38] : 88.9521222114563
39: [39, 76, 69] : 33.896164655685425
59: [97, 42, 21, 38, 65] : 89.67895412445068
48: [69, 7, 99, 45, 26] : 61.79267430305481
97: [97, 64, 34, 66, 88] : 91.68977189064026
13: [13, 58, 81, 27, 44] : 67.09036040306091
50: [74, 44, 99, 65, 78] : 58.47487950325012
49: [49, 23, 69] : 29.926180839538574
61: [61, 22, 10] : 37.252058029174805
23: [59, 53, 0] : 36.55825853347778
44: [38, 15, 42, 29, 99] : 90.41160321235657
1: [1, 27, 45, 29, 51] : 55.17353820800781
27: [97, 60, 88, 38, 27] : 89.68649816513062
57: [0, 82, 69] : 33.24220156669617
14: [14, 18, 64, 75, 99] : 101.64391851425171
24: [7, 45, 99, 27, 79] : 70.44257259368896
12: [60, 56, 69] : 33.24457573890686
5: [70, 82, 69] : 33.26952815055847
2: [2, 11, 46, 23] : 42.54653811454773
83: [83, 53, 57] : 36.593027114868164
48: [48, 8, 11, 58] : 45.20181679725647
27: [27, 1, 29, 44, 78] : 61.806151390075684
43: [43, 3, 97, 42, 65] : 90.36809849739075
41: [41, 89, 48, 8, 58] : 67.11849522590637
56: [52, 96, 47] : 35.897438287734985
72: [72, 97, 43, 38, 65] : 77.74389719963074
94: [94, 52, 17] : 37.241889238357544
97: [97, 34, 3, 15, 74] : 80.44144010543823
43: [43, 88, 42, 97, 27] : 80.46107292175293
77: [53, 57, 77, 51, 83] : 51.92232894897461
93: [93, 29, 67, 69, 51] : 52.4997878074646
79: [79, 44, 78, 69, 51] : 49.0981502532959
84: [84, 20, 96] : 37.132370710372925
35: [35, 11, 98, 2, 46] : 90.08095526695251
81: [27, 14, 29, 65, 51] : 61.584017753601074
86: [86, 39, 10] : 37.10883903503418
11: [11, 46, 98, 86] : 45.730146408081055
75: [42, 34, 97, 38, 65] : 89.44304752349854
64: [80, 64, 38, 97, 3] : 91.43775510787964
8: [35, 60, 11, 33, 49] : 60.950671911239624
49: [97, 55, 95, 72, 27] : 77.49486303329468
16: [69, 17, 76] : 33.7965087890625
59: [96, 52, 59, 47, 60] : 60.9079315662384
45: [85, 48, 58, 84] : 45.69448733329773
24: [83, 57, 10] : 36.43211102485657
34: [97, 34, 38, 29, 3] : 86.75443291664124
80: [61, 51, 10] : 33.15788960456848
8: [8, 46, 35, 98] : 45.738006830215454
68: [13, 48, 58, 81] : 45.05290937423706
3: [3, 42, 97, 34, 65] : 89.41958045959473
92: [70, 62, 51] : 33.141268730163574
57: [38, 72, 51, 65, 34] : 80.11323475837708
82: [82, 87, 53] : 36.445672035217285
92: [92, 70, 60] : 35.790112257003784
24: [6, 24, 7, 42, 18] : 93.44898056983948
32: [1, 93, 62, 70, 96] : 64.97470092773438
76: [17, 76, 69] : 33.16881799697876
32: [9, 28, 16] : 36.47020936012268
46: [46, 11, 98, 86] : 45.7471239566803
26: [45, 26, 99, 79, 29] : 60.98037099838257
62: [70, 51, 23] : 30.507365942001343
23: [23, 76, 69] : 30.50094223022461
63: [80, 64, 97, 38, 29] : 104.66435933113098
51: [51, 99, 70, 62, 7] : 61.59767127037048
70: [70, 62, 51] : 33.13525581359863
25: [41, 25, 20, 87] : 45.70529103279114
80: [80, 4, 65, 38, 3] : 97.9820921421051
36: [36, 50, 65, 38, 3] : 88.77962589263916
61: [80, 74, 4, 42, 88] : 91.4420280456543
15: [15, 29, 97, 38, 31] : 90.08452725410461
38: [38, 64, 80, 65, 29] : 98.01717853546143
1: [1, 91, 45, 77, 99] : 64.89086842536926
34: [34, 97, 42, 3, 65] : 86.72069668769836
67: [32, 93, 65, 29, 51] : 54.96460270881653
86: [86, 22, 39] : 37.114933252334595
64: [36, 65, 74, 97, 4] : 100.67055535316467
24: [24, 67, 77, 93, 51] : 58.34036040306091
82: [82, 62, 70, 92, 79] : 58.378307580947876
5: [5, 20, 25] : 37.14986324310303
76: [76, 39, 86] : 37.150713205337524
13: [13, 58, 89, 69] : 42.42998671531677
61: [80, 50, 65, 97, 72] : 98.02127075195312
50: [97, 43, 42, 88, 27] : 89.38403749465942
70: [96, 52, 56] : 36.4366569519043
98: [35, 98, 51] : 33.81023859977722
20: [20, 25, 84] : 37.13446092605591
97: [97, 88, 34, 42, 27] : 89.43731689453125
60: [60, 0, 53, 77, 99] : 54.31340432167053
14: [14, 99, 78, 79, 26] : 61.62086510658264
27: [27, 73, 3, 65, 43] : 83.44744300842285
87: [87, 25, 20] : 37.117977142333984
60: [60, 49, 23] : 33.13748073577881
44: [44, 1, 29, 27, 78] : 64.91288328170776
8: [8, 48, 41, 89, 30] : 95.35332322120667
95: [95, 30, 72, 27, 69] : 77.51142907142639
82: [82, 62, 14, 6, 18] : 92.78454947471619
51: [44, 74, 27, 78, 51] : 51.70685577392578
8: [8, 48, 11, 69] : 42.42250370979309
41: [41, 89, 69, 85, 65] : 66.89863610267639
3: [3, 43, 38, 88, 65] : 86.73249912261963
67: [67, 32, 50, 73, 23] : 92.11709690093994
50: [80, 4, 38, 34, 74] : 98.15955376625061
9: [53, 87, 22] : 36.50127100944519
70: [70, 62, 51] : 33.20104146003723
80: [80, 74, 44, 4, 55] : 88.90490365028381
82: [82, 52, 70] : 36.508798360824585
84: [84, 20, 51] : 33.85334587097168
63: [4, 80, 74, 44, 77] : 91.52444911003113
60: [71, 60, 49] : 36.49220156669617
80: [80, 75, 34, 97, 65] : 91.52266192436218
56: [56, 59, 27, 29, 45] : 61.01313638687134
25: [5, 25, 20, 94, 87] : 61.70723915100098
74: [4, 38, 63, 42, 65] : 91.53432393074036
38: [38, 15, 31, 97, 27] : 86.9047646522522
52: [96, 52, 49] : 35.85200023651123
93: [93, 4, 27, 72, 32] : 104.16125726699829
29: [29, 44, 27, 38, 63] : 91.5285713672638
2: [53, 0, 51] : 32.52183818817139
44: [4, 44, 78, 66, 27] : 98.14572477340698
79: [33, 70, 51] : 33.18982481956482
11: [11, 35, 98, 46, 2] : 61.70238399505615
26: [23, 51, 69] : 27.227709770202637
95: [73, 93, 27, 29, 45] : 61.74701952934265
31: [97, 31, 38, 42, 96] : 89.64830923080444
88: [88, 34, 97, 29, 55] : 86.95145225524902
2: [2, 18, 99, 79, 93] : 64.364670753479
37: [37, 17, 23] : 33.1948676109314
68: [60, 49, 58, 59] : 45.115447998046875
66: [17, 76, 51] : 33.84296679496765
95: [97, 43, 31, 88, 23] : 86.83530569076538
91: [91, 69, 99, 74, 45] : 55.05479407310486
40: [99, 78, 69, 57, 77] : 51.758737325668335
18: [44, 27, 29, 70, 83] : 61.050190687179565
19: [19, 31, 3, 38, 29] : 89.55500602722168
77: [77, 6, 7, 4, 14] : 104.1299238204956
18: [56, 59, 70] : 36.49211883544922
25: [20, 25, 5, 84] : 45.75866341590881
30: [95, 30, 75, 4, 27] : 104.07559561729431
38: [38, 43, 34, 3, 29] : 89.4874632358551
77: [54, 53, 51] : 33.17382836341858
71: [71, 60, 69] : 33.17420172691345
1: [91, 45, 99, 29, 69] : 61.68755221366882
28: [10, 28, 61] : 37.18137073516846
32: [51, 23, 93, 26, 77] : 49.11990785598755
4: [55, 72, 95, 30, 32] : 83.60556650161743
76: [76, 44, 17, 69, 29] : 58.414119720458984
90: [90, 13, 89, 81, 58] : 69.73263549804688
14: [14, 34, 18, 99, 38] : 83.66104078292847
25: [20, 25, 5] : 37.20671582221985
70: [70, 53, 57, 0, 99] : 61.056679010391235
17: [17, 37, 27, 60, 12] : 61.02048587799072
95: [44, 29, 27, 74, 45] : 58.37806820869446
75: [63, 75, 74, 97, 99] : 88.87905359268188
6: [50, 88, 78, 65, 97] : 101.519047498703
86: [86, 16, 69] : 33.88675570487976
94: [76, 37, 17] : 37.19247102737427
28: [10, 28, 40] : 37.18919277191162
73: [23, 12, 69] : 30.55462622642517
36: [4, 63, 74, 3, 65] : 101.46095299720764
18: [57, 83, 51] : 33.17989945411682
10: [28, 10, 52] : 37.14984059333801
34: [34, 97, 38, 3, 65] : 89.50475811958313
1: [1, 32, 91, 67, 80] : 94.81663346290588
64: [64, 50, 74, 93, 65] : 91.53211998939514
28: [10, 28, 61] : 36.49823617935181
82: [82, 62, 23] : 33.19437122344971
96: [60, 49, 23] : 33.19385242462158
59: [56, 23, 51] : 30.527974843978882
67: [17, 60, 96] : 36.49103116989136
15: [15, 19, 3, 43, 29] : 80.22363090515137
27: [27, 29, 44, 93, 78] : 58.35598397254944
99: [78, 99, 86, 44, 74] : 61.707533836364746
72: [27, 93, 77, 60, 51] : 51.75389790534973
6: [1, 27, 44, 78, 29] : 64.33338379859924
62: [62, 51, 92] : 33.186652183532715
37: [37, 17, 22, 81] : 45.778170585632324
31: [31, 38, 21, 15, 29] : 89.52269148826599
45: [61, 62, 86] : 37.15912675857544
58: [58, 89, 41, 85] : 45.117189168930054
97: [97, 34, 38, 64, 4] : 91.50859594345093
25: [20, 25, 5] : 37.15252327919006
25: [25, 5, 20, 40, 29] : 61.686901330947876
69: [69, 23, 59] : 30.52835440635681
21: [15, 21, 38, 29, 27] : 89.52821516990662
19: [19, 97, 38, 15, 34] : 83.54594326019287
20: [20, 25, 5] : 36.48001956939697
27: [27, 29, 93, 56, 49] : 60.980674266815186
45: [45, 29, 70, 93, 57] : 60.97761559486389
65: [21, 3, 65, 38, 31] : 86.8329017162323
64: [50, 64, 74, 42, 3] : 98.1670389175415
12: [12, 17, 69, 90] : 42.49768304824829
50: [5, 25, 20, 94, 27] : 61.08266091346741
61: [51, 92, 62] : 33.21824026107788
25: [25, 20, 5] : 36.519272804260254
0: [0, 57, 53] : 36.511833906173706
71: [71, 23, 69] : 29.876262187957764
13: [13, 81, 90, 69] : 42.48442769050598
3: [3, 97, 65, 21, 43] : 89.62994122505188
80: [80, 4, 65, 38, 74] : 88.93303966522217
2: [4, 31, 99, 3, 65] : 91.56649899482727
2: [2, 35, 11] : 36.51477932929993
91: [91, 65, 93, 29, 51] : 55.100120306015015
18: [99, 78, 44, 74, 51] : 51.77832794189453
20: [20, 5, 25] : 37.19110059738159
6: [6, 99, 79, 77, 45] : 61.73167014122009
38: [4, 63, 74, 38, 3] : 91.5437023639679
59: [59, 52, 47] : 37.14907431602478
46: [46, 13, 86, 98] : 45.767035484313965
2: [5, 20, 25, 84, 94] : 61.67989468574524
64: [64, 75, 97, 3, 38] : 100.77516722679138
77: [77, 24, 99, 74, 51] : 55.05087447166443
21: [21, 42, 29, 43, 3] : 86.86392855644226
98: [98, 35, 37] : 36.495035886764526
58: [58, 60, 89, 85] : 45.109601974487305
54: [54, 92, 70] : 35.84433937072754
25: [25, 5, 20] : 37.15032887458801
98: [98, 35, 46] : 37.15771460533142
64: [96, 47, 51] : 33.17278528213501
12: [12, 17, 90, 76] : 45.75085163116455
20: [20, 5, 25, 84] : 45.74874663352966
2: [26, 45, 53, 99, 51] : 51.71542406082153
65: [65, 93, 77, 51, 69] : 49.052149295806885
4: [99, 32, 78, 51, 29] : 55.05392050743103
23: [23, 76, 69] : 30.561675310134888
72: [72, 55, 31, 29, 3] : 90.31095671653748
40: [20, 9, 69] : 33.872697591781616
91: [91, 27, 51, 49, 60] : 55.08466935157776
80: [78, 44, 47, 96, 56] : 58.39009141921997
99: [57, 83, 51] : 33.20605397224426
24: [57, 83, 69] : 33.193852186203
41: [86, 87, 39] : 36.49982976913452
45: [27, 4, 88, 63, 43] : 94.88449811935425
17: [17, 37, 76, 23] : 42.452954053878784
60: [47, 33, 23] : 33.18894934654236
61: [99, 78, 29, 53, 84] : 61.087292432785034
86: [86, 39, 87] : 37.19834637641907
0: [0, 53, 51] : 33.206711769104004
53: [53, 57, 83] : 35.85553026199341
0: [0, 57, 83, 53] : 45.147499799728394
82: [82, 6, 53, 62, 70] : 64.4053704738617
42: [42, 43, 27, 72, 29] : 86.96264481544495
74: [99, 77, 74, 79, 51] : 51.78001594543457
53: [57, 70, 51] : 33.20531463623047
96: [52, 47, 51] : 33.86673021316528
count (test images): 625
Mean per class acc: 57.12%
Mean inference time: 58.29 sec
Top 1 acc: 58.88%
Top 3 acc: 69.92%
Top 2 acc: 67.36%
Top 5 acc: 72.16%
