49: [49, 17, 60, 23] : 57.78929352760315
92: [92, 83, 70, 62, 53] : 60.33836770057678
41: [41] : 35.81303811073303
75: [63, 4, 64, 80, 66] : 133.1505582332611
7: [4, 50, 55, 72, 36] : 115.4516851902008
71: [71, 60, 49, 23, 12] : 60.00731015205383
50: [4, 74, 50, 63, 80] : 88.11348176002502
27: [27, 29, 44] : 51.434828758239746
70: [70, 92, 53, 51, 60] : 67.20739650726318
24: [4, 63, 30, 55, 95] : 119.70363330841064
36: [36, 50, 64, 80, 63] : 70.47640991210938
32: [72, 57, 95, 93, 50] : 124.08177137374878
45: [63, 50, 4, 30, 80] : 126.00194692611694
80: [80, 4, 55, 34, 74] : 77.42718172073364
12: [12, 76, 60, 17, 68] : 45.434359550476074
23: [23, 76, 49, 60] : 40.25222587585449
58: [85, 58, 69, 89, 48] : 67.16021060943604
96: [96, 52, 59, 47, 33] : 83.7948956489563
42: [42, 43, 88, 3, 97] : 69.7376720905304
86: [50, 30, 63, 95, 4] : 122.81386518478394
37: [17, 37, 76] : 26.888370275497437
45: [4, 29, 45, 50, 66] : 113.8208658695221
37: [37, 17] : 33.262288331985474
90: [60, 7, 18, 27, 3] : 94.59755563735962
69: [69] : 40.28973841667175
40: [84, 20, 34, 37, 79] : 113.15744137763977
27: [80, 95, 50, 30, 64] : 133.03994750976562
18: [24, 99, 67, 18, 7] : 85.75389981269836
55: [4, 66, 80, 64, 55] : 87.03659701347351
54: [70, 92, 62, 54, 14] : 71.0190076828003
37: [37, 17, 40, 22, 86] : 45.406912088394165
36: [65, 4, 50, 64, 80] : 88.2454571723938
35: [35, 98, 11, 46, 2] : 62.6594398021698
37: [37, 17, 76, 12] : 32.619786977767944
27: [97, 27, 72, 23, 55] : 86.3447368144989
73: [30, 73, 97, 49, 95] : 98.51167035102844
65: [65, 74] : 29.454766988754272
91: [1, 91, 73, 32] : 42.23892378807068
64: [64, 80, 97, 38, 3] : 87.152263879776
17: [17, 60, 37] : 58.10277438163757
41: [41, 89, 17] : 38.9605553150177
19: [19, 15, 34, 63, 4] : 72.10929203033447
83: [83, 0] : 26.8241286277771
37: [37] : 18.545190572738647
65: [38, 34, 65, 97, 77] : 55.51248025894165
97: [97, 64, 50, 65, 66] : 73.37267732620239
95: [71, 17, 60, 76] : 51.05777025222778
48: [48, 41, 8] : 30.018948793411255
54: [54, 70, 82, 62] : 52.949631452560425
86: [86, 94, 22] : 56.78995656967163
86: [86] : 33.830000162124634
6: [6, 82, 70, 54, 14] : 71.41803669929504
85: [85, 41] : 44.640172243118286
53: [53, 57, 0] : 38.90213418006897
9: [9, 10, 84, 61] : 47.82910990715027
20: [20, 25, 84, 5] : 32.52046823501587
99: [99, 78] : 39.54913282394409
8: [8, 48] : 52.29740858078003
14: [14, 79, 26, 99, 45] : 58.68436813354492
23: [33, 59, 62, 70, 56] : 119.92484331130981
74: [80, 50, 4, 64, 63] : 90.54253625869751
82: [82, 62, 69, 44, 29] : 92.40318179130554
15: [29, 27] : 27.443065404891968
30: [30, 95, 72, 55, 80] : 103.26593804359436
71: [71, 60, 23] : 54.822715759277344
28: [28, 92, 70, 62, 54] : 66.25758647918701
81: [81, 90, 37] : 43.975610971450806
26: [70, 29, 45, 1, 62] : 109.61286664009094
96: [60, 52, 96, 0, 53] : 82.15876340866089
76: [76, 60] : 42.69058918952942
21: [21, 78, 29, 27, 99] : 92.9923574924469
0: [0, 57, 53, 83] : 35.03872323036194
2: [2, 11] : 45.88291549682617
46: [46, 98, 11, 35] : 32.491408348083496
15: [29] : 21.67854070663452
43: [43, 65] : 35.69302582740784
19: [97, 19, 43, 15, 38] : 57.94512414932251
88: [88, 43, 42, 65, 27] : 54.143330574035645
88: [97, 80, 63, 64, 50] : 74.51119875907898
39: [39, 27] : 42.73045802116394
28: [28, 16, 84, 61, 10] : 59.94128394126892
17: [17, 49, 60, 33, 51] : 58.64732813835144
4: [4, 50, 55, 80, 30] : 124.9202013015747
42: [4, 55, 50, 64, 72] : 104.49063682556152
53: [53] : 14.695910215377808
47: [52, 47, 96, 59, 56] : 70.70170497894287
43: [43, 3] : 35.713892698287964
81: [37, 17, 86, 87, 12] : 49.707194805145264
8: [8, 41, 33, 68, 49] : 69.4537250995636
47: [80, 50, 60, 17, 23] : 132.47546696662903
19: [19, 65] : 35.70055675506592
62: [62, 70, 6, 82, 7] : 62.452439308166504
70: [70, 62, 99, 60, 83] : 68.1728343963623
87: [87, 20] : 45.887691020965576
92: [82, 70, 14, 62, 6] : 75.80229425430298
55: [30, 4, 80, 55, 95] : 106.96566820144653
62: [62, 47, 70, 92, 6] : 84.0346372127533
17: [17] : 28.06602168083191
58: [58, 69] : 43.37061309814453
64: [80, 64, 50, 74, 36] : 70.1762855052948
60: [60, 49, 33] : 38.26946830749512
13: [13] : 40.834144830703735
65: [65, 50, 97, 38, 34] : 72.66745972633362
24: [24, 7, 18, 79, 74] : 70.10551834106445
12: [76, 17, 12, 37] : 32.52258539199829
10: [10, 28, 53, 61, 92] : 68.84026575088501
10: [10, 61, 28, 22] : 49.737101316452026
83: [99, 32, 73, 7, 18] : 78.3890073299408
27: [99, 44, 50, 18, 30] : 126.8257908821106
73: [73, 91, 30, 1, 95] : 79.05486512184143
51: [4, 63, 55, 80, 72] : 136.38890600204468
17: [17] : 43.37748980522156
20: [25, 20, 5] : 36.347594022750854
86: [60, 85, 90, 23, 20] : 72.63843846321106
70: [70, 14, 62, 6, 18] : 68.1836211681366
49: [49, 60, 76, 33, 71] : 77.09285831451416
56: [56, 59, 96, 52, 47] : 92.9833996295929
43: [43, 65] : 35.71009135246277
28: [28, 40, 16, 10, 84] : 45.89746975898743
17: [80, 50, 66, 64, 63] : 119.2019100189209
74: [55, 4, 63, 64, 50] : 110.21661114692688
46: [11, 38, 67, 19, 31] : 137.58398008346558
63: [97, 65, 43, 88, 42] : 80.24999213218689
41: [41] : 43.994975566864014
78: [78, 31, 99, 44, 29] : 94.31821703910828
92: [92, 70, 18, 83, 99] : 82.20043134689331
36: [36, 50, 65, 64, 74] : 89.19684720039368
59: [52, 60, 51, 23, 33] : 65.61318230628967
4: [4, 80, 55, 63, 64] : 108.96109318733215
97: [97, 43, 38, 34, 15] : 56.71863007545471
29: [29, 93, 27, 67, 65] : 88.58221292495728
87: [86, 20, 40, 76, 17] : 65.65989327430725
63: [63, 65, 56, 38, 97] : 124.95402455329895
27: [80, 4, 66, 50, 63] : 133.85496592521667
89: [89] : 46.5671169757843
43: [43, 97, 38, 3, 65] : 58.6522102355957
10: [10, 28, 9, 20, 61] : 54.18314480781555
54: [80, 4, 63, 50, 30] : 141.47757244110107
73: [14, 34, 97, 88, 43] : 107.70092010498047
19: [97, 34, 19, 63, 3] : 78.39138126373291
41: [41, 89, 78, 7, 99] : 117.85516023635864
27: [67, 73, 32, 44, 91] : 71.35590410232544
14: [14, 78, 74, 93, 44] : 99.99462723731995
96: [88, 17, 95, 30, 55] : 82.17153406143188
76: [60, 76, 49, 53, 23] : 59.849640130996704
12: [17, 12, 60, 76, 53] : 59.25460505485535
34: [34, 97, 38, 29, 65] : 54.181102991104126
50: [74, 4, 50, 64, 63] : 106.40104627609253
25: [25, 20, 5] : 26.796826124191284
51: [74, 4, 78, 99, 44] : 100.7175145149231
70: [70, 62] : 28.70657229423523
50: [50, 4, 74, 64, 63] : 77.09516739845276
94: [94, 5, 84] : 26.793275356292725
30: [73, 1, 91, 29, 27] : 65.65103220939636
3: [4, 63, 80, 64, 66] : 95.5680136680603
55: [4, 55, 80, 64, 50] : 91.7313928604126
81: [13, 81, 90, 89, 47] : 93.62485098838806
0: [0, 57, 53, 99] : 46.51560854911804
64: [63, 64, 80, 66, 50] : 98.7092432975769
34: [34, 38, 63, 4, 64] : 87.22772574424744
92: [62, 70, 92, 51, 53] : 49.039186239242554
20: [25, 20, 5, 84] : 32.46962308883667
73: [30, 73, 95, 72, 27] : 66.19756126403809
11: [11, 35, 2, 85, 78] : 73.82813811302185
89: [42, 88, 18, 15, 89] : 119.6575767993927
50: [50, 80, 64, 4, 36] : 74.48373079299927
10: [95, 30, 4, 72, 50] : 103.76893591880798
52: [52, 59, 96, 23, 60] : 51.630096197128296
91: [91, 32, 1, 67] : 42.06646203994751
63: [4, 63, 80, 55, 64] : 96.15592932701111
4: [4, 55, 72, 63, 30] : 87.20306539535522
78: [78, 99, 0, 57] : 50.944817304611206
53: [53, 57, 0] : 26.12898588180542
38: [38, 80, 64, 66, 4] : 80.84243369102478
6: [6, 14, 18, 7, 82] : 93.5753915309906
47: [52, 96, 60, 37, 53] : 75.75040006637573
84: [50, 4, 64, 63, 55] : 91.03045535087585
13: [13, 60, 69] : 51.58780479431152
5: [20, 5, 84, 25, 94] : 41.40560579299927
21: [21, 27, 78, 44, 93] : 59.84597635269165
70: [70, 6, 62, 18, 52] : 72.57795143127441
70: [70, 92, 62, 99, 86] : 70.68873715400696
27: [27, 29, 30, 95, 4] : 120.27087187767029
5: [84, 20, 87, 94, 5] : 42.64391207695007
5: [5, 94] : 27.392706394195557
0: [57, 0, 53, 83, 51] : 39.4770143032074
73: [95, 50, 30, 66, 63] : 120.98000621795654
89: [57, 37, 29, 18, 60] : 111.4863793849945
7: [53, 83, 57] : 29.33496069908142
78: [78, 44, 99, 4, 63] : 137.63066387176514
25: [25, 20, 5] : 29.966715097427368
53: [53] : 26.148388147354126
25: [25, 5, 20, 84, 94] : 42.69107913970947
23: [23, 49, 52, 96, 59] : 70.77371954917908
42: [42, 43, 88, 55, 72] : 62.46516251564026
59: [59, 47, 56, 96, 52] : 84.07761859893799
34: [34, 97, 65, 74] : 47.17087721824646
71: [71, 60] : 44.62847018241882
88: [88, 80, 4, 64, 50] : 68.22378349304199
62: [54, 70, 14, 62, 92] : 77.16806411743164
42: [97, 80, 64, 4, 50] : 74.58566856384277
9: [9] : 46.57074689865112
9: [9] : 46.560691118240356
65: [72, 4, 55, 80, 50] : 72.01264882087708
50: [4, 80, 50, 55, 63] : 113.45497941970825
87: [87, 86, 39] : 40.816460609436035
12: [12, 71, 68, 53] : 57.37174105644226
99: [99, 78] : 45.92991304397583
88: [88, 43, 38, 42, 65] : 61.8461492061615
57: [57, 10, 0, 53, 61] : 50.38470435142517
43: [4, 63, 80, 55, 72] : 91.79435873031616
48: [48, 8, 69, 45, 99] : 67.57919979095459
49: [49, 60, 76, 71, 23] : 74.62900352478027
73: [30, 73, 95, 1, 72] : 88.60836887359619
49: [52, 59, 96, 47, 14] : 99.41045928001404
56: [56, 59, 71, 49, 17] : 72.03805637359619
21: [21, 27, 78, 29, 44] : 59.93507742881775
46: [46, 11, 98, 35, 86] : 52.27962017059326
73: [73, 91, 32] : 50.373454093933105
77: [4, 57, 80, 74, 63] : 138.99194765090942
85: [85, 41, 69] : 29.984364986419678
32: [63, 80, 4, 64, 50] : 145.3096091747284
27: [44, 27, 78, 4, 80] : 126.82605957984924
20: [20, 25, 84] : 26.808902263641357
38: [38, 80, 72, 55, 65] : 107.08576774597168
96: [52, 59, 96, 60, 47] : 73.28995537757874
77: [77, 24, 79, 7, 6] : 68.81424736976624
54: [54, 83, 0, 57, 53] : 51.65570092201233
29: [4, 29, 43, 64, 63] : 93.05718302726746
65: [65, 50, 31, 80, 4] : 68.16547751426697
84: [87, 39, 86, 51, 61] : 64.36278533935547
85: [80, 20, 50, 64, 66] : 135.06972098350525
0: [0, 53, 57, 83] : 35.054646492004395
10: [28, 10, 53, 51, 57] : 54.168583393096924
28: [20, 40, 25, 84, 87] : 91.09023308753967
34: [80, 4, 50, 55, 63] : 98.73394227027893
70: [70, 62, 82, 14, 18] : 74.54885578155518
90: [90] : 43.3652822971344
59: [59, 52, 47, 96, 60] : 73.94362664222717
50: [50, 64, 36, 74, 65] : 77.74858069419861
89: [41, 89, 85] : 51.64202094078064
87: [86, 87, 22] : 26.789337635040283
39: [39, 25, 5, 87, 86] : 60.554588317871094
9: [9, 25, 16, 28, 84] : 63.12165069580078
77: [4, 80, 30, 50, 63] : 124.96781730651855
37: [96, 59, 52, 47, 14] : 82.88265228271484
45: [44, 32, 91, 67, 27] : 121.07153749465942
10: [70, 92, 61, 54, 62] : 52.267160177230835
51: [4, 63, 80, 55, 64] : 91.76351618766785
40: [40, 56, 52, 59, 9] : 66.27255392074585
71: [71, 26, 45, 93, 27] : 57.96091318130493
30: [30, 95, 97, 67, 73] : 88.52253198623657
37: [37, 17] : 49.0655677318573
69: [76, 17, 12] : 26.772224187850952
75: [80, 97, 31, 65, 34] : 83.42866563796997
87: [87, 71, 60, 17] : 57.986273527145386
30: [30, 95, 74, 91, 44] : 103.84260129928589
92: [92, 70, 51, 14, 18] : 68.174889087677
48: [48, 41] : 43.339388370513916
0: [0, 53, 57, 83] : 33.77005219459534
49: [49, 17, 76, 60, 29] : 63.060091495513916
46: [46, 98, 11, 35, 86] : 50.32582902908325
49: [49, 60, 17] : 48.42269992828369
94: [94, 87, 20, 86, 9] : 66.98780465126038
47: [47, 52, 96, 70, 59] : 66.94087767601013
72: [30, 95, 44, 27, 38] : 70.77236795425415
37: [37, 17] : 33.82177114486694
41: [41, 86, 89, 85, 87] : 89.88897657394409
29: [29, 74, 65, 31, 27] : 103.89549469947815
50: [4, 64, 80, 50, 63] : 110.84797024726868
42: [38, 80, 97, 43, 4] : 79.01123714447021
92: [92, 70, 14, 99, 83] : 63.08482646942139
43: [4, 80, 55, 63, 50] : 119.7845528125763
83: [83, 61, 53] : 34.454082012176514
25: [25, 20, 84, 5] : 32.526965618133545
7: [7, 24, 6, 18, 67] : 81.59180116653442
69: [69, 49, 60] : 53.565356492996216
43: [43, 42, 88, 29, 65] : 60.56721472740173
86: [20, 94, 40, 86, 9] : 59.277379512786865
13: [37, 17, 96, 52, 47] : 43.36133289337158
5: [5] : 33.81040358543396
43: [43, 42, 38, 3, 88] : 61.87472891807556
21: [21, 27, 74, 29, 78] : 98.81110572814941
40: [40] : 32.54101753234863
11: [11, 46, 35, 98, 2] : 61.189552783966064
2: [2] : 43.37063717842102
74: [4, 80, 55, 50, 63] : 143.38589549064636
30: [30, 95, 73, 72, 32] : 79.02815675735474
33: [33, 68, 49, 52, 47] : 70.09282684326172
92: [70, 92, 62, 14, 7] : 62.44563555717468
0: [0, 57, 53, 84] : 35.05823564529419
22: [22, 76, 17, 70, 82] : 57.36554527282715
45: [4, 50, 63, 80, 64] : 112.78954553604126
70: [62, 70, 92, 14, 7] : 70.13500165939331
22: [22, 17] : 46.57667350769043
74: [4, 50, 63, 64, 80] : 126.1194577217102
15: [15, 29, 60, 27, 49] : 77.66466903686523
43: [97, 15, 43, 38, 63] : 75.78760862350464
47: [96, 52, 47, 59, 60] : 54.210301876068115
72: [72, 55, 4, 95, 30] : 107.15561556816101
39: [39, 24, 67, 7, 14] : 110.9292459487915
69: [69, 76, 49, 60, 85] : 71.38125729560852
54: [54, 62, 92, 70, 59] : 52.264989614486694
9: [9] : 26.159746885299683
85: [27, 29, 52, 39, 86] : 75.84519004821777
25: [20, 25, 5, 84] : 32.530922412872314
53: [53, 0, 57, 83, 70] : 45.27150368690491
2: [2, 11] : 52.33430552482605
40: [7, 14, 6, 67, 1] : 84.17175912857056
75: [65, 34, 3, 97, 43] : 84.79769778251648
48: [48] : 40.835201263427734
31: [31, 38, 42, 97, 3] : 94.97782945632935
42: [42, 88, 43, 38, 19] : 75.87813401222229
58: [58] : 40.19095516204834
29: [29, 4, 93, 55, 80] : 86.02057528495789
78: [78, 80, 97, 42, 44] : 118.56307244300842
78: [78, 99, 80, 55, 4] : 96.3383378982544
4: [4, 80, 63, 50, 66] : 113.49386143684387
1: [1, 32, 91] : 42.75469517707825
49: [49, 60, 29, 17, 23] : 58.015339612960815
21: [21, 3, 29, 27, 65] : 63.723533391952515
68: [60, 49, 71, 33] : 32.50606179237366
91: [91, 1, 50, 30, 63] : 102.56158709526062
44: [44, 99, 27, 29, 18] : 114.0295798778534
13: [13] : 40.8007709980011
64: [80, 4, 64, 63, 50] : 98.09866046905518
48: [48, 89, 8, 79, 29] : 95.50631427764893
71: [71, 60, 12, 17, 49] : 52.207778453826904
76: [76, 17] : 21.040920734405518
71: [71, 60, 12] : 54.773051023483276
49: [49, 59, 47, 56, 60] : 71.95138168334961
6: [6, 77, 79, 65, 44] : 82.78807306289673
67: [47, 88, 27, 42, 43] : 140.73778128623962
42: [42, 88, 3, 4, 63] : 81.02495121955872
59: [52, 56, 96, 47, 59] : 75.28798198699951
44: [78, 99, 44, 50, 30] : 102.00335550308228
36: [36, 50, 4, 63, 80] : 84.14403510093689
28: [28, 10, 51, 70, 92] : 72.68445348739624
97: [97, 63, 4, 80, 43] : 79.69677996635437
44: [78, 44, 27, 74, 99] : 85.40943384170532
9: [9] : 32.54565119743347
24: [24, 7, 4, 6, 99] : 87.96539425849915
42: [42, 88, 80, 4, 63] : 76.53567743301392
67: [30, 95, 2, 97, 72] : 107.78053522109985
72: [4, 55, 72, 63, 74] : 91.18018674850464
70: [70, 92, 54, 6, 14] : 71.445476770401
2: [2] : 45.319303035736084
57: [57, 53, 83, 51, 0] : 39.549561977386475
58: [58, 30, 80, 95, 72] : 103.317129611969
70: [70, 62, 0, 53, 60] : 52.91913366317749
69: [85, 89, 69, 29, 58] : 63.11806607246399
54: [54, 70, 51, 83, 57] : 45.90923547744751
81: [13, 81, 90, 87, 86] : 74.58945536613464
90: [90, 13, 81, 89, 41] : 44.639506578445435
15: [15, 29, 43, 67, 88] : 77.77783560752869
82: [82, 62, 53] : 47.21686363220215
89: [89] : 37.028074741363525
31: [31, 29, 65, 74, 27] : 58.05982232093811
17: [17, 63, 50, 80, 66] : 103.96153712272644
4: [4, 63, 50, 80, 43] : 100.7478711605072
16: [94, 84, 83, 86, 40] : 49.115896701812744
5: [5, 25, 20] : 29.99225950241089
24: [7, 24, 79, 6, 18] : 58.6993293762207
35: [96, 82, 70, 62, 56] : 116.71001601219177
7: [7, 18, 99, 53, 78] : 72.09056425094604
62: [62, 92, 70, 14, 6] : 61.23873019218445
73: [30, 73, 95, 1, 50] : 94.32826209068298
74: [4, 74, 80, 55, 63] : 125.5444507598877
71: [71, 49, 60, 27, 45] : 54.1611967086792
6: [6, 7, 26, 79, 27] : 69.45229363441467
13: [13, 81] : 49.10324668884277
46: [46, 11, 98, 85, 35] : 64.38025498390198
23: [23, 71, 60, 69, 17] : 70.14513564109802
91: [1, 91, 32, 73] : 44.64558744430542
72: [80, 4, 55, 77, 72] : 105.19571447372437
31: [31, 29, 27, 35, 11] : 58.67092418670654
72: [4, 97, 65, 3, 34] : 83.4962568283081
47: [47, 96, 52, 59, 70] : 62.479379653930664
96: [52, 96, 47, 59, 56] : 100.7001051902771
14: [14, 24, 18, 99, 79] : 68.23598051071167
34: [43, 88, 97, 34, 50] : 81.01318764686584
50: [50, 64, 4, 3, 74] : 74.61160111427307
39: [39, 86, 76, 40, 9] : 66.28071808815002
59: [97, 59, 80, 63, 4] : 97.49914479255676
48: [48, 86, 87] : 58.0424530506134
97: [97, 64, 66, 50, 80] : 69.48806309700012
13: [13, 60, 81, 37] : 57.38405799865723
50: [38, 80, 4, 74, 44] : 110.28883147239685
49: [49, 60, 63, 42, 4] : 92.4244396686554
61: [61, 22, 10, 89, 84] : 75.89802169799805
23: [59, 52, 47, 96, 76] : 71.39426732063293
44: [99, 80, 44, 4, 55] : 95.6036286354065
1: [1, 91, 45, 73, 26] : 72.661780834198
27: [97, 3, 88, 34, 96] : 96.87948703765869
57: [0, 32, 57, 1, 67] : 54.19357180595398
14: [14, 7, 18, 62, 99] : 68.86343955993652
24: [24, 7, 45, 99, 50] : 99.41684055328369
12: [60, 23, 27, 69, 87] : 68.15212988853455
5: [5, 93] : 41.43107223510742
2: [2, 11] : 47.78908562660217
83: [83, 53, 57] : 28.05062198638916
48: [48] : 34.4250373840332
27: [4, 50, 80, 30, 66] : 111.47081208229065
43: [43, 65, 27, 29] : 50.36164617538452
41: [41, 89, 48] : 29.987159967422485
56: [52, 96, 47, 59, 70] : 81.01188039779663
72: [72, 97, 30, 55, 43] : 76.58629083633423
94: [94, 17, 76, 20, 5] : 42.758108377456665
97: [97, 34, 72, 74, 29] : 65.10221219062805
43: [43, 88, 42, 4, 63] : 82.25688648223877
77: [53, 57, 77, 4, 80] : 120.4624993801117
93: [93, 29] : 27.438879251480103
79: [79, 44, 63, 50, 80] : 98.76694416999817
84: [84, 60, 52, 59, 96] : 70.10010266304016
35: [35, 11, 98, 2, 5] : 64.35911703109741
81: [81, 13, 90, 69, 37] : 68.20302486419678
86: [85, 89, 5, 25, 10] : 59.25969481468201
11: [11, 46, 98, 35] : 42.07179379463196
75: [80, 4, 64, 55, 66] : 128.6473686695099
64: [38, 80, 64, 97, 3] : 87.9189624786377
8: [8, 48] : 44.620333433151245
49: [49, 95, 97, 30, 72] : 82.8370270729065
16: [9, 44, 99, 27, 16] : 93.69482445716858
59: [63, 4, 80, 66, 64] : 107.80676913261414
45: [99, 78, 45, 52, 96] : 70.80016565322876
24: [24, 7, 99, 18, 6] : 66.9402871131897
34: [97, 38, 34, 42, 43] : 96.86978077888489
80: [80, 44, 1, 14, 6] : 144.68825817108154
8: [8, 48, 35, 46, 98] : 69.50057744979858
68: [68, 60, 13, 48, 8] : 63.064441442489624
3: [3, 97, 42, 21, 34] : 70.08924102783203
92: [70, 62, 92, 82] : 36.97356057167053
57: [4, 72, 80, 55, 50] : 120.97553753852844
82: [82, 62, 87, 70, 84] : 68.19864177703857
92: [92, 70, 60, 51] : 43.35131239891052
24: [6, 24, 7, 26, 45] : 120.41903948783875
32: [1, 32, 91, 67] : 52.88432502746582
76: [17, 76] : 41.442505836486816
32: [9, 2, 28, 86, 16] : 68.8474371433258
46: [46, 11, 98, 35, 86] : 52.31969881057739
26: [45, 26, 99, 79, 29] : 59.963252782821655
62: [62, 70, 82, 92, 14] : 70.77627468109131
23: [23, 76, 60, 49] : 45.27132606506348
63: [4, 80, 63, 64, 66] : 89.21513748168945
51: [51, 99, 70, 62, 80] : 104.45371150970459
70: [70, 62, 92, 6, 14] : 73.28227758407593
25: [25, 20, 41, 58, 87] : 78.97990679740906
80: [80, 4, 65, 64, 36] : 71.99823069572449
36: [36, 50, 65, 64, 3] : 77.71224999427795
61: [80, 66, 4, 64, 63] : 127.4088032245636
15: [15, 29, 55, 27, 97] : 64.3790020942688
38: [38, 64, 80, 4, 50] : 78.38801407814026
1: [1, 91, 32, 45] : 59.26615262031555
34: [34, 97, 88, 42, 55] : 61.8130989074707
67: [95, 30, 72, 50, 4] : 97.48358392715454
86: [86] : 37.018388509750366
64: [36, 65, 50, 74, 97] : 88.63880038261414
24: [24, 7, 14, 63, 4] : 101.99694871902466
82: [82, 6, 62, 70] : 59.283748626708984
5: [5, 20, 84, 25, 94] : 41.439297914505005
76: [76, 39, 86] : 29.978087425231934
13: [13, 58, 60, 69, 68] : 50.99001216888428
61: [72, 80, 97, 55, 4] : 77.09670352935791
50: [43, 97, 4, 50, 66] : 115.91199088096619
70: [11, 35, 7, 46, 98] : 70.69932723045349
98: [35, 98, 11, 46, 37] : 41.4154269695282
20: [20, 84, 25] : 33.156561851501465
97: [97, 38, 88, 42, 43] : 68.81518530845642
60: [60, 41, 50, 63, 4] : 147.77301287651062
14: [14, 18, 99, 79, 78] : 56.708030462265015
27: [27, 4, 63, 55, 80] : 78.32685947418213
87: [87, 25, 20, 5, 86] : 64.34885048866272
60: [60, 49, 17, 23, 71] : 74.5437605381012
44: [44, 29, 27, 30, 78] : 98.20536661148071
8: [8, 48, 41, 89] : 60.61559009552002
95: [71, 27, 78, 29] : 54.19936156272888
82: [82, 62, 53, 60, 99] : 72.66695618629456
51: [4, 80, 55, 63, 64] : 119.8096513748169
8: [80, 50, 63, 72, 55] : 126.15174913406372
41: [41] : 46.543297290802
3: [3, 38, 43, 30, 72] : 77.10584855079651
67: [67, 50, 4, 95, 66] : 122.32293438911438
50: [80, 64, 38, 4, 34] : 100.69016218185425
9: [9, 53, 30, 72, 63] : 136.34685897827148
70: [70, 62, 92, 53, 51] : 74.54201793670654
80: [80, 50, 72, 64, 55] : 95.55179595947266
82: [82, 70, 52, 62, 47] : 54.81553888320923
84: [84, 37] : 37.035314083099365
63: [4, 74, 80, 63, 66] : 103.39572787284851
60: [71, 60, 49, 12, 53] : 67.58363342285156
80: [80, 4, 34, 63, 64] : 80.29950547218323
56: [56, 59, 71, 27, 29] : 64.3461799621582
25: [5, 25, 20, 94, 86] : 52.25530552864075
74: [4, 55, 50, 63, 80] : 96.85507011413574
38: [15, 38, 31, 43, 97] : 61.18307185173035
52: [96, 52, 33, 47, 60] : 99.34650421142578
93: [93] : 38.8757905960083
29: [29, 27, 44, 50, 74] : 115.21071672439575
2: [53, 0, 57, 83] : 38.21171021461487
44: [44, 78, 27, 99, 29] : 148.29914236068726
79: [44, 4, 55, 63, 64] : 114.53056359291077
11: [11, 35, 98, 46, 2] : 59.83573269844055
26: [95, 30, 50, 72, 63] : 116.62171769142151
95: [73, 91, 1, 93, 67] : 63.087886095047
31: [97, 31, 80, 30, 4] : 122.355384349823
88: [88, 34, 4, 55, 63] : 77.07918214797974
2: [2, 11, 35, 7, 18] : 73.25571727752686
37: [37, 17] : 28.68980574607849
68: [68, 60, 59, 52, 96] : 80.88531494140625
66: [66, 88, 97, 4, 85] : 103.14311027526855
95: [50, 66, 80, 63, 64] : 126.07177424430847
91: [91, 1, 32, 67, 69] : 63.71585941314697
40: [86, 40, 99, 69, 12] : 75.82233715057373
18: [18, 44, 80, 4, 50] : 140.8283715248108
19: [19, 29, 65, 27, 74] : 52.90032243728638
77: [77, 6, 50, 80, 63] : 94.89475107192993
18: [56, 59, 70, 54, 53] : 48.437949419021606
25: [20, 25, 5, 84] : 32.50998401641846
30: [30, 95, 29, 27, 44] : 113.37591290473938
38: [38, 97, 43, 3, 34] : 71.35600686073303
77: [4, 55, 50, 80, 63] : 136.9401731491089
71: [71, 49, 60, 12] : 59.270676612854004
1: [91, 32, 1, 67, 53] : 62.40884494781494
28: [10, 28, 84] : 48.446550607681274
32: [67, 32, 93, 10, 26] : 92.38496088981628
4: [4, 55, 72, 95, 30] : 93.00043439865112
76: [76, 17, 37] : 42.70161700248718
90: [90] : 45.25602412223816
14: [14, 18, 99, 77, 53] : 85.3173336982727
25: [20, 25, 94, 66, 4] : 95.5069477558136
70: [70, 53, 57, 77, 99] : 94.25786447525024
17: [17] : 30.607981204986572
95: [55, 72, 4, 50, 95] : 92.36809039115906
75: [63, 4, 55, 80, 64] : 92.36283874511719
6: [50, 97, 43, 65, 88] : 98.10574579238892
86: [86] : 18.52286958694458
94: [76, 37, 17, 12] : 32.51729702949524
28: [28, 10, 40, 16, 86] : 46.52049517631531
73: [73, 91, 32, 67, 29] : 57.34056234359741
36: [4, 50, 63, 64, 36] : 80.9401261806488
18: [99, 57, 78, 92, 27] : 58.6501100063324
10: [28, 10, 9] : 37.62280058860779
34: [34, 97, 38, 3, 42] : 59.91945695877075
1: [1, 32, 91] : 38.898192167282104
64: [64, 4, 50, 80, 66] : 81.57037353515625
28: [10, 28, 61, 84] : 44.59736776351929
82: [82, 62, 70] : 56.717546463012695
96: [96, 52, 59, 47, 7] : 98.73823666572571
59: [56, 59, 52, 47, 96] : 68.80387997627258
67: [17, 76, 29, 60, 97] : 101.30493593215942
15: [15, 19, 3, 43, 67] : 79.02630400657654
27: [27, 29, 44, 93, 78] : 118.52750730514526
99: [78, 99, 55, 4, 64] : 102.02131271362305
72: [72, 30, 3, 31, 95] : 81.67067384719849
6: [6, 88, 42, 97, 43] : 84.15344023704529
62: [62, 18, 6, 7, 14] : 68.87382483482361
37: [37, 17, 76, 22, 86] : 50.37650728225708
31: [31, 38, 29, 27, 65] : 58.65921068191528
45: [45, 1, 26, 32, 91] : 65.65948343276978
58: [58, 89, 41, 85, 57] : 65.0218300819397
97: [97, 34, 38, 80, 64] : 73.92326045036316
25: [20, 25, 5] : 26.789138793945312
25: [25, 5, 20] : 26.78026032447815
69: [17, 69] : 49.094403982162476
21: [21, 38, 15, 6, 31] : 82.81108331680298
19: [19, 97, 72, 30, 95] : 59.249926805496216
20: [20, 25, 5, 84] : 32.51517200469971
27: [38, 97, 15, 42, 56] : 82.18297457695007
45: [70, 67, 7, 18, 24] : 107.02258515357971
65: [66, 64, 72, 21, 63] : 90.4479067325592
64: [50, 64, 4, 36, 80] : 77.08030414581299
12: [60, 12, 17, 69, 76] : 59.92174553871155
50: [25, 5, 20, 94, 84] : 59.34217143058777
61: [78, 92, 62, 51, 14] : 74.6211450099945
25: [25, 20, 5] : 26.809633493423462
0: [0, 57] : 20.436652660369873
71: [12, 71, 56, 96, 59] : 63.065114974975586
13: [13, 81, 90, 58] : 35.684258699417114
3: [63, 4, 80, 64, 50] : 70.06432914733887
80: [80, 65, 38, 74, 34] : 70.68654155731201
2: [2] : 30.59906506538391
2: [2] : 35.692548751831055
91: [91, 32, 1, 67] : 52.87639355659485
18: [63, 64, 4, 50, 55] : 114.64070558547974
20: [20, 84, 5, 25, 39] : 41.42432117462158
6: [6, 7, 18, 99, 79] : 82.19926238059998
38: [4, 63, 80, 74, 64] : 119.74678945541382
59: [59, 52, 47, 96, 70] : 73.87777996063232
46: [85, 46, 69, 48, 17] : 106.96421098709106
2: [5] : 15.319814920425415
64: [64, 50, 3, 63, 4] : 78.96914219856262
77: [77, 24, 99, 18, 7] : 94.28863906860352
21: [21, 29, 78, 27, 44] : 64.4462685585022
98: [98, 35, 2, 57, 46] : 44.00852727890015
58: [47, 59, 58, 96, 37] : 70.78673458099365
54: [54, 92] : 44.647727966308594
25: [25, 5, 20] : 26.79554271697998
98: [35, 98, 46, 86, 11] : 54.8314094543457
64: [96, 52, 4, 80, 63] : 149.096577167511
12: [12, 17, 60, 90, 13] : 91.72412109375
20: [20, 25, 5] : 29.95517659187317
2: [2, 26, 45, 57, 0] : 59.237088441848755
65: [50, 65, 93, 67, 78] : 87.24398255348206
4: [4, 99, 95, 72, 80] : 112.71887969970703
23: [23, 60, 76, 49, 17] : 61.768948554992676
72: [72, 55, 4, 63, 65] : 84.045982837677
40: [40, 24, 67, 14, 7] : 101.2015495300293
91: [32, 91, 73, 1] : 49.66926646232605
80: [80, 44, 78, 77, 51] : 138.22949123382568
99: [99, 44, 18, 74, 7] : 96.25853371620178
24: [24, 7, 79, 6, 18] : 79.0419921875
41: [41] : 43.38854432106018
45: [88, 43, 4, 63, 66] : 135.7130799293518
17: [17, 76, 37, 22] : 44.60867643356323
60: [47, 59, 14, 23, 57] : 115.87686133384705
61: [99, 61, 78, 18, 53] : 119.11783647537231
86: [86] : 40.79990911483765
0: [0, 53] : 20.41556715965271
53: [82, 70, 52, 92, 56] : 57.93887901306152
0: [0, 57, 83] : 26.133601665496826
82: [82, 53, 51, 99, 60] : 64.9554169178009
42: [42, 43, 38, 3, 97] : 62.4009108543396
74: [7, 99, 18, 74, 14] : 95.47639751434326
53: [70, 57, 92, 0, 54] : 45.210782051086426
96: [47, 96, 52, 14, 59] : 112.67652750015259
count (test images): 625
Mean per class acc: 61.48%
Mean inference time: 71.61 sec
Top 1 acc: 62.40%
Top 3 acc: 76.80%
Top 5 acc: 79.68%
