49: [49, 72, 95, 15, 88] : 95.87175512313843
92: [92, 14, 18, 57, 70] : 91.51427507400513
41: [41, 6, 67, 18, 43] : 121.75360012054443
75: [97, 99, 59, 42, 88] : 106.1249258518219
7: [7, 99, 6, 77, 14] : 115.89860320091248
71: [71, 60, 49, 33, 53] : 58.24850535392761
50: [4, 74, 63, 50, 64] : 110.10338282585144
27: [27, 38, 42, 55, 95] : 106.05719089508057
70: [70, 53, 92, 18, 62] : 85.80682706832886
24: [24, 63, 4, 80, 66] : 119.74731540679932
36: [36, 50, 64, 80, 65] : 121.71471118927002
32: [57, 72, 93, 95, 29] : 120.97219586372375
45: [45, 26, 99, 29, 78] : 120.43165135383606
80: [80, 4, 75, 64, 55] : 110.17716646194458
12: [12, 76, 68, 17, 86] : 71.0939507484436
23: [23, 76, 49, 60, 56] : 62.72773575782776
58: [97, 88, 34, 42, 43] : 111.97220039367676
96: [96, 52, 59, 47, 60] : 58.22633099555969
42: [42, 43, 4, 88, 63] : 110.09811186790466
86: [78, 99, 83, 50, 63] : 121.04964709281921
37: [17, 66, 80, 63, 50] : 115.54226303100586
45: [45, 29, 4, 26, 74] : 113.60569620132446
37: [37, 17, 47, 52, 81] : 67.62785911560059
90: [60, 18, 7, 3, 42] : 109.75429916381836
69: [69, 17, 85, 76, 59] : 73.6957015991211
40: [38, 43, 42, 88, 24] : 105.87666153907776
27: [80, 29, 50, 64, 4] : 116.11694669723511
18: [99, 24, 67, 50, 80] : 116.06557393074036
55: [29, 4, 75, 66, 80] : 116.02123999595642
54: [70, 92, 62, 54, 83] : 68.56495237350464
37: [37, 17, 40, 22, 23] : 58.87469959259033
36: [65, 38, 4, 77, 75] : 113.74872255325317
35: [35, 11, 73, 67, 91] : 97.06815814971924
37: [37, 17, 52, 76, 69] : 60.61837410926819
27: [97, 27, 72, 59, 23] : 109.45492386817932
73: [73, 30, 4, 80, 50] : 103.05604553222656
65: [65, 80, 50, 4, 36] : 103.7402856349945
91: [91, 1, 73, 32, 67] : 118.45698976516724
64: [64, 80, 50, 97, 63] : 115.26860404014587
17: [17, 60, 37, 52, 82] : 62.38328814506531
41: [69, 49, 6, 19, 53] : 104.37063074111938
19: [19, 43, 63, 75, 50] : 114.52838706970215
83: [83, 0, 57, 53, 9] : 86.58922934532166
37: [37, 47, 5, 23, 14] : 81.52459764480591
65: [38, 80, 64, 75, 4] : 103.78631520271301
97: [97, 64, 50, 75, 66] : 115.23609137535095
95: [95, 30, 72, 71, 69] : 104.37845873832703
48: [48, 41, 89, 8, 58] : 92.29011964797974
54: [14, 6, 54, 18, 7] : 85.36590790748596
86: [86, 94, 9, 39, 81] : 73.90353059768677
86: [86, 87, 39, 5, 25] : 96.85569357872009
6: [6, 82, 47, 63, 75] : 113.4061644077301
85: [85, 4, 80, 63, 75] : 124.14147162437439
53: [53, 57, 0, 99, 51] : 75.74501442909241
9: [9, 10, 84, 16, 28] : 79.63046002388
20: [20, 25, 84, 5, 60] : 77.73991060256958
99: [99, 78, 18, 44, 32] : 81.55993509292603
8: [8, 48, 4, 80, 50] : 114.61200618743896
14: [14, 7, 18, 79, 24] : 115.20607376098633
23: [33, 59, 60, 49, 62] : 57.905747175216675
74: [80, 50, 65, 4, 64] : 113.28014755249023
82: [82, 14, 54, 80, 50] : 115.30595874786377
15: [15, 29, 27, 3, 31] : 115.30416011810303
30: [30, 95, 72, 55, 34] : 98.66939878463745
71: [76, 12, 17, 68, 87] : 64.26860570907593
28: [28, 10, 57, 16, 40] : 64.26591110229492
81: [81, 90, 37, 47, 13] : 73.18656253814697
26: [70, 6, 82, 62, 80] : 113.38790440559387
96: [60, 52, 96, 47, 0] : 79.65144681930542
76: [76, 7, 6, 14, 31] : 105.7660813331604
21: [21, 63, 4, 75, 50] : 115.21427774429321
0: [0, 57, 53, 18, 7] : 79.5499792098999
2: [2, 11, 35, 65, 75] : 105.67489719390869
46: [46, 98, 11, 67, 14] : 102.55169701576233
15: [15, 29, 80, 4, 63] : 108.984055519104
43: [43, 4, 3, 88, 63] : 115.38103580474854
19: [97, 19, 50, 4, 66] : 114.0369656085968
88: [88, 43, 42, 4, 80] : 120.99865913391113
88: [97, 80, 75, 63, 64] : 113.3109302520752
39: [39, 32, 91, 7, 18] : 87.24600338935852
28: [28, 16, 84, 61, 9] : 81.51337885856628
17: [17, 49, 60, 51, 33] : 81.51617741584778
4: [4, 80, 64, 63, 55] : 113.32181692123413
42: [75, 4, 74, 55, 99] : 119.6491129398346
53: [53, 57, 0, 99, 83] : 87.18051505088806
47: [47, 52, 96, 59, 23] : 57.893826961517334
43: [43, 4, 3, 38, 15] : 118.42409324645996
81: [37, 17, 86, 12, 87] : 73.85416030883789
8: [8, 41, 89, 33, 96] : 105.00734400749207
47: [60, 80, 50, 66, 75] : 114.57371640205383
19: [19, 15, 38, 3, 4] : 109.51805186271667
62: [62, 70, 75, 50, 63] : 113.35516357421875
70: [70, 62, 92, 18, 14] : 79.57808327674866
87: [87, 20, 86, 22, 94] : 85.91695141792297
92: [14, 1, 6, 18, 32] : 110.05736017227173
55: [80, 4, 63, 64, 55] : 113.33640956878662
62: [62, 47, 82, 92, 70] : 62.39788866043091
17: [17, 60, 85, 69, 37] : 114.58270812034607
58: [58, 69, 85, 13, 89] : 86.5112419128418
64: [80, 64, 50, 74, 36] : 115.132483959198
60: [60, 49, 19, 97, 38] : 94.7728865146637
13: [13, 81, 89, 58, 60] : 73.21189975738525
65: [65, 50, 36, 64, 63] : 105.06594824790955
24: [24, 7, 74, 6, 18] : 115.2559928894043
12: [76, 17, 12, 96, 52] : 73.20143413543701
10: [10, 28, 53, 84, 61] : 64.25668835639954
10: [10, 61, 28, 22, 20] : 96.73029780387878
83: [99, 53, 63, 29, 4] : 120.2886950969696
27: [99, 44, 50, 75, 64] : 115.22937893867493
73: [73, 91, 1, 30, 67] : 104.36842441558838
51: [4, 63, 93, 75, 50] : 118.96936202049255
17: [17, 7, 72, 15, 6] : 110.02386522293091
20: [25, 20, 5, 87, 75] : 115.74050450325012
86: [85, 87, 17, 39, 90] : 70.00140619277954
70: [70, 62, 92, 54, 96] : 62.37996482849121
49: [49, 60, 76, 59, 53] : 62.37662959098816
56: [56, 59, 52, 96, 47] : 62.374956369400024
43: [43, 42, 88, 3, 4] : 120.900719165802
28: [28, 40, 16, 10, 84] : 64.23371434211731
17: [17, 6, 14, 53, 37] : 81.41400337219238
74: [4, 75, 74, 64, 63] : 115.2061538696289
46: [11, 38, 19, 3, 15] : 104.49592065811157
63: [97, 4, 66, 63, 80] : 115.3411693572998
41: [41, 99, 67, 18, 7] : 117.91848301887512
78: [78, 31, 80, 4, 63] : 119.16088223457336
92: [92, 70, 83, 82, 53] : 68.82413029670715
36: [36, 50, 65, 64, 80] : 109.66824722290039
59: [52, 59, 96, 47, 56] : 58.032455921173096
4: [4, 80, 63, 43, 50] : 113.49722290039062
97: [97, 80, 4, 75, 64] : 109.60381841659546
29: [29, 27, 50, 63, 80] : 113.38011336326599
87: [86, 87, 40, 22, 9] : 81.54090070724487
63: [63, 80, 82, 75, 4] : 103.29406690597534
27: [80, 4, 66, 97, 63] : 113.53712248802185
89: [89, 41, 85, 7, 18] : 105.86771011352539
43: [43, 97, 38, 42, 3] : 120.48200154304504
10: [10, 28, 61, 9, 20] : 64.37223148345947
54: [14, 18, 24, 91, 7] : 106.49444341659546
73: [14, 44, 99, 75, 50] : 119.3220329284668
19: [97, 34, 19, 75, 63] : 115.4832272529602
41: [4, 75, 45, 78, 63] : 113.51515913009644
27: [44, 27, 67, 32, 80] : 113.49929428100586
14: [14, 50, 80, 63, 66] : 119.23751091957092
96: [96, 52, 47, 17, 59] : 71.46318578720093
76: [15, 88, 31, 38, 97] : 98.91738772392273
12: [17, 12, 60, 71, 76] : 80.38489031791687
34: [34, 97, 38, 75, 80] : 120.5329978466034
50: [74, 4, 50, 32, 65] : 115.42097234725952
25: [25, 20, 5, 87, 84] : 91.15020966529846
51: [80, 4, 63, 74, 50] : 119.97532939910889
70: [70, 62, 92, 96, 54] : 58.7120795249939
50: [50, 4, 74, 64, 63] : 113.60977506637573
94: [94, 5, 84, 22, 40] : 68.91604495048523
30: [30, 73, 1, 95, 91] : 100.76565337181091
3: [3, 4, 63, 75, 21] : 119.26363921165466
55: [4, 55, 65, 29, 3] : 115.50879240036011
81: [13, 81, 89, 47, 96] : 86.18764472007751
0: [57, 0, 53, 18, 6] : 86.17708659172058
64: [63, 64, 75, 66, 3] : 113.5424861907959
34: [63, 34, 4, 80, 64] : 119.24936819076538
92: [62, 70, 51, 92, 53] : 62.4898738861084
20: [25, 20, 5, 84, 94] : 68.85163235664368
73: [73, 30, 95, 67, 45] : 94.9940984249115
11: [11, 35, 2, 85, 3] : 110.29316306114197
89: [42, 88, 15, 97, 43] : 100.06878232955933
50: [50, 65, 80, 31, 27] : 119.83870506286621
10: [29, 1, 77, 73, 53] : 75.84958386421204
52: [52, 59, 96, 47, 60] : 58.63690447807312
91: [91, 1, 32, 67, 4] : 115.32080507278442
63: [65, 38, 4, 63, 80] : 103.19872617721558
4: [4, 55, 27, 32, 72] : 115.2859799861908
78: [78, 99, 18, 83, 57] : 119.80445218086243
53: [53, 96, 61, 60, 52] : 68.16063094139099
38: [80, 38, 64, 4, 66] : 113.46799182891846
6: [6, 14, 63, 50, 80] : 115.35162210464478
47: [96, 52, 47, 14, 6] : 85.42558407783508
84: [24, 1, 7, 14, 6] : 91.80236673355103
13: [13, 60, 90, 89, 49] : 67.5812668800354
5: [20, 5, 84, 25, 12] : 88.59093618392944
21: [21, 64, 63, 66, 80] : 131.24501848220825
70: [70, 6, 18, 62, 60] : 79.61410617828369
70: [70, 92, 62, 18, 6] : 85.9918475151062
27: [27, 4, 80, 64, 75] : 113.41281938552856
5: [84, 20, 94, 87, 12] : 119.81816124916077
5: [5, 37, 94, 20, 25] : 87.2992525100708
0: [57, 0, 53, 83, 50] : 115.24589657783508
73: [50, 27, 75, 66, 63] : 109.4842426776886
89: [89, 85, 41, 75, 4] : 120.3076868057251
7: [7, 53, 83, 18, 99] : 87.26489472389221
78: [78, 44, 4, 64, 63] : 119.74359774589539
25: [25, 20, 5, 39, 84] : 70.02344417572021
53: [53, 10, 91, 87, 18] : 91.63165307044983
25: [25, 5, 20, 84, 37] : 92.27537131309509
23: [23, 49, 33, 71, 60] : 71.27322125434875
42: [42, 88, 43, 4, 80] : 124.16177105903625
59: [59, 47, 96, 56, 57] : 57.965763092041016
34: [34, 97, 64, 38, 4] : 115.25262570381165
71: [71, 30, 95, 60, 72] : 104.37662935256958
88: [88, 42, 43, 65, 34] : 115.19817519187927
62: [54, 14, 6, 7, 18] : 87.19230580329895
42: [97, 80, 38, 34, 64] : 119.74692702293396
9: [9, 86, 20, 94, 61] : 70.07380056381226
9: [9, 10, 28, 40, 16] : 73.86558175086975
65: [65, 4, 80, 50, 75] : 115.23128318786621
50: [4, 80, 50, 65, 64] : 113.31047916412354
87: [87, 86, 39, 17, 69] : 85.95523023605347
12: [12, 71, 60, 68, 96] : 62.415250301361084
99: [99, 78, 75, 4, 80] : 114.06970286369324
88: [88, 43, 80, 34, 38] : 107.67359566688538
57: [10, 57, 53, 61, 0] : 68.14005637168884
43: [43, 4, 80, 63, 64] : 114.0343906879425
48: [48, 7, 69, 78, 50] : 125.00523614883423
49: [49, 60, 23, 76, 71] : 67.66545391082764
73: [73, 30, 95, 67, 32] : 104.07837748527527
49: [49, 60, 33, 52, 96] : 58.099382162094116
56: [56, 71, 59, 49, 17] : 68.29825973510742
21: [21, 27, 78, 29, 44] : 120.61049294471741
46: [46, 11, 98, 35, 86] : 79.74447202682495
73: [73, 91, 30, 32, 95] : 96.97611904144287
77: [4, 57, 80, 63, 64] : 119.42785668373108
85: [85, 41, 89, 27, 69] : 120.58506751060486
32: [80, 63, 4, 6, 64] : 115.42194199562073
27: [27, 44, 78, 67, 91] : 114.11308479309082
20: [20, 25, 84, 5, 37] : 93.08849668502808
38: [38, 80, 65, 72, 97] : 109.73405718803406
96: [60, 33, 52, 14, 7] : 79.7627809047699
77: [77, 79, 24, 7, 80] : 115.3317801952362
54: [54, 14, 18, 70, 62] : 85.31777811050415
29: [4, 29, 64, 66, 93] : 120.31989121437073
65: [50, 65, 75, 4, 36] : 109.51721405982971
84: [18, 32, 7, 67, 14] : 91.77458834648132
85: [88, 80, 50, 64, 75] : 115.34278106689453
0: [0, 57, 53, 28, 83] : 68.7785542011261
10: [10, 28, 53, 84, 57] : 68.13883829116821
28: [40, 20, 28, 25, 84] : 66.53430724143982
34: [80, 4, 50, 63, 34] : 115.22078371047974
70: [70, 14, 7, 18, 6] : 85.36869549751282
90: [90, 85, 69, 60, 27] : 105.76431465148926
59: [59, 52, 47, 96, 60] : 62.44072914123535
50: [50, 64, 36, 65, 74] : 119.85445857048035
89: [41, 89, 19, 31, 15] : 105.84770965576172
87: [86, 87, 94, 61, 22] : 96.9457106590271
39: [39, 25, 86, 5, 87] : 79.78975105285645
9: [9, 25, 16, 5, 84] : 92.56393146514893
77: [4, 1, 80, 63, 50] : 113.65252304077148
37: [37, 17, 96, 14, 18] : 85.5637321472168
45: [44, 4, 80, 50, 63] : 119.34991240501404
10: [70, 92, 61, 10, 91] : 81.68665361404419
51: [51, 4, 80, 63, 99] : 107.80330157279968
40: [40, 56, 52, 7, 24] : 81.62310934066772
71: [71, 30, 72, 95, 73] : 104.54534888267517
30: [30, 95, 75, 66, 64] : 115.40929460525513
37: [37, 17, 53, 47, 56] : 62.49557685852051
69: [69, 76, 17, 94, 20] : 65.08763217926025
75: [75, 97, 34, 31, 38] : 113.5693781375885
87: [87, 71, 49, 17, 60] : 67.63297390937805
30: [30, 91, 95, 74, 80] : 113.54413318634033
92: [92, 70, 14, 18, 51] : 85.47360301017761
48: [48, 41, 86, 20, 73] : 91.2173285484314
0: [0, 53, 57, 83, 84] : 68.8427791595459
49: [49, 15, 95, 38, 97] : 94.38062191009521
46: [46, 11, 98, 35, 86] : 69.54607129096985
49: [60, 63, 4, 66, 80] : 103.34037661552429
94: [94, 87, 86, 20, 29] : 116.1414544582367
47: [47, 52, 96, 59, 33] : 58.09685230255127
72: [30, 75, 80, 64, 4] : 125.13742208480835
37: [37, 47, 17, 52, 14] : 109.74126958847046
41: [41, 86, 89, 85, 87] : 74.00963997840881
29: [4, 65, 63, 74, 50] : 119.92291617393494
50: [4, 50, 64, 29, 63] : 113.55312824249268
42: [80, 38, 4, 97, 64] : 113.61498212814331
92: [92, 70, 0, 18, 6] : 91.25903582572937
43: [4, 27, 32, 44, 93] : 113.56749725341797
83: [83, 61, 0, 10, 53] : 68.23030209541321
25: [20, 25, 84, 5, 17] : 85.42099952697754
7: [7, 6, 24, 79, 99] : 115.4352958202362
69: [69, 60, 49, 76, 12] : 62.529890298843384
43: [43, 42, 4, 63, 3] : 125.07127165794373
86: [86, 87, 40, 9, 28] : 68.89771866798401
13: [17, 37, 96, 52, 47] : 70.13405656814575
5: [5, 20, 86, 7, 24] : 86.06915879249573
43: [43, 42, 3, 38, 4] : 124.97651433944702
21: [21, 4, 64, 63, 75] : 121.23345637321472
40: [40, 64, 63, 4, 66] : 109.74451494216919
11: [11, 46, 35, 98, 2] : 130.74458861351013
2: [2, 11, 35, 9, 28] : 81.58964848518372
74: [4, 80, 64, 74, 66] : 113.48065114021301
30: [30, 95, 73, 32, 72] : 95.07983374595642
33: [33, 49, 60, 52, 47] : 109.12503361701965
92: [70, 92, 62, 14, 54] : 113.56235599517822
0: [0, 57, 53, 10, 25] : 72.69151663780212
22: [76, 17, 56, 12, 59] : 58.67079734802246
45: [78, 50, 4, 64, 80] : 119.26031017303467
70: [62, 70, 92, 14, 18] : 79.7549638748169
22: [22, 7, 40, 17, 6] : 93.16763639450073
74: [4, 50, 63, 80, 65] : 119.32067704200745
15: [15, 43, 38, 31, 3] : 116.11229276657104
43: [97, 43, 3, 15, 31] : 109.71143245697021
47: [96, 52, 47, 60, 59] : 58.046114444732666
72: [72, 55, 71, 32, 30] : 94.42019724845886
39: [39, 86, 16, 9, 0] : 68.94000029563904
69: [69, 60, 73, 49, 67] : 79.79419112205505
54: [54, 14, 18, 62, 92] : 81.69490694999695
9: [9, 40, 57, 16, 0] : 68.89812541007996
85: [27, 67, 73, 29, 17] : 82.25255632400513
25: [20, 25, 5, 84, 17] : 73.9619255065918
53: [53, 57, 0, 83, 70] : 80.9662413597107
2: [2, 11, 35, 90, 13] : 82.9247772693634
40: [40, 20, 53, 84, 57] : 58.70634078979492
75: [75, 66, 72, 65, 43] : 116.1639518737793
48: [48, 8, 60, 69, 23] : 69.53932571411133
31: [4, 80, 63, 29, 64] : 113.52049660682678
42: [42, 88, 43, 4, 34] : 116.0350661277771
58: [58, 67, 7, 91, 18] : 92.50112175941467
29: [29, 4, 3, 93, 80] : 119.32023048400879
78: [78, 80, 97, 50, 88] : 113.60189318656921
78: [78, 99, 80, 4, 64] : 120.60106348991394
4: [4, 63, 80, 50, 43] : 109.69923210144043
1: [1, 32, 91, 67, 14] : 81.66879940032959
49: [95, 30, 73, 97, 72] : 95.09790015220642
21: [21, 31, 3, 97, 38] : 90.62941241264343
68: [60, 49, 97, 95, 30] : 100.82180643081665
91: [1, 91, 32, 50, 63] : 103.96883749961853
44: [44, 99, 27, 29, 18] : 119.9079201221466
13: [13, 81, 58, 90, 89] : 96.99416303634644
64: [74, 80, 4, 64, 50] : 115.54190993309021
48: [48, 89, 7, 58, 85] : 86.79943943023682
71: [71, 60, 12, 17, 49] : 71.43997550010681
76: [76, 17, 69, 12, 29] : 75.90271878242493
71: [71, 60, 12, 67, 73] : 79.71104884147644
49: [49, 60, 17, 76, 59] : 62.48442101478577
6: [6, 7, 77, 63, 4] : 115.47705149650574
67: [27, 88, 78, 42, 47] : 104.01072859764099
42: [42, 4, 64, 63, 80] : 130.78593635559082
59: [56, 52, 33, 96, 47] : 62.483394384384155
44: [99, 50, 4, 64, 75] : 109.67928743362427
36: [36, 50, 4, 74, 80] : 115.4177918434143
28: [28, 10, 57, 70, 92] : 81.6756238937378
97: [97, 88, 38, 43, 63] : 114.2317636013031
44: [78, 44, 27, 4, 50] : 121.16920065879822
9: [9, 16, 57, 6, 7] : 91.82238698005676
24: [24, 7, 4, 6, 99] : 116.02075982093811
42: [42, 43, 80, 4, 63] : 109.67019963264465
67: [50, 66, 75, 97, 4] : 125.06619310379028
72: [4, 55, 63, 72, 50] : 119.40648651123047
70: [70, 18, 14, 92, 54] : 81.72666931152344
2: [2, 11, 35, 57, 86] : 86.16306781768799
57: [57, 53, 77, 14, 6] : 81.68869614601135
58: [58, 37, 68, 29, 52] : 97.02281498908997
70: [70, 0, 62, 53, 92] : 62.55807900428772
69: [85, 89, 29, 69, 7] : 96.4015474319458
54: [54, 14, 6, 18, 7] : 85.5111939907074
81: [13, 81, 7, 30, 95] : 121.81106877326965
90: [90, 81, 13, 89, 58] : 75.87583303451538
15: [15, 29, 44, 27, 99] : 120.50304579734802
82: [82, 6, 62, 14, 92] : 79.76261639595032
89: [89, 85, 17, 41, 29] : 86.77274489402771
31: [31, 15, 4, 64, 80] : 116.71608018875122
17: [85, 17, 5, 20, 69] : 75.85937666893005
4: [4, 63, 50, 80, 65] : 115.37149405479431
16: [94, 60, 17, 87, 69] : 68.20635032653809
5: [5, 25, 20, 84, 93] : 91.86658644676208
24: [7, 24, 99, 45, 26] : 125.11442041397095
35: [11, 2, 14, 18, 7] : 87.4376015663147
7: [7, 18, 24, 6, 14] : 97.00302791595459
62: [62, 6, 14, 7, 18] : 85.49745059013367
73: [30, 73, 50, 4, 63] : 115.46967816352844
74: [4, 74, 44, 80, 63] : 119.4091169834137
71: [71, 95, 30, 72, 3] : 98.98243188858032
6: [6, 63, 50, 36, 64] : 121.31441879272461
13: [13, 58, 90, 47, 34] : 105.92318201065063
46: [46, 11, 98, 35, 86] : 74.03250789642334
23: [71, 23, 60, 76, 49] : 71.44914698600769
91: [1, 91, 32, 73, 67] : 115.56486225128174
72: [80, 4, 77, 50, 64] : 119.43133926391602
31: [31, 15, 43, 3, 29] : 96.39371275901794
72: [4, 80, 75, 72, 63] : 104.04930543899536
47: [47, 96, 52, 33, 62] : 62.55409002304077
96: [52, 59, 96, 47, 63] : 107.9231104850769
14: [14, 99, 67, 18, 50] : 120.13848996162415
34: [43, 88, 50, 80, 64] : 115.63626217842102
50: [50, 64, 4, 80, 74] : 119.40988802909851
39: [39, 86, 76, 94, 40] : 75.9571168422699
59: [80, 97, 75, 63, 66] : 109.76366138458252
48: [48, 86, 69, 99, 29] : 97.09571504592896
97: [97, 34, 64, 66, 88] : 115.63580751419067
13: [13, 81, 58, 69, 23] : 67.7113904953003
50: [4, 80, 74, 64, 50] : 119.43825697898865
49: [49, 60, 63, 4, 64] : 98.90826320648193
61: [61, 22, 10, 84, 87] : 120.04928874969482
23: [59, 94, 76, 20, 11] : 64.52047824859619
44: [80, 4, 88, 64, 63] : 120.13023161888123
1: [1, 91, 30, 73, 45] : 104.76613354682922
27: [60, 4, 80, 66, 50] : 109.82890391349792
57: [57, 62, 70, 32, 1] : 75.984778881073
14: [14, 67, 4, 64, 75] : 113.64564538002014
24: [24, 7, 99, 50, 4] : 120.75571584701538
12: [60, 7, 14, 27, 44] : 79.86102056503296
5: [5, 20, 29, 52, 96] : 85.6190721988678
2: [2, 11, 35, 46, 98] : 69.59558081626892
83: [83, 53, 18, 99, 7] : 91.30141305923462
48: [48, 8, 41, 11, 69] : 114.87863445281982
27: [27, 50, 4, 80, 66] : 104.08699560165405
43: [43, 3, 42, 97, 88] : 104.78431439399719
41: [41, 89, 48, 8, 58] : 86.86383557319641
56: [52, 96, 47, 14, 7] : 79.81523513793945
72: [72, 97, 43, 38, 3] : 96.9930374622345
94: [94, 52, 17, 96, 76] : 81.65286040306091
97: [97, 34, 4, 75, 80] : 109.7512776851654
43: [43, 88, 42, 97, 34] : 109.83125567436218
77: [53, 57, 77, 18, 14] : 85.57482767105103
93: [95, 67, 30, 97, 73] : 107.9035017490387
79: [79, 44, 7, 6, 75] : 104.03927803039551
84: [84, 20, 60, 52, 59] : 64.4493396282196
35: [35, 11, 2, 98, 5] : 119.39971685409546
81: [81, 13, 90, 31, 15] : 124.56426978111267
86: [86, 85, 39, 89, 87] : 86.8609139919281
11: [11, 46, 98, 35, 2] : 93.23161220550537
75: [75, 4, 80, 38, 64] : 113.63185238838196
64: [80, 38, 64, 4, 50] : 113.65663814544678
8: [8, 48, 38, 95, 33] : 105.40216398239136
49: [49, 97, 75, 4, 80] : 104.15146803855896
16: [69, 75, 80, 4, 63] : 115.59298491477966
59: [52, 63, 4, 75, 66] : 112.96422719955444
45: [99, 27, 86, 32, 18] : 102.72670578956604
24: [24, 7, 99, 45, 18] : 91.97044086456299
34: [97, 34, 38, 43, 75] : 109.94964694976807
80: [80, 14, 1, 44, 42] : 115.75044250488281
8: [8, 48, 4, 63, 80] : 114.93300747871399
68: [60, 13, 48, 8, 81] : 115.37644481658936
3: [3, 4, 63, 64, 97] : 118.88995504379272
92: [70, 6, 18, 99, 62] : 90.22161340713501
57: [4, 80, 65, 75, 63] : 113.85058259963989
82: [82, 87, 62, 53, 0] : 64.61508011817932
92: [92, 18, 14, 7, 6] : 91.49066114425659
24: [6, 24, 7, 45, 88] : 115.81148982048035
32: [1, 32, 91, 67, 69] : 110.15275621414185
76: [17, 76, 1, 69, 29] : 110.1558268070221
32: [9, 2, 86, 28, 83] : 64.69304394721985
46: [46, 98, 11, 94, 86] : 78.16003680229187
26: [45, 26, 75, 50, 4] : 120.43834614753723
62: [53, 70, 62, 82, 92] : 64.65889644622803
23: [23, 76, 49, 60, 33] : 58.883261919021606
63: [4, 80, 63, 66, 43] : 110.13128900527954
51: [51, 99, 80, 50, 63] : 113.96382451057434
70: [70, 62, 92, 53, 82] : 62.793556690216064
25: [25, 58, 37, 87, 86] : 93.49790620803833
80: [80, 4, 65, 63, 75] : 110.12387537956238
36: [36, 50, 65, 4, 64] : 115.86780548095703
61: [80, 74, 4, 63, 77] : 119.13138961791992
15: [15, 64, 75, 4, 80] : 112.03749322891235
38: [38, 64, 80, 4, 50] : 120.45013737678528
1: [1, 91, 63, 4, 80] : 114.00797629356384
34: [34, 97, 64, 50, 4] : 129.3330430984497
67: [32, 93, 73, 30, 50] : 104.36103415489197
86: [86, 22, 40, 87, 39] : 74.30184292793274
64: [36, 65, 50, 74, 75] : 104.3405396938324
24: [24, 7, 63, 50, 4] : 115.9343786239624
82: [82, 6, 62, 14, 18] : 109.54063653945923
5: [5, 20, 84, 94, 66] : 126.17011022567749
76: [76, 67, 50, 75, 64] : 124.8659155368805
13: [13, 58, 60, 69, 37] : 91.55884456634521
61: [97, 65, 80, 72, 38] : 120.39418911933899
50: [43, 97, 27, 4, 63] : 108.28575730323792
70: [41, 47, 96, 52, 56] : 95.45050811767578
98: [35, 98, 11, 2, 46] : 81.98627281188965
20: [20, 25, 84, 86, 4] : 121.68817210197449
97: [97, 38, 88, 34, 42] : 116.52039098739624
60: [60, 0, 57, 53, 23] : 103.731773853302
14: [14, 18, 99, 26, 78] : 114.123379945755
27: [27, 4, 80, 63, 50] : 115.89736127853394
87: [87, 25, 20, 5, 40] : 78.12994146347046
60: [60, 49, 17, 73, 67] : 80.01239728927612
44: [44, 27, 80, 50, 64] : 120.32410883903503
8: [8, 48, 41, 89, 35] : 115.25991725921631
95: [95, 30, 72, 80, 75] : 110.19444942474365
82: [82, 62, 14, 6, 63] : 114.02342081069946
51: [4, 44, 80, 50, 63] : 114.0378737449646
8: [80, 75, 60, 50, 4] : 105.62056851387024
41: [41, 89, 60, 50, 75] : 119.03646779060364
3: [3, 43, 38, 97, 88] : 110.13859724998474
67: [67, 23, 2, 50, 4] : 115.93368697166443
50: [80, 64, 4, 38, 34] : 115.92621946334839
9: [9, 53, 22, 16, 63] : 120.43182063102722
70: [70, 62, 92, 53, 57] : 62.73509907722473
80: [80, 50, 64, 74, 75] : 111.97051191329956
82: [82, 52, 70, 96, 47] : 75.50353646278381
84: [84, 20, 37, 5, 40] : 64.60185408592224
63: [74, 44, 55, 27, 77] : 119.62371516227722
60: [71, 60, 49, 23, 69] : 75.48872923851013
80: [80, 4, 34, 63, 50] : 104.38335251808167
56: [56, 30, 95, 71, 73] : 109.60575032234192
25: [5, 25, 20, 94, 37] : 126.31594681739807
74: [4, 50, 63, 64, 38] : 119.14623856544495
38: [15, 38, 43, 31, 97] : 107.0426721572876
52: [96, 52, 49, 33, 60] : 58.37414622306824
93: [93, 4, 50, 75, 66] : 103.95813584327698
29: [29, 50, 63, 4, 64] : 104.5425066947937
2: [53, 0, 18, 7, 6] : 91.67793154716492
44: [50, 44, 4, 66, 75] : 115.96275091171265
79: [44, 18, 7, 74, 78] : 108.26579689979553
11: [11, 35, 98, 46, 2] : 116.62452483177185
26: [23, 75, 34, 31, 50] : 101.83962774276733
95: [95, 30, 73, 91, 93] : 110.1416711807251
31: [97, 31, 38, 3, 96] : 101.15339612960815
88: [88, 34, 42, 3, 97] : 99.23111009597778
2: [2, 11, 35, 7, 18] : 91.55244159698486
37: [37, 17, 52, 47, 56] : 62.75988483428955
68: [3, 19, 34, 31, 88] : 99.87841439247131
66: [66, 88, 4, 80, 63] : 114.55572652816772
95: [31, 97, 43, 23, 65] : 101.72128558158875
91: [91, 1, 32, 67, 99] : 120.96009707450867
40: [86, 40, 99, 18, 14] : 81.90043067932129
18: [44, 18, 29, 27, 38] : 115.77990961074829
19: [19, 31, 3, 75, 15] : 104.31978988647461
77: [77, 6, 50, 4, 80] : 110.0837152004242
18: [14, 80, 63, 64, 66] : 113.92056822776794
25: [20, 25, 5, 84, 41] : 80.00712442398071
30: [95, 30, 27, 75, 50] : 104.3148181438446
38: [38, 43, 64, 4, 66] : 113.96640968322754
77: [99, 4, 77, 50, 80] : 115.90257835388184
71: [71, 73, 12, 60, 91] : 85.81702256202698
1: [91, 1, 67, 14, 53] : 87.74361205101013
28: [10, 28, 84, 61, 16] : 64.69331908226013
32: [51, 67, 32, 23, 63] : 106.23905491828918
4: [4, 55, 72, 95, 30] : 113.90716028213501
76: [76, 95, 75, 24, 50] : 122.24295687675476
90: [90, 7, 60, 18, 33] : 85.17454719543457
14: [14, 34, 99, 53, 82] : 99.23243308067322
25: [20, 25, 94, 5, 84] : 58.88911294937134
70: [70, 53, 57, 77, 99] : 81.93485713005066
17: [17, 96, 4, 47, 52] : 113.91334509849548
95: [75, 66, 64, 80, 44] : 113.91268658638
75: [63, 75, 4, 38, 50] : 115.85888767242432
6: [43, 88, 78, 70, 99] : 104.35594296455383
86: [86, 87, 16, 39, 9] : 74.26317143440247
94: [94, 37, 76, 17, 67] : 92.1647436618805
28: [28, 10, 40, 86, 57] : 64.64647817611694
73: [73, 30, 91, 32, 95] : 106.19957613945007
36: [4, 50, 63, 64, 74] : 115.13603687286377
18: [57, 99, 83, 44, 78] : 108.17322611808777
10: [28, 10, 84, 9, 16] : 74.27747964859009
34: [34, 63, 4, 75, 80] : 104.37038707733154
1: [1, 32, 91, 67, 34] : 100.47063541412354
64: [64, 50, 4, 74, 80] : 113.90791320800781
28: [10, 28, 61, 84, 53] : 79.98176741600037
82: [82, 62, 70, 6, 49] : 92.78917503356934
96: [96, 59, 7, 38, 42] : 104.3600001335144
59: [56, 59, 52, 47, 96] : 58.90705847740173
67: [17, 80, 50, 63, 4] : 110.08187890052795
15: [15, 19, 63, 29, 49] : 115.15744543075562
27: [27, 29, 44, 93, 80] : 108.07006978988647
99: [78, 99, 86, 44, 77] : 119.57717633247375
72: [3, 31, 72, 30, 38] : 99.05932760238647
6: [6, 88, 42, 80, 63] : 113.8495180606842
62: [62, 99, 75, 63, 50] : 108.22687029838562
37: [37, 17, 76, 86, 22] : 58.94266748428345
31: [31, 21, 38, 29, 3] : 99.29246926307678
45: [45, 1, 26, 32, 62] : 86.41768074035645
58: [58, 89, 41, 85, 13] : 87.01698327064514
97: [97, 80, 64, 4, 75] : 113.9004602432251
25: [20, 25, 5, 94, 84] : 87.6533613204956
25: [25, 5, 20, 40, 67] : 88.30520701408386
69: [17, 69, 49, 60, 76] : 58.85598087310791
21: [21, 15, 38, 6, 31] : 104.90781593322754
19: [19, 97, 15, 38, 65] : 113.83049893379211
20: [20, 25, 5, 84, 39] : 74.18858027458191
27: [38, 27, 55, 97, 29] : 100.99443459510803
45: [0, 70, 57, 83, 22] : 64.5685966014862
65: [66, 75, 63, 4, 3] : 125.36846423149109
64: [50, 64, 74, 4, 80] : 113.84505653381348
12: [12, 17, 69, 7, 68] : 86.94907808303833
50: [5, 50, 75, 4, 64] : 109.95881247520447
61: [14, 99, 10, 78, 18] : 86.32100820541382
25: [25, 20, 5, 94, 75] : 109.95918011665344
0: [0, 57, 53, 83, 52] : 74.22587871551514
71: [12, 71, 60, 49, 17] : 69.70334458351135
13: [13, 81, 90, 68, 58] : 69.72490310668945
3: [3, 75, 63, 4, 65] : 108.1244649887085
80: [80, 4, 65, 64, 63] : 109.97313618659973
2: [2, 4, 11, 31, 15] : 109.95953321456909
2: [2, 11, 35, 57, 0] : 64.55438995361328
91: [91, 32, 1, 14, 7] : 81.85638093948364
18: [63, 64, 4, 44, 80] : 119.63172173500061
20: [20, 84, 25, 5, 39] : 68.4139153957367
6: [6, 7, 18, 24, 50] : 109.9933397769928
38: [4, 63, 80, 74, 50] : 99.72761797904968
59: [59, 52, 47, 96, 56] : 68.3665144443512
46: [13, 60, 85, 46, 86] : 73.50368213653564
2: [5, 25, 20, 84, 94] : 81.80704045295715
64: [64, 75, 97, 50, 80] : 129.1952133178711
77: [77, 4, 99, 80, 64] : 115.78677582740784
21: [21, 80, 4, 63, 64] : 115.76936292648315
98: [98, 35, 57, 46, 0] : 69.67770266532898
58: [58, 47, 59, 7, 60] : 90.7398841381073
54: [54, 92, 14, 70, 6] : 85.68327403068542
25: [25, 5, 20, 84, 37] : 81.80704069137573
98: [35, 98, 46, 11, 2] : 116.41820621490479
64: [96, 52, 47, 59, 44] : 119.63445687294006
12: [12, 17, 60, 90, 13] : 86.9824013710022
20: [20, 25, 5, 94, 84] : 79.98054766654968
2: [2, 24, 1, 14, 32] : 81.97945284843445
65: [50, 93, 64, 66, 63] : 115.88055610656738
4: [4, 99, 80, 75, 64] : 120.9333233833313
23: [23, 60, 76, 49, 56] : 62.65494346618652
72: [72, 4, 75, 63, 80] : 116.3665919303894
40: [24, 67, 14, 18, 1] : 92.10746836662292
91: [32, 91, 73, 1, 67] : 110.0567078590393
80: [80, 47, 63, 66, 75] : 113.878493309021
99: [99, 50, 63, 4, 80] : 113.80607223510742
24: [24, 7, 18, 79, 6] : 87.58170580863953
41: [41, 50, 63, 80, 4] : 111.24599599838257
45: [88, 4, 63, 50, 66] : 113.85796236991882
17: [17, 37, 67, 7, 14] : 85.71720242500305
60: [14, 6, 47, 42, 97] : 99.0742781162262
61: [61, 99, 18, 53, 4] : 120.15239429473877
86: [86, 39, 87, 85, 17] : 76.0352828502655
0: [0, 53, 57, 83, 10] : 69.6163284778595
53: [53, 57, 82, 83, 7] : 85.67896151542664
0: [0, 57, 83, 53, 10] : 79.92737007141113
82: [82, 6, 18, 62, 53] : 76.0981957912445
42: [42, 27, 43, 29, 88] : 109.90292501449585
74: [7, 99, 74, 86, 28] : 114.30622339248657
53: [70, 57, 92, 7, 10] : 86.21214389801025
96: [52, 96, 47, 80, 64] : 113.7553596496582
count (test images): 625
Mean per class acc: 63.25%
Mean inference time: 98.12 sec
Top 1 acc: 64.80%
Top 3 acc: 78.72%
Top 2 acc: 75.68%
Top 5 acc: 81.12%
