49: [72, 95, 15, 88, 3] : 107.05716133117676
92: [92, 83, 70, 14, 67] : 89.77620315551758
41: [41, 6, 43, 34, 38] : 122.50203204154968
75: [97, 88, 42, 63, 56] : 105.8185362815857
7: [7, 6, 32, 14, 4] : 113.46816611289978
71: [71, 60, 49, 33, 59] : 59.87987947463989
50: [4, 50, 63, 6, 64] : 115.05421590805054
27: [27, 4, 38, 15, 42] : 109.31097674369812
70: [70, 53, 62, 92, 18] : 81.80253577232361
24: [24, 6, 7, 32, 67] : 115.3734347820282
36: [36, 50, 80, 64, 75] : 124.34476804733276
32: [32, 67, 7, 24, 1] : 87.79862356185913
45: [97, 88, 34, 99, 45] : 113.43966555595398
80: [80, 4, 34, 75, 74] : 113.47741985321045
12: [12, 76, 68, 17, 20] : 66.90521693229675
23: [23, 76, 49, 60, 69] : 62.662543296813965
58: [97, 88, 42, 34, 7] : 121.04453706741333
96: [96, 52, 59, 47, 60] : 58.30753493309021
42: [42, 43, 88, 3, 4] : 119.18386268615723
86: [1, 83, 7, 24, 18] : 85.88164162635803
37: [17, 15, 38, 97, 42] : 118.58750486373901
45: [4, 34, 80, 38, 67] : 125.61809968948364
37: [37, 17, 47, 96, 52] : 90.98571729660034
90: [60, 7, 90, 33, 49] : 115.95764780044556
69: [69, 17, 85, 59, 47] : 69.82810401916504
40: [38, 15, 42, 43, 34] : 117.23467969894409
27: [80, 91, 31, 73, 95] : 110.85398054122925
18: [24, 99, 7, 53, 20] : 88.45495629310608
55: [34, 42, 97, 4, 43] : 121.7875165939331
54: [70, 92, 7, 14, 54] : 80.12232375144958
37: [37, 17, 22, 40, 86] : 58.94997787475586
36: [38, 3, 4, 75, 64] : 113.42782282829285
35: [35, 98, 11, 46, 73] : 80.10944414138794
37: [17, 37, 76, 52, 69] : 65.37381410598755
27: [97, 43, 88, 72, 42] : 108.95301747322083
73: [30, 73, 97, 72, 95] : 110.96722602844238
65: [65, 38, 50, 80, 4] : 110.6939947605133
91: [91, 1, 73, 32, 67] : 111.01909708976746
64: [64, 80, 50, 97, 38] : 111.61179494857788
17: [17, 60, 37, 52, 82] : 62.86302375793457
41: [41, 89, 17, 58, 85] : 69.63403224945068
19: [19, 43, 15, 97, 34] : 113.85536789894104
83: [83, 0, 57, 53, 84] : 69.73483204841614
37: [37, 47, 17, 96, 59] : 58.24485230445862
65: [38, 34, 80, 65, 97] : 108.75586819648743
97: [97, 88, 50, 64, 43] : 118.34676957130432
95: [95, 30, 72, 73, 38] : 110.66646552085876
48: [48, 41, 89, 8, 7] : 102.9956705570221
54: [54, 14, 6, 70, 18] : 85.74661135673523
86: [86, 9, 57, 99, 96] : 86.36458492279053
86: [86, 87, 39, 84, 5] : 77.42627882957458
6: [6, 82, 14, 7, 1] : 85.08823561668396
85: [4, 42, 80, 63, 75] : 114.47465634346008
53: [53, 57, 0, 18, 6] : 75.47049951553345
9: [9, 10, 84, 61, 28] : 125.43214583396912
20: [20, 25, 84, 5, 94] : 74.39932155609131
99: [99, 78, 18, 44, 14] : 85.99135398864746
8: [8, 48, 53, 60, 5] : 73.78891468048096
14: [14, 7, 18, 67, 24] : 115.47619390487671
23: [67, 91, 14, 7, 6] : 87.87417984008789
74: [80, 50, 4, 64, 63] : 113.51127672195435
82: [82, 14, 6, 42, 80] : 114.77415418624878
15: [15, 3, 31, 43, 4] : 116.74653339385986
30: [30, 95, 72, 55, 4] : 109.03757452964783
71: [71, 95, 30, 60, 67] : 110.94970965385437
28: [28, 10, 16, 57, 83] : 62.8721079826355
81: [81, 90, 47, 37, 14] : 95.60260105133057
26: [6, 7, 1, 14, 24] : 113.55490946769714
96: [52, 6, 80, 7, 31] : 109.03183603286743
76: [76, 60, 49, 7, 6] : 80.20872902870178
21: [21, 31, 3, 43, 63] : 119.3398904800415
0: [0, 57, 53, 28, 83] : 74.42235612869263
2: [2, 11, 75, 50, 64] : 109.67161679267883
46: [46, 98, 11, 35, 67] : 97.49065494537354
15: [15, 29, 38, 3, 34] : 115.41711926460266
43: [43, 4, 3, 42, 88] : 113.52885341644287
19: [97, 19, 15, 38, 31] : 116.08453845977783
88: [88, 43, 42, 34, 97] : 122.53717255592346
88: [97, 88, 42, 34, 38] : 116.09764313697815
39: [39, 27, 25, 86, 78] : 77.64827060699463
28: [28, 16, 84, 20, 9] : 82.08389067649841
17: [17, 49, 60, 59, 96] : 58.99820613861084
4: [4, 55, 30, 74, 50] : 113.57954263687134
42: [4, 55, 75, 42, 97] : 116.12941098213196
53: [53, 0, 57, 83, 10] : 64.80415678024292
47: [52, 47, 96, 59, 56] : 58.38561463356018
43: [43, 4, 3, 97, 42] : 124.51007771492004
81: [37, 17, 86, 12, 39] : 69.9243688583374
8: [8, 41, 96, 89, 49] : 82.8008987903595
47: [60, 47, 96, 52, 17] : 82.79459977149963
19: [19, 15, 38, 3, 4] : 109.76783180236816
62: [62, 6, 7, 14, 18] : 112.96202945709229
70: [70, 62, 60, 0, 92] : 75.75002598762512
87: [87, 20, 86, 22, 40] : 82.80158257484436
92: [83, 14, 1, 70, 92] : 92.40000343322754
55: [80, 4, 30, 38, 55] : 113.55539727210999
62: [62, 47, 92, 82, 70] : 62.89537501335144
17: [17, 60, 67, 43, 42] : 115.53756523132324
58: [58, 7, 75, 42, 88] : 122.60388016700745
64: [80, 64, 50, 74, 36] : 115.53197479248047
60: [60, 49, 19, 97, 31] : 105.22121238708496
13: [14, 24, 67, 32, 18] : 85.98967576026917
65: [65, 50, 97, 36, 64] : 105.22896027565002
24: [24, 7, 6, 18, 14] : 112.95955348014832
12: [76, 17, 12, 52, 47] : 59.07301568984985
10: [10, 53, 28, 84, 61] : 64.84251141548157
10: [10, 61, 28, 22, 53] : 78.31205129623413
83: [32, 30, 88, 97, 73] : 118.77371859550476
27: [99, 44, 78, 74, 29] : 116.21494793891907
73: [73, 91, 1, 30, 32] : 118.82199239730835
51: [4, 51, 77, 63, 55] : 109.20500135421753
17: [17, 60, 69, 7, 37] : 114.98915839195251
20: [25, 20, 75, 50, 24] : 111.75545001029968
86: [90, 85, 17, 5, 69] : 72.57055592536926
70: [70, 14, 18, 62, 92] : 84.12200284004211
49: [49, 60, 71, 53, 94] : 114.93373560905457
56: [56, 59, 52, 96, 47] : 62.946882247924805
43: [43, 42, 88, 3, 97] : 120.74893093109131
28: [28, 40, 16, 10, 84] : 69.3730080127716
17: [6, 14, 17, 60, 53] : 86.67874240875244
74: [55, 4, 75, 32, 63] : 115.56552624702454
46: [11, 38, 35, 19, 31] : 114.89564490318298
63: [97, 88, 66, 38, 43] : 115.55680513381958
41: [41, 99, 89, 69, 85] : 116.89277577400208
78: [78, 31, 99, 1, 44] : 108.52209281921387
92: [92, 70, 18, 14, 56] : 82.22102618217468
36: [36, 50, 64, 80, 73] : 117.53542494773865
59: [52, 59, 96, 47, 56] : 62.904826641082764
4: [4, 80, 55, 42, 3] : 116.1661217212677
97: [97, 43, 38, 42, 88] : 109.80744671821594
29: [29, 67, 27, 93, 65] : 115.63539934158325
87: [86, 87, 69, 39, 9] : 109.82586240768433
63: [63, 56, 65, 82, 38] : 103.4075882434845
27: [27, 44, 78, 29, 93] : 115.58377838134766
89: [89, 41, 85, 60, 58] : 70.64578104019165
43: [43, 97, 38, 42, 3] : 125.20468759536743
10: [10, 28, 20, 61, 9] : 64.84087181091309
54: [14, 18, 7, 6, 91] : 85.37161040306091
73: [14, 34, 97, 42, 67] : 115.61117601394653
19: [97, 34, 19, 75, 38] : 113.75502634048462
41: [7, 78, 45, 99, 44] : 113.78773140907288
27: [67, 73, 32, 30, 95] : 109.27559423446655
14: [14, 7, 32, 1, 18] : 119.56013536453247
96: [96, 52, 47, 88, 4] : 109.24469208717346
76: [60, 76, 49, 53, 17] : 62.96677756309509
12: [17, 12, 60, 71, 76] : 81.59755873680115
34: [34, 97, 38, 75, 80] : 117.62843465805054
50: [32, 4, 64, 97, 34] : 113.73478889465332
25: [25, 20, 5, 84, 87] : 120.08586430549622
51: [4, 80, 74, 63, 50] : 122.64874768257141
70: [14, 6, 18, 88, 38] : 115.60858345031738
50: [50, 4, 74, 64, 63] : 115.60726380348206
94: [94, 5, 84, 17, 20] : 65.51374220848083
30: [30, 73, 1, 95, 91] : 113.67602276802063
3: [3, 21, 75, 4, 31] : 109.14230632781982
55: [4, 55, 75, 34, 97] : 115.57954168319702
81: [13, 81, 89, 90, 60] : 87.33096981048584
0: [0, 57, 53, 10, 52] : 66.79732275009155
64: [63, 64, 3, 75, 80] : 113.70409750938416
34: [34, 38, 42, 97, 80] : 119.4841992855072
92: [62, 70, 82, 92, 53] : 62.28740572929382
20: [25, 20, 5, 84, 94] : 88.6001410484314
73: [73, 30, 95, 67, 29] : 109.76768636703491
11: [11, 3, 4, 7, 88] : 120.06698846817017
89: [42, 18, 88, 15, 43] : 110.43741416931152
50: [50, 80, 31, 4, 30] : 113.68062496185303
10: [4, 1, 88, 30, 95] : 108.52966713905334
52: [52, 59, 96, 47, 23] : 59.06838870048523
91: [91, 1, 32, 67, 4] : 116.21322011947632
63: [38, 34, 4, 3, 97] : 113.64800071716309
4: [4, 55, 32, 72, 75] : 124.5497179031372
78: [78, 99, 18, 32, 42] : 125.20977997779846
53: [53, 7, 18, 99, 96] : 80.25259447097778
38: [38, 34, 80, 97, 88] : 109.13358187675476
6: [6, 14, 18, 7, 24] : 113.6255567073822
47: [52, 96, 14, 56, 7] : 86.14664769172668
84: [84, 50, 88, 3, 4] : 115.77985191345215
13: [13, 60, 90, 89, 81] : 68.19816184043884
5: [20, 5, 84, 12, 53] : 110.00986814498901
21: [21, 3, 88, 97, 64] : 122.85178089141846
70: [70, 6, 18, 62, 92] : 80.29943609237671
70: [70, 92, 62, 28, 86] : 73.797598361969
27: [30, 73, 32, 95, 67] : 113.5874674320221
5: [84, 94, 87, 20, 12] : 121.30440068244934
5: [5, 37, 94, 20, 25] : 92.44996905326843
0: [57, 0, 53, 83, 18] : 115.57933139801025
73: [97, 19, 1, 95, 73] : 115.55044555664062
89: [85, 89, 57, 0, 53] : 87.33120560646057
7: [7, 53, 83, 18, 57] : 80.2652747631073
78: [97, 42, 38, 34, 14] : 113.6480712890625
25: [25, 20, 5, 39, 87] : 64.84471654891968
53: [53, 91, 10, 16, 61] : 92.47335648536682
25: [25, 5, 20, 84, 40] : 92.4797191619873
23: [23, 49, 31, 97, 95] : 99.54311728477478
42: [42, 88, 43, 4, 27] : 119.44642734527588
59: [59, 47, 96, 56, 17] : 75.74454116821289
34: [34, 97, 38, 64, 88] : 125.17707777023315
71: [71, 30, 95, 60, 26] : 109.06462121009827
88: [88, 42, 43, 80, 64] : 115.51527500152588
62: [14, 54, 6, 7, 18] : 113.64954376220703
42: [97, 38, 80, 34, 43] : 120.0854959487915
9: [9, 10, 53, 86, 28] : 74.5201473236084
9: [9, 10, 28, 16, 61] : 74.50594925880432
65: [72, 4, 55, 80, 50] : 115.57496070861816
50: [4, 80, 50, 55, 63] : 113.63708329200745
87: [87, 86, 1, 73, 39] : 91.83177208900452
12: [12, 71, 60, 68, 53] : 82.18753790855408
99: [99, 78, 18, 20, 32] : 115.62070107460022
88: [88, 43, 80, 42, 38] : 113.6734778881073
57: [57, 10, 53, 0, 83] : 73.20916152000427
43: [43, 88, 42, 4, 3] : 119.48765301704407
48: [48, 7, 24, 18, 50] : 127.18723249435425
49: [49, 60, 76, 71, 17] : 69.9776041507721
73: [30, 73, 1, 67, 32] : 109.12473249435425
49: [49, 60, 14, 7, 19] : 109.07925367355347
56: [56, 71, 59, 60, 17] : 68.66658091545105
21: [21, 29, 31, 15, 24] : 120.0739357471466
46: [46, 11, 98, 35, 86] : 93.12766528129578
73: [73, 91, 30, 32, 95] : 105.30357456207275
77: [4, 74, 99, 77, 78] : 119.58314180374146
85: [85, 41, 18, 42, 15] : 121.54199767112732
32: [6, 63, 4, 80, 88] : 111.86978101730347
27: [27, 91, 32, 67, 1] : 109.25229620933533
20: [20, 25, 84, 5, 37] : 84.80871534347534
38: [38, 65, 80, 97, 55] : 115.59492325782776
96: [34, 3, 97, 4, 38] : 104.60783219337463
77: [77, 24, 6, 80, 4] : 111.07300138473511
54: [54, 14, 18, 6, 7] : 91.8380982875824
29: [29, 4, 43, 34, 38] : 122.64795327186584
65: [23, 50, 31, 38, 72] : 105.36028003692627
84: [99, 18, 32, 24, 67] : 97.64442610740662
85: [85, 41, 52, 61, 25] : 70.61368012428284
0: [57, 0, 53, 28, 9] : 82.15861320495605
10: [28, 10, 51, 84, 14] : 86.6619176864624
28: [28, 9, 97, 50, 34] : 105.96138572692871
34: [80, 4, 34, 97, 38] : 113.6645119190216
70: [70, 14, 62, 7, 18] : 86.019935131073
90: [90, 42, 31, 88, 15] : 116.17289543151855
59: [59, 52, 96, 47, 60] : 58.4305579662323
50: [50, 64, 36, 75, 80] : 111.02243685722351
89: [41, 89, 85, 58, 35] : 76.4178524017334
87: [86, 87, 94, 0, 39] : 64.81833338737488
39: [39, 5, 25, 87, 86] : 73.19603276252747
9: [9, 25, 28, 16, 84] : 64.85276579856873
77: [91, 32, 1, 67, 73] : 113.64247393608093
37: [37, 17, 96, 47, 59] : 69.32358169555664
45: [32, 91, 67, 1, 73] : 113.61058259010315
10: [70, 92, 61, 10, 99] : 75.79484248161316
51: [51, 4, 63, 80, 74] : 109.15785670280457
40: [56, 69, 52, 9, 51] : 62.90953803062439
71: [71, 26, 73, 45, 32] : 86.64302110671997
30: [30, 95, 97, 73, 67] : 111.67797660827637
37: [37, 17, 53, 47, 60] : 62.88373351097107
69: [69, 76, 17, 60, 49] : 64.80048441886902
75: [75, 97, 80, 34, 31] : 113.59273386001587
87: [87, 71, 17, 60, 49] : 75.76440954208374
30: [30, 91, 95, 73, 32] : 115.55765438079834
92: [92, 70, 51, 57, 14] : 80.2290825843811
48: [48, 41, 58, 67, 73] : 93.72605395317078
0: [0, 53, 57, 83, 60] : 68.65220665931702
49: [49, 95, 15, 38, 30] : 113.63170170783997
46: [46, 11, 98, 86, 35] : 73.8820436000824
49: [49, 60, 7, 14, 29] : 84.13501524925232
94: [94, 24, 95, 75, 3] : 122.04397654533386
47: [47, 52, 96, 59, 33] : 59.07180905342102
72: [30, 95, 72, 55, 73] : 124.59269332885742
37: [37, 47, 17, 52, 96] : 117.52499103546143
41: [41, 86, 89, 85, 87] : 87.33389258384705
29: [4, 31, 38, 1, 63] : 120.10979223251343
50: [4, 34, 29, 32, 38] : 113.65920829772949
42: [38, 97, 43, 80, 42] : 113.64469385147095
92: [70, 92, 0, 99, 51] : 86.06044793128967
43: [4, 42, 97, 38, 32] : 109.165940284729
83: [83, 0, 61, 10, 53] : 73.21270823478699
25: [20, 25, 84, 5, 17] : 86.06026983261108
7: [7, 24, 6, 18, 67] : 115.57245111465454
69: [76, 85, 12, 68, 13] : 68.04717493057251
43: [43, 42, 88, 4, 3] : 122.59433126449585
86: [9, 28, 0, 13, 57] : 69.95445156097412
13: [17, 37, 13, 81, 85] : 82.83230638504028
5: [5, 25, 20, 18, 73] : 94.3998818397522
43: [43, 42, 38, 3, 88] : 120.69089150428772
21: [21, 63, 4, 3, 31] : 120.64231562614441
40: [40, 84, 9, 16, 10] : 77.64924836158752
11: [11, 46, 35, 98, 7] : 96.91405940055847
2: [2, 11, 35, 46, 29] : 86.65307831764221
74: [97, 4, 42, 34, 3] : 109.77728223800659
30: [30, 95, 73, 32, 67] : 110.41737270355225
33: [33, 68, 49, 60, 12] : 116.22309398651123
92: [70, 92, 62, 7, 54] : 113.61107134819031
0: [0, 57, 53, 10, 61] : 73.14827179908752
22: [22, 76, 17, 56, 59] : 64.81799674034119
45: [78, 99, 44, 32, 18] : 117.44462943077087
70: [62, 70, 92, 6, 7] : 80.2448980808258
22: [22, 7, 6, 14, 34] : 111.04669404029846
74: [4, 32, 50, 14, 78] : 117.49275994300842
15: [15, 43, 38, 31, 88] : 128.97691249847412
43: [97, 15, 3, 43, 38] : 109.11320757865906
47: [96, 52, 47, 60, 59] : 62.89719748497009
72: [72, 55, 32, 4, 30] : 113.6353611946106
39: [39, 94, 86, 20, 76] : 74.496666431427
69: [69, 95, 30, 88, 73] : 111.07034420967102
54: [54, 62, 14, 18, 6] : 91.82223391532898
9: [57, 7, 24, 73, 6] : 89.86026167869568
85: [27, 73, 67, 70, 52] : 85.99408054351807
25: [20, 25, 5, 84, 17] : 80.23303008079529
53: [53, 0, 57, 83, 18] : 86.00490045547485
2: [2, 11, 35, 73, 67] : 91.80847311019897
40: [51, 14, 31, 7, 88] : 113.6267900466919
75: [75, 66, 95, 63, 72] : 111.67456030845642
48: [48, 8, 46, 35, 86] : 70.81049108505249
31: [31, 38, 97, 42, 4] : 113.88921236991882
42: [42, 88, 43, 38, 19] : 121.37195301055908
58: [58, 69, 60, 7, 18] : 87.3087408542633
29: [29, 4, 93, 3, 31] : 113.63270926475525
78: [88, 97, 42, 80, 34] : 109.22210550308228
78: [78, 99, 77, 44, 74] : 125.19794082641602
4: [4, 3, 97, 80, 43] : 110.91904616355896
1: [1, 32, 91, 67, 95] : 109.01428437232971
49: [49, 95, 30, 73, 97] : 107.07178902626038
21: [21, 31, 3, 97, 30] : 115.45053482055664
68: [60, 49, 12, 71, 68] : 74.41985440254211
91: [91, 1, 32, 73, 30] : 105.42388772964478
44: [44, 18, 80, 64, 30] : 120.1255431175232
13: [13, 6, 7, 24, 18] : 97.54803013801575
64: [80, 64, 32, 4, 30] : 119.30402660369873
48: [48, 7, 14, 42, 31] : 116.06493663787842
71: [71, 60, 12, 17, 49] : 75.67008662223816
76: [76, 49, 17, 60, 12] : 58.362966537475586
71: [71, 60, 12, 17, 67] : 85.91533541679382
49: [49, 60, 17, 59, 76] : 75.65270137786865
6: [6, 7, 77, 18, 79] : 85.91576099395752
67: [4, 88, 42, 32, 43] : 111.56632447242737
42: [42, 88, 3, 97, 38] : 125.07761192321777
59: [52, 56, 33, 47, 96] : 58.365294456481934
44: [57, 51, 0, 70, 28] : 62.86799383163452
36: [36, 50, 4, 63, 64] : 113.53323984146118
28: [28, 10, 57, 61, 92] : 82.06630158424377
97: [97, 34, 88, 38, 63] : 113.59544539451599
44: [44, 78, 27, 42, 74] : 116.83565425872803
9: [9, 57, 53, 6, 69] : 119.43674564361572
24: [24, 7, 6, 4, 18] : 116.18378758430481
42: [42, 43, 88, 80, 97] : 120.02371311187744
67: [31, 97, 50, 3, 43] : 105.9038553237915
72: [4, 55, 3, 72, 65] : 115.5949969291687
70: [70, 6, 18, 62, 53] : 80.28322052955627
2: [2, 11, 50, 67, 73] : 114.90440464019775
57: [57, 53, 77, 18, 6] : 76.4087553024292
58: [58, 29, 42, 80, 34] : 120.71030259132385
70: [70, 62, 92, 0, 53] : 64.86650037765503
69: [85, 15, 31, 38, 95] : 122.73014545440674
54: [54, 14, 70, 92, 6] : 89.97941446304321
81: [13, 81, 90, 87, 94] : 129.14445090293884
90: [90, 13, 81, 89, 41] : 73.87800431251526
15: [15, 29, 43, 67, 34] : 115.02768850326538
82: [82, 62, 53, 6, 14] : 79.70375084877014
89: [89, 85, 17, 76, 94] : 76.50113153457642
31: [31, 15, 38, 43, 21] : 122.76969170570374
17: [97, 31, 72, 15, 42] : 109.86827683448792
4: [4, 63, 50, 55, 36] : 115.66073513031006
16: [16, 28, 9, 94, 60] : 68.75079226493835
5: [5, 25, 20, 14, 6] : 82.90450167655945
24: [24, 7, 45, 99, 18] : 125.37793207168579
35: [11, 2, 35, 96, 78] : 77.77301025390625
7: [7, 18, 53, 99, 24] : 99.5897798538208
62: [62, 92, 53, 70, 6] : 86.11719918251038
73: [30, 73, 91, 67, 1] : 113.71337151527405
74: [4, 42, 14, 32, 34] : 120.15392971038818
71: [71, 60, 49, 12, 56] : 75.8157844543457
6: [6, 7, 24, 67, 63] : 113.72043085098267
13: [13, 58, 81, 47, 37] : 82.8609254360199
46: [46, 11, 98, 35, 86] : 93.12143301963806
23: [23, 71, 60, 69, 67] : 76.44453001022339
91: [1, 91, 32, 73, 95] : 109.19041085243225
72: [80, 4, 55, 38, 72] : 120.18509340286255
31: [31, 15, 43, 3, 97] : 120.23294615745544
72: [72, 4, 97, 75, 3] : 111.16851544380188
47: [47, 96, 52, 62, 70] : 58.48719096183777
96: [38, 14, 42, 31, 88] : 109.19931626319885
14: [14, 24, 67, 18, 7] : 113.71791529655457
34: [43, 88, 97, 34, 42] : 111.16972780227661
50: [50, 64, 4, 80, 36] : 115.65066599845886
39: [39, 86, 76, 87, 24] : 97.41912269592285
59: [97, 42, 80, 21, 63] : 108.64284777641296
48: [48, 8, 69, 86, 87] : 96.15993571281433
97: [97, 34, 64, 66, 42] : 114.57707691192627
13: [13, 42, 3, 7, 80] : 123.53650307655334
50: [38, 80, 34, 4, 32] : 118.51220440864563
49: [49, 3, 42, 14, 97] : 108.33945035934448
61: [61, 10, 22, 89, 91] : 96.87292265892029
23: [59, 94, 20, 27, 84] : 83.49117517471313
44: [15, 38, 99, 88, 42] : 119.1249520778656
1: [1, 91, 30, 34, 73] : 115.27634716033936
27: [60, 27, 91, 96, 67] : 75.82019472122192
57: [70, 0, 57, 82, 62] : 85.11642026901245
14: [14, 67, 7, 18, 75] : 113.67040395736694
24: [24, 7, 45, 99, 18] : 125.23203349113464
12: [60, 27, 44, 69, 93] : 109.16350197792053
5: [5, 18, 20, 6, 65] : 82.86191844940186
2: [2, 11, 35, 46, 98] : 68.04979181289673
83: [83, 18, 53, 7, 99] : 86.07328653335571
48: [48, 8, 34, 75, 7] : 122.67781066894531
27: [27, 67, 29, 1, 73] : 105.36338901519775
43: [43, 3, 42, 4, 88] : 129.1259617805481
41: [41, 89, 48, 58, 85] : 93.75210905075073
56: [52, 96, 47, 29, 70] : 80.27627325057983
72: [97, 72, 43, 31, 38] : 109.85090947151184
94: [94, 52, 17, 96, 76] : 88.62760543823242
97: [97, 34, 38, 43, 29] : 109.86096405982971
43: [43, 88, 42, 97, 34] : 111.1287670135498
77: [53, 57, 77, 18, 4] : 115.60139775276184
93: [93, 29, 30, 67, 95] : 109.82875299453735
79: [79, 44, 7, 78, 27] : 109.2100613117218
84: [84, 20, 28, 40, 94] : 69.39331531524658
35: [35, 11, 98, 2, 67] : 120.75275731086731
81: [81, 13, 31, 15, 88] : 124.55368661880493
86: [86, 85, 39, 89, 10] : 87.29675030708313
11: [11, 46, 7, 14, 6] : 127.05268931388855
75: [42, 34, 75, 97, 38] : 113.58911943435669
64: [38, 80, 64, 97, 3] : 109.06935906410217
8: [8, 48, 38, 97, 95] : 114.18189287185669
49: [97, 95, 30, 88, 43] : 109.69378924369812
16: [97, 42, 7, 38, 34] : 120.59605312347412
59: [42, 63, 88, 31, 19] : 119.97176551818848
45: [99, 87, 95, 28, 18] : 116.14528775215149
24: [24, 7, 6, 18, 1] : 115.5206868648529
34: [97, 38, 34, 42, 43] : 109.11684966087341
80: [80, 14, 1, 4, 6] : 113.56110763549805
8: [8, 48, 3, 12, 95] : 114.19971776008606
68: [68, 48, 13, 8, 85] : 89.20373010635376
3: [3, 4, 42, 63, 55] : 118.75559663772583
92: [70, 6, 18, 62, 92] : 91.78260540962219
57: [4, 38, 72, 80, 34] : 119.96652722358704
82: [82, 62, 87, 53, 86] : 64.80223846435547
92: [92, 18, 14, 7, 6] : 89.82812714576721
24: [24, 6, 7, 67, 42] : 119.35520648956299
32: [1, 32, 91, 67, 95] : 113.55494117736816
76: [17, 76, 60, 29, 33] : 75.69625806808472
32: [9, 2, 86, 91, 1] : 86.5988073348999
46: [46, 11, 98, 35, 86] : 73.76165127754211
26: [45, 26, 24, 7, 88] : 121.24058127403259
62: [62, 6, 14, 32, 18] : 85.97452116012573
23: [76, 60, 49, 59, 71] : 77.62855529785156
63: [80, 4, 97, 63, 66] : 119.94837260246277
51: [51, 99, 70, 62, 77] : 113.5143518447876
70: [70, 62, 6, 92, 18] : 80.17040014266968
25: [41, 25, 20, 85, 37] : 89.1212317943573
80: [80, 4, 64, 3, 34] : 115.42962503433228
36: [36, 50, 65, 64, 4] : 116.70467114448547
61: [80, 66, 42, 4, 63] : 119.9389009475708
15: [15, 29, 97, 38, 31] : 120.53123307228088
38: [38, 64, 80, 4, 34] : 113.4882447719574
1: [1, 91, 32, 67, 14] : 109.66444802284241
34: [34, 97, 88, 42, 64] : 113.53734803199768
67: [32, 73, 38, 67, 34] : 107.05725598335266
86: [86, 94, 22, 40, 39] : 76.31434917449951
64: [36, 50, 65, 97, 75] : 111.53299450874329
24: [24, 7, 99, 14, 18] : 113.48090195655823
82: [82, 6, 14, 62, 70] : 75.67535734176636
5: [20, 5, 84, 25, 14] : 94.28204202651978
76: [76, 90, 0, 53, 58] : 69.95253729820251
13: [13, 58, 60, 68, 89] : 68.05794930458069
61: [80, 72, 97, 34, 42] : 116.14465117454529
50: [43, 97, 88, 42, 31] : 114.815509557724
70: [41, 96, 47, 60, 70] : 78.26597905158997
98: [35, 98, 11, 2, 67] : 82.10649490356445
20: [20, 21, 3, 66, 80] : 115.4866783618927
97: [97, 38, 34, 88, 42] : 119.38110160827637
60: [60, 0, 94, 52, 53] : 62.89296841621399
14: [14, 18, 6, 7, 64] : 109.10910677909851
27: [27, 4, 63, 55, 80] : 119.39749789237976
87: [87, 20, 25, 40, 5] : 78.28065729141235
60: [60, 49, 95, 31, 97] : 110.32535028457642
44: [91, 1, 73, 67, 30] : 115.44629955291748
8: [8, 48, 41, 89, 30] : 114.85157537460327
95: [95, 30, 72, 55, 15] : 111.03381824493408
82: [82, 62, 6, 14, 18] : 112.96170687675476
51: [4, 80, 32, 18, 55] : 113.58598732948303
8: [8, 48, 67, 7, 80] : 127.00545382499695
41: [34, 19, 75, 95, 3] : 103.30584859848022
3: [3, 38, 43, 97, 88] : 115.51214790344238
67: [67, 32, 73, 97, 34] : 109.70409274101257
50: [80, 64, 38, 34, 65] : 117.38383793830872
9: [9, 53, 16, 87, 57] : 68.62724113464355
70: [70, 62, 92, 53, 57] : 62.858736753463745
80: [80, 38, 97, 64, 4] : 109.728511095047
82: [82, 52, 70, 62, 96] : 82.13527202606201
84: [84, 37, 91, 67, 1] : 88.5113480091095
63: [4, 74, 7, 80, 55] : 111.60609555244446
60: [71, 49, 60, 12, 29] : 80.79989790916443
80: [80, 34, 4, 97, 55] : 115.4388587474823
56: [56, 71, 59, 96, 47] : 96.17022824287415
25: [5, 25, 94, 20, 37] : 88.47335577011108
74: [4, 38, 34, 42, 97] : 119.91666340827942
38: [15, 38, 31, 43, 97] : 115.4333062171936
52: [96, 52, 33, 47, 59] : 62.842520236968994
93: [93, 72, 4, 27, 32] : 112.83095097541809
29: [29, 38, 27, 97, 34] : 109.00251412391663
2: [53, 0, 57, 77, 18] : 92.35781812667847
44: [50, 4, 38, 34, 66] : 116.08833026885986
79: [18, 7, 14, 42, 6] : 109.01316142082214
11: [11, 35, 98, 46, 2] : 126.36075758934021
26: [34, 31, 30, 75, 67] : 107.11053848266602
95: [95, 30, 73, 1, 91] : 115.45409989356995
31: [97, 31, 38, 42, 88] : 105.20297956466675
88: [88, 34, 42, 43, 3] : 115.4449417591095
2: [2, 11, 35, 18, 7] : 119.31710505485535
37: [37, 17, 52, 47, 56] : 81.48065853118896
68: [60, 49, 58, 89, 13] : 80.81577134132385
66: [66, 88, 97, 4, 55] : 116.122234582901
95: [43, 31, 97, 88, 50] : 98.7763135433197
91: [91, 1, 32, 67, 73] : 120.59393310546875
40: [18, 80, 6, 75, 14] : 115.45596241950989
18: [18, 7, 14, 34, 38] : 110.91525602340698
19: [19, 31, 38, 3, 15] : 116.07184171676636
77: [6, 7, 18, 14, 50] : 105.17476344108582
18: [14, 7, 18, 6, 42] : 109.01556658744812
25: [20, 25, 5, 84, 41] : 120.52867197990417
30: [95, 30, 1, 91, 72] : 113.453293800354
38: [38, 97, 43, 34, 3] : 114.70847368240356
77: [18, 7, 6, 4, 55] : 115.387291431427
71: [71, 73, 60, 49, 91] : 80.15393042564392
1: [91, 32, 1, 67, 34] : 110.88819360733032
28: [10, 28, 84, 61, 40] : 64.74662971496582
32: [67, 32, 51, 43, 15] : 110.89510655403137
4: [4, 55, 72, 95, 30] : 108.9727110862732
76: [76, 95, 24, 75, 15] : 117.33206295967102
90: [90, 3, 7, 18, 14] : 118.66976070404053
14: [14, 34, 18, 99, 38] : 109.0166118144989
25: [20, 25, 94, 5, 9] : 84.01235795021057
70: [70, 53, 57, 18, 14] : 87.85859990119934
17: [17, 4, 55, 31, 3] : 115.39984488487244
95: [55, 72, 75, 64, 1] : 113.49373126029968
75: [63, 75, 4, 38, 43] : 109.02079391479492
6: [43, 97, 4, 88, 42] : 109.68755531311035
86: [86, 39, 87, 16, 50] : 119.90902948379517
94: [94, 76, 37, 17, 87] : 69.2254638671875
28: [28, 10, 40, 20, 86] : 69.22699570655823
73: [73, 30, 95, 67, 32] : 105.11968278884888
36: [4, 50, 63, 64, 97] : 109.58257007598877
18: [18, 99, 57, 32, 7] : 87.82379388809204
10: [28, 10, 84, 9, 16] : 69.25239515304565
34: [34, 97, 38, 42, 3] : 109.02690577507019
1: [1, 32, 91, 67, 14] : 125.03742933273315
64: [64, 4, 50, 80, 63] : 120.52908086776733
28: [10, 28, 61, 84, 53] : 80.12006092071533
82: [82, 62, 6, 14, 67] : 92.93287420272827
96: [96, 52, 59, 60, 47] : 108.94481945037842
59: [56, 59, 52, 47, 23] : 58.336413860321045
67: [97, 31, 3, 38, 80] : 108.96667122840881
15: [15, 19, 3, 31, 63] : 116.68303442001343
27: [27, 29, 44, 93, 73] : 108.99273490905762
99: [78, 99, 86, 18, 42] : 124.39153981208801
72: [31, 3, 38, 72, 80] : 121.80697083473206
6: [6, 88, 42, 97, 43] : 119.86242437362671
62: [18, 6, 7, 64, 14] : 108.36615109443665
37: [37, 17, 22, 81, 76] : 69.88755917549133
31: [31, 3, 38, 43, 15] : 114.76609969139099
45: [45, 1, 26, 83, 32] : 86.5489273071289
58: [58, 89, 7, 41, 14] : 91.00442051887512
97: [97, 34, 38, 3, 64] : 108.96143126487732
25: [20, 25, 5, 84, 60] : 80.10355710983276
25: [25, 5, 20, 88, 34] : 122.40098571777344
69: [17, 69, 38, 15, 95] : 116.65394759178162
21: [21, 15, 38, 4, 42] : 114.72078537940979
19: [19, 97, 38, 15, 34] : 120.48550796508789
20: [20, 25, 5, 84, 86] : 91.65416884422302
27: [27, 29, 93, 44, 56] : 85.87543559074402
45: [45, 7, 24, 67, 18] : 113.4355890750885
65: [21, 3, 97, 38, 88] : 119.82103967666626
64: [50, 64, 74, 36, 80] : 113.45795726776123
12: [60, 12, 17, 7, 24] : 89.09286975860596
50: [25, 5, 20, 67, 24] : 94.22950530052185
61: [99, 78, 10, 32, 1] : 82.69823408126831
25: [25, 20, 5, 84, 37] : 93.58779072761536
0: [0, 57, 53, 83, 9] : 74.37128710746765
71: [71, 12, 60, 49, 59] : 82.68010210990906
13: [13, 81, 90, 68, 58] : 74.38022208213806
3: [3, 75, 63, 4, 97] : 119.2733211517334
80: [80, 32, 65, 4, 38] : 105.16054105758667
2: [2, 4, 11, 55, 64] : 108.99701929092407
2: [2, 11, 35, 0, 57] : 86.56998777389526
91: [91, 32, 1, 67, 73] : 109.6287579536438
18: [18, 63, 14, 91, 6] : 113.48499369621277
20: [20, 5, 25, 84, 39] : 64.71767663955688
6: [6, 7, 18, 24, 14] : 113.44235348701477
38: [4, 63, 80, 38, 3] : 113.4620714187622
59: [59, 52, 96, 47, 29] : 105.13934898376465
46: [13, 46, 85, 11, 22] : 70.52811598777771
2: [5, 20, 25, 84, 94] : 65.39793229103088
64: [64, 75, 97, 3, 50] : 108.95705509185791
77: [24, 18, 7, 4, 80] : 115.38475751876831
21: [21, 42, 43, 38, 88] : 119.88184833526611
98: [98, 35, 37, 2, 17] : 74.38653922080994
58: [91, 7, 14, 67, 6] : 92.94872236251831
54: [54, 14, 92, 18, 70] : 83.98008298873901
25: [25, 5, 20, 84, 37] : 69.23646354675293
98: [98, 35, 46, 11, 86] : 87.80915117263794
64: [14, 18, 32, 67, 91] : 119.22308850288391
12: [12, 17, 60, 90, 68] : 86.54635953903198
20: [20, 5, 25, 94, 84] : 89.74961137771606
2: [21, 50, 3, 7, 66] : 108.97238993644714
65: [50, 65, 72, 67, 64] : 112.79503130912781
4: [4, 67, 91, 32, 72] : 119.22259545326233
23: [60, 76, 49, 52, 17] : 62.79495096206665
72: [72, 4, 55, 75, 3] : 115.36150074005127
40: [40, 24, 67, 14, 73] : 94.21980667114258
91: [32, 91, 73, 1, 67] : 108.96618890762329
80: [80, 14, 7, 97, 31] : 109.59682941436768
99: [99, 32, 18, 67, 7] : 84.61551427841187
24: [24, 7, 18, 6, 14] : 87.81499361991882
41: [41, 67, 85, 48, 32] : 87.81083989143372
45: [88, 97, 42, 43, 63] : 110.86596202850342
17: [17, 37, 60, 76, 22] : 62.180405616760254
60: [47, 60, 59, 52, 96] : 58.32636761665344
61: [61, 99, 78, 18, 53] : 130.76305198669434
86: [86, 39, 87, 85, 20] : 87.17039108276367
0: [0, 53, 57, 83, 10] : 64.72999572753906
53: [53, 57, 82, 6, 7] : 85.89380812644958
0: [0, 57, 83, 53, 10] : 80.1149320602417
82: [82, 6, 18, 14, 7] : 104.46649289131165
42: [42, 43, 88, 38, 3] : 124.3212218284607
74: [7, 18, 14, 6, 24] : 119.16707420349121
53: [57, 70, 7, 92, 18] : 86.50038456916809
96: [97, 34, 38, 42, 80] : 105.06475329399109
count (test images): 625
Mean per class acc: 64.48%
Mean inference time: 99.91 sec
Top 1 acc: 64.16%
Top 3 acc: 77.12%
Top 2 acc: 74.24%
Top 5 acc: 80.64%
