49: [72, 49, 95, 88, 30] : 108.18646264076233
92: [92, 83, 47, 0, 14] : 108.00674176216125
41: [41, 6, 67, 43, 18] : 132.365389585495
75: [97, 88, 78, 64, 4] : 130.89997386932373
7: [7, 6, 99, 51, 77] : 132.04122972488403
71: [71, 60, 49, 33, 12] : 72.74021506309509
50: [74, 4, 50, 63, 80] : 126.19924807548523
27: [27, 15, 38, 42, 97] : 119.17946553230286
70: [70, 53, 92, 62, 18] : 100.73864507675171
24: [24, 6, 45, 63, 4] : 130.73781418800354
36: [36, 50, 64, 80, 65] : 140.0757713317871
32: [57, 72, 95, 9, 32] : 130.65583777427673
45: [45, 29, 99, 26, 78] : 130.70476603507996
80: [80, 4, 75, 34, 64] : 128.7615988254547
12: [12, 76, 68, 17, 16] : 71.35991311073303
23: [23, 76, 49, 60, 17] : 77.31103181838989
58: [58, 85, 97, 88, 34] : 121.19828486442566
96: [96, 52, 59, 47, 60] : 113.21208906173706
42: [42, 43, 4, 88, 63] : 124.73360013961792
86: [83, 78, 29, 50, 99] : 118.69956803321838
37: [17, 37, 60, 76, 66] : 124.54773235321045
45: [45, 4, 29, 50, 64] : 141.12903213500977
37: [37, 17, 47, 52, 96] : 80.55075716972351
90: [60, 27, 4, 69, 63] : 122.66309142112732
69: [69, 43, 31, 15, 88] : 110.92270827293396
40: [40, 84, 38, 43, 34] : 125.40515327453613
27: [80, 29, 27, 50, 75] : 136.49526691436768
18: [99, 24, 50, 80, 64] : 134.03912687301636
55: [38, 34, 42, 97, 43] : 124.90323209762573
54: [70, 92, 7, 83, 18] : 106.9459331035614
37: [37, 17, 40, 22, 86] : 88.2688500881195
36: [65, 38, 4, 50, 64] : 131.25071239471436
35: [35, 98, 11, 73, 91] : 134.54629158973694
37: [17, 37, 60, 76, 52] : 104.44310021400452
27: [97, 27, 43, 72, 33] : 136.02373814582825
73: [73, 30, 97, 27, 91] : 118.76545810699463
65: [65, 80, 4, 50, 36] : 136.21209478378296
91: [91, 1, 73, 32, 67] : 146.51778864860535
64: [64, 80, 50, 74, 38] : 135.6234872341156
17: [17, 60, 37, 52, 82] : 81.31103944778442
41: [41, 89, 17, 69, 58] : 93.44220733642578
19: [19, 43, 29, 97, 34] : 146.1681215763092
83: [83, 0, 57, 53, 9] : 97.3553991317749
37: [37, 47, 17, 5, 52] : 80.74812841415405
65: [38, 80, 64, 75, 4] : 128.8197238445282
97: [97, 50, 64, 75, 66] : 142.08541989326477
95: [95, 30, 72, 69, 73] : 131.262836933136
48: [48, 41, 8, 89, 58] : 158.6530876159668
54: [14, 54, 6, 18, 7] : 106.95766258239746
86: [9, 60, 57, 96, 0] : 87.23041462898254
86: [86, 87, 39, 5, 84] : 102.26042413711548
6: [6, 82, 70, 14, 7] : 139.15814781188965
85: [85, 41, 4, 27, 7] : 151.5405433177948
53: [53, 57, 0, 67, 18] : 102.47780060768127
9: [9, 10, 84, 61, 16] : 93.91214323043823
20: [20, 25, 84, 5, 60] : 118.56677222251892
99: [99, 78, 44, 53, 27] : 135.78890228271484
8: [8, 48, 53, 4, 80] : 145.10324048995972
14: [14, 7, 18, 79, 67] : 140.7273769378662
23: [14, 6, 7, 97, 42] : 121.96261525154114
74: [80, 50, 4, 65, 64] : 140.27225303649902
82: [82, 14, 62, 54, 80] : 146.18467950820923
15: [15, 72, 3, 88, 31] : 117.46114563941956
30: [30, 95, 72, 55, 34] : 121.58369255065918
71: [71, 95, 30, 60, 67] : 117.21080923080444
28: [28, 57, 10, 92, 70] : 88.60050201416016
81: [81, 90, 37, 47, 13] : 98.8741226196289
26: [1, 6, 7, 70, 32] : 109.32689905166626
96: [60, 52, 96, 6, 7] : 100.2001485824585
76: [76, 60, 7, 6, 12] : 100.29431700706482
21: [21, 3, 31, 78, 99] : 141.63585829734802
0: [0, 57, 53, 18, 7] : 115.2612235546112
2: [2, 11, 35, 65, 93] : 103.44803857803345
46: [46, 98, 11, 35, 94] : 151.8686556816101
15: [15, 38, 43, 3, 31] : 122.00721311569214
43: [43, 4, 3, 88, 63] : 139.57207465171814
19: [97, 19, 29, 38, 15] : 146.7855384349823
88: [88, 43, 42, 34, 97] : 138.68567728996277
88: [97, 80, 88, 63, 75] : 134.44815921783447
39: [39, 27, 32, 91, 18] : 109.59886145591736
28: [28, 16, 84, 20, 86] : 104.46153163909912
17: [17, 49, 60, 59, 14] : 103.40617942810059
4: [4, 50, 74, 80, 64] : 140.14799857139587
42: [4, 75, 50, 64, 55] : 141.60350561141968
53: [53, 0, 57, 83, 10] : 83.94143676757812
47: [47, 52, 96, 59, 23] : 92.4699821472168
43: [43, 4, 3, 63, 42] : 134.10454893112183
81: [37, 17, 12, 87, 13] : 92.70234489440918
8: [8, 41, 96, 89, 7] : 104.43896818161011
47: [60, 47, 96, 17, 52] : 74.67624115943909
19: [19, 38, 15, 4, 43] : 129.4519908428192
62: [62, 70, 6, 82, 14] : 121.65430521965027
70: [70, 62, 0, 92, 18] : 94.51670241355896
87: [87, 20, 86, 22, 53] : 81.23323726654053
92: [83, 82, 53, 14, 1] : 118.20132851600647
55: [80, 4, 63, 64, 30] : 121.48189449310303
62: [62, 47, 82, 92, 49] : 74.66938662528992
17: [17, 85, 43, 27, 15] : 120.27195978164673
58: [58, 85, 69, 89, 68] : 119.54731106758118
64: [80, 64, 50, 74, 4] : 129.38269567489624
60: [60, 49, 19, 97, 31] : 108.30171775817871
13: [13, 14, 7, 24, 73] : 110.84327006340027
65: [65, 50, 36, 64, 75] : 130.38683652877808
24: [24, 7, 74, 79, 32] : 130.25831413269043
12: [76, 17, 12, 52, 96] : 84.32966756820679
10: [10, 53, 28, 84, 61] : 76.9889030456543
10: [10, 61, 28, 0, 20] : 90.94078254699707
83: [99, 63, 4, 50, 75] : 135.37615966796875
27: [99, 44, 50, 18, 75] : 134.82186126708984
73: [73, 91, 1, 30, 67] : 128.1614682674408
51: [4, 51, 63, 77, 27] : 122.14246106147766
17: [17, 60, 69, 7, 77] : 100.8751893043518
20: [25, 20, 5, 75, 50] : 130.68650078773499
86: [90, 85, 39, 87, 17] : 82.90154647827148
70: [70, 14, 18, 62, 92] : 98.79648089408875
49: [49, 60, 71, 33, 59] : 80.89652442932129
56: [56, 59, 96, 52, 47] : 74.98336791992188
43: [43, 42, 3, 88, 4] : 135.39154148101807
28: [28, 40, 16, 10, 84] : 76.93077683448792
17: [6, 14, 7, 88, 42] : 118.7213408946991
74: [74, 75, 4, 55, 63] : 134.08108019828796
46: [11, 35, 46, 2, 7] : 93.15472197532654
63: [97, 65, 4, 66, 63] : 124.56297445297241
41: [41, 89, 99, 90, 85] : 102.50606775283813
78: [78, 31, 99, 44, 80] : 134.57320380210876
92: [92, 70, 83, 82, 62] : 77.28769659996033
36: [36, 50, 65, 64, 80] : 130.63898611068726
59: [52, 59, 96, 47, 56] : 70.61718392372131
4: [4, 80, 38, 43, 42] : 130.48052287101746
97: [97, 43, 38, 34, 80] : 141.08886170387268
29: [29, 50, 93, 63, 80] : 134.45774817466736
87: [86, 87, 40, 0, 80] : 119.95001745223999
63: [63, 65, 75, 4, 50] : 118.69968795776367
27: [27, 80, 4, 66, 63] : 129.16782331466675
89: [89, 41, 85, 58, 60] : 105.18532657623291
43: [43, 97, 38, 42, 3] : 128.50208282470703
10: [10, 28, 9, 92, 20] : 77.30158710479736
54: [14, 18, 7, 24, 6] : 101.23837971687317
73: [14, 34, 95, 38, 42] : 125.12460780143738
19: [97, 34, 75, 63, 64] : 124.53014826774597
41: [75, 4, 7, 66, 50] : 130.61641383171082
27: [27, 44, 80, 66, 63] : 128.61404252052307
14: [14, 32, 7, 50, 80] : 134.53142857551575
96: [96, 52, 47, 59, 17] : 128.44915056228638
76: [76, 60, 49, 17, 53] : 80.51927733421326
12: [12, 17, 60, 71, 53] : 93.88214468955994
34: [34, 97, 75, 38, 80] : 130.61766266822815
50: [74, 50, 4, 64, 63] : 130.75804114341736
25: [25, 20, 5, 87, 84] : 95.75620532035828
51: [4, 74, 80, 78, 63] : 134.70724368095398
70: [70, 62, 14, 92, 6] : 92.93226552009583
50: [50, 4, 64, 74, 36] : 130.20097136497498
94: [94, 5, 22, 84, 40] : 81.67056894302368
30: [73, 1, 91, 32, 67] : 94.90428066253662
3: [3, 4, 75, 63, 21] : 122.09235835075378
55: [4, 75, 80, 65, 29] : 118.6205644607544
81: [13, 68, 60, 12, 27] : 99.87595510482788
0: [0, 57, 53, 10, 18] : 105.71955871582031
64: [63, 64, 66, 80, 3] : 128.21130323410034
34: [34, 42, 63, 38, 80] : 134.08430910110474
92: [62, 70, 6, 92, 18] : 92.92437529563904
20: [25, 20, 5, 84, 94] : 99.63000249862671
73: [73, 30, 95, 50, 75] : 124.27082896232605
11: [11, 35, 2, 3, 88] : 124.47940874099731
89: [4, 63, 42, 80, 75] : 117.90034937858582
50: [50, 65, 80, 64, 4] : 128.50966787338257
10: [29, 93, 77, 53, 78] : 119.94687747955322
52: [52, 96, 59, 47, 56] : 71.29079222679138
91: [91, 1, 32, 67, 4] : 135.61298489570618
63: [65, 4, 34, 63, 80] : 128.31341218948364
4: [4, 55, 75, 27, 63] : 133.35146045684814
78: [78, 99, 18, 0, 83] : 128.90802550315857
53: [53, 96, 59, 52, 60] : 75.05325961112976
38: [38, 34, 80, 65, 64] : 128.08354306221008
6: [6, 14, 18, 7, 82] : 128.00749492645264
47: [96, 52, 60, 47, 56] : 103.47533559799194
84: [84, 20, 37, 1, 73] : 101.56644654273987
13: [13, 60, 89, 90, 81] : 80.38925075531006
5: [20, 5, 84, 25, 12] : 106.20872616767883
21: [21, 3, 97, 88, 64] : 128.75929832458496
70: [70, 6, 18, 62, 60] : 98.8548412322998
70: [70, 92, 62, 99, 18] : 100.84811115264893
27: [27, 29, 4, 30, 80] : 133.9914653301239
5: [84, 20, 94, 87, 5] : 100.7810754776001
5: [5, 37, 94, 20, 25] : 87.55420970916748
0: [57, 0, 53, 83, 50] : 128.64476919174194
73: [25, 5, 27, 2, 29] : 128.8225769996643
89: [57, 69, 60, 29, 5] : 128.16571855545044
7: [53, 7, 83, 99, 18] : 130.02784061431885
78: [78, 44, 64, 4, 63] : 133.31030011177063
25: [25, 20, 5, 39, 87] : 88.87165522575378
53: [53, 16, 91, 10, 18] : 105.53859567642212
25: [25, 5, 20, 84, 94] : 105.53117275238037
23: [23, 49, 33, 60, 71] : 88.89297461509705
42: [42, 43, 88, 4, 27] : 140.21862626075745
59: [59, 47, 56, 96, 52] : 88.37205600738525
34: [34, 97, 38, 64, 88] : 134.0712857246399
71: [71, 30, 60, 95, 45] : 123.98363375663757
88: [88, 42, 50, 80, 36] : 130.6533806324005
62: [54, 70, 14, 92, 62] : 130.19507670402527
42: [80, 97, 64, 4, 66] : 128.10875391960144
9: [9, 69, 86, 10, 28] : 134.03354287147522
9: [9, 78, 99, 10, 93] : 102.16452836990356
65: [65, 72, 50, 4, 80] : 128.05515456199646
50: [4, 80, 44, 50, 63] : 122.20794630050659
87: [87, 86, 1, 73, 39] : 94.91926717758179
12: [12, 71, 53, 60, 68] : 88.2145254611969
99: [99, 78, 18, 80, 4] : 134.60463500022888
88: [88, 80, 34, 38, 43] : 122.00995063781738
57: [57, 10, 0, 53, 28] : 85.96440887451172
43: [43, 88, 42, 3, 97] : 119.0674877166748
48: [48, 8, 78, 69, 50] : 136.0432789325714
49: [49, 60, 76, 37, 71] : 82.18444919586182
73: [30, 73, 95, 67, 1] : 108.06376910209656
49: [49, 60, 33, 23, 14] : 112.79541397094727
56: [56, 71, 59, 49, 60] : 75.00388193130493
21: [21, 27, 78, 29, 44] : 136.01070594787598
46: [46, 11, 98, 35, 86] : 111.4679696559906
73: [91, 73, 30, 32, 67] : 108.7887499332428
77: [4, 74, 57, 99, 77] : 134.12832903862
85: [85, 41, 27, 89, 18] : 110.87987327575684
32: [4, 80, 63, 6, 50] : 130.03751969337463
27: [27, 44, 78, 93, 74] : 134.10377025604248
20: [20, 25, 84, 5, 39] : 106.82369017601013
38: [38, 80, 4, 64, 50] : 124.09883713722229
96: [60, 33, 52, 59, 14] : 93.07865858078003
77: [77, 79, 24, 80, 7] : 130.1389398574829
54: [54, 14, 70, 62, 6] : 98.82276153564453
29: [29, 4, 64, 43, 66] : 135.26298546791077
65: [23, 50, 65, 2, 75] : 124.0723147392273
84: [99, 24, 18, 7, 14] : 104.94397068023682
85: [27, 80, 50, 75, 64] : 124.74505567550659
0: [0, 57, 53, 28, 9] : 76.95360374450684
10: [10, 28, 53, 51, 84] : 76.97407960891724
28: [20, 84, 25, 5, 69] : 130.71111750602722
34: [80, 4, 63, 65, 34] : 124.18421459197998
70: [70, 62, 14, 7, 92] : 98.92239570617676
90: [90, 85, 69, 42, 27] : 124.053626537323
59: [59, 52, 47, 96, 17] : 70.95626664161682
50: [50, 64, 36, 65, 75] : 127.96446251869202
89: [41, 89, 85, 58, 13] : 86.96049976348877
87: [86, 87, 94, 22, 61] : 87.08418726921082
39: [39, 25, 5, 86, 84] : 81.05120921134949
9: [9, 25, 84, 5, 16] : 124.09209656715393
77: [32, 91, 78, 67, 44] : 134.00445008277893
37: [37, 17, 96, 59, 47] : 74.94427227973938
45: [4, 32, 80, 50, 63] : 128.13176083564758
10: [70, 92, 61, 10, 91] : 94.9593014717102
51: [51, 4, 63, 80, 99] : 122.10753893852234
40: [40, 56, 52, 59, 9] : 80.96088218688965
71: [71, 26, 45, 30, 95] : 128.1231918334961
30: [30, 95, 97, 73, 66] : 130.14719796180725
37: [37, 17, 53, 60, 47] : 75.03652501106262
69: [69, 76, 17, 12, 59] : 76.9959499835968
75: [97, 34, 38, 42, 31] : 120.73164582252502
87: [87, 49, 17, 71, 60] : 105.42067623138428
30: [30, 4, 80, 63, 75] : 129.97787141799927
92: [92, 70, 18, 14, 51] : 93.0096583366394
48: [48, 41, 20, 86, 87] : 102.33571743965149
0: [0, 53, 57, 83, 10] : 81.61036682128906
49: [49, 17, 15, 38, 97] : 112.72288584709167
46: [46, 86, 98, 11, 35] : 82.88377237319946
49: [49, 60, 59, 33, 52] : 70.25921440124512
94: [94, 87, 86, 37, 20] : 81.56122994422913
47: [47, 52, 96, 59, 33] : 70.33130645751953
72: [30, 95, 72, 75, 80] : 140.20767545700073
37: [37, 80, 47, 17, 52] : 130.33488726615906
41: [41, 86, 89, 87, 85] : 88.57600998878479
29: [4, 29, 63, 80, 50] : 133.03134965896606
50: [4, 64, 50, 80, 74] : 140.91920971870422
42: [38, 80, 97, 43, 4] : 136.06307530403137
92: [70, 92, 62, 99, 18] : 101.46796298027039
43: [4, 80, 50, 63, 32] : 133.10899329185486
83: [83, 0, 61, 10, 53] : 93.22937273979187
25: [20, 25, 84, 5, 17] : 103.86653757095337
7: [7, 24, 6, 79, 99] : 143.13681268692017
69: [69, 76, 85, 12, 40] : 96.86715078353882
43: [43, 42, 88, 4, 63] : 151.18991684913635
86: [20, 94, 9, 76, 25] : 88.88709354400635
13: [17, 37, 13, 96, 81] : 90.43385148048401
5: [5, 37, 18, 7, 91] : 115.45904326438904
43: [43, 42, 38, 3, 4] : 152.72233080863953
21: [21, 4, 63, 64, 75] : 141.48144578933716
40: [40, 84, 9, 16, 10] : 84.07531356811523
11: [11, 46, 35, 98, 2] : 154.0727391242981
2: [2, 11, 35, 46, 84] : 109.94215106964111
74: [4, 97, 80, 66, 63] : 128.54164910316467
30: [30, 95, 73, 32, 72] : 118.52835416793823
33: [33, 49, 60, 47, 52] : 130.8393542766571
92: [70, 92, 62, 14, 7] : 115.40349435806274
0: [0, 57, 53, 10, 83] : 93.74824738502502
22: [76, 22, 17, 40, 56] : 86.08864307403564
45: [78, 44, 99, 74, 4] : 145.59092593193054
70: [70, 62, 92, 47, 82] : 81.62595677375793
22: [22, 7, 6, 17, 40] : 104.27123379707336
74: [4, 50, 63, 64, 93] : 140.49081659317017
15: [15, 43, 38, 29, 31] : 135.53475522994995
43: [97, 43, 3, 50, 80] : 135.31717252731323
47: [96, 52, 47, 60, 14] : 109.23670721054077
72: [72, 55, 30, 95, 32] : 131.2047507762909
39: [39, 86, 16, 9, 94] : 84.19825649261475
69: [69, 95, 30, 97, 88] : 130.94699478149414
54: [54, 62, 59, 92, 70] : 97.78832507133484
9: [9, 16, 69, 40, 53] : 120.8142237663269
85: [27, 73, 29, 67, 17] : 105.18257975578308
25: [20, 25, 5, 84, 37] : 95.23723292350769
53: [53, 0, 57, 18, 7] : 107.75818371772766
2: [2, 11, 35, 90, 46] : 111.28082060813904
40: [51, 29, 20, 93, 80] : 141.53835821151733
75: [75, 66, 63, 95, 64] : 143.17339658737183
48: [48, 8, 46, 60, 11] : 126.66309380531311
31: [4, 80, 31, 64, 63] : 149.22094750404358
42: [42, 88, 43, 38, 34] : 147.27442860603333
58: [58, 69, 60, 68, 37] : 109.85438227653503
29: [29, 4, 80, 63, 64] : 140.75114727020264
78: [80, 78, 4, 50, 66] : 139.2682387828827
78: [78, 99, 42, 80, 77] : 152.15591883659363
4: [4, 80, 63, 50, 65] : 139.42606687545776
1: [1, 32, 91, 67, 73] : 103.15264201164246
49: [49, 95, 30, 97, 73] : 123.46888732910156
21: [21, 3, 31, 75, 4] : 141.36651301383972
68: [60, 49, 12, 71, 68] : 88.29577565193176
91: [91, 1, 32, 73, 50] : 135.4126238822937
44: [44, 27, 99, 80, 29] : 142.6739044189453
13: [13, 81, 58, 90, 89] : 145.49461555480957
64: [74, 80, 64, 4, 63] : 134.74600195884705
48: [48, 89, 58, 8, 85] : 103.76196837425232
71: [71, 60, 49, 96, 67] : 104.10839176177979
76: [76, 17, 49, 60, 12] : 77.43882632255554
71: [71, 60, 12, 23, 73] : 107.83623838424683
49: [49, 59, 17, 60, 47] : 100.81364965438843
6: [6, 63, 7, 4, 50] : 139.19962096214294
67: [4, 47, 88, 52, 80] : 136.37797594070435
42: [42, 88, 97, 3, 64] : 155.06037521362305
59: [52, 56, 33, 96, 59] : 82.32711172103882
44: [99, 78, 44, 32, 67] : 133.67420506477356
36: [36, 50, 4, 63, 65] : 141.3036651611328
28: [28, 10, 51, 57, 40] : 88.83776235580444
97: [97, 63, 34, 4, 80] : 132.73624682426453
44: [78, 4, 74, 50, 80] : 131.14053392410278
9: [40, 69, 57, 53, 75] : 139.8623571395874
24: [24, 7, 4, 6, 99] : 129.6749529838562
42: [42, 43, 88, 4, 80] : 129.75970077514648
67: [50, 31, 66, 43, 75] : 128.4084918498993
72: [4, 63, 55, 80, 50] : 127.73546624183655
70: [70, 6, 18, 14, 7] : 94.6801347732544
2: [2, 11, 57, 67, 35] : 94.644690990448
57: [57, 53, 83, 82, 0] : 70.14507532119751
58: [58, 37, 68, 75, 87] : 143.70647501945496
70: [70, 0, 62, 92, 53] : 80.76410579681396
69: [85, 89, 29, 69, 58] : 106.54404020309448
54: [54, 70, 92, 83, 47] : 74.78231024742126
81: [13, 81, 90, 87, 86] : 86.67652583122253
90: [90, 13, 81, 89, 41] : 86.68023586273193
15: [15, 29, 80, 43, 44] : 135.0985448360443
82: [82, 62, 53, 92, 6] : 133.7833046913147
89: [89, 85, 17, 41, 69] : 86.72867774963379
31: [31, 15, 4, 80, 64] : 133.69860649108887
17: [85, 27, 17, 20, 75] : 135.6025731563568
4: [4, 63, 80, 36, 32] : 129.68530869483948
16: [16, 28, 9, 94, 84] : 86.77398896217346
5: [5, 25, 20, 84, 40] : 95.35784816741943
24: [24, 7, 79, 45, 26] : 139.71060872077942
35: [11, 2, 35, 86, 96] : 76.73400568962097
7: [53, 69, 83, 41, 13] : 81.99561214447021
62: [62, 92, 53, 70, 7] : 121.72068381309509
73: [30, 73, 91, 1, 67] : 129.78113174438477
74: [4, 74, 44, 27, 78] : 133.75501656532288
71: [95, 71, 30, 3, 72] : 107.85017156600952
6: [6, 63, 4, 50, 64] : 127.71577477455139
13: [13, 58, 81, 47, 90] : 103.8682336807251
46: [46, 11, 98, 35, 7] : 100.61016821861267
23: [23, 71, 60, 69, 67] : 88.73182272911072
91: [1, 91, 32, 73, 67] : 123.81020307540894
72: [80, 4, 77, 38, 65] : 127.72439956665039
31: [31, 15, 43, 3, 21] : 115.80393576622009
72: [4, 80, 75, 66, 72] : 124.38944840431213
47: [47, 96, 52, 62, 70] : 80.1158721446991
96: [52, 96, 59, 47, 7] : 92.72185349464417
14: [14, 24, 18, 99, 50] : 129.7863631248474
34: [43, 88, 97, 42, 34] : 119.83392381668091
50: [50, 64, 4, 80, 65] : 123.75507688522339
39: [39, 86, 76, 94, 87] : 83.36426401138306
59: [80, 63, 75, 4, 97] : 123.81351375579834
48: [48, 8, 69, 86, 7] : 106.64512228965759
97: [97, 34, 64, 42, 50] : 127.8182053565979
13: [13, 58, 81, 27, 52] : 95.9522910118103
50: [74, 38, 80, 99, 34] : 133.56059789657593
49: [49, 60, 63, 44, 14] : 117.01341843605042
61: [22, 84, 52, 53, 87] : 103.17959976196289
23: [33, 60, 59, 52, 76] : 70.09215545654297
44: [15, 99, 80, 38, 4] : 133.70283126831055
1: [1, 91, 30, 34, 73] : 120.98582005500793
27: [97, 60, 38, 3, 91] : 115.04598951339722
57: [57, 70, 0, 62, 82] : 82.26209282875061
14: [14, 18, 7, 99, 64] : 127.95787715911865
24: [24, 45, 7, 99, 18] : 140.08789920806885
12: [60, 4, 63, 80, 66] : 127.46535801887512
5: [5, 20, 93, 52, 65] : 94.89377903938293
2: [2, 11, 46, 35, 98] : 76.25620675086975
83: [83, 53, 57, 0, 25] : 76.9463963508606
48: [48, 8, 41, 11, 75] : 124.64653778076172
27: [50, 27, 29, 4, 63] : 128.02797842025757
43: [43, 3, 42, 97, 4] : 135.9507942199707
41: [41, 89, 48, 58, 8] : 86.84905886650085
56: [31, 14, 42, 38, 19] : 112.66510486602783
72: [72, 97, 43, 63, 4] : 125.92713642120361
94: [94, 76, 52, 60, 17] : 90.20117211341858
97: [97, 34, 4, 75, 72] : 124.12638998031616
43: [43, 88, 42, 97, 4] : 129.97465705871582
77: [53, 57, 77, 51, 4] : 127.96019268035889
93: [93, 29, 95, 67, 30] : 131.18954467773438
79: [79, 44, 7, 75, 63] : 127.72884607315063
84: [84, 60, 20, 52, 94] : 80.77568292617798
35: [35, 11, 98, 2, 46] : 114.56085300445557
81: [81, 13, 90, 31, 15] : 123.81889581680298
86: [86, 85, 39, 89, 17] : 88.71250057220459
11: [11, 46, 98, 35, 86] : 86.70390009880066
75: [75, 42, 34, 4, 80] : 133.675279378891
64: [80, 38, 64, 97, 50] : 123.83231496810913
8: [8, 48, 60, 49, 33] : 99.33527731895447
49: [97, 42, 95, 88, 43] : 108.57530045509338
16: [44, 75, 80, 66, 50] : 127.75176429748535
59: [96, 52, 59, 47, 60] : 93.34665060043335
45: [99, 27, 87, 9, 69] : 136.37683200836182
24: [24, 7, 99, 45, 63] : 129.85499787330627
34: [97, 34, 75, 63, 80] : 127.79948902130127
80: [80, 14, 4, 44, 42] : 129.72996401786804
8: [8, 48, 12, 85, 86] : 125.70956015586853
68: [60, 13, 48, 31, 43] : 119.09766411781311
3: [3, 4, 63, 64, 75] : 123.2979907989502
92: [70, 62, 92, 82, 96] : 74.87141728401184
57: [4, 80, 65, 63, 50] : 133.7402732372284
82: [82, 62, 87, 53, 0] : 76.78468823432922
92: [92, 18, 14, 70, 99] : 92.65649819374084
24: [6, 24, 7, 79, 99] : 141.6042263507843
32: [1, 32, 91, 67, 95] : 127.83578681945801
76: [17, 76, 1, 63, 4] : 128.45054578781128
32: [9, 28, 86, 16, 10] : 76.82873320579529
46: [46, 11, 98, 35, 86] : 90.7016453742981
26: [45, 26, 99, 79, 29] : 129.70739841461182
62: [62, 70, 53, 82, 63] : 129.7493851184845
23: [23, 76, 49, 60, 59] : 74.84082436561584
63: [4, 80, 63, 97, 66] : 123.79567980766296
51: [51, 99, 70, 62, 77] : 133.64708256721497
70: [70, 62, 92, 82, 53] : 74.76099753379822
25: [41, 85, 20, 87, 25] : 102.24261832237244
80: [80, 4, 63, 65, 64] : 113.30842328071594
36: [36, 50, 65, 64, 4] : 135.71977972984314
61: [80, 66, 74, 42, 78] : 133.93622708320618
15: [15, 29, 4, 64, 75] : 129.89702677726746
38: [38, 64, 80, 4, 66] : 135.7336504459381
1: [1, 91, 32, 4, 63] : 123.08713555335999
34: [34, 97, 88, 64, 42] : 128.47556900978088
67: [32, 93, 73, 65, 38] : 117.93959999084473
86: [86, 94, 40, 39, 5] : 77.48923969268799
64: [36, 50, 64, 65, 75] : 123.78156995773315
24: [24, 7, 63, 50, 4] : 129.67853331565857
82: [82, 6, 14, 18, 7] : 110.50883722305298
5: [5, 20, 84, 94, 50] : 130.45183300971985
76: [99, 86, 67, 50, 75] : 129.80509543418884
13: [13, 58, 68, 86, 48] : 86.79091596603394
61: [80, 65, 75, 50, 4] : 127.79004645347595
50: [97, 43, 88, 42, 50] : 121.75452399253845
70: [41, 47, 96, 52, 7] : 114.5000307559967
98: [35, 98, 11, 2, 46] : 99.33100914955139
20: [20, 25, 84, 5, 86] : 135.05385327339172
97: [97, 38, 42, 88, 4] : 145.61066269874573
60: [60, 0, 59, 33, 57] : 83.37093234062195
14: [14, 18, 99, 78, 64] : 123.76538848876953
27: [27, 4, 63, 80, 75] : 123.14366364479065
87: [87, 25, 20, 5, 50] : 125.79618883132935
60: [49, 60, 17, 71, 12] : 76.11253547668457
44: [44, 27, 29, 91, 78] : 129.70413088798523
8: [8, 48, 41, 89, 11] : 133.682035446167
95: [95, 30, 72, 55, 97] : 114.51733446121216
82: [82, 62, 6, 14, 70] : 127.88861155509949
51: [4, 44, 80, 51, 27] : 127.8297176361084
8: [80, 50, 4, 63, 60] : 133.72482705116272
41: [60, 69, 50, 75, 63] : 123.7635064125061
3: [3, 38, 43, 97, 88] : 126.37392473220825
67: [67, 32, 50, 4, 80] : 129.72336959838867
50: [80, 64, 38, 4, 74] : 123.85729122161865
9: [9, 53, 87, 22, 59] : 76.86686372756958
70: [70, 62, 92, 53, 57] : 74.85394954681396
80: [80, 50, 64, 4, 65] : 129.88017082214355
82: [82, 52, 70, 96, 33] : 123.17175817489624
84: [84, 37, 20, 40, 50] : 128.36677765846252
63: [4, 74, 80, 75, 66] : 128.3312304019928
60: [71, 60, 49, 12, 76] : 75.42177605628967
80: [80, 4, 34, 64, 75] : 129.8926923274994
56: [56, 95, 30, 71, 59] : 123.22411274909973
25: [5, 25, 94, 20, 37] : 101.27692103385925
74: [4, 38, 50, 74, 63] : 121.76708221435547
38: [15, 38, 31, 43, 4] : 125.73531174659729
52: [96, 52, 33, 49, 47] : 80.14945363998413
93: [93, 4, 27, 72, 50] : 127.79094648361206
29: [29, 27, 44, 50, 38] : 133.96512269973755
2: [53, 0, 57, 77, 10] : 100.93738842010498
44: [44, 4, 78, 50, 66] : 127.11120963096619
79: [44, 18, 78, 99, 14] : 132.99978137016296
11: [11, 35, 98, 46, 2] : 152.04020857810974
26: [23, 75, 50, 51, 63] : 127.64031672477722
95: [95, 30, 73, 91, 1] : 124.03004956245422
31: [97, 31, 38, 80, 63] : 134.66925263404846
88: [88, 34, 4, 42, 29] : 139.73421025276184
2: [2, 11, 35, 7, 18] : 113.3615448474884
37: [37, 17, 52, 47, 56] : 101.74692678451538
68: [60, 49, 58, 3, 89] : 122.19243264198303
66: [88, 97, 34, 43, 3] : 123.89033222198486
95: [23, 50, 31, 97, 27] : 140.70697259902954
91: [91, 1, 32, 67, 69] : 145.11245131492615
40: [86, 40, 99, 69, 80] : 151.79494285583496
18: [44, 18, 27, 80, 64] : 134.9119873046875
19: [19, 31, 38, 15, 75] : 140.44967103004456
77: [77, 6, 50, 80, 4] : 132.02573680877686
18: [14, 7, 56, 18, 6] : 113.21409106254578
25: [20, 25, 5, 84, 41] : 93.09407329559326
30: [95, 30, 29, 1, 27] : 139.3066210746765
38: [38, 64, 97, 43, 88] : 144.1110486984253
77: [50, 4, 99, 80, 63] : 141.9601857662201
71: [71, 73, 60, 49, 12] : 107.42490458488464
1: [91, 32, 45, 99, 53] : 102.59609842300415
28: [10, 28, 61, 84, 16] : 97.1244604587555
32: [51, 23, 93, 70, 10] : 128.9770269393921
4: [4, 55, 72, 95, 30] : 132.8959436416626
76: [76, 24, 44, 7, 17] : 103.82116460800171
90: [90, 7, 13, 18, 12] : 117.84990048408508
14: [14, 34, 18, 38, 6] : 121.91666102409363
25: [20, 25, 94, 5, 84] : 98.32440543174744
70: [70, 53, 57, 0, 18] : 108.2011570930481
17: [17, 96, 37, 47, 55] : 124.73657774925232
95: [4, 66, 64, 55, 80] : 144.37831449508667
75: [63, 75, 4, 74, 66] : 131.4663805961609
6: [50, 4, 63, 88, 36] : 140.77623891830444
86: [86, 87, 16, 39, 24] : 122.46026730537415
94: [94, 76, 37, 17, 12] : 90.32761192321777
28: [10, 28, 40, 20, 86] : 83.12192916870117
73: [73, 30, 95, 91, 32] : 133.88115787506104
36: [4, 50, 63, 64, 74] : 141.97385597229004
18: [57, 99, 32, 92, 78] : 96.4548761844635
10: [28, 10, 84, 9, 16] : 83.30971813201904
34: [34, 97, 38, 63, 75] : 132.08998227119446
1: [1, 32, 91, 67, 80] : 128.4930455684662
64: [64, 4, 50, 74, 75] : 140.06825709342957
28: [10, 28, 61, 84, 53] : 99.10518097877502
82: [82, 62, 70, 49, 6] : 102.71311593055725
96: [7, 14, 38, 6, 18] : 133.93735098838806
59: [56, 59, 52, 47, 96] : 80.91310572624207
67: [17, 29, 60, 80, 50] : 137.83703804016113
15: [15, 19, 3, 31, 97] : 130.52138781547546
27: [29, 27, 44, 93, 78] : 141.1226041316986
99: [78, 99, 86, 44, 74] : 150.78045201301575
72: [31, 3, 30, 38, 72] : 130.2694320678711
6: [6, 88, 42, 97, 1] : 131.09833931922913
62: [62, 75, 64, 63, 50] : 132.29261565208435
37: [37, 17, 76, 22, 56] : 83.00842475891113
31: [31, 38, 21, 3, 42] : 124.08222341537476
45: [45, 1, 26, 83, 99] : 107.92646503448486
58: [58, 89, 41, 85, 13] : 93.21816039085388
97: [97, 34, 38, 80, 64] : 139.45821809768677
25: [20, 25, 5, 60, 94] : 111.7829053401947
25: [25, 5, 20, 40, 87] : 114.23822855949402
69: [17, 69, 76, 12, 37] : 97.97823786735535
21: [21, 15, 38, 42, 31] : 124.28713083267212
19: [19, 97, 38, 15, 65] : 147.279634475708
20: [20, 25, 5, 84, 86] : 83.2395167350769
27: [38, 27, 30, 55, 15] : 110.73498392105103
45: [45, 29, 7, 67, 18] : 101.68215346336365
65: [66, 65, 64, 80, 4] : 134.13605451583862
64: [50, 64, 4, 63, 74] : 128.0341293811798
12: [12, 17, 76, 53, 68] : 82.04133653640747
50: [25, 5, 20, 50, 75] : 123.65421414375305
61: [14, 99, 78, 18, 92] : 98.57472681999207
25: [25, 20, 5, 84, 7] : 105.18276715278625
0: [0, 57, 53, 52, 83] : 76.83934164047241
71: [71, 60, 49, 56, 96] : 88.1426751613617
13: [13, 81, 90, 68, 58] : 82.11307334899902
3: [75, 63, 4, 3, 64] : 123.734450340271
80: [80, 4, 65, 75, 64] : 123.69670510292053
2: [2, 11, 4, 3, 99] : 129.71443033218384
2: [2, 11, 35, 0, 57] : 105.99480772018433
91: [91, 32, 1, 67, 73] : 112.56955742835999
18: [99, 44, 63, 64, 4] : 127.694016456604
20: [20, 25, 84, 5, 39] : 80.70377492904663
6: [6, 7, 18, 99, 50] : 129.63761639595032
38: [4, 63, 80, 74, 50] : 127.87512707710266
59: [59, 52, 47, 96, 56] : 94.17917799949646
46: [13, 85, 46, 69, 86] : 100.79836988449097
2: [5, 20, 25, 84, 94] : 96.74364233016968
64: [64, 75, 97, 3, 50] : 139.02497386932373
77: [77, 24, 4, 99, 80] : 129.82924437522888
21: [21, 80, 42, 4, 63] : 129.9165894985199
98: [98, 35, 57, 67, 14] : 105.28341245651245
58: [97, 47, 59, 58, 34] : 119.78393983840942
54: [54, 14, 92, 6, 18] : 104.53722286224365
25: [25, 5, 20, 84, 37] : 85.34237384796143
98: [98, 35, 46, 11, 86] : 130.38309407234192
64: [96, 52, 47, 59, 56] : 80.79501700401306
12: [12, 17, 60, 90, 76] : 100.0142171382904
20: [20, 25, 5, 60, 94] : 90.74593782424927
2: [2, 26, 99, 32, 1] : 94.79420757293701
65: [50, 65, 93, 64, 72] : 125.79470205307007
4: [4, 99, 80, 75, 64] : 132.99604177474976
23: [23, 60, 76, 49, 59] : 74.73294830322266
72: [72, 4, 55, 29, 63] : 123.70298171043396
40: [40, 24, 20, 86, 67] : 105.30622792243958
91: [32, 91, 73, 1, 67] : 117.93700194358826
80: [80, 47, 63, 75, 4] : 119.22351908683777
99: [99, 32, 44, 74, 18] : 129.70245170593262
24: [24, 7, 79, 18, 6] : 100.56392669677734
41: [41, 75, 85, 50, 63] : 135.102112531662
45: [43, 27, 4, 88, 97] : 117.86079692840576
17: [17, 37, 76, 22, 81] : 86.70530223846436
60: [47, 60, 59, 52, 96] : 70.12761497497559
61: [61, 99, 78, 4, 80] : 139.69469022750854
86: [86, 39, 87, 85, 20] : 86.7935221195221
0: [0, 53, 57, 83, 10] : 82.16436839103699
53: [53, 57, 82, 83, 6] : 92.72751140594482
0: [0, 57, 83, 53, 10] : 86.72017049789429
82: [82, 62, 6, 53, 70] : 92.63839817047119
42: [42, 43, 88, 38, 3] : 119.08141899108887
74: [7, 99, 18, 77, 50] : 134.40391516685486
53: [70, 57, 53, 0, 92] : 81.49914860725403
96: [97, 34, 42, 38, 88] : 112.81375575065613
count (test images): 625
Mean per class acc: 62.99%
Mean inference time: 114.92 sec
Top 1 acc: 64.64%
Top 3 acc: 79.52%
Top 5 acc: 83.52%
