49: [49, 72, 95, 60, 30] : 266.4827604293823
92: [92, 83, 57, 53, 70] : 279.8709855079651
41: [41, 6, 99, 18, 43] : 343.90118408203125
75: [63, 64, 75, 97, 50] : 314.96710181236267
7: [7, 51, 99, 6, 77] : 342.46125173568726
71: [71, 60, 49, 23, 33] : 219.29997754096985
50: [74, 4, 50, 6, 64] : 318.27175760269165
27: [38, 27, 15, 42, 55] : 292.8014979362488
70: [70, 53, 62, 92, 83] : 154.48806619644165
24: [24, 32, 6, 7, 63] : 335.2937662601471
36: [36, 50, 65, 64, 80] : 369.966481924057
32: [50, 72, 57, 93, 95] : 335.73772835731506
45: [45, 99, 26, 29, 78] : 318.7215766906738
80: [80, 4, 75, 34, 64] : 311.0210270881653
12: [12, 76, 60, 17, 68] : 153.31653308868408
23: [76, 23, 49, 60, 17] : 176.68147993087769
58: [58, 85, 69, 89, 97] : 351.11074018478394
96: [96, 52, 59, 47, 60] : 267.0212323665619
42: [42, 88, 43, 4, 97] : 317.40938925743103
86: [78, 83, 99, 27, 29] : 334.39067697525024
37: [17, 37, 52, 66, 47] : 328.7316462993622
45: [45, 4, 29, 50, 80] : 327.6311025619507
37: [37, 17, 80, 47, 52] : 338.08140683174133
90: [60, 90, 27, 4, 33] : 333.8810455799103
69: [69, 43, 31, 17, 15] : 291.32619071006775
40: [40, 38, 84, 42, 43] : 291.88279962539673
27: [29, 80, 27, 49, 17] : 334.5975077152252
18: [24, 99, 53, 79, 7] : 349.9010353088379
55: [29, 4, 34, 42, 38] : 334.3777914047241
54: [70, 92, 14, 62, 7] : 252.22944951057434
37: [37, 17, 40, 22, 76] : 136.45584225654602
36: [65, 38, 4, 77, 3] : 311.33897638320923
35: [35, 98, 11, 46, 2] : 260.55597615242004
37: [37, 17, 60, 52, 7] : 228.34352946281433
27: [97, 27, 50, 33, 43] : 310.90039443969727
73: [73, 30, 97, 72, 27] : 275.60830950737
65: [65, 80, 50, 38, 74] : 334.6383810043335
91: [91, 1, 73, 32, 67] : 353.7100410461426
64: [64, 80, 50, 4, 97] : 326.6106436252594
17: [17, 60, 37, 14, 52] : 216.96088314056396
41: [41, 89, 69, 6, 17] : 255.42107391357422
19: [19, 43, 29, 15, 97] : 377.18280148506165
83: [83, 0, 57, 53, 9] : 177.1825430393219
37: [37, 47, 52, 17, 96] : 302.5398418903351
65: [38, 80, 64, 34, 4] : 293.2345793247223
97: [97, 50, 64, 65, 66] : 336.2532162666321
95: [95, 30, 72, 73, 71] : 285.0097270011902
48: [48, 41, 8, 89, 58] : 370.9477264881134
54: [14, 6, 54, 70, 7] : 237.449551820755
86: [86, 87, 94, 9, 0] : 179.3138678073883
86: [86, 87, 39, 84, 53] : 227.12520933151245
6: [6, 82, 70, 63, 47] : 313.61417031288147
85: [85, 41, 4, 27, 42] : 335.93760204315186
53: [53, 57, 0, 99, 82] : 338.080176115036
9: [9, 10, 84, 61, 16] : 371.2717750072479
20: [20, 25, 84, 5, 60] : 387.2703218460083
99: [99, 78, 44, 18, 53] : 338.27000284194946
8: [8, 48, 53, 5, 69] : 351.8885726928711
14: [14, 18, 7, 79, 67] : 337.0107915401459
23: [33, 59, 67, 91, 51] : 222.84513449668884
74: [80, 50, 4, 64, 65] : 311.40258717536926
82: [82, 69, 14, 62, 29] : 345.7514579296112
15: [15, 29, 27, 4, 72] : 353.6143367290497
30: [30, 95, 72, 4, 71] : 330.16469836235046
71: [71, 60, 49, 23, 76] : 178.69041776657104
28: [28, 10, 57, 16, 61] : 187.41278290748596
81: [81, 90, 47, 13, 37] : 194.44568490982056
26: [70, 6, 29, 7, 62] : 329.25168347358704
96: [60, 52, 96, 47, 80] : 277.8236951828003
76: [76, 60, 49, 7, 6] : 311.16719937324524
21: [21, 63, 4, 80, 31] : 338.78824639320374
0: [0, 57, 53, 83, 28] : 162.2822389602661
2: [2, 11, 75, 50, 35] : 321.55946016311646
46: [46, 98, 11, 35, 94] : 356.34660291671753
15: [15, 29, 38, 80, 43] : 331.1434144973755
43: [43, 4, 3, 63, 88] : 332.24259066581726
19: [97, 19, 29, 15, 38] : 349.56494975090027
88: [88, 43, 42, 34, 97] : 357.4669682979584
88: [97, 80, 63, 42, 88] : 320.9497525691986
39: [39, 27, 50, 99, 86] : 339.3433475494385
28: [28, 16, 84, 9, 61] : 303.49352741241455
17: [17, 49, 60, 31, 3] : 277.72188091278076
4: [4, 50, 74, 80, 55] : 313.5566372871399
42: [4, 75, 55, 50, 74] : 339.3871841430664
53: [53, 57, 0, 83, 18] : 227.08573627471924
47: [47, 52, 96, 59, 23] : 202.3393063545227
43: [43, 4, 3, 42, 63] : 353.9497456550598
81: [37, 17, 86, 12, 94] : 144.44899892807007
8: [8, 41, 89, 96, 33] : 295.35507130622864
47: [60, 47, 96, 52, 17] : 228.21650910377502
19: [19, 38, 15, 4, 3] : 339.5064549446106
62: [62, 70, 6, 82, 7] : 304.50315117836
70: [70, 62, 92, 0, 18] : 238.1506588459015
87: [87, 86, 20, 24, 22] : 263.2495758533478
92: [14, 6, 18, 82, 1] : 235.81874442100525
55: [80, 4, 63, 30, 38] : 313.04448533058167
62: [62, 47, 82, 92, 49] : 226.31316781044006
17: [17, 85, 22, 27, 12] : 372.5953731536865
58: [58, 69, 85, 75, 13] : 337.168692111969
64: [80, 64, 50, 74, 36] : 320.4395205974579
60: [60, 19, 49, 31, 97] : 269.1004707813263
13: [13, 50, 15, 63, 27] : 351.80655241012573
65: [65, 50, 36, 64, 97] : 320.4584107398987
24: [24, 7, 74, 6, 79] : 329.7304472923279
12: [76, 17, 12, 97, 80] : 328.02184319496155
10: [10, 53, 28, 84, 61] : 161.18681597709656
10: [10, 61, 28, 22, 20] : 212.75848698616028
83: [99, 53, 83, 78, 32] : 353.0702064037323
27: [99, 44, 50, 74, 78] : 335.4271206855774
73: [73, 91, 1, 30, 95] : 329.31599259376526
51: [4, 51, 77, 63, 99] : 328.03219985961914
17: [60, 69, 7, 77, 15] : 285.448805809021
20: [25, 20, 5, 75, 50] : 319.50888752937317
86: [85, 90, 17, 69, 99] : 312.0254645347595
70: [70, 62, 92, 96, 51] : 136.51231837272644
49: [49, 60, 76, 59, 71] : 293.809268951416
56: [56, 59, 52, 96, 47] : 219.05132818222046
43: [43, 42, 88, 3, 97] : 370.369304895401
28: [28, 40, 16, 10, 84] : 161.38369059562683
17: [17, 6, 53, 60, 37] : 311.14402627944946
74: [75, 74, 4, 55, 63] : 310.93831396102905
46: [11, 35, 46, 7, 27] : 235.9775505065918
63: [97, 65, 4, 63, 66] : 334.9673185348511
41: [41, 89, 67, 99, 90] : 316.5006844997406
78: [78, 31, 99, 44, 42] : 329.24779987335205
92: [92, 70, 83, 18, 62] : 225.7072319984436
36: [36, 50, 65, 64, 80] : 370.5693476200104
59: [52, 59, 96, 47, 56] : 266.4764938354492
4: [4, 80, 38, 42, 3] : 327.665269613266
97: [97, 43, 38, 34, 42] : 317.6078815460205
29: [29, 93, 27, 67, 65] : 327.09229135513306
87: [86, 87, 40, 69, 17] : 354.0622601509094
63: [63, 82, 80, 75, 56] : 309.6062560081482
27: [80, 27, 4, 97, 44] : 350.2220652103424
89: [89, 41, 85, 58, 7] : 323.63373708724976
43: [43, 97, 38, 42, 3] : 334.5554313659668
10: [10, 28, 20, 61, 92] : 159.4436445236206
54: [14, 18, 99, 54, 70] : 327.15662026405334
73: [14, 34, 95, 97, 38] : 309.01185178756714
19: [97, 34, 19, 75, 63] : 334.09484934806824
41: [4, 75, 7, 45, 63] : 327.37618589401245
27: [44, 27, 60, 67, 32] : 344.15719413757324
14: [14, 32, 7, 1, 50] : 343.2580580711365
96: [96, 52, 47, 17, 31] : 307.8155164718628
76: [76, 60, 15, 88, 38] : 280.6618220806122
12: [12, 17, 60, 71, 76] : 264.74024271965027
34: [34, 97, 75, 38, 80] : 349.2038848400116
50: [4, 74, 64, 63, 32] : 332.4716360569
25: [25, 20, 5, 87, 84] : 268.4416117668152
51: [4, 80, 63, 74, 64] : 353.1716878414154
70: [70, 62, 60, 52, 96] : 192.24345016479492
50: [50, 4, 74, 64, 65] : 333.16290068626404
94: [94, 5, 22, 84, 40] : 177.00754857063293
30: [30, 73, 1, 95, 91] : 282.23051142692566
3: [3, 4, 63, 75, 21] : 324.64807081222534
55: [4, 75, 34, 55, 97] : 313.943989276886
81: [13, 81, 60, 90, 68] : 222.54281306266785
0: [0, 57, 53, 10, 99] : 349.92179918289185
64: [63, 64, 75, 80, 3] : 307.61278200149536
34: [34, 38, 63, 42, 4] : 308.0332624912262
92: [62, 70, 82, 51, 53] : 151.7704176902771
20: [25, 20, 5, 84, 94] : 240.3548505306244
73: [73, 30, 95, 67, 45] : 314.6340491771698
11: [11, 35, 2, 3, 85] : 321.00862669944763
89: [42, 15, 88, 18, 97] : 281.75363183021545
50: [50, 80, 65, 4, 64] : 323.26254415512085
10: [29, 4, 93, 95, 77] : 321.07379508018494
52: [52, 96, 59, 47, 56] : 132.72952699661255
91: [91, 1, 32, 67, 99] : 333.0295877456665
63: [4, 65, 63, 80, 34] : 289.8115065097809
4: [4, 55, 75, 32, 27] : 329.32587242126465
78: [78, 99, 18, 0, 83] : 380.52891516685486
53: [53, 96, 60, 61, 59] : 133.27896332740784
38: [38, 80, 65, 34, 64] : 322.9609568119049
6: [6, 14, 18, 7, 77] : 324.6631269454956
47: [52, 96, 60, 47, 80] : 307.74547815322876
84: [84, 50, 20, 4, 93] : 331.87070202827454
13: [13, 60, 89, 69, 90] : 174.6000452041626
5: [20, 5, 84, 25, 12] : 208.9199938774109
21: [21, 3, 97, 64, 88] : 347.89436960220337
70: [70, 6, 18, 62, 14] : 216.54706859588623
70: [70, 92, 62, 18, 6] : 223.21733951568604
27: [27, 29, 30, 73, 93] : 324.7432117462158
5: [84, 20, 94, 87, 5] : 175.08669924736023
5: [5, 37, 94, 20, 25] : 256.0764710903168
0: [57, 0, 53, 83, 99] : 330.2364172935486
73: [25, 5, 27, 85, 2] : 350.32644391059875
89: [89, 85, 41, 57, 37] : 194.45149159431458
7: [53, 7, 83, 99, 18] : 333.15596199035645
78: [78, 44, 64, 63, 27] : 341.9892909526825
25: [25, 20, 5, 39, 87] : 182.9461009502411
53: [53, 63, 10, 16, 91] : 364.2845878601074
25: [25, 20, 5, 37, 84] : 255.93188858032227
23: [23, 49, 33, 95, 97] : 272.2220468521118
42: [42, 43, 88, 4, 27] : 349.0865480899811
59: [59, 47, 56, 96, 76] : 199.7540488243103
34: [34, 97, 64, 38, 88] : 364.95345759391785
71: [71, 95, 30, 60, 72] : 280.9975621700287
88: [88, 42, 43, 80, 65] : 332.32870721817017
62: [54, 70, 14, 92, 99] : 331.075124502182
count (test images): 200
Mean per class acc: 72.23%
Mean inference time: 292.85 sec
Top 1 acc: 68.50%
Top 3 acc: 72.50%
Top 5 acc: 75.50%
