49: [72, 88, 43, 42, 93] : 87.35622048377991
92: [92, 83, 70] : 36.121410608291626
41: [67, 69, 99, 27, 9] : 60.973424673080444
75: [56, 78, 54, 97, 44] : 100.0669174194336
7: [7, 99, 51, 93, 69] : 51.55502963066101
71: [71, 60, 23] : 31.415875911712646
50: [74, 4, 50, 65, 55] : 84.241131067276
27: [27, 38, 15, 42, 55] : 80.43260097503662
70: [70, 53, 62] : 33.91519236564636
24: [24, 32, 99, 74, 79] : 61.5268120765686
36: [36, 50, 65, 74, 3] : 98.4851324558258
32: [57, 32, 93, 83, 69] : 53.582271099090576
45: [45, 29, 26, 65, 44] : 58.360727310180664
80: [80, 4, 34, 74, 42] : 86.58650422096252
12: [12, 76, 60] : 34.53391981124878
23: [23, 76, 69] : 28.885353565216064
58: [58, 85, 69, 23] : 37.03891587257385
96: [96, 52, 59] : 34.515586137771606
42: [42, 43, 88, 3, 97] : 85.32567930221558
86: [39, 69, 51] : 28.887345790863037
37: [17, 37, 60] : 34.53364586830139
45: [45, 29, 42, 26, 88] : 85.3745527267456
37: [37, 17, 52] : 34.64802145957947
90: [60, 3, 42, 88, 43] : 94.68643522262573
69: [69, 17, 76] : 32.09703874588013
40: [84, 24, 20, 51, 29] : 58.490126609802246
27: [27, 29, 93, 23, 60] : 49.064279317855835
18: [53, 0, 51] : 31.479534149169922
55: [34, 38, 42, 29, 88] : 82.40368390083313
54: [70, 92, 54] : 34.60622262954712
37: [37, 17, 51] : 32.094051122665405
36: [65, 4, 77, 38, 75] : 86.76254439353943
35: [35, 98, 69] : 31.47352147102356
37: [37, 17, 69] : 32.10029196739197
27: [33, 59, 23] : 31.466188669204712
73: [27, 78, 59, 65, 29] : 55.34328532218933
65: [65, 74, 78, 51, 23] : 46.55093741416931
91: [91, 1, 73, 32, 67] : 79.25825619697571
64: [64, 50, 97, 38, 3] : 96.29140019416809
17: [17, 37, 23] : 31.47727108001709
41: [69, 53, 60] : 30.83141803741455
19: [19, 43, 29, 15, 88] : 82.35635638237
83: [83, 0, 53] : 34.582772731781006
37: [37, 17, 23] : 31.451053142547607
65: [38, 34, 97, 65, 42] : 73.5217592716217
97: [97, 65, 50, 64, 43] : 93.00922203063965
95: [73, 69, 17, 45, 29] : 58.46249222755432
48: [48, 41, 8, 89, 58] : 66.65084838867188
54: [54, 70, 51] : 31.45587134361267
86: [86, 87, 81, 13] : 43.38900327682495
86: [86, 87, 39] : 35.218302488327026
6: [70, 53, 51] : 31.457010984420776
85: [85, 41, 52, 89] : 44.330806493759155
53: [53, 82, 23] : 31.318833112716675
9: [84, 22, 94] : 34.456700563430786
20: [20, 25, 84] : 35.097732067108154
99: [78, 99, 44, 53, 69] : 48.87029242515564
8: [5, 86, 69] : 31.958001136779785
14: [14, 79, 26, 54, 99] : 60.7470064163208
23: [33, 59, 51] : 31.32274341583252
74: [80, 4, 65, 27, 74] : 92.65509533882141
82: [82, 54, 29, 65, 96] : 58.23569917678833
15: [15, 29, 27, 72, 43] : 81.98795962333679
30: [30, 95, 72, 55, 71] : 75.72531938552856
71: [23, 69, 11] : 28.820648193359375
28: [28, 10, 57] : 34.449121952056885
81: [37, 47, 96] : 34.449010610580444
26: [62, 70, 82, 29, 45] : 55.11459755897522
96: [60, 52, 69] : 31.321364641189575
76: [76, 12, 51] : 31.329150915145874
21: [21, 31, 38, 42, 78] : 82.00065231323242
0: [0, 57, 51] : 31.320425748825073
2: [2, 11, 69] : 32.00450110435486
46: [46, 98, 35, 86] : 43.27401041984558
15: [15, 38, 29, 3, 43] : 82.04856944084167
43: [43, 3, 88, 97, 27] : 84.51283144950867
19: [97, 19, 15, 38, 34] : 85.14742732048035
88: [88, 43, 42, 34, 97] : 85.15995025634766
88: [97, 34, 38, 65, 95] : 73.24547743797302
39: [39, 25, 83] : 34.472288608551025
28: [84, 86, 51] : 31.96135187149048
17: [49, 60, 51] : 31.349005699157715
4: [74, 65, 44, 93, 51] : 48.86528491973877
42: [4, 75, 74, 99, 55] : 92.64940357208252
53: [53, 0, 51] : 31.332321166992188
47: [47, 52, 23] : 31.346335411071777
43: [43, 3, 42, 97, 65] : 75.79588532447815
81: [37, 87, 94] : 35.145134925842285
8: [96, 47, 33, 52, 49] : 57.719372510910034
47: [47, 96, 52] : 33.87580442428589
19: [19, 38, 15, 43, 65] : 82.02323889732361
62: [62, 70, 6, 51, 82] : 58.22443652153015
70: [70, 62, 92] : 34.4271981716156
87: [87, 86, 22] : 35.069746017456055
92: [1, 82, 83, 53, 70] : 60.70640802383423
55: [30, 42, 88, 99, 55] : 78.2045168876648
62: [62, 47, 92] : 34.44326043128967
17: [17, 60, 27, 29, 12] : 57.5450165271759
58: [58, 85, 69, 46] : 40.04173183441162
64: [80, 64, 74, 38, 65] : 83.83228325843811
60: [60, 49, 19, 97, 38] : 84.4438989162445
13: [14, 27, 99, 29, 51] : 51.940110206604004
65: [65, 50, 97, 36, 38] : 83.83104467391968
24: [83, 82, 51] : 31.348148822784424
12: [17, 52, 51] : 31.98770308494568
10: [10, 28, 53] : 34.48806405067444
10: [10, 61, 28] : 34.501002073287964
83: [99, 53, 7, 78, 51] : 52.040257692337036
27: [99, 44, 18, 74, 78] : 58.2738082408905
73: [73, 44, 29, 69, 51] : 49.46783137321472
51: [51, 77, 1, 99, 45] : 51.95026731491089
17: [17, 69, 65, 15, 77] : 81.96819424629211
20: [25, 20, 5, 93, 65] : 55.076719522476196
86: [85, 90, 17, 23] : 40.08440327644348
70: [70, 62, 51] : 31.32267189025879
49: [49, 33, 23] : 31.31786036491394
56: [56, 59, 82] : 34.43621850013733
43: [43, 42, 88, 97, 65] : 81.976797580719
28: [28, 40, 16] : 35.054908752441406
17: [17, 76, 69] : 31.305696487426758
74: [4, 75, 74, 55, 27] : 86.38344144821167
46: [11, 35, 46, 60, 2] : 57.624027490615845
63: [97, 65, 42, 38, 43] : 82.07435631752014
41: [99, 69, 75, 4, 27] : 92.72888398170471
78: [78, 44, 29, 27, 51] : 48.8727068901062
92: [92, 70, 83] : 34.46345520019531
36: [36, 50, 65, 74, 91] : 98.25094246864319
59: [52, 96, 51] : 31.3087420463562
4: [4, 80, 55, 74, 38] : 92.5672562122345
97: [97, 43, 38, 42, 65] : 81.94074058532715
29: [29, 27, 93, 50, 65] : 95.71587610244751
87: [86, 87, 69] : 31.929298639297485
63: [63, 82, 50, 97, 99] : 92.5652105808258
27: [27, 44, 65, 78, 29] : 55.08079218864441
89: [89, 41, 85, 58] : 42.61272954940796
43: [43, 97, 38, 3, 65] : 85.15560388565063
10: [10, 28, 51] : 31.95177721977234
54: [54, 70, 69] : 31.3342764377594
73: [44, 67, 99, 78, 29] : 58.20269441604614
19: [97, 34, 19, 38, 65] : 75.69167256355286
41: [7, 67, 45, 78, 69] : 61.33715844154358
27: [73, 32, 91, 44, 67] : 85.09739351272583
14: [32, 78, 51, 93, 26] : 58.19470000267029
96: [96, 52, 23] : 31.312836408615112
76: [60, 49, 23] : 31.30652618408203
12: [17, 12, 60] : 33.80513787269592
34: [34, 97, 75, 38, 80] : 92.594309091568
50: [74, 65, 63, 80, 55] : 86.33112788200378
25: [25, 20, 5, 84, 87] : 58.24162578582764
51: [4, 80, 74, 78, 44] : 92.64611029624939
70: [70, 62, 51] : 31.32296061515808
50: [50, 4, 74, 65, 38] : 86.32832193374634
94: [94, 5, 84] : 35.06216645240784
30: [69, 51, 53] : 28.192028284072876
3: [3, 21, 19, 31, 65] : 84.46072268486023
55: [4, 75, 65, 55, 29] : 92.59614682197571
81: [60, 96, 47] : 33.82194542884827
0: [57, 0, 51] : 31.31246256828308
64: [64, 63, 3, 97, 74] : 92.59461092948914
34: [34, 38, 42, 97, 74] : 75.68866991996765
92: [62, 51, 23] : 28.812015771865845
20: [20, 25, 5] : 34.41478395462036
73: [73, 65, 27, 45, 69] : 51.944111585617065
11: [11, 35, 2, 78, 86] : 58.2496874332428
89: [42, 88, 43, 97, 27] : 75.74444246292114
50: [50, 65, 80, 29, 27] : 88.85942697525024
10: [29, 1, 93, 74, 51] : 51.96904134750366
52: [52, 96, 23] : 31.301697492599487
91: [91, 99, 74, 69, 45] : 51.94234347343445
63: [34, 65, 97, 3, 43] : 81.9701144695282
4: [4, 55, 27, 72, 75] : 86.376953125
78: [78, 99, 0, 57, 83] : 57.58528256416321
53: [53, 60, 57] : 33.82075619697571
38: [38, 34, 65, 97, 55] : 84.4925525188446
6: [6, 82, 77, 99, 51] : 58.2376275062561
47: [96, 52, 47] : 33.8317015171051
84: [84, 37, 17] : 35.0666069984436
13: [13, 69, 81, 90] : 40.07158398628235
5: [5, 20, 84] : 34.46682620048523
21: [21, 3, 97, 64, 4] : 95.8546257019043
70: [70, 62, 51] : 31.344728469848633
70: [70, 92, 62, 99, 7] : 60.76134204864502
27: [27, 29, 93, 44, 74] : 55.1046576499939
5: [84, 87, 94] : 35.079378604888916
5: [5, 94, 25] : 35.0800142288208
0: [57, 0, 51] : 31.32808494567871
73: [25, 5, 27, 29, 84] : 55.0752694606781
89: [57, 0, 53] : 34.41857075691223
7: [7, 53, 83, 57, 51] : 51.94074010848999
78: [78, 44, 27, 99, 97] : 95.07476377487183
25: [25, 20, 5, 39] : 43.19758439064026
53: [53, 10, 0] : 34.4207866191864
25: [25, 5, 20] : 35.05553388595581
23: [23, 60, 69] : 28.17534065246582
42: [42, 88, 43, 27, 34] : 85.07359600067139
59: [76, 17, 60] : 33.83212900161743
34: [34, 97, 38, 3, 65] : 84.66927790641785
71: [71, 60, 26, 45, 27] : 60.972105264663696
88: [88, 42, 43, 65, 4] : 96.21130871772766
62: [54, 14, 70, 79, 99] : 58.48599290847778
42: [97, 38, 34, 43, 65] : 85.52665328979492
9: [9, 10, 57] : 34.58858823776245
9: [9, 16, 69] : 32.0808310508728
65: [4, 65, 75, 72, 55] : 93.03776526451111
50: [44, 74, 65, 93, 51] : 49.07136559486389
87: [87, 86, 39, 67, 29] : 58.515568256378174
12: [12, 71, 23] : 31.479732275009155
99: [99, 78, 83, 77, 69] : 49.09544396400452
88: [88, 34, 43, 38, 65] : 76.10532069206238
57: [57, 10, 61] : 34.61518716812134
43: [43, 88, 42, 97, 29] : 85.53837442398071
48: [48, 41, 86, 69] : 40.26379442214966
49: [60, 49, 23] : 31.46435523033142
73: [73, 29, 93, 57, 69] : 52.2031512260437
49: [49, 60, 33, 23, 31] : 76.04654288291931
56: [56, 59, 23] : 31.471166849136353
21: [21, 27, 29, 78, 31] : 82.3763997554779
46: [46, 11, 98, 35] : 43.406489610672
73: [91, 93, 27, 51, 23] : 49.69778490066528
77: [74, 57, 99, 77, 51] : 49.05832815170288
85: [85, 41, 69, 51] : 37.10396075248718
32: [70, 57, 54] : 34.612295150756836
27: [27, 44, 78, 74, 51] : 49.066855669021606
20: [20, 25, 84] : 35.23150825500488
38: [38, 80, 65, 4, 97] : 86.73226618766785
96: [60, 33, 51] : 31.447256326675415
77: [77, 79, 93, 26, 74] : 55.34481191635132
54: [54, 70, 62] : 34.60811519622803
29: [29, 4, 43, 34, 42] : 93.03560447692871
65: [65, 23, 57, 78, 29] : 49.059550523757935
84: [89, 41, 10, 61] : 43.38697957992554
85: [17, 76, 51] : 31.450795888900757
0: [0, 57, 53] : 34.597862005233765
10: [10, 28, 51] : 31.44958233833313
28: [40, 87, 69] : 32.083300828933716
34: [80, 4, 65, 74, 34] : 86.74644422531128
70: [70, 62, 82] : 33.98098540306091
90: [69, 17, 37] : 31.476714611053467
59: [59, 52, 47] : 34.610965728759766
50: [50, 64, 65, 74, 38] : 95.53139066696167
89: [41, 89, 85, 58, 90] : 65.99293112754822
87: [86, 87, 94] : 34.59595608711243
39: [39, 25, 86] : 34.600302934646606
9: [9, 25, 84] : 34.58137273788452
77: [32, 78, 44, 27, 99] : 58.46239113807678
37: [96, 59, 47] : 34.59049940109253
45: [67, 44, 27, 93, 29] : 58.46721625328064
10: [70, 92, 61] : 34.613707304000854
51: [51, 4, 63, 42, 99] : 86.76883172988892
40: [56, 69, 59] : 32.07585334777832
71: [26, 45, 73, 93, 35] : 60.958552837371826
30: [30, 95, 97, 34, 74] : 82.33121109008789
37: [37, 17, 53] : 33.96968150138855
69: [69, 76, 23] : 28.936011791229248
75: [97, 34, 65, 31, 3] : 82.35446166992188
87: [87, 60, 23] : 31.465924978256226
30: [91, 74, 99, 69, 51] : 49.70775818824768
92: [92, 70, 51] : 32.08478879928589
48: [48, 41, 58, 69] : 40.24633550643921
0: [0, 53, 57] : 34.6026291847229
49: [49, 69, 23] : 28.30224609375
46: [46, 86, 85, 87] : 43.39747643470764
49: [49, 60, 23] : 31.484631538391113
94: [94, 86, 9] : 35.240517139434814
47: [47, 52, 96] : 34.59863209724426
72: [30, 95, 72, 55, 73] : 93.68253946304321
37: [37, 47, 17] : 34.596447706222534
41: [41, 86, 89, 85] : 43.405750036239624
29: [29, 74, 65, 1, 51] : 52.21088194847107
50: [4, 80, 74, 29, 34] : 86.78099918365479
42: [80, 4, 38, 97, 43] : 86.73841214179993
92: [92, 70, 51] : 31.454898357391357
43: [71, 33, 51] : 30.83672523498535
83: [83, 61, 0] : 34.60499334335327
25: [20, 25, 5] : 35.23180103302002
7: [7, 45, 79, 99, 69] : 58.483949184417725
69: [69, 49, 60] : 31.467852115631104
43: [43, 42, 88, 3, 29] : 82.40353202819824
86: [9, 76, 37] : 35.242496728897095
13: [13, 81, 96, 23] : 40.267415046691895
5: [5, 20, 25] : 35.22689461708069
43: [43, 42, 3, 38, 88] : 96.19697499275208
21: [21, 63, 64, 27, 78] : 95.59166193008423
40: [40, 84, 39] : 34.608256101608276
11: [11, 46, 35, 98, 2] : 57.86559772491455
2: [2, 11, 35] : 34.598121643066406
74: [52, 96, 51] : 31.470417737960815
30: [30, 95, 73, 32, 72] : 88.05145025253296
33: [33, 49, 60, 52] : 42.79833960533142
92: [70, 92, 62] : 34.61914396286011
0: [0, 57, 25] : 34.58991599082947
22: [76, 69, 23] : 28.959299325942993
45: [44, 78, 99, 29, 27] : 55.3732271194458
70: [62, 70, 51] : 31.492790460586548
22: [22, 69, 51] : 28.974968194961548
74: [93, 74, 65, 78, 51] : 49.06250262260437
15: [15, 43, 38, 31, 29] : 84.87990713119507
43: [97, 43, 15, 3, 65] : 73.55738615989685
47: [96, 52, 69] : 31.458170890808105
72: [45, 27, 71, 26, 23] : 49.04273843765259
39: [39, 86, 0] : 34.61094093322754
69: [69, 17, 23] : 28.958540678024292
54: [54, 96, 0] : 34.61256957054138
9: [57, 69, 53] : 31.486084938049316
85: [70, 52, 51] : 32.10334801673889
25: [20, 25, 5, 17] : 43.41773772239685
53: [53, 83, 51] : 31.487402200698853
2: [2, 11, 35, 69] : 40.29491400718689
40: [51, 31, 38, 29, 88] : 76.10045742988586
75: [72, 95, 3, 97, 65] : 85.55100131034851
48: [48, 8, 46, 35] : 43.422444105148315
31: [31, 42, 3, 21, 1] : 88.68771743774414
42: [88, 43, 38, 19, 65] : 82.39180493354797
58: [58, 68, 69, 37] : 40.26537609100342
29: [4, 29, 80, 93, 3] : 86.76349353790283
78: [78, 80, 97, 88, 4] : 86.798579454422
78: [78, 99, 80, 42, 44] : 86.79086995124817
4: [4, 80, 65, 97, 43] : 93.03813195228577
1: [1, 91, 99, 29, 45] : 61.65593671798706
49: [95, 30, 73, 15, 29] : 85.50860953330994
21: [21, 31, 3, 38, 27] : 82.41276502609253
68: [60, 49, 12] : 34.61572003364563
91: [1, 91, 32, 73, 30] : 85.54211473464966
44: [44, 80, 99, 64, 27] : 96.2385880947113
13: [13, 81, 58, 90] : 43.43351769447327
64: [74, 80, 44, 64, 78] : 93.0960373878479
48: [48, 8, 69, 51] : 37.139859437942505
71: [71, 23, 69] : 28.327603816986084
76: [76, 69, 23] : 28.949180841445923
71: [71, 60, 23] : 31.46025824546814
49: [49, 23, 33] : 31.48846983909607
6: [6, 77, 79, 65, 44] : 61.01594376564026
67: [27, 44, 52, 47, 96] : 57.87603187561035
42: [42, 88, 3, 97, 29] : 84.9408769607544
59: [52, 56, 23] : 31.471646547317505
44: [32, 78, 44, 99, 74] : 61.01761984825134
36: [36, 50, 74, 65, 78] : 93.05975985527039
28: [28, 10, 51] : 31.46082854270935
97: [97, 34, 88, 3, 29] : 82.3589141368866
44: [78, 44, 27, 4, 74] : 93.0445327758789
9: [57, 59, 69] : 31.478144645690918
24: [24, 7, 4, 99, 6] : 96.22233390808105
42: [42, 43, 88, 15, 29] : 85.55858659744263
67: [50, 66, 97, 2, 3] : 96.24146819114685
72: [4, 55, 63, 72, 74] : 84.2560122013092
70: [70, 62, 51] : 31.462703227996826
2: [2, 11, 35] : 35.24192714691162
57: [57, 51, 69] : 28.326539278030396
58: [58, 68, 37, 60] : 42.79150986671448
70: [70, 62, 51] : 31.47765064239502
69: [85, 89, 29, 69, 58] : 63.52139353752136
54: [54, 70, 51] : 31.484276056289673
81: [13, 81, 90, 86] : 43.432276487350464
90: [90, 13, 81, 89] : 43.418601512908936
15: [29, 44, 99, 27, 45] : 55.35659742355347
82: [82, 62, 53] : 34.60329723358154
89: [89, 85, 17, 69] : 40.23692297935486
31: [31, 15, 43, 38, 29] : 82.34522604942322
17: [17, 39, 20] : 35.22860550880432
4: [4, 50, 74, 65, 55] : 93.00465130805969
16: [94, 84, 69] : 32.10073494911194
5: [5, 25, 20, 84, 93] : 58.50743269920349
24: [24, 45, 99, 26, 79] : 61.65260028839111
35: [96, 70, 82] : 35.218022108078
7: [53, 83, 69] : 31.470378398895264
62: [62, 92, 51] : 31.476224184036255
73: [30, 91, 1, 73, 32] : 85.4523332118988
74: [74, 44, 93, 27, 51] : 48.990224838256836
71: [71, 60, 49, 27, 45] : 51.45510768890381
6: [26, 4, 50, 29, 15] : 83.82353925704956
13: [13, 81, 90, 69] : 40.044928550720215
46: [46, 11, 86, 35] : 43.187989473342896
23: [71, 23, 69] : 28.18241262435913
91: [1, 74, 99, 51, 69] : 49.46068072319031
72: [77, 74, 57, 78, 51] : 48.822022914886475
31: [31, 15, 43, 97, 29] : 85.10291171073914
72: [97, 72, 3, 55, 65] : 82.00464224815369
47: [47, 96, 62] : 34.46091651916504
96: [52, 96, 59] : 33.83621883392334
14: [14, 99, 79, 78, 45] : 58.275508880615234
34: [43, 88, 97, 42, 65] : 82.12478446960449
50: [50, 64, 74, 65, 3] : 92.68794989585876
39: [39, 86, 76] : 35.07501149177551
59: [97, 42, 88, 34, 65] : 84.49574708938599
48: [48, 8, 69, 41] : 40.1053307056427
97: [97, 64, 34, 66, 42] : 86.40864443778992
13: [13, 58, 81, 69] : 40.078638792037964
50: [74, 44, 99, 65, 26] : 55.10482835769653
49: [49, 60, 51] : 30.688570261001587
61: [61, 22, 10] : 35.073344230651855
23: [59, 76, 23] : 31.95601177215576
44: [29, 99, 44, 27, 78] : 55.10559701919556
1: [1, 27, 45, 26, 69] : 51.984485149383545
27: [60, 96, 59, 33, 52] : 57.58344626426697
57: [0, 57, 82] : 34.44953989982605
14: [14, 62, 99, 74, 79] : 58.24045777320862
24: [24, 45, 99, 79, 27] : 58.26535749435425
12: [60, 69, 23] : 28.19822645187378
5: [5, 20, 60] : 34.46767854690552
2: [2, 11, 35] : 34.46162796020508
83: [83, 53, 57] : 34.47468447685242
48: [48, 8, 11, 69] : 40.08814859390259
27: [27, 29, 44, 69, 51] : 46.335798025131226
43: [43, 3, 38, 15, 65] : 85.15343236923218
41: [41, 89, 48, 69] : 40.066877365112305
56: [52, 96, 51] : 31.3316388130188
72: [97, 72, 43, 31, 65] : 82.04993081092834
94: [94, 52, 76] : 35.113237619400024
97: [97, 34, 38, 15, 74] : 73.29419612884521
43: [43, 88, 42, 97, 27] : 84.53381490707397
77: [53, 57, 51] : 31.341842651367188
93: [93, 30, 95, 67, 29] : 85.15922498703003
79: [7, 79, 78, 69, 51] : 49.54819297790527
84: [84, 20, 52] : 34.465545415878296
35: [35, 11, 2, 98, 83] : 57.627907276153564
81: [81, 13, 90, 58, 27] : 63.22827196121216
86: [86, 85, 39, 25] : 43.206387519836426
11: [11, 46, 98, 35] : 43.21447253227234
75: [34, 42, 97, 21, 65] : 78.23051571846008
64: [38, 80, 64, 97, 3] : 86.40562653541565
8: [8, 48, 60, 35] : 42.604079484939575
49: [97, 75, 27, 95, 4] : 83.93189883232117
16: [69, 75, 44, 80, 78] : 92.7192759513855
59: [96, 52, 59] : 33.845001459121704
45: [99, 32, 27, 29, 45] : 58.237828731536865
24: [24, 7, 99, 45, 83] : 63.87030911445618
34: [97, 38, 34, 43, 29] : 75.78325963020325
80: [57, 51, 0] : 31.391098737716675
8: [8, 48, 85, 69] : 40.14751386642456
68: [13, 48, 8, 81] : 42.6334969997406
3: [3, 4, 63, 55, 97] : 92.75168704986572
92: [70, 62, 51] : 31.989607334136963
57: [57, 51, 53] : 30.70941710472107
82: [82, 62, 87] : 34.466660499572754
92: [92, 70, 54] : 33.83264899253845
24: [24, 6, 7, 79, 99] : 88.29269671440125
32: [1, 93, 99, 57, 27] : 60.74053454399109
76: [17, 76, 69] : 31.31853222846985
32: [9, 86, 23] : 31.952770948410034
46: [46, 11, 98, 35] : 43.21128010749817
26: [45, 26, 99, 29, 78] : 57.62062644958496
62: [62, 70, 51] : 31.343874216079712
23: [23, 76, 17] : 31.966532707214355
63: [80, 4, 97, 29, 38] : 95.82311964035034
51: [51, 99, 70, 62, 77] : 92.73878192901611
70: [70, 62, 51] : 31.352060556411743
25: [85, 20, 87, 25] : 43.24177670478821
80: [80, 4, 65, 38, 74] : 92.70596170425415
36: [36, 50, 65, 38, 3] : 95.84259390830994
61: [42, 97, 34, 88, 74] : 85.19272351264954
15: [15, 29, 97, 31, 38] : 82.021235704422
38: [38, 64, 80, 34, 74] : 86.4281051158905
1: [1, 99, 26, 77, 51] : 51.999207973480225
34: [34, 97, 88, 42, 38] : 88.30896520614624
67: [93, 65, 97, 4, 63] : 83.88467693328857
86: [86, 39, 69] : 31.967454433441162
64: [65, 74, 57, 77, 99] : 57.652077436447144
24: [24, 77, 14, 93, 69] : 55.13817858695984
82: [82, 6, 62, 70, 79] : 60.776126861572266
5: [5, 20, 84] : 35.08423733711243
76: [76, 56, 59, 90] : 43.232468366622925
13: [13, 58, 69, 48] : 40.101524114608765
61: [80, 72, 4, 65, 97] : 92.67020463943481
50: [43, 97, 88, 27, 31] : 84.51555514335632
70: [47, 96, 60, 52, 56] : 57.594274044036865
98: [35, 98, 37] : 35.067307472229004
20: [20, 39, 22] : 35.081472635269165
97: [97, 88, 42, 43, 27] : 84.52253031730652
60: [0, 94, 20] : 34.44830131530762
14: [14, 99, 79, 26, 82] : 58.21581172943115
27: [27, 73, 44, 78, 51] : 51.97529363632202
87: [87, 25, 23] : 31.981980562210083
60: [60, 49, 23] : 31.35692286491394
44: [44, 91, 29, 51, 69] : 49.55868434906006
8: [8, 48, 41, 89, 30] : 104.02287578582764
95: [95, 30, 72, 55, 27] : 73.27028107643127
82: [82, 62, 51] : 31.34662699699402
51: [44, 74, 27, 51, 69] : 46.348886251449585
8: [67, 7, 44, 69, 27] : 61.370577812194824
41: [60, 69, 50, 65, 63] : 86.38531041145325
3: [3, 38, 43, 88, 15] : 85.16756844520569
67: [67, 32, 38, 34, 73] : 76.38553142547607
50: [80, 64, 38, 74, 34] : 92.65490460395813
9: [53, 59, 47] : 34.458465576171875
70: [70, 92, 51] : 31.333372592926025
80: [80, 64, 74, 65, 38] : 83.91631174087524
82: [82, 70, 52] : 34.48961567878723
84: [84, 20, 40] : 35.105546951293945
63: [4, 80, 74, 7, 44] : 95.8241560459137
60: [71, 60, 23] : 30.693262338638306
80: [80, 4, 34, 97, 65] : 86.41517877578735
56: [56, 71, 59] : 34.45388889312744
25: [5, 20, 94] : 35.10057806968689
74: [4, 38, 50, 74, 65] : 86.39061689376831
38: [38, 15, 43, 97, 27] : 85.1368522644043
52: [96, 52, 23] : 31.339136838912964
93: [93, 27, 65, 51, 23] : 46.34226059913635
29: [29, 27, 50, 74, 38] : 86.40243601799011
2: [53, 0, 51] : 30.70236110687256
44: [91, 44, 78, 2, 65] : 58.23068404197693
79: [96, 56, 51] : 31.31601357460022
11: [11, 35, 98, 46, 2] : 60.75306963920593
26: [23, 70, 51] : 28.851120233535767
95: [1, 93, 29, 27, 45] : 61.44139528274536
31: [97, 31, 38, 43, 33] : 84.56331968307495
88: [88, 34, 42, 43, 29] : 82.01605677604675
2: [2, 11, 69] : 31.323441982269287
37: [37, 17, 23] : 31.345746517181396
68: [60, 49, 58, 23] : 39.47446942329407
66: [88, 97, 55, 43, 65] : 81.98880815505981
95: [50, 23, 43, 75, 97] : 95.75710797309875
91: [91, 99, 69, 74, 51] : 49.494030475616455
40: [69, 57, 51] : 28.21562957763672
18: [44, 18, 7, 80, 99] : 98.28677797317505
19: [19, 31, 3, 38, 29] : 84.50159120559692
77: [82, 53, 51] : 31.3400399684906
18: [54, 53, 76] : 34.46605134010315
25: [20, 25, 5, 84] : 43.25535249710083
30: [1, 29, 27, 71, 69] : 51.99717044830322
38: [38, 43, 88, 3, 29] : 84.53399085998535
77: [83, 57, 51] : 31.341684818267822
71: [71, 49, 23] : 31.33682131767273
1: [91, 45, 99, 70, 62] : 58.243430614471436
28: [10, 28, 84] : 35.0836820602417
32: [51, 23, 46] : 28.813323736190796
4: [32, 27, 93, 71, 51] : 51.95532989501953
76: [76, 69, 24, 44, 79] : 58.23637080192566
90: [60, 12, 33] : 34.45756697654724
14: [82, 70, 51] : 31.333136796951294
25: [20, 94, 25] : 35.09245800971985
70: [70, 53, 57] : 34.45805025100708
17: [17, 37, 55, 27, 3] : 84.49115300178528
95: [72, 55, 34, 38, 44] : 81.98092937469482
75: [63, 75, 97, 38, 74] : 92.6785957813263
6: [50, 78, 97, 43, 65] : 92.74772882461548
86: [86, 87, 39, 22] : 43.26725625991821
94: [76, 37, 23] : 31.982136487960815
28: [10, 28, 40] : 35.117207527160645
73: [52, 23, 69] : 28.847137212753296
36: [4, 50, 74, 3, 65] : 98.95612740516663
18: [52, 59, 51] : 31.338783264160156
10: [28, 10, 84] : 35.09242296218872
34: [34, 97, 38, 3, 29] : 75.74776315689087
1: [1, 32, 91, 67, 88] : 78.87413024902344
64: [64, 74, 50, 55, 72] : 83.90262389183044
28: [10, 28, 84] : 34.44492173194885
82: [82, 23, 69] : 28.82017421722412
96: [96, 59, 52, 60, 47] : 57.58289432525635
59: [56, 23, 51] : 28.822176694869995
67: [29, 67, 27, 23, 78] : 58.28256034851074
15: [15, 19, 3, 31, 49] : 95.89489722251892
27: [27, 29, 44, 93, 78] : 55.11868453025818
99: [78, 99, 44, 4, 75] : 103.89189743995667
72: [27, 93, 60, 29, 23] : 48.81170296669006
6: [6, 27, 44, 29, 78] : 60.69189667701721
62: [62, 51, 82] : 31.31771731376648
37: [37, 76, 17, 23] : 40.0676691532135
31: [31, 21, 38, 42, 29] : 84.4654393196106
45: [83, 62, 51] : 31.30468773841858
58: [58, 89, 41, 85] : 42.56524395942688
97: [97, 34, 38, 3, 65] : 75.7294385433197
25: [20, 25, 5] : 35.07606887817383
25: [25, 5, 20, 29, 84] : 55.07799983024597
69: [17, 69, 12] : 31.937566995620728
21: [21, 15, 38, 31, 29] : 85.22447514533997
19: [19, 97, 15, 38, 34] : 85.26346206665039
20: [20, 25, 5, 84, 86] : 58.26741313934326
27: [38, 55, 30, 95, 27] : 75.69809532165527
45: [57, 83, 69] : 31.313787698745728
65: [75, 65, 21, 50, 97] : 95.11338829994202
64: [50, 64, 74, 42, 3] : 86.38987255096436
12: [60, 12, 17] : 34.454265117645264
50: [25, 5, 20, 94, 27] : 55.113340616226196
61: [92, 57, 51] : 31.331048727035522
25: [25, 20, 5] : 34.46303844451904
0: [0, 57, 83] : 34.44783926010132
71: [71, 60, 69] : 31.3327534198761
13: [13, 81, 90, 69] : 40.084457874298096
3: [75, 3, 4, 65, 97] : 92.68013978004456
80: [80, 4, 65, 74, 38] : 84.01568269729614
2: [4, 64, 99, 65, 72] : 92.71155786514282
2: [2, 11, 35] : 34.439497232437134
91: [54, 57, 51] : 31.301343202590942
18: [78, 99, 44, 74, 51] : 48.81567931175232
20: [20, 5, 25] : 34.42016124725342
6: [6, 7, 99, 79, 45] : 61.30777311325073
38: [4, 63, 74, 51, 38] : 86.33696436882019
59: [59, 52, 47] : 33.80352735519409
46: [13, 48, 46, 69] : 40.08019685745239
2: [5, 25, 20, 84, 94] : 58.23447346687317
64: [64, 75, 97, 3, 38] : 95.1488938331604
77: [77, 4, 80, 99, 24] : 95.7552227973938
21: [21, 42, 43, 29, 88] : 85.11208987236023
98: [98, 35, 23] : 31.366347312927246
58: [47, 58, 59, 60] : 42.641698122024536
54: [54, 92, 70] : 33.87847399711609
25: [25, 5, 20] : 35.11579728126526
98: [98, 35, 46, 11, 29] : 57.64296579360962
64: [96, 59, 52] : 33.82011365890503
12: [12, 17, 69] : 31.32841920852661
20: [20, 25, 5] : 35.05818462371826
2: [2, 99, 57, 26, 44] : 57.57959723472595
65: [50, 64, 65, 93, 78] : 95.70910978317261
4: [99, 78, 44, 27, 93] : 55.097421169281006
23: [23, 76, 69] : 28.802284479141235
72: [72, 55, 38, 31, 29] : 81.98091316223145
40: [40, 20, 86] : 35.066532611846924
91: [32, 91, 67, 27, 97] : 76.3575656414032
80: [80, 47, 44, 78, 96] : 95.7556517124176
99: [96, 52, 51] : 31.328059911727905
24: [24, 79, 45, 69, 65] : 52.00078296661377
41: [41, 85, 48, 69] : 40.11792731285095
45: [27, 78, 99, 53, 51] : 48.831740856170654
17: [17, 37, 76, 23] : 40.05013418197632
60: [47, 59, 23] : 31.299673080444336
61: [99, 18, 78, 29, 53] : 60.726399660110474
86: [86, 39, 85, 69] : 40.0742769241333
0: [0, 53, 10] : 34.43477821350098
53: [53, 57, 82] : 34.45409917831421
0: [0, 57, 83] : 34.446237087249756
82: [82, 53, 51] : 31.329158782958984
42: [42, 43, 88, 27, 38] : 82.0003604888916
74: [99, 77, 74, 78, 51] : 48.83526659011841
53: [53, 0, 51] : 31.327792406082153
96: [52, 96, 51] : 31.317662954330444
count (test images): 625
Mean per class acc: 56.79%
Mean inference time: 54.41 sec
Top 1 acc: 59.04%
Top 3 acc: 70.40%
Top 5 acc: 72.96%
