49: [49, 72, 95, 15, 88]
92: [92, 14, 18, 57, 70]
41: [41, 6, 67, 18, 43]
75: [97, 99, 59, 42, 88]
7: [7, 99, 6, 77, 14]
71: [71, 60, 49, 33, 53]
50: [4, 74, 63, 50, 64]
27: [27, 38, 42, 55, 95]
70: [70, 53, 92, 18, 62]
24: [24, 63, 4, 80, 66]
36: [36, 50, 64, 80, 65]
32: [57, 72, 93, 95, 29]
45: [45, 26, 99, 29, 78]
80: [80, 4, 75, 64, 55]
12: [12, 76, 68, 17, 86]
23: [23, 76, 49, 60, 56]
58: [97, 88, 34, 42, 43]
96: [96, 52, 59, 47, 60]
42: [42, 43, 4, 88, 63]
86: [78, 99, 83, 50, 63]
37: [17, 66, 80, 63, 50]
45: [45, 29, 4, 26, 74]
37: [37, 17, 47, 52, 81]
90: [60, 18, 7, 3, 42]
69: [69, 17, 85, 76, 59]
40: [38, 43, 42, 88, 24]
27: [80, 29, 50, 64, 4]
18: [99, 24, 67, 50, 80]
55: [29, 4, 75, 66, 80]
54: [70, 92, 62, 54, 83]
37: [37, 17, 40, 22, 23]
36: [65, 38, 4, 77, 75]
35: [35, 11, 73, 67, 91]
37: [37, 17, 52, 76, 69]
27: [97, 27, 72, 59, 23]
73: [73, 30, 4, 80, 50]
65: [65, 80, 50, 4, 36]
91: [91, 1, 73, 32, 67]
64: [64, 80, 50, 97, 63]
17: [17, 60, 37, 52, 82]
41: [69, 49, 6, 19, 53]
19: [19, 43, 63, 75, 50]
83: [83, 0, 57, 53, 9]
37: [37, 47, 5, 23, 14]
65: [38, 80, 64, 75, 4]
97: [97, 64, 50, 75, 66]
95: [95, 30, 72, 71, 69]
48: [48, 41, 89, 8, 58]
54: [14, 6, 54, 18, 7]
86: [86, 94, 9, 39, 81]
86: [86, 87, 39, 5, 25]
6: [6, 82, 47, 63, 75]
85: [85, 4, 80, 63, 75]
53: [53, 57, 0, 99, 51]
9: [9, 10, 84, 16, 28]
20: [20, 25, 84, 5, 60]
99: [99, 78, 18, 44, 32]
8: [8, 48, 4, 80, 50]
14: [14, 7, 18, 79, 24]
23: [33, 59, 60, 49, 62]
74: [80, 50, 65, 4, 64]
82: [82, 14, 54, 80, 50]
15: [15, 29, 27, 3, 31]
30: [30, 95, 72, 55, 34]
71: [76, 12, 17, 68, 87]
28: [28, 10, 57, 16, 40]
81: [81, 90, 37, 47, 13]
26: [70, 6, 82, 62, 80]
96: [60, 52, 96, 47, 0]
76: [76, 7, 6, 14, 31]
21: [21, 63, 4, 75, 50]
0: [0, 57, 53, 18, 7]
2: [2, 11, 35, 65, 75]
46: [46, 98, 11, 67, 14]
15: [15, 29, 80, 4, 63]
43: [43, 4, 3, 88, 63]
19: [97, 19, 50, 4, 66]
88: [88, 43, 42, 4, 80]
88: [97, 80, 75, 63, 64]
39: [39, 32, 91, 7, 18]
28: [28, 16, 84, 61, 9]
17: [17, 49, 60, 51, 33]
4: [4, 80, 64, 63, 55]
42: [75, 4, 74, 55, 99]
53: [53, 57, 0, 99, 83]
47: [47, 52, 96, 59, 23]
43: [43, 4, 3, 38, 15]
81: [37, 17, 86, 12, 87]
8: [8, 41, 89, 33, 96]
47: [60, 80, 50, 66, 75]
19: [19, 15, 38, 3, 4]
62: [62, 70, 75, 50, 63]
70: [70, 62, 92, 18, 14]
87: [87, 20, 86, 22, 94]
92: [14, 1, 6, 18, 32]
55: [80, 4, 63, 64, 55]
62: [62, 47, 82, 92, 70]
17: [17, 60, 85, 69, 37]
58: [58, 69, 85, 13, 89]
64: [80, 64, 50, 74, 36]
60: [60, 49, 19, 97, 38]
13: [13, 81, 89, 58, 60]
65: [65, 50, 36, 64, 63]
24: [24, 7, 74, 6, 18]
12: [76, 17, 12, 96, 52]
10: [10, 28, 53, 84, 61]
10: [10, 61, 28, 22, 20]
83: [99, 53, 63, 29, 4]
27: [99, 44, 50, 75, 64]
73: [73, 91, 1, 30, 67]
51: [4, 63, 93, 75, 50]
17: [17, 7, 72, 15, 6]
20: [25, 20, 5, 87, 75]
86: [85, 87, 17, 39, 90]
70: [70, 62, 92, 54, 96]
49: [49, 60, 76, 59, 53]
56: [56, 59, 52, 96, 47]
43: [43, 42, 88, 3, 4]
28: [28, 40, 16, 10, 84]
17: [17, 6, 14, 53, 37]
74: [4, 75, 74, 64, 63]
46: [11, 38, 19, 3, 15]
63: [97, 4, 66, 63, 80]
41: [41, 99, 67, 18, 7]
78: [78, 31, 80, 4, 63]
92: [92, 70, 83, 82, 53]
36: [36, 50, 65, 64, 80]
59: [52, 59, 96, 47, 56]
4: [4, 80, 63, 43, 50]
97: [97, 80, 4, 75, 64]
29: [29, 27, 50, 63, 80]
87: [86, 87, 40, 22, 9]
63: [63, 80, 82, 75, 4]
27: [80, 4, 66, 97, 63]
89: [89, 41, 85, 7, 18]
43: [43, 97, 38, 42, 3]
10: [10, 28, 61, 9, 20]
54: [14, 18, 24, 91, 7]
73: [14, 44, 99, 75, 50]
19: [97, 34, 19, 75, 63]
41: [4, 75, 45, 78, 63]
27: [44, 27, 67, 32, 80]
14: [14, 50, 80, 63, 66]
96: [96, 52, 47, 17, 59]
76: [15, 88, 31, 38, 97]
12: [17, 12, 60, 71, 76]
34: [34, 97, 38, 75, 80]
50: [74, 4, 50, 32, 65]
25: [25, 20, 5, 87, 84]
51: [80, 4, 63, 74, 50]
70: [70, 62, 92, 96, 54]
50: [50, 4, 74, 64, 63]
94: [94, 5, 84, 22, 40]
30: [30, 73, 1, 95, 91]
3: [3, 4, 63, 75, 21]
55: [4, 55, 65, 29, 3]
81: [13, 81, 89, 47, 96]
0: [57, 0, 53, 18, 6]
64: [63, 64, 75, 66, 3]
34: [63, 34, 4, 80, 64]
92: [62, 70, 51, 92, 53]
20: [25, 20, 5, 84, 94]
73: [73, 30, 95, 67, 45]
11: [11, 35, 2, 85, 3]
89: [42, 88, 15, 97, 43]
50: [50, 65, 80, 31, 27]
10: [29, 1, 77, 73, 53]
52: [52, 59, 96, 47, 60]
91: [91, 1, 32, 67, 4]
63: [65, 38, 4, 63, 80]
4: [4, 55, 27, 32, 72]
78: [78, 99, 18, 83, 57]
53: [53, 96, 61, 60, 52]
38: [80, 38, 64, 4, 66]
6: [6, 14, 63, 50, 80]
47: [96, 52, 47, 14, 6]
84: [24, 1, 7, 14, 6]
13: [13, 60, 90, 89, 49]
5: [20, 5, 84, 25, 12]
21: [21, 64, 63, 66, 80]
70: [70, 6, 18, 62, 60]
70: [70, 92, 62, 18, 6]
27: [27, 4, 80, 64, 75]
5: [84, 20, 94, 87, 12]
5: [5, 37, 94, 20, 25]
0: [57, 0, 53, 83, 50]
73: [50, 27, 75, 66, 63]
89: [89, 85, 41, 75, 4]
7: [7, 53, 83, 18, 99]
78: [78, 44, 4, 64, 63]
25: [25, 20, 5, 39, 84]
53: [53, 10, 91, 87, 18]
25: [25, 5, 20, 84, 37]
23: [23, 49, 33, 71, 60]
42: [42, 88, 43, 4, 80]
59: [59, 47, 96, 56, 57]
34: [34, 97, 64, 38, 4]
71: [71, 30, 95, 60, 72]
88: [88, 42, 43, 65, 34]
62: [54, 14, 6, 7, 18]
42: [97, 80, 38, 34, 64]
9: [9, 86, 20, 94, 61]
9: [9, 10, 28, 40, 16]
65: [65, 4, 80, 50, 75]
50: [4, 80, 50, 65, 64]
87: [87, 86, 39, 17, 69]
12: [12, 71, 60, 68, 96]
99: [99, 78, 75, 4, 80]
88: [88, 43, 80, 34, 38]
57: [10, 57, 53, 61, 0]
43: [43, 4, 80, 63, 64]
48: [48, 7, 69, 78, 50]
49: [49, 60, 23, 76, 71]
73: [73, 30, 95, 67, 32]
49: [49, 60, 33, 52, 96]
56: [56, 71, 59, 49, 17]
21: [21, 27, 78, 29, 44]
46: [46, 11, 98, 35, 86]
73: [73, 91, 30, 32, 95]
77: [4, 57, 80, 63, 64]
85: [85, 41, 89, 27, 69]
32: [80, 63, 4, 6, 64]
27: [27, 44, 78, 67, 91]
20: [20, 25, 84, 5, 37]
38: [38, 80, 65, 72, 97]
96: [60, 33, 52, 14, 7]
77: [77, 79, 24, 7, 80]
54: [54, 14, 18, 70, 62]
29: [4, 29, 64, 66, 93]
65: [50, 65, 75, 4, 36]
84: [18, 32, 7, 67, 14]
85: [88, 80, 50, 64, 75]
0: [0, 57, 53, 28, 83]
10: [10, 28, 53, 84, 57]
28: [40, 20, 28, 25, 84]
34: [80, 4, 50, 63, 34]
70: [70, 14, 7, 18, 6]
90: [90, 85, 69, 60, 27]
59: [59, 52, 47, 96, 60]
50: [50, 64, 36, 65, 74]
89: [41, 89, 19, 31, 15]
87: [86, 87, 94, 61, 22]
39: [39, 25, 86, 5, 87]
9: [9, 25, 16, 5, 84]
77: [4, 1, 80, 63, 50]
37: [37, 17, 96, 14, 18]
45: [44, 4, 80, 50, 63]
10: [70, 92, 61, 10, 91]
51: [51, 4, 80, 63, 99]
40: [40, 56, 52, 7, 24]
71: [71, 30, 72, 95, 73]
30: [30, 95, 75, 66, 64]
37: [37, 17, 53, 47, 56]
69: [69, 76, 17, 94, 20]
75: [75, 97, 34, 31, 38]
87: [87, 71, 49, 17, 60]
30: [30, 91, 95, 74, 80]
92: [92, 70, 14, 18, 51]
48: [48, 41, 86, 20, 73]
0: [0, 53, 57, 83, 84]
49: [49, 15, 95, 38, 97]
46: [46, 11, 98, 35, 86]
49: [60, 63, 4, 66, 80]
94: [94, 87, 86, 20, 29]
47: [47, 52, 96, 59, 33]
72: [30, 75, 80, 64, 4]
37: [37, 47, 17, 52, 14]
41: [41, 86, 89, 85, 87]
29: [4, 65, 63, 74, 50]
50: [4, 50, 64, 29, 63]
42: [80, 38, 4, 97, 64]
92: [92, 70, 0, 18, 6]
43: [4, 27, 32, 44, 93]
83: [83, 61, 0, 10, 53]
25: [20, 25, 84, 5, 17]
7: [7, 6, 24, 79, 99]
69: [69, 60, 49, 76, 12]
43: [43, 42, 4, 63, 3]
86: [86, 87, 40, 9, 28]
13: [17, 37, 96, 52, 47]
5: [5, 20, 86, 7, 24]
43: [43, 42, 3, 38, 4]
21: [21, 4, 64, 63, 75]
40: [40, 64, 63, 4, 66]
11: [11, 46, 35, 98, 2]
2: [2, 11, 35, 9, 28]
74: [4, 80, 64, 74, 66]
30: [30, 95, 73, 32, 72]
33: [33, 49, 60, 52, 47]
92: [70, 92, 62, 14, 54]
0: [0, 57, 53, 10, 25]
22: [76, 17, 56, 12, 59]
45: [78, 50, 4, 64, 80]
70: [62, 70, 92, 14, 18]
22: [22, 7, 40, 17, 6]
74: [4, 50, 63, 80, 65]
15: [15, 43, 38, 31, 3]
43: [97, 43, 3, 15, 31]
47: [96, 52, 47, 60, 59]
72: [72, 55, 71, 32, 30]
39: [39, 86, 16, 9, 0]
69: [69, 60, 73, 49, 67]
54: [54, 14, 18, 62, 92]
9: [9, 40, 57, 16, 0]
85: [27, 67, 73, 29, 17]
25: [20, 25, 5, 84, 17]
53: [53, 57, 0, 83, 70]
2: [2, 11, 35, 90, 13]
40: [40, 20, 53, 84, 57]
75: [75, 66, 72, 65, 43]
48: [48, 8, 60, 69, 23]
31: [4, 80, 63, 29, 64]
42: [42, 88, 43, 4, 34]
58: [58, 67, 7, 91, 18]
29: [29, 4, 3, 93, 80]
78: [78, 80, 97, 50, 88]
78: [78, 99, 80, 4, 64]
4: [4, 63, 80, 50, 43]
1: [1, 32, 91, 67, 14]
49: [95, 30, 73, 97, 72]
21: [21, 31, 3, 97, 38]
68: [60, 49, 97, 95, 30]
91: [1, 91, 32, 50, 63]
44: [44, 99, 27, 29, 18]
13: [13, 81, 58, 90, 89]
64: [74, 80, 4, 64, 50]
48: [48, 89, 7, 58, 85]
71: [71, 60, 12, 17, 49]
76: [76, 17, 69, 12, 29]
71: [71, 60, 12, 67, 73]
49: [49, 60, 17, 76, 59]
6: [6, 7, 77, 63, 4]
67: [27, 88, 78, 42, 47]
42: [42, 4, 64, 63, 80]
59: [56, 52, 33, 96, 47]
44: [99, 50, 4, 64, 75]
36: [36, 50, 4, 74, 80]
28: [28, 10, 57, 70, 92]
97: [97, 88, 38, 43, 63]
44: [78, 44, 27, 4, 50]
9: [9, 16, 57, 6, 7]
24: [24, 7, 4, 6, 99]
42: [42, 43, 80, 4, 63]
67: [50, 66, 75, 97, 4]
72: [4, 55, 63, 72, 50]
70: [70, 18, 14, 92, 54]
2: [2, 11, 35, 57, 86]
57: [57, 53, 77, 14, 6]
58: [58, 37, 68, 29, 52]
70: [70, 0, 62, 53, 92]
69: [85, 89, 29, 69, 7]
54: [54, 14, 6, 18, 7]
81: [13, 81, 7, 30, 95]
90: [90, 81, 13, 89, 58]
15: [15, 29, 44, 27, 99]
82: [82, 6, 62, 14, 92]
89: [89, 85, 17, 41, 29]
31: [31, 15, 4, 64, 80]
17: [85, 17, 5, 20, 69]
4: [4, 63, 50, 80, 65]
16: [94, 60, 17, 87, 69]
5: [5, 25, 20, 84, 93]
24: [7, 24, 99, 45, 26]
35: [11, 2, 14, 18, 7]
7: [7, 18, 24, 6, 14]
62: [62, 6, 14, 7, 18]
73: [30, 73, 50, 4, 63]
74: [4, 74, 44, 80, 63]
71: [71, 95, 30, 72, 3]
6: [6, 63, 50, 36, 64]
13: [13, 58, 90, 47, 34]
46: [46, 11, 98, 35, 86]
23: [71, 23, 60, 76, 49]
91: [1, 91, 32, 73, 67]
72: [80, 4, 77, 50, 64]
31: [31, 15, 43, 3, 29]
72: [4, 80, 75, 72, 63]
47: [47, 96, 52, 33, 62]
96: [52, 59, 96, 47, 63]
14: [14, 99, 67, 18, 50]
34: [43, 88, 50, 80, 64]
50: [50, 64, 4, 80, 74]
39: [39, 86, 76, 94, 40]
59: [80, 97, 75, 63, 66]
48: [48, 86, 69, 99, 29]
97: [97, 34, 64, 66, 88]
13: [13, 81, 58, 69, 23]
50: [4, 80, 74, 64, 50]
49: [49, 60, 63, 4, 64]
61: [61, 22, 10, 84, 87]
23: [59, 94, 76, 20, 11]
44: [80, 4, 88, 64, 63]
1: [1, 91, 30, 73, 45]
27: [60, 4, 80, 66, 50]
57: [57, 62, 70, 32, 1]
14: [14, 67, 4, 64, 75]
24: [24, 7, 99, 50, 4]
12: [60, 7, 14, 27, 44]
5: [5, 20, 29, 52, 96]
2: [2, 11, 35, 46, 98]
83: [83, 53, 18, 99, 7]
48: [48, 8, 41, 11, 69]
27: [27, 50, 4, 80, 66]
43: [43, 3, 42, 97, 88]
41: [41, 89, 48, 8, 58]
56: [52, 96, 47, 14, 7]
72: [72, 97, 43, 38, 3]
94: [94, 52, 17, 96, 76]
97: [97, 34, 4, 75, 80]
43: [43, 88, 42, 97, 34]
77: [53, 57, 77, 18, 14]
93: [95, 67, 30, 97, 73]
79: [79, 44, 7, 6, 75]
84: [84, 20, 60, 52, 59]
35: [35, 11, 2, 98, 5]
81: [81, 13, 90, 31, 15]
86: [86, 85, 39, 89, 87]
11: [11, 46, 98, 35, 2]
75: [75, 4, 80, 38, 64]
64: [80, 38, 64, 4, 50]
8: [8, 48, 38, 95, 33]
49: [49, 97, 75, 4, 80]
16: [69, 75, 80, 4, 63]
59: [52, 63, 4, 75, 66]
45: [99, 27, 86, 32, 18]
24: [24, 7, 99, 45, 18]
34: [97, 34, 38, 43, 75]
80: [80, 14, 1, 44, 42]
8: [8, 48, 4, 63, 80]
68: [60, 13, 48, 8, 81]
3: [3, 4, 63, 64, 97]
92: [70, 6, 18, 99, 62]
57: [4, 80, 65, 75, 63]
82: [82, 87, 62, 53, 0]
92: [92, 18, 14, 7, 6]
24: [6, 24, 7, 45, 88]
32: [1, 32, 91, 67, 69]
76: [17, 76, 1, 69, 29]
32: [9, 2, 86, 28, 83]
46: [46, 98, 11, 94, 86]
26: [45, 26, 75, 50, 4]
62: [53, 70, 62, 82, 92]
23: [23, 76, 49, 60, 33]
63: [4, 80, 63, 66, 43]
51: [51, 99, 80, 50, 63]
70: [70, 62, 92, 53, 82]
25: [25, 58, 37, 87, 86]
80: [80, 4, 65, 63, 75]
36: [36, 50, 65, 4, 64]
61: [80, 74, 4, 63, 77]
15: [15, 64, 75, 4, 80]
38: [38, 64, 80, 4, 50]
1: [1, 91, 63, 4, 80]
34: [34, 97, 64, 50, 4]
67: [32, 93, 73, 30, 50]
86: [86, 22, 40, 87, 39]
64: [36, 65, 50, 74, 75]
24: [24, 7, 63, 50, 4]
82: [82, 6, 62, 14, 18]
5: [5, 20, 84, 94, 66]
76: [76, 67, 50, 75, 64]
13: [13, 58, 60, 69, 37]
61: [97, 65, 80, 72, 38]
50: [43, 97, 27, 4, 63]
70: [41, 47, 96, 52, 56]
98: [35, 98, 11, 2, 46]
20: [20, 25, 84, 86, 4]
97: [97, 38, 88, 34, 42]
60: [60, 0, 57, 53, 23]
14: [14, 18, 99, 26, 78]
27: [27, 4, 80, 63, 50]
87: [87, 25, 20, 5, 40]
60: [60, 49, 17, 73, 67]
44: [44, 27, 80, 50, 64]
8: [8, 48, 41, 89, 35]
95: [95, 30, 72, 80, 75]
82: [82, 62, 14, 6, 63]
51: [4, 44, 80, 50, 63]
8: [80, 75, 60, 50, 4]
41: [41, 89, 60, 50, 75]
3: [3, 43, 38, 97, 88]
67: [67, 23, 2, 50, 4]
50: [80, 64, 4, 38, 34]
9: [9, 53, 22, 16, 63]
70: [70, 62, 92, 53, 57]
80: [80, 50, 64, 74, 75]
82: [82, 52, 70, 96, 47]
84: [84, 20, 37, 5, 40]
63: [74, 44, 55, 27, 77]
60: [71, 60, 49, 23, 69]
80: [80, 4, 34, 63, 50]
56: [56, 30, 95, 71, 73]
25: [5, 25, 20, 94, 37]
74: [4, 50, 63, 64, 38]
38: [15, 38, 43, 31, 97]
52: [96, 52, 49, 33, 60]
93: [93, 4, 50, 75, 66]
29: [29, 50, 63, 4, 64]
2: [53, 0, 18, 7, 6]
44: [50, 44, 4, 66, 75]
79: [44, 18, 7, 74, 78]
11: [11, 35, 98, 46, 2]
26: [23, 75, 34, 31, 50]
95: [95, 30, 73, 91, 93]
31: [97, 31, 38, 3, 96]
88: [88, 34, 42, 3, 97]
2: [2, 11, 35, 7, 18]
37: [37, 17, 52, 47, 56]
68: [3, 19, 34, 31, 88]
66: [66, 88, 4, 80, 63]
95: [31, 97, 43, 23, 65]
91: [91, 1, 32, 67, 99]
40: [86, 40, 99, 18, 14]
18: [44, 18, 29, 27, 38]
19: [19, 31, 3, 75, 15]
77: [77, 6, 50, 4, 80]
18: [14, 80, 63, 64, 66]
25: [20, 25, 5, 84, 41]
30: [95, 30, 27, 75, 50]
38: [38, 43, 64, 4, 66]
77: [99, 4, 77, 50, 80]
71: [71, 73, 12, 60, 91]
1: [91, 1, 67, 14, 53]
28: [10, 28, 84, 61, 16]
32: [51, 67, 32, 23, 63]
4: [4, 55, 72, 95, 30]
76: [76, 95, 75, 24, 50]
90: [90, 7, 60, 18, 33]
14: [14, 34, 99, 53, 82]
25: [20, 25, 94, 5, 84]
70: [70, 53, 57, 77, 99]
17: [17, 96, 4, 47, 52]
95: [75, 66, 64, 80, 44]
75: [63, 75, 4, 38, 50]
6: [43, 88, 78, 70, 99]
86: [86, 87, 16, 39, 9]
94: [94, 37, 76, 17, 67]
28: [28, 10, 40, 86, 57]
73: [73, 30, 91, 32, 95]
36: [4, 50, 63, 64, 74]
18: [57, 99, 83, 44, 78]
10: [28, 10, 84, 9, 16]
34: [34, 63, 4, 75, 80]
1: [1, 32, 91, 67, 34]
64: [64, 50, 4, 74, 80]
28: [10, 28, 61, 84, 53]
82: [82, 62, 70, 6, 49]
96: [96, 59, 7, 38, 42]
59: [56, 59, 52, 47, 96]
67: [17, 80, 50, 63, 4]
15: [15, 19, 63, 29, 49]
27: [27, 29, 44, 93, 80]
99: [78, 99, 86, 44, 77]
72: [3, 31, 72, 30, 38]
6: [6, 88, 42, 80, 63]
62: [62, 99, 75, 63, 50]
37: [37, 17, 76, 86, 22]
31: [31, 21, 38, 29, 3]
45: [45, 1, 26, 32, 62]
58: [58, 89, 41, 85, 13]
97: [97, 80, 64, 4, 75]
25: [20, 25, 5, 94, 84]
25: [25, 5, 20, 40, 67]
69: [17, 69, 49, 60, 76]
21: [21, 15, 38, 6, 31]
19: [19, 97, 15, 38, 65]
20: [20, 25, 5, 84, 39]
27: [38, 27, 55, 97, 29]
45: [0, 70, 57, 83, 22]
65: [66, 75, 63, 4, 3]
64: [50, 64, 74, 4, 80]
12: [12, 17, 69, 7, 68]
50: [5, 50, 75, 4, 64]
61: [14, 99, 10, 78, 18]
25: [25, 20, 5, 94, 75]
0: [0, 57, 53, 83, 52]
71: [12, 71, 60, 49, 17]
13: [13, 81, 90, 68, 58]
3: [3, 75, 63, 4, 65]
80: [80, 4, 65, 64, 63]
2: [2, 4, 11, 31, 15]
2: [2, 11, 35, 57, 0]
91: [91, 32, 1, 14, 7]
18: [63, 64, 4, 44, 80]
20: [20, 84, 25, 5, 39]
6: [6, 7, 18, 24, 50]
38: [4, 63, 80, 74, 50]
59: [59, 52, 47, 96, 56]
46: [13, 60, 85, 46, 86]
2: [5, 25, 20, 84, 94]
64: [64, 75, 97, 50, 80]
77: [77, 4, 99, 80, 64]
21: [21, 80, 4, 63, 64]
98: [98, 35, 57, 46, 0]
58: [58, 47, 59, 7, 60]
54: [54, 92, 14, 70, 6]
25: [25, 5, 20, 84, 37]
98: [35, 98, 46, 11, 2]
64: [96, 52, 47, 59, 44]
12: [12, 17, 60, 90, 13]
20: [20, 25, 5, 94, 84]
2: [2, 24, 1, 14, 32]
65: [50, 93, 64, 66, 63]
4: [4, 99, 80, 75, 64]
23: [23, 60, 76, 49, 56]
72: [72, 4, 75, 63, 80]
40: [24, 67, 14, 18, 1]
91: [32, 91, 73, 1, 67]
80: [80, 47, 63, 66, 75]
99: [99, 50, 63, 4, 80]
24: [24, 7, 18, 79, 6]
41: [41, 50, 63, 80, 4]
45: [88, 4, 63, 50, 66]
17: [17, 37, 67, 7, 14]
60: [14, 6, 47, 42, 97]
61: [61, 99, 18, 53, 4]
86: [86, 39, 87, 85, 17]
0: [0, 53, 57, 83, 10]
53: [53, 57, 82, 83, 7]
0: [0, 57, 83, 53, 10]
82: [82, 6, 18, 62, 53]
42: [42, 27, 43, 29, 88]
74: [7, 99, 74, 86, 28]
53: [70, 57, 92, 7, 10]
96: [52, 96, 47, 80, 64]