49: [49] : 39.4225172996521
92: [83, 0, 57, 20] : 48.39766883850098
41: [27, 99, 6, 43, 18] : 163.95365190505981
75: [63, 97, 64, 4, 80] : 228.28228759765625
7: [7, 99, 6, 77, 51] : 221.9090232849121
71: [71, 60, 49, 33, 23] : 56.079139709472656
50: [4, 74, 63, 50, 64] : 104.30995106697083
27: [27, 38, 15, 29, 44] : 131.3053514957428
70: [70, 53, 51, 99, 61] : 69.81374073028564
24: [24, 6, 45, 32, 30] : 203.5648193359375
36: [36, 50, 64, 80, 63] : 106.91989064216614
32: [57, 93, 32, 83, 67] : 238.16016364097595
45: [45, 29, 99, 63, 26] : 235.63927030563354
80: [80, 4, 64, 34, 74] : 121.6557674407959
12: [12, 76, 60, 86, 68] : 77.45037531852722
23: [23, 76, 49, 60] : 35.86074614524841
58: [58, 85, 89, 48] : 45.481398582458496
96: [60, 53, 33, 0, 14] : 208.6459333896637
42: [42, 88, 43, 97, 3] : 94.08782768249512
86: [83, 78, 99, 57, 27] : 321.12794637680054
37: [17, 37, 60, 49, 71] : 41.68707609176636
45: [4, 45, 29, 64, 80] : 174.6592357158661
37: [37, 17] : 30.074201583862305
90: [60, 90, 69, 7, 18] : 189.18201780319214
69: [69] : 38.40512037277222
40: [40, 84, 20, 53, 51] : 83.78791570663452
27: [29, 27, 93, 31, 65] : 196.33055591583252
18: [99, 79, 77] : 41.609219789505005
55: [34, 29, 4, 97, 38] : 180.16664171218872
54: [70, 92, 62, 54] : 34.65462017059326
37: [37, 17, 76, 12] : 32.715800046920776
36: [4, 38, 65, 80, 64] : 174.56519746780396
35: [35, 98, 11, 46, 2] : 122.10135960578918
37: [37, 17, 60, 76, 12] : 41.591059923172
27: [97, 72, 27, 43, 55] : 189.88684678077698
73: [30, 72, 73, 97, 95] : 140.80421137809753
65: [65, 80, 50, 4, 64] : 127.51743984222412
91: [91, 1, 73, 32] : 49.99091720581055
64: [64, 80, 50, 97, 74] : 151.04595017433167
17: [17] : 28.812679529190063
41: [89] : 35.85602164268494
19: [19, 43, 15, 38, 97] : 95.91457629203796
83: [83, 0, 9, 84, 16] : 62.6627676486969
37: [37] : 19.851417064666748
65: [38, 34, 65, 42, 3] : 67.77050304412842
97: [97, 50, 64, 66, 65] : 104.27181243896484
95: [71, 17, 45, 76, 60] : 51.84261417388916
48: [48] : 21.16562795639038
54: [54, 70, 14, 6, 18] : 74.92329454421997
86: [86, 87, 94, 24, 9] : 130.5887050628662
86: [86, 16] : 28.18881392478943
6: [6, 70, 82, 54, 14] : 115.1797251701355
85: [85] : 34.5863356590271
53: [53, 57, 99, 10, 22] : 53.12950825691223
9: [9, 10, 84, 61, 16] : 127.33676242828369
20: [20, 25, 84] : 26.90836191177368
99: [99] : 30.11608052253723
8: [8, 48] : 51.89441776275635
14: [14, 79, 26] : 35.878366470336914
23: [33, 60, 59, 52, 49] : 228.57269740104675
74: [80, 50, 4, 64, 63] : 129.90219736099243
82: [82, 99, 51, 77] : 62.7553985118866
15: [15, 45, 65, 99, 26] : 59.548856258392334
30: [30, 95, 72, 71, 73] : 122.22509789466858
71: [71, 60, 23] : 37.14010524749756
28: [28, 10, 57, 16, 61] : 79.99357843399048
81: [81, 90] : 39.720173597335815
26: [70, 62, 6, 82, 29] : 212.4874529838562
96: [0, 53, 41, 60, 57] : 115.88114929199219
76: [76, 60] : 24.358447074890137
21: [21, 63, 3, 4, 80] : 212.39375567436218
0: [0, 57, 53, 52, 60] : 110.6457736492157
2: [2, 11, 35] : 54.407794713974
46: [46, 98, 11, 35] : 32.63965725898743
15: [15, 74] : 33.29474711418152
43: [43, 99, 65, 74] : 44.80104398727417
19: [97, 19, 15, 43, 38] : 81.85751962661743
88: [88, 43, 42, 65] : 44.785624980926514
88: [97, 80, 88, 42, 63] : 122.14488172531128
39: [39, 86] : 42.92084789276123
28: [28, 16, 84, 9] : 51.27171802520752
17: [17, 49, 60] : 40.39215421676636
4: [4, 55, 50, 30, 72] : 200.42264604568481
42: [55, 4, 50, 72, 74] : 159.2704131603241
53: [53] : 28.18289852142334
47: [52, 47, 96, 59, 56] : 79.95019030570984
43: [43, 3, 65] : 42.2333607673645
81: [37, 17, 86, 87, 12] : 100.38093614578247
8: [80, 33, 66, 11, 35] : 224.1374113559723
47: [60, 53, 17, 0, 23] : 165.60151505470276
19: [19, 65] : 33.41548681259155
62: [62, 70, 6, 82, 7] : 101.43821096420288
70: [70, 62, 0, 60, 28] : 128.98899936676025
87: [87, 20, 86] : 47.51267743110657
92: [82, 83, 53, 70, 62] : 122.54857039451599
55: [80, 30, 4, 55, 95] : 210.4169089794159
62: [62, 47, 82, 92, 70] : 164.17441320419312
17: [17] : 28.88331890106201
58: [58, 85, 69, 89, 13] : 61.56622791290283
64: [80, 64, 50, 74, 36] : 99.43730330467224
60: [60, 49, 19, 97, 38] : 150.65469789505005
13: [13] : 38.53890419006348
65: [65, 50, 36, 64, 97] : 75.72754907608032
24: [24, 7, 79, 74, 6] : 178.95531630516052
12: [76, 17, 12, 60, 94] : 73.13585209846497
10: [53, 10, 28, 84, 61] : 89.78833079338074
10: [10, 61, 28, 0, 53] : 55.214377880096436
83: [53, 99, 29, 88, 45] : 169.33682107925415
27: [99, 30, 44, 50, 18] : 208.5531997680664
73: [73, 91, 1, 67, 32] : 87.26049900054932
51: [51, 4, 77, 99, 63] : 204.0046558380127
17: [17] : 39.84023642539978
20: [25, 20, 5, 65, 77] : 45.57274389266968
86: [60, 17, 85, 87, 90] : 177.10569262504578
70: [70, 62, 92, 96, 51] : 57.09489917755127
49: [49, 60, 71, 33] : 37.20346522331238
56: [56, 59, 96, 52, 53] : 98.75533533096313
43: [43, 42, 3, 65] : 44.9220769405365
28: [28, 40, 16, 10, 9] : 52.62888813018799
17: [17, 6, 80, 9, 60] : 281.0904104709625
74: [55, 4, 74, 64, 63] : 223.38421630859375
46: [11, 35, 7, 2, 14] : 65.48832607269287
63: [4, 66, 97, 63, 65] : 111.66072988510132
41: [41] : 39.815855979919434
78: [78, 31, 44, 99, 42] : 141.20409202575684
92: [92, 70] : 26.360427856445312
36: [36, 50, 65, 64, 80] : 100.79098701477051
59: [52, 59, 96, 47, 56] : 91.81911206245422
4: [4, 80, 55, 38, 3] : 191.34676218032837
97: [97, 43, 38, 42, 88] : 59.74893665313721
29: [29, 27, 93, 67, 50] : 216.94704842567444
87: [86, 87, 20, 40, 41] : 198.4076488018036
63: [63, 80, 65, 82, 56] : 209.32957339286804
27: [27, 97, 78, 80, 44] : 162.42404532432556
89: [89] : 42.41315031051636
43: [43, 97, 38, 42, 65] : 50.75232267379761
10: [10, 28, 92, 9, 40] : 131.01060152053833
54: [14, 18, 54, 70, 99] : 146.46195268630981
73: [95, 30, 44, 14, 78] : 275.5677728652954
19: [97, 34, 63, 19, 64] : 127.78931975364685
41: [7, 45, 4, 63, 99] : 270.92472314834595
27: [44, 27, 18, 60, 32] : 201.5369656085968
14: [14, 74, 51, 26, 99] : 132.26147961616516
96: [17, 23, 88, 49, 33] : 150.2094020843506
76: [76, 60, 49, 71] : 47.54538583755493
12: [17, 12, 60, 53, 76] : 101.46844696998596
34: [34, 97, 38, 65, 55] : 70.66629219055176
50: [4, 64, 50, 74, 63] : 183.6375753879547
25: [25, 20, 5] : 27.011582374572754
51: [4, 80, 63, 74, 50] : 157.36756896972656
70: [70, 62, 92, 54, 99] : 51.36774134635925
50: [50, 74, 4, 64, 65] : 135.419780254364
94: [94, 5] : 28.26632070541382
30: [73, 1, 91, 45] : 49.446943521499634
3: [3, 4, 63, 19, 21] : 118.7522554397583
55: [4, 55, 80, 64, 66] : 148.36539030075073
81: [13, 81, 90, 60, 89] : 73.21746158599854
0: [0, 57, 53, 99, 10] : 58.43678021430969
64: [64, 63, 80, 66, 3] : 223.33036136627197
34: [34, 63, 80, 4, 38] : 154.21705102920532
92: [62, 70, 82, 51] : 34.722771644592285
20: [25, 20, 5, 84, 94] : 47.5251259803772
73: [30, 95, 73, 72, 67] : 153.37882113456726
11: [11, 35, 2, 46, 85] : 81.48151302337646
89: [18, 42, 88, 15, 43] : 218.17689776420593
50: [50, 65, 80, 64, 36] : 68.02361464500427
10: [29, 4, 93, 95, 30] : 274.5728521347046
52: [52, 59, 96, 47, 56] : 117.64522504806519
91: [91, 1, 32, 67] : 53.080580949783325
63: [4, 65, 63, 80, 38] : 120.87442779541016
4: [4, 55, 32, 72, 27] : 128.11272811889648
78: [78, 99, 83, 27, 44] : 57.710395097732544
53: [53, 82, 57, 62, 0] : 65.45014142990112
38: [38, 34, 97, 65, 88] : 67.97835612297058
6: [6, 14, 18, 7, 77] : 83.23353815078735
47: [96, 52, 47, 59, 56] : 117.76852369308472
84: [84, 20, 94, 22, 40] : 42.26545691490173
13: [13, 60] : 36.52606463432312
5: [20, 5, 84, 25, 94] : 52.5048406124115
21: [21, 74, 77, 99, 86] : 124.794513463974
70: [70, 6, 62, 18, 14] : 162.5704526901245
70: [70, 92, 62, 18, 7] : 183.732971906662
27: [27, 30, 95, 29, 93] : 179.26163864135742
5: [84, 20, 94, 12, 60] : 109.45799732208252
5: [5, 94, 20, 25, 35] : 59.562376737594604
0: [57, 0, 53, 99] : 55.73624801635742
73: [25, 5, 27, 85, 50] : 247.9030213356018
89: [89, 85, 41, 37, 69] : 100.51958751678467
7: [53, 7, 83, 99, 79] : 69.27450060844421
78: [78, 44, 64, 27, 63] : 273.4870481491089
25: [25, 20, 5, 39, 87] : 78.77021026611328
53: [53, 10, 61, 87, 28] : 103.11482191085815
25: [25, 5, 20, 84, 94] : 53.817259073257446
23: [23, 49, 52, 60, 96] : 98.65835881233215
42: [42, 43, 88] : 45.506399393081665
59: [23, 76, 17, 14, 6] : 97.96556377410889
34: [34, 97, 64, 38, 88] : 93.56143760681152
71: [71, 60] : 37.898372650146484
88: [88, 42, 43, 80, 4] : 87.92451214790344
62: [54, 14, 70, 79, 92] : 185.2490417957306
42: [80, 97, 38, 64, 34] : 105.02328038215637
9: [9] : 39.10984206199646
9: [9] : 24.36103630065918
65: [72, 4, 55, 80, 50] : 104.35329580307007
50: [4, 80, 74, 44, 50] : 229.8823220729828
87: [87, 86, 39, 22] : 33.33743071556091
12: [12, 71, 60] : 47.45971345901489
99: [99, 78, 83, 44, 29] : 70.52159714698792
88: [88, 34, 43, 42, 65] : 52.54881715774536
57: [57, 0, 53, 10, 61] : 107.61085748672485
43: [43, 88, 42, 65] : 48.05540728569031
48: [48, 69] : 41.01340413093567
49: [49, 60, 23, 76, 37] : 94.74366807937622
73: [30, 73, 95, 67, 72] : 131.87281346321106
49: [49, 60, 33, 23, 52] : 97.32635951042175
56: [56, 71, 59, 49, 60] : 89.00408697128296
21: [21, 99, 79, 74, 46] : 63.42166256904602
46: [46, 11, 98, 35, 2] : 42.346144676208496
73: [73, 91, 32, 67] : 52.56399726867676
77: [4, 74, 77, 57, 99] : 248.59088850021362
85: [85] : 29.48114013671875
32: [63, 80, 4, 6, 44] : 168.38450002670288
27: [27, 78, 44, 93, 74] : 235.56351280212402
20: [20, 25, 84] : 26.92195963859558
38: [38, 80, 65, 72, 4] : 128.3052577972412
96: [52, 59, 96, 60, 33] : 198.1132972240448
77: [77, 79, 24, 7, 80] : 144.09623908996582
54: [54] : 21.17786717414856
29: [29, 4, 43, 34, 42] : 116.54707980155945
65: [65, 50, 2, 31, 4] : 99.27285838127136
84: [87, 99, 86, 39, 18] : 232.59842324256897
85: [27, 50, 80, 88, 6] : 298.6247811317444
0: [0, 53, 57, 28, 60] : 84.52984166145325
10: [28, 10, 53, 57, 84] : 77.49301242828369
28: [60, 20, 25, 40, 28] : 198.45320653915405
34: [80, 4, 34, 65, 97] : 166.36315441131592
70: [70, 62, 14, 7, 92] : 82.72324013710022
90: [90, 85, 27, 29, 44] : 170.4720323085785
59: [59, 52, 47, 96, 60] : 71.73057126998901
50: [50, 64, 36, 80, 65] : 69.15249824523926
89: [28, 60, 9, 33, 61] : 42.89231276512146
87: [86, 87, 94, 22, 20] : 42.250383138656616
39: [39] : 35.87478542327881
9: [9, 25] : 29.464396953582764
77: [32, 91, 67, 78, 73] : 196.50014328956604
37: [37, 17, 96, 59, 47] : 130.5548448562622
45: [4, 44, 30, 80, 50] : 301.6630835533142
10: [70, 92, 83, 61, 57] : 85.77252078056335
51: [51, 4, 63, 80, 99] : 153.50811767578125
40: [40, 56, 59, 52, 96] : 136.21551060676575
71: [71, 26, 45] : 41.58136796951294
30: [30, 95, 97, 73, 67] : 127.18286061286926
37: [37, 17, 53, 0, 57] : 69.75253534317017
69: [76, 17, 37] : 26.93137812614441
75: [80, 97, 65, 31, 42] : 146.03811860084534
87: [71, 60, 17, 49, 12] : 92.10991954803467
30: [30, 95, 91, 74, 44] : 197.5952181816101
92: [92, 70, 57, 14, 51] : 80.53917384147644
48: [48] : 24.981658935546875
0: [0, 57, 10, 60, 84] : 65.88030576705933
49: [49, 17, 76, 60, 12] : 57.56252336502075
46: [46, 11, 35, 98, 17] : 53.09069037437439
49: [49, 60, 33, 17, 23] : 50.542651414871216
94: [94] : 35.90974998474121
47: [47, 52, 96, 59, 56] : 85.8847758769989
72: [30, 44, 27, 73, 34] : 88.30809259414673
37: [37] : 23.055917501449585
41: [41, 89, 86] : 51.18013954162598
29: [29, 65, 4, 74, 63] : 170.03483128547668
50: [4, 34, 64, 74, 80] : 259.6021394729614
42: [80, 38, 97, 4, 43] : 159.2388346195221
92: [92, 70, 0, 62, 83] : 129.38429355621338
43: [4, 80, 55, 63, 72] : 331.9997305870056
83: [83, 0, 61, 10, 53] : 71.65235805511475
25: [20, 25, 5, 84] : 32.646228075027466
7: [7, 24, 6, 18, 79] : 104.892409324646
69: [68, 76, 12, 40, 17] : 65.2252209186554
43: [43, 65] : 39.6604368686676
86: [20, 94, 86, 87, 60] : 168.51042222976685
13: [96, 52, 37, 17, 47] : 113.1610963344574
5: [5, 25, 99] : 47.93619394302368
43: [43, 42, 38, 3, 55] : 79.2313437461853
21: [21, 74, 99, 45] : 57.50361442565918
40: [40] : 33.904749393463135
11: [11, 46, 35, 98, 2] : 59.47297811508179
2: [2] : 33.92233395576477
74: [4, 80, 44, 97, 55] : 234.6336796283722
30: [30, 95, 73, 72, 32] : 110.61334300041199
33: [33, 68, 49, 52, 47] : 97.36463356018066
92: [70, 92, 62, 7, 14] : 56.393813610076904
0: [0, 57, 53, 10, 52] : 142.67201328277588
22: [76, 17, 12, 37] : 32.648802042007446
45: [78, 99, 44, 29, 27] : 215.53476691246033
70: [62, 70, 92, 47, 51] : 52.43660759925842
22: [22] : 35.20778703689575
74: [4, 50, 63, 64, 80] : 219.37716722488403
15: [15, 43, 38, 60, 49] : 69.197669506073
43: [97, 3, 43, 15, 38] : 119.04059052467346
47: [96, 52, 47, 59, 60] : 90.1250364780426
72: [72, 55, 30, 4, 95] : 242.9086811542511
39: [39, 86, 25] : 37.09944748878479
69: [69, 60, 49, 76] : 51.80416941642761
54: [54, 62, 92, 59, 70] : 54.99529004096985
9: [9, 16, 40] : 39.01608467102051
85: [27, 29, 52, 70, 78] : 174.0021734237671
25: [20, 25, 5, 84, 60] : 53.289472818374634
53: [53, 57, 0, 10] : 55.97689628601074
2: [2, 11] : 52.141825914382935
40: [40, 29, 20, 51, 93] : 267.7112383842468
75: [65, 3, 34, 97, 43] : 135.05663418769836
48: [48] : 41.778968334198
31: [31, 4, 29, 63, 80] : 276.7580325603485
42: [42, 88, 43, 38, 4] : 113.57925415039062
58: [58, 60] : 30.233473777770996
29: [29, 93, 3, 44, 65] : 79.08619689941406
78: [78, 80, 50, 4, 97] : 125.38662123680115
78: [78, 99, 18, 42, 44] : 214.89141869544983
4: [4, 80, 63, 50, 65] : 214.28217911720276
1: [1, 32, 91] : 36.88483810424805
49: [49, 95, 30, 72, 97] : 132.83601927757263
21: [21] : 30.559690952301025
68: [60, 49, 12, 71, 68] : 61.71012830734253
91: [1, 91, 32, 73, 26] : 66.25155901908875
44: [44, 99, 80, 27, 64] : 138.92901492118835
13: [13, 81, 58] : 35.75384044647217
64: [74, 80, 4, 64, 99] : 142.967218875885
48: [48, 89, 8, 58, 85] : 58.03849196434021
71: [71, 60, 49, 12, 17] : 59.876049757003784
76: [76, 49, 17] : 29.940631866455078
71: [71, 60, 12, 23] : 51.53519916534424
49: [49, 17, 76, 60, 23] : 62.97499084472656
6: [6, 7, 79, 77, 51] : 101.71143627166748
67: [4, 80, 88, 78, 50] : 216.98007488250732
42: [42, 4, 88, 3, 64] : 158.73170232772827
59: [52, 56, 96, 47, 59] : 198.39154148101807
44: [78, 99, 44, 50, 32] : 234.20934677124023
36: [36, 50, 4, 63, 74] : 104.23743939399719
28: [28, 10, 51, 57, 61] : 111.947927236557
97: [97, 63, 88, 34, 38] : 138.24486255645752
44: [78, 44, 4, 27, 74] : 156.36154079437256
9: [9] : 23.6591374874115
24: [24, 7, 4, 99, 6] : 124.52201652526855
42: [42, 43, 4, 80, 88] : 112.85281205177307
67: [50, 60, 30, 66, 31] : 242.92913961410522
72: [4, 55, 72, 63, 74] : 124.08300352096558
70: [70, 54, 62, 53, 99] : 107.6183180809021
2: [2, 11, 35] : 47.201027631759644
57: [57, 53, 83, 77, 0] : 101.41782736778259
58: [58, 37] : 40.85962438583374
70: [70, 62, 92] : 28.734678268432617
69: [85, 89, 69] : 44.02555751800537
54: [54, 70, 92, 62, 51] : 40.22223997116089
81: [13, 81, 90, 87, 86] : 87.36861038208008
90: [90, 13, 81, 89, 41] : 64.35145831108093
15: [15, 29, 43, 80, 99] : 206.02700638771057
82: [82, 62, 61, 99, 77] : 57.85963320732117
89: [89] : 39.482203245162964
31: [31, 15, 65, 74, 99] : 59.19904685020447
17: [39, 27, 17, 20, 5] : 206.4878489971161
4: [4, 63, 50, 80, 43] : 179.24955344200134
16: [16, 28, 9, 53, 60] : 63.16388916969299
5: [5, 20] : 28.068135738372803
24: [24, 7, 79, 45, 99] : 71.34011483192444
35: [27, 11, 2, 96, 70] : 247.33823132514954
7: [7, 53, 18, 99, 24] : 79.47649335861206
62: [62, 92, 70, 99] : 44.55934476852417
73: [30, 73, 91, 1, 67] : 177.77670669555664
74: [74, 4, 44, 27, 93] : 215.67555284500122
71: [71, 12, 60, 49, 17] : 64.43214297294617
6: [6, 7, 26, 4, 72] : 136.28383994102478
13: [13, 81, 58, 90] : 52.848403453826904
46: [46, 11, 98, 85, 35] : 103.0434980392456
23: [23, 71, 60, 69, 49] : 76.28462433815002
91: [1, 91, 32, 67] : 39.50747489929199
72: [80, 4, 55, 72, 77] : 208.378342628479
31: [31, 65] : 33.20042324066162
72: [72, 4, 80, 55, 97] : 107.20708298683167
47: [47, 96, 52, 62, 70] : 75.30033421516418
96: [52, 59, 96, 47, 56] : 132.59334325790405
14: [14, 24, 18, 99] : 39.523202419281006
34: [43, 88, 97, 42, 34] : 158.37073945999146
50: [50, 64, 4, 80, 3] : 104.21186375617981
39: [39, 86, 76, 40, 87] : 47.078835248947144
59: [80, 63, 4, 97, 55] : 295.6802453994751
48: [48, 8] : 42.17022442817688
97: [97, 34, 74, 65] : 47.8967719078064
13: [13, 81, 58, 60, 89] : 47.232839822769165
50: [80, 4, 74, 38, 44] : 216.72620701789856
49: [49, 60, 63, 42, 3] : 150.10276794433594
61: [61, 22, 10, 84, 53] : 120.86401581764221
23: [59, 60, 52, 33, 47] : 98.04987359046936
44: [80, 29, 15, 4, 99] : 163.88995718955994
1: [1, 91, 27, 73, 32] : 72.13134360313416
27: [97, 27, 60, 88, 3] : 226.50912499427795
57: [82, 57, 0, 70, 62] : 175.62899446487427
14: [14, 7, 99, 74, 79] : 64.84367775917053
24: [24, 7, 45, 99, 18] : 71.18580985069275
12: [60, 89, 69, 65, 23] : 112.60850167274475
5: [5] : 31.245173931121826
2: [2, 11] : 31.882973194122314
83: [83, 53, 57, 56, 60] : 47.2257034778595
48: [48] : 31.272960424423218
27: [27, 29, 44, 67, 50] : 210.54335021972656
43: [43, 65] : 33.22469449043274
41: [41, 89] : 35.132282972335815
56: [52, 96, 47, 59, 56] : 201.96275067329407
72: [72, 97, 43, 30, 63] : 158.95281982421875
94: [94, 20, 17, 76, 60] : 66.15732884407043
97: [97, 72, 34, 74, 30] : 78.95039963722229
43: [43, 88, 42, 4, 63] : 130.629497051239
77: [53, 57, 77, 51, 0] : 141.0234203338623
93: [95, 30, 32, 67, 63] : 130.20064449310303
79: [79, 44, 6, 63, 7] : 243.95894193649292
84: [84, 52, 20, 96, 59] : 116.33394646644592
35: [35, 11, 98, 2] : 47.73321723937988
81: [81, 13, 90, 56, 59] : 122.17356419563293
86: [86, 85, 89, 17, 39] : 124.23158097267151
11: [11, 46, 98, 35] : 38.274845600128174
75: [42, 34, 38, 27, 88] : 107.81926774978638
64: [80, 38, 64, 97, 3] : 104.61021900177002
8: [38, 60, 97, 3, 33] : 172.05331873893738
49: [49, 95, 97, 55, 30] : 242.8259391784668
16: [9, 80, 66, 4, 63] : 224.06573915481567
59: [60, 42, 63, 33, 88] : 185.63659191131592
45: [99, 86, 41] : 37.68762135505676
24: [24, 7, 99, 45, 18] : 94.46289277076721
34: [97, 34, 80, 63, 38] : 172.5602946281433
80: [80, 4, 55, 63, 64] : 263.9631221294403
8: [8, 48, 85, 13, 12] : 171.95289063453674
68: [68, 60] : 44.65577483177185
3: [3, 4, 63, 64, 80] : 121.81955623626709
92: [70, 62, 92, 51, 84] : 51.08421993255615
57: [4, 72, 80, 65, 63] : 126.96947646141052
82: [82, 62, 87, 6, 86] : 106.43516778945923
92: [92, 18, 70, 99, 77] : 63.675084829330444
24: [6, 24, 7, 88, 42] : 96.66389799118042
32: [1, 32, 91, 67] : 52.1588933467865
76: [17] : 30.568624258041382
32: [2, 9, 28, 86, 83] : 164.82959270477295
46: [46, 11, 98, 35, 86] : 56.709675312042236
26: [45, 26, 99, 79] : 47.19957876205444
62: [62, 70, 82, 92] : 48.515427589416504
23: [23, 76, 60, 33, 17] : 41.509774923324585
63: [4, 80, 63, 66, 64] : 260.2720992565155
51: [51, 70, 62, 99, 92] : 114.53147840499878
70: [70, 62, 92, 6, 14] : 73.13199973106384
25: [25, 41, 20, 85, 58] : 131.67132925987244
80: [80, 4, 65, 63, 38] : 104.78656101226807
36: [36, 50, 65, 64, 4] : 90.815269947052
61: [80, 66, 4, 64, 74] : 188.8883934020996
15: [15, 29, 97, 27, 38] : 146.18054866790771
38: [38, 64, 80, 4, 50] : 154.23670434951782
1: [1, 91, 32] : 50.699973821640015
34: [34, 97, 88, 42, 3] : 67.95617413520813
67: [32, 93, 38, 65, 73] : 206.3422884941101
86: [86] : 34.69668650627136
64: [36, 50, 65, 63, 74] : 129.80387806892395
24: [24, 7, 63, 4, 77] : 231.20580101013184
82: [6, 14, 18, 7, 53] : 69.5307765007019
5: [5, 20, 84, 25] : 32.82213044166565
76: [76, 12, 37, 17] : 32.810827016830444
13: [13, 58, 60, 69, 81] : 47.53444242477417
61: [80, 72, 65, 97, 50] : 232.01607275009155
50: [43, 97, 27, 4, 50] : 185.42568254470825
70: [11, 60, 35, 23, 46] : 79.7521276473999
98: [35, 98, 11, 2, 46] : 51.51229906082153
20: [20, 25, 84] : 30.29824209213257
97: [97, 38, 88, 34, 42] : 97.9037675857544
60: [0, 60, 28, 53, 41] : 126.13235831260681
14: [14, 74, 99, 26, 79] : 89.97405219078064
27: [27, 4, 55, 63, 80] : 208.97847533226013
87: [87, 20, 25, 40, 5] : 82.09782266616821
60: [60, 49, 17, 23, 71] : 77.16487169265747
44: [44, 27, 29, 78, 99] : 191.21865940093994
8: [8, 48] : 44.497692584991455
95: [95, 30, 72, 27, 71] : 160.40806555747986
82: [82, 62, 6, 14, 70] : 102.28262567520142
51: [4, 80, 55, 44, 63] : 257.1718649864197
8: [8, 48] : 44.2300751209259
41: [89, 60, 69, 2, 11] : 54.53032088279724
3: [3, 43, 38, 88, 97] : 160.01205444335938
67: [67, 32, 2, 50, 4] : 280.9846489429474
50: [80, 38, 64, 4, 29] : 211.04009246826172
9: [9, 53, 87, 57] : 52.634915828704834
70: [70, 51, 99, 60, 28] : 91.05333852767944
80: [80, 50, 74, 64, 65] : 144.93865728378296
82: [82, 52, 70, 60, 33] : 75.18145155906677
84: [84, 20, 40, 22] : 39.89129114151001
63: [4, 80, 74, 55, 66] : 176.4737937450409
60: [71, 49, 60] : 49.62997484207153
80: [80, 4, 55, 63, 34] : 183.5496244430542
56: [56, 71, 59, 49, 45] : 65.60962104797363
25: [5, 25, 20, 37, 94] : 56.53029751777649
74: [4, 55, 63, 50, 38] : 182.74079298973083
38: [15, 38, 43, 31, 97] : 88.51051712036133
52: [96, 52, 47, 59, 33] : 109.1703577041626
93: [93, 77, 65, 99, 26] : 77.2160496711731
29: [29, 27, 44, 74, 50] : 166.14771175384521
2: [53, 0, 10, 61] : 39.97265648841858
44: [44, 78, 2, 27, 50] : 276.62959241867065
79: [44, 14, 18, 99, 74] : 310.39535307884216
11: [11, 35, 98, 53, 61] : 91.33556151390076
26: [23, 60, 31, 51, 95] : 246.104252576828
95: [95, 30, 73, 93, 91] : 134.62304496765137
31: [97, 31, 38, 80, 63] : 251.0462212562561
88: [88, 34, 43, 42, 97] : 83.366379737854
2: [2, 11, 35] : 41.09124946594238
37: [37, 17] : 24.413864850997925
68: [68, 60, 49, 58, 12] : 80.93710231781006
66: [66, 4, 88, 97, 55] : 192.47267508506775
95: [23, 50, 72, 66, 43] : 275.6863613128662
91: [91, 32, 1, 67] : 61.70654082298279
40: [86, 40, 99, 69, 78] : 264.2284801006317
18: [44, 18, 70, 27, 29] : 230.6636028289795
19: [19, 65, 60, 74] : 48.32412123680115
77: [77, 6, 50, 7, 80] : 204.90589451789856
18: [56, 14, 59, 7, 44] : 119.0917649269104
25: [20, 25, 5, 41, 84] : 45.644161224365234
30: [30, 95, 72, 55, 4] : 193.0301022529602
38: [38, 97, 34, 43, 3] : 108.84795069694519
77: [50, 99, 4, 55, 74] : 252.2663221359253
71: [71, 60, 49, 12, 17] : 57.83975005149841
1: [91, 32, 1, 67, 45] : 124.03205251693726
28: [10, 28] : 36.63829708099365
32: [43, 14, 26, 46, 31] : 164.7471055984497
4: [4, 55, 72, 95, 30] : 160.09818744659424
76: [76, 95, 30, 66, 44] : 347.61336731910706
90: [90] : 36.02252697944641
14: [14, 99, 77, 51, 74] : 131.14857363700867
25: [20, 24, 7, 94, 14] : 140.7848880290985
70: [70, 99, 77, 28, 5] : 144.94856214523315
17: [17] : 37.183449506759644
95: [55, 72, 4, 66, 50] : 215.0383176803589
75: [63, 4, 55, 50, 74] : 125.01424264907837
6: [50, 4, 80, 63, 88] : 235.18833947181702
86: [86] : 16.10789656639099
94: [37, 76, 17, 12, 86] : 59.80025100708008
28: [28, 10, 40, 20, 16] : 62.937495708465576
73: [73, 91, 32, 67, 85] : 135.3000500202179
36: [4, 50, 63, 74, 64] : 181.13711857795715
18: [83, 27, 78, 44, 92] : 107.56546401977539
10: [28, 10, 84, 9, 16] : 77.58474230766296
34: [34, 97, 38, 3, 42] : 62.270957946777344
1: [1, 32, 91] : 35.373788356781006
64: [64, 4, 50, 74, 66] : 189.74652481079102
28: [10, 28, 84, 61] : 55.37072801589966
82: [82, 62, 70] : 55.35339879989624
96: [96, 52, 59, 47, 60] : 167.50197577476501
59: [56, 59, 52, 47, 96] : 89.03052139282227
67: [97, 31, 17, 3, 38] : 78.74346446990967
15: [15, 19, 29, 99, 89] : 117.85207176208496
27: [27, 29, 44, 93, 78] : 121.27167844772339
99: [78, 99, 44, 86, 74] : 62.35560131072998
72: [31, 3, 38, 42, 97] : 158.8536834716797
6: [6, 88, 42, 27, 78] : 120.30484557151794
62: [62, 18, 51, 99, 6] : 157.32611680030823
37: [37, 17, 76, 12, 23] : 53.213077783584595
31: [31, 65, 74, 99, 77] : 57.02486729621887
45: [45, 1, 26, 32, 99] : 70.4038953781128
58: [58, 89, 57, 85, 53] : 99.8538019657135
97: [97, 34, 38, 64, 80] : 101.96296429634094
25: [20, 25, 5] : 27.002010107040405
25: [25, 5, 20] : 27.020865201950073
69: [17, 69, 49, 76, 23] : 81.03892016410828
21: [21, 15, 38, 29, 27] : 132.53505945205688
19: [19, 97, 38, 72, 65] : 59.22404932975769
20: [20, 25, 5, 84] : 32.84300470352173
27: [27, 38, 97, 29, 88] : 207.84846210479736
45: [45, 70, 67, 0, 24] : 168.3500726222992
65: [66, 65, 64, 97, 80] : 125.5290048122406
64: [50, 64, 4, 36, 80] : 136.71858406066895
12: [60, 12, 17, 7, 76] : 120.80438804626465
50: [25, 5, 27, 20, 44] : 143.36070203781128
61: [78, 57, 99, 53, 14] : 86.97843909263611
25: [25, 20, 5] : 27.193386793136597
0: [0, 57, 53, 60, 87] : 57.58083486557007
71: [71, 60, 49] : 27.167644500732422
13: [13, 81, 90] : 32.972068309783936
3: [3, 63, 4, 65, 80] : 140.03653836250305
80: [80, 65, 32, 74, 38] : 119.94248366355896
2: [2] : 25.847419261932373
2: [2, 11, 35] : 34.20055937767029
91: [91, 32, 1, 65] : 56.76057839393616
18: [99, 78, 44, 63, 18] : 248.4238646030426
20: [20, 84, 5, 25, 39] : 91.02592992782593
6: [6, 7, 18, 99, 79] : 62.04385447502136
38: [4, 63, 74, 80, 38] : 184.82987332344055
59: [59, 52, 56, 60, 89] : 60.042558670043945
46: [13, 48, 85, 61, 60] : 314.2049651145935
2: [5, 20] : 21.309340000152588
64: [64, 97, 3, 50, 38] : 102.58149886131287
77: [77, 99, 18, 24, 4] : 208.4489676952362
21: [21, 65, 74, 79, 35] : 57.561954975128174
98: [98, 35, 37, 46, 17] : 42.06583285331726
58: [58, 57, 53, 37, 60] : 100.15133953094482
54: [54, 92] : 40.709184408187866
25: [25, 5, 20] : 34.22496318817139
98: [98, 35, 46, 11, 29] : 60.66256260871887
64: [96, 59, 47, 52, 99] : 345.8868284225464
12: [12, 17, 60, 90, 76] : 62.65471911430359
20: [20, 25, 5, 60, 94] : 66.50179171562195
2: [2] : 23.93429923057556
65: [50, 65, 93, 64, 67] : 194.5087308883667
4: [4, 99, 72, 80, 55] : 218.26763319969177
23: [23, 76, 60, 49] : 38.08688187599182
72: [72, 4, 55, 65, 29] : 123.26727986335754
40: [40, 86, 20, 9, 22] : 72.2599790096283
91: [32, 91, 73, 1] : 60.038538217544556
80: [80, 47, 63, 64, 66] : 284.1640205383301
99: [99, 18, 7, 14, 74] : 109.93738651275635
24: [24, 7, 18, 79, 6] : 99.57515573501587
41: [41] : 40.08240985870361
45: [27, 43, 88, 4, 97] : 285.3327648639679
17: [17, 37, 76] : 34.20383071899414
60: [14, 47, 59, 6, 52] : 232.9273567199707
61: [61, 99, 10] : 45.886810302734375
86: [86, 39, 87] : 40.058871269226074
0: [0, 53, 83, 10, 61] : 65.14724159240723
53: [53, 57, 83, 82, 70] : 69.85378527641296
0: [0, 57, 83] : 43.35423684120178
82: [82, 62, 60, 79] : 48.49284362792969
42: [42, 72, 27, 43, 80] : 146.5492103099823
74: [7, 99, 18, 77, 74] : 241.9533407688141
53: [57, 70, 53, 0, 92] : 132.2389554977417
96: [96, 52, 47, 59, 70] : 168.5101819038391
count (test images): 625
Mean per class acc: 64.58%
Mean inference time: 109.69 sec
Top 1 acc: 65.60%
Top 3 acc: 79.36%
Top 2 acc: 74.56%
Top 5 acc: 82.08%
