49: [49, 17, 60, 37, 12] : 59.10976529121399
92: [92, 83, 99, 45] : 58.126874685287476
41: [41] : 45.59767699241638
75: [63, 97, 80, 64, 4] : 126.63783240318298
7: [7, 99, 6, 72, 55] : 98.2658965587616
71: [71, 60, 49, 96, 59] : 63.97841763496399
50: [4, 50, 63, 64, 80] : 75.8330237865448
27: [27, 55, 38, 30, 72] : 84.70937156677246
70: [70, 62, 92, 51] : 33.904401779174805
24: [63, 30, 4, 55, 80] : 95.99348497390747
36: [36, 50, 64, 65, 4] : 70.90990591049194
32: [57, 83, 7, 24, 67] : 80.93184065818787
45: [45, 4, 63, 50, 80] : 114.13903331756592
80: [80, 4, 34, 66, 74] : 69.38744354248047
12: [12, 76, 60, 86, 17] : 55.35649585723877
23: [23, 76, 49, 60, 17] : 40.92532992362976
58: [58, 85, 67, 73, 91] : 81.32309365272522
96: [96, 52, 59, 47, 53] : 83.4216697216034
42: [42, 43, 88, 4, 63] : 70.25545191764832
86: [78, 27, 29, 1, 7] : 75.2461507320404
37: [17, 37, 76] : 26.362063884735107
45: [45, 4, 50, 80, 64] : 89.00605130195618
37: [37, 17] : 31.359575033187866
90: [7, 18, 52, 3, 42] : 109.07349967956543
69: [69] : 36.38867211341858
40: [40, 53, 14, 24, 99] : 76.43463945388794
27: [27, 29, 44, 91, 32] : 115.22337651252747
18: [24, 99, 67, 7, 79] : 66.4390881061554
55: [29, 4, 34, 66, 80] : 115.2796277999878
54: [70, 92, 62, 54, 83] : 44.493783712387085
37: [37, 17, 12] : 26.34796404838562
36: [65, 38, 4, 3, 77] : 80.18812870979309
35: [35, 98, 11, 46, 30] : 103.34050965309143
37: [37, 17, 60, 76, 12] : 40.73350405693054
27: [97, 27, 72, 33, 23] : 108.27941036224365
73: [30, 72, 95, 4, 55] : 110.1947853565216
65: [65, 80, 50, 4, 74] : 68.23601722717285
91: [1, 91, 73, 32] : 40.07609963417053
64: [64, 80, 50, 74, 65] : 67.65596556663513
17: [17, 37] : 30.708024501800537
41: [41, 89] : 37.581615924835205
19: [19, 43, 97, 38, 34] : 64.50285029411316
83: [83, 0, 84, 9] : 50.13001585006714
37: [37] : 18.214367628097534
65: [38, 34, 65, 15, 77] : 49.54256987571716
97: [97, 64, 50, 66, 80] : 72.09248232841492
95: [71] : 34.49921011924744
48: [48] : 31.3628351688385
54: [54, 70, 14, 6, 18] : 60.79157900810242
86: [86, 87, 94, 0, 9] : 86.50453996658325
86: [86, 16] : 26.981889247894287
6: [6, 82, 70, 7, 18] : 71.45834922790527
85: [85, 41] : 35.75979423522949
53: [53, 57, 0, 82, 18] : 87.16856741905212
9: [9, 10, 84, 61, 40] : 74.10093402862549
20: [20, 25, 84, 5] : 32.010966539382935
99: [99] : 25.118784427642822
8: [8, 48] : 47.679893493652344
14: [14, 79, 26, 99] : 43.902996301651
23: [59, 52, 62, 67, 70] : 84.62943053245544
74: [50, 80, 4, 64, 63] : 69.60994219779968
82: [82, 14, 54, 62, 70] : 58.3238570690155
15: [15, 45, 99, 17, 60] : 67.08805465698242
30: [30, 95, 71, 27, 97] : 94.04748582839966
71: [71, 60, 23] : 39.52658677101135
28: [28] : 30.755584716796875
81: [81, 90, 37] : 45.15853548049927
26: [70, 62, 82, 6, 29] : 112.85778975486755
96: [60, 23, 33] : 26.365548133850098
76: [76, 60] : 32.014474391937256
21: [21, 74, 65, 99, 41] : 109.10718894004822
0: [0, 57, 53] : 51.424461126327515
2: [2, 11] : 41.4058301448822
46: [46, 98, 11, 35, 2] : 52.036741971969604
15: [15, 74, 65] : 41.41064262390137
43: [43, 65, 99] : 39.53027367591858
19: [97, 19, 38, 15, 34] : 53.26794505119324
88: [88, 43, 42, 65] : 43.91792106628418
88: [97, 80, 63, 64, 50] : 75.30992674827576
39: [39, 50, 4, 72, 55] : 104.75994205474854
28: [28, 16, 0, 53, 10] : 68.9741883277893
17: [17, 49, 60] : 38.24259424209595
4: [4, 50, 55, 30, 72] : 100.21223258972168
42: [4, 55, 50, 72, 64] : 102.68753600120544
53: [53] : 25.088401079177856
47: [52, 47, 96, 59, 56] : 63.22809839248657
43: [43, 3, 42, 65] : 46.9867947101593
81: [37, 17, 87, 86, 39] : 51.99489903450012
8: [97, 3, 38, 31, 88] : 74.58870530128479
47: [60, 17, 37, 23, 11] : 75.23899602890015
19: [19, 15, 65] : 38.27147150039673
62: [62, 70, 6, 82, 7] : 97.77092456817627
70: [70, 60, 86] : 48.286224603652954
87: [87, 86] : 37.006898403167725
92: [83, 82, 53, 70, 14] : 80.25573968887329
55: [30, 80, 4, 95, 55] : 95.27557921409607
62: [62, 47, 82, 70, 92] : 83.37611675262451
17: [17] : 29.509880542755127
58: [58, 29, 44, 7, 27] : 101.6840922832489
64: [80, 64, 50, 36, 63] : 69.61823296546936
60: [60, 49, 19, 72, 95] : 112.1837432384491
13: [15, 27, 29, 78, 14] : 104.07198405265808
65: [65, 50, 36, 97, 63] : 67.082026720047
24: [24, 7, 79, 74, 63] : 110.30879068374634
12: [76, 17, 12, 33, 20] : 59.56001806259155
10: [53, 10, 28, 61, 51] : 56.43849849700928
10: [10, 61, 28, 0, 53] : 66.45414352416992
83: [99, 30, 53, 95, 83] : 105.95392370223999
27: [99, 44, 18, 74, 78] : 90.30921697616577
73: [73, 91, 1, 67, 32] : 55.2348210811615
51: [4, 63, 51, 55, 72] : 109.7355420589447
17: [17] : 38.88388514518738
20: [25, 20, 50, 63, 64] : 92.64716720581055
86: [85, 39, 90, 87, 60] : 90.26801371574402
70: [70, 62, 92, 51] : 37.20813989639282
49: [49, 60, 33, 5, 25] : 49.84718585014343
56: [56, 59, 96, 52, 47] : 85.18369460105896
43: [43, 65] : 32.85000967979431
28: [28, 40, 16, 10, 9] : 46.696441650390625
17: [53, 6, 7, 57, 14] : 91.43940591812134
74: [55, 4, 74, 63, 66] : 88.92036032676697
46: [11, 35, 46, 2, 60] : 57.40026879310608
63: [97, 4, 63, 66, 55] : 75.04408836364746
41: [41] : 39.147815227508545
78: [78, 31, 44, 1, 99] : 75.70008039474487
92: [92, 70, 82, 62, 56] : 64.98482036590576
36: [65, 74, 91, 73, 1] : 55.51006841659546
59: [52, 59, 96, 56, 47] : 64.36815595626831
4: [4, 80, 55, 74, 38] : 90.21663069725037
97: [97, 43, 38, 34, 42] : 56.78953957557678
29: [29, 27, 93, 83, 65] : 110.3803186416626
87: [86, 87, 40, 76, 37] : 45.43905329704285
63: [63, 80, 56, 65, 4] : 110.37625670433044
27: [27, 97, 44, 29, 78] : 90.17345952987671
89: [89] : 45.46576118469238
43: [43, 97, 38, 42, 3] : 54.25617480278015
10: [10, 28, 92, 20, 82] : 62.4712598323822
54: [14, 18, 54, 92, 91] : 113.53580212593079
73: [95, 44, 34, 29, 78] : 93.36283040046692
19: [97, 34, 63, 64, 4] : 78.19130992889404
41: [95, 4, 30, 63, 55] : 100.26099109649658
27: [44, 27, 67, 32, 91] : 93.38222789764404
14: [14, 74, 51, 77, 99] : 93.36132335662842
96: [96, 47, 52, 59, 56] : 72.49687552452087
76: [76, 60, 49, 53, 0] : 56.7520637512207
12: [17, 12, 60, 71, 76] : 66.87246584892273
34: [34, 97, 38, 65, 74] : 49.851340770721436
50: [4, 50, 64, 63, 80] : 95.80896496772766
25: [25, 20, 5] : 26.514963150024414
51: [4, 74, 80, 63, 55] : 105.93256616592407
70: [70, 23, 99, 60, 51] : 77.57640957832336
50: [50, 4, 64, 74, 63] : 76.27685332298279
94: [94, 5, 22, 40] : 41.63635063171387
30: [73, 1, 91, 45, 49] : 57.40208315849304
3: [3, 4, 63, 19, 80] : 100.22493743896484
55: [4, 55, 80, 64, 66] : 83.83398604393005
81: [13, 81, 53, 0, 90] : 66.2314441204071
0: [57, 0, 53] : 51.76249861717224
64: [63, 64, 80, 66, 4] : 110.35816764831543
34: [80, 63, 4, 64, 50] : 89.52417802810669
92: [62, 70, 51, 60] : 37.234352111816406
20: [25, 20, 5, 84, 94] : 42.267316818237305
73: [73, 45] : 27.782109260559082
11: [78, 3, 27, 29, 44] : 100.8587098121643
89: [42, 88, 15, 55, 30] : 101.53187227249146
50: [50, 65, 80, 64, 36] : 64.34943723678589
10: [29, 93, 1, 10, 91] : 105.34984636306763
52: [52, 59, 96, 23, 60] : 73.70313048362732
91: [91, 1, 32, 67] : 43.39099407196045
63: [65, 4, 63, 34, 43] : 75.97492289543152
4: [4, 55, 27, 72, 32] : 75.93302798271179
78: [78, 99, 0, 57, 83] : 69.0991940498352
53: [53, 57, 0] : 44.613271951675415
38: [38, 34, 97, 88, 3] : 62.170405864715576
6: [6, 14, 18, 7, 82] : 84.15543365478516
47: [52, 96, 47, 60, 37] : 54.01999545097351
84: [84, 20, 65] : 36.47088670730591
13: [13, 16] : 37.71933913230896
5: [20, 5, 84, 25, 94] : 43.97791624069214
21: [21, 74, 99, 77, 79] : 68.42580819129944
70: [70, 6, 62, 18, 60] : 70.90967059135437
70: [70, 92, 62, 0, 18] : 87.87116360664368
27: [27, 30, 95, 29, 4] : 92.26904916763306
5: [84, 20, 94] : 26.38395118713379
5: [5, 94, 20, 25] : 35.153077602386475
0: [57, 0, 53, 99] : 53.99287009239197
73: [25, 5, 85, 27, 95] : 96.08469820022583
89: [57, 53, 0, 87, 60] : 56.514434814453125
7: [53, 7, 83, 18, 57] : 71.55580806732178
78: [78, 44, 55, 4, 63] : 107.98372793197632
25: [25, 20, 5] : 26.390429258346558
53: [53] : 30.161557912826538
25: [25, 5, 20] : 26.382231950759888
23: [23, 52, 59, 96, 47] : 73.40829205513
42: [42, 43, 88, 65] : 53.34952402114868
59: [59, 47, 56, 96, 52] : 84.08518576622009
34: [34, 65, 74] : 38.30300974845886
71: [71, 60] : 37.012054681777954
88: [88, 42, 80, 4, 64] : 61.467846632003784
62: [54, 70, 14, 92, 62] : 66.51793670654297
42: [97, 80, 38, 64, 4] : 67.78141570091248
9: [9] : 25.758597135543823
9: [9, 10] : 37.657023429870605
65: [72, 55, 4, 80, 50] : 83.41703915596008
50: [4, 80, 50, 63, 64] : 105.43545007705688
87: [87, 86, 39] : 26.38029146194458
12: [12, 71] : 41.423147678375244
99: [78, 99, 29, 83, 44] : 64.01257753372192
88: [88, 34, 43, 38, 42] : 52.10380482673645
57: [57, 53, 0, 10, 61] : 59.65642786026001
43: [43, 88, 42, 65] : 47.105229139328
48: [48, 8, 69, 45, 85] : 54.00467777252197
49: [60, 49, 57, 76, 23] : 67.77584433555603
73: [30, 73, 95, 32, 72] : 85.36584258079529
49: [49, 60, 33, 52, 59] : 65.28170013427734
56: [56, 71, 49, 60, 17] : 54.61916947364807
21: [21, 99, 74, 79] : 53.35495209693909
46: [46, 11, 98, 35, 60] : 53.99880909919739
73: [73, 91] : 37.079869508743286
77: [4, 80, 57, 63, 50] : 116.17839670181274
85: [85, 41] : 40.20938849449158
32: [6, 44, 78, 70, 7] : 87.90159893035889
27: [44, 4, 80, 50, 64] : 109.8776741027832
20: [20, 25, 84] : 26.405102491378784
38: [38, 80, 72, 55, 4] : 87.86053466796875
96: [52, 59, 60, 96, 33] : 83.50040483474731
77: [77, 80, 4, 50, 63] : 94.80697965621948
54: [54] : 20.764750957489014
29: [29, 4, 43, 34, 42] : 79.1059250831604
65: [50, 2, 72, 4, 36] : 95.44913911819458
84: [32, 24, 18, 67, 7] : 79.13985109329224
85: [27, 29, 93, 42, 38] : 96.06186652183533
0: [0, 53, 57, 60, 28] : 69.71390581130981
10: [10, 28, 53, 92, 57] : 59.66894221305847
28: [40, 20, 5, 25, 50] : 126.15841388702393
34: [80, 4, 50, 55, 72] : 84.06160521507263
70: [70, 62, 92] : 47.71754693984985
90: [90] : 36.41357612609863
59: [59, 52, 47, 96, 60] : 62.08700895309448
50: [50, 64, 36, 65, 74] : 60.24437117576599
89: [41, 89] : 34.55649495124817
87: [86, 87, 94, 61] : 41.45052766799927
39: [39, 25] : 31.426869869232178
9: [9, 16, 83, 28, 53] : 77.2629234790802
77: [32, 91, 78, 44, 67] : 101.10675716400146
37: [96, 59, 47, 52, 70] : 62.78564643859863
45: [4, 44, 30, 32, 70] : 125.64463806152344
10: [70, 92, 61, 10, 28] : 51.55919027328491
51: [4, 80, 63, 64, 50] : 87.91494536399841
40: [40, 37] : 46.48369550704956
71: [71, 26, 45, 60, 9] : 55.28922963142395
30: [30, 95, 97, 73, 67] : 104.29823756217957
37: [37, 17, 53, 60, 23] : 54.01160478591919
69: [76, 17] : 23.893584489822388
75: [80, 55, 63, 30, 97] : 87.31436038017273
87: [87, 17, 71, 49, 60] : 54.05652046203613
30: [30, 95, 55, 91, 74] : 108.0653862953186
92: [92, 70, 51, 57, 14] : 77.29751920700073
48: [48] : 24.552822828292847
0: [0, 53, 10, 60, 84] : 54.06959652900696
49: [49, 17, 76, 60, 23] : 58.456156969070435
46: [46, 98, 11, 35, 86] : 61.58892798423767
49: [49, 59, 60, 52, 70] : 59.08100724220276
94: [94] : 24.554179906845093
47: [47, 52, 96, 33, 23] : 59.741069078445435
72: [30, 95, 72, 55, 15] : 81.10880136489868
37: [37] : 25.177830696105957
41: [41, 86, 89, 85] : 62.219489097595215
29: [4, 63, 80, 64, 55] : 88.62872767448425
50: [4, 64, 80, 50, 63] : 83.57769918441772
42: [38, 97, 43, 65, 42] : 76.64061212539673
92: [92, 70, 62, 0, 83] : 77.28337955474854
43: [4, 80, 63, 72, 55] : 100.52556443214417
83: [83, 0, 61, 10, 9] : 52.80845546722412
25: [20, 25, 84, 5] : 32.05540728569031
7: [7, 6, 24, 79, 45] : 55.9652042388916
69: [76, 12, 37] : 26.43251943588257
43: [43, 65, 46, 35, 98] : 58.47335481643677
86: [94, 40, 59, 56, 52] : 108.73229217529297
13: [17, 37, 13, 81, 60] : 66.00122237205505
5: [5, 25, 20] : 40.8815381526947
43: [43, 42, 38, 3, 88] : 62.24476933479309
21: [21, 74, 99, 98, 49] : 76.67848467826843
40: [40] : 32.707947969436646
11: [11, 46, 35, 98, 2] : 55.3287672996521
2: [2] : 35.877174854278564
74: [4, 80, 55, 50, 64] : 123.20377326011658
30: [30, 95, 73, 72, 32] : 65.36556267738342
33: [33, 68, 52, 47, 59] : 65.41128587722778
92: [70, 92, 62, 7, 54] : 66.035813331604
0: [0, 57, 53, 10, 84] : 49.673728942871094
22: [22, 76, 56, 17, 59] : 59.10254502296448
45: [44, 78, 99, 29, 27] : 122.6048698425293
70: [62, 70, 92, 14, 7] : 71.03141713142395
22: [22] : 35.86872124671936
74: [4, 50, 63, 80, 55] : 120.70042133331299
15: [15, 43, 29, 31, 60] : 64.14971256256104
43: [80, 4, 63, 50, 64] : 67.88917422294617
47: [96, 52, 47, 59, 56] : 72.91546750068665
72: [72, 55, 30, 45, 32] : 135.7653214931488
39: [39, 86, 16, 9, 87] : 57.19858956336975
69: [76, 60, 49, 53, 57] : 48.399170875549316
54: [54, 62, 59, 70, 52] : 46.54315209388733
9: [9] : 22.675336837768555
85: [27, 52, 29, 70, 67] : 85.51471948623657
25: [20, 25, 5, 84, 60] : 42.14126205444336
53: [53, 0, 57] : 51.575114011764526
2: [2, 11] : 50.95336627960205
40: [53, 14, 7, 6, 24] : 80.46058869361877
75: [65, 97, 34, 3, 43] : 74.19388008117676
48: [48] : 40.886231899261475
31: [31, 4, 63, 42, 21] : 101.8173975944519
42: [42, 88, 43, 38, 19] : 50.934898853302
58: [58, 69, 37] : 35.84798860549927
29: [29, 3, 31, 65, 74] : 54.0412700176239
78: [80, 4, 50, 66, 55] : 92.35461688041687
78: [78, 99, 44, 27, 77] : 52.83021020889282
4: [4, 80, 63, 50, 66] : 112.50654339790344
1: [1, 32, 91, 67] : 51.543111085891724
49: [95, 30, 72, 4, 55] : 104.94533252716064
21: [21, 3, 97, 65, 74] : 57.20291519165039
68: [60, 49, 12, 71, 68] : 64.1143810749054
91: [1, 91, 32, 73, 45] : 57.82257962226868
44: [44, 99, 27, 29, 80] : 79.1989393234253
13: [13] : 32.73779296875
64: [80, 64, 4, 50, 63] : 93.0681083202362
48: [48, 89, 8, 58, 85] : 50.29521584510803
71: [71, 60, 12, 17, 49] : 55.31561899185181
76: [76, 17, 12] : 26.442481517791748
71: [71, 60, 12, 23, 17] : 50.954386711120605
49: [49, 76, 33] : 39.65312433242798
6: [6, 7, 77, 82, 65] : 85.49897956848145
67: [4, 27, 52, 44, 42] : 147.0924847126007
42: [42, 88, 4, 64, 66] : 75.4182755947113
59: [52, 56, 96, 47, 59] : 84.17919301986694
44: [78, 99, 44, 50, 74] : 115.65786027908325
36: [36, 50, 4, 63, 80] : 73.54450607299805
28: [28, 10, 80, 55, 72] : 138.9114806652069
97: [97, 63, 4, 80, 64] : 72.94529128074646
44: [78, 44, 27, 74, 99] : 79.82024574279785
9: [9] : 19.507394790649414
24: [24, 7, 4, 50, 66] : 74.12589931488037
42: [42, 80, 4, 63, 66] : 118.82677912712097
67: [30, 60, 50, 95, 66] : 126.93901681900024
72: [4, 55, 63, 72, 80] : 77.96574425697327
70: [70, 92, 54, 62, 6] : 74.79658770561218
2: [2] : 21.39565658569336
57: [57, 53, 83, 77, 51] : 73.5041184425354
58: [58, 69, 85] : 29.57026743888855
70: [70, 51, 60] : 34.61045432090759
69: [85, 69, 89, 58, 60] : 64.75902485847473
54: [54, 70, 92, 51, 62] : 47.797687292099
81: [87, 86, 60, 94, 9] : 67.89452838897705
90: [90, 13, 81] : 45.28800320625305
15: [15, 29, 43, 34, 88] : 66.04471278190613
82: [82, 61] : 40.289188385009766
89: [89] : 39.033281564712524
31: [31, 65, 74, 99, 77] : 52.83685374259949
17: [27, 29, 78, 44, 67] : 62.867554664611816
4: [4, 63, 50, 80, 36] : 113.19002175331116
16: [16, 28, 9, 60] : 36.49114418029785
5: [5, 25] : 20.78209924697876
24: [7, 24, 99, 45, 18] : 65.40277528762817
35: [96, 27, 70, 62, 82] : 106.25541496276855
7: [7, 99, 18, 69, 77] : 88.65216040611267
62: [62, 92, 70, 7, 6] : 60.34351181983948
73: [30, 91, 1, 73, 32] : 100.57050585746765
74: [4, 74, 80, 55, 63] : 120.69687557220459
71: [71, 95, 30, 12, 72] : 92.98921179771423
6: [6, 7, 26, 79, 45] : 62.85523438453674
13: [13, 58, 81] : 45.906240701675415
46: [46, 11, 98, 86, 35] : 57.20018124580383
23: [23, 71, 60, 76, 17] : 65.35546541213989
91: [1, 91, 32] : 44.02291655540466
72: [80, 4, 55, 72, 50] : 99.95233464241028
31: [31, 35, 65, 11] : 47.16469168663025
72: [72, 80, 4, 55, 64] : 84.21309971809387
47: [47, 96, 52, 62, 59] : 55.33892560005188
96: [52, 96, 59, 47, 56] : 79.21636867523193
14: [14, 24, 99, 18, 50] : 81.06923127174377
34: [43, 72, 80, 50, 55] : 76.64778017997742
50: [50, 64, 4, 80, 63] : 70.43717074394226
39: [39, 86, 87] : 32.71464514732361
59: [97, 59, 88, 21, 43] : 94.27993130683899
48: [48] : 28.943493127822876
97: [97, 34, 64, 66, 50] : 65.3657865524292
13: [13] : 37.74446487426758
50: [80, 4, 50, 64, 30] : 108.11413192749023
49: [49, 60, 63, 4, 64] : 94.21490693092346
61: [61, 22, 10, 53, 89] : 75.34581160545349
23: [59, 52, 53, 57, 47] : 91.00362586975098
44: [15, 99, 80, 43, 42] : 72.14566802978516
1: [1, 30, 91, 95, 27] : 82.78367233276367
27: [80, 4, 66, 64, 63] : 94.15960168838501
57: [57, 0, 82, 62, 92] : 84.20037508010864
14: [14, 7, 74, 99, 79] : 55.34764909744263
24: [24, 7, 45, 99, 95] : 93.65456581115723
12: [60, 7, 14, 6, 24] : 59.69463348388672
5: [5, 20, 40, 65, 60] : 50.8938090801239
2: [2, 11] : 34.58837151527405
83: [83, 53] : 39.63982963562012
48: [48, 8] : 30.191828966140747
27: [27, 50, 4, 63, 80] : 101.79889249801636
43: [43, 65] : 32.71946454048157
41: [41, 89] : 23.9191255569458
56: [52, 96, 47, 60, 49] : 45.27282977104187
72: [72, 97, 30, 63, 55] : 93.03944849967957
94: [94, 17, 76, 20, 84] : 55.31778144836426
97: [97, 34, 72, 38, 74] : 55.95128345489502
43: [43, 88, 42, 97, 4] : 76.06068134307861
77: [53, 57, 77, 51, 18] : 70.4577841758728
93: [93, 29, 67, 32, 27] : 86.761794090271
79: [63, 50, 80, 64, 4] : 100.52742505073547
84: [84, 20, 40, 28, 51] : 86.75027632713318
35: [35, 11, 98, 2] : 46.51535367965698
81: [81, 13, 90] : 52.178550243377686
86: [86, 85, 39, 17, 10] : 77.92748093605042
11: [11, 46, 98, 35] : 38.35643744468689
75: [4, 80, 55, 64, 63] : 118.75352382659912
64: [80, 38, 64, 97, 50] : 60.961063623428345
8: [8, 48] : 40.23708629608154
49: [95, 55, 72, 30, 4] : 82.29381442070007
16: [44, 7, 97, 27, 78] : 121.17703366279602
59: [96, 52, 59, 47, 63] : 121.13581562042236
45: [99, 87, 45, 86, 69] : 66.57056999206543
24: [24, 7, 99, 45, 6] : 80.36802339553833
34: [97, 34, 38, 42, 43] : 56.541168212890625
80: [80, 4, 64, 63, 50] : 137.58136343955994
8: [8] : 45.262492656707764
68: [68, 60, 13, 48, 58] : 65.933584690094
3: [3, 42, 97, 34, 65] : 63.435590744018555
92: [70, 62, 82] : 31.433738470077515
57: [4, 72, 80, 50, 55] : 88.52686381340027
82: [82, 62, 87, 53, 0] : 64.69628047943115
92: [92, 70, 99, 77] : 53.394179344177246
24: [24, 4, 80, 64, 63] : 93.58403611183167
32: [1, 32, 91, 67] : 38.95895171165466
76: [17, 76] : 35.815678358078
32: [30, 50, 63, 4, 80] : 100.47378540039062
46: [46, 11, 98, 35, 94] : 75.37341547012329
26: [45, 26, 99] : 42.72764444351196
62: [62, 70, 82, 32, 92] : 60.906392097473145
23: [23, 59, 76, 60, 49] : 55.25853729248047
63: [4, 63, 80, 66, 97] : 121.19239592552185
51: [51, 99, 62, 70, 18] : 96.03410077095032
70: [70, 62, 92, 18, 6] : 70.31724953651428
25: [41, 25, 85, 20, 37] : 91.04438924789429
80: [80, 4, 65, 74, 34] : 65.9375410079956
36: [36, 50, 65, 64, 4] : 67.1631920337677
61: [80, 74, 66, 4, 64] : 110.47851467132568
15: [15, 29, 27, 38, 74] : 58.40147924423218
38: [38, 64, 80, 4, 55] : 76.5849392414093
1: [1, 91, 32] : 48.98065209388733
34: [34, 97, 88, 42, 43] : 52.11085033416748
67: [32, 93, 73, 30, 72] : 90.3894190788269
86: [86] : 19.49304485321045
64: [36, 50, 65, 74, 97] : 67.78137612342834
24: [24, 7, 4, 63, 50] : 107.91353464126587
82: [82, 6, 79] : 47.73342776298523
5: [5, 20, 84, 94, 65] : 44.55504488945007
76: [76, 39, 86, 57, 9] : 90.9650399684906
13: [13, 58, 60, 69, 68] : 56.48547983169556
61: [80, 72, 65, 55, 50] : 68.41916084289551
50: [4, 63, 66, 55, 80] : 110.44107818603516
70: [96, 47, 52, 56, 70] : 74.67443609237671
98: [35, 98, 11] : 26.39584469795227
20: [20, 84, 25, 17, 86] : 69.70275163650513
97: [97, 38, 88, 42, 34] : 52.115745544433594
60: [0, 53, 57, 29, 7] : 91.58590769767761
14: [14, 18, 99, 79, 26] : 48.96061587333679
27: [27, 4, 55, 63, 72] : 81.59360408782959
87: [87, 25, 20, 5, 84] : 57.13207411766052
60: [60, 49, 17, 23, 71] : 69.02204322814941
44: [44, 27, 91, 29, 78] : 72.15726947784424
8: [8, 48] : 49.626049757003784
95: [95, 30, 72, 55, 71] : 110.4400589466095
82: [82, 62, 6, 18, 99] : 78.44920754432678
51: [4, 80, 55, 63, 50] : 107.93867659568787
8: [8] : 38.92625069618225
41: [41] : 38.2978732585907
3: [3, 43, 38, 97, 88] : 76.52271246910095
67: [67, 50, 73, 4, 80] : 109.77826571464539
50: [80, 64, 38, 4, 50] : 88.41708302497864
9: [9, 53, 57] : 34.53057789802551
70: [70, 92, 62] : 38.91984796524048
80: [80, 74, 44, 27, 97] : 89.7466459274292
82: [82, 52, 70, 96, 59] : 80.3560118675232
84: [84, 37, 20, 40, 61] : 48.356067419052124
63: [4, 74, 80, 55, 63] : 92.92649364471436
60: [71, 60, 49, 76, 17] : 53.383726358413696
80: [80, 4, 63, 64, 50] : 84.76241874694824
56: [56, 71, 12, 49, 17] : 57.14829611778259
25: [5, 25] : 20.762242317199707
74: [4, 38, 50, 63, 64] : 81.65545129776001
38: [15, 38, 31, 43, 97] : 68.48918390274048
52: [96, 52, 47, 27, 59] : 106.15698599815369
93: [93, 77, 65, 26, 99] : 73.4491651058197
29: [29, 50, 63, 64, 4] : 71.58153462409973
2: [53, 0, 77, 10, 51] : 64.67811679840088
44: [50, 4, 64, 30, 80] : 147.4943437576294
79: [44, 4, 64, 55, 63] : 121.85456252098083
11: [11, 35, 98, 46] : 40.22255849838257
26: [23, 30, 95, 34, 51] : 111.73694038391113
95: [95, 30, 73, 91, 1] : 90.44614505767822
31: [97, 31, 38, 80, 63] : 119.3804669380188
88: [88, 34, 42, 43, 97] : 58.51037311553955
2: [2, 35, 11] : 41.59151482582092
37: [37, 17] : 23.97121286392212
68: [68, 60, 49, 58, 12] : 61.093950033187866
66: [66, 88, 97, 65, 43] : 84.37742567062378
95: [50, 66, 97, 63, 64] : 95.71260595321655
91: [91, 1, 32, 67] : 59.20240330696106
40: [86, 40, 99, 80, 66] : 110.74096369743347
18: [44, 18, 7, 80, 27] : 103.82173156738281
19: [19, 65, 60] : 41.559988021850586
77: [77, 50, 4, 36, 63] : 82.46070313453674
18: [56, 14, 7, 44, 59] : 79.28194665908813
25: [20, 25, 5, 84] : 32.10447120666504
30: [95, 30, 72, 55, 44] : 112.03021478652954
38: [38, 43, 97, 3, 88] : 62.339659214019775
77: [99, 7, 55, 6, 30] : 115.17488932609558
71: [71, 49] : 34.03104639053345
1: [91, 32, 1, 67, 45] : 61.10536432266235
28: [10, 28, 84, 61] : 49.74876308441162
32: [67, 32, 93, 14, 27] : 100.72939276695251
4: [4, 55, 72, 95, 30] : 82.48842811584473
76: [76, 60, 49, 71, 23] : 63.60441017150879
90: [90] : 35.91458010673523
14: [14, 99, 77, 51, 74] : 84.99297714233398
25: [20, 25, 94, 5, 28] : 65.49929070472717
70: [70, 53, 57, 77, 99] : 71.17243432998657
17: [17, 37] : 35.283666133880615
95: [72, 65, 97, 3, 1] : 100.0835816860199
75: [63, 4, 55, 66, 80] : 91.93831396102905
6: [43, 50, 78, 88, 99] : 84.35287761688232
86: [86] : 18.292016744613647
94: [76, 37, 60, 17, 39] : 54.77922058105469
28: [28, 10, 16, 40, 86] : 56.64764666557312
73: [73, 67, 32, 45, 60] : 63.537433385849
36: [4, 50, 63, 64, 36] : 72.92101550102234
18: [18, 27, 78, 32, 7] : 86.08569502830505
10: [28, 10] : 27.065876722335815
34: [34, 97, 38, 3, 65] : 54.08685088157654
1: [1, 32] : 27.72613000869751
64: [64, 4, 74, 50, 80] : 78.70202207565308
28: [10, 28, 61, 84] : 47.86263370513916
82: [82, 49, 23, 69, 51] : 75.5742576122284
96: [96, 52, 59, 47, 14] : 81.82318043708801
59: [56, 59, 52, 47, 96] : 66.75281834602356
67: [17, 76, 60, 33, 37] : 56.057888984680176
15: [15, 19, 3, 99, 74] : 49.77429175376892
27: [29, 27, 44, 78, 55] : 61.1109676361084
99: [78, 99, 86] : 57.35823655128479
72: [31, 3, 38, 42, 21] : 76.19001126289368
6: [6, 88, 97, 42, 78] : 87.47444224357605
62: [62, 50, 55, 72, 30] : 125.94693398475647
37: [37, 17, 76, 12] : 32.13824772834778
31: [31, 65, 74, 99, 77] : 61.08090329170227
45: [45, 1, 32, 91, 73] : 61.040918827056885
58: [58, 89, 41, 85, 13] : 45.305957078933716
97: [97, 34, 38, 43, 74] : 49.74535894393921
25: [20, 25, 5, 94] : 32.11679673194885
25: [25, 5, 20] : 39.67734909057617
69: [17, 76, 49] : 39.66403937339783
21: [21, 15, 38, 29, 27] : 89.32786154747009
19: [19, 97, 15, 95, 30] : 57.271668434143066
20: [20, 25, 5, 84] : 32.10374045372009
27: [27, 38, 29, 15, 3] : 99.38587498664856
45: [45, 0, 61, 22, 26] : 89.29025459289551
65: [66, 80, 63, 72, 4] : 93.61467909812927
64: [50, 64, 74, 4, 3] : 71.01277494430542
12: [50, 80, 4, 64, 63] : 106.75840497016907
50: [25, 5, 20, 94, 60] : 95.49217057228088
61: [51, 92, 62, 82] : 33.9801549911499
25: [25, 20, 5] : 29.57967448234558
0: [0, 57, 53, 52, 59] : 71.03084325790405
71: [71, 60, 49, 85, 33] : 43.991036891937256
13: [13, 81, 90, 58] : 38.33974575996399
3: [3, 97, 38, 21, 42] : 65.37313580513
80: [80, 65, 32, 74, 38] : 70.38874912261963
2: [2] : 32.69998288154602
2: [2, 11, 35] : 30.800622701644897
91: [91, 32, 65] : 57.80802321434021
18: [63, 64, 4, 50, 80] : 73.57972145080566
20: [20, 5, 25, 84] : 32.10962271690369
6: [6, 7, 18, 99, 79] : 80.55880069732666
38: [4, 63, 80, 64, 50] : 112.59953689575195
59: [59, 52, 47, 96, 56] : 78.62818312644958
46: [13, 60, 46, 85, 37] : 80.4991409778595
2: [5] : 15.130359888076782
64: [64, 50, 63, 66, 80] : 72.91938304901123
77: [77, 18, 24, 4, 80] : 106.87120079994202
21: [21, 65, 99, 74, 79] : 70.39618587493896
98: [98, 35, 57, 83, 53] : 55.918986082077026
58: [58, 57, 37, 60, 53] : 72.22302389144897
54: [54, 92] : 35.85631537437439
25: [25, 5, 20] : 32.71162986755371
98: [98, 35, 46, 11, 86] : 43.378660917282104
64: [96, 59, 52, 47, 56] : 130.67344641685486
12: [12, 17, 90, 60, 13] : 61.59811782836914
20: [20, 5, 25] : 29.557060480117798
2: [2, 57, 0, 53, 44] : 80.40841054916382
65: [50, 65, 93, 67, 77] : 81.61383605003357
4: [4, 99, 72, 80, 78] : 109.31072664260864
23: [23, 60, 76, 49, 17] : 40.867403745651245
72: [72, 55, 29, 65, 3] : 85.4647605419159
40: [78, 44, 24, 29, 27] : 75.41657781600952
91: [32, 73, 91, 1, 26] : 47.7685387134552
80: [47, 96, 44, 52, 59] : 152.02754187583923
99: [99, 18, 7, 14, 74] : 65.9847137928009
24: [24, 7, 79, 99, 65] : 75.42900443077087
41: [41] : 39.636303186416626
45: [27, 88, 43, 97, 4] : 148.31483602523804
17: [17, 37, 60, 76] : 35.21741437911987
60: [63, 80, 4, 64, 66] : 135.71407747268677
61: [99, 61, 78, 29, 18] : 79.76493072509766
86: [86] : 28.920953512191772
0: [0, 53, 83, 10, 61] : 53.3846161365509
53: [53, 57, 83, 70] : 47.75605654716492
0: [0, 57] : 42.121342420578
82: [82, 60, 99, 77, 87] : 63.426889181137085
42: [42, 43, 27, 38, 80] : 81.61925530433655
74: [7, 99, 18, 77, 50] : 97.34429669380188
53: [70, 57, 0, 53, 92] : 69.10090899467468
96: [80, 4, 64, 63, 66] : 101.73622727394104
count (test images): 625
Mean per class acc: 62.60%
Mean inference time: 67.76 sec
Top 1 acc: 63.20%
Top 3 acc: 77.28%
Top 5 acc: 80.32%
