49: [49, 72, 95, 30, 60] : 225.47137641906738
92: [92, 83, 70, 62, 0] : 109.85809445381165
41: [41, 67, 99, 95, 43] : 250.08408784866333
75: [97, 42, 88, 63, 56] : 204.27000188827515
7: [7, 6, 99, 77, 51] : 252.71277809143066
71: [71, 60, 23, 49, 33] : 171.9126374721527
50: [4, 74, 50, 63, 6] : 227.1253719329834
27: [27, 4, 38, 15, 42] : 250.78627467155457
70: [70, 53, 18, 14, 62] : 162.10787987709045
24: [24, 32, 6, 7, 67] : 242.19343280792236
36: [36, 50, 64, 80, 75] : 250.12906789779663
32: [72, 7, 57, 95, 18] : 242.2051477432251
45: [97, 88, 34, 45, 75] : 251.4094898700714
80: [80, 4, 34, 75, 55] : 242.24468350410461
12: [12, 76, 68, 17, 86] : 108.31620001792908
23: [23, 76, 49, 60, 56] : 101.06873941421509
58: [58, 85, 97, 88, 89] : 247.4896583557129
96: [96, 52, 59, 47, 60] : 91.90416550636292
42: [42, 88, 43, 97, 4] : 226.46696639060974
86: [83, 78, 99, 1, 7] : 176.93411469459534
37: [17, 37, 52, 76, 60] : 168.0507173538208
45: [29, 45, 4, 38, 26] : 251.43916177749634
37: [37, 17, 47, 52, 96] : 175.93969893455505
90: [60, 90, 33, 49, 58] : 117.28569769859314
69: [69, 17, 76, 60, 59] : 143.74424815177917
40: [40, 84, 20, 38, 52] : 232.99766445159912
27: [91, 29, 27, 32, 44] : 146.32903695106506
18: [24, 7, 50, 18, 99] : 249.9323751926422
55: [97, 34, 38, 42, 29] : 248.78929471969604
54: [70, 92, 62, 83, 54] : 100.4492917060852
37: [37, 17, 22, 76, 86] : 114.88055229187012
36: [65, 38, 4, 77, 3] : 226.4782693386078
35: [35, 98, 11, 46, 2] : 161.50880360603333
37: [37, 17, 60, 76, 40] : 107.6596851348877
27: [97, 43, 27, 72, 88] : 241.56275629997253
73: [73, 30, 97, 72, 27] : 217.95133185386658
65: [65, 38, 50, 74, 80] : 217.9525487422943
91: [91, 1, 73, 32, 67] : 240.91086339950562
64: [64, 80, 97, 38, 50] : 242.91776180267334
17: [17, 60, 37, 52, 23] : 101.08980560302734
41: [41, 89, 17, 58, 37] : 115.54186797142029
19: [19, 43, 97, 15, 34] : 265.91730284690857
83: [83, 0, 57, 53, 9] : 107.65296339988708
37: [37, 47, 17, 5, 52] : 154.3292055130005
65: [38, 80, 34, 64, 75] : 217.94640040397644
97: [97, 65, 64, 50, 88] : 227.14719653129578
95: [95, 30, 72, 38, 15] : 217.94855546951294
48: [48, 41, 89, 8, 58] : 183.17172169685364
54: [54, 14, 6, 70, 18] : 161.5135748386383
86: [86, 87, 39, 9, 57] : 154.964617729187
86: [86, 87, 39, 5, 84] : 152.95765447616577
6: [6, 82, 7, 14, 18] : 235.69754028320312
85: [85, 41, 7, 4, 42] : 265.2677972316742
53: [53, 57, 0, 99, 7] : 233.03787684440613
9: [9, 10, 84, 61, 16] : 146.38397669792175
20: [20, 25, 84, 5, 60] : 139.81413078308105
99: [99, 78, 18, 44, 53] : 233.67002892494202
8: [8, 48, 53, 7, 4] : 255.98862957954407
14: [14, 7, 18, 79, 67] : 227.10045266151428
23: [33, 67, 59, 91, 1] : 242.24607610702515
74: [50, 80, 4, 64, 63] : 235.65494060516357
82: [82, 14, 6, 42, 34] : 241.53800678253174
15: [15, 29, 27, 72, 88] : 217.90881490707397
30: [30, 95, 72, 55, 4] : 241.53435063362122
71: [67, 73, 23, 56, 12] : 160.15100860595703
28: [28, 10, 57, 16, 61] : 123.37160062789917
81: [81, 90, 37, 47, 13] : 130.60426259040833
26: [70, 6, 82, 1, 62] : 235.68317770957947
96: [60, 52, 96, 47, 59] : 91.87266397476196
76: [76, 60, 7, 49, 6] : 175.9370527267456
21: [21, 3, 42, 43, 31] : 242.24718284606934
0: [0, 57, 53, 83, 28] : 162.14883375167847
2: [2, 11, 75, 35, 50] : 233.6588840484619
46: [46, 98, 11, 35, 94] : 256.70346093177795
15: [15, 29, 38, 43, 3] : 251.42903685569763
43: [43, 4, 3, 88, 42] : 250.76671528816223
19: [97, 19, 15, 43, 38] : 233.04223036766052
88: [88, 43, 42, 34, 97] : 265.20352935791016
88: [97, 88, 42, 80, 34] : 250.11875462532043
39: [39, 27, 32, 86, 93] : 152.95713710784912
28: [28, 16, 84, 9, 61] : 217.9266972541809
17: [17, 49, 60, 31, 3] : 217.9097180366516
4: [4, 50, 55, 30, 72] : 226.45174908638
42: [4, 75, 55, 74, 42] : 242.8653450012207
53: [53, 0, 57, 83, 10] : 107.63795471191406
47: [47, 52, 96, 59, 23] : 101.09623098373413
43: [43, 4, 3, 63, 97] : 250.11830639839172
81: [37, 17, 86, 87, 12] : 125.36052370071411
8: [8, 41, 89, 96, 68] : 167.38040709495544
47: [7, 60, 14, 47, 17] : 146.391104221344
19: [19, 38, 15, 43, 3] : 224.49751949310303
62: [62, 6, 70, 14, 82] : 146.41315817832947
70: [70, 62, 60, 0, 92] : 137.19456267356873
87: [87, 20, 86, 94, 22] : 177.21038365364075
92: [1, 14, 6, 18, 82] : 177.22904896736145
count (test images): 95
Mean per class acc: 75.33%
Mean inference time: 194.73 sec
Top 1 acc: 72.63%
Top 3 acc: 45.26%
Top 2 acc: 42.11%
Top 5 acc: 49.47%
