49: [49, 60, 17, 76, 56] : 71.66584062576294
92: [92] : 32.663448095321655
41: [41, 69] : 59.39687442779541
75: [14, 54, 99, 63, 4] : 148.01415038108826
7: [7, 75, 4, 50, 36] : 111.72676062583923
71: [71, 60, 49, 23, 69] : 62.908294439315796
50: [4, 50, 63, 64, 80] : 104.97308921813965
27: [27, 38, 15, 42, 55] : 88.2771258354187
70: [70, 53, 62, 92, 83] : 47.06863045692444
24: [63, 4, 80, 66, 64] : 124.63723874092102
36: [36, 50, 64, 80, 75] : 78.38218259811401
32: [57, 93, 50, 9, 32] : 126.29668974876404
45: [4, 75, 50, 63, 80] : 125.62907218933105
80: [80, 4, 75, 34, 74] : 82.48971056938171
12: [76, 12, 68, 17, 23] : 40.639179944992065
23: [23, 76, 49, 60, 56] : 53.94852948188782
58: [85, 58, 69, 67, 73] : 69.2067174911499
96: [96, 52, 59, 47, 60] : 78.10496354103088
42: [42, 43, 88, 4, 97] : 77.44464015960693
86: [78, 50, 63, 75, 4] : 155.64453673362732
37: [17, 37, 76] : 29.24071478843689
45: [45, 4, 26, 67, 18] : 97.12638068199158
37: [37, 17, 47, 51] : 50.538386821746826
90: [60, 90, 27, 33, 49] : 70.887943983078
69: [69] : 16.60687494277954
40: [40, 84, 52, 51, 69] : 68.52346515655518
27: [80, 50, 75, 4, 64] : 131.97274780273438
18: [99, 50, 80, 64, 63] : 116.67987942695618
55: [29, 4, 75, 66, 80] : 89.41876006126404
54: [92, 7, 18, 14, 6] : 75.51959919929504
37: [37, 17, 76] : 29.2232027053833
36: [38, 4, 50, 75, 80] : 93.34447860717773
35: [35, 11, 98, 46, 73] : 74.2692756652832
37: [37, 17, 76] : 29.214985370635986
27: [50, 66, 63, 4, 75] : 120.47363877296448
73: [73, 30, 97, 4, 80] : 116.70060849189758
65: [65, 74, 27] : 35.55187439918518
91: [91, 1, 32] : 41.27023482322693
64: [64, 80, 50, 97, 66] : 82.53883647918701
17: [17, 23, 69, 51] : 59.033119916915894
41: [41, 89, 69] : 33.286163568496704
19: [19, 63, 50, 75, 4] : 78.47375798225403
83: [83, 0, 51] : 28.502044916152954
37: [37, 23] : 29.15424346923828
65: [38, 34, 19, 3, 42] : 63.35006332397461
97: [97, 64, 50, 75, 66] : 78.55095863342285
95: [71, 17, 45, 60, 69] : 58.27273416519165
48: [48] : 41.827311992645264
54: [54, 70, 51] : 29.147671937942505
86: [86, 87, 69] : 47.502086877822876
86: [86, 39] : 25.98942255973816
6: [6, 14, 7, 82, 70] : 86.0950014591217
85: [85, 41, 51, 69] : 61.401578187942505
53: [53, 57, 0, 82, 51] : 45.57296395301819
9: [9, 10, 84, 61, 40] : 74.72165608406067
20: [20, 25, 84] : 29.14079236984253
99: [99, 78, 53, 0, 69] : 49.397231101989746
8: [8, 48, 69, 51] : 67.73674702644348
14: [14, 79, 26, 54, 51] : 55.71366000175476
23: [67, 91, 14, 7, 73] : 86.12256002426147
74: [50, 80, 4, 65, 27] : 98.45151209831238
82: [82, 29, 54, 44, 65] : 57.54397106170654
15: [15, 29, 27, 69] : 51.78573298454285
30: [30, 95, 72, 55, 34] : 97.29990458488464
71: [71, 60, 76, 49, 23] : 57.61717462539673
28: [28, 10, 16, 51, 69] : 67.15823578834534
81: [81, 90, 47, 37, 52] : 59.44079947471619
26: [70, 82, 80, 63, 4] : 101.59449696540833
96: [60, 52, 96, 47, 23] : 150.7198987007141
76: [76, 60, 23] : 35.14340949058533
21: [21, 31, 78, 29, 99] : 85.58013820648193
0: [0, 57, 53] : 28.75020146369934
2: [2, 11, 69] : 48.540442943573
46: [46, 98, 67, 91, 73] : 68.29714250564575
15: [15, 29] : 40.222572803497314
43: [43, 29, 27] : 45.96826672554016
19: [97, 19, 15, 50, 75] : 84.25767922401428
88: [88, 43, 42, 65, 27] : 58.739208936691284
88: [80, 63, 75, 64, 50] : 107.26644253730774
39: [39, 69, 51, 23] : 50.64021444320679
28: [28, 16, 84, 61, 10] : 76.42366313934326
17: [17, 49, 60, 51, 23] : 63.6310760974884
4: [4, 50, 80, 64, 63] : 112.51719403266907
42: [4, 75, 50, 64, 63] : 104.78835535049438
53: [53] : 17.403226375579834
47: [47, 52, 96, 59, 23] : 68.17319536209106
43: [43, 42, 65, 29] : 52.096728563308716
81: [37, 17, 94, 87, 39] : 59.16871356964111
8: [80, 66, 75, 4, 63] : 151.78725957870483
47: [60, 47, 17, 96, 37] : 91.95394539833069
19: [19, 29] : 40.532142162323
62: [62, 70, 51] : 29.602278470993042
70: [70, 62, 0] : 37.968528270721436
87: [87] : 37.314717054367065
92: [82, 1, 83, 53, 32] : 81.70475792884827
55: [38, 88, 18, 93, 99] : 109.37839078903198
62: [62, 47, 82, 70, 49] : 78.48060894012451
17: [17, 69, 23] : 50.840214014053345
58: [58, 85, 69, 13, 89] : 66.8652880191803
64: [80, 64, 50, 74, 4] : 73.35419487953186
60: [19, 97, 38, 31, 3] : 94.03599309921265
13: [37, 17, 22, 86, 46] : 54.079272747039795
65: [65, 23, 51] : 45.073968172073364
24: [24, 7, 74, 79, 99] : 77.6677713394165
12: [76, 17, 12, 60] : 40.98306322097778
10: [10, 53, 28, 84, 61] : 60.771472454071045
10: [10, 61, 28, 22, 53] : 61.40335035324097
83: [99, 63, 4, 75, 50] : 115.05066514015198
27: [99, 44, 18, 78, 29] : 124.62425827980042
73: [73, 91, 1, 44, 29] : 69.27679014205933
51: [51, 77, 99, 93, 45] : 124.08676052093506
17: [17, 69, 51, 23] : 68.86826515197754
20: [25, 20, 5, 84] : 35.40897870063782
86: [85, 39, 60, 87, 90] : 83.00881171226501
70: [70, 62, 51, 23] : 43.77630043029785
49: [49, 60, 23] : 41.200722217559814
56: [56, 59, 52, 23, 69] : 69.51395559310913
43: [43, 42, 88, 65] : 52.12728548049927
28: [28, 40, 16, 10] : 47.63859724998474
17: [6, 17, 7, 37, 76] : 109.40273427963257
74: [4, 75, 64, 63, 66] : 100.39830017089844
46: [11, 35, 46, 60, 2] : 63.71116805076599
63: [97, 65, 66, 63, 4] : 79.74949550628662
41: [41, 69] : 57.28218340873718
78: [78, 31, 44, 42, 80] : 120.89796996116638
92: [92, 70, 83, 82, 56] : 57.90087532997131
36: [36, 50, 65, 64, 80] : 76.52375411987305
59: [52, 59, 96, 47, 56] : 72.61917901039124
4: [4, 80, 63, 50, 64] : 106.1475100517273
97: [97, 43, 38, 34, 42] : 65.61591100692749
29: [29, 27, 93, 83, 51] : 60.433801889419556
87: [86, 20, 87, 17, 76] : 73.36449956893921
63: [63, 80, 82, 65, 38] : 108.76862359046936
27: [32, 27, 67, 1, 29] : 80.42937207221985
89: [89, 69] : 48.30498218536377
43: [43, 97, 42, 38, 65] : 65.6508400440216
10: [10, 28, 92, 20, 40] : 72.72393846511841
54: [14, 18, 6, 7, 91] : 128.0572226047516
73: [14, 44, 34, 99, 29] : 124.8701024055481
19: [97, 34, 75, 19, 63] : 78.48966765403748
41: [7, 18, 91, 67, 1] : 102.14537501335144
27: [44, 27, 91, 32, 67] : 79.67381358146667
14: [14, 78, 51, 93, 74] : 97.07545924186707
96: [96, 52, 47, 17, 37] : 72.6282217502594
76: [60, 76, 49, 17, 68] : 77.115558385849
12: [17, 12, 60, 71, 76] : 58.52916479110718
34: [34, 97, 38, 29, 74] : 59.208226442337036
50: [74, 32, 65, 34, 55] : 105.52006149291992
25: [25, 20, 5] : 29.617761850357056
51: [4, 80, 63, 50, 64] : 120.33233737945557
70: [70, 62, 92, 23] : 35.402369260787964
50: [50, 4, 64, 74, 65] : 98.43612933158875
94: [94, 22] : 33.48340129852295
30: [73, 1, 91, 69, 56] : 67.57211589813232
3: [3, 21, 19, 31, 55] : 85.11569094657898
55: [4, 75, 55, 80, 34] : 98.16710638999939
81: [13, 81, 68, 60, 89] : 86.57245707511902
0: [0, 57, 53, 10, 51] : 52.840333700180054
64: [63, 64, 3, 66, 80] : 113.99095416069031
34: [34, 38, 42, 97, 88] : 106.37141609191895
92: [62, 70, 82, 51, 23] : 40.775474071502686
20: [20, 25, 5] : 29.330027103424072
73: [73, 30, 95, 67, 72] : 80.27422738075256
11: [11, 35, 2, 46, 86] : 54.792460680007935
89: [42, 4, 63, 80, 66] : 135.02312326431274
50: [50, 65, 80, 64, 4] : 80.89897751808167
10: [95, 30, 88, 15, 73] : 95.57647395133972
52: [52, 96, 59, 47, 49] : 59.885090589523315
91: [91, 1, 32, 67, 69] : 51.641873836517334
63: [4, 80, 63, 64, 75] : 105.81650900840759
4: [4, 55, 75, 27, 63] : 78.39016795158386
78: [78, 99, 0, 83, 57] : 73.94778227806091
53: [53, 96, 61, 60, 82] : 83.471022605896
38: [38, 34, 88, 97, 42] : 72.66102957725525
6: [6, 14, 18, 82, 77] : 62.47087097167969
47: [96, 52, 47, 56, 59] : 101.99049639701843
84: [84, 20, 1, 73, 91] : 61.1834819316864
13: [13, 69, 23] : 62.492897748947144
5: [5, 20, 84, 25, 94] : 45.2636775970459
21: [21, 27, 78, 44] : 54.808115005493164
70: [70, 6, 18, 14, 7] : 78.42215919494629
70: [70, 92, 62, 18, 7] : 76.46025085449219
27: [4, 80, 75, 63, 64] : 113.41910147666931
5: [84, 20] : 23.60228133201599
5: [5, 37, 94, 20, 25] : 52.91956377029419
0: [57, 0, 53, 51] : 34.43005347251892
73: [25, 5, 27, 2, 97] : 137.0342526435852
89: [89, 85, 41, 29, 9] : 73.30981707572937
7: [7, 53, 83, 18, 6] : 67.54458737373352
78: [78, 64, 63, 4, 66] : 142.11577081680298
25: [25, 20, 5, 39, 87] : 54.81637644767761
53: [53] : 20.417309522628784
25: [25, 5, 20] : 29.345061540603638
23: [23, 49, 33, 52, 69] : 43.377445936203
42: [42, 43, 88, 27, 78] : 63.14615797996521
59: [59, 47, 56, 96, 17] : 87.97178792953491
34: [34, 97, 38, 88, 42] : 59.93682050704956
71: [71, 60, 26, 45, 51] : 52.27047896385193
88: [88, 80, 4, 50, 36] : 68.84502339363098
62: [14, 54, 70, 6, 7] : 57.38816475868225
42: [97, 38, 34, 80, 43] : 81.60556650161743
9: [9, 69, 23] : 65.68955683708191
9: [9, 69, 23] : 59.848060131073
65: [65, 72, 4, 80, 50] : 78.80674600601196
50: [4, 80, 44, 50, 63] : 114.96236205101013
87: [87] : 33.059884786605835
12: [12, 71, 60, 53, 68] : 55.25639057159424
99: [99, 78, 83, 86, 20] : 70.5079185962677
88: [88, 38, 34, 43, 42] : 69.23194718360901
57: [10, 57, 0, 61, 28] : 43.22393012046814
43: [43, 88, 42, 27, 29] : 64.16151356697083
48: [48, 8, 78, 45, 99] : 72.42088317871094
49: [49, 60, 76, 37, 29] : 80.04336214065552
73: [73, 30, 67, 95, 32] : 100.38690972328186
49: [49, 14, 7, 6, 18] : 73.05981111526489
56: [56, 71, 59, 49, 23] : 67.3342969417572
21: [21, 27, 78, 29, 44] : 81.26537346839905
46: [46, 11, 98, 35] : 46.991694927215576
73: [73, 91, 32, 1, 51] : 67.28739094734192
77: [4, 74, 57, 80, 64] : 126.97953271865845
85: [85, 41, 69, 51] : 58.39763855934143
32: [77, 63, 67, 70, 78] : 123.7525589466095
27: [27, 4, 80, 50, 64] : 111.1267638206482
20: [20, 25, 84] : 29.236007690429688
38: [38, 80, 65, 4, 64] : 87.69141006469727
96: [60, 33, 52, 59, 4] : 123.85345458984375
77: [77, 51, 69] : 38.11435079574585
54: [54] : 23.521793127059937
29: [4, 64, 63, 50, 80] : 88.91558146476746
65: [23, 50, 65, 2, 31] : 92.67839074134827
84: [87, 86, 52, 51, 61] : 68.59596729278564
85: [27, 78, 75, 80, 50] : 126.3719892501831
0: [0, 57, 53, 83, 5] : 47.62789702415466
10: [28, 10, 53, 51, 57] : 54.630298376083374
28: [40, 20, 25, 5, 28] : 95.26464629173279
34: [80, 4, 34, 65, 97] : 100.96413087844849
70: [70, 62, 92] : 31.765892028808594
90: [90, 85, 69] : 52.726600646972656
59: [59, 52, 47, 96] : 34.92967414855957
50: [50, 64, 36, 80, 65] : 94.59872794151306
89: [41, 89, 69, 51] : 64.78410243988037
87: [86, 87, 94, 39] : 38.10237956047058
39: [39] : 34.95046806335449
9: [9, 16, 28, 69] : 56.50877571105957
77: [4, 50, 80, 63, 64] : 119.9669303894043
37: [37, 17, 96, 14, 70] : 88.21374559402466
45: [44, 4, 67, 80, 93] : 128.82205367088318
10: [61, 70, 92, 10, 28] : 59.72252607345581
51: [51, 4, 63, 99, 74] : 100.95601797103882
40: [40, 56, 52, 96, 59] : 70.46260046958923
71: [71, 26, 45, 73, 32] : 84.41095781326294
30: [30, 95, 74, 27, 78] : 68.58654451370239
37: [37, 17, 53, 47, 60] : 67.94209885597229
69: [69, 76, 17, 12, 37] : 40.64927124977112
75: [75, 80, 4, 63, 66] : 103.51566481590271
87: [87, 71, 49, 60, 23] : 57.832844495773315
30: [30, 91, 95, 74, 73] : 107.416095495224
92: [92, 70, 57, 51, 65] : 59.75257182121277
48: [48, 69] : 48.32443284988403
0: [0, 53, 57, 83, 10] : 43.225982427597046
49: [49, 17, 60, 29, 12] : 66.71948146820068
46: [46, 98, 35, 11, 86] : 45.13025522232056
49: [49, 60, 59, 29, 52] : 64.82717728614807
94: [94, 23] : 48.33038067817688
47: [47, 52, 96, 59, 33] : 51.489259481430054
72: [30, 95, 72, 55, 69] : 88.33379745483398
37: [37, 17, 12] : 31.803597450256348
41: [41, 86, 89, 85, 69] : 76.27942681312561
29: [4, 63, 50, 80, 64] : 123.31105422973633
50: [4, 64, 50, 80, 66] : 107.40119647979736
42: [80, 4, 64, 63, 66] : 85.79704189300537
92: [70, 92, 62, 0, 51] : 52.75910997390747
43: [4, 27, 97, 34, 96] : 127.11681818962097
83: [83, 0, 61, 10, 53] : 47.67625641822815
25: [20, 25, 5] : 29.26465344429016
7: [7, 24, 6, 79, 45] : 73.7362744808197
69: [69, 60, 49] : 28.62601375579834
43: [43, 42, 29, 27, 46] : 64.19054770469666
86: [20, 94, 86, 9, 87] : 67.98945379257202
13: [17, 37, 96, 52, 47] : 55.26931047439575
5: [5, 25] : 26.69546675682068
43: [43, 42, 38, 3, 88] : 78.1262423992157
21: [21, 74, 27, 29, 78] : 90.19013285636902
40: [40, 51, 69] : 53.98293352127075
11: [11, 46, 35, 98, 2] : 52.147727251052856
2: [2, 69, 51] : 54.195852756500244
74: [4, 80, 50, 64, 66] : 134.81397485733032
30: [30, 95, 73, 32, 72] : 93.94850325584412
33: [33, 49, 60, 52, 47] : 59.68998098373413
92: [70, 92, 62, 14, 7] : 62.25042486190796
0: [0, 57, 53, 52, 84] : 49.54920268058777
22: [22, 76, 17, 40, 87] : 64.1524429321289
45: [78, 44, 4, 50, 63] : 128.91774153709412
70: [62, 70, 92, 14, 7] : 70.47304558753967
22: [22, 69, 51] : 57.16879868507385
74: [4, 50, 78, 93, 27] : 111.76604962348938
15: [15, 43, 29, 27, 60] : 87.0776014328003
43: [63, 4, 80, 50, 64] : 77.50699853897095
47: [96, 52, 47, 14, 7] : 81.31228446960449
72: [72, 55, 32, 30, 95] : 94.63007044792175
39: [39, 86, 94, 16, 69] : 55.91104745864868
69: [69, 76, 17, 57, 12] : 52.71065616607666
54: [54, 62, 82, 70, 0] : 64.76393055915833
9: [57, 40, 53, 83, 0] : 48.2783260345459
85: [73, 67, 27, 70, 39] : 103.5359308719635
25: [20, 25, 5, 84] : 34.95409846305847
53: [53, 57, 0, 83, 70] : 43.221561908721924
2: [2, 11, 69, 23] : 65.4610230922699
40: [51, 20, 53, 84, 57] : 44.475313663482666
75: [75, 95, 72, 3, 65] : 85.10482931137085
48: [48, 23] : 35.595370292663574
31: [4, 80, 63, 64, 75] : 100.33776688575745
42: [42, 88, 43, 38, 4] : 72.4028160572052
58: [58, 69, 23] : 40.65917611122131
29: [29, 4, 80, 63, 50] : 80.00711941719055
78: [78, 80, 4, 50, 66] : 107.97200798988342
78: [78, 99, 44, 51] : 59.091540813446045
4: [4, 80, 63, 50, 36] : 103.506183385849
1: [1, 32, 91, 69, 23] : 54.61993741989136
49: [49, 23] : 35.575862407684326
21: [21, 31, 29, 27, 65] : 78.0968747138977
68: [60, 49, 71] : 28.60279393196106
91: [91, 1, 32, 73, 29] : 71.15501666069031
44: [44, 27, 80, 64, 75] : 80.03155851364136
13: [13, 69] : 50.2080340385437
64: [80, 4, 64, 50, 75] : 99.07194972038269
48: [48, 89, 7, 18, 24] : 82.54130697250366
71: [71, 60, 12, 17, 49] : 48.878586769104004
76: [76, 69, 23] : 32.38967156410217
71: [71, 60, 12, 23, 69] : 71.72953677177429
49: [49, 17, 60, 59, 47] : 78.08573889732361
6: [6, 7, 77, 79, 14] : 92.6997139453888
67: [4, 80, 50, 44, 63] : 133.9566149711609
42: [42, 88, 97, 38, 4] : 86.33303713798523
59: [52, 56, 96, 47, 23] : 90.17894315719604
44: [99, 50, 78, 44, 80] : 118.82641530036926
36: [36, 50, 4, 63, 64] : 92.11584258079529
28: [28, 10, 92, 51, 99] : 67.96728849411011
97: [97, 63, 4, 80, 64] : 84.45463705062866
44: [78, 44, 27, 4, 63] : 81.90024447441101
9: [9, 69] : 48.273865699768066
24: [24, 7, 6, 99, 18] : 82.51748156547546
42: [42, 43, 88, 4, 80] : 97.17407083511353
67: [20, 37, 2, 0, 28] : 120.05058598518372
72: [4, 55, 63, 3, 65] : 103.50710797309875
70: [70, 54, 92, 62, 51] : 48.28451228141785
2: [2, 69, 51] : 59.755959033966064
57: [57, 53, 83, 82, 0] : 44.48845362663269
58: [58, 69] : 50.84955143928528
70: [70, 0, 92, 62, 53] : 52.735140323638916
69: [29, 69, 7, 6, 14] : 50.195467710494995
54: [54, 70, 92, 83, 62] : 44.4695360660553
81: [13, 81, 90, 87, 86] : 73.03561186790466
90: [90, 13, 81, 89, 41] : 50.81212306022644
15: [15, 43, 67, 88, 42] : 90.16737365722656
82: [82, 62, 51] : 31.76893973350525
89: [89, 69, 51] : 59.712395668029785
31: [31, 29, 65, 74, 99] : 58.42604351043701
17: [85, 39, 5, 27, 94] : 111.78422355651855
4: [4, 63, 50, 74, 65] : 115.59474802017212
16: [16, 28, 9, 10, 69] : 66.05170059204102
5: [5, 25, 20] : 29.229824542999268
24: [24, 7, 45, 18, 6] : 66.03066873550415
35: [31, 11, 86, 2, 37] : 107.91667866706848
7: [7, 18, 24, 99, 14] : 89.5368914604187
62: [62, 92, 53, 70, 51] : 58.46306228637695
73: [30, 73, 91, 1, 67] : 95.33033227920532
74: [4, 74, 44, 80, 63] : 125.2295298576355
71: [71, 60, 49, 56] : 37.50667476654053
6: [6, 26, 44, 29] : 57.83719038963318
13: [13, 58, 69, 23] : 67.96464109420776
46: [46, 11, 98, 35, 86] : 47.6300847530365
23: [71, 23, 76, 60, 12] : 48.264841079711914
91: [1, 91, 32, 23] : 47.00356721878052
72: [80, 4, 50, 36, 63] : 104.13987255096436
31: [31, 29, 65, 27] : 51.43249583244324
72: [80, 4, 75, 63, 66] : 116.8309977054596
47: [47, 96, 52, 51, 23] : 58.403207540512085
96: [52, 59, 96, 47, 56] : 78.10824728012085
14: [14, 99, 24, 18, 50] : 100.37107849121094
34: [43, 97, 50, 80, 64] : 83.8724946975708
50: [50, 64, 4, 80, 36] : 79.4393527507782
39: [39, 86, 76, 87, 9] : 65.45151925086975
59: [80, 63, 75, 4, 66] : 128.36442232131958
48: [48, 69, 23, 51] : 65.49508237838745
97: [97, 64, 66, 50, 80] : 75.01165556907654
13: [13, 81, 60, 37, 69] : 70.57359433174133
50: [74, 44, 4, 99, 29] : 105.57601881027222
49: [49, 60, 63, 4, 42] : 95.42971968650818
61: [61, 22, 10, 89, 84] : 92.95687508583069
23: [59, 23, 67, 1, 73] : 99.26882433891296
44: [29, 80, 44, 88, 4] : 98.57786655426025
1: [1, 91, 73, 32, 45] : 68.6879734992981
27: [60, 4, 80, 66, 63] : 129.0864222049713
57: [32, 6, 7, 14, 67] : 112.47367548942566
14: [14, 74, 99, 62, 78] : 75.64503836631775
24: [24, 7, 45, 99, 18] : 87.73419737815857
12: [4, 63, 50, 66, 75] : 139.87127089500427
5: [5, 17, 69, 51] : 59.19005513191223
2: [2, 23, 69, 51] : 65.55058765411377
83: [83, 57] : 22.94243550300598
48: [48, 8, 69] : 50.277241945266724
27: [67, 1, 73, 32, 27] : 81.40188598632812
43: [43, 65, 27, 29] : 51.513216733932495
41: [41, 89, 48, 69] : 40.69601058959961
56: [52, 96, 47, 59, 14] : 91.5632951259613
72: [72, 97, 43, 4, 63] : 106.16514253616333
94: [94, 52, 17, 76, 96] : 74.37802290916443
97: [97, 34, 38, 29] : 51.52572965621948
43: [43, 88, 42, 97, 4] : 99.28307700157166
77: [53, 57, 77, 51, 99] : 54.12756586074829
93: [93, 29, 67, 32, 73] : 62.38024425506592
79: [79, 6, 44, 75, 63] : 148.19717979431152
84: [84, 20, 40, 94, 9] : 55.31088376045227
35: [35, 11, 98, 2, 84] : 59.10943412780762
81: [81, 13, 90, 58, 89] : 68.03920388221741
86: [85, 89, 25, 84, 5] : 69.29177355766296
11: [11, 46, 98, 35, 51] : 40.71501708030701
75: [75, 42, 34, 80, 38] : 142.41965341567993
64: [80, 38, 64, 4, 50] : 78.82889604568481
8: [8, 23, 51] : 52.78679919242859
49: [75, 4, 63, 50, 64] : 108.13597822189331
16: [97, 75, 80, 66, 4] : 101.12513899803162
59: [96, 52, 59, 47, 41] : 71.22540473937988
45: [99, 18, 7, 87, 24] : 94.13741874694824
24: [24, 7, 99, 45, 6] : 97.93339991569519
34: [97, 34, 38, 29, 75] : 112.52953696250916
80: [14, 44, 1, 29, 54] : 143.65903902053833
8: [8, 69] : 56.78399920463562
68: [68, 60, 13, 48, 8] : 75.04518175125122
3: [3, 4, 63, 64, 75] : 90.99946451187134
92: [70, 82] : 23.58210825920105
57: [38, 72, 34, 31, 97] : 106.86257433891296
82: [82, 69] : 32.45172929763794
92: [92, 69] : 41.33923935890198
24: [24, 80, 45, 4, 66] : 106.73607897758484
32: [1, 32, 91, 67, 69] : 64.82027697563171
76: [17, 76, 60, 37, 49] : 64.20777368545532
32: [50, 80, 4, 63, 75] : 146.87361311912537
46: [46, 11, 98, 35, 86] : 55.95537352561951
26: [45, 26, 99, 79, 29] : 56.02245616912842
62: [62, 70, 53, 82, 51] : 45.84055685997009
23: [23, 76, 49, 60, 33] : 54.10044980049133
63: [4, 80, 63, 64, 66] : 138.1773874759674
51: [51, 99, 70, 62, 80] : 105.03782868385315
70: [70, 62, 92, 53, 82] : 50.27334523200989
25: [25, 41, 20, 85, 58] : 58.55241942405701
80: [80, 4, 65, 34, 74] : 76.40014481544495
36: [36, 65, 50, 64, 4] : 71.33008217811584
61: [80, 4, 66, 64, 63] : 139.49240612983704
15: [15, 29, 97, 27, 74] : 61.11133694648743
38: [64, 80, 4, 50, 66] : 85.94642758369446
1: [1, 91, 32, 51, 23] : 63.03347682952881
34: [34, 97, 88, 42, 38] : 59.85246801376343
67: [50, 4, 64, 63, 80] : 103.10740852355957
86: [86, 69, 23] : 44.576371908187866
64: [36, 50, 64, 75, 97] : 96.7700777053833
24: [24, 7, 63, 4, 50] : 138.68027138710022
82: [82, 62, 70] : 41.35432314872742
5: [5, 20, 84] : 32.4560284614563
76: [76, 90, 69, 13] : 40.71821141242981
13: [13, 58, 81, 89, 69] : 43.273340940475464
61: [80, 75, 4, 50, 63] : 101.77891373634338
50: [4, 50, 63, 66, 64] : 118.23482131958008
70: [41, 47, 96, 52, 60] : 73.09308624267578
98: [35, 98, 11, 2, 46] : 46.39953804016113
20: [20, 25, 84] : 29.265944004058838
97: [97, 38, 88, 42, 34] : 73.12427926063538
60: [60, 41, 50, 75, 63] : 126.61411261558533
14: [14, 18, 99, 26, 74] : 77.05655097961426
27: [27, 4, 80, 63, 75] : 110.18586015701294
87: [87, 25, 20, 40, 5] : 73.21482300758362
60: [60, 49, 17, 71, 12] : 49.012197494506836
44: [44, 29, 27, 91, 78] : 96.70659470558167
8: [8, 48, 69, 23] : 62.38607740402222
95: [95, 30, 72, 55, 27] : 83.38620853424072
82: [82, 62, 60] : 34.38374996185303
51: [4, 80, 64, 50, 75] : 144.49258160591125
8: [8, 48, 69] : 56.01494073867798
41: [60, 69, 75, 4, 64] : 97.97901511192322
3: [3, 43, 38, 97, 88] : 64.88933300971985
67: [67, 32, 73, 15, 6] : 88.4086229801178
50: [80, 64, 4, 38, 50] : 119.61210489273071
9: [9, 53, 57, 69, 23] : 70.02587676048279
70: [70, 51] : 26.76147699356079
80: [80, 50, 64, 75, 74] : 80.84581995010376
82: [82, 52, 70, 62, 47] : 47.75875401496887
84: [84, 37, 20, 5, 17] : 43.95771551132202
63: [4, 80, 75, 66, 63] : 118.49251627922058
60: [71, 60, 49, 12, 76] : 73.2295126914978
80: [80, 4, 75, 63, 64] : 118.98619651794434
56: [56, 71, 59, 52] : 56.000144481658936
25: [5, 25, 24, 7, 14] : 82.76937508583069
74: [4, 38, 50, 63, 80] : 114.68333292007446
38: [38, 15, 31, 43, 97] : 66.24150252342224
52: [96, 52, 33, 59, 47] : 132.3607976436615
93: [93, 51, 69] : 47.110729455947876
29: [29, 44, 27, 50, 63] : 88.44189810752869
2: [53, 57, 51] : 50.33978271484375
44: [4, 50, 63, 80, 75] : 136.32964181900024
79: [44, 4, 64, 63, 80] : 133.71187233924866
11: [11, 35, 98, 46, 2] : 67.4399151802063
26: [23, 75, 51, 50, 95] : 90.94783043861389
95: [95, 30, 73, 91, 1] : 87.78876495361328
31: [80, 63, 66, 4, 64] : 114.56124639511108
88: [88, 34, 4, 43, 63] : 87.80602264404297
2: [2, 11, 35, 7, 18] : 65.55630588531494
37: [37, 17, 23] : 40.737465143203735
68: [68, 60, 49, 58, 12] : 94.20199918746948
66: [66, 88, 97, 34, 55] : 79.52584767341614
95: [50, 66, 80, 75, 63] : 95.44366598129272
91: [91, 32, 1, 67, 69] : 51.5791277885437
40: [86, 40, 99, 78, 54] : 77.67582654953003
18: [80, 4, 63, 75, 64] : 141.31482648849487
19: [19, 31, 29, 65, 27] : 58.55189561843872
77: [77, 6, 7, 50, 80] : 91.0391161441803
18: [7, 14, 56, 18, 44] : 71.34184265136719
25: [20, 25, 5, 84] : 35.04094862937927
30: [30, 95, 72, 91, 55] : 89.79899382591248
38: [38, 64, 97, 4, 80] : 92.96627378463745
77: [4, 99, 50, 80, 36] : 136.9571967124939
71: [71, 12, 60, 17, 46] : 72.60069704055786
1: [91, 1, 32, 67, 45] : 66.82445955276489
28: [10, 28, 51, 69] : 56.60225176811218
32: [51, 67, 23, 32, 70] : 104.9267086982727
4: [55, 72, 95, 32, 30] : 92.86668038368225
76: [76, 17, 69, 23] : 34.99382758140564
90: [90, 69, 23] : 56.66114687919617
14: [14, 34, 99, 82, 77] : 103.78823733329773
25: [20, 25, 94, 5, 65] : 61.782339334487915
70: [70, 53, 51] : 47.75674867630005
17: [17, 96, 47, 52, 51] : 61.76069712638855
95: [75, 4, 66, 42, 44] : 98.72751951217651
75: [63, 75, 4, 74, 27] : 100.62114644050598
6: [50, 4, 63, 75, 36] : 129.88281178474426
86: [86] : 17.871460437774658
94: [76, 37, 17, 12] : 38.24476432800293
28: [28, 10, 40, 16, 86] : 46.511167764663696
73: [73, 30, 91, 95, 32] : 104.4348714351654
36: [4, 50, 63, 64, 36] : 77.62260317802429
18: [57, 99, 18, 83, 0] : 115.136470079422
10: [28, 10, 51] : 38.20420551300049
34: [34, 97, 38, 3, 42] : 62.99712085723877
1: [1, 32, 91, 67, 51] : 52.83103561401367
64: [64, 4, 50, 74, 75] : 85.90690588951111
28: [10, 28, 61, 84, 53] : 73.8286452293396
82: [82, 70, 62, 23] : 35.00423622131348
96: [96, 52, 59, 7, 14] : 108.79550647735596
59: [56, 59, 52, 47, 96] : 50.27269983291626
67: [17, 76, 29, 60, 37] : 69.35927867889404
15: [15, 19, 31, 43, 88] : 62.37924146652222
27: [27, 29, 44, 93, 78] : 98.66982102394104
99: [78, 99, 86, 44, 77] : 69.42605662345886
72: [31, 3, 30, 72, 95] : 101.86006736755371
6: [6, 88, 42, 97, 43] : 108.25005221366882
62: [62, 18, 6, 7, 14] : 68.78626990318298
37: [37, 17, 76, 12] : 35.04603815078735
31: [31, 29, 27, 44, 74] : 82.8121235370636
45: [45, 26, 1, 62, 99] : 82.79372835159302
58: [58, 89, 41, 85, 57] : 80.91720509529114
97: [97, 34, 38, 65, 29] : 59.9096314907074
25: [20, 25] : 23.610528230667114
25: [25, 5, 20, 40, 87] : 54.815183877944946
69: [17, 69, 76, 12, 23] : 40.74781537055969
21: [21, 29, 27, 65, 45] : 71.23407769203186
19: [19, 65, 29] : 45.77401828765869
20: [20, 25, 5, 84] : 34.969993591308594
27: [4, 27, 38, 66, 75] : 133.50912165641785
45: [45, 29, 67, 24, 7] : 116.45133805274963
65: [75, 66, 97, 63, 64] : 87.15583348274231
64: [50, 64, 74, 4, 36] : 92.19381833076477
12: [60, 12, 17, 7, 6] : 95.31358003616333
50: [25, 5, 20, 50, 66] : 114.44688987731934
61: [57, 53, 62, 92, 54] : 45.75914168357849
25: [25, 20, 5] : 29.24991774559021
0: [0, 57, 53] : 28.61355423927307
71: [71, 60, 49, 85, 8] : 50.824705600738525
13: [13, 81, 90, 69] : 40.66871523857117
3: [75, 63, 4, 64, 80] : 86.41606140136719
80: [80, 65, 32, 38, 34] : 79.42849636077881
2: [2, 4, 64, 50, 63] : 90.84640073776245
2: [2, 11, 35, 69, 51] : 49.5739381313324
91: [91, 32, 1, 65, 93] : 74.35553503036499
18: [99, 78, 44, 74, 63] : 143.58813977241516
20: [20, 84, 5, 25] : 34.97424912452698
6: [6, 7, 18, 99, 69] : 75.05142498016357
38: [4, 63, 80, 64, 50] : 102.36069536209106
59: [59, 52, 47, 96, 56] : 54.66135382652283
46: [13, 85, 48, 86, 81] : 99.1489827632904
2: [5, 20] : 23.534191131591797
64: [64, 75, 3, 97, 50] : 73.70665001869202
77: [77, 4, 24, 99, 80] : 114.98334264755249
21: [21, 29, 27, 44, 65] : 65.46872448921204
98: [98, 35, 57, 46] : 37.50629019737244
58: [47, 58, 59, 37, 60] : 80.7216227054596
54: [54, 51] : 38.155099391937256
25: [25, 5, 20, 84] : 38.13828682899475
98: [98, 35, 46, 86, 37] : 64.83637189865112
64: [96, 59, 14, 52, 47] : 81.32560896873474
12: [12, 17, 90, 76, 13] : 64.13689470291138
20: [20, 25, 5, 94] : 46.968541622161865
2: [2, 51, 69] : 41.2659592628479
65: [50, 65, 64, 93, 78] : 85.63607621192932
4: [4, 99, 80, 75, 64] : 107.21094036102295
23: [23, 76, 59, 17, 56] : 47.59226894378662
72: [72, 55, 3, 29, 31] : 69.20480108261108
40: [40, 20, 86, 9, 78] : 71.12225866317749
91: [32, 51, 23, 69] : 55.87997841835022
80: [80, 47, 78, 96, 63] : 131.42486310005188
99: [99, 18, 7, 14, 6] : 84.46801710128784
24: [24, 7, 79, 18, 57] : 74.8821313381195
41: [41, 69, 23] : 50.77936029434204
45: [99, 78, 4, 50, 63] : 105.97425103187561
17: [17, 60, 37, 23, 69] : 55.23106598854065
60: [63, 80, 4, 64, 66] : 135.1508595943451
61: [61, 99, 78, 4, 10] : 105.98771500587463
86: [86, 39, 87, 20] : 46.9563684463501
0: [0, 53] : 22.86408543586731
53: [53, 57, 83, 82, 0] : 44.42630434036255
0: [0, 57] : 22.87406301498413
82: [82, 51, 23] : 44.43689012527466
42: [42, 43, 88, 38, 3] : 73.0124921798706
74: [7, 99, 77, 50, 63] : 102.2304437160492
53: [70, 57, 0, 53, 92] : 81.90728497505188
96: [52, 96, 59, 80, 4] : 134.55761313438416
count (test images): 625
Mean per class acc: 65.01%
Mean inference time: 73.95 sec
Top 1 acc: 65.12%
Top 3 acc: 78.24%
Top 5 acc: 80.80%
