49: [49, 60, 17, 51] : 61.96182131767273
92: [92, 70, 62, 83, 57] : 54.73451566696167
41: [41] : 42.00609469413757
75: [97, 88, 42, 63, 64] : 138.74943232536316
7: [7, 99, 4, 72, 50] : 127.29982709884644
71: [71, 60, 23] : 46.16727018356323
50: [74, 4, 50, 63, 64] : 69.63900756835938
27: [27, 38, 42, 88, 29] : 89.639413356781
70: [70, 53, 83, 0, 51] : 63.97819638252258
24: [24, 45, 99, 6, 30] : 75.48877429962158
36: [36, 50, 64, 80, 63] : 82.21109867095947
32: [93, 72, 95, 50, 30] : 108.79311561584473
45: [88, 97, 63, 50, 4] : 122.10740518569946
80: [80, 4, 64, 34, 74] : 65.9867889881134
12: [12, 60, 76, 68, 20] : 56.33334755897522
23: [23, 76, 49, 60, 17] : 42.907673358917236
58: [85, 58, 69, 46] : 43.5368492603302
96: [96, 52, 59, 47, 60] : 65.89235234260559
42: [42, 43, 88, 34, 65] : 63.90545630455017
86: [1, 73, 88, 42, 43] : 136.33041214942932
37: [17, 37, 60, 76] : 36.87435340881348
45: [45, 29, 38, 26, 67] : 87.50737166404724
37: [37, 47, 52, 96, 59] : 58.54586148262024
90: [60, 68, 90, 12, 27] : 110.79876804351807
69: [69] : 37.04516363143921
40: [40, 84, 52, 99, 79] : 78.78790926933289
27: [80, 29, 27, 64, 4] : 106.69764423370361
18: [53, 0, 57, 25, 5] : 59.54825234413147
55: [38, 97, 42, 4, 66] : 100.99185395240784
54: [70, 92, 62, 54, 47] : 58.64365005493164
37: [37, 17, 76, 12] : 33.615222692489624
36: [38, 4, 3, 50, 64] : 108.01334261894226
35: [35, 98, 11, 46, 2] : 81.85779881477356
37: [37, 17, 76, 40, 86] : 42.814916372299194
27: [59, 96, 47, 52, 70] : 76.29527378082275
73: [30, 73, 97, 72, 42] : 119.22390031814575
65: [65, 74, 80, 4, 50] : 72.0477237701416
91: [91, 1, 73, 32] : 53.59669375419617
64: [64, 80, 50, 97, 63] : 85.28903245925903
17: [17] : 28.452115297317505
41: [41, 89] : 44.22691512107849
19: [19, 43, 38, 15, 97] : 92.73213338851929
83: [83, 0] : 27.626466751098633
37: [37] : 24.98874020576477
65: [38, 80, 64, 34, 65] : 72.92586708068848
97: [97, 64, 88, 50, 43] : 65.76847839355469
95: [95, 30, 72, 15, 38] : 95.3567168712616
48: [48, 41] : 28.293299436569214
54: [54, 70, 14, 6, 18] : 78.18893218040466
86: [86, 87] : 34.18557262420654
86: [86] : 19.10826539993286
6: [6, 70, 53, 51, 93] : 69.16474461555481
85: [85, 41] : 53.498762130737305
53: [53, 57, 0] : 27.1239275932312
9: [84, 40, 86, 22, 60] : 74.75228881835938
20: [20, 25, 84] : 27.822649478912354
99: [78, 53] : 28.483664751052856
8: [8, 48, 53] : 50.30774140357971
14: [14] : 29.115365028381348
23: [59, 33, 52, 49, 60] : 73.16761636734009
74: [50, 80, 4, 65, 27] : 96.10349321365356
82: [82, 14, 50, 80, 29] : 100.07695460319519
15: [15, 29, 27, 73, 32] : 86.87940716743469
30: [30, 95, 72, 55, 4] : 115.60218381881714
71: [71, 60] : 32.231873512268066
28: [28, 10, 57, 16] : 51.25957655906677
81: [81, 90] : 42.822845697402954
26: [6, 29, 45, 1, 7] : 78.45492339134216
96: [52, 96, 47, 60, 59] : 68.6594979763031
76: [76, 60, 49] : 40.3670449256897
21: [21, 78, 27, 99, 29] : 98.52388262748718
0: [0, 57, 53] : 27.08308172225952
2: [2, 11, 35] : 51.421257734298706
46: [46, 98, 11, 35, 94] : 59.28858733177185
15: [15, 29, 34] : 55.361944913864136
43: [43, 29, 27, 34, 65] : 82.31406569480896
19: [97, 19, 15, 43, 38] : 101.18400740623474
88: [88, 34, 65, 27, 29] : 74.94732189178467
88: [97, 88, 42, 80, 38] : 124.14737153053284
39: [39, 86, 27, 93, 78] : 61.868448972702026
28: [28, 16, 84, 61, 10] : 59.43236756324768
17: [17, 49, 60] : 56.250779151916504
4: [4, 50, 55, 80, 63] : 96.50827550888062
42: [4, 55, 42, 50, 97] : 112.22846174240112
53: [53, 57] : 21.137553215026855
47: [47, 52, 96, 59, 56] : 79.0030210018158
43: [43, 4, 3, 65, 53] : 76.31643104553223
81: [37, 86, 17, 87, 12] : 53.9708149433136
8: [8, 41, 89, 68, 33] : 84.98016285896301
47: [47, 96, 52, 17, 37] : 93.48103857040405
19: [19, 65] : 44.12782907485962
62: [62, 70, 51] : 38.85088515281677
70: [70, 62, 60, 86, 20] : 63.898943185806274
87: [87] : 30.39290499687195
92: [82, 70, 92, 1, 62] : 64.73840928077698
55: [30, 80, 38, 4, 95] : 139.45494651794434
62: [62, 47, 92, 82, 70] : 82.6576623916626
17: [17] : 19.18028163909912
58: [58] : 25.756059408187866
64: [80, 64, 50, 74, 36] : 64.55870342254639
60: [19, 97, 31, 38, 3] : 88.1188223361969
13: [99, 27, 29, 44, 60] : 89.57094883918762
65: [65] : 35.59898805618286
24: [24, 7, 79, 6, 18] : 63.2083625793457
12: [76, 17, 12, 60, 33] : 45.4281280040741
10: [10, 53, 70, 47, 92] : 90.03692555427551
10: [10, 61, 28] : 48.662768602371216
83: [99, 53, 88, 30, 83] : 112.63668465614319
27: [99, 44, 50, 18, 80] : 118.9702537059784
73: [73, 91, 1, 67, 44] : 71.38525438308716
51: [51, 93, 77, 45, 26] : 112.76638984680176
17: [17] : 45.47831654548645
20: [25, 20, 5, 84] : 33.60725498199463
86: [39, 85, 90, 17, 87] : 77.03540205955505
70: [70, 62, 51] : 35.505812644958496
49: [49, 60, 76, 94, 84] : 59.7798228263855
56: [56, 59, 52, 96, 47] : 95.94378805160522
43: [43, 42, 88, 65, 34] : 70.99961829185486
28: [28, 40, 16, 10, 84] : 57.83019971847534
17: [17, 70, 76, 37, 62] : 59.81225562095642
74: [55, 4, 63, 64, 3] : 113.54926085472107
46: [11, 35, 46, 2, 98] : 58.223968267440796
63: [65, 66, 4, 63, 64] : 72.6873631477356
41: [41] : 39.679675579071045
78: [78, 31, 99, 42, 44] : 107.51616954803467
92: [92, 70, 83, 53] : 55.30505990982056
36: [36, 50, 65, 64, 74] : 85.41815257072449
59: [52, 59, 96, 60, 51] : 60.4553325176239
4: [4, 80, 42, 43, 3] : 116.98940896987915
97: [97, 43, 38, 42, 34] : 63.7622857093811
29: [29, 38, 67, 50, 63] : 108.39518356323242
87: [86, 87, 20, 40, 5] : 64.56020283699036
63: [82, 56, 52, 59, 62] : 75.97092986106873
27: [97, 88, 42, 66, 65] : 134.88016557693481
89: [89] : 38.386295318603516
43: [43, 97, 38, 42, 3] : 87.07131624221802
10: [10, 28, 92, 9, 82] : 67.12999558448792
54: [14, 99, 18, 44, 38] : 108.62892746925354
73: [44, 42, 38, 14, 15] : 122.98724150657654
19: [97, 19, 63, 38, 64] : 79.64435768127441
41: [95, 4, 42, 63, 3] : 154.11681818962097
27: [30, 27, 44, 95, 67] : 112.87291073799133
14: [14, 78, 74, 93, 51] : 84.63519883155823
96: [17, 23, 37, 49, 33] : 50.90586805343628
76: [60, 56, 59, 52, 47] : 86.47766923904419
12: [17, 12, 60, 76, 46] : 61.29775953292847
34: [34, 97, 38, 29, 42] : 74.4582986831665
50: [50, 4, 64, 63, 55] : 83.5556538105011
25: [25, 20, 5] : 27.65608549118042
51: [4, 74, 80, 78, 65] : 105.12205147743225
70: [70, 52, 96, 51, 59] : 82.78442788124084
50: [50, 4, 64, 36, 63] : 61.766725063323975
94: [94, 22, 40, 20, 87] : 52.56908059120178
30: [73, 1, 91, 29, 27] : 59.187705516815186
3: [3, 4, 21, 63, 31] : 101.61948871612549
55: [4, 55, 80, 3, 97] : 109.0215392112732
81: [13, 81, 68, 60, 89] : 72.68031740188599
0: [0, 57, 53, 10] : 45.52644085884094
64: [63, 64, 3, 97, 66] : 114.47951555252075
34: [34, 42, 97, 88, 3] : 96.63412094116211
92: [62, 70, 82] : 36.203309774398804
20: [25, 20, 5, 84] : 33.551512479782104
73: [30, 95, 73, 72, 67] : 82.09143900871277
11: [11, 35, 2, 46, 85] : 53.20072555541992
89: [42, 88, 43, 4, 97] : 134.65023159980774
50: [50, 80, 64, 36, 4] : 70.43443751335144
10: [29, 95, 30, 88, 15] : 109.00072193145752
52: [52, 59, 96, 47, 56] : 77.33571314811707
91: [91, 1, 32, 67] : 40.99211812019348
63: [65, 4, 3, 43, 34] : 120.48581433296204
4: [4, 55, 32, 27, 72] : 80.15611171722412
78: [99, 78, 0, 57, 77] : 59.17397665977478
53: [96, 52, 59, 82, 47] : 72.32246518135071
38: [38, 80, 97, 88, 3] : 93.95916485786438
6: [6, 14, 51, 57, 53] : 80.16015195846558
47: [96, 52, 47, 59, 60] : 55.84716248512268
84: [84, 20, 93] : 44.0252628326416
13: [13] : 38.14401435852051
5: [20, 5, 84, 25] : 33.585031032562256
21: [3, 97, 88, 43, 4] : 82.44887328147888
70: [70, 62, 82, 92, 60] : 54.15657925605774
70: [70, 92, 62, 0] : 41.64263415336609
27: [27, 30, 29, 4, 95] : 126.59293460845947
5: [84, 20, 94] : 27.674464225769043
5: [5, 94] : 28.290672540664673
0: [57, 0] : 21.062241315841675
73: [25, 5, 88, 97, 42] : 129.37974500656128
89: [43, 88, 42, 19, 31] : 124.81441831588745
7: [7, 99, 18, 77, 79] : 57.84408950805664
78: [78, 44, 27, 99, 74] : 143.15129208564758
25: [25, 20, 5] : 34.19640326499939
53: [53] : 26.988630771636963
25: [25, 5, 20, 84, 40] : 42.851080656051636
23: [23, 49, 52, 71, 59] : 67.9637999534607
42: [42, 43, 88, 4, 27] : 74.62861824035645
59: [59, 47, 56, 96, 82] : 112.23410177230835
34: [34, 97, 38, 88, 3] : 82.26479887962341
71: [71] : 40.7637255191803
88: [88, 42, 34, 65, 74] : 74.22788262367249
62: [54, 70, 14, 92] : 58.48397445678711
42: [97, 43, 80, 34, 65] : 70.96160769462585
9: [9] : 31.575969219207764
9: [9, 10] : 47.97561287879944
65: [72, 4, 55, 80, 50] : 105.7801263332367
50: [4, 80, 44, 74, 65] : 121.08752608299255
87: [87, 86, 39] : 31.020788431167603
12: [12, 71, 60, 53, 23] : 55.39003252983093
99: [99, 78, 83, 77] : 43.58033514022827
88: [88, 43, 34, 97, 65] : 69.329829454422
57: [57, 10, 53, 61, 0] : 52.167803049087524
43: [43, 88, 42, 97, 3] : 57.97546076774597
48: [48, 69] : 48.65718197822571
49: [60, 49, 23, 76, 71] : 80.14950633049011
73: [30, 73, 95, 29, 72] : 65.06281352043152
49: [49, 60, 33, 23, 52] : 64.39533162117004
56: [56, 71, 49, 60, 17] : 80.13228678703308
21: [21, 27, 78, 29, 44] : 96.57654738426208
46: [46, 11, 98, 35, 86] : 50.58016848564148
73: [73, 91, 32, 67, 93] : 47.978158712387085
77: [4, 74, 99, 77, 80] : 119.86956787109375
85: [85, 41] : 38.33232879638672
32: [46, 2, 11] : 27.779295444488525
27: [42, 97, 4, 88, 55] : 135.27735352516174
20: [20, 25] : 21.785130739212036
38: [80, 65, 4, 55, 72] : 76.24278736114502
96: [59, 52, 96, 60, 62] : 62.41218638420105
77: [77, 79, 24, 26, 99] : 84.70688915252686
54: [54, 83, 53, 0, 57] : 61.093995094299316
29: [29, 4, 43, 65, 74] : 80.16611862182617
65: [2, 57] : 29.61071753501892
84: [99, 77, 7, 79, 18] : 54.521092653274536
85: [97, 88, 42, 43, 80] : 129.3753900527954
0: [0, 57, 53, 92, 62] : 74.96366143226624
10: [10, 28, 92, 51, 62] : 73.21544671058655
28: [20, 40, 9, 28, 50] : 106.96261191368103
34: [70, 59, 52, 96, 47] : 67.37827682495117
70: [70, 60, 20, 17, 25] : 67.8593966960907
90: [90, 85] : 44.07002878189087
59: [59, 52, 47, 96] : 51.26832675933838
50: [50, 64, 36, 65, 74] : 91.29851341247559
89: [41, 89] : 34.85621118545532
87: [86, 87, 94, 22, 39] : 44.021368980407715
39: [39, 25, 5, 86, 83] : 76.20985221862793
9: [9] : 35.508381605148315
77: [32, 91, 67, 78, 44] : 128.74685859680176
37: [37, 96, 47, 59, 70] : 77.72723054885864
45: [44, 4, 80, 30, 42] : 153.00908160209656
10: [70, 92, 61, 62, 54] : 68.68544292449951
51: [4, 80, 63, 42, 43] : 102.72392630577087
40: [40, 56, 52, 59, 96] : 81.45699310302734
71: [71] : 34.20495653152466
30: [30, 95, 97, 73, 42] : 135.28949522972107
37: [37, 17, 47, 82, 70] : 84.73593020439148
69: [76, 17] : 25.008124589920044
75: [80, 97, 31, 65, 38] : 122.85806226730347
87: [87, 73, 24, 91, 7] : 80.85360479354858
30: [30, 91, 74, 44, 73] : 120.0111792087555
92: [92, 70, 51, 62, 57] : 65.41394591331482
48: [48] : 25.79045796394348
0: [0, 53, 57, 83] : 38.300129652023315
49: [49, 17, 76, 60] : 53.440407276153564
46: [46, 11, 98, 35, 17] : 70.37776446342468
49: [49, 60, 3, 31, 42] : 143.19905352592468
94: [94, 37, 87] : 40.76244497299194
47: [47, 52, 96, 59, 53] : 65.01613855361938
72: [30, 95, 72, 55, 38] : 112.33277010917664
37: [37, 17, 5] : 34.20668339729309
41: [41, 86, 89, 85] : 63.08964276313782
29: [4, 38, 31, 50, 63] : 111.81787991523743
50: [4, 38, 88, 80, 64] : 106.27294826507568
42: [38, 97, 80, 43, 4] : 104.26862025260925
92: [70, 92, 62, 99, 18] : 75.26150679588318
43: [4, 97, 42, 38, 3] : 145.3394124507904
83: [83] : 18.442070722579956
25: [20, 25, 5, 84] : 33.53504705429077
7: [7, 24, 6, 79, 45] : 51.26805901527405
69: [76, 12, 17, 57, 0] : 55.190995931625366
43: [43, 29, 27, 73] : 71.62736630439758
86: [94, 20, 59, 52, 56] : 80.13690090179443
13: [96, 52, 47, 70, 82] : 97.20844912528992
5: [5, 20, 25, 94] : 36.850056886672974
43: [43, 42, 3, 38, 4] : 73.19494986534119
21: [21, 27, 29, 67, 24] : 114.8566734790802
40: [40] : 32.397719621658325
11: [11, 46, 35, 98, 2] : 46.93333601951599
2: [2] : 42.30444955825806
74: [97, 4, 44, 42, 74] : 120.32300019264221
30: [30, 95, 73, 72, 97] : 67.02808284759521
33: [33, 68, 49, 60, 12] : 49.34122967720032
92: [70, 92, 62, 14, 7] : 72.2792341709137
0: [0, 57, 53] : 38.8060200214386
22: [76, 17, 70, 82] : 41.41377019882202
45: [29, 42, 80, 63, 31] : 132.07312154769897
70: [62, 70, 92, 14, 7] : 80.1947033405304
22: [22, 57] : 29.668991088867188
74: [4, 50, 63, 64, 80] : 137.26220297813416
15: [15, 43, 29, 27, 60] : 86.58586835861206
43: [97, 15, 3, 43, 31] : 114.76108026504517
47: [96, 52, 47, 59, 56] : 64.4862687587738
72: [72, 55, 30, 4, 95] : 107.13391137123108
39: [39, 94, 16, 86, 9] : 63.06334590911865
69: [69, 60, 49, 76, 23] : 70.3073160648346
54: [54, 62, 52, 59, 0] : 61.11837577819824
9: [9] : 37.492990493774414
85: [27, 70, 99, 26, 17] : 75.56895303726196
25: [20, 25, 5, 84] : 33.54655647277832
53: [53, 57, 0, 83] : 34.84770631790161
2: [2, 11] : 51.4629967212677
40: [31, 38, 88, 97, 43] : 116.24088883399963
75: [65, 34, 27, 73, 99] : 100.38670873641968
48: [48] : 38.32914066314697
31: [31, 97, 4, 38, 42] : 149.19794702529907
42: [42, 88, 43, 38, 19] : 63.080528259277344
58: [58] : 31.547993421554565
29: [29, 4, 3, 55, 42] : 103.75821828842163
78: [70, 54, 51, 57, 82] : 53.885109663009644
78: [78, 42, 80, 4, 88] : 97.31027221679688
4: [4, 80, 3, 97, 63] : 135.42303442955017
1: [1, 32, 91] : 39.57941651344299
49: [49, 23] : 40.255518436431885
21: [3, 97, 4, 63, 30] : 81.16941857337952
68: [60, 49, 12, 68, 71] : 51.46005916595459
91: [1, 91, 32, 30, 50] : 91.02246356010437
44: [44, 99, 80, 27, 29] : 90.01516771316528
13: [13] : 34.84765672683716
64: [74, 80, 64, 4, 50] : 95.25925183296204
48: [48, 8] : 43.38262224197388
71: [71, 60, 49] : 27.616943836212158
76: [76, 17] : 21.70443630218506
71: [71, 60, 12, 76] : 58.4720938205719
49: [49, 59, 47, 76, 60] : 56.491883754730225
6: [6, 7, 77, 79, 65] : 84.05124855041504
67: [4, 88, 42, 80, 43] : 137.32957315444946
42: [42, 88, 3, 97, 21] : 79.75048995018005
59: [52, 56, 96, 47, 59] : 77.85857057571411
44: [50, 30, 55, 97, 63] : 132.71367406845093
36: [36, 50, 4, 74, 65] : 89.7118124961853
28: [28, 70, 92, 82, 62] : 67.91950678825378
97: [97, 38, 88, 43, 3] : 70.03183102607727
44: [78, 42, 4, 55, 88] : 118.86935138702393
9: [9] : 41.60597515106201
24: [24, 7, 99, 18, 74] : 58.075899600982666
42: [42, 43, 88, 4, 80] : 131.8988480567932
67: [50, 30, 95, 53, 72] : 127.2397141456604
72: [4, 55, 72, 63, 3] : 83.09388065338135
70: [70, 92, 62, 6, 18] : 87.04670906066895
2: [2] : 47.52240967750549
57: [57, 53, 83] : 34.316983461380005
58: [58] : 32.339128494262695
70: [70, 62, 92, 83, 53] : 54.72550058364868
69: [85, 89, 29, 69, 58] : 68.56318926811218
54: [54, 70, 14, 92, 83] : 63.99187421798706
81: [13, 81, 90, 86, 87] : 62.04314684867859
90: [90, 13, 81, 89, 41] : 62.04716157913208
15: [15, 29, 43, 27, 67] : 102.89821767807007
82: [82, 62, 53] : 56.093923807144165
89: [89] : 45.555484771728516
31: [31, 29, 65, 74, 27] : 79.18333768844604
17: [85, 17, 5, 20, 56] : 65.29012966156006
4: [4, 63, 50, 80, 36] : 99.62460851669312
16: [3, 63, 95, 50, 30] : 169.21596813201904
5: [5, 25, 20] : 27.810322761535645
24: [24, 7, 45, 79, 99] : 52.91393184661865
35: [96, 82, 70, 62, 92] : 72.74413394927979
7: [7, 99, 18, 53, 78] : 87.24646925926208
62: [62, 92, 70, 14, 7] : 73.95329761505127
73: [30, 73, 1, 67, 95] : 98.3291745185852
74: [74, 4, 44, 42, 80] : 141.73667240142822
71: [71, 60, 49, 27, 93] : 55.4189190864563
6: [6, 26, 3, 27, 44] : 79.1752393245697
13: [13, 58, 81] : 43.551762104034424
46: [46, 11, 98, 35, 13] : 52.78692626953125
23: [23, 71, 60, 76, 69] : 67.93442034721375
91: [1, 91, 32] : 37.652180194854736
72: [80, 4, 55, 77, 72] : 106.9226644039154
31: [31, 29, 65, 60, 87] : 77.2158043384552
72: [4, 80, 72, 55, 63] : 81.7645947933197
47: [47, 96, 52, 62, 70] : 57.38571310043335
96: [52, 96, 59, 47, 56] : 71.84299683570862
14: [14, 99, 78, 74, 44] : 65.94933080673218
34: [43, 88, 97, 42, 50] : 93.60277366638184
50: [50, 64, 4, 80, 36] : 83.17395401000977
39: [39, 86, 94, 76, 87] : 77.87434649467468
59: [59, 85, 52, 33, 54] : 67.9928719997406
48: [48, 99, 45, 7, 79] : 86.38895797729492
97: [97, 34, 64, 42, 88] : 88.95958089828491
13: [13, 58, 81] : 40.22423505783081
50: [38, 80, 4, 50, 64] : 135.07769131660461
49: [49, 63, 3, 42, 97] : 115.4166305065155
61: [61, 22, 10, 84, 53] : 77.87451672554016
23: [59, 52, 47, 53, 96] : 60.68782329559326
44: [15, 29, 38, 99, 43] : 81.1288390159607
1: [1, 91, 73, 32, 29] : 49.435558795928955
27: [59, 96, 52, 60, 47] : 50.10598850250244
57: [0, 57, 53] : 27.04694414138794
14: [14, 74, 78, 51, 44] : 73.16853952407837
24: [24, 7, 45, 99, 18] : 56.68323254585266
12: [7, 14, 6, 79, 99] : 104.86734175682068
5: [5, 20, 93, 29, 87] : 80.49098777770996
2: [2, 11, 35, 46] : 46.18900108337402
83: [83, 57, 53] : 29.05165457725525
48: [48] : 29.038042068481445
27: [88, 42, 97, 50, 63] : 111.3960268497467
43: [43, 42, 34, 27, 49] : 83.72235059738159
41: [41, 89, 48] : 30.990659952163696
56: [52, 96, 47, 59, 70] : 61.96852159500122
72: [97, 72, 43, 31, 88] : 153.67794156074524
94: [94, 17, 76, 60, 84] : 50.8070285320282
97: [97, 38, 34, 74, 65] : 70.59647965431213
43: [43, 88, 42, 97, 4] : 126.55501961708069
77: [77, 53, 57, 99, 51] : 75.13511967658997
93: [93, 67, 32, 73, 91] : 60.63640809059143
79: [79, 44, 7, 6, 78] : 134.4811520576477
84: [52, 96, 59, 56, 47] : 91.04880738258362
35: [35, 11, 98, 2, 5] : 63.352948904037476
81: [81, 13, 90, 58] : 61.99760127067566
86: [86, 85, 17, 89, 39] : 73.81953358650208
11: [11, 46, 98, 35, 86] : 57.31475639343262
75: [80, 4, 55, 64, 66] : 114.54793214797974
64: [38, 80, 97, 64, 3] : 94.2413341999054
8: [8, 48] : 36.22894740104675
49: [97, 95, 27, 38, 29] : 111.94073963165283
16: [97, 42, 88, 4, 43] : 84.9942786693573
59: [96, 52, 59, 47, 56] : 59.989588022232056
45: [99, 27, 78, 9, 69] : 98.95565843582153
24: [24, 7, 99, 45, 6] : 61.39746832847595
34: [97, 38, 42, 43, 15] : 110.80316972732544
80: [44, 14, 1, 6, 77] : 155.61322808265686
8: [8] : 38.259389877319336
68: [60, 48, 13, 8, 81] : 63.91978859901428
3: [3, 4, 63, 55, 64] : 101.46185636520386
92: [70, 62, 92] : 38.94008827209473
57: [4, 72, 80, 50, 63] : 78.49364972114563
82: [82, 62, 87, 70, 53] : 61.36402702331543
92: [92, 70, 18, 0, 44] : 72.53951835632324
24: [24, 88, 80, 42, 4] : 126.55143594741821
32: [1, 32, 91] : 49.45123744010925
76: [17, 76, 47, 96, 59] : 60.61261296272278
32: [9, 16, 2, 28, 86] : 61.28534960746765
46: [46, 11, 98, 35, 86] : 44.144855976104736
26: [45, 26, 99, 29, 44] : 98.2185869216919
62: [62, 70, 82, 77, 92] : 73.89768648147583
23: [23, 76, 49, 60, 33] : 46.17063808441162
63: [97, 80, 4, 38, 43] : 142.39155530929565
51: [51, 99, 80, 50, 63] : 126.51979947090149
70: [70, 62, 92, 6, 18] : 67.22239422798157
25: [20, 85, 41, 73, 91] : 79.04377293586731
80: [80, 65, 34, 74, 29] : 67.22312045097351
36: [36, 50, 65, 64, 4] : 92.27438592910767
61: [80, 42, 66, 4, 64] : 129.95252585411072
15: [15, 97, 29, 38, 31] : 77.80120801925659
38: [38, 64, 80, 4, 88] : 92.25799369812012
1: [1, 91, 32] : 42.86606025695801
34: [34, 65] : 43.53933882713318
67: [32, 93, 97, 42, 72] : 91.58793592453003
86: [86] : 25.743430614471436
64: [36, 50, 63, 57, 80] : 87.63188576698303
24: [24, 7, 77, 99, 32] : 65.27661442756653
82: [6, 14, 18, 79, 7] : 109.48791837692261
5: [20, 5, 84, 94, 86] : 44.2045681476593
76: [76, 12] : 21.791768550872803
13: [13, 58, 69, 89, 48] : 50.11953783035278
61: [72, 97, 80, 65, 55] : 78.4484612941742
50: [97, 43, 88, 42, 44] : 134.37800121307373
70: [47, 70, 96, 62, 56] : 79.69839334487915
98: [35, 98, 20, 2, 44] : 68.50457406044006
20: [20, 84, 25] : 34.30289578437805
97: [97, 38, 88, 42, 3] : 101.60823154449463
60: [60, 52, 59, 96, 56] : 90.3340528011322
14: [14, 78, 53, 0] : 55.394896030426025
27: [27, 4, 55, 63, 80] : 102.16195726394653
87: [87, 20, 25, 40, 5] : 77.77292227745056
60: [49, 60, 17, 23, 12] : 45.482014894485474
44: [44, 29, 27, 78, 45] : 108.70213198661804
8: [8, 48] : 51.4302704334259
95: [95, 30, 72, 27, 65] : 115.32931542396545
82: [82, 62, 70, 60, 53] : 61.37804365158081
51: [4, 44, 55, 74, 27] : 131.87794613838196
8: [8, 48] : 40.91275143623352
41: [41] : 38.2572135925293
3: [3, 38, 43, 97, 88] : 100.85746693611145
67: [67, 50, 95, 4, 80] : 96.88307619094849
50: [80, 38, 64, 4, 97] : 113.33726191520691
9: [9, 53, 61] : 36.93302917480469
70: [70, 92, 53, 51, 28] : 67.88398504257202
80: [80, 50, 97, 64, 4] : 67.23769545555115
82: [82, 52, 70, 62, 96] : 65.31304430961609
84: [84, 37, 20, 40, 5] : 48.82319402694702
63: [4, 80, 55, 63, 66] : 108.15391993522644
60: [71, 49, 60, 23] : 36.28732490539551
80: [80, 4, 97, 55, 64] : 118.01651620864868
56: [71, 27, 93] : 49.455973625183105
25: [5, 25, 20, 86] : 36.93174433708191
74: [4, 38, 42, 55, 63] : 129.8226752281189
38: [15, 38, 31, 43, 97] : 93.6159291267395
52: [96, 52, 47, 59, 33] : 60.03938317298889
93: [93] : 29.068578243255615
29: [38, 97, 50, 31, 3] : 117.40959620475769
2: [53, 0, 57] : 30.3769314289093
44: [30, 4, 50, 66, 64] : 121.94819688796997
79: [42, 4, 55, 64, 63] : 131.75797748565674
11: [11, 35, 98, 46, 2] : 59.29426670074463
26: [31, 30, 95, 97, 19] : 119.23634362220764
95: [95, 30, 73, 72, 55] : 92.98993968963623
31: [97, 43, 42, 3, 88] : 119.49365305900574
88: [88, 34, 42, 43, 3] : 69.32007002830505
2: [2, 11, 35, 5] : 56.754618644714355
37: [37, 17] : 25.1214439868927
68: [68, 60, 49, 58, 12] : 57.39735269546509
66: [17, 37, 2, 76, 46] : 46.853066205978394
95: [97, 43, 50, 72, 95] : 127.81990337371826
91: [91, 1, 32, 67] : 40.88604807853699
40: [86, 40] : 51.45510482788086
18: [44, 18, 7, 27, 56] : 137.81641292572021
19: [19, 29, 65, 27, 60] : 69.97109651565552
77: [50, 80, 36, 63, 4] : 114.08560562133789
18: [56, 59, 96, 52, 47] : 58.03506064414978
25: [20, 25, 5] : 27.729475736618042
30: [30, 95, 72, 55, 97] : 99.49027872085571
38: [38, 43, 97, 3, 64] : 85.02387952804565
77: [99, 18, 4, 77, 7] : 119.95574569702148
71: [71, 60, 73, 49, 59] : 91.7052698135376
1: [91, 32, 45, 99, 67] : 60.02972960472107
28: [10, 28, 61, 84] : 52.120155572891235
32: [67, 32, 93, 43, 28] : 105.48454213142395
4: [4, 55, 72, 95, 30] : 98.86274600028992
76: [76, 17] : 31.666762113571167
90: [90] : 34.97483420372009
14: [14, 53, 51, 78, 44] : 64.6326174736023
25: [20, 94, 25, 5, 2] : 52.09233355522156
70: [70, 53, 57, 0, 92] : 63.32490921020508
17: [17, 37] : 34.342671394348145
95: [55, 72, 42, 4, 66] : 122.7105450630188
75: [63, 4, 38, 97, 80] : 91.04818820953369
6: [43, 88, 97, 70, 42] : 113.38262438774109
86: [86] : 19.159902095794678
94: [94, 37, 76, 17, 86] : 61.96864557266235
28: [28, 10, 40, 16, 86] : 42.8664972782135
73: [73, 30, 95, 91, 67] : 100.14944052696228
36: [4, 50, 63, 64, 3] : 90.25825834274292
18: [57, 92, 83, 70, 62] : 51.45417356491089
10: [28, 10, 9, 84, 92] : 81.77387189865112
34: [34, 97, 38, 3, 42] : 123.94127583503723
1: [1, 32] : 33.66346836090088
64: [64, 4, 50, 74, 65] : 100.1911563873291
28: [10, 28, 61, 84] : 51.39986252784729
82: [82, 70, 62] : 49.43495225906372
96: [96, 52, 59, 60, 47] : 114.62360715866089
59: [56, 59, 52, 33, 23] : 68.50996494293213
67: [17, 96, 59, 52, 56] : 63.945048332214355
15: [15, 19, 3, 88, 43] : 85.16899847984314
27: [27, 29, 44, 73, 91] : 62.726632833480835
99: [99, 78, 86, 44, 77] : 60.05480432510376
72: [60, 49, 71, 33, 23] : 45.486881732940674
6: [6, 88, 42, 97, 43] : 99.53665280342102
62: [62, 51, 89, 92, 82] : 64.59496831893921
37: [37, 17, 76] : 27.727130651474
31: [31, 29, 27, 65, 34] : 81.72515034675598
45: [45, 26, 1, 32, 24] : 100.1592857837677
58: [58, 89, 41, 85, 68] : 54.735859632492065
97: [97, 38, 34, 3, 31] : 62.01191711425781
25: [20, 25, 5] : 27.736153841018677
25: [25, 5, 20, 40, 87] : 42.88606286048889
69: [17, 49] : 38.93713998794556
21: [21, 38, 15, 42, 31] : 118.01527810096741
19: [19, 38, 65, 29, 27] : 67.92830777168274
20: [20, 25, 5, 84] : 33.63062071800232
27: [55, 38, 97, 88, 3] : 84.99690556526184
45: [45, 99, 70, 67, 79] : 84.37735319137573
65: [70, 92, 96, 54, 56] : 73.27662777900696
64: [50, 64, 36, 4, 42] : 95.6592104434967
12: [60, 12, 17, 69, 53] : 73.8464629650116
50: [25, 20, 5, 94, 86] : 59.99357008934021
61: [92, 10, 62, 52, 70] : 60.00666904449463
25: [25, 20, 5] : 27.710652589797974
0: [0, 57] : 21.12549614906311
71: [12, 71, 60, 49, 17] : 60.63549089431763
13: [13, 81, 90] : 47.47538876533508
3: [3, 63, 97, 65, 4] : 86.34979748725891
80: [80, 32, 65, 74, 34] : 81.12439727783203
2: [2, 4, 21, 11, 31] : 96.95582008361816
2: [2] : 44.205376386642456
91: [91, 32, 65] : 47.49269390106201
18: [63, 42, 64, 4, 88] : 118.68581819534302
20: [20, 5, 25, 84] : 33.675915241241455
6: [6, 7, 18, 99] : 55.434200048446655
38: [4, 63, 80, 38, 3] : 129.97173476219177
59: [59, 52, 47, 96, 56] : 73.85354280471802
46: [13, 85, 17, 81, 90] : 119.29934024810791
2: [5, 20] : 21.779493808746338
64: [64, 97, 3, 50, 63] : 71.83834791183472
77: [4, 77, 80, 99, 55] : 121.90090823173523
21: [21, 42, 29, 27, 78] : 85.00022864341736
98: [98, 35, 5, 57, 37] : 101.44530940055847
58: [58, 37, 60, 89, 85] : 58.042715311050415
54: [54, 92] : 40.303075551986694
25: [25, 5, 20] : 31.117804050445557
98: [98, 35, 46] : 27.817739248275757
64: [96, 4, 63, 80, 64] : 146.1537184715271
12: [12, 17, 60, 90, 68] : 70.69973039627075
20: [20, 25, 5] : 37.659531593322754
2: [2, 57] : 38.306596755981445
65: [50, 65, 93, 67, 78] : 96.92399215698242
4: [4, 95, 72, 80, 55] : 115.44092655181885
23: [23, 60, 76, 49, 52] : 59.36589193344116
72: [72, 4, 55, 29, 65] : 68.63244295120239
40: [40, 86, 20, 78, 44] : 60.70253586769104
91: [32, 73, 27, 57, 29] : 67.26702427864075
80: [80, 64, 63, 50, 96] : 117.34619569778442
99: [99, 44, 78, 31, 42] : 108.80790424346924
24: [24, 7, 79, 45, 18] : 67.87205576896667
41: [41] : 36.926674604415894
45: [27, 29, 93, 57, 73] : 109.35920834541321
17: [17, 37, 60, 76, 23] : 44.20594000816345
60: [47, 59, 52, 60, 23] : 73.19962000846863
61: [99, 61, 53, 77, 57] : 61.36238408088684
86: [86, 87, 85] : 40.89137840270996
0: [0, 53, 57, 83, 10] : 43.504807233810425
53: [53, 57, 82, 70, 83] : 48.18559265136719
0: [0, 57] : 21.175994634628296
82: [82, 53, 51, 60, 23] : 58.166043519973755
42: [42, 43, 88, 38, 3] : 105.74836683273315
74: [18, 3, 21, 31, 42] : 118.23210120201111
53: [70, 92, 57, 0, 53] : 54.79952430725098
96: [80, 63, 4, 64, 50] : 134.62935972213745
count (test images): 625
Mean per class acc: 60.44%
Mean inference time: 72.88 sec
Top 1 acc: 62.24%
Top 3 acc: 75.04%
Top 5 acc: 78.40%
