49: [72, 4, 63, 55, 66] : 108.81253910064697
92: [92, 83, 53, 57, 62] : 78.75265622138977
41: [95, 6, 99, 4, 18] : 106.40579056739807
75: [63, 4, 64, 80, 55] : 121.62542963027954
7: [7, 99, 6, 93, 77] : 112.37883162498474
71: [71, 60, 49, 23, 33] : 79.40744376182556
50: [4, 50, 63, 64, 80] : 106.76541304588318
27: [27, 38, 42, 15, 97] : 87.6987099647522
70: [70, 92, 62, 18, 54] : 79.58687615394592
24: [24, 6, 30, 63, 95] : 118.44386339187622
36: [36, 50, 64, 80, 63] : 105.51814985275269
32: [57, 93, 83, 67, 32] : 78.81506776809692
45: [29, 45, 4, 50, 63] : 119.54001092910767
80: [80, 4, 64, 55, 66] : 108.73068380355835
12: [12, 76, 60, 86, 68] : 62.479663610458374
23: [23, 76, 49, 60, 69] : 65.8573648929596
58: [58, 7, 67, 73, 6] : 84.29127097129822
96: [96, 52, 59, 47, 53] : 94.40098118782043
42: [42, 43, 4, 63, 80] : 112.87910771369934
86: [83, 78, 27, 1, 73] : 94.58083844184875
37: [17, 37, 60, 66, 80] : 89.53179669380188
45: [45, 29, 4, 80, 64] : 103.40350413322449
37: [37, 17, 13, 60, 85] : 78.61414647102356
90: [60, 27, 29, 3, 42] : 106.53114032745361
69: [69, 43, 31, 15, 88] : 88.78113269805908
40: [40, 63, 80, 64, 4] : 98.27570533752441
27: [80, 27, 50, 63, 64] : 109.87456679344177
18: [24, 53, 0, 7, 18] : 76.83682608604431
55: [29, 34, 42, 38, 97] : 89.50416588783264
54: [70, 92, 62, 54, 83] : 78.80539274215698
37: [37, 17, 23, 40, 22] : 66.79169774055481
36: [38, 65, 4, 50, 80] : 100.4732301235199
35: [35, 98, 11, 46, 27] : 102.9608998298645
37: [37, 17, 60, 76, 40] : 67.32441735267639
27: [72, 50, 63, 66, 4] : 112.34547638893127
73: [30, 73, 97, 27, 91] : 107.9861958026886
65: [80, 50, 4, 64, 36] : 115.56975746154785
91: [91, 1, 73, 32, 67] : 115.54631900787354
64: [64, 80, 50, 4, 66] : 110.44423079490662
17: [17, 14, 57, 6, 7] : 71.06896567344666
41: [41, 89, 69, 53, 83] : 64.81989550590515
19: [19, 43, 97, 15, 38] : 110.67659664154053
83: [83, 0, 9, 84, 16] : 56.599841594696045
37: [37, 53, 17, 5, 57] : 59.102965354919434
65: [38, 80, 64, 34, 4] : 97.17124652862549
97: [97, 64, 50, 80, 66] : 116.1831648349762
95: [95, 30, 71, 73, 38] : 101.60361242294312
48: [48, 41, 89, 8, 58] : 66.70073533058167
54: [54, 70, 82, 51, 9] : 60.981138467788696
86: [9, 0, 57, 96, 52] : 66.66315746307373
86: [86, 16, 87, 9, 39] : 56.51148080825806
6: [6, 82, 51, 77, 99] : 94.60546684265137
85: [85, 41, 4, 80, 63] : 114.33907175064087
53: [53, 57, 0, 99, 83] : 99.19495177268982
9: [9, 10, 84, 61, 94] : 59.20695877075195
20: [20, 25, 84, 5, 10] : 66.75266981124878
99: [78, 99, 53, 44, 77] : 76.8707389831543
8: [8, 48, 4, 80, 55] : 105.39754796028137
14: [14, 18, 7, 79, 24] : 110.38793301582336
23: [33, 59, 51, 52, 30] : 105.26248836517334
74: [50, 80, 65, 4, 64] : 119.28999376296997
82: [82, 14, 44, 65, 69] : 114.34639286994934
15: [15, 29, 27, 72, 4] : 107.3469614982605
30: [30, 95, 72, 55, 4] : 101.09141850471497
71: [71, 50, 66, 80, 64] : 101.16756129264832
28: [28, 57, 92, 70, 83] : 61.04124140739441
81: [81, 90, 47, 57, 70] : 72.42774033546448
26: [70, 82, 7, 95, 30] : 101.01798486709595
96: [41, 0, 7, 6, 14] : 76.85172533988953
76: [76, 53, 7, 6, 57] : 76.86375904083252
21: [21, 63, 4, 80, 55] : 107.92616200447083
0: [0, 57, 53, 52, 51] : 60.997363567352295
2: [50, 64, 36, 66, 72] : 100.9879584312439
46: [46, 78, 14, 0, 53] : 82.53620100021362
15: [15, 29, 38, 43, 4] : 106.70347952842712
43: [43, 4, 3, 88, 42] : 117.67151975631714
19: [97, 19, 29, 38, 50] : 116.3127613067627
88: [88, 43, 42, 4, 50] : 119.47914528846741
88: [97, 88, 80, 42, 34] : 106.72231698036194
39: [39, 27, 50, 4, 63] : 100.45769715309143
28: [28, 16, 84, 50, 80] : 88.35532665252686
17: [17, 59, 96, 52, 31] : 99.82253980636597
4: [4, 55, 50, 72, 64] : 109.29227685928345
42: [4, 55, 50, 72, 64] : 106.01588845252991
53: [53, 0, 10, 61, 51] : 56.56261110305786
47: [47, 52, 96, 59, 23] : 78.8312315940857
43: [43, 4, 3, 42, 97] : 114.38616943359375
81: [37, 12, 86, 94, 39] : 62.2658212184906
8: [8, 41, 89, 68, 33] : 74.32123446464539
47: [60, 7, 53, 14, 0] : 71.0992546081543
19: [19, 38, 15, 3, 4] : 103.43641471862793
62: [62, 70, 64, 80, 4] : 107.32155728340149
70: [70, 62, 0, 92, 83] : 78.72611021995544
87: [87, 20, 86, 22, 70] : 69.17494440078735
92: [83, 82, 53, 14, 18] : 108.59368252754211
55: [80, 30, 4, 55, 63] : 109.18201446533203
62: [62, 47, 82, 92, 70] : 78.8236026763916
17: [17, 15, 29, 27, 43] : 99.22533369064331
58: [58, 69, 85, 16, 13] : 78.77086853981018
64: [80, 64, 50, 36, 4] : 107.30056428909302
60: [19, 97, 31, 3, 38] : 106.63887929916382
13: [27, 44, 78, 7, 14] : 81.20805191993713
65: [65, 50, 36, 64, 4] : 105.36366868019104
24: [24, 7, 79, 6, 18] : 106.02540874481201
12: [96, 52, 47, 27, 78] : 85.04045391082764
10: [53, 10, 84, 83, 62] : 60.951744079589844
10: [10, 61, 28, 0, 53] : 76.85151243209839
83: [53, 30, 63, 4, 50] : 106.09180188179016
27: [99, 44, 50, 30, 55] : 106.1477313041687
73: [73, 91, 30, 1, 95] : 98.46801328659058
51: [4, 63, 55, 80, 50] : 105.99355244636536
17: [17, 60, 7, 27, 15] : 91.42320656776428
20: [25, 20, 5, 50, 40] : 92.68113160133362
86: [60, 87, 17, 90, 39] : 66.63898777961731
70: [70, 14, 62, 6, 18] : 84.43172526359558
49: [49, 60, 59, 53, 57] : 61.595577239990234
56: [56, 59, 52, 96, 47] : 78.72390174865723
43: [43, 42, 3, 88, 4] : 117.40134477615356
28: [28, 40, 16, 10, 84] : 59.10069513320923
17: [17, 6, 80, 37, 76] : 100.42370986938477
74: [55, 4, 64, 63, 72] : 106.74808621406555
46: [11, 38, 27, 19, 7] : 91.4813973903656
63: [4, 63, 66, 55, 72] : 104.74943113327026
41: [41, 67, 89, 99, 90] : 79.38427996635437
78: [78, 99, 31, 44, 29] : 107.98049402236938
92: [92, 70, 83, 82, 62] : 78.75212240219116
36: [36, 50, 65, 64, 80] : 111.10348749160767
59: [52, 59, 96, 56, 47] : 106.64919948577881
4: [4, 80, 55, 43, 63] : 118.09418320655823
97: [97, 43, 38, 42, 34] : 110.72389960289001
29: [29, 27, 93, 67, 50] : 114.41342377662659
87: [86, 87, 40, 39, 22] : 77.44650483131409
63: [56, 59, 82, 52, 38] : 94.599613904953
27: [4, 80, 55, 30, 50] : 112.35798525810242
89: [89, 41, 85, 58, 60] : 66.66176962852478
43: [43, 97, 38, 42, 64] : 119.40305829048157
10: [10, 28, 92, 20, 62] : 60.97472357749939
54: [14, 18, 54, 92, 24] : 84.4465582370758
73: [95, 30, 50, 80, 63] : 116.86545133590698
19: [97, 34, 63, 64, 4] : 109.31355094909668
41: [41, 89, 7, 95, 45] : 108.77579259872437
27: [44, 27, 30, 60, 95] : 112.46948194503784
14: [14, 32, 7, 78, 1] : 103.4821527004242
96: [96, 52, 47, 30, 95] : 93.32401967048645
76: [60, 76, 15, 56, 88] : 89.44721007347107
12: [12, 17, 60, 53, 71] : 71.69362664222717
34: [34, 97, 38, 80, 64] : 107.91113328933716
50: [74, 4, 65, 97, 38] : 102.85421967506409
25: [25, 20, 5, 87, 84] : 67.3007402420044
51: [4, 80, 63, 50, 64] : 108.01644730567932
70: [70, 62, 96, 52, 57] : 66.76315236091614
50: [50, 4, 64, 63, 36] : 109.33846879005432
94: [94, 5, 22, 84, 20] : 59.73776292800903
30: [73, 1, 91, 56, 29] : 83.81609416007996
3: [3, 4, 63, 21, 31] : 103.48937058448792
55: [4, 29, 65, 97, 74] : 103.57704734802246
81: [60, 13, 53, 89, 41] : 76.90622520446777
0: [0, 57, 53, 18, 7] : 78.79113984107971
64: [63, 64, 80, 66, 50] : 123.96984243392944
34: [63, 80, 4, 64, 50] : 116.93866109848022
92: [62, 70, 82, 92, 52] : 79.49397611618042
20: [25, 20, 5, 84, 94] : 61.71956753730774
73: [30, 73, 95, 72, 80] : 103.70994734764099
11: [11, 35, 2, 78, 46] : 84.62955665588379
89: [42, 4, 88, 18, 63] : 104.89109253883362
50: [50, 80, 64, 36, 30] : 109.9325602054596
10: [95, 30, 29, 93, 9] : 95.35648608207703
52: [52, 59, 96, 47, 56] : 74.36898303031921
91: [91, 1, 32, 67, 99] : 115.61966347694397
63: [4, 63, 80, 64, 50] : 116.82433557510376
4: [4, 55, 72, 27, 30] : 108.50741076469421
78: [78, 99, 0, 83, 57] : 71.22983384132385
53: [53, 96, 60, 52, 59] : 66.85474300384521
38: [38, 80, 65, 64, 4] : 109.50174617767334
6: [6, 14, 18, 82, 63] : 110.62079882621765
47: [96, 52, 47, 56, 59] : 106.78218364715576
84: [84, 50, 4, 64, 55] : 103.63886380195618
13: [13, 60, 69, 53, 0] : 64.84781646728516
5: [20, 5, 84, 25, 12] : 66.72514486312866
21: [21, 64, 4, 63, 66] : 97.90570569038391
70: [70, 6, 62, 18, 60] : 84.5510938167572
70: [70, 92, 62, 99, 86] : 120.13175988197327
27: [30, 95, 4, 55, 80] : 108.16221189498901
5: [84, 20, 87, 94, 5] : 55.38843297958374
5: [5, 37, 94, 20, 25] : 67.46886253356934
0: [57, 0, 53, 83, 7] : 74.40753722190857
73: [25, 5, 27, 85, 2] : 109.9157166481018
89: [0, 87, 37, 84, 5] : 58.44082236289978
7: [53, 7, 83, 57, 24] : 84.48916482925415
78: [78, 44, 99, 29, 50] : 115.65495300292969
25: [25, 20, 5, 39, 87] : 66.70369124412537
53: [53, 0, 10, 83, 92] : 61.012789726257324
25: [25, 5, 20, 84, 40] : 52.76471209526062
23: [23, 49, 71, 60, 63] : 97.20160746574402
42: [42, 88, 43, 4, 27] : 117.55435681343079
59: [59, 47, 56, 96, 52] : 79.54906177520752
34: [34, 97, 64, 38, 3] : 100.53275084495544
71: [71, 60, 73, 53, 32] : 71.82828092575073
88: [88, 42, 80, 50, 4] : 107.41838335990906
62: [54, 70, 14, 99, 62] : 96.60544896125793
42: [80, 64, 66, 50, 4] : 104.87433886528015
9: [9, 60, 28, 0, 57] : 59.13251495361328
9: [9, 78, 10, 57, 93] : 82.61344289779663
65: [72, 65, 55, 4, 50] : 106.76218008995056
50: [4, 80, 74, 50, 63] : 100.40156555175781
87: [87, 86, 39, 0, 53] : 59.11169624328613
12: [12, 71, 53, 60, 68] : 64.1706817150116
99: [99, 78, 18, 29, 44] : 99.18418979644775
88: [88, 80, 34, 97, 4] : 111.2074282169342
57: [57, 10, 0, 61, 28] : 59.09334921836853
43: [43, 88, 42, 4, 97] : 107.41557812690735
48: [48, 78, 7, 24, 44] : 88.988361120224
49: [97, 3, 7, 88, 34] : 94.68724703788757
73: [30, 95, 73, 29, 1] : 100.4162175655365
49: [49, 52, 59, 29, 27] : 84.41329908370972
56: [56, 59, 52, 96, 47] : 89.51475644111633
21: [21, 27, 78, 29, 44] : 110.45125150680542
46: [46, 11, 98, 35, 60] : 62.20406746864319
73: [91, 73, 32, 67, 1] : 84.42489242553711
77: [4, 57, 74, 99, 80] : 111.74822044372559
85: [85, 41, 27, 18, 29] : 98.98947310447693
32: [6, 78, 44, 70, 7] : 86.37125396728516
27: [27, 44, 78, 91, 93] : 112.37775659561157
20: [20, 25, 84, 5, 87] : 66.63325810432434
38: [38, 65, 42, 97, 15] : 107.94659113883972
96: [52, 59, 96, 60, 47] : 74.26157855987549
77: [77, 79, 80, 50, 4] : 104.09828877449036
54: [54, 70, 62, 83, 53] : 84.44886326789856
29: [29, 4, 43, 64, 66] : 106.7317578792572
65: [50, 72, 4, 80, 36] : 103.00989961624146
84: [99, 77, 24, 53, 0] : 76.9462640285492
85: [27, 17, 20, 86, 5] : 99.77444362640381
0: [0, 57, 28, 60, 9] : 59.09055161476135
10: [10, 28, 53, 92, 62] : 61.023876905441284
28: [20, 40, 25, 87, 9] : 67.37101364135742
34: [80, 4, 50, 55, 63] : 107.99791598320007
70: [70, 62, 82, 14, 7] : 85.13510751724243
90: [90, 85, 69, 60, 37] : 66.73761773109436
59: [59, 52, 47, 96, 56] : 79.40808868408203
50: [50, 64, 36, 65, 80] : 100.33088541030884
89: [41, 89, 85, 47, 52] : 68.60163831710815
87: [86, 87, 94, 22, 14] : 71.71161317825317
39: [39, 5, 83, 84, 53] : 59.03822088241577
9: [9, 25, 28, 84, 5] : 58.38347601890564
77: [4, 30, 50, 63, 55] : 118.08998370170593
37: [96, 47, 52, 59, 70] : 72.36325645446777
45: [4, 30, 80, 50, 63] : 112.33727073669434
10: [70, 92, 83, 57, 62] : 84.4490818977356
51: [51, 4, 80, 63, 74] : 105.9803421497345
40: [40, 56, 59, 52, 29] : 85.06506299972534
71: [71, 26, 45, 73, 67] : 68.55940866470337
30: [30, 95, 97, 73, 55] : 102.18648409843445
37: [37, 17, 53, 0, 57] : 86.95351433753967
69: [76, 17, 60, 20, 23] : 67.27542853355408
75: [97, 55, 65, 30, 77] : 103.41753101348877
87: [87, 71, 73, 24, 7] : 77.42157793045044
30: [30, 95, 55, 4, 80] : 112.36738920211792
92: [92, 70, 57, 14, 18] : 98.98272252082825
48: [48, 41, 58, 86, 8] : 78.73388314247131
0: [0, 53, 57, 83, 10] : 60.976985692977905
49: [15, 38, 29, 97, 31] : 91.39367699623108
46: [46, 98, 11, 35, 60] : 64.74918746948242
49: [49, 29, 7, 59, 52] : 94.58855962753296
94: [94, 37, 86, 87, 20] : 67.3527443408966
47: [47, 52, 96, 59, 14] : 89.5223298072815
72: [30, 95, 72, 55, 80] : 116.19367241859436
37: [37, 47, 52, 96, 59] : 88.91420817375183
41: [41, 86, 89, 85, 87] : 62.238078117370605
29: [4, 80, 63, 55, 64] : 113.06582713127136
50: [4, 64, 50, 80, 63] : 104.16614007949829
42: [80, 4, 64, 66, 55] : 107.9250659942627
92: [92, 70, 0, 62, 14] : 84.49008536338806
43: [4, 80, 55, 30, 72] : 117.44474792480469
83: [83, 0, 53, 61, 57] : 60.97353553771973
25: [20, 25, 5, 84, 17] : 59.08253812789917
7: [7, 24, 6, 79, 45] : 116.24467420578003
69: [69, 85, 12, 56, 59] : 74.29864883422852
43: [43, 4, 88, 63, 72] : 101.6294014453888
86: [20, 94, 60, 76, 5] : 66.64847302436829
13: [17, 37, 96, 52, 70] : 74.27184557914734
5: [5, 25, 20, 18, 86] : 73.64760947227478
43: [43, 42, 38, 4, 55] : 117.48814296722412
21: [21, 64, 4, 63, 80] : 118.05472040176392
40: [40, 84, 51, 57, 83] : 56.527884006500244
11: [11, 46, 35, 98, 2] : 86.97316646575928
2: [2, 11, 35, 57, 0] : 71.69580912590027
74: [4, 97, 80, 42, 34] : 107.20724701881409
30: [30, 95, 73, 32, 67] : 99.0370728969574
33: [33, 68, 52, 47, 59] : 92.04511713981628
92: [70, 92, 62, 30, 95] : 116.19453477859497
0: [0, 57, 10, 84, 5] : 56.536253690719604
22: [76, 22, 56, 17, 59] : 67.36197519302368
45: [78, 44, 99, 29, 27] : 108.00890731811523
70: [62, 70, 92, 14, 7] : 84.44778895378113
22: [22, 57, 40, 17, 0] : 64.78489637374878
74: [4, 50, 63, 80, 55] : 117.53103566169739
15: [15, 43, 29, 38, 31] : 104.81044244766235
43: [43, 15, 50, 63, 4] : 101.02809500694275
47: [96, 52, 47, 59, 60] : 86.44302558898926
72: [72, 55, 4, 30, 95] : 107.34453248977661
39: [39, 94, 16, 9, 20] : 59.74678158760071
69: [69, 95, 30, 76, 60] : 98.52206087112427
54: [54, 62, 70, 92, 59] : 66.71113395690918
9: [9, 16, 57, 40, 7] : 76.86979246139526
85: [85, 52, 70, 56, 96] : 81.98429465293884
25: [20, 25, 5, 84, 17] : 61.003965854644775
53: [53, 57, 0, 83, 70] : 74.31803297996521
2: [2, 11, 35, 90, 13] : 62.29904866218567
40: [51, 20, 80, 4, 63] : 93.42680025100708
75: [95, 66, 72, 80, 4] : 108.6093487739563
48: [48, 8, 46, 60, 85] : 66.71542239189148
31: [31, 4, 42, 38, 29] : 112.4423360824585
42: [42, 88, 43, 4, 80] : 103.4654791355133
58: [58, 69, 60, 68, 37] : 78.77384567260742
29: [29, 4, 55, 80, 63] : 109.22064590454102
78: [78, 80, 97, 88, 4] : 106.69508981704712
78: [78, 99, 80, 4, 55] : 109.92801809310913
4: [4, 80, 63, 50, 72] : 109.8624906539917
1: [1, 32, 91, 67, 95] : 103.57474279403687
49: [49, 97, 29, 73, 27] : 92.07605528831482
21: [21, 31, 4, 97, 30] : 114.33106470108032
68: [60, 49, 12, 71, 68] : 59.724143981933594
91: [1, 91, 50, 30, 36] : 111.7788679599762
44: [44, 80, 30, 64, 55] : 106.69669198989868
13: [13, 81, 58, 69, 86] : 62.253722190856934
64: [74, 80, 44, 78, 65] : 114.29115986824036
48: [48, 7, 89, 8, 14] : 76.18696141242981
71: [71, 60, 12, 17, 49] : 74.29317617416382
76: [76, 49, 17, 60, 12] : 79.3825159072876
71: [71, 60, 12, 23, 76] : 78.71008038520813
49: [49, 23, 3, 31, 97] : 87.62985920906067
6: [6, 7, 63, 4, 82] : 101.62974429130554
67: [4, 80, 63, 50, 64] : 109.1876208782196
42: [42, 88, 3, 4, 38] : 98.45428156852722
59: [52, 56, 96, 47, 59] : 78.74791121482849
44: [78, 99, 44, 32, 30] : 116.79617404937744
36: [36, 50, 4, 63, 64] : 109.88332915306091
28: [28, 10, 57, 83, 92] : 68.58787679672241
97: [97, 88, 63, 80, 4] : 110.45262026786804
44: [78, 44, 27, 74, 32] : 110.4712929725647
9: [9, 16, 40, 28, 57] : 94.5758683681488
24: [24, 7, 4, 50, 99] : 109.81047916412354
42: [42, 80, 4, 72, 50] : 118.07666015625
67: [31, 3, 43, 97, 34] : 81.87880969047546
72: [4, 55, 72, 63, 3] : 107.94906401634216
70: [70, 6, 92, 14, 23] : 79.39934921264648
2: [2, 11, 28, 46, 35] : 52.71448373794556
57: [57, 53, 83, 82, 0] : 88.9414587020874
58: [58, 68, 37, 16, 80] : 110.51532626152039
70: [70, 18, 14, 6, 0] : 78.73585867881775
69: [85, 89, 69, 58, 17] : 74.2951500415802
54: [54, 70, 92, 83, 62] : 66.6797468662262
81: [13, 81, 90, 87, 58] : 66.64784502983093
90: [90, 13, 81, 89, 41] : 64.11184072494507
15: [15, 29, 43, 34, 88] : 97.13673162460327
82: [82, 53, 62, 14, 70] : 74.28267502784729
89: [89, 85, 17, 41, 58] : 60.97354173660278
31: [31, 15, 43, 4, 21] : 101.66124606132507
17: [5, 60, 59, 52, 71] : 61.60400748252869
4: [4, 63, 74, 50, 65] : 109.18429589271545
16: [16, 28, 9, 83, 53] : 59.08836245536804
5: [5, 25, 20, 84, 40] : 81.29619193077087
24: [24, 7, 45, 79, 26] : 116.22738337516785
35: [96, 70, 82, 56, 59] : 79.3742048740387
7: [7, 18, 99, 24, 69] : 84.4894859790802
62: [62, 92, 70, 53, 14] : 78.78894877433777
73: [30, 91, 73, 95, 50] : 107.30216002464294
74: [4, 74, 55, 80, 63] : 107.35327577590942
71: [71, 95, 30, 60, 49] : 90.16707229614258
6: [6, 26, 24, 4, 63] : 107.26671624183655
13: [13, 58, 53, 7, 14] : 77.47604131698608
46: [27, 44, 78, 7, 67] : 88.90946054458618
23: [23, 71, 60, 76, 12] : 78.72551822662354
91: [1, 91, 32, 30, 95] : 101.61056184768677
72: [80, 4, 55, 57, 77] : 107.2746090888977
31: [31, 15, 43, 3, 21] : 88.87870335578918
72: [4, 72, 80, 97, 3] : 113.6504020690918
47: [47, 96, 52, 62, 1] : 89.51816272735596
96: [52, 96, 47, 59, 56] : 90.16733860969543
14: [14, 24, 67, 50, 18] : 108.64788222312927
34: [50, 80, 72, 55, 64] : 100.33907890319824
50: [50, 64, 4, 80, 36] : 106.75636911392212
39: [39, 86, 24, 27, 67] : 81.94403028488159
59: [80, 4, 55, 66, 72] : 113.61030983924866
48: [48, 8, 86, 69, 87] : 62.25727653503418
97: [97, 64, 66, 50, 80] : 112.45771145820618
13: [13, 81, 58, 60, 37] : 66.6694233417511
50: [4, 80, 74, 50, 64] : 112.4661819934845
49: [59, 44, 42, 14, 3] : 99.09301686286926
61: [61, 22, 10, 53, 0] : 59.089322090148926
23: [59, 60, 33, 47, 94] : 61.63180613517761
44: [15, 80, 4, 55, 95] : 109.31067657470703
1: [1, 30, 91, 45, 29] : 98.42261123657227
27: [97, 88, 3, 60, 49] : 94.67077326774597
57: [57, 70, 0, 62, 82] : 90.23192048072815
14: [14, 67, 64, 4, 63] : 105.43584322929382
24: [24, 7, 45, 99, 18] : 112.47368597984314
12: [60, 27, 63, 66, 80] : 114.30710291862488
5: [5, 64, 80, 20, 66] : 99.76541805267334
2: [2, 11, 46, 35, 98] : 94.67112612724304
83: [83, 18, 99, 10, 60] : 84.47072410583496
48: [48, 8, 41, 11, 35] : 66.65680432319641
27: [50, 4, 30, 63, 80] : 104.6812891960144
43: [43, 4, 3, 97, 42] : 124.94012141227722
41: [41, 89, 48, 69, 58] : 66.62717294692993
56: [52, 96, 47, 56, 29] : 99.72665071487427
72: [72, 30, 4, 55, 50] : 108.02011775970459
94: [94, 17, 20, 15, 88] : 93.35308051109314
97: [97, 4, 34, 72, 66] : 103.53099298477173
43: [43, 88, 42, 4, 80] : 119.49810767173767
77: [53, 77, 57, 4, 51] : 107.42814755439758
93: [93, 29, 95, 30, 63] : 125.1307897567749
79: [44, 6, 7, 78, 18] : 102.25852751731873
84: [84, 59, 52, 96, 56] : 61.004526138305664
35: [35, 11, 98, 2, 5] : 90.82944989204407
81: [81, 13, 90, 58, 37] : 62.22518181800842
86: [86, 85, 39, 87, 17] : 60.958446979522705
11: [11, 46, 98, 35, 17] : 62.23838782310486
75: [80, 4, 55, 64, 63] : 106.00127744674683
64: [80, 38, 64, 4, 50] : 106.6365692615509
8: [8, 48, 60, 95, 49] : 92.70274209976196
49: [97, 49, 27, 29, 60] : 111.10661554336548
16: [69, 44, 60, 17, 76] : 104.7167980670929
59: [96, 52, 59, 47, 42] : 100.28841948509216
45: [99, 95, 87, 69, 72] : 108.513099193573
24: [24, 7, 99, 45, 63] : 106.04253005981445
34: [34, 63, 80, 50, 4] : 111.17796778678894
80: [80, 14, 44, 42, 34] : 108.57353639602661
8: [8, 48, 95, 50, 4] : 110.50909805297852
68: [60, 13, 48, 8, 81] : 72.36230564117432
3: [3, 4, 63, 55, 64] : 118.05181288719177
92: [70, 62, 92, 18, 14] : 74.2844033241272
57: [4, 65, 72, 51, 27] : 116.74406242370605
82: [82, 62, 53, 87, 70] : 60.950204372406006
92: [92, 14, 70, 18, 7] : 88.89331769943237
24: [6, 80, 4, 66, 64] : 125.02842831611633
32: [1, 32, 91, 67, 73] : 101.61003470420837
76: [17, 76, 1, 95, 30] : 93.37042474746704
32: [83, 9, 53, 2, 16] : 59.03645038604736
46: [46, 11, 98, 35, 86] : 64.75339841842651
26: [45, 26, 99, 29, 79] : 108.57414746284485
62: [70, 62, 82, 14, 6] : 85.09677577018738
23: [23, 60, 49, 59, 47] : 74.9196617603302
63: [4, 80, 63, 64, 66] : 118.11956453323364
51: [51, 80, 50, 4, 63] : 110.4423496723175
70: [70, 62, 92, 14, 53] : 78.7139220237732
25: [41, 25, 58, 20, 37] : 66.65614032745361
80: [80, 4, 64, 63, 55] : 105.35363960266113
36: [36, 50, 65, 64, 4] : 97.11628532409668
61: [80, 66, 4, 64, 74] : 100.3096570968628
15: [15, 29, 38, 4, 64] : 109.1002607345581
38: [38, 64, 80, 4, 55] : 109.22119450569153
1: [1, 91, 32, 30, 95] : 98.57066607475281
34: [34, 97, 64, 50, 55] : 103.04240942001343
67: [32, 93, 73, 67, 34] : 94.69498443603516
86: [86, 22, 40, 39, 69] : 66.68071269989014
64: [36, 65, 74, 50, 64] : 107.88815879821777
24: [24, 63, 4, 50, 64] : 112.41547679901123
82: [82, 62, 6, 14, 63] : 97.76938962936401
5: [20, 5, 84, 94, 25] : 69.19553589820862
76: [76, 57, 59, 56, 0] : 61.00284767150879
13: [13, 58, 60, 69, 89] : 66.68708968162537
61: [72, 80, 55, 50, 4] : 103.47196769714355
50: [97, 43, 27, 4, 50] : 100.45497488975525
70: [41, 11, 89, 35, 98] : 74.45180749893188
98: [35, 98, 11, 96, 70] : 79.4780375957489
20: [20, 25, 84, 86, 66] : 95.31461644172668
97: [97, 38, 88, 34, 42] : 102.86407160758972
60: [60, 0, 59, 53, 57] : 60.92198848724365
14: [14, 18, 78, 79, 26] : 106.66975712776184
27: [4, 55, 50, 72, 66] : 104.11302757263184
87: [87, 25, 20, 40, 5] : 90.77260851860046
60: [60, 49, 17, 23, 71] : 66.64720225334167
44: [44, 29, 27, 30, 95] : 98.36012530326843
8: [8, 48, 41, 89, 35] : 102.26266527175903
95: [95, 30, 72, 55, 4] : 103.72155714035034
82: [82, 62, 6, 14, 70] : 89.04817366600037
51: [4, 80, 55, 50, 63] : 112.41371893882751
8: [60, 86, 50, 80, 4] : 95.23606753349304
41: [60, 2, 65, 91, 67] : 71.70679593086243
3: [3, 38, 43, 97, 88] : 111.03193426132202
67: [67, 32, 2, 95, 30] : 95.83371114730835
50: [80, 64, 4, 38, 63] : 107.23348426818848
9: [9, 53, 57, 67, 59] : 84.41237211227417
70: [70, 62, 92, 53, 51] : 60.94752025604248
80: [80, 4, 64, 72, 55] : 111.03656315803528
82: [82, 52, 70, 96, 47] : 91.38195776939392
84: [84, 37, 20, 40, 5] : 56.49773931503296
63: [4, 80, 63, 55, 30] : 116.77576756477356
60: [71, 49, 60, 53, 57] : 66.62641072273254
80: [80, 4, 34, 66, 97] : 102.21391320228577
56: [56, 95, 30, 71, 59] : 93.29865384101868
25: [5, 25, 20, 94, 37] : 66.62208151817322
74: [4, 55, 63, 50, 80] : 118.07359552383423
38: [15, 38, 31, 4, 30] : 106.60182738304138
52: [96, 52, 27, 47, 59] : 112.34850096702576
93: [93, 72, 4, 55, 95] : 109.7771565914154
29: [29, 27, 44, 50, 63] : 123.73374557495117
2: [53, 0, 57, 82, 18] : 78.72508120536804
44: [50, 4, 30, 64, 55] : 111.05782842636108
79: [44, 27, 7, 14, 42] : 109.79254055023193
11: [11, 35, 98, 46, 61] : 90.7659044265747
26: [23, 30, 95, 34, 50] : 98.9868221282959
95: [95, 30, 73, 91, 1] : 109.1830313205719
31: [97, 31, 80, 66, 63] : 98.37360262870789
88: [88, 34, 4, 3, 43] : 108.44348454475403
2: [2, 11, 35, 18, 7] : 104.70252346992493
37: [37, 17, 52, 47, 56] : 79.27666521072388
68: [68, 60, 49, 58, 12] : 96.27250051498413
66: [66, 4, 88, 80, 63] : 110.82894015312195
95: [50, 66, 97, 63, 4] : 103.94146084785461
91: [91, 1, 32, 67, 95] : 102.12475538253784
40: [40, 86, 78, 44, 29] : 104.65417838096619
18: [18, 44, 70, 7, 83] : 112.26792454719543
19: [19, 31, 3, 38, 42] : 102.17673826217651
77: [77, 6, 7, 50, 80] : 106.59110260009766
18: [56, 14, 7, 80, 63] : 114.20900011062622
25: [20, 25, 5, 84, 41] : 60.921443700790405
30: [95, 30, 72, 27, 55] : 107.82865977287292
38: [38, 43, 97, 3, 15] : 94.50200200080872
77: [4, 55, 50, 30, 80] : 112.27541780471802
71: [71, 73, 49, 91, 60] : 78.63489031791687
1: [91, 1, 95, 62, 30] : 116.09154677391052
28: [10, 28, 61, 0, 57] : 66.60703253746033
32: [43, 63, 3, 4, 42] : 88.75444483757019
4: [4, 55, 72, 95, 30] : 109.67490720748901
76: [76, 95, 30, 73, 67] : 109.07256627082825
90: [90, 4, 80, 66, 63] : 98.28386950492859
14: [14, 99, 18, 82, 53] : 88.79918265342712
25: [20, 25, 94, 5, 84] : 56.46242022514343
70: [70, 53, 57, 0, 78] : 84.33673882484436
17: [17, 4, 37, 27, 31] : 100.2122859954834
95: [55, 66, 72, 4, 64] : 103.36390280723572
75: [63, 4, 55, 66, 64] : 106.51325273513794
6: [50, 63, 4, 80, 64] : 111.60878682136536
86: [86, 87, 16, 39, 9] : 66.56815791130066
94: [76, 37, 60, 17, 86] : 59.56341242790222
28: [28, 10, 40, 16, 20] : 52.628514528274536
73: [60, 17, 71, 12, 37] : 56.43150806427002
36: [4, 63, 50, 64, 80] : 107.10157704353333
18: [99, 18, 80, 66, 64] : 112.8296492099762
10: [28, 10, 9, 16, 53] : 56.44960045814514
34: [34, 63, 4, 80, 64] : 105.20613980293274
1: [1, 32, 91, 67, 80] : 105.83447098731995
64: [64, 4, 50, 80, 63] : 114.14145588874817
28: [10, 28, 61, 84, 40] : 58.96235752105713
82: [82, 62, 70, 6, 14] : 91.91342544555664
96: [96, 59, 52, 47, 14] : 100.17019963264465
59: [56, 59, 52, 47, 96] : 79.23785257339478
67: [17, 76, 60, 94, 33] : 59.579378843307495
15: [15, 19, 31, 29, 63] : 111.58928728103638
27: [27, 29, 44, 80, 55] : 109.02492570877075
99: [78, 99, 55, 4, 64] : 110.95596957206726
72: [3, 31, 38, 42, 97] : 89.3734667301178
6: [6, 80, 88, 4, 63] : 106.4824857711792
62: [62, 51, 99, 18, 50] : 108.42658805847168
37: [37, 17, 76, 86, 0] : 58.97455358505249
31: [31, 21, 29, 15, 63] : 124.8878927230835
45: [83, 1, 62, 70, 92] : 71.0028908252716
58: [58, 89, 41, 85, 7] : 77.33368396759033
97: [97, 34, 38, 80, 64] : 103.38208532333374
25: [20, 25, 5, 94, 84] : 59.64316654205322
25: [25, 5, 20, 50, 66] : 95.11824941635132
69: [17, 69, 49, 38, 15] : 102.03772830963135
21: [21, 15, 38, 27, 31] : 88.74579453468323
19: [19, 30, 64, 95, 50] : 114.10712742805481
20: [20, 25, 5, 84, 86] : 55.790950775146484
27: [27, 38, 29, 3, 73] : 91.9361457824707
45: [45, 0, 57, 79, 83] : 100.19736623764038
65: [65, 21, 3, 88, 63] : 113.4821310043335
64: [50, 64, 74, 4, 36] : 107.16649508476257
12: [60, 12, 17, 69, 50] : 101.44288802146912
50: [25, 5, 20, 50, 64] : 95.07636284828186
61: [78, 14, 92, 93, 53] : 88.79248428344727
25: [25, 20, 5, 84, 94] : 58.97967767715454
0: [0, 57, 53, 52, 87] : 66.56642246246338
71: [12, 71, 60, 49, 56] : 76.05802178382874
13: [13, 81, 90, 68, 58] : 66.58606386184692
3: [63, 3, 4, 65, 80] : 102.05370116233826
80: [80, 4, 64, 63, 50] : 109.02941846847534
2: [2, 72, 55, 11, 99] : 95.10293531417847
2: [2, 11, 35, 0, 57] : 74.14149475097656
91: [91, 32, 1, 67, 73] : 98.87509417533875
18: [78, 44, 99, 63, 64] : 102.70080947875977
20: [20, 25, 84, 5, 39] : 56.42935371398926
6: [6, 7, 18, 99, 24] : 112.24107098579407
38: [4, 63, 80, 74, 50] : 95.78083658218384
59: [59, 52, 47, 96, 56] : 72.27885031700134
46: [13, 85, 48, 17, 58] : 66.56844782829285
2: [5, 20, 25, 84, 94] : 62.78981351852417
64: [64, 97, 3, 50, 38] : 114.13137221336365
77: [77, 99, 18, 24, 74] : 101.4308533668518
21: [21, 42, 80, 4, 63] : 110.98867106437683
98: [98, 35, 57, 53, 0] : 66.57599329948425
58: [97, 58, 37, 60, 89] : 86.86361265182495
54: [54, 92, 14, 6, 70] : 84.39216089248657
25: [25, 20, 5, 84, 37] : 67.25957489013672
98: [98, 35, 46, 86, 11] : 71.69592714309692
64: [96, 52, 4, 80, 64] : 112.36152768135071
12: [12, 17, 60, 90, 76] : 74.26600933074951
20: [20, 5, 25, 0, 57] : 62.2096266746521
2: [2, 21, 57, 45, 50] : 103.48023295402527
65: [50, 65, 72, 64, 36] : 116.10761165618896
4: [99, 4, 95, 72, 55] : 118.02452635765076
23: [23, 52, 59, 56, 82] : 79.35061168670654
72: [72, 55, 4, 63, 30] : 116.74224591255188
40: [40, 24, 20, 86, 14] : 71.70272088050842
91: [32, 91, 1, 95, 30] : 110.37622594833374
80: [80, 47, 96, 44, 52] : 116.69566178321838
99: [99, 50, 63, 4, 30] : 112.35463833808899
24: [24, 7, 79, 18, 6] : 84.40213537216187
41: [41, 85, 64, 63, 66] : 102.15137124061584
45: [88, 43, 97, 27, 63] : 111.67077684402466
17: [17, 60, 37, 16, 76] : 64.71594381332397
60: [14, 47, 59, 6, 27] : 99.58523321151733
61: [99, 78, 4, 55, 72] : 116.14177250862122
86: [86, 39, 87, 85, 20] : 74.23335886001587
0: [0, 53, 10, 61, 60] : 64.73218154907227
53: [53, 57, 83, 0, 96] : 94.52602624893188
0: [0, 57, 83, 53, 10] : 60.9072585105896
82: [82, 6, 63, 50, 64] : 105.8841004371643
42: [42, 80, 29, 4, 63] : 102.69713282585144
74: [50, 80, 63, 64, 36] : 102.65424609184265
53: [70, 57, 92, 53, 0] : 78.62606573104858
96: [96, 47, 52, 59, 30] : 109.1562991142273
count (test images): 625
Mean per class acc: 62.04%
Mean inference time: 91.77 sec
Top 1 acc: 62.40%
Top 3 acc: 76.32%
Top 5 acc: 79.20%
