49: [51, 76, 69] : 35.73829507827759
92: [92, 83, 61] : 34.181113958358765
41: [99, 27, 52, 96, 57] : 59.50234532356262
75: [63, 97, 4, 54, 42] : 94.86069560050964
7: [7, 6, 99, 51, 77] : 61.39312720298767
71: [71, 60, 23] : 32.6118528842926
50: [4, 74, 63, 65, 55] : 86.24345207214355
27: [27, 29, 44, 93, 69] : 51.275806188583374
70: [70, 53, 92] : 33.83877968788147
24: [24, 4, 63, 45, 6] : 95.81928491592407
36: [36, 50, 65, 74, 43] : 98.9434986114502
32: [57, 69, 51] : 28.197224140167236
45: [45, 29, 26, 99, 27] : 55.11533045768738
80: [80, 4, 34, 74, 55] : 86.39409971237183
12: [12, 76, 86] : 35.07853436470032
23: [23, 76, 69] : 28.81731939315796
58: [58, 85, 76, 69] : 40.07859969139099
96: [96, 59, 23] : 31.32860779762268
42: [42, 88, 43, 97, 34] : 87.66917133331299
86: [83, 78, 99, 27, 51] : 48.85304307937622
37: [17, 37, 87] : 35.08539915084839
45: [4, 45, 80, 29, 26] : 95.18590521812439
37: [37, 17, 85, 58] : 43.98725414276123
90: [60, 90, 3, 42, 43] : 94.21019339561462
69: [69, 17, 47] : 31.957199096679688
40: [84, 20, 79, 99, 29] : 55.107046604156494
27: [29, 27, 1, 51, 53] : 51.96120524406433
18: [24, 99, 53, 79, 0] : 60.72990918159485
55: [34, 42, 38, 29, 97] : 82.01670670509338
54: [70, 92, 62] : 33.837719440460205
37: [37, 17, 23] : 31.338528394699097
36: [4, 65, 77, 38, 3] : 86.3915445804596
35: [35, 98, 11] : 34.44665479660034
37: [17, 37, 76] : 35.087443828582764
27: [27, 33, 65, 29, 23] : 48.83546757698059
73: [27, 49, 78, 33, 23] : 48.8460168838501
65: [65, 50, 4, 38, 74] : 83.88602948188782
91: [91, 1, 73, 32, 67] : 93.29104590415955
64: [64, 80, 97, 74, 65] : 92.67006278038025
17: [17, 60, 23] : 31.338282108306885
41: [69, 60, 87] : 31.33786106109619
19: [19, 43, 29, 63, 15] : 92.65406823158264
83: [83, 0, 57] : 34.44341158866882
37: [37, 17, 23] : 31.320988416671753
65: [38, 34, 65, 97, 42] : 81.99193525314331
97: [97, 50, 64, 65, 88] : 92.62737965583801
95: [69, 17, 76] : 31.941343784332275
48: [48, 41, 89, 8, 58] : 66.34309768676758
54: [54, 70, 51] : 31.315805196762085
86: [86, 87, 9] : 34.43728518486023
86: [86, 87, 39] : 35.06500196456909
6: [82, 70, 54, 77, 65] : 55.08206057548523
85: [85, 41, 27, 77, 93] : 65.73095107078552
53: [53, 51, 23] : 28.213314533233643
9: [84, 94, 20, 5] : 42.61969566345215
20: [20, 25, 84, 5] : 43.20721077919006
99: [99, 78, 44, 77, 0] : 57.62042188644409
8: [8, 48, 5, 69] : 40.06944751739502
14: [14, 79, 26, 54, 99] : 60.72344708442688
23: [33, 51, 23] : 28.181018352508545
74: [80, 50, 65, 74, 3] : 92.62383770942688
82: [82, 14, 62, 54, 69] : 58.225212812423706
15: [15, 29, 27, 3, 31] : 73.23693490028381
30: [30, 95, 72, 71, 55] : 75.7427430152893
71: [71, 60, 93, 45, 44] : 53.30046224594116
28: [28, 10, 16] : 34.443620681762695
81: [47, 52, 57] : 33.824042081832886
26: [6, 70, 62, 29, 99] : 58.23430776596069
96: [60, 47, 23] : 31.3228497505188
76: [76, 60, 23] : 31.330713748931885
21: [21, 3, 31, 42, 74] : 82.10049986839294
0: [0, 57, 51] : 31.35726833343506
2: [2, 11, 35, 65, 78] : 55.139246702194214
46: [46, 98, 11, 35] : 43.24232053756714
15: [15, 38, 29, 31, 3] : 82.05418586730957
43: [43, 3, 88, 97, 29] : 75.73213648796082
19: [97, 19, 43, 34, 31] : 88.22306394577026
88: [88, 43, 42, 4, 34] : 98.87058520317078
88: [97, 88, 42, 38, 65] : 73.2010715007782
39: [39, 86, 25] : 34.43071532249451
28: [84, 20, 5, 51, 94] : 55.05942177772522
17: [49, 60, 31, 3, 51] : 75.72384905815125
4: [4, 50, 55, 74, 72] : 86.36289882659912
42: [4, 75, 74, 55, 42] : 92.68047857284546
53: [53, 57, 69] : 31.334892749786377
47: [47, 52, 23] : 31.326761960983276
43: [43, 3, 42, 88, 65] : 82.02920961380005
81: [37, 17, 87] : 34.46369552612305
8: [33, 47, 96, 59, 52] : 57.57727551460266
47: [47, 17, 23] : 31.936002016067505
19: [19, 38, 15, 3, 65] : 73.2284688949585
62: [62, 70, 51] : 31.320650100708008
70: [70, 62, 0, 92, 99] : 57.59323048591614
87: [87, 20, 22] : 35.09248328208923
92: [83, 53, 51] : 31.33388090133667
55: [30, 42, 55, 29, 44] : 84.52818584442139
62: [62, 47, 70] : 34.459933042526245
17: [17, 27, 29, 6, 46] : 61.37473726272583
58: [58, 85, 69, 89] : 40.07548141479492
64: [80, 50, 74, 38, 65] : 92.9043390750885
60: [60, 49, 23] : 31.471013069152832
13: [14, 27, 29, 51, 44] : 58.427778005599976
65: [65, 50, 36, 97, 38] : 99.20167231559753
24: [83, 82, 51] : 31.409571409225464
12: [17, 12, 27, 78, 29] : 58.39744591712952
10: [10, 53, 51] : 31.410167694091797
10: [20, 84, 5] : 34.535619497299194
83: [99, 53, 7, 6, 78] : 64.0360734462738
27: [99, 44, 78, 74, 27] : 55.23884344100952
73: [73, 44, 29, 93, 27] : 58.3739070892334
51: [77, 99, 51, 93, 26] : 55.246906042099
17: [17, 69, 7, 72, 65] : 85.3722665309906
20: [25, 20, 5, 87, 40] : 58.38198280334473
86: [85, 5, 20, 25] : 43.33237051963806
70: [70, 62, 92] : 33.91406273841858
49: [49, 60, 23] : 31.410349130630493
56: [56, 59, 96] : 34.565930128097534
43: [43, 42, 88, 3, 65] : 82.32216215133667
28: [28, 40, 51] : 32.05618405342102
17: [17, 76, 69] : 31.41587543487549
74: [75, 4, 74, 55, 27] : 86.66397738456726
46: [11, 35, 46, 2, 27] : 57.78214907646179
count (test images): 122
Mean per class acc: 60.57%
Mean inference time: 55.44 sec
Top 1 acc: 60.66%
Top 3 acc: 54.10%
Top 5 acc: 56.56%
