49: [49, 60, 72, 95, 23] : 186.63640904426575
92: [92, 83, 47, 53, 70] : 89.27977728843689
41: [41, 6, 67, 95, 32] : 211.9757628440857
75: [97, 14, 88, 42, 78] : 190.79011368751526
7: [7, 6, 77, 99, 14] : 204.88703751564026
71: [71, 60, 49, 33, 56] : 86.68615174293518
50: [4, 74, 63, 50, 64] : 192.99789810180664
27: [27, 38, 42, 15, 55] : 194.30685949325562
70: [70, 53, 18, 92, 6] : 131.3638436794281
24: [24, 63, 32, 6, 4] : 204.86823773384094
36: [36, 50, 64, 80, 65] : 204.8176555633545
32: [57, 7, 18, 93, 99] : 147.0875985622406
45: [45, 29, 26, 88, 50] : 216.27416396141052
80: [80, 4, 75, 64, 34] : 201.24099946022034
12: [12, 76, 68, 86, 17] : 99.97665548324585
23: [23, 76, 49, 60, 56] : 96.17396211624146
58: [58, 85, 69, 23, 97] : 204.10114765167236
96: [96, 52, 59, 47, 60] : 170.91976141929626
42: [42, 4, 43, 63, 80] : 205.3321943283081
86: [78, 1, 7, 27, 24] : 147.50391674041748
37: [17, 37, 60, 52, 76] : 153.76973724365234
45: [45, 29, 4, 26, 50] : 205.17467594146729
37: [37, 17, 47, 52, 51] : 118.58953809738159
90: [60, 4, 27, 63, 80] : 212.41485142707825
69: [69, 17, 76, 52, 56] : 126.42997241020203
40: [40, 38, 84, 52, 20] : 175.0032501220703
27: [80, 29, 27, 44, 78] : 212.07091784477234
18: [24, 99, 79, 0, 67] : 193.423171043396
55: [29, 34, 38, 97, 4] : 194.6221489906311
54: [70, 92, 83, 54, 0] : 143.39467430114746
37: [37, 17, 40, 22, 87] : 88.2287085056305
36: [65, 38, 77, 4, 51] : 189.6357810497284
35: [35, 11, 98, 46, 2] : 148.17958760261536
37: [37, 17, 60, 76, 52] : 100.25674343109131
27: [97, 27, 33, 23, 59] : 189.16768312454224
73: [73, 30, 27, 97, 4] : 193.28576970100403
65: [65, 74, 50, 38, 80] : 181.74746012687683
91: [91, 1, 73, 32, 67] : 215.5902919769287
64: [64, 80, 50, 66, 38] : 206.48866629600525
17: [17, 60, 14, 37, 23] : 131.77173018455505
41: [41, 89, 69, 17, 85] : 118.59768199920654
19: [19, 29, 43, 97, 34] : 203.87190294265747
83: [83, 0, 57, 53, 84] : 146.06659746170044
37: [37, 47, 17, 23, 52] : 131.67210960388184
65: [38, 34, 65, 19, 77] : 193.27213764190674
97: [97, 64, 50, 65, 75] : 205.01936149597168
95: [95, 30, 72, 73, 15] : 175.21530771255493
48: [48, 41, 89, 8, 58] : 167.32188296318054
54: [54, 14, 70, 6, 18] : 143.18064665794373
86: [86, 87, 9, 94, 0] : 109.07785606384277
86: [86, 87, 39, 5, 84] : 145.97482085227966
6: [6, 82, 63, 75, 50] : 213.05688619613647
85: [85, 41, 4, 80, 63] : 223.57993602752686
53: [53, 57, 0, 82, 99] : 193.4632706642151
9: [9, 10, 84, 61, 91] : 167.01575922966003
20: [20, 25, 84, 5, 60] : 127.53202319145203
99: [99, 78, 44, 53, 57] : 123.78574228286743
8: [8, 48, 53, 5, 4] : 211.9597544670105
14: [14, 18, 7, 79, 24] : 214.33659434318542
23: [33, 67, 91, 59, 14] : 182.92827534675598
74: [80, 50, 65, 4, 64] : 201.43257808685303
82: [82, 14, 62, 54, 44] : 214.1586091518402
15: [15, 29, 72, 27, 88] : 197.4124138355255
30: [30, 95, 72, 71, 27] : 171.07251715660095
71: [71, 60, 23, 12, 76] : 174.83706521987915
28: [28, 10, 16, 57, 61] : 99.89532971382141
81: [81, 90, 37, 13, 47] : 118.50603532791138
26: [6, 70, 82, 62, 1] : 201.40862035751343
96: [60, 52, 96, 47, 69] : 113.06934404373169
76: [76, 60, 7, 49, 13] : 142.00144982337952
21: [21, 3, 42, 31, 43] : 189.50213837623596
0: [0, 57, 53, 83, 18] : 144.6221420764923
2: [2, 11, 35, 65, 9] : 127.39404392242432
46: [46, 98, 11, 35, 94] : 178.64971351623535
15: [15, 29, 38, 43, 3] : 204.92252373695374
43: [43, 4, 3, 63, 80] : 200.92359495162964
19: [97, 19, 29, 15, 43] : 217.97967338562012
88: [88, 43, 4, 50, 80] : 211.45641136169434
88: [97, 42, 88, 34, 38] : 193.06054210662842
39: [39, 27, 78, 93, 86] : 135.3593876361847
28: [28, 16, 84, 9, 61] : 193.06146788597107
17: [17, 49, 60, 31, 3] : 174.84077882766724
4: [4, 50, 74, 80, 63] : 201.34435534477234
42: [4, 75, 50, 99, 74] : 204.97356534004211
53: [53, 0, 57, 83, 25] : 99.8307855129242
47: [47, 52, 96, 59, 23] : 123.64985156059265
43: [43, 4, 3, 42, 63] : 215.9113826751709
81: [37, 17, 87, 94, 12] : 119.690584897995
8: [8, 41, 96, 89, 47] : 145.89020490646362
47: [60, 47, 17, 23, 37] : 135.6515872478485
19: [19, 38, 15, 43, 3] : 197.31249380111694
62: [62, 70, 6, 82, 92] : 189.30299615859985
70: [70, 62, 1, 60, 67] : 143.53735899925232
87: [87, 20, 86, 94, 22] : 136.95065903663635
92: [82, 14, 6, 1, 18] : 155.24028825759888
55: [80, 4, 30, 38, 74] : 212.99646615982056
62: [62, 47, 49, 70, 82] : 143.57878875732422
17: [17, 60, 85, 27, 43] : 185.56040787696838
58: [58, 69, 85, 89, 13] : 167.2767562866211
64: [80, 64, 50, 74, 36] : 205.3866286277771
60: [60, 49, 19, 97, 38] : 163.16466665267944
13: [27, 29, 99, 44, 84] : 156.29779624938965
65: [65, 50, 97, 36, 64] : 181.33924651145935
24: [24, 7, 6, 79, 74] : 193.18421006202698
12: [97, 42, 88, 31, 15] : 174.63496494293213
10: [10, 28, 53, 84, 61] : 99.82396030426025
10: [10, 61, 28, 20, 0] : 127.62183737754822
83: [99, 53, 29, 97, 7] : 197.16963911056519
27: [99, 44, 78, 18, 29] : 204.88999962806702
73: [91, 73, 1, 30, 67] : 201.15483164787292
51: [51, 77, 4, 93, 27] : 213.19918632507324
17: [17, 60, 69, 65, 77] : 135.36702036857605
20: [25, 20, 5, 87, 40] : 127.52618265151978
86: [85, 90, 17, 23, 69] : 138.3813180923462
70: [70, 62, 92, 54, 96] : 86.77394890785217
49: [49, 60, 59, 76, 71] : 107.79721069335938
56: [56, 59, 52, 96, 47] : 95.89925241470337
43: [43, 42, 3, 97, 88] : 215.47933721542358
28: [28, 40, 16, 10, 84] : 109.30622839927673
17: [17, 53, 60, 76, 37] : 134.08014297485352
74: [75, 4, 63, 64, 74] : 201.0037522315979
46: [11, 38, 35, 46, 2] : 170.85942554473877
63: [97, 65, 88, 66, 42] : 205.18651223182678
41: [41, 89, 99, 86, 90] : 216.69983458518982
78: [78, 31, 99, 44, 42] : 212.7434787750244
92: [92, 70, 82, 83, 56] : 135.3286747932434
36: [36, 50, 65, 64, 74] : 214.07907462120056
59: [52, 59, 96, 47, 56] : 86.81137824058533
4: [4, 80, 63, 64, 38] : 205.111750125885
97: [97, 43, 38, 42, 34] : 193.14248943328857
29: [29, 27, 93, 67, 65] : 200.993882894516
87: [86, 87, 40, 69, 39] : 136.7812147140503
63: [63, 56, 80, 65, 75] : 189.42657375335693
27: [27, 80, 97, 66, 29] : 202.52089715003967
89: [89, 41, 85, 58, 60] : 145.77244210243225
43: [43, 38, 97, 42, 3] : 203.70394229888916
10: [10, 28, 92, 20, 9] : 99.94027924537659
54: [14, 54, 18, 99, 70] : 204.97537851333618
73: [14, 34, 97, 95, 38] : 195.65871930122375
19: [97, 34, 75, 19, 38] : 205.06735396385193
41: [7, 78, 45, 99, 18] : 204.89994430541992
27: [27, 44, 60, 73, 32] : 200.8881320953369
14: [14, 32, 7, 78, 93] : 212.9198305606842
96: [96, 47, 52, 31, 38] : 182.52491092681885
76: [76, 60, 49, 53, 69] : 95.85920715332031
12: [17, 12, 60, 71, 49] : 122.13043308258057
34: [34, 97, 75, 38, 80] : 215.44942235946655
50: [74, 65, 32, 50, 97] : 192.98224997520447
25: [25, 20, 5, 87, 84] : 158.9372661113739
51: [4, 80, 74, 63, 50] : 212.83925580978394
70: [70, 14, 62, 6, 92] : 135.37383103370667
50: [50, 74, 4, 65, 67] : 204.91761231422424
94: [94, 22, 5, 84, 40] : 101.24583959579468
30: [30, 73, 1, 95, 91] : 186.56974577903748
3: [3, 21, 31, 4, 75] : 200.87578630447388
55: [4, 75, 55, 34, 80] : 204.95655155181885
81: [13, 81, 60, 89, 68] : 144.61665868759155
0: [0, 57, 53, 10, 99] : 143.2488603591919
64: [63, 64, 3, 75, 97] : 201.02537941932678
34: [34, 38, 42, 97, 63] : 213.10697174072266
92: [62, 70, 6, 82, 51] : 131.36683177947998
20: [20, 25, 5, 84, 94] : 99.79343628883362
73: [73, 30, 95, 67, 65] : 193.08746719360352
11: [11, 35, 2, 46, 4] : 204.96336364746094
89: [4, 42, 88, 15, 63] : 200.9412705898285
50: [50, 65, 80, 64, 36] : 201.06779623031616
10: [29, 93, 95, 30, 77] : 202.3656768798828
52: [52, 59, 96, 47, 56] : 95.85240912437439
91: [91, 1, 32, 67, 99] : 215.3591434955597
63: [65, 34, 4, 38, 3] : 201.11859345436096
4: [4, 55, 75, 72, 63] : 193.0546863079071
78: [78, 99, 18, 0, 83] : 224.61692023277283
53: [53, 96, 61, 60, 59] : 95.94944643974304
38: [38, 80, 34, 64, 4] : 212.75289249420166
6: [6, 14, 18, 7, 77] : 200.86780881881714
47: [96, 52, 47, 14, 7] : 143.20224595069885
84: [84, 20, 50, 4, 75] : 226.2773241996765
13: [13, 60, 69, 89, 23] : 106.41163492202759
5: [20, 5, 84, 25, 12] : 155.0005919933319
21: [21, 3, 97, 88, 42] : 217.118727684021
70: [70, 6, 18, 62, 60] : 131.42237782478333
70: [70, 92, 62, 99, 28] : 147.08522748947144
27: [27, 29, 4, 93, 80] : 201.0839273929596
5: [84, 20, 12, 94, 87] : 156.42999053001404
5: [5, 37, 94, 20, 25] : 120.82404899597168
0: [57, 0, 53, 83, 99] : 135.28199791908264
73: [25, 5, 27, 29, 2] : 193.27706265449524
89: [67, 32, 29, 57, 60] : 143.39606475830078
7: [7, 53, 83, 18, 24] : 147.13419198989868
78: [78, 44, 27, 97, 99] : 212.9730145931244
25: [25, 20, 5, 39, 87] : 111.93880796432495
53: [53, 10, 91, 18, 82] : 156.58931231498718
25: [25, 5, 20, 37, 84] : 148.53567028045654
23: [23, 49, 60, 71, 69] : 193.26573848724365
42: [42, 88, 43, 4, 27] : 213.2426838874817
59: [59, 47, 56, 96, 52] : 86.74397850036621
34: [34, 97, 38, 64, 3] : 224.65733313560486
71: [71, 30, 95, 60, 72] : 182.915048122406
88: [88, 42, 43, 80, 64] : 205.12231612205505
62: [54, 14, 70, 75, 50] : 205.0007677078247
42: [97, 80, 38, 34, 43] : 205.38689947128296
9: [9, 53, 84, 10, 28] : 119.69289803504944
9: [9, 78, 10, 28, 99] : 154.9969618320465
65: [65, 72, 55, 4, 75] : 201.22483801841736
50: [44, 74, 4, 65, 78] : 201.40726137161255
87: [87, 86, 39, 17, 29] : 143.31423091888428
12: [12, 71, 60, 53, 68] : 118.31620812416077
99: [99, 78, 83, 29, 44] : 204.2246081829071
88: [88, 65, 38, 34, 43] : 213.33902311325073
57: [57, 10, 0, 53, 61] : 109.2962098121643
43: [43, 88, 42, 4, 97] : 201.53384804725647
48: [48, 7, 8, 69, 41] : 225.13532519340515
49: [60, 49, 76, 23, 7] : 131.5290379524231
73: [73, 30, 95, 67, 32] : 175.0464277267456
49: [49, 60, 33, 23, 52] : 122.53433442115784
56: [56, 71, 59, 49, 17] : 96.24279022216797
21: [21, 27, 78, 29, 44] : 205.53105759620667
46: [46, 11, 98, 35, 86] : 159.37800860404968
73: [73, 91, 30, 32, 67] : 163.3719162940979
77: [74, 4, 99, 77, 24] : 201.42957854270935
85: [85, 41, 27, 89, 69] : 200.10775899887085
32: [6, 44, 77, 78, 24] : 204.50537419319153
27: [27, 44, 78, 74, 93] : 214.41559100151062
20: [20, 25, 84, 5, 37] : 132.8518204689026
38: [38, 80, 65, 4, 55] : 193.87650299072266
96: [60, 33, 52, 59, 96] : 171.33793187141418
77: [77, 79, 24, 7, 99] : 205.3606996536255
54: [54, 14, 70, 6, 47] : 131.6208689212799
29: [29, 4, 43, 34, 66] : 224.92402482032776
65: [50, 23, 75, 4, 80] : 193.17773914337158
84: [99, 77, 61, 18, 60] : 155.2801206111908
85: [27, 17, 20, 44, 78] : 214.75122451782227
0: [0, 57, 53, 28, 83] : 99.95748949050903
10: [10, 28, 53, 9, 51] : 135.31334972381592
28: [20, 40, 84, 5, 87] : 197.1690855026245
34: [80, 4, 34, 65, 74] : 193.46182775497437
70: [70, 62, 14, 7, 18] : 134.19760131835938
90: [90, 85, 31, 42, 15] : 193.28715014457703
59: [59, 52, 47, 96, 60] : 95.91495251655579
50: [50, 64, 65, 36, 74] : 205.23416423797607
89: [89, 41, 85, 58, 90] : 184.10959100723267
87: [86, 87, 94, 0, 22] : 109.01520228385925
39: [39, 5, 25, 86, 69] : 119.65725827217102
9: [9, 25, 84, 16, 28] : 168.63530921936035
77: [32, 91, 78, 67, 44] : 201.21037125587463
37: [37, 17, 96, 14, 70] : 155.05353474617004
45: [32, 44, 91, 4, 67] : 213.0036108493805
10: [70, 92, 61, 10, 51] : 109.29315686225891
51: [51, 4, 99, 42, 74] : 180.2770276069641
40: [40, 56, 52, 9, 86] : 135.34281539916992
71: [71, 26, 45, 93, 72] : 201.10740995407104
30: [30, 95, 97, 55, 75] : 197.319411277771
37: [37, 17, 53, 60, 47] : 95.99704957008362
69: [69, 76, 17, 59, 9] : 176.12510776519775
75: [97, 34, 31, 65, 77] : 182.84654593467712
87: [87, 71, 49, 17, 60] : 135.5576913356781
30: [30, 91, 95, 44, 38] : 204.99086833000183
92: [92, 70, 51, 14, 18] : 131.38954710960388
48: [48, 41, 20, 58, 73] : 159.26213002204895
0: [0, 53, 57, 83, 10] : 109.19288158416748
49: [49, 15, 95, 38, 97] : 161.91737127304077
46: [46, 98, 11, 86, 35] : 119.73316621780396
49: [49, 60, 33, 59, 23] : 86.67607045173645
94: [94, 86, 37, 87, 20] : 157.64037895202637
47: [47, 52, 96, 59, 33] : 86.7240560054779
72: [30, 95, 72, 75, 55] : 215.57689809799194
37: [37, 47, 17, 52, 14] : 203.02358984947205
41: [41, 86, 89, 85, 87] : 119.77666020393372
29: [4, 50, 29, 63, 80] : 214.6143834590912
50: [4, 64, 80, 74, 66] : 205.66749620437622
42: [38, 97, 43, 42, 27] : 205.22806978225708
92: [70, 92, 62, 0, 51] : 156.5034728050232
43: [27, 29, 42, 32, 60] : 213.09580183029175
83: [83, 0, 61, 53, 10] : 116.90615105628967
25: [20, 25, 5, 84, 17] : 143.13842844963074
7: [7, 24, 6, 99, 79] : 204.9579529762268
69: [69, 76, 85, 23, 12] : 111.70828175544739
43: [43, 42, 4, 88, 63] : 215.59303283691406
86: [9, 76, 28, 37, 46] : 99.91892337799072
13: [17, 37, 13, 81, 60] : 110.40029692649841
5: [5, 25, 20, 4, 75] : 202.44809007644653
43: [43, 42, 38, 3, 4] : 224.75820517539978
21: [21, 64, 27, 3, 74] : 228.71178221702576
40: [40, 84, 9, 16, 51] : 99.99153804779053
11: [11, 46, 35, 98, 2] : 225.00163340568542
2: [2, 11, 35, 24, 14] : 135.3564977645874
74: [4, 44, 97, 27, 78] : 181.2634310722351
30: [30, 95, 73, 72, 32] : 163.0904402732849
33: [33, 68, 49, 52, 3] : 176.38996839523315
92: [70, 92, 62, 54, 47] : 155.2127833366394
0: [0, 57, 53, 10, 83] : 120.8555326461792
22: [76, 22, 17, 61, 56] : 101.14953947067261
45: [44, 78, 99, 27, 4] : 213.18889594078064
70: [62, 70, 92, 14, 6] : 131.50010895729065
22: [22, 7, 17, 14, 51] : 216.9442539215088
74: [4, 50, 64, 80, 65] : 201.46208214759827
15: [15, 43, 38, 29, 31] : 182.74513506889343
43: [97, 43, 15, 3, 38] : 197.12722969055176
47: [96, 52, 47, 60, 59] : 86.71587085723877
72: [72, 55, 32, 45, 30] : 161.87305736541748
39: [39, 86, 94, 16, 20] : 109.27276253700256
69: [69, 95, 76, 30, 23] : 165.63110184669495
54: [54, 62, 70, 59, 82] : 131.3501272201538
9: [9, 69, 16, 40, 57] : 166.77164363861084
85: [27, 29, 52, 17, 69] : 147.2102611064911
25: [20, 25, 5, 37, 84] : 131.8177366256714
53: [53, 57, 0, 83, 70] : 143.66418886184692
2: [2, 11, 35, 69, 27] : 155.4136939048767
40: [40, 51, 29, 93, 65] : 205.13770008087158
75: [75, 65, 34, 72, 95] : 214.38497757911682
48: [48, 8, 46, 80, 35] : 207.64751482009888
31: [4, 31, 63, 80, 64] : 214.42137479782104
42: [42, 88, 43, 38, 4] : 206.6971960067749
58: [58, 69, 68, 60, 89] : 110.3498022556305
29: [29, 4, 3, 93, 34] : 214.10467433929443
78: [78, 88, 97, 42, 43] : 201.2603862285614
78: [78, 99, 42, 18, 77] : 225.15134739875793
4: [4, 80, 63, 50, 65] : 180.1104028224945
1: [1, 32, 91, 67, 73] : 135.31029224395752
49: [49, 95, 30, 73, 97] : 174.95899844169617
21: [21, 31, 3, 97, 29] : 163.03491473197937
68: [49, 60, 71, 12, 97] : 183.92939472198486
91: [1, 91, 32, 73, 26] : 193.38237690925598
44: [44, 80, 99, 64, 50] : 214.41231298446655
13: [13, 81, 58, 89, 90] : 155.0861463546753
64: [74, 80, 44, 4, 78] : 212.85840845108032
48: [48, 89, 8, 58, 85] : 145.96249651908875
71: [71, 60, 12, 17, 49] : 96.12949824333191
76: [76, 17, 49, 60, 69] : 86.9131441116333
71: [71, 60, 12, 23, 76] : 143.57624697685242
49: [49, 76, 59, 17, 47] : 122.44753813743591
6: [6, 7, 77, 79, 63] : 201.08858060836792
67: [4, 88, 27, 78, 52] : 189.17132568359375
42: [42, 88, 3, 97, 21] : 213.35872721672058
59: [56, 52, 33, 59, 96] : 86.87048673629761
44: [78, 99, 44, 74, 32] : 193.2335820198059
36: [36, 50, 4, 65, 74] : 205.22206807136536
28: [28, 10, 51, 57, 70] : 107.91191792488098
97: [97, 88, 34, 38, 43] : 212.9315686225891
44: [78, 44, 27, 74, 42] : 217.31631445884705
9: [40, 57, 53, 99, 6] : 205.38251852989197
24: [24, 7, 6, 99, 18] : 204.9493761062622
42: [42, 43, 4, 80, 63] : 218.3398551940918
67: [2, 31, 97, 34, 3] : 202.61978936195374
72: [4, 55, 63, 72, 80] : 193.2478997707367
70: [70, 6, 92, 14, 62] : 131.32316088676453
2: [2, 11, 57, 28, 46] : 99.81292295455933
57: [57, 53, 77, 83, 14] : 135.3066704273224
58: [58, 37, 29, 68, 69] : 224.7070505619049
70: [70, 18, 14, 0, 92] : 131.72931385040283
69: [85, 89, 58, 69, 29] : 185.69425129890442
54: [54, 14, 18, 6, 7] : 143.2398476600647
81: [13, 81, 90, 87, 94] : 127.44484806060791
90: [90, 81, 13, 89, 41] : 119.72567081451416
15: [15, 29, 43, 44, 67] : 193.27893114089966
82: [82, 62, 92, 53, 6] : 189.63351130485535
89: [89, 85, 17, 41, 69] : 146.12145924568176
31: [31, 15, 43, 21, 4] : 212.8023602962494
17: [85, 17, 27, 20, 5] : 168.31281995773315
4: [4, 63, 50, 80, 74] : 205.09732389450073
16: [16, 28, 9, 10, 78] : 133.9847869873047
5: [5, 25, 20, 84, 6] : 160.4091808795929
24: [24, 7, 45, 79, 99] : 214.45449113845825
35: [11, 2, 96, 35, 37] : 127.40701746940613
7: [7, 99, 53, 18, 83] : 204.81493854522705
62: [62, 92, 53, 70, 6] : 189.35354900360107
73: [30, 73, 91, 1, 67] : 204.8773171901703
74: [4, 74, 80, 63, 50] : 212.89728784561157
71: [71, 95, 30, 49, 3] : 161.65012669563293
6: [6, 7, 26, 24, 45] : 213.00368571281433
13: [13, 58, 81, 90, 47] : 153.76048707962036
46: [46, 11, 98, 35, 86] : 159.281400680542
23: [71, 23, 60, 76, 17] : 88.1753740310669
91: [1, 91, 32, 73, 67] : 215.42512488365173
72: [80, 4, 50, 77, 64] : 189.11569452285767
31: [31, 15, 43, 3, 97] : 194.71894526481628
72: [72, 4, 80, 65, 75] : 205.01922798156738
47: [47, 96, 52, 33, 51] : 86.79628801345825
96: [52, 59, 96, 47, 56] : 171.06640148162842
14: [14, 99, 24, 50, 7] : 205.0791039466858
34: [43, 88, 34, 97, 42] : 193.4277138710022
50: [50, 64, 36, 80, 3] : 205.32995653152466
39: [39, 86, 76, 94, 61] : 109.36777544021606
59: [80, 97, 65, 59, 75] : 193.38878917694092
48: [48, 8, 86, 69, 87] : 119.48620772361755
97: [97, 34, 64, 66, 50] : 205.22202849388123
13: [13, 81, 60, 69, 58] : 136.77864599227905
50: [38, 74, 80, 4, 34] : 212.8348307609558
49: [49, 60, 59, 63, 44] : 180.209885597229
61: [61, 10, 22, 89, 52] : 119.76469326019287
23: [59, 14, 57, 29, 27] : 123.51205277442932
44: [15, 29, 99, 88, 44] : 212.78493738174438
1: [1, 30, 91, 45, 27] : 205.2581765651703
27: [97, 3, 88, 38, 31] : 171.0530776977539
57: [0, 82, 57, 70, 62] : 135.3655309677124
14: [14, 7, 18, 75, 64] : 201.20109629631042
24: [24, 7, 45, 99, 18] : 224.8137285709381
12: [60, 7, 14, 44, 79] : 131.32200050354004
5: [5, 20, 93, 29, 69] : 135.3216519355774
2: [2, 11, 46, 35, 23] : 110.64865374565125
83: [83, 57, 53, 0, 25] : 100.29362058639526
48: [48, 8, 41, 11, 60] : 213.25686931610107
27: [27, 29, 67, 73, 4] : 181.37144351005554
43: [43, 4, 42, 88, 80] : 224.8726921081543
41: [41, 89, 48, 58, 8] : 119.60543084144592
56: [52, 96, 29, 47, 59] : 122.33035731315613
72: [97, 72, 43, 31, 38] : 193.15702033042908
94: [94, 52, 17, 76, 96] : 135.3420991897583
97: [97, 34, 4, 38, 74] : 193.15774583816528
43: [43, 88, 42, 97, 4] : 193.45873641967773
77: [53, 57, 77, 51, 0] : 189.3855218887329
93: [93, 29, 30, 95, 67] : 203.75242519378662
79: [75, 79, 63, 80, 50] : 181.55317640304565
84: [84, 20, 40, 60, 28] : 117.02885222434998
35: [35, 11, 98, 2, 5] : 183.92084550857544
81: [81, 13, 90, 31, 27] : 232.81207013130188
86: [86, 85, 39, 89, 87] : 150.13674116134644
11: [11, 46, 98, 7, 14] : 155.10287714004517
75: [75, 42, 34, 97, 21] : 201.02119660377502
64: [38, 80, 64, 97, 3] : 201.25079774856567
8: [8, 48, 60, 41, 89] : 144.54997515678406
49: [97, 49, 95, 30, 42] : 163.068514585495
16: [69, 9, 97, 44, 75] : 206.71490669250488
59: [96, 52, 42, 31, 88] : 181.34984302520752
45: [99, 75, 50, 4, 80] : 228.59190464019775
24: [24, 7, 99, 45, 63] : 205.28610634803772
34: [97, 34, 38, 75, 29] : 189.404310464859
80: [80, 4, 44, 64, 42] : 214.31412982940674
8: [8, 48, 13, 46, 11] : 203.85140228271484
68: [68, 60, 13, 48, 8] : 144.56094026565552
3: [3, 4, 42, 97, 55] : 201.0526282787323
92: [70, 6, 14, 62, 92] : 143.5924346446991
57: [51, 65, 57, 4, 38] : 189.1859269142151
82: [82, 62, 87, 53, 0] : 110.34363269805908
92: [92, 18, 14, 7, 6] : 143.3320984840393
24: [24, 6, 99, 45, 7] : 205.2345736026764
32: [1, 32, 91, 67, 95] : 174.821186542511
76: [17, 1, 76, 14, 69] : 143.22944927215576
32: [9, 2, 28, 86, 45] : 144.7419092655182
46: [46, 11, 98, 94, 35] : 127.54909539222717
26: [45, 26, 99, 79, 78] : 204.98645186424255
62: [62, 70, 53, 82, 77] : 143.26662945747375
23: [23, 76, 49, 60, 59] : 88.21306204795837
63: [4, 80, 63, 97, 38] : 193.44848084449768
51: [51, 99, 62, 70, 92] : 212.73576140403748
70: [70, 62, 6, 18, 14] : 143.18529176712036
25: [25, 20, 85, 41, 87] : 119.75840783119202
80: [80, 4, 63, 65, 64] : 193.75748491287231
36: [36, 50, 65, 64, 4] : 205.27250623703003
61: [80, 4, 52, 66, 42] : 201.29676270484924
15: [15, 29, 27, 97, 38] : 205.04750418663025
38: [38, 64, 80, 34, 74] : 204.96626162528992
1: [1, 91, 32, 53, 63] : 201.10606837272644
34: [34, 97, 88, 42, 64] : 205.14108872413635
67: [32, 93, 65, 97, 38] : 181.64349389076233
86: [86, 22, 40, 39, 69] : 119.73114013671875
64: [36, 65, 74, 97, 57] : 181.39929747581482
24: [24, 7, 77, 99, 93] : 205.10263800621033
82: [82, 6, 14, 62, 70] : 146.02733755111694
5: [5, 20, 84, 94, 25] : 156.34633255004883
76: [76, 39, 86, 87, 85] : 110.35233759880066
13: [13, 58, 60, 69, 7] : 153.78311204910278
61: [65, 72, 97, 38, 34] : 193.34167504310608
50: [43, 97, 50, 4, 3] : 189.08176350593567
70: [47, 96, 70, 52, 56] : 133.94270873069763
98: [35, 98, 11, 2, 46] : 123.62549209594727
20: [20, 25, 84, 17, 86] : 123.60212850570679
97: [97, 38, 88, 42, 27] : 206.2064516544342
60: [60, 0, 94, 53, 20] : 122.1247398853302
14: [14, 18, 67, 64, 50] : 224.96564984321594
27: [27, 73, 65, 4, 44] : 212.95920324325562
87: [87, 25, 20, 5, 23] : 139.29923844337463
60: [60, 49, 17, 23, 71] : 110.57793641090393
44: [44, 27, 29, 78, 1] : 205.07955408096313
8: [8, 48, 41, 89, 35] : 212.7833867073059
95: [95, 30, 72, 55, 69] : 193.34847927093506
82: [82, 62, 6, 14, 70] : 201.11969709396362
51: [44, 4, 51, 27, 32] : 201.0078682899475
8: [60, 44, 69, 11, 46] : 193.33890581130981
41: [41, 89, 60, 75, 64] : 203.5517861843109
3: [3, 38, 43, 97, 88] : 178.5702199935913
67: [67, 32, 23, 2, 65] : 197.03581881523132
50: [80, 64, 38, 4, 34] : 202.2369647026062
9: [53, 22, 87, 67, 86] : 156.25763702392578
70: [70, 62, 92, 18, 6] : 143.22350120544434
80: [80, 74, 44, 65, 97] : 193.1999487876892
82: [82, 70, 52, 47, 96] : 122.1209888458252
84: [84, 20, 37, 5, 60] : 204.84095096588135
63: [74, 4, 44, 7, 18] : 214.25870656967163
60: [71, 60, 49, 12, 23] : 122.12141847610474
80: [80, 4, 34, 75, 64] : 181.16691088676453
56: [56, 71, 59, 96, 52] : 143.19727158546448
25: [5, 25, 20, 94, 37] : 168.2285511493683
74: [4, 50, 74, 63, 80] : 200.87652802467346
38: [38, 15, 43, 31, 97] : 186.47827863693237
52: [96, 52, 47, 33, 49] : 131.68170976638794
93: [93, 4, 7, 72, 27] : 192.31783246994019
29: [29, 27, 44, 38, 74] : 201.09815645217896
2: [53, 0, 57, 77, 83] : 143.26129245758057
44: [44, 78, 27, 65, 93] : 215.62785625457764
79: [44, 27, 4, 78, 64] : 189.17176938056946
11: [11, 35, 98, 46, 2] : 217.98516631126404
26: [23, 75, 50, 51, 70] : 185.23584532737732
95: [95, 30, 73, 91, 1] : 186.47272300720215
31: [97, 31, 38, 88, 33] : 193.0278673171997
88: [88, 34, 29, 3, 97] : 193.10277128219604
2: [2, 11, 35, 7, 99] : 155.02645540237427
37: [37, 17, 52, 47, 56] : 143.1412205696106
68: [68, 60, 49, 58, 12] : 185.13495755195618
66: [66, 88, 4, 97, 34] : 193.02801966667175
95: [50, 23, 43, 75, 66] : 185.12024903297424
91: [91, 1, 32, 67, 73] : 196.98099899291992
40: [99, 78, 80, 69, 53] : 204.8208315372467
18: [80, 44, 4, 75, 50] : 204.89658617973328
19: [19, 31, 3, 38, 75] : 223.29523134231567
77: [77, 7, 6, 57, 99] : 189.0923297405243
18: [56, 14, 7, 44, 59] : 212.75335240364075
25: [20, 25, 5, 84, 41] : 127.46509146690369
30: [30, 95, 1, 29, 72] : 201.0143542289734
38: [38, 97, 34, 43, 3] : 193.00096249580383
77: [99, 18, 7, 74, 6] : 204.92047715187073
71: [71, 73, 12, 60, 91] : 135.27874159812927
1: [91, 32, 1, 45, 29] : 174.62662982940674
28: [10, 28, 61, 84, 40] : 194.3242700099945
32: [23, 51, 70, 10, 43] : 185.21329593658447
4: [4, 55, 72, 95, 32] : 189.2203767299652
76: [76, 44, 95, 24, 75] : 202.4462924003601
90: [90, 89, 13, 60, 37] : 220.62249445915222
14: [14, 18, 99, 82, 77] : 135.26053142547607
25: [20, 94, 25, 5, 84] : 156.29920077323914
70: [70, 53, 57, 77, 0] : 147.08175897598267
17: [17, 96, 4, 37, 12] : 202.43529391288757
95: [75, 4, 55, 72, 80] : 205.1620626449585
75: [63, 75, 4, 74, 55] : 189.17827343940735
6: [88, 97, 65, 78, 70] : 193.17072463035583
86: [86, 87, 16, 39, 9] : 119.75171422958374
94: [94, 37, 76, 17, 69] : 113.0403962135315
28: [10, 28, 40, 16, 20] : 99.83657121658325
73: [73, 30, 91, 95, 32] : 162.87482452392578
36: [4, 74, 50, 63, 3] : 185.28670358657837
18: [99, 18, 57, 32, 27] : 205.07211208343506
10: [28, 10, 84, 9, 16] : 119.61203336715698
34: [34, 97, 38, 3, 42] : 189.1672921180725
1: [1, 32, 91, 67, 29] : 212.9691596031189
64: [64, 4, 50, 74, 75] : 211.7254822254181
28: [10, 28, 61, 84, 53] : 131.3980255126953
82: [82, 70, 62, 23, 69] : 147.13900351524353
96: [96, 60, 59, 7, 14] : 181.41115188598633
59: [56, 59, 52, 47, 96] : 95.9504611492157
67: [17, 29, 31, 97, 76] : 193.04764318466187
15: [15, 19, 3, 29, 49] : 196.98338723182678
27: [27, 29, 44, 93, 78] : 189.2655930519104
99: [78, 99, 86, 44, 4] : 216.75532150268555
72: [31, 27, 3, 38, 93] : 174.6304647922516
6: [6, 27, 44, 29, 78] : 186.5461027622223
62: [62, 51, 75, 18, 99] : 189.1645486354828
37: [37, 17, 76, 86, 12] : 119.50801134109497
31: [31, 29, 21, 38, 63] : 200.94698643684387
45: [45, 26, 83, 62, 70] : 178.8355040550232
58: [58, 89, 41, 85, 13] : 118.29820227622986
97: [97, 34, 38, 3, 43] : 201.23163890838623
25: [20, 25, 5, 94, 84] : 120.85908961296082
25: [25, 20, 5, 40, 87] : 160.33071780204773
69: [17, 69, 38, 76, 12] : 157.94265127182007
21: [21, 15, 38, 42, 6] : 182.8766598701477
19: [19, 97, 38, 15, 34] : 201.09114146232605
20: [20, 25, 5, 84, 10] : 135.3011281490326
27: [4, 66, 75, 27, 80] : 201.1800308227539
45: [45, 67, 18, 7, 29] : 147.7214002609253
65: [65, 97, 3, 21, 88] : 215.01272320747375
64: [50, 64, 74, 4, 36] : 201.40611052513123
12: [60, 12, 17, 69, 76] : 204.02965021133423
50: [5, 20, 25, 27, 44] : 197.35996627807617
61: [10, 99, 61, 78, 51] : 143.2595672607422
25: [25, 20, 5, 7, 94] : 144.55611419677734
0: [0, 57, 53, 83, 52] : 119.72924852371216
71: [71, 12, 60, 49, 68] : 110.49084281921387
13: [13, 81, 90, 68, 58] : 119.74500894546509
3: [3, 65, 75, 63, 97] : 212.90011858940125
80: [80, 65, 4, 32, 38] : 181.34889674186707
2: [2, 4, 64, 63, 50] : 193.37020182609558
2: [2, 35, 11, 0, 57] : 135.4457631111145
91: [91, 32, 1, 65, 73] : 135.39962100982666
18: [78, 99, 63, 44, 74] : 201.23000979423523
20: [20, 5, 84, 25, 39] : 117.09981966018677
6: [6, 7, 18, 99, 24] : 207.7198395729065
38: [4, 63, 80, 74, 64] : 189.16816997528076
59: [59, 52, 47, 96, 70] : 134.0356366634369
46: [85, 13, 46, 48, 69] : 186.8309681415558
2: [5, 25, 20, 84, 37] : 193.2617039680481
64: [64, 75, 97, 3, 50] : 232.54207181930542
77: [77, 4, 99, 24, 18] : 205.25828337669373
21: [21, 29, 42, 4, 80] : 205.09142303466797
98: [98, 35, 37, 57, 17] : 99.90872740745544
58: [47, 58, 59, 37, 60] : 145.79085516929626
54: [54, 92, 70, 14, 82] : 131.5301594734192
25: [25, 5, 20, 84, 37] : 147.24737453460693
98: [35, 98, 46, 7, 24] : 156.4855055809021
64: [96, 59, 52, 47, 44] : 189.24435019493103
12: [12, 17, 60, 90, 68] : 144.54754376411438
20: [20, 25, 5, 94, 84] : 119.75402331352234
2: [2, 50, 26, 21, 57] : 193.27747917175293
65: [50, 65, 93, 78, 64] : 197.03392243385315
4: [4, 99, 44, 78, 80] : 189.0544466972351
23: [23, 60, 76, 49, 69] : 95.85437250137329
72: [72, 4, 55, 75, 29] : 193.0835747718811
40: [20, 99, 69, 9, 29] : 156.69263339042664
91: [32, 91, 82, 27, 29] : 131.66891813278198
80: [80, 47, 96, 52, 78] : 194.54583525657654
99: [99, 32, 18, 67, 44] : 213.49239325523376
24: [24, 7, 79, 57, 18] : 156.46166062355042
41: [41, 85, 86, 27, 48] : 194.5920650959015
45: [27, 4, 63, 50, 66] : 193.6608645915985
17: [17, 60, 37, 76, 85] : 106.59821248054504
60: [23, 47, 60, 51, 69] : 86.67255210876465
61: [61, 99, 78, 29, 10] : 214.21286988258362
86: [86, 39, 87, 85, 17] : 119.86622786521912
0: [0, 53, 57, 83, 10] : 100.01220512390137
53: [53, 57, 83, 82, 70] : 134.12107110023499
0: [0, 57, 83, 53, 10] : 131.34704613685608
82: [82, 62, 6, 53, 18] : 189.41579675674438
42: [42, 27, 43, 29, 88] : 201.37759923934937
74: [99, 7, 18, 77, 74] : 212.87875390052795
53: [70, 57, 53, 10, 7] : 155.2146875858307
96: [47, 96, 52, 59, 14] : 201.42204451560974
count (test images): 625
Mean per class acc: 66.51%
Mean inference time: 170.40 sec
Top 1 acc: 67.52%
Top 3 acc: 81.92%
Top 2 acc: 77.12%
Top 5 acc: 84.96%
