49: [49, 72, 95, 15, 88] : 95.87175512313843
92: [92, 14, 18, 57, 70] : 91.51427507400513
41: [41, 6, 67, 18, 43] : 121.75360012054443
75: [97, 99, 59, 42, 88] : 106.1249258518219
7: [7, 99, 6, 77, 14] : 115.89860320091248
71: [71, 60, 49, 33, 53] : 58.24850535392761
50: [4, 74, 63, 50, 64] : 110.10338282585144
27: [27, 38, 42, 55, 95] : 106.05719089508057
70: [70, 53, 92, 18, 62] : 85.80682706832886
24: [24, 63, 4, 80, 66] : 119.74731540679932
36: [36, 50, 64, 80, 65] : 121.71471118927002
32: [57, 72, 93, 95, 29] : 120.97219586372375
45: [45, 26, 99, 29, 78] : 120.43165135383606
80: [80, 4, 75, 64, 55] : 110.17716646194458
12: [12, 76, 68, 17, 86] : 71.0939507484436
23: [23, 76, 49, 60, 56] : 62.72773575782776
58: [97, 88, 34, 42, 43] : 111.97220039367676
96: [96, 52, 59, 47, 60] : 58.22633099555969
42: [42, 43, 4, 88, 63] : 110.09811186790466
86: [78, 99, 83, 50, 63] : 121.04964709281921
37: [17, 66, 80, 63, 50] : 115.54226303100586
45: [45, 29, 4, 26, 74] : 113.60569620132446
37: [37, 17, 47, 52, 81] : 67.62785911560059
90: [60, 18, 7, 3, 42] : 109.75429916381836
69: [69, 17, 85, 76, 59] : 73.6957015991211
40: [38, 43, 42, 88, 24] : 105.87666153907776
27: [80, 29, 50, 64, 4] : 116.11694669723511
18: [99, 24, 67, 50, 80] : 116.06557393074036
55: [29, 4, 75, 66, 80] : 116.02123999595642
54: [70, 92, 62, 54, 83] : 68.56495237350464
37: [37, 17, 40, 22, 23] : 58.87469959259033
36: [65, 38, 4, 77, 75] : 113.74872255325317
35: [35, 11, 73, 67, 91] : 97.06815814971924
37: [37, 17, 52, 76, 69] : 60.61837410926819
27: [97, 27, 72, 59, 23] : 109.45492386817932
73: [73, 30, 4, 80, 50] : 103.05604553222656
65: [65, 80, 50, 4, 36] : 103.7402856349945
91: [91, 1, 73, 32, 67] : 118.45698976516724
64: [64, 80, 50, 97, 63] : 115.26860404014587
17: [17, 60, 37, 52, 82] : 62.38328814506531
41: [69, 49, 6, 19, 53] : 104.37063074111938
19: [19, 43, 63, 75, 50] : 114.52838706970215
83: [83, 0, 57, 53, 9] : 86.58922934532166
37: [37, 47, 5, 23, 14] : 81.52459764480591
65: [38, 80, 64, 75, 4] : 103.78631520271301
97: [97, 64, 50, 75, 66] : 115.23609137535095
95: [95, 30, 72, 71, 69] : 104.37845873832703
48: [48, 41, 89, 8, 58] : 92.29011964797974
54: [14, 6, 54, 18, 7] : 85.36590790748596
86: [86, 94, 9, 39, 81] : 73.90353059768677
86: [86, 87, 39, 5, 25] : 96.85569357872009
6: [6, 82, 47, 63, 75] : 113.4061644077301
85: [85, 4, 80, 63, 75] : 124.14147162437439
53: [53, 57, 0, 99, 51] : 75.74501442909241
9: [9, 10, 84, 16, 28] : 79.63046002388
20: [20, 25, 84, 5, 60] : 77.73991060256958
99: [99, 78, 18, 44, 32] : 81.55993509292603
8: [8, 48, 4, 80, 50] : 114.61200618743896
14: [14, 7, 18, 79, 24] : 115.20607376098633
23: [33, 59, 60, 49, 62] : 57.905747175216675
74: [80, 50, 65, 4, 64] : 113.28014755249023
82: [82, 14, 54, 80, 50] : 115.30595874786377
15: [15, 29, 27, 3, 31] : 115.30416011810303
30: [30, 95, 72, 55, 34] : 98.66939878463745
71: [76, 12, 17, 68, 87] : 64.26860570907593
28: [28, 10, 57, 16, 40] : 64.26591110229492
81: [81, 90, 37, 47, 13] : 73.18656253814697
26: [70, 6, 82, 62, 80] : 113.38790440559387
96: [60, 52, 96, 47, 0] : 79.65144681930542
76: [76, 7, 6, 14, 31] : 105.7660813331604
21: [21, 63, 4, 75, 50] : 115.21427774429321
0: [0, 57, 53, 18, 7] : 79.5499792098999
2: [2, 11, 35, 65, 75] : 105.67489719390869
46: [46, 98, 11, 67, 14] : 102.55169701576233
15: [15, 29, 80, 4, 63] : 108.984055519104
43: [43, 4, 3, 88, 63] : 115.38103580474854
19: [97, 19, 50, 4, 66] : 114.0369656085968
88: [88, 43, 42, 4, 80] : 120.99865913391113
88: [97, 80, 75, 63, 64] : 113.3109302520752
39: [39, 32, 91, 7, 18] : 87.24600338935852
28: [28, 16, 84, 61, 9] : 81.51337885856628
17: [17, 49, 60, 51, 33] : 81.51617741584778
4: [4, 80, 64, 63, 55] : 113.32181692123413
42: [75, 4, 74, 55, 99] : 119.6491129398346
53: [53, 57, 0, 99, 83] : 87.18051505088806
47: [47, 52, 96, 59, 23] : 57.893826961517334
43: [43, 4, 3, 38, 15] : 118.42409324645996
81: [37, 17, 86, 12, 87] : 73.85416030883789
8: [8, 41, 89, 33, 96] : 105.00734400749207
47: [60, 80, 50, 66, 75] : 114.57371640205383
19: [19, 15, 38, 3, 4] : 109.51805186271667
62: [62, 70, 75, 50, 63] : 113.35516357421875
70: [70, 62, 92, 18, 14] : 79.57808327674866
87: [87, 20, 86, 22, 94] : 85.91695141792297
92: [14, 1, 6, 18, 32] : 110.05736017227173
55: [80, 4, 63, 64, 55] : 113.33640956878662
62: [62, 47, 82, 92, 70] : 62.39788866043091
17: [17, 60, 85, 69, 37] : 114.58270812034607
58: [58, 69, 85, 13, 89] : 86.5112419128418
64: [80, 64, 50, 74, 36] : 115.132483959198
60: [60, 49, 19, 97, 38] : 94.7728865146637
13: [13, 81, 89, 58, 60] : 73.21189975738525
65: [65, 50, 36, 64, 63] : 105.06594824790955
24: [24, 7, 74, 6, 18] : 115.2559928894043
12: [76, 17, 12, 96, 52] : 73.20143413543701
10: [10, 28, 53, 84, 61] : 64.25668835639954
10: [10, 61, 28, 22, 20] : 96.73029780387878
83: [99, 53, 63, 29, 4] : 120.2886950969696
27: [99, 44, 50, 75, 64] : 115.22937893867493
73: [73, 91, 1, 30, 67] : 104.36842441558838
51: [4, 63, 93, 75, 50] : 118.96936202049255
17: [17, 7, 72, 15, 6] : 110.02386522293091
20: [25, 20, 5, 87, 75] : 115.74050450325012
86: [85, 87, 17, 39, 90] : 70.00140619277954
70: [70, 62, 92, 54, 96] : 62.37996482849121
49: [49, 60, 76, 59, 53] : 62.37662959098816
56: [56, 59, 52, 96, 47] : 62.374956369400024
43: [43, 42, 88, 3, 4] : 120.900719165802
28: [28, 40, 16, 10, 84] : 64.23371434211731
17: [17, 6, 14, 53, 37] : 81.41400337219238
74: [4, 75, 74, 64, 63] : 115.2061538696289
46: [11, 38, 19, 3, 15] : 104.49592065811157
63: [97, 4, 66, 63, 80] : 115.3411693572998
41: [41, 99, 67, 18, 7] : 117.91848301887512
78: [78, 31, 80, 4, 63] : 119.16088223457336
92: [92, 70, 83, 82, 53] : 68.82413029670715
36: [36, 50, 65, 64, 80] : 109.66824722290039
59: [52, 59, 96, 47, 56] : 58.032455921173096
4: [4, 80, 63, 43, 50] : 113.49722290039062
97: [97, 80, 4, 75, 64] : 109.60381841659546
29: [29, 27, 50, 63, 80] : 113.38011336326599
87: [86, 87, 40, 22, 9] : 81.54090070724487
63: [63, 80, 82, 75, 4] : 103.29406690597534
27: [80, 4, 66, 97, 63] : 113.53712248802185
89: [89, 41, 85, 7, 18] : 105.86771011352539
43: [43, 97, 38, 42, 3] : 120.48200154304504
10: [10, 28, 61, 9, 20] : 64.37223148345947
54: [14, 18, 24, 91, 7] : 106.49444341659546
73: [14, 44, 99, 75, 50] : 119.3220329284668
19: [97, 34, 19, 75, 63] : 115.4832272529602
41: [4, 75, 45, 78, 63] : 113.51515913009644
27: [44, 27, 67, 32, 80] : 113.49929428100586
14: [14, 50, 80, 63, 66] : 119.23751091957092
96: [96, 52, 47, 17, 59] : 71.46318578720093
76: [15, 88, 31, 38, 97] : 98.91738772392273
12: [17, 12, 60, 71, 76] : 80.38489031791687
34: [34, 97, 38, 75, 80] : 120.5329978466034
50: [74, 4, 50, 32, 65] : 115.42097234725952
25: [25, 20, 5, 87, 84] : 91.15020966529846
51: [80, 4, 63, 74, 50] : 119.97532939910889
70: [70, 62, 92, 96, 54] : 58.7120795249939
50: [50, 4, 74, 64, 63] : 113.60977506637573
94: [94, 5, 84, 22, 40] : 68.91604495048523
30: [30, 73, 1, 95, 91] : 100.76565337181091
3: [3, 4, 63, 75, 21] : 119.26363921165466
55: [4, 55, 65, 29, 3] : 115.50879240036011
81: [13, 81, 89, 47, 96] : 86.18764472007751
0: [57, 0, 53, 18, 6] : 86.17708659172058
64: [63, 64, 75, 66, 3] : 113.5424861907959
34: [63, 34, 4, 80, 64] : 119.24936819076538
92: [62, 70, 51, 92, 53] : 62.4898738861084
20: [25, 20, 5, 84, 94] : 68.85163235664368
73: [73, 30, 95, 67, 45] : 94.9940984249115
11: [11, 35, 2, 85, 3] : 110.29316306114197
89: [42, 88, 15, 97, 43] : 100.06878232955933
50: [50, 65, 80, 31, 27] : 119.83870506286621
10: [29, 1, 77, 73, 53] : 75.84958386421204
52: [52, 59, 96, 47, 60] : 58.63690447807312
91: [91, 1, 32, 67, 4] : 115.32080507278442
63: [65, 38, 4, 63, 80] : 103.19872617721558
4: [4, 55, 27, 32, 72] : 115.2859799861908
78: [78, 99, 18, 83, 57] : 119.80445218086243
53: [53, 96, 61, 60, 52] : 68.16063094139099
38: [80, 38, 64, 4, 66] : 113.46799182891846
6: [6, 14, 63, 50, 80] : 115.35162210464478
47: [96, 52, 47, 14, 6] : 85.42558407783508
84: [24, 1, 7, 14, 6] : 91.80236673355103
13: [13, 60, 90, 89, 49] : 67.5812668800354
5: [20, 5, 84, 25, 12] : 88.59093618392944
21: [21, 64, 63, 66, 80] : 131.24501848220825
70: [70, 6, 18, 62, 60] : 79.61410617828369
70: [70, 92, 62, 18, 6] : 85.9918475151062
27: [27, 4, 80, 64, 75] : 113.41281938552856
