49: [72, 95, 30, 88, 42] : 95.20792007446289
92: [92, 83, 70, 14, 53] : 87.91752624511719
41: [41, 69, 9, 90, 12] : 64.86928653717041
75: [97, 88, 42, 63, 64] : 113.69736862182617
7: [7, 99, 6, 77, 14] : 107.42932629585266
71: [71, 45, 26, 73, 59] : 84.97581076622009
50: [4, 63, 50, 64, 80] : 97.80488443374634
27: [27, 4, 38, 42, 95] : 112.42555665969849
70: [70, 53, 92, 83, 0] : 63.120628356933594
24: [63, 4, 30, 95, 72] : 101.87504887580872
36: [36, 50, 80, 64, 63] : 106.37357425689697
32: [72, 95, 50, 4, 55] : 108.9636447429657
45: [88, 97, 63, 4, 50] : 108.97490406036377
80: [80, 4, 55, 64, 42] : 108.92851138114929
12: [12, 76, 86, 20, 40] : 66.82938814163208
23: [23, 76, 49, 60, 17] : 66.78248071670532
58: [58, 85, 69, 76, 60] : 64.86137318611145
96: [96, 52, 47, 59, 60] : 66.7427294254303
42: [42, 43, 88, 97, 4] : 111.93830490112305
86: [50, 43, 63, 42, 88] : 102.46433234214783
37: [17, 37, 60, 76, 49] : 59.78861212730408
45: [45, 4, 38, 80, 42] : 99.16341948509216
37: [37, 17, 13, 85, 8] : 65.06648015975952
90: [60, 90, 52, 59, 96] : 74.36725735664368
69: [17, 31, 43, 76, 23] : 99.90510272979736
40: [38, 42, 15, 43, 88] : 94.88515067100525
27: [49, 85, 53, 23, 20] : 64.91754984855652
18: [99, 24, 50, 80, 64] : 96.04027795791626
55: [97, 42, 38, 4, 88] : 106.27520370483398
54: [70, 92, 62, 54, 47] : 66.82743978500366
37: [37, 99, 67, 77, 79] : 87.17310690879822
36: [38, 3, 4, 50, 64] : 110.73651719093323
35: [35, 98, 11, 46, 73] : 97.34572792053223
37: [37, 17, 60, 76, 40] : 66.82636785507202
27: [59, 33, 96, 23, 17] : 61.11668944358826
73: [59, 96, 56, 47, 52] : 66.82567238807678
65: [38, 80, 50, 4, 97] : 106.21805596351624
91: [91, 1, 32, 95, 30] : 114.5635621547699
64: [64, 80, 50, 97, 4] : 110.71145033836365
17: [17, 60, 37, 23, 53] : 85.8689033985138
41: [41, 89, 69, 17, 58] : 64.92106199264526
19: [19, 29, 43, 15, 34] : 99.91882467269897
83: [83, 0, 57, 53, 9] : 56.62583017349243
37: [37, 47, 96, 52, 59] : 66.83669757843018
65: [38, 80, 34, 65, 15] : 96.7295937538147
97: [97, 88, 64, 50, 38] : 116.39276790618896
95: [95, 30, 72, 38, 71] : 89.71145558357239
48: [48, 41, 8, 89, 58] : 84.6065263748169
54: [54, 70, 14, 6, 18] : 84.5448751449585
86: [86, 70, 37, 92, 57] : 61.06102776527405
86: [86, 87, 39, 84, 5] : 64.92499685287476
6: [6, 82, 88, 38, 3] : 99.30275225639343
85: [85, 41, 4, 42, 63] : 115.38992691040039
53: [53, 57, 0, 99, 43] : 101.44238948822021
9: [9, 10, 84, 61, 22] : 59.33074593544006
20: [20, 25, 84, 5, 60] : 66.95836663246155
99: [99, 78, 4, 88, 50] : 100.69650673866272
8: [8, 48, 53, 5, 60] : 64.99804949760437
14: [14, 7, 18, 79, 67] : 93.71798491477966
23: [33, 60, 51, 62, 31] : 93.74006819725037
74: [80, 50, 4, 64, 63] : 116.82438659667969
82: [82, 14, 42, 43, 87] : 93.86690902709961
15: [15, 29, 72, 88, 3] : 109.06666970252991
30: [30, 95, 72, 55, 38] : 106.47608137130737
71: [71, 60, 23, 49, 12] : 66.95529985427856
28: [28, 10, 16, 92, 70] : 61.2205708026886
81: [81, 90, 47, 52, 96] : 72.67528963088989
26: [70, 82, 6, 62, 1] : 84.84013557434082
96: [41, 52, 96, 47, 60] : 72.7211434841156
76: [76, 60, 13, 49, 12] : 66.99475240707397
21: [21, 3, 31, 43, 63] : 110.34011387825012
0: [0, 57, 53, 52, 59] : 61.237173080444336
2: [2, 11, 35, 9, 61] : 59.30979108810425
46: [46, 98, 11, 35, 61] : 65.0251202583313
15: [15, 38, 29, 43, 31] : 102.04172277450562
43: [43, 4, 88, 3, 42] : 118.04580020904541
19: [97, 19, 15, 43, 42] : 112.21374821662903
88: [88, 43, 42, 97, 4] : 108.45085430145264
88: [17, 49, 59, 52, 23] : 63.807711601257324
39: [39, 86, 25, 0, 5] : 59.275147676467896
28: [28, 16, 84, 10, 61] : 59.25046491622925
17: [17, 49, 60, 59, 96] : 84.807945728302
4: [4, 50, 55, 30, 72] : 91.81751465797424
42: [4, 55, 42, 72, 50] : 109.6609194278717
53: [53, 99, 0, 57, 6] : 84.78961896896362
47: [52, 47, 96, 59, 56] : 84.77664589881897
43: [43, 4, 3, 42, 63] : 110.3059310913086
81: [37, 17, 86, 87, 81] : 66.97595310211182
8: [8, 41, 89, 33, 68] : 65.07070589065552
47: [60, 17, 37, 13, 23] : 65.06581139564514
19: [19, 15, 38, 43, 3] : 107.7688820362091
62: [62, 70, 6, 82, 14] : 89.2917275428772
70: [70, 62, 92, 54, 47] : 66.95273923873901
87: [87, 20, 86, 22, 40] : 59.27446246147156
92: [82, 70, 62, 14, 1] : 89.29577541351318
55: [30, 80, 97, 88, 42] : 102.04407072067261
62: [62, 47, 82, 92, 70] : 84.81891655921936
17: [17, 60, 85, 37, 49] : 65.07324647903442
58: [58, 85, 69, 89, 48] : 65.05767703056335
64: [80, 64, 50, 36, 4] : 110.30391716957092
60: [60, 49, 19, 97, 31] : 103.31849551200867
13: [13, 89, 81, 58, 48] : 66.9853310585022
65: [65, 97, 50, 38, 36] : 103.3382670879364
24: [24, 7, 79, 74, 6] : 89.32384657859802
12: [76, 17, 96, 52, 12] : 68.90760564804077
10: [10, 28, 53, 84, 61] : 61.22552299499512
10: [10, 61, 28, 20, 60] : 65.03087759017944
83: [99, 53, 29, 45, 83] : 116.69876670837402
27: [99, 50, 80, 64, 38] : 107.15048360824585
73: [73, 91, 30, 1, 95] : 103.32736110687256
51: [4, 63, 55, 50, 72] : 106.52531003952026
17: [17, 60, 22, 37, 0] : 59.31089782714844
20: [25, 20, 5, 24, 14] : 69.48620653152466
86: [85, 17, 90, 87, 39] : 66.9823386669159
70: [70, 14, 62, 18, 6] : 84.85463738441467
49: [49, 60, 59, 53, 52] : 61.23387837409973
56: [56, 59, 96, 52, 47] : 74.62205624580383
43: [43, 42, 3, 88, 97] : 107.84164786338806
28: [28, 40, 16, 10, 84] : 59.3354070186615
17: [17, 53, 60, 37, 87] : 59.325095415115356
74: [55, 4, 63, 64, 97] : 111.10405921936035
46: [11, 14, 7, 96, 52] : 84.9483003616333
63: [97, 88, 42, 4, 66] : 107.98645782470703
41: [41, 99, 69, 89, 45] : 77.28864479064941
78: [31, 42, 80, 38, 21] : 104.04029440879822
92: [92, 70, 82, 56, 62] : 66.9798972606659
36: [36, 50, 65, 64, 80] : 98.87396669387817
59: [52, 59, 96, 56, 47] : 72.72846150398254
4: [4, 80, 3, 43, 42] : 111.61245965957642
97: [97, 43, 38, 42, 88] : 111.00978207588196
29: [38, 50, 63, 64, 3] : 103.98009371757507
87: [86, 87, 20, 17, 76] : 59.9587562084198
63: [56, 82, 59, 52, 96] : 84.86565446853638
27: [97, 80, 42, 88, 66] : 109.73329162597656
89: [89, 41, 85, 58, 60] : 66.94688868522644
43: [43, 97, 38, 42, 3] : 118.03366589546204
10: [10, 28, 92, 20, 82] : 61.250500202178955
54: [14, 99, 18, 92, 54] : 93.75383734703064
73: [14, 44, 29, 34, 30] : 98.85983657836914
19: [97, 34, 19, 63, 38] : 109.6928460597992
41: [78, 45, 44, 27, 29] : 89.26159429550171
27: [44, 18, 67, 32, 91] : 89.29753184318542
14: [14, 7, 32, 93, 91] : 89.28998589515686
96: [96, 52, 47, 59, 31] : 110.95997381210327
76: [76, 60, 49, 53, 57] : 71.43714737892151
12: [17, 12, 60, 53, 46] : 65.06711339950562
34: [34, 97, 38, 80, 29] : 114.79200863838196
50: [74, 4, 50, 63, 64] : 100.7931444644928
25: [25, 20, 5, 87, 84] : 66.94799447059631
51: [4, 80, 63, 50, 55] : 97.57754015922546
70: [70, 62, 92, 54, 52] : 66.99947762489319
50: [50, 4, 64, 74, 36] : 110.30221676826477
94: [94, 5, 22, 84, 17] : 59.95742177963257
30: [30, 73, 1, 95, 91] : 106.53636479377747
3: [3, 4, 21, 19, 63] : 122.42106533050537
55: [4, 55, 97, 80, 3] : 106.54130721092224
81: [13, 81, 68, 60, 53] : 65.07819080352783
0: [0, 57, 52, 47, 96] : 66.96522688865662
64: [63, 64, 3, 80, 66] : 110.97185349464417
34: [38, 42, 97, 63, 80] : 112.27932834625244
92: [62, 70, 82, 52, 47] : 66.96163249015808
20: [20, 25, 5, 84, 60] : 61.88503885269165
73: [30, 73, 95, 72, 80] : 93.11840748786926
11: [11, 35, 2, 46, 85] : 65.04052186012268
89: [42, 88, 15, 43, 97] : 110.28793144226074
50: [65, 50, 80, 27, 29] : 100.74262237548828
10: [29, 95, 93, 88, 15] : 91.1668632030487
52: [52, 96, 59, 47, 56] : 72.68282294273376
91: [91, 1, 32, 67, 95] : 107.14037466049194
63: [38, 4, 97, 3, 80] : 112.25612449645996
4: [4, 55, 72, 63, 30] : 112.2866599559784
78: [78, 99, 18, 42, 88] : 109.10353374481201
53: [53, 96, 59, 52, 82] : 66.96250224113464
38: [38, 80, 64, 4, 66] : 102.09014129638672
6: [6, 14, 18, 63, 50] : 102.09759449958801
47: [96, 52, 31, 80, 50] : 98.17583346366882
84: [50, 88, 4, 3, 63] : 99.39711236953735
13: [13, 60, 69, 90, 89] : 64.93651866912842
5: [20, 5, 84, 25, 94] : 59.17714309692383
21: [64, 4, 66, 27, 78] : 80.9157452583313
70: [70, 6, 62, 18, 14] : 84.790536403656
70: [70, 92, 62, 28, 86] : 66.97918319702148
27: [27, 30, 29, 93, 95] : 102.01736426353455
5: [84, 59, 47, 54, 70] : 66.92676329612732
5: [5, 37, 94, 20, 25] : 59.94875240325928
0: [57, 0, 53, 83, 99] : 79.09539127349854
73: [25, 5, 85, 2, 84] : 66.96138739585876
89: [57, 37, 40, 17, 61] : 59.30177879333496
7: [7, 53, 83, 18, 99] : 103.2822277545929
78: [97, 42, 38, 55, 88] : 117.94642663002014
25: [25, 20, 5, 39, 87] : 66.89496731758118
53: [53, 16, 10, 87, 28] : 56.722928047180176
25: [25, 5, 20, 84, 37] : 61.8660683631897
23: [23, 52, 59, 96, 47] : 66.9615089893341
42: [42, 88, 43, 4, 55] : 116.00205779075623
59: [23, 14, 6, 7, 67] : 77.1447958946228
34: [34, 97, 38, 64, 88] : 110.90988993644714
71: [71, 30, 95, 60, 72] : 103.18736457824707
88: [88, 42, 43, 80, 97] : 105.21823573112488
62: [54, 70, 14, 92, 62] : 93.72326469421387
42: [97, 38, 80, 43, 15] : 112.84462881088257
9: [9, 84, 10, 53, 69] : 65.06101202964783
9: [9, 10, 28, 57, 53] : 65.03576350212097
65: [72, 55, 4, 50, 80] : 106.44930243492126
50: [80, 4, 44, 74, 65] : 97.57707786560059
87: [87, 86, 39, 60, 49] : 56.773603200912476
12: [12, 71, 60, 53, 68] : 77.14308285713196
99: [99, 78, 42, 88, 4] : 109.07773733139038
88: [88, 38, 43, 80, 42] : 112.22525882720947
57: [57, 10, 53, 0, 61] : 59.29066705703735
43: [43, 88, 42, 4, 3] : 107.78106760978699
48: [48, 7, 24, 18, 73] : 82.92724585533142
49: [49, 60, 76, 23, 37] : 65.03162741661072
73: [30, 95, 73, 67, 1] : 80.99897813796997
49: [49, 52, 59, 96, 47] : 66.94396686553955
56: [56, 59, 71, 49, 60] : 74.58970999717712
21: [21, 27, 29, 78, 38] : 117.92291641235352
46: [46, 11, 98, 35, 86] : 65.07538223266602
73: [73, 30, 91, 95, 67] : 93.06709623336792
77: [4, 74, 80, 99, 78] : 87.9738438129425
85: [85, 41, 27, 42, 31] : 99.48389506340027
32: [70, 46, 94, 11, 61] : 61.21415877342224
27: [27, 42, 4, 97, 88] : 108.95578813552856
20: [20, 25, 84, 5, 37] : 66.92443323135376
38: [38, 80, 97, 55, 72] : 102.65337872505188
96: [52, 60, 59, 33, 51] : 61.18798589706421
77: [77, 80, 4, 50, 63] : 93.70483446121216
54: [54, 70, 62, 14, 47] : 84.79971051216125
29: [29, 4, 43, 42, 15] : 115.9497447013855
65: [23, 2, 62, 57, 85] : 72.62129378318787
84: [99, 77, 87, 18, 86] : 81.53179621696472
85: [88, 42, 31, 38, 15] : 99.94889402389526
0: [0, 53, 57, 92, 28] : 61.12482285499573
10: [28, 10, 92, 77, 99] : 78.98378086090088
28: [20, 40, 84, 9, 25] : 59.241042137145996
34: [80, 4, 3, 97, 63] : 96.76737785339355
70: [70, 62, 92, 82, 54] : 66.84591102600098
90: [90, 85, 69, 60, 57] : 64.98827695846558
59: [59, 52, 96, 47, 56] : 66.92436218261719
50: [50, 64, 36, 65, 80] : 100.67548990249634
89: [41, 89, 85, 58, 47] : 66.96931028366089
87: [86, 87, 94, 0, 22] : 59.32376956939697
39: [39, 25, 86, 87, 85] : 65.05816960334778
9: [9, 16, 25, 28, 84] : 59.316619634628296
77: [32, 91, 78, 1, 38] : 99.49368405342102
37: [96, 47, 52, 59, 14] : 89.29271602630615
45: [4, 30, 80, 55, 63] : 102.00459384918213
10: [70, 92, 99, 77, 45] : 84.87026977539062
51: [51, 4, 63, 80, 3] : 106.49956583976746
40: [40, 56, 52, 9, 20] : 61.83113980293274
71: [71, 26, 30, 95, 72] : 97.60436463356018
30: [30, 95, 97, 73, 67] : 100.7733085155487
37: [37, 17, 53, 60, 23] : 59.285351276397705
69: [69, 76, 17, 85, 9] : 65.00673818588257
75: [97, 80, 31, 38, 3] : 108.9930169582367
87: [87, 71, 17, 60, 12] : 72.02681088447571
30: [30, 95, 91, 38, 80] : 106.41194438934326
92: [92, 70, 96, 47, 52] : 66.96711587905884
48: [48, 86, 20, 89, 39] : 66.97766637802124
0: [0, 53, 57, 83, 10] : 56.76257872581482
49: [49, 15, 38, 97, 31] : 87.34460425376892
46: [46, 98, 11, 35, 86] : 66.97638320922852
49: [3, 42, 88, 4, 97] : 114.15181350708008
94: [94, 37, 86, 20, 9] : 59.92630481719971
47: [47, 52, 96, 59, 70] : 89.2338376045227
72: [30, 95, 72, 55, 38] : 103.9433057308197
37: [37, 47, 52, 96, 17] : 74.59190940856934
41: [41, 86, 89, 85, 13] : 66.9543731212616
29: [31, 4, 38, 63, 55] : 109.71413111686707
50: [74, 4, 38, 64, 50] : 112.19090580940247
42: [38, 97, 80, 43, 4] : 107.75203585624695
92: [92, 70, 62, 0, 54] : 66.96320867538452
43: [97, 42, 27, 55, 30] : 93.05595588684082
83: [83, 0, 61, 10, 92] : 66.94734811782837
25: [20, 25, 5, 84, 17] : 59.30136227607727
7: [7, 24, 6, 79, 45] : 98.79180598258972
69: [69, 60, 49, 76, 85] : 66.84561705589294
43: [43, 42, 88, 4, 63] : 107.61357259750366
86: [20, 94, 40, 87, 5] : 59.87748646736145
13: [17, 37, 13, 81, 73] : 78.95835471153259
5: [5, 37, 20, 99, 86] : 77.65406799316406
43: [43, 42, 38, 3, 88] : 112.10806655883789
21: [21, 4, 3, 31, 38] : 115.83619499206543
40: [40, 84, 9, 16, 53] : 66.8364474773407
11: [11, 46, 35, 2, 98] : 82.76191854476929
2: [2, 11, 35, 67, 29] : 71.26483798027039
74: [97, 42, 4, 43, 88] : 106.25739598274231
30: [30, 95, 73, 72, 97] : 87.26394581794739
33: [33, 68, 49, 52, 60] : 68.81277108192444
92: [70, 92, 62, 14, 47] : 94.89339113235474
0: [0, 57, 10, 53, 61] : 56.70796298980713
22: [76, 56, 17, 59, 61] : 79.0393271446228
45: [4, 42, 63, 31, 55] : 112.18671321868896
70: [70, 62, 92, 47, 82] : 72.6845440864563
22: [22, 7, 40, 14, 6] : 90.55047130584717
74: [4, 50, 63, 64, 80] : 112.20339846611023
15: [15, 43, 38, 31, 42] : 112.84774827957153
43: [97, 43, 15, 3, 38] : 102.01883912086487
47: [96, 52, 47, 59, 56] : 84.75102639198303
72: [72, 55, 4, 30, 95] : 104.54159927368164
39: [39, 86, 16, 9, 87] : 66.92491364479065
69: [69, 76, 17, 73, 53] : 82.85215735435486
54: [62, 70, 92, 56, 82] : 66.84837651252747
9: [9, 16, 40, 57, 28] : 61.08365201950073
85: [52, 70, 99, 56, 45] : 84.57399272918701
25: [20, 25, 5, 84, 37] : 66.7605652809143
53: [53, 0, 57, 83, 70] : 78.85950827598572
2: [2, 11, 35, 90, 46] : 66.78928399085999
40: [88, 53, 31, 38, 42] : 106.3353316783905
75: [66, 95, 72, 63, 3] : 108.86140036582947
48: [48, 8, 46, 35, 98] : 66.84566831588745
31: [31, 97, 42, 38, 4] : 114.6389651298523
42: [42, 88, 43, 38, 19] : 104.44963121414185
58: [58, 69, 68, 37, 89] : 66.85953402519226
29: [29, 4, 3, 55, 80] : 112.07394933700562
78: [59, 47, 70, 54, 52] : 66.88541531562805
78: [78, 99, 77, 44, 27] : 100.66656756401062
4: [4, 80, 63, 3, 50] : 101.94273018836975
1: [1, 32, 91, 67, 95] : 103.22192788124084
49: [49, 95, 30, 97, 15] : 91.07427549362183
21: [21, 31, 3, 97, 38] : 114.66619896888733
68: [60, 12, 49, 97, 71] : 103.1453766822815
91: [1, 91, 32, 73, 26] : 112.04095458984375
44: [44, 99, 27, 80, 30] : 107.60766673088074
13: [13, 81, 58, 89, 69] : 64.91277694702148
64: [74, 80, 4, 64, 97] : 103.08266115188599
48: [7, 79, 99, 77, 45] : 84.63775849342346
71: [71, 60, 12, 17, 49] : 59.12721824645996
76: [76, 17, 49, 60, 56] : 61.03621745109558
71: [71, 60, 12, 23, 67] : 77.0031065940857
49: [49, 59, 47, 60, 17] : 61.133055448532104
6: [6, 7, 63, 77, 4] : 97.99790859222412
67: [4, 88, 42, 47, 34] : 106.24966144561768
42: [42, 88, 97, 3, 21] : 117.71575975418091
59: [52, 56, 96, 47, 59] : 72.48201727867126
44: [50, 30, 64, 4, 55] : 101.77320003509521
36: [36, 50, 4, 65, 63] : 111.94651174545288
28: [28, 10, 57, 61, 40] : 59.12384295463562
97: [97, 88, 38, 63, 43] : 107.46544027328491
44: [78, 44, 27, 42, 4] : 115.10401606559753
9: [40, 57, 53, 60, 84] : 59.119062423706055
24: [24, 7, 4, 6, 50] : 101.74026274681091
42: [42, 43, 88, 80, 4] : 112.50076794624329
67: [57, 53, 25, 28, 37] : 58.877835512161255
72: [4, 55, 3, 72, 63] : 107.04135823249817
70: [70, 54, 47, 96, 52] : 66.5234694480896
2: [2, 11, 35, 57, 46] : 64.60142731666565
57: [57, 53, 14, 18, 7] : 74.10062074661255
58: [58, 42, 97, 88, 43] : 103.27673840522766
70: [70, 18, 14, 6, 92] : 84.2331292629242
69: [85, 89, 29, 69, 15] : 94.33524680137634
54: [54, 70, 14, 92, 47] : 84.23522782325745
81: [13, 81, 90, 87, 86] : 66.4899697303772
90: [90, 13, 81, 89, 41] : 66.4737024307251
15: [15, 43, 29, 88, 38] : 109.59941220283508
82: [53, 87, 84, 5, 86] : 64.63265776634216
89: [89, 85, 17, 76, 58] : 66.51140069961548
31: [31, 15, 38, 43, 29] : 88.68332362174988
17: [5, 17, 20, 39, 25] : 61.44543194770813
4: [4, 50, 63, 65, 74] : 107.00192618370056
16: [16, 28, 9, 60, 84] : 58.86833930015564
5: [5, 25, 20, 84, 40] : 107.66147708892822
24: [7, 24, 45, 79, 26] : 81.05550622940063
35: [96, 62, 70, 86, 82] : 66.45846319198608
7: [7, 99, 18, 24, 6] : 89.88863968849182
62: [62, 92, 70, 53, 6] : 93.09189653396606
73: [30, 73, 91, 1, 95] : 106.96477007865906
74: [4, 42, 80, 63, 64] : 101.96717357635498
71: [71, 60, 49, 12, 17] : 70.92766737937927
6: [6, 7, 26, 27, 79] : 101.31778359413147
13: [13, 58, 81, 90, 37] : 64.60427236557007
46: [46, 11, 98, 35, 86] : 64.6108148097992
23: [71, 23, 60, 67, 73] : 70.91214346885681
91: [1, 91, 32, 30, 95] : 106.36487913131714
72: [80, 4, 38, 55, 72] : 107.03529691696167
31: [31, 15, 43, 21, 97] : 81.71026992797852
72: [72, 4, 97, 3, 80] : 110.18708038330078
47: [47, 96, 52, 62, 70] : 72.22595191001892
96: [52, 96, 59, 47, 0] : 66.48370099067688
14: [14, 99, 18, 67, 24] : 92.42062330245972
34: [43, 88, 97, 42, 29] : 100.07874941825867
50: [50, 64, 4, 80, 3] : 106.98024988174438
39: [39, 86, 76, 40, 87] : 59.51410961151123
59: [97, 42, 80, 88, 43] : 105.76603865623474
48: [48, 8, 88, 42, 43] : 96.89107394218445
97: [97, 64, 66, 42, 88] : 117.13266611099243
13: [13, 60, 58, 81, 37] : 64.60613632202148
50: [38, 80, 4, 64, 50] : 117.1365168094635
49: [49, 60, 3, 63, 42] : 107.6963996887207
61: [61, 22, 10, 89, 84] : 64.65919709205627
23: [76, 94, 20, 11, 46] : 56.36292052268982
44: [15, 38, 80, 88, 43] : 107.03425288200378
1: [1, 91, 45, 27, 34] : 102.651611328125
27: [96, 59, 52, 47, 56] : 66.5113799571991
57: [77, 32, 6, 1, 14] : 86.7575454711914
14: [14, 64, 4, 63, 50] : 110.25741577148438
24: [24, 7, 45, 99, 50] : 101.96202731132507
12: [96, 52, 62, 59, 47] : 72.18637084960938
5: [5, 80, 64, 4, 63] : 79.82454562187195
2: [2, 11, 35, 46, 98] : 66.51709365844727
83: [83, 18, 99, 7, 56] : 88.65755534172058
48: [48, 8, 68, 41, 11] : 66.49731874465942
27: [27, 29, 88, 44, 42] : 91.20854806900024
43: [43, 3, 42, 97, 88] : 91.83730602264404
41: [41, 89, 48, 8, 58] : 66.49149513244629
56: [52, 82, 96, 59, 56] : 74.14799094200134
72: [97, 72, 43, 66, 30] : 91.91662049293518
94: [94, 17, 60, 76, 20] : 59.61751341819763
97: [97, 38, 3, 4, 43] : 108.46786594390869
43: [43, 88, 42, 97, 4] : 119.30519533157349
77: [53, 77, 57, 51, 99] : 88.81633281707764
93: [93, 29, 95, 30, 3] : 103.88045191764832
79: [79, 44, 78, 38, 63] : 100.61242294311523
84: [84, 59, 52, 96, 56] : 66.50086045265198
35: [35, 11, 98, 2, 5] : 70.97407007217407
81: [81, 13, 90, 58, 89] : 64.66786360740662
86: [86, 85, 39, 89, 17] : 64.67018818855286
11: [11, 46, 98, 35, 60] : 66.49160718917847
75: [42, 97, 88, 3, 43] : 110.03130292892456
64: [38, 80, 97, 64, 3] : 111.19707894325256
8: [8, 48, 60, 41, 11] : 64.43675684928894
49: [97, 49, 95, 30, 43] : 99.82118606567383
16: [97, 9, 42, 38, 3] : 94.80264639854431
59: [96, 52, 60, 41, 89] : 66.38948392868042
45: [99, 27, 85, 45, 18] : 115.7054455280304
24: [24, 7, 99, 45, 63] : 106.34434485435486
34: [97, 38, 34, 42, 29] : 110.27452802658081
80: [80, 4, 42, 38, 64] : 107.7555148601532
8: [8, 48, 13, 85, 89] : 66.48613834381104
68: [68, 60, 13, 48, 8] : 66.45180106163025
3: [3, 4, 63, 42, 97] : 117.0566954612732
92: [70, 62, 92, 82, 47] : 66.48445653915405
57: [4, 65, 72, 80, 63] : 100.14520287513733
82: [82, 62, 87, 53, 84] : 60.90741181373596
92: [92, 18, 70, 14, 99] : 88.73137354850769
24: [24, 6, 7, 45, 79] : 107.62043738365173
32: [1, 32, 91, 95, 72] : 100.60156989097595
76: [17, 76, 47, 59, 60] : 60.76739478111267
32: [9, 2, 86, 28, 16] : 58.91652250289917
46: [46, 11, 98, 35, 94] : 64.65765404701233
26: [45, 26, 99, 79, 29] : 100.81365466117859
62: [62, 70, 53, 82, 92] : 84.23955345153809
23: [59, 56, 47, 82, 52] : 74.05378246307373
63: [80, 97, 4, 63, 38] : 108.21821188926697
51: [51, 99, 70, 62, 92] : 98.75877499580383
70: [70, 62, 92, 82, 53] : 66.57162165641785
25: [41, 85, 25, 58, 37] : 78.62110352516174
80: [80, 4, 65, 64, 34] : 115.92001676559448
36: [36, 50, 65, 64, 4] : 105.66075587272644
61: [52, 59, 96, 47, 62] : 74.00197196006775
15: [15, 29, 97, 38, 31] : 106.31302905082703
38: [38, 64, 80, 4, 88] : 103.96512532234192
1: [1, 91, 32, 30, 3] : 102.68664789199829
34: [34, 97, 88, 42, 3] : 100.65126514434814
67: [32, 38, 93, 97, 30] : 115.05524611473083
86: [86, 94, 22, 40, 5] : 59.44080376625061
64: [36, 65, 50, 63, 64] : 92.34098100662231
24: [55, 72, 42, 88, 38] : 102.56744956970215
82: [82, 70, 62, 53, 60] : 72.15579175949097
5: [5, 20, 84, 94, 25] : 58.804492235183716
76: [76, 69, 5, 0, 90] : 64.48335433006287
13: [13, 58, 60, 69, 48] : 64.45945024490356
61: [72, 97, 80, 38, 4] : 110.57805180549622
50: [43, 97, 88, 42, 4] : 105.65813636779785
70: [96, 47, 52, 56, 33] : 66.4965386390686
98: [35, 98, 11, 20, 37] : 59.52782225608826
20: [20, 25, 84, 17, 5] : 59.494765758514404
97: [97, 38, 88, 42, 43] : 99.92745280265808
60: [60, 0, 94, 87, 86] : 60.66736149787903
14: [14, 18, 67, 64, 50] : 101.74450349807739
27: [4, 55, 63, 80, 3] : 101.20857334136963
87: [87, 25, 20, 40, 5] : 59.53036165237427
60: [60, 49, 17, 23, 12] : 64.59756755828857
44: [44, 91, 88, 3, 55] : 92.38242840766907
8: [8, 48, 41, 89, 30] : 98.03866815567017
95: [95, 30, 72, 55, 15] : 94.81253099441528
82: [82, 62, 60, 53, 84] : 60.715224266052246
51: [4, 80, 63, 42, 50] : 106.32464528083801
8: [8, 48, 60, 69, 2] : 64.62731909751892
41: [41, 89, 69, 85, 2] : 64.60840344429016
3: [3, 38, 43, 97, 15] : 117.12387752532959
67: [67, 32, 23, 73, 34] : 99.4121344089508
50: [80, 38, 64, 4, 50] : 99.38868856430054
9: [9, 53, 22, 87, 59] : 60.78569221496582
70: [70, 62, 53, 51, 57] : 60.80982708930969
80: [80, 97, 38, 64, 4] : 107.70752382278442
82: [82, 52, 70, 96, 47] : 66.48271131515503
84: [84, 20, 37, 40, 60] : 59.52093768119812
63: [74, 4, 80, 63, 44] : 96.2941312789917
60: [71, 60, 49, 12, 17] : 72.1946702003479
80: [80, 4, 97, 63, 55] : 110.18221664428711
56: [56, 59, 71, 12, 33] : 60.84540295600891
25: [5, 25, 94, 20, 37] : 64.6438717842102
74: [4, 38, 42, 50, 80] : 113.39681553840637
38: [38, 15, 31, 43, 97] : 109.59515452384949
52: [96, 52, 42, 43, 31] : 94.4079077243805
93: [93, 72, 4, 32, 55] : 115.94938206672668
29: [29, 44, 27, 38, 74] : 111.56171107292175
2: [53, 0, 57, 83, 51] : 56.40555500984192
44: [4, 50, 88, 42, 80] : 107.76245284080505
79: [4, 64, 55, 63, 80] : 107.14572286605835
11: [11, 35, 98, 46, 63] : 104.58497095108032
26: [95, 30, 31, 19, 72] : 100.13822937011719
95: [95, 30, 72, 97, 55] : 111.58245420455933
31: [63, 80, 33, 66, 4] : 87.47133421897888
88: [88, 42, 97, 43, 3] : 115.39412355422974
2: [2, 11, 35, 99, 21] : 97.01331281661987
37: [37, 17, 52, 47, 56] : 66.58031606674194
68: [68, 60, 49, 58, 12] : 64.70833969116211
66: [28, 85, 53, 17, 9] : 64.73189496994019
95: [23, 52, 59, 49, 53] : 60.886040449142456
91: [91, 1, 32, 67, 30] : 100.85287427902222
40: [99, 78, 53, 29, 42] : 108.50811052322388
18: [44, 18, 99, 7, 14] : 106.56032681465149
19: [19, 31, 3, 38, 15] : 104.04327487945557
77: [77, 6, 50, 80, 4] : 102.21593189239502
18: [56, 59, 96, 52, 47] : 66.6142954826355
25: [20, 25, 5, 84, 41] : 66.60404109954834
30: [95, 30, 72, 55, 4] : 100.22513484954834
38: [38, 43, 97, 88, 42] : 93.18737268447876
77: [99, 4, 55, 50, 30] : 101.47593784332275
71: [71, 73, 12, 49, 32] : 71.07614040374756
1: [91, 1, 88, 3, 42] : 102.77101278305054
28: [10, 28, 61, 84, 20] : 58.99113440513611
32: [10, 28, 61, 40, 57] : 59.01307559013367
4: [4, 55, 72, 95, 30] : 91.3962049484253
76: [76, 95, 30, 15, 44] : 95.88107895851135
90: [90, 13, 81, 12, 33] : 64.79219102859497
14: [14, 34, 99, 18, 82] : 94.61356973648071
25: [20, 94, 25, 5, 2] : 59.06633710861206
70: [70, 53, 57, 83, 82] : 60.95707893371582
17: [17, 37, 31, 3, 12] : 87.01446986198425
95: [55, 72, 4, 66, 64] : 110.51597666740417
75: [63, 4, 55, 66, 80] : 94.68016719818115
6: [43, 88, 97, 50, 4] : 106.68072700500488
86: [86, 39, 87, 16, 9] : 64.76748061180115
94: [94, 76, 37, 86, 87] : 59.03539276123047
28: [28, 10, 40, 16, 20] : 59.027108669281006
73: [73, 91, 32, 67, 27] : 98.32968235015869
36: [4, 50, 63, 64, 74] : 110.41272044181824
18: [57, 92, 83, 59, 52] : 66.62717652320862
10: [28, 10, 84, 92, 9] : 60.935866355895996
34: [34, 97, 38, 3, 42] : 100.26803135871887
1: [1, 32, 91, 67, 77] : 98.35415959358215
64: [64, 4, 50, 74, 80] : 111.70119571685791
28: [10, 28, 61, 84, 53] : 59.01729083061218
82: [82, 62, 70, 6, 14] : 89.48191452026367
96: [96, 59, 52, 38, 31] : 94.57117223739624
59: [56, 59, 52, 47, 96] : 66.64396905899048
67: [17, 76, 96, 60, 59] : 60.950881004333496
15: [15, 19, 3, 31, 29] : 111.7466311454773
27: [29, 55, 4, 80, 38] : 101.6070671081543
99: [78, 99, 86, 44, 42] : 109.32893562316895
72: [60, 52, 59, 47, 96] : 66.93922066688538
6: [88, 97, 43, 42, 80] : 105.208975315094
62: [62, 18, 99, 6, 92] : 90.52467346191406
37: [37, 17, 76, 12, 86] : 66.91337203979492
31: [31, 21, 38, 42, 3] : 117.89197516441345
45: [45, 26, 1, 62, 99] : 84.76235508918762
58: [58, 89, 41, 85, 48] : 65.00218200683594
97: [97, 38, 3, 43, 42] : 107.72418570518494
25: [20, 25, 5, 94, 53] : 59.274893283843994
25: [25, 20, 5, 40, 67] : 77.11364316940308
69: [17, 69, 49, 4, 80] : 86.68883109092712
21: [21, 38, 15, 31, 42] : 87.357834815979
19: [19, 97, 15, 38, 95] : 114.78104543685913
20: [20, 25, 5, 84, 92] : 68.85462665557861
27: [4, 38, 97, 3, 66] : 93.0884177684784
45: [45, 70, 26, 79, 24] : 84.78700113296509
65: [3, 21, 97, 65, 38] : 112.22450184822083
64: [50, 64, 4, 80, 42] : 107.776930809021
12: [60, 12, 17, 76, 69] : 65.09177327156067
50: [25, 5, 20, 94, 84] : 59.36988115310669
61: [99, 78, 10, 92, 28] : 79.18694925308228
25: [25, 20, 5, 94, 84] : 56.83887243270874
0: [0, 57, 53, 52, 83] : 67.04687809944153
71: [12, 71, 60, 49, 68] : 65.09888958930969
13: [13, 81, 90, 68, 58] : 67.04409599304199
3: [3, 63, 4, 97, 38] : 106.63951253890991
80: [80, 4, 65, 32, 38] : 114.9676194190979
2: [2, 4, 3, 11, 35] : 97.08605694770813
2: [2, 35, 11, 0, 57] : 65.17511343955994
91: [91, 32, 1, 67, 73] : 77.3221664428711
18: [63, 64, 42, 4, 88] : 108.67969179153442
20: [20, 5, 25, 84, 39] : 61.99707102775574
6: [6, 7, 18, 99, 24] : 93.30621886253357
38: [4, 63, 80, 64, 42] : 106.71525716781616
59: [59, 52, 47, 96, 56] : 67.10609269142151
46: [13, 85, 69, 86, 22] : 65.18522453308105
2: [5, 25, 20, 84, 37] : 59.417869091033936
64: [64, 97, 3, 50, 38] : 112.46356892585754
77: [77, 99, 18, 24, 7] : 95.21338272094727
21: [21, 42, 29, 27, 88] : 118.84291911125183
98: [98, 35, 5, 37, 57] : 56.88750243186951
58: [58, 89, 37, 60, 85] : 65.16767239570618
54: [54, 92, 14, 6, 70] : 89.4420428276062
25: [25, 20, 5, 37, 84] : 59.40949821472168
98: [98, 35, 46, 37, 11] : 67.08483600616455
64: [96, 52, 59, 47, 56] : 66.97924470901489
12: [12, 17, 60, 90, 76] : 64.97764873504639
20: [20, 25, 5, 94, 84] : 72.57749629020691
2: [2, 1, 57, 32, 44] : 68.7524983882904
65: [50, 65, 66, 4, 80] : 98.02711772918701
4: [99, 4, 95, 72, 55] : 100.56724977493286
23: [23, 60, 76, 52, 56] : 61.12313532829285
72: [72, 4, 55, 63, 31] : 108.92860507965088
40: [40, 20, 86, 9, 57] : 59.23642039299011
91: [32, 91, 73, 1, 67] : 112.09218430519104
80: [80, 47, 64, 50, 63] : 98.1045434474945
99: [99, 32, 96, 18, 67] : 84.69098472595215
24: [24, 7, 79, 18, 6] : 89.1386878490448
41: [41, 85, 86, 48, 87] : 64.95721459388733
45: [99, 1, 32, 67, 82] : 78.98348546028137
17: [17, 60, 37, 76, 85] : 64.96648597717285
60: [47, 59, 52, 70, 82] : 66.86448645591736
61: [61, 99, 78, 18, 29] : 97.43695569038391
86: [86, 39, 85, 87, 20] : 66.85861921310425
0: [0, 53, 83, 57, 10] : 56.6601140499115
53: [53, 57, 82, 70, 96] : 66.85102796554565
0: [0, 57, 83, 53, 47] : 66.87222695350647
82: [82, 6, 18, 53, 60] : 89.24670314788818
42: [42, 43, 88, 3, 38] : 96.22245979309082
74: [7, 99, 18, 74, 78] : 83.42237257957458
53: [70, 57, 99, 88, 42] : 94.86994910240173
96: [52, 96, 47, 59, 70] : 66.85438561439514
count (test images): 625
Mean per class acc: 61.31%
Mean inference time: 85.88 sec
Top 1 acc: 62.08%
Top 3 acc: 73.60%
Top 5 acc: 77.28%
