49: [49, 17, 68, 51, 23] : 70.13768720626831
92: [92, 83, 70, 62] : 41.220999240875244
41: [41, 69, 51] : 55.198392391204834
75: [63, 80, 64, 4, 97] : 321.5962965488434
7: [7, 75, 6, 77, 99] : 195.75655961036682
71: [71, 23, 51, 69] : 59.50369834899902
50: [4, 74, 50, 63, 64] : 126.37701177597046
27: [27, 38, 15, 42, 55] : 120.626708984375
70: [70, 53, 92, 51] : 41.180800676345825
24: [24, 32, 6, 45, 63] : 244.04569244384766
36: [36, 50, 65, 64, 80] : 121.28904891014099
32: [57, 99, 93, 83, 50] : 394.412810087204
45: [45, 29, 99, 26, 50] : 277.06750416755676
80: [80, 34, 74, 55, 65] : 154.7741301059723
12: [12, 68, 23] : 35.19999694824219
23: [23, 76, 17, 69, 37] : 40.94805455207825
58: [58, 85, 89, 48, 76] : 73.56870460510254
96: [96, 52, 59, 47, 60] : 244.41204452514648
42: [42, 4, 43, 63, 88] : 131.79805898666382
86: [50, 83, 78, 63, 99] : 329.60251569747925
37: [17, 37, 76] : 29.454467058181763
45: [45, 4, 29, 80, 50] : 259.8817524909973
37: [37, 17, 51] : 53.155821800231934
90: [60, 90, 68, 12, 27] : 125.45437288284302
69: [69] : 14.749687910079956
40: [40, 84, 52, 20, 99] : 91.5194091796875
27: [91, 27, 29, 73, 14] : 261.7401793003082
18: [24, 99, 67, 7, 53] : 263.71412324905396
55: [29, 4, 34, 38, 42] : 177.90043354034424
54: [70, 92, 62, 14, 54] : 113.89882516860962
37: [37, 17, 12, 76] : 35.21599245071411
36: [4, 65, 38, 64, 50] : 177.91949224472046
35: [35, 98, 11, 46, 2] : 154.95201754570007
37: [37, 17, 76, 12] : 35.234598875045776
27: [97, 50, 4, 66, 27] : 213.06668043136597
73: [73, 30, 97, 72, 95] : 236.71055126190186
65: [65, 80, 74, 38, 4] : 131.74184155464172
91: [91, 1, 73, 32, 69] : 56.28096032142639
64: [80, 64, 50, 4, 66] : 126.02713131904602
17: [17, 23, 69, 51] : 56.35713052749634
41: [41, 89, 69] : 41.00414967536926
19: [19, 43, 34, 97, 29] : 121.71316480636597
83: [83, 0, 51] : 38.4428334236145
37: [37, 23] : 26.278484344482422
65: [38, 34, 65, 97, 15] : 94.66206574440002
97: [97, 75, 64, 50, 65] : 137.49001216888428
95: [95, 30, 72, 73, 38] : 199.49938535690308
48: [48] : 42.28264045715332
54: [54, 70, 82, 57, 51] : 49.329132080078125
86: [24, 9, 18, 14, 99] : 242.10251593589783
86: [86, 87, 39] : 29.450247526168823
6: [6, 7, 18, 82, 70] : 103.6410756111145
85: [85, 41, 51, 69, 23] : 64.61500024795532
53: [53, 57, 0] : 28.8046817779541
9: [9, 10, 84, 61, 28] : 75.51369142532349
20: [20, 25, 84, 5] : 35.21154832839966
99: [99, 78] : 35.86226439476013
8: [8, 48, 69, 51] : 65.29170441627502
14: [14, 79, 54, 26, 45] : 74.23472499847412
23: [33, 59, 67, 49, 91] : 186.9184546470642
74: [80, 50, 4, 65, 64] : 190.19230890274048
82: [82, 69] : 42.2693030834198
15: [15, 29, 27, 45, 69] : 69.11109805107117
30: [30, 95, 72, 55, 71] : 161.8155701160431
71: [71, 60, 23, 69] : 62.67336821556091
28: [28, 10, 57, 40, 70] : 67.12094593048096
81: [81, 90, 69, 51] : 65.26867628097534
26: [1, 6, 7, 14, 82] : 180.54693007469177
96: [60, 52, 96, 47, 59] : 163.11412620544434
76: [76, 60] : 28.812073945999146
21: [21, 3, 31, 65, 29] : 142.61766362190247
0: [0, 57, 53, 51] : 34.56217384338379
2: [2, 11, 69, 51] : 56.96397399902344
46: [46, 98, 11, 35, 2] : 291.079030752182
15: [15, 29, 51] : 49.276315212249756
43: [43, 27, 29] : 46.097756147384644
19: [97, 19, 29, 31, 38] : 131.79794192314148
88: [88, 43, 65] : 46.077696323394775
88: [97, 80, 75, 34, 38] : 146.43067955970764
39: [39, 27, 86, 78, 99] : 114.46328091621399
28: [28, 16, 9, 10, 51] : 74.80896878242493
17: [17, 49, 51, 23, 69] : 62.0272490978241
4: [4, 50, 64, 80, 74] : 230.22540998458862
42: [4, 75, 55, 74, 42] : 131.85184240341187
53: [53] : 17.313864707946777
47: [52, 47, 96, 59, 23] : 116.32790327072144
43: [43, 3, 97, 65] : 51.77429962158203
81: [37, 17, 86, 12, 87] : 104.75372695922852
8: [8, 41, 96, 89, 80] : 290.1673469543457
47: [60, 17, 47, 96, 37] : 205.87807369232178
19: [19, 65] : 40.284494161605835
62: [62, 70, 82, 51] : 35.1666579246521
70: [70, 60, 20] : 40.92863202095032
87: [87, 23] : 42.854365825653076
92: [83, 82, 1, 70, 53] : 96.50660824775696
55: [80, 4, 30, 38, 63] : 264.7148582935333
62: [62, 47, 92, 70, 82] : 108.0528495311737
17: [17, 69, 23] : 47.98659372329712
58: [58, 69, 85, 13, 89] : 176.45748591423035
64: [80, 64, 50, 74, 36] : 108.6672911643982
60: [60, 49, 19, 97, 33] : 164.23403120040894
13: [13, 7, 14, 6, 18] : 97.77303552627563
65: [65, 23, 51] : 35.80243897438049
24: [24, 7, 6, 79, 74] : 239.72613620758057
12: [76, 17, 12, 96, 60] : 90.11985683441162
10: [10, 28, 53, 84, 61] : 127.79960751533508
10: [10, 61, 28, 53] : 56.25446557998657
83: [99, 53, 78, 29, 30] : 296.6238832473755
27: [99, 44, 50, 41, 75] : 329.2964403629303
73: [73, 91, 1, 67, 44] : 96.49861359596252
51: [51, 77, 93, 53, 99] : 159.8535816669464
17: [17, 69] : 39.04620957374573
20: [25, 20, 5, 84] : 35.189733028411865
86: [85, 90, 60, 17, 81] : 140.05395221710205
70: [70, 14, 62, 6, 18] : 85.052401304245
49: [49, 60, 71, 59, 23] : 55.617796897888184
56: [56, 59, 96, 52, 23] : 79.29359769821167
43: [43, 42, 3, 65, 27] : 57.5608229637146
28: [28, 40, 16, 10, 9] : 49.891610860824585
17: [17, 53, 76, 37, 57] : 86.95645666122437
74: [75, 4, 74, 55, 63] : 247.55404233932495
46: [11, 35, 7, 60, 27] : 97.243581533432
63: [97, 65, 4, 88, 66] : 134.28968596458435
41: [41, 69] : 48.005375623703
78: [78, 31, 99, 44, 42] : 279.6157195568085
92: [92, 70, 83, 82, 62] : 49.26815366744995
36: [36, 50, 65, 64, 80] : 123.43665385246277
59: [52, 59, 96, 47, 56] : 87.62923407554626
4: [4, 80, 55, 74, 3] : 233.54657101631165
97: [97, 43, 38, 34, 42] : 92.09529137611389
29: [29, 27, 93, 67, 65] : 204.6577594280243
87: [86, 20, 87, 40, 76] : 91.50665235519409
63: [63, 56, 82, 65, 59] : 198.39042401313782
27: [27, 97, 88, 80, 29] : 216.24092602729797
89: [89, 69, 23] : 34.57361841201782
43: [43, 97, 38, 42, 3] : 74.86647844314575
10: [10, 28, 9, 20, 40] : 102.3897123336792
54: [14, 18, 99, 54, 92] : 239.94111442565918
73: [14, 44, 78, 99, 34] : 279.5781719684601
19: [97, 34, 75, 19, 63] : 126.03581261634827
41: [4, 45, 75, 63, 95] : 337.1051678657532
27: [27, 44, 60, 80, 73] : 314.05640292167664
14: [14, 78, 74, 93, 51] : 223.27099752426147
96: [96, 52, 47, 59, 17] : 99.15387749671936
76: [60, 76, 49, 53, 29] : 108.08764719963074
12: [12, 17, 60, 71, 76] : 113.90543055534363
34: [34, 97, 38, 29, 65] : 69.10502910614014
50: [74, 32, 4, 50, 64] : 175.86706018447876
25: [25, 20, 5] : 29.428627490997314
51: [4, 80, 74, 50, 63] : 205.30855703353882
70: [70, 62, 23, 51] : 37.77448654174805
50: [50, 4, 64, 74, 36] : 123.4461989402771
94: [94, 5, 84, 37, 23] : 47.353028774261475
30: [30, 73, 1, 95, 91] : 106.81539511680603
3: [3, 21, 19, 42, 31] : 127.28487873077393
55: [4, 75, 80, 55, 64] : 192.62809944152832
81: [13, 81, 60, 68, 90] : 143.39781880378723
0: [57, 0, 53, 10, 52] : 61.42914009094238
64: [63, 64, 75, 80, 66] : 218.67482781410217
34: [34, 63, 42, 38, 80] : 227.02682065963745
92: [62, 70, 51, 82] : 35.202625036239624
20: [25, 20] : 23.71494770050049
73: [30, 73, 95, 67, 27] : 106.89579463005066
11: [11, 35, 2, 46, 17] : 206.58527493476868
89: [42, 18, 88, 15, 97] : 225.88572883605957
50: [50, 65, 80, 64, 29] : 114.58420777320862
10: [53, 57, 0, 51] : 34.59040951728821
52: [52, 59, 96, 47, 56] : 130.633531332016
91: [91, 1, 32, 67, 69] : 56.39389657974243
63: [65, 4, 63, 34, 80] : 221.53606057167053
4: [4, 55, 27, 75, 32] : 207.4288341999054
78: [78, 99, 0, 83, 57] : 79.39034152030945
53: [53, 7, 18, 99, 96] : 204.19808745384216
38: [38, 34, 65, 97, 88] : 109.51945352554321
6: [6, 14, 82, 77, 99] : 79.45092344284058
47: [52, 96, 47, 60, 59] : 104.97979307174683
84: [84, 50, 20, 4, 37] : 289.3587737083435
13: [13, 60, 69, 7, 14] : 103.72955012321472
5: [20, 5, 84, 25, 53] : 49.328176975250244
21: [21, 27, 78, 44, 74] : 84.53259372711182
70: [70, 62, 60, 82, 92] : 60.82893204689026
70: [70, 92, 62, 18, 7] : 135.06229376792908
27: [27, 29, 93, 30, 44] : 192.6618001461029
5: [84, 20, 94, 87, 5] : 49.916866064071655
5: [5, 37, 94] : 42.27152061462402
0: [0, 57, 53] : 28.82575559616089
73: [25, 5, 27, 2, 84] : 297.68701004981995
89: [89, 85, 87, 69] : 62.74665188789368
7: [53, 7, 83, 18, 57] : 90.96024322509766
78: [78, 44, 64, 50, 63] : 268.2163038253784
25: [25, 20, 5, 39, 87] : 58.87544369697571
53: [53, 10, 87, 51] : 56.349753856658936
25: [25, 5, 20] : 29.45896601676941
23: [23, 49, 71, 60, 33] : 55.0472526550293
42: [42, 43, 88, 27, 78] : 72.33603525161743
59: [59, 47, 96, 56, 52] : 143.34404921531677
34: [34, 97, 38, 64, 88] : 120.34721994400024
71: [71, 60, 51, 69, 23] : 65.34478521347046
88: [88, 42, 43, 80, 65] : 103.07592487335205
62: [54, 70, 92, 51] : 37.78822374343872
42: [97, 80, 38, 34, 64] : 143.3543462753296
9: [9, 60, 69] : 53.13784670829773
9: [9, 69, 23] : 63.39626932144165
65: [65, 4, 80, 72, 75] : 227.2315058708191
50: [4, 80, 44, 50, 74] : 219.05231428146362
87: [87, 86, 39] : 29.46643853187561
12: [12, 71, 23, 69] : 59.54701089859009
99: [99, 78, 18, 83, 44] : 259.49013233184814
88: [88, 43, 34, 38, 42] : 92.20139384269714
57: [57, 10, 53, 0, 61] : 55.116543769836426
43: [43, 88, 42, 3, 97] : 106.9567379951477
48: [48, 8, 69] : 60.220643520355225
49: [49, 60, 71, 76, 37] : 119.80781507492065
73: [30, 73, 95, 1, 67] : 124.3650496006012
49: [49, 33, 60, 23, 52] : 221.0687437057495
56: [56, 71, 59, 49, 23] : 76.87615156173706
21: [21, 27, 29, 78, 44] : 81.3648099899292
46: [46, 11, 98, 35, 86] : 58.97105836868286
73: [91, 73, 51, 69, 23] : 65.39676570892334
77: [4, 74, 57, 77, 99] : 332.24004101753235
85: [85, 69, 51] : 50.014336824417114
32: [46, 2, 11, 98, 35] : 49.36593413352966
27: [27, 44, 78, 4, 80] : 268.52616572380066
20: [20, 25] : 23.739144563674927
38: [38, 80, 65, 4, 97] : 163.31375741958618
96: [60, 33, 52, 59, 96] : 247.32848119735718
77: [77, 79, 80, 24, 50] : 187.174485206604
54: [54, 51] : 32.08392381668091
29: [29, 4, 43, 34, 38] : 185.5968062877655
65: [65, 23, 57, 62, 78] : 59.69060945510864
84: [61, 52, 10, 9, 51] : 79.80015182495117
85: [85, 51, 69] : 70.08512592315674
0: [0, 57, 53, 83, 28] : 53.18101620674133
10: [10, 28, 53, 92, 84] : 77.17569398880005
28: [40, 20, 28, 84, 25] : 371.6932518482208
34: [80, 4, 50, 34, 65] : 186.88369393348694
70: [70, 62, 82, 92, 54] : 43.56040167808533
90: [90, 69, 23, 51] : 71.75532746315002
59: [59, 52, 47, 96] : 35.23859643936157
50: [50, 64, 36, 65, 74] : 170.4728705883026
89: [41, 89, 85, 69] : 56.43644118309021
87: [86, 87, 22] : 29.495001554489136
39: [39, 86, 87] : 50.03025221824646
9: [9, 69] : 48.76214289665222
77: [91, 32, 80, 4, 67] : 242.3505880832672
37: [37, 17, 96, 47, 52] : 96.71012949943542
45: [4, 44, 32, 67, 91] : 315.27376103401184
10: [70, 92, 61, 10, 57] : 87.17989110946655
51: [51, 4, 63, 80, 42] : 227.7335970401764
40: [40, 69, 51] : 63.536808013916016
71: [71, 26, 45, 93, 73] : 120.52473068237305
30: [30, 95, 97, 73, 67] : 159.48532819747925
37: [37, 17, 23, 69, 51] : 74.3199212551117
69: [69, 76, 17] : 29.50296974182129
75: [75, 80, 4, 63, 97] : 253.8977119922638
87: [87, 71, 17, 49, 60] : 114.79762005805969
30: [30, 91, 95, 4, 74] : 211.03918838500977
92: [92, 70, 57, 51, 82] : 73.75851011276245
48: [48] : 30.18687343597412
0: [0, 53, 57, 83, 84] : 43.63657069206238
49: [49, 17, 69, 12, 23] : 64.79696488380432
46: [46, 98, 11, 35] : 35.30142521858215
49: [49, 60, 33, 59, 23] : 85.93579053878784
94: [94, 37, 69] : 55.191723108291626
47: [47, 52, 96, 59, 33] : 75.67824339866638
72: [30, 95, 72, 55, 73] : 188.54365396499634
37: [37, 17, 76] : 29.515515089035034
41: [41, 89, 86, 9, 69] : 71.80187630653381
29: [4, 29, 50, 80, 65] : 219.9014859199524
50: [4, 29, 74, 38, 34] : 207.90348029136658
42: [80, 38, 4, 64, 97] : 166.772047996521
92: [92, 70, 99, 62, 0] : 79.5117974281311
43: [4, 80, 63, 27, 97] : 247.59315705299377
83: [83, 61, 0] : 32.09571099281311
25: [20, 25, 84, 5] : 35.29676032066345
7: [7, 24, 6, 18, 99] : 76.97936224937439
69: [69, 76, 12, 17] : 35.278236389160156
43: [43, 29, 65, 27, 46] : 81.43391394615173
86: [20, 94, 40, 86, 87] : 164.88333916664124
13: [17, 37, 13, 81, 85] : 166.55447697639465
5: [5, 25, 20] : 32.77370738983154
43: [43, 42, 38, 3, 4] : 152.58191227912903
21: [21, 27, 74, 29, 78] : 128.0946352481842
40: [40, 51, 69] : 63.44157099723816
11: [11, 46, 35, 98, 2] : 62.14363169670105
2: [2, 11, 69, 51] : 66.00953817367554
74: [4, 80, 50, 44, 97] : 323.95645904541016
30: [30, 95, 73, 72, 32] : 138.52629160881042
33: [33, 68, 49, 60, 12] : 91.03596305847168
92: [70, 92, 62, 7, 14] : 65.39579153060913
0: [0, 57, 53] : 28.86690926551819
22: [76, 17, 56, 61, 78] : 85.91052794456482
45: [44, 99, 78, 27, 29] : 285.9526767730713
70: [62, 70, 14, 7, 6] : 91.0132372379303
22: [22, 51, 69] : 62.896785259246826
74: [4, 50, 64, 63, 80] : 275.1031949520111
15: [15, 29, 27, 52, 96] : 63.436219930648804
43: [97, 43, 3, 15, 4] : 198.68612098693848
47: [96, 52, 47, 60, 59] : 108.29938244819641
72: [72, 55, 71, 4, 45] : 250.52946996688843
39: [39, 50, 66, 86, 75] : 362.2416341304779
69: [69, 76, 17, 23, 37] : 41.04537105560303
54: [54, 62, 59, 70, 52] : 146.16140484809875
9: [40, 57, 53, 69, 0] : 49.372331857681274
85: [73, 27, 67, 17, 29] : 176.21897077560425
25: [20, 25, 5, 84, 37] : 98.66874647140503
53: [53, 0] : 23.101173162460327
2: [2, 11, 35, 69, 23] : 66.06571340560913
40: [51, 29, 93, 65, 80] : 280.1229679584503
75: [75, 66, 95, 65, 3] : 152.44407200813293
48: [48] : 45.48575305938721
31: [31, 4, 97, 63, 42] : 220.28527975082397
42: [42, 88, 43, 4, 38] : 143.3978295326233
58: [58, 69, 23] : 53.80032706260681
29: [29, 4, 93, 3, 80] : 241.9441442489624
78: [78, 80, 97, 34, 88] : 215.7576117515564
78: [78, 99, 77, 44, 51] : 56.33663368225098
4: [4, 63, 80, 50, 64] : 248.53201365470886
1: [1, 32, 91, 51, 69] : 71.19377946853638
49: [49, 23, 69, 51] : 49.996591329574585
21: [21, 29, 27, 65, 78] : 66.5969934463501
68: [60, 49, 12, 68, 71] : 49.29197335243225
91: [1, 91, 32, 73, 26] : 91.5326578617096
44: [44, 99, 27, 29, 91] : 62.0816113948822
13: [13, 81, 68, 69] : 46.733367681503296
64: [80, 74, 64, 44, 4] : 198.35087490081787
48: [48, 69, 51] : 62.7304527759552
71: [71, 12, 60, 17, 49] : 58.22164487838745
76: [76, 17] : 23.705723524093628
71: [71, 60, 12, 23, 69] : 73.66993641853333
49: [49, 17, 23] : 35.24670743942261
6: [6, 7, 18, 77, 79] : 165.06950211524963
67: [4, 80, 88, 27, 78] : 264.3118064403534
42: [42, 4, 88, 3, 64] : 166.34316730499268
59: [56, 52, 96, 33, 47] : 174.52779507637024
44: [78, 99, 50, 44, 32] : 250.86616826057434
36: [36, 50, 4, 63, 65] : 143.96390628814697
28: [28, 10, 57, 51, 40] : 64.6399405002594
97: [97, 88, 38, 34, 63] : 143.33784580230713
44: [78, 44, 27, 74, 42] : 175.35950422286987
9: [9, 69] : 53.7916419506073
24: [24, 7, 4, 6, 99] : 117.69938230514526
42: [42, 43, 88, 15, 3] : 158.66868829727173
67: [50, 2, 31, 28, 66] : 300.6817395687103
72: [4, 63, 55, 72, 3] : 161.1842963695526
70: [70, 62, 51] : 32.016764402389526
2: [2, 69, 51] : 57.61284112930298
57: [57, 53, 83, 82, 0] : 72.32128620147705
58: [58, 37, 68, 75, 29] : 274.480092048645
70: [70, 62, 92, 53, 0] : 66.53489947319031
69: [85, 29, 69] : 44.8072292804718
54: [54, 70, 92, 83, 51] : 55.03377318382263
81: [13, 81, 90, 94, 87] : 71.03133535385132
90: [90, 13, 81, 89, 41] : 79.34314584732056
15: [15, 29, 43, 80, 99] : 184.2577314376831
82: [82] : 23.694657802581787
89: [89, 69] : 35.852906465530396
31: [31, 29, 65, 74, 99] : 69.09349942207336
17: [85, 17, 27, 20, 39] : 120.95036959648132
4: [4, 63, 50, 80, 74] : 210.5217444896698
16: [16, 28, 9, 10, 69] : 77.46400165557861
5: [5, 25, 20] : 29.465848207473755
24: [24, 7, 79, 45, 99] : 106.25076270103455
35: [11, 2, 35, 14, 46] : 266.8492970466614
7: [7, 18, 99, 53, 69] : 112.51524901390076
62: [62, 92, 70, 53, 51] : 56.26602101325989
73: [30, 73, 91, 1, 67] : 200.3102147579193
74: [4, 74, 44, 93, 80] : 243.37250089645386
71: [71, 60, 56, 49, 27] : 76.121990442276
6: [6, 7, 26, 24, 79] : 136.84234952926636
13: [13, 58, 81, 90, 69] : 49.25212621688843
46: [46, 11, 98, 35, 85] : 110.60564732551575
23: [71, 23, 60, 76, 49] : 137.51785898208618
91: [1, 91, 32, 51, 23] : 62.09355401992798
72: [80, 4, 38, 77, 50] : 261.85947465896606
31: [31, 29, 27, 65, 99] : 57.60742211341858
72: [4, 80, 75, 63, 66] : 163.74488735198975
47: [47, 96, 52, 62, 33] : 78.07020783424377
96: [52, 59, 96, 47, 56] : 227.07551622390747
14: [14, 50, 99, 18, 24] : 117.69313955307007
34: [43, 88, 97, 34, 42] : 143.27038049697876
50: [50, 64, 4, 80, 63] : 108.78002786636353
39: [39, 86, 76, 40, 9] : 87.63279485702515
59: [97, 65, 80, 59, 88] : 183.58232164382935
48: [48, 86, 69, 51] : 60.15451097488403
97: [97, 64, 66, 34, 50] : 126.12002229690552
13: [13, 81, 60, 69, 23] : 80.02317643165588
50: [80, 4, 38, 74, 50] : 276.53035950660706
49: [49, 63, 60, 4, 3] : 172.1226167678833
61: [61, 22, 10, 89, 84] : 121.03250789642334
23: [60, 59, 33, 52, 53] : 151.12731742858887
44: [80, 15, 29, 4, 99] : 135.0383107662201
1: [1, 91, 73, 45, 27] : 85.7471010684967
27: [60, 27, 97, 4, 80] : 255.95835041999817
57: [57, 0, 32, 82, 70] : 166.36895632743835
14: [14, 74, 99, 62, 79] : 161.9164388179779
24: [24, 7, 45, 99, 18] : 140.08441352844238
12: [7, 14, 60, 23, 12] : 97.27196884155273
5: [5, 20, 93, 96, 52] : 108.86431050300598
2: [2, 11] : 23.721609592437744
83: [83, 53] : 23.08928346633911
48: [48, 69, 23] : 50.61397075653076
27: [27, 29, 67, 44, 1] : 225.3116590976715
43: [43, 65, 27, 29] : 55.05617952346802
41: [41, 89, 48, 69] : 40.964359998703
56: [52, 96, 59, 47, 29] : 119.67525053024292
72: [72, 97, 43, 31, 4] : 152.38953232765198
94: [94, 52, 96, 59, 60] : 105.21060371398926
97: [97, 34, 38, 43, 15] : 100.67030119895935
43: [43, 88, 42, 97, 4] : 195.37388443946838
77: [53, 57, 77, 0, 51] : 70.48156809806824
93: [93, 29, 67, 32, 73] : 76.87222981452942
79: [79, 6, 75, 44, 7] : 308.7699089050293
84: [84, 20, 14, 60, 28] : 291.5608389377594
35: [35, 11, 98, 2] : 50.592629194259644
81: [81, 13, 90, 60, 51] : 82.62078213691711
86: [86, 85, 39, 17, 87] : 187.64891648292542
11: [11, 46, 98, 35, 86] : 113.32838726043701
75: [75, 4, 80, 64, 63] : 238.79034900665283
64: [38, 80, 64, 97, 3] : 114.60747194290161
8: [8, 48, 69, 23, 51] : 71.09121870994568
49: [97, 75, 4, 27, 95] : 158.17869329452515
16: [9, 16, 17, 76, 28] : 99.26407194137573
59: [96, 52, 59, 47, 60] : 101.79832053184509
45: [99, 32, 18, 27, 73] : 139.019300699234
24: [24, 7, 99, 45, 18] : 127.47820854187012
34: [97, 34, 38, 29, 42] : 163.91258263587952
80: [80, 4, 14, 44, 1] : 257.53754687309265
8: [8] : 51.28642296791077
68: [68, 48, 13, 8, 58] : 126.11834669113159
3: [3, 4, 63, 64, 75] : 132.473872423172
92: [70, 51] : 23.705795288085938
57: [4, 51, 65, 38, 57] : 209.93067145347595
82: [82] : 23.731411457061768
92: [92, 51] : 41.69451379776001
24: [6, 24, 7, 4, 80] : 196.60099625587463
32: [1, 32, 91, 67, 69] : 97.3462245464325
76: [17, 76, 92, 51] : 46.7736759185791
32: [28, 9, 2, 86, 10] : 128.08922386169434
46: [46, 11, 98, 35, 86] : 63.99733233451843
26: [45, 26, 99, 69] : 56.981769323349
62: [62, 70, 82, 92, 51] : 40.981440782547
23: [23, 76, 17, 37] : 35.224098920822144
63: [4, 80, 63, 97, 38] : 297.70104694366455
51: [51, 99, 70, 62, 92] : 186.98057413101196
70: [70, 62, 92, 6, 18] : 102.47632622718811
25: [41, 58, 25, 20, 85] : 378.68838810920715
80: [80, 4, 65, 3, 34] : 137.97829174995422
36: [36, 50, 65, 64, 4] : 114.6064305305481
61: [80, 4, 66, 74, 64] : 250.84555673599243
15: [15, 29, 75, 64, 97] : 152.22158670425415
38: [38, 64, 80, 4, 50] : 160.57962203025818
1: [1, 91, 32, 51, 23] : 67.86576843261719
34: [34, 97, 74, 65] : 51.916281938552856
67: [32, 93, 73, 67, 65] : 244.75817823410034
86: [86] : 36.57366442680359
64: [36, 50, 65, 74, 97] : 129.45575332641602
24: [24, 7, 32, 67, 99] : 295.17897391319275
82: [82] : 27.549745559692383
5: [20, 5] : 23.709364414215088
76: [76, 69] : 32.66950869560242
13: [13, 58, 60, 86, 89] : 99.23054552078247
61: [80, 65, 97, 72, 38] : 149.29713487625122
50: [97, 43, 88, 27, 42] : 235.7373309135437
70: [41, 47, 96, 70, 52] : 134.49689888954163
98: [35, 98, 11, 2, 37] : 68.51488184928894
20: [20] : 24.365165948867798
97: [97, 38, 88, 34, 42] : 89.03143191337585
60: [60, 0, 94, 53, 33] : 125.49579977989197
14: [14, 99, 78, 26, 74] : 75.59616661071777
27: [27, 4, 63, 80, 75] : 212.71461367607117
87: [87, 25, 20, 5, 40] : 140.83568167686462
60: [60, 49, 29, 71, 23] : 67.21149730682373
44: [44, 27, 29, 91, 78] : 130.60651206970215
8: [8, 48, 69, 23] : 68.54890775680542
95: [95, 30, 72, 27, 69] : 101.17303013801575
82: [82, 62, 70] : 32.06573152542114
51: [4, 80, 44, 51, 74] : 267.9041676521301
8: [80, 44, 60, 86, 69] : 268.22459959983826
41: [41, 69, 23] : 62.751333475112915
3: [3, 43, 38, 97, 88] : 80.64025163650513
67: [67, 32, 50, 4, 2] : 323.3189334869385
50: [80, 64, 38, 4, 65] : 152.55597162246704
9: [9, 53, 87, 22, 86] : 77.54078078269958
70: [70, 62, 51] : 32.05550980567932
80: [80, 50, 4, 64, 75] : 181.22210788726807
82: [82, 70, 62, 0] : 43.56119704246521
84: [84, 20, 37, 5] : 41.61772871017456
63: [4, 74, 80, 75, 66] : 201.65670680999756
60: [71, 60, 49, 53, 33] : 60.188352823257446
80: [80, 4, 34, 75, 63] : 190.06130456924438
56: [56] : 36.047080755233765
25: [5, 25, 94, 20, 40] : 72.02015614509583
74: [4, 63, 38, 50, 80] : 248.10777878761292
38: [15, 38, 43, 31, 97] : 106.88213038444519
52: [96, 52, 33, 59, 47] : 116.46580648422241
93: [93, 51, 69] : 50.557302474975586
29: [29, 27, 44, 74, 38] : 204.20770001411438
2: [53, 0] : 28.871953010559082
44: [50, 4, 66, 64, 44] : 323.50938534736633
79: [4, 64, 63, 44, 80] : 282.39276099205017
11: [11, 35, 98, 2, 53] : 65.3496081829071
26: [23, 75, 50, 51, 0] : 277.3633441925049
95: [73, 91, 1, 93, 67] : 137.77960419654846
31: [97, 31, 80, 63, 4] : 279.46192502975464
88: [88, 34, 4, 42, 43] : 143.45571327209473
2: [2, 11, 35, 18, 7] : 132.28804421424866
37: [37, 17, 23] : 38.556933641433716
68: [68, 60, 49, 58, 12] : 98.00885057449341
66: [66, 88, 97, 55, 34] : 188.6293487548828
95: [23, 50, 97, 43, 31] : 201.71367621421814
91: [91, 1, 32, 67, 69] : 50.61282253265381
40: [86, 40, 99, 78, 54] : 98.40491366386414
18: [44, 18, 7, 99, 27] : 357.80725479125977
19: [19, 31, 3, 38, 15] : 92.25823712348938
77: [77, 50, 6, 7, 36] : 144.39352798461914
18: [56, 14, 59, 44, 7] : 307.66719222068787
25: [20, 25, 5, 84] : 35.24819254875183
30: [30, 95, 1, 91, 72] : 145.0779423713684
38: [38, 97, 43, 34, 3] : 129.89581084251404
77: [99, 4, 18, 50, 7] : 281.21689653396606
71: [71, 49, 60, 12, 17] : 87.32092213630676
1: [91, 32, 67, 45, 99] : 113.26408290863037
28: [10, 28, 84, 61, 51] : 68.98062515258789
32: [67, 32, 51, 23, 43] : 147.8400857448578
4: [72, 55, 30, 95, 32] : 132.87146830558777
76: [76, 44, 75, 95, 79] : 210.54255032539368
90: [90, 69, 51, 23] : 67.00774216651917
14: [14, 18, 99, 82, 77] : 213.94735097885132
25: [47, 17, 37] : 49.91382145881653
70: [70, 53, 57, 51, 69] : 62.99183702468872
17: [17, 96, 37, 47, 27] : 74.3980016708374
95: [4, 75, 66, 55, 72] : 230.3846879005432
75: [63, 75, 4, 80, 74] : 192.53053903579712
6: [50, 63, 88, 43, 97] : 277.0594346523285
86: [86] : 21.63814425468445
94: [37, 76, 17, 86, 87] : 68.72205948829651
28: [28, 10, 16, 40, 57] : 86.62705111503601
73: [73, 30, 91, 95, 32] : 213.12943243980408
36: [4, 50, 74, 63, 64] : 132.2698941230774
18: [57, 99, 18, 83, 80] : 206.75731348991394
10: [28, 10, 69] : 44.809924364089966
34: [34, 97, 38, 3, 88] : 74.83875036239624
1: [1, 32, 91, 51] : 48.42082405090332
64: [64, 4, 50, 75, 66] : 175.26927399635315
28: [10, 28, 61, 84, 53] : 104.9911036491394
82: [82, 62, 70] : 30.151466131210327
96: [96, 52, 59, 60, 7] : 250.73156213760376
59: [56, 59, 52, 47, 96] : 104.69426727294922
67: [17, 29, 76, 97, 31] : 218.947988986969
15: [15, 19, 3, 29, 99] : 57.62657022476196
27: [27, 29, 44, 93, 78] : 179.1612057685852
99: [78, 99, 44, 69] : 53.80474328994751
72: [31, 3, 38, 30, 72] : 271.7383952140808
6: [6, 88, 42, 97, 43] : 251.53093028068542
62: [62, 51, 18, 99, 70] : 206.04401326179504
37: [37, 17, 76, 12] : 36.12439727783203
31: [31, 38, 21, 42, 3] : 103.50492453575134
45: [45, 1, 26, 83, 32] : 114.5481264591217
58: [58, 89, 41, 7, 85] : 210.00863027572632
97: [97, 34, 38, 64, 80] : 129.28934621810913
25: [20, 25, 5] : 29.483864307403564
25: [25, 5, 20, 40] : 39.404895544052124
69: [17, 69, 49, 60, 65] : 78.76666498184204
21: [21, 4, 15, 38, 63] : 167.89712142944336
19: [19, 97, 15, 38, 34] : 114.63919520378113
20: [20, 25, 5, 84, 92] : 49.967200756073
27: [4, 66, 27, 80, 75] : 253.64833641052246
45: [45, 29, 63, 57, 0] : 353.6528158187866
65: [66, 75, 65, 64, 63] : 168.0126724243164
64: [50, 64, 4, 74, 36] : 144.17076802253723
12: [60, 17, 12, 76, 53] : 120.39734268188477
50: [25, 5, 20, 27, 4] : 215.2264907360077
61: [14, 18, 78, 99, 10] : 161.42369174957275
25: [25, 20, 5] : 30.21252727508545
0: [0, 57] : 23.655025243759155
71: [71, 60, 49, 56, 96] : 84.03669929504395
13: [13, 81, 90] : 32.11893439292908
3: [75, 63, 4, 3, 64] : 124.08949279785156
80: [80, 65, 4, 32, 38] : 156.13097429275513
2: [2, 4, 11, 64, 80] : 184.22497177124023
2: [2, 69, 51] : 49.12066054344177
91: [91, 32, 65, 93, 29] : 88.90717911720276
18: [78, 99, 44, 74, 18] : 267.9633979797363
20: [20, 25, 84, 5, 39] : 49.96122694015503
6: [6, 7, 18, 99, 79] : 126.52357530593872
38: [63, 4, 80, 74, 64] : 268.510888338089
59: [59, 52, 47, 96, 70] : 78.7691810131073
46: [13, 85, 48, 46, 22] : 170.3420820236206
2: [5] : 17.962123155593872
64: [64, 75, 97, 3, 50] : 144.27346634864807
77: [77, 99, 24, 18, 4] : 271.5516402721405
21: [21, 42, 29, 88, 27] : 188.24853801727295
98: [98, 35, 46, 2, 11] : 44.56781506538391
58: [47, 58, 59, 37, 60] : 102.4255006313324
54: [54, 92, 70] : 32.8129506111145
25: [25, 5, 20] : 29.482752323150635
98: [35, 98, 46, 11, 86] : 76.15207028388977
64: [96, 52, 59, 44, 47] : 308.76983165740967
12: [12, 17, 69] : 64.36475110054016
20: [20, 25, 5, 84, 94] : 74.24234628677368
2: [2, 69, 23] : 50.61360001564026
65: [50, 65, 93, 75, 72] : 298.19079637527466
4: [4, 99, 78, 80, 67] : 265.8562557697296
23: [23, 69] : 20.509119033813477
72: [72, 29, 65, 78, 99] : 83.88965940475464
40: [40, 20, 86, 99, 78] : 353.03775787353516
91: [32, 91, 67, 82, 27] : 120.11218047142029
80: [80, 63, 47, 50, 66] : 310.53463673591614
99: [99, 18, 7, 14, 6] : 144.35940670967102
24: [24, 7, 18, 6, 79] : 138.30393648147583
41: [41, 69] : 42.61377191543579
45: [27, 88, 43, 97, 78] : 290.14604783058167
17: [17, 37, 60, 76, 23] : 69.15670108795166
60: [63, 80, 4, 66, 64] : 352.1672396659851
61: [61, 99, 78, 10, 29] : 231.5480077266693
86: [86, 39, 87, 20, 69] : 54.500144243240356
0: [0, 53, 57, 51] : 35.46966600418091
53: [53, 57, 83, 82, 96] : 87.86239504814148
0: [0, 57] : 23.66097855567932
82: [82, 62] : 24.32164478302002
42: [42, 43, 88, 27, 29] : 158.84808802604675
74: [7, 99, 18, 77, 74] : 153.37550687789917
53: [70, 57, 53, 0, 92] : 85.14480352401733
96: [96, 52, 47, 59, 80] : 297.58836460113525
count (test images): 625
Mean per class acc: 66.15%
Mean inference time: 126.26 sec
Top 1 acc: 66.72%
Top 3 acc: 81.28%
Top 2 acc: 76.96%
Top 5 acc: 86.24%
