49: [49, 17, 60, 76, 77] : 62.497093200683594
92: [92, 83, 62, 61, 10] : 55.392963886260986
41: [95, 99, 43, 90, 38] : 81.432852268219
75: [97, 54, 14, 56, 59] : 85.41116523742676
7: [7, 6, 99, 77, 4] : 92.19618654251099
71: [71, 60, 49, 70, 92] : 61.591054916381836
50: [4, 74, 50, 63, 36] : 92.20151877403259
27: [27, 38, 15, 55, 29] : 84.52435374259949
70: [70, 53, 92, 62, 83] : 62.27858805656433
24: [24, 45, 6, 7, 99] : 99.83525109291077
36: [36, 50, 64, 80, 65] : 87.1816794872284
32: [93, 83, 7, 67, 18] : 66.54214024543762
45: [63, 65, 97, 4, 50] : 90.44376564025879
80: [80, 4, 34, 64, 55] : 96.64380073547363
12: [12, 76, 60, 17, 40] : 52.12590956687927
23: [23, 76, 49, 60, 69] : 62.89698314666748
58: [97, 88, 42, 43, 34] : 80.69650149345398
96: [96, 52, 47, 59, 60] : 62.24834895133972
42: [42, 43, 88, 97, 3] : 77.53094053268433
86: [83, 78, 99, 27, 29] : 83.20236468315125
37: [17, 37, 76, 60, 15] : 79.37863063812256
45: [45, 80, 64, 66, 26] : 78.7335958480835
37: [37, 17, 60, 13, 85] : 52.06375765800476
90: [60, 18, 7, 42, 3] : 82.63847184181213
69: [43, 52, 47, 56, 82] : 77.53323268890381
40: [40, 38, 42, 84, 24] : 74.98758888244629
27: [80, 95, 17, 50, 4] : 85.73143672943115
18: [24, 53, 18, 0, 83] : 64.74471378326416
55: [34, 29, 42, 97, 38] : 75.49485182762146
54: [70, 92, 83, 14, 7] : 66.61134934425354
37: [37, 17, 22, 40, 87] : 48.88093423843384
36: [4, 65, 77, 64, 80] : 83.2023618221283
35: [35, 98, 11, 46, 27] : 61.63818383216858
37: [37, 17, 60, 76, 22] : 57.1973192691803
27: [97, 72, 27, 33, 23] : 84.437579870224
73: [30, 73, 97, 27, 49] : 79.96484088897705
65: [65, 80, 50, 4, 74] : 84.35452485084534
91: [91, 1, 73, 32, 67] : 91.98678398132324
64: [64, 80, 50, 38, 65] : 92.68621277809143
17: [17, 60, 37, 43, 14] : 73.6960711479187
41: [89, 69, 17, 85, 37] : 55.30409359931946
19: [19, 43, 15, 34, 38] : 76.2249321937561
83: [83, 9, 84, 16, 28] : 50.17871713638306
37: [37, 5, 17, 23, 60] : 51.40968465805054
65: [38, 34, 97, 15, 3] : 74.21850943565369
97: [97, 50, 64, 66, 65] : 98.9523138999939
95: [71, 73, 17, 67, 60] : 59.647077798843384
48: [48, 8, 89, 1, 73] : 64.77233362197876
54: [54, 70, 14, 6, 18] : 62.89591336250305
86: [96, 52, 59, 60, 70] : 57.806336879730225
86: [86, 16, 87, 9, 39] : 48.90412712097168
6: [6, 70, 82, 7, 14] : 90.78177690505981
85: [85, 4, 27, 7, 42] : 93.24153304100037
53: [53, 57, 0, 63, 50] : 85.65117979049683
9: [9, 10, 84, 61, 0] : 50.785133600234985
20: [20, 25, 84, 5, 60] : 52.06287479400635
99: [78, 99, 44, 53, 57] : 65.44574475288391
8: [8, 48, 53, 5, 69] : 53.411097288131714
14: [14, 7, 18, 24, 54] : 78.75561261177063
23: [59, 52, 67, 56, 1] : 73.01293349266052
74: [80, 4, 65, 64, 63] : 97.71678304672241
82: [82, 14, 62, 54, 6] : 83.76489567756653
15: [15, 29, 27, 72, 31] : 89.51011514663696
30: [30, 71, 27, 34, 97] : 82.5945930480957
71: [71, 67, 73, 32, 14] : 66.71147322654724
28: [28, 57, 10, 16, 61] : 47.656298875808716
81: [47, 52, 96, 37, 17] : 51.4408974647522
26: [1, 82, 6, 29, 45] : 88.89278101921082
96: [41, 60, 23, 33, 77] : 71.80449867248535
76: [76, 60, 49, 53, 6] : 61.00950813293457
21: [21, 63, 4, 31, 80] : 92.08309817314148
0: [0, 51, 28, 9, 16] : 47.6381561756134
2: [2, 11, 35, 65, 9] : 58.48396134376526
46: [46, 98, 11, 35, 2] : 64.22274708747864
15: [15, 29, 38, 31, 97] : 77.53359317779541
43: [43, 4, 63, 80, 55] : 84.48770475387573
19: [97, 19, 29, 15, 43] : 85.05462789535522
88: [88, 43, 42, 4, 50] : 100.26374650001526
88: [97, 88, 42, 34, 3] : 89.46412205696106
39: [39, 86, 25, 87, 20] : 52.08435869216919
28: [28, 16, 84, 10, 86] : 48.93618607521057
17: [17, 49, 60, 59, 52] : 59.76871371269226
4: [4, 55, 50, 80, 74] : 92.12995147705078
42: [4, 55, 74, 72, 99] : 94.0066328048706
53: [53, 10, 61, 28, 84] : 50.17731738090515
47: [47, 52, 96, 59, 23] : 64.10620784759521
43: [43, 3, 42, 97, 55] : 76.18820691108704
81: [37, 17, 12, 86, 39] : 52.05354928970337
8: [8, 89, 7, 11, 14] : 67.35464596748352
47: [60, 17, 53, 23, 11] : 48.95435571670532
19: [19, 15, 38, 4, 43] : 87.68970227241516
62: [62, 70, 51, 60, 87] : 54.03092312812805
70: [70, 62, 47, 60, 54] : 64.16418933868408
87: [87, 20, 86, 94, 22] : 49.532222032547
92: [83, 53, 70, 14, 62] : 66.63145852088928
55: [30, 4, 38, 55, 95] : 86.93426537513733
62: [62, 47, 82, 92, 70] : 68.56950259208679
17: [17, 60, 27, 15, 43] : 80.06906294822693
58: [58, 85, 89, 13, 42] : 76.27086091041565
64: [80, 64, 50, 74, 63] : 94.01068806648254
60: [60, 19, 97, 31, 38] : 81.88443946838379
13: [60, 17, 57, 37, 94] : 48.262776136398315
65: [65, 50, 36, 64, 4] : 93.90304112434387
24: [24, 7, 14, 79, 74] : 57.75448203086853
12: [76, 17, 97, 88, 42] : 80.00536322593689
10: [10, 53, 28, 70, 62] : 52.107181787490845
10: [10, 61, 28, 0, 20] : 53.41563415527344
83: [99, 53, 88, 97, 34] : 78.80145931243896
27: [99, 44, 18, 50, 64] : 85.74153757095337
73: [73, 91, 30, 1, 67] : 85.68081617355347
51: [14, 70, 7, 92, 1] : 68.53402924537659
17: [17, 60, 69, 65, 37] : 67.2551097869873
20: [25, 20, 5, 24, 40] : 62.85642910003662
86: [85, 90, 17, 13, 5] : 55.28232288360596
70: [70, 14, 62, 6, 92] : 70.56241464614868
49: [49, 60, 53, 71, 23] : 56.57458853721619
56: [56, 59, 52, 96, 23] : 64.16544938087463
43: [43, 42, 88, 3, 4] : 99.64276027679443
28: [28, 40, 16, 10, 9] : 48.873899698257446
17: [17, 9, 76, 16, 20] : 51.38949131965637
74: [4, 55, 63, 74, 32] : 90.73388957977295
46: [11, 35, 46, 2, 60] : 62.86816215515137
63: [4, 66, 65, 63, 64] : 92.13002300262451
41: [41, 67, 89, 99, 78] : 72.43394231796265
78: [78, 31, 44, 42, 29] : 75.56054925918579
92: [92, 70, 82, 62, 18] : 62.197092056274414
36: [36, 50, 65, 64, 80] : 86.89359378814697
59: [52, 59, 96, 56, 47] : 68.47735381126404
4: [4, 80, 43, 63, 38] : 77.35067701339722
97: [97, 43, 38, 34, 72] : 87.53748536109924
29: [29, 27, 93, 67, 44] : 73.01425504684448
87: [86, 87, 40, 41, 9] : 58.493237018585205
63: [63, 80, 82, 56, 59] : 82.66046714782715
27: [27, 97, 44, 78, 88] : 77.48673582077026
89: [89, 85, 60, 58, 69] : 52.05253267288208
43: [43, 97, 38, 42, 3] : 87.54538178443909
10: [10, 28, 20, 61, 51] : 44.412466049194336
54: [14, 18, 54, 24, 7] : 74.87162399291992
73: [95, 44, 14, 78, 99] : 88.8940372467041
19: [97, 34, 63, 64, 4] : 89.56278491020203
41: [41, 7, 95, 4, 63] : 99.029700756073
27: [27, 44, 60, 32, 99] : 91.97321128845215
14: [14, 32, 7, 1, 78] : 72.94915628433228
96: [17, 33, 49, 37, 1] : 60.90020132064819
76: [76, 60, 49, 23, 17] : 46.94112968444824
12: [17, 12, 60, 76, 23] : 46.96534848213196
34: [34, 97, 38, 80, 4] : 95.89394330978394
50: [4, 50, 64, 74, 66] : 86.99980068206787
25: [25, 20, 5, 84, 87] : 58.41315221786499
51: [4, 80, 74, 63, 55] : 89.47984600067139
70: [70, 62, 14, 92, 18] : 62.17001223564148
50: [50, 4, 74, 64, 63] : 91.94443583488464
94: [94, 5, 84, 22, 40] : 52.0033597946167
30: [73, 1, 91, 27, 32] : 68.53186392784119
3: [3, 4, 63, 19, 31] : 83.8053936958313
55: [4, 55, 80, 65, 50] : 84.44090485572815
81: [13, 81, 53, 60, 90] : 59.67380690574646
0: [0, 57, 53, 10, 52] : 56.4528124332428
64: [63, 64, 3, 97, 74] : 90.69799542427063
34: [63, 34, 80, 38, 64] : 89.41408324241638
92: [62, 70, 82, 92, 54] : 66.60834789276123
20: [25, 20, 5, 84, 94] : 52.03733229637146
73: [30, 73, 67, 45, 65] : 78.14683866500854
11: [11, 35, 2, 85, 86] : 57.17082405090332
89: [42, 88, 15, 43, 34] : 80.00089001655579
50: [50, 65, 80, 64, 36] : 91.39248538017273
10: [29, 93, 53, 1, 91] : 64.71526789665222
52: [52, 59, 23, 49, 33] : 53.289387941360474
91: [91, 1, 32, 67, 0] : 65.3186354637146
63: [4, 63, 65, 80, 97] : 81.18047189712524
4: [4, 55, 72, 27, 30] : 90.17655301094055
78: [0, 86, 40, 39, 60] : 50.21641516685486
53: [53, 96, 59, 82, 62] : 55.91430878639221
38: [38, 80, 65, 64, 4] : 88.89617323875427
6: [6, 14, 18, 63, 50] : 83.75948596000671
47: [96, 52, 60, 53, 37] : 52.0140905380249
84: [84, 20, 65, 9, 94] : 58.361958265304565
13: [13, 60, 69, 89, 53] : 53.913074016571045
5: [5, 20, 84, 25, 94] : 50.13756322860718
21: [21, 64, 4, 63, 3] : 88.2910840511322
70: [70, 6, 62, 18, 60] : 66.73668122291565
70: [70, 92, 62, 9, 28] : 61.63210701942444
27: [27, 29, 93, 44, 99] : 80.00770735740662
5: [84, 20, 94, 87, 60] : 52.039597272872925
5: [5, 94, 20, 25, 40] : 48.857720613479614
0: [57, 0, 53, 83, 99] : 76.76452040672302
73: [25, 5, 27, 2, 88] : 86.90031385421753
89: [57, 0, 29, 60, 77] : 60.3233699798584
7: [53, 7, 83, 18, 57] : 66.73081827163696
78: [78, 44, 99, 64, 4] : 91.50937747955322
25: [25, 20, 5, 39, 84] : 58.43142485618591
53: [53, 16, 87, 10, 28] : 50.156578063964844
25: [25, 5, 20, 84, 94] : 49.50876522064209
23: [23, 52, 49, 59, 71] : 59.65753650665283
42: [42, 43, 88, 4, 55] : 92.62410855293274
59: [59, 47, 23, 17, 76] : 59.63701415061951
34: [34, 97, 64, 38, 4] : 86.9769012928009
71: [71, 60, 73, 67, 56] : 61.01405715942383
88: [88, 42, 80, 50, 64] : 92.09789395332336
62: [54, 70, 14, 50, 64] : 85.0947687625885
42: [97, 80, 64, 66, 4] : 92.0250313282013
9: [9, 84, 16, 20, 94] : 46.971484661102295
9: [9, 90, 2, 91, 1] : 67.24418234825134
65: [72, 4, 55, 65, 74] : 92.64171481132507
50: [4, 80, 50, 44, 74] : 77.49995756149292
87: [87, 1, 73, 67, 44] : 67.36458015441895
12: [12, 71, 53, 68, 60] : 48.91872978210449
99: [99, 78, 18, 83, 44] : 83.20805549621582
88: [88, 34, 38, 43, 97] : 72.37164783477783
57: [10, 0, 61, 28, 16] : 50.15631413459778
43: [43, 88, 42, 97, 55] : 79.30186414718628
48: [48, 7, 8, 78, 69] : 76.75760698318481
49: [49, 60, 53, 23, 37] : 55.857020139694214
73: [30, 73, 29, 67, 93] : 79.4154543876648
49: [49, 33, 14, 7, 0] : 57.80988574028015
56: [56, 59, 71, 49, 60] : 59.707372188568115
21: [21, 27, 29, 78, 31] : 100.33388161659241
46: [46, 11, 98, 35, 85] : 52.67511487007141
73: [91, 73, 30, 32, 67] : 79.91325378417969
77: [4, 74, 99, 77, 51] : 80.5531907081604
85: [85, 27, 18, 29, 42] : 85.02735686302185
32: [4, 63, 80, 6, 44] : 94.6435079574585
27: [27, 44, 78, 91, 93] : 83.8437385559082
20: [20, 25, 84, 5, 60] : 55.27540922164917
38: [38, 80, 72, 55, 4] : 87.58403158187866
96: [59, 52, 96, 60, 7] : 64.09231615066528
77: [77, 24, 79, 6, 99] : 56.48143768310547
54: [54, 70, 62, 0, 57] : 62.18181896209717
29: [29, 43, 34, 42, 38] : 85.07835221290588
65: [2, 50, 65, 80, 31] : 79.43406176567078
84: [87, 86, 39, 41, 10] : 48.944129943847656
85: [27, 78, 42, 51, 30] : 77.52439069747925
0: [0, 28, 9, 16, 10] : 50.18946957588196
10: [10, 28, 53, 51, 61] : 46.99360394477844
28: [20, 25, 40, 84, 87] : 58.375359773635864
34: [80, 4, 65, 74, 97] : 86.91376638412476
70: [70, 62, 82, 92, 60] : 64.08504557609558
90: [27, 29, 42, 31, 93] : 79.97328114509583
59: [59, 52, 60, 17, 49] : 53.38542652130127
50: [50, 64, 36, 65, 74] : 95.28066968917847
89: [89, 85, 58, 35, 60] : 55.24672222137451
87: [86, 87, 94, 20, 39] : 52.03497886657715
39: [39, 5, 87, 86, 41] : 47.59741020202637
9: [9, 25, 5, 16, 57] : 48.87023210525513
77: [91, 4, 80, 30, 50] : 93.89009714126587
37: [96, 47, 52, 59, 70] : 68.61722564697266
45: [4, 30, 32, 50, 80] : 92.1058235168457
10: [70, 92, 61, 83, 77] : 57.75136184692383
51: [51, 4, 80, 63, 99] : 79.28819799423218
40: [56, 59, 52, 96, 47] : 68.4728102684021
71: [71, 26, 45, 73, 32] : 58.93671274185181
30: [30, 97, 73, 67, 74] : 79.79341530799866
37: [37, 17, 53, 0, 57] : 60.145761251449585
69: [76, 17, 60, 49, 20] : 51.26415419578552
75: [97, 65, 34, 55, 77] : 82.91366791725159
87: [87, 71, 49, 17, 60] : 58.29254937171936
30: [30, 95, 74, 80, 4] : 91.8348433971405
92: [92, 70, 51, 57, 65] : 62.06964826583862
48: [48, 41, 86, 45, 89] : 63.33086371421814
0: [0, 10, 60, 9, 61] : 46.85211753845215
49: [49, 17, 76, 60, 53] : 56.32886719703674
46: [46, 98, 35, 11, 60] : 56.97281217575073
49: [49, 59, 14, 7, 6] : 81.6198377609253
94: [94, 9, 86, 20, 87] : 51.89113903045654
47: [47, 52, 96, 59, 14] : 68.35113286972046
72: [30, 95, 72, 55, 73] : 95.6426773071289
37: [37, 88, 3, 42, 43] : 70.95934057235718
41: [41, 86, 89, 85, 87] : 57.00798964500427
29: [4, 63, 80, 50, 65] : 93.69598841667175
50: [4, 64, 50, 80, 74] : 84.78338694572449
42: [38, 97, 43, 65, 42] : 88.5608184337616
92: [70, 92, 62, 83, 18] : 62.016286849975586
43: [4, 27, 97, 42, 34] : 100.59097862243652
83: [83, 0, 53, 61, 10] : 51.30856156349182
25: [20, 25, 84, 5, 94] : 51.92660593986511
7: [7, 24, 6, 79, 99] : 87.38691711425781
69: [69, 60, 49, 85, 76] : 67.11170220375061
43: [43, 4, 72, 63, 55] : 82.91719079017639
86: [94, 20, 86, 87, 40] : 51.901703119277954
13: [17, 37, 13, 81, 11] : 55.05877184867859
5: [5, 20, 18, 84, 7] : 59.46182179450989
43: [43, 42, 38, 4, 55] : 94.92451000213623
21: [21, 63, 64, 4, 74] : 97.52535653114319
40: [40, 84, 9, 53, 16] : 50.05409502983093
11: [11, 46, 35, 98, 2] : 72.19889259338379
2: [2, 11, 35, 46, 98] : 46.87252736091614
74: [4, 97, 44, 74, 42] : 84.81392002105713
30: [30, 73, 32, 67, 27] : 79.73735737800598
33: [33, 68, 97, 3, 34] : 75.92637181282043
92: [70, 92, 62, 47, 54] : 66.444007396698
0: [0, 10, 61, 5, 25] : 46.82895278930664
22: [76, 22, 56, 59, 70] : 58.25471353530884
45: [78, 99, 44, 29, 63] : 91.20987868309021
70: [70, 62, 92, 14, 7] : 66.50172567367554
22: [22, 40, 17, 84, 87] : 48.77000141143799
74: [4, 65, 44, 77, 74] : 81.01985335350037
15: [15, 43, 29, 38, 31] : 84.79500818252563
43: [97, 43, 3, 15, 4] : 89.20829677581787
47: [96, 52, 47, 59, 60] : 68.30749917030334
72: [72, 45, 32, 27, 71] : 82.2221314907074
39: [39, 86, 94, 87, 20] : 56.9896342754364
69: [69, 76, 60, 49, 23] : 55.10880088806152
54: [54, 62, 92, 52, 96] : 66.50504803657532
9: [9, 16, 57, 40, 28] : 50.05320620536804
85: [70, 52, 17, 96, 82] : 63.93900442123413
25: [20, 25, 5, 84, 60] : 48.74001336097717
53: [53, 57, 0, 77, 10] : 57.5883469581604
2: [69, 90, 13, 87, 10] : 63.2704815864563
40: [53, 51, 20, 47, 52] : 57.56754994392395
75: [66, 63, 80, 97, 43] : 92.95433163642883
48: [48, 8, 46, 60, 85] : 55.05298209190369
31: [31, 4, 64, 74, 66] : 91.20060801506042
42: [42, 88, 43, 38, 4] : 84.21416115760803
58: [58, 69, 60, 68, 16] : 55.08234429359436
29: [29, 4, 93, 3, 27] : 80.36513900756836
78: [80, 78, 4, 50, 34] : 86.70440173149109
78: [78, 99, 42, 44, 55] : 74.68551349639893
4: [4, 80, 63, 3, 43] : 84.77638030052185
1: [1, 32, 91, 67, 73] : 74.6668221950531
49: [49, 95, 73, 23, 17] : 74.7325587272644
21: [21, 31, 3, 97, 30] : 86.78530812263489
68: [60, 12, 49, 67, 73] : 62.07905411720276
91: [1, 91, 32, 73, 74] : 87.36007857322693
44: [44, 80, 99, 64, 50] : 90.49105262756348
13: [13, 81, 58, 90, 89] : 55.04633378982544
64: [80, 74, 4, 44, 50] : 84.77012181282043
48: [48, 89, 7, 58, 14] : 67.0494737625122
71: [71, 60, 12, 17, 49] : 57.59313726425171
76: [76, 17, 49, 7, 6] : 62.0619957447052
71: [71, 60, 12, 23, 76] : 57.636841773986816
49: [49, 76, 3, 31, 97] : 70.93094944953918
6: [6, 7, 77, 63, 4] : 84.83525443077087
67: [88, 47, 42, 52, 95] : 79.77131915092468
42: [42, 4, 64, 3, 63] : 96.78120923042297
59: [56, 52, 96, 33, 23] : 51.20415115356445
44: [78, 50, 30, 95, 72] : 93.58963084220886
36: [36, 50, 4, 63, 74] : 98.01101899147034
28: [10, 28, 57, 61, 99] : 56.29590368270874
97: [97, 63, 38, 34, 4] : 77.1651017665863
44: [78, 44, 27, 74, 4] : 90.45552015304565
9: [9, 16, 57, 28, 40] : 50.66605257987976
24: [24, 7, 4, 50, 55] : 82.37615609169006
42: [42, 43, 88, 97, 3] : 77.40619492530823
67: [50, 31, 3, 19, 36] : 81.80403423309326
72: [4, 55, 72, 63, 3] : 87.38109636306763
70: [70, 54, 92, 14, 18] : 62.053571939468384
2: [2, 11, 28, 99, 67] : 59.57688117027283
57: [57, 53, 83, 82, 51] : 55.819135904312134
58: [58, 29, 80, 60, 66] : 91.4095983505249
70: [70, 18, 14, 6, 62] : 66.71679925918579
69: [85, 89, 15, 31, 38] : 80.60026955604553
54: [54, 70, 14, 92, 83] : 62.15313196182251
81: [13, 81, 90, 87, 0] : 53.869317293167114
90: [90, 81, 13, 89, 41] : 57.00904631614685
15: [15, 29, 43, 44, 80] : 88.00792121887207
82: [82, 62, 92, 10, 61] : 51.92518734931946
89: [89, 85, 17, 58, 53] : 53.223838329315186
31: [31, 15, 4, 38, 21] : 92.50999760627747
17: [85, 17, 39, 5, 22] : 57.02078866958618
4: [4, 63, 50, 36, 74] : 87.39362406730652
16: [16, 28, 9, 53, 17] : 48.1387734413147
5: [5, 25, 20, 14, 6] : 72.14781451225281
24: [7, 24, 45, 79, 99] : 84.80060839653015
35: [70, 62, 11, 2, 86] : 53.77583169937134
7: [53, 69, 41, 10, 22] : 53.78092288970947
62: [62, 92, 53, 70, 7] : 62.04701542854309
73: [30, 73, 95, 50, 55] : 91.82253313064575
74: [4, 74, 44, 80, 63] : 76.6290328502655
71: [71, 60, 49, 73, 91] : 60.77536368370056
6: [6, 63, 4, 50, 72] : 88.58528542518616
13: [13, 58, 81, 90, 89] : 62.66050601005554
46: [46, 11, 98, 85, 86] : 56.96876907348633
23: [23, 71, 60, 76, 17] : 57.54800295829773
91: [1, 91, 32, 95, 30] : 88.59293842315674
72: [80, 4, 55, 77, 72] : 84.1363263130188
31: [31, 15, 43, 3, 21] : 71.53881406784058
72: [72, 4, 80, 66, 65] : 81.68353796005249
47: [47, 96, 52, 62, 14] : 68.38367080688477
96: [52, 59, 96, 47, 56] : 70.89688086509705
14: [14, 99, 24, 67, 50] : 87.99087023735046
34: [43, 88, 50, 80, 4] : 84.82528138160706
50: [50, 64, 4, 80, 38] : 86.66583681106567
39: [39, 86, 76, 40, 87] : 53.76259398460388
59: [97, 65, 59, 42, 88] : 94.26613593101501
48: [48, 8, 69, 86, 46] : 57.010082960128784
97: [97, 34, 64, 66, 80] : 91.82785773277283
13: [13, 58, 80, 27, 63] : 91.15986824035645
50: [4, 80, 50, 74, 64] : 89.22456932067871
49: [49, 60, 63, 4, 50] : 78.43587470054626
61: [61, 10, 22, 84, 87] : 47.46974444389343
23: [59, 52, 60, 33, 76] : 53.143898248672485
44: [80, 15, 4, 55, 30] : 93.58859658241272
1: [1, 30, 27, 29, 34] : 80.44246339797974
27: [97, 3, 88, 38, 91] : 73.44499158859253
57: [0, 28, 86, 39, 87] : 53.818780183792114
14: [14, 18, 64, 74, 50] : 83.51856017112732
24: [24, 7, 99, 45, 27] : 92.36318159103394
12: [60, 63, 7, 50, 4] : 94.19005942344666
5: [5, 20, 52, 96, 65] : 59.4486882686615
2: [2, 11, 35, 46, 98] : 63.87450385093689
83: [83, 25, 10, 61, 28] : 46.82093262672424
48: [48, 8, 11, 58, 69] : 62.666935205459595
27: [27, 29, 50, 4, 80] : 87.35059261322021
43: [43, 3, 42, 4, 80] : 84.19806623458862
41: [41, 89, 48, 69, 58] : 67.7211742401123
56: [52, 96, 47, 59, 56] : 68.32546615600586
72: [72, 97, 43, 30, 63] : 96.1336019039154
94: [94, 17, 76, 40, 20] : 51.87204837799072
97: [97, 34, 72, 38, 19] : 75.28040528297424
43: [43, 88, 4, 80, 63] : 89.22609877586365
77: [53, 57, 77, 0, 83] : 62.072516202926636
93: [93, 29, 67, 32, 73] : 89.27579402923584
79: [79, 44, 6, 7, 78] : 84.83096385002136
84: [84, 20, 28, 0, 37] : 48.13520693778992
35: [35, 11, 98, 2, 83] : 55.692158222198486
81: [81, 13, 90, 7, 14] : 64.51742792129517
86: [86, 85, 39, 87, 89] : 56.946359395980835
11: [11, 46, 98, 35, 86] : 53.7954306602478
75: [42, 34, 38, 97, 65] : 84.15795278549194
64: [80, 38, 64, 97, 50] : 84.22484993934631
8: [8, 48, 60, 35, 11] : 62.6859610080719
49: [49, 97, 27, 4, 63] : 87.98863410949707
16: [80, 4, 9, 97, 63] : 82.90467572212219
59: [96, 52, 59, 47, 42] : 75.26926374435425
45: [99, 27, 78, 45, 20] : 58.214131593704224
24: [24, 7, 18, 1, 32] : 61.99138116836548
34: [97, 38, 34, 29, 42] : 76.50476479530334
80: [80, 64, 63, 1, 34] : 77.14425802230835
8: [8, 48, 13, 60, 69] : 86.04549837112427
68: [60, 13, 48, 8, 81] : 51.91422629356384
3: [3, 4, 63, 55, 64] : 101.43296766281128
92: [70, 62, 82, 52, 51] : 58.40872359275818
57: [38, 27, 34, 3, 44] : 81.80814957618713
82: [82, 62, 87, 86, 22] : 53.89196157455444
92: [92, 18, 70, 14, 7] : 66.54854130744934
24: [6, 24, 7, 79, 88] : 84.86745500564575
32: [1, 32, 91, 67, 95] : 88.62858152389526
76: [17, 76, 53, 51, 37] : 46.8538544178009
32: [28, 9, 86, 16, 39] : 48.76914834976196
46: [46, 11, 98, 35, 86] : 57.01406002044678
26: [45, 26, 99, 30, 95] : 86.76719093322754
62: [62, 70, 82, 63, 50] : 93.71913480758667
23: [23, 59, 49, 56, 60] : 59.50978469848633
63: [4, 80, 66, 97, 29] : 89.23026251792908
51: [51, 70, 62, 18, 7] : 61.37261748313904
70: [70, 62, 92, 18, 53] : 61.98288917541504
25: [41, 25, 20, 85, 87] : 56.94202542304993
80: [80, 4, 65, 64, 36] : 77.84579491615295
36: [36, 50, 65, 4, 38] : 75.40682482719421
61: [80, 4, 64, 74, 88] : 81.11750030517578
15: [15, 29, 97, 64, 95] : 93.75782299041748
38: [38, 64, 80, 4, 50] : 86.80412697792053
1: [1, 91, 32, 14, 30] : 77.30334258079529
34: [34, 97, 88, 42, 3] : 89.3391420841217
67: [32, 30, 72, 95, 4] : 86.71178483963013
86: [86, 22, 40, 39, 69] : 57.00339913368225
64: [36, 65, 50, 64, 66] : 88.6691083908081
24: [24, 7, 99, 32, 55] : 88.72876119613647
82: [82, 6, 62, 14, 18] : 91.21437287330627
5: [5, 20, 84, 94, 25] : 58.2797954082489
76: [76, 60, 59, 69, 56] : 57.00295686721802
13: [13, 58, 60, 69, 68] : 55.07153391838074
61: [80, 72, 97, 65, 55] : 93.04937434196472
50: [97, 43, 88, 42, 4] : 81.00521230697632
70: [47, 96, 70, 62, 6] : 72.83211469650269
98: [35, 98, 11, 20, 37] : 57.64549899101257
20: [20, 25, 84, 86, 94] : 57.01891112327576
97: [97, 38, 88, 42, 3] : 75.98687767982483
60: [60, 0, 52, 23, 33] : 57.59473180770874
14: [14, 18, 99, 74, 79] : 89.24798655509949
27: [27, 4, 55, 63, 80] : 87.92367243766785
87: [87, 25, 20, 40, 5] : 51.87158703804016
60: [60, 49, 17, 23, 85] : 62.63249325752258
44: [44, 29, 27, 30, 78] : 78.4661192893982
8: [8, 48, 89, 30, 35] : 78.55033946037292
95: [80, 63, 15, 65, 97] : 81.72921013832092
82: [82, 62, 6, 14, 70] : 62.08947992324829
51: [4, 80, 44, 51, 50] : 81.07214140892029
8: [11, 80, 46, 2, 35] : 81.67024064064026
41: [89, 60, 69, 85, 2] : 62.68022441864014
3: [3, 38, 43, 97, 72] : 96.84699153900146
67: [67, 32, 73, 23, 60] : 94.28497767448425
50: [80, 64, 38, 4, 74] : 82.93444871902466
9: [53, 59, 57, 22, 40] : 51.94882106781006
70: [70, 92, 62, 51, 28] : 51.942511558532715
80: [80, 50, 64, 74, 44] : 90.5730493068695
82: [82, 52, 70, 60, 99] : 60.18224287033081
84: [84, 37, 20, 5, 10] : 46.879491567611694
63: [4, 74, 66, 7, 44] : 93.14258575439453
60: [71, 60, 49, 53, 23] : 53.86761236190796
80: [80, 4, 34, 97, 65] : 81.08988618850708
56: [71, 73, 12, 17, 45] : 62.07176613807678
25: [5, 25, 20, 94, 60] : 51.92200589179993
74: [4, 38, 50, 65, 64] : 89.26203393936157
38: [15, 38, 43, 31, 97] : 86.68863487243652
52: [33, 60, 27, 49, 17] : 76.07328629493713
93: [93, 72, 4, 55, 30] : 86.43829417228699
29: [29, 27, 44, 74, 38] : 84.54353451728821
2: [53, 10, 61, 25, 84] : 50.213910818099976
44: [4, 64, 66, 44, 65] : 87.60129237174988
79: [44, 4, 64, 63, 78] : 81.80879187583923
11: [11, 35, 98, 46, 53] : 56.456835985183716
26: [34, 31, 97, 3, 19] : 71.03954648971558
95: [95, 73, 91, 93, 1] : 81.8605420589447
31: [97, 31, 96, 38, 3] : 73.04517364501953
88: [88, 34, 43, 42, 29] : 79.37446618080139
2: [2, 11, 35, 98, 83] : 53.974557399749756
37: [37, 17, 52, 47, 56] : 61.58403301239014
68: [68, 60, 49, 58, 12] : 62.81996011734009
66: [66, 4, 97, 55, 36] : 85.63027739524841
95: [50, 23, 80, 31, 63] : 89.40979814529419
91: [91, 32, 1, 67, 95] : 79.95934200286865
40: [86, 40, 99, 78, 29] : 71.7925705909729
18: [44, 18, 80, 70, 50] : 86.39329314231873
19: [19, 31, 38, 3, 15] : 85.0876145362854
77: [77, 50, 80, 4, 63] : 86.3062653541565
18: [56, 14, 7, 59, 44] : 77.40491795539856
25: [20, 25, 5, 84, 41] : 57.08677911758423
30: [30, 95, 1, 27, 91] : 91.96724557876587
38: [38, 34, 43, 88, 42] : 81.91089177131653
77: [99, 4, 55, 18, 50] : 84.4746823310852
71: [71, 60, 12, 49, 17] : 55.2410352230072
1: [91, 32, 1, 29, 67] : 73.00712895393372
28: [10, 28, 84, 61, 53] : 50.78918480873108
32: [28, 10, 63, 26, 4] : 73.56362009048462
4: [4, 55, 72, 30, 32] : 90.04542660713196
76: [76, 79, 24, 50, 17] : 81.78430247306824
90: [60, 37, 33, 53, 49] : 48.21587800979614
14: [14, 18, 99, 82, 77] : 62.163758993148804
25: [20, 94, 25, 66, 4] : 82.46414732933044
70: [53, 77, 99, 28, 10] : 56.428141355514526
17: [17, 4, 37, 63, 50] : 88.10229563713074
95: [55, 72, 4, 66, 74] : 84.27878737449646
75: [63, 4, 38, 97, 43] : 83.69891667366028
6: [50, 4, 63, 65, 36] : 88.9035415649414
86: [86, 39, 16, 87, 60] : 52.08442211151123
94: [94, 76, 37, 17, 12] : 52.07294511795044
28: [28, 10, 16, 40, 20] : 49.53390574455261
73: [73, 91, 17, 60, 49] : 62.215232610702515
36: [4, 50, 63, 64, 74] : 100.23424077033997
18: [99, 27, 63, 50, 66] : 93.87348103523254
10: [28, 10, 9, 16, 53] : 50.11257362365723
34: [34, 97, 38, 3, 42] : 74.18960309028625
1: [1, 32, 91, 67, 99] : 83.13683271408081
64: [64, 4, 50, 74, 63] : 95.20578861236572
28: [10, 28, 61, 84, 53] : 50.785839557647705
82: [82, 70, 62, 6, 14] : 73.61608338356018
96: [96, 52, 59, 60, 47] : 62.25858449935913
59: [56, 59, 52, 47, 23] : 64.19012880325317
67: [17, 76, 60, 33, 23] : 52.09261107444763
15: [15, 19, 3, 31, 72] : 83.19761180877686
27: [27, 29, 44, 80, 55] : 88.84678649902344
99: [78, 99, 55, 4, 80] : 100.22158002853394
72: [31, 3, 38, 21, 42] : 72.91096758842468
6: [6, 88, 42, 27, 97] : 83.72691988945007
62: [62, 18, 51, 99, 44] : 66.71344876289368
37: [37, 17, 76, 23, 12] : 52.113821268081665
31: [31, 38, 42, 21, 3] : 78.78725409507751
45: [45, 83, 1, 26, 24] : 65.39900302886963
58: [58, 89, 85, 9, 60] : 62.834450244903564
97: [97, 34, 80, 64, 66] : 88.18781352043152
25: [20, 25, 5, 60, 94] : 52.00989127159119
25: [25, 5, 20, 40, 87] : 58.37073302268982
69: [17, 49, 76, 60, 12] : 57.75604605674744
21: [21, 38, 15, 29, 27] : 85.10491466522217
19: [19, 97, 38, 15, 64] : 83.18463921546936
20: [20, 25, 5, 84, 86] : 49.51706576347351
27: [27, 38, 3, 88, 93] : 76.10849690437317
45: [7, 67, 24, 18, 32] : 65.32254886627197
65: [64, 63, 65, 4, 88] : 98.92245984077454
64: [50, 64, 74, 80, 65] : 81.80256819725037
12: [60, 12, 17, 76, 69] : 52.04552173614502
50: [25, 5, 20, 27, 50] : 80.66075086593628
61: [78, 92, 62, 53, 57] : 67.30943131446838
25: [25, 20, 5, 63, 30] : 76.77405214309692
0: [0, 57, 83, 9, 28] : 52.03815937042236
71: [12, 71, 60, 49, 68] : 52.63265061378479
13: [13, 81, 90, 68, 58] : 55.178845167160034
3: [63, 3, 4, 65, 97] : 86.85636711120605
80: [80, 4, 65, 32, 72] : 85.61922240257263
2: [2, 4, 11, 41, 63] : 83.82240700721741
2: [2, 11, 35, 0, 98] : 56.51681137084961
91: [91, 32, 1, 67, 65] : 70.45513248443604
18: [44, 78, 63, 64, 4] : 89.4423177242279
20: [20, 84, 25, 5, 39] : 48.88854479789734
6: [6, 7, 18, 24, 14] : 65.40718364715576
38: [4, 63, 80, 74, 55] : 84.40550374984741
59: [59, 52, 47, 70, 60] : 81.83875012397766
46: [85, 13, 69, 48, 22] : 52.70732569694519
2: [5, 25, 20, 84, 70] : 56.552825689315796
64: [64, 97, 3, 50, 63] : 90.20576786994934
77: [77, 99, 24, 18, 55] : 72.40804433822632
21: [21, 29, 42, 78, 30] : 86.93286538124084
98: [98, 35, 37, 46, 2] : 55.82686519622803
58: [97, 34, 3, 91, 7] : 84.97383642196655
54: [54, 92, 14, 6, 18] : 66.60419726371765
25: [25, 20, 5, 84, 37] : 52.05363917350769
98: [98, 35, 46, 86, 11] : 48.914886474609375
64: [96, 59, 47, 99, 56] : 64.15107583999634
12: [12, 17, 60, 76, 68] : 57.79963827133179
20: [20, 25, 5, 84, 60] : 52.06488299369812
2: [2, 50, 99, 57, 0] : 81.86213374137878
65: [50, 65, 72, 64, 93] : 98.27841567993164
4: [4, 99, 80, 72, 55] : 90.02162623405457
23: [23, 59, 52, 76, 60] : 53.27769136428833
72: [72, 4, 55, 29, 65] : 93.32410383224487
40: [40, 86, 78, 44, 67] : 67.30063843727112
91: [32, 91, 73, 95, 30] : 90.72878122329712
80: [80, 47, 96, 63, 50] : 93.88380455970764
99: [99, 96, 18, 7, 52] : 64.10877275466919
24: [24, 7, 79, 57, 45] : 57.750248193740845
41: [41, 85, 48, 86, 69] : 57.11837434768677
45: [27, 4, 63, 50, 66] : 83.75528883934021
17: [17, 37, 60, 16, 9] : 46.996963024139404
60: [47, 59, 52, 96, 57] : 56.52732014656067
61: [99, 4, 55, 72, 50] : 95.27354383468628
86: [86, 39, 85, 87, 20] : 57.13835597038269
0: [0, 10, 51, 9, 28] : 46.95630073547363
53: [57, 53, 83, 82, 70] : 66.58997964859009
0: [0, 60, 87, 39, 49] : 47.550745248794556
82: [82, 6, 62, 18, 14] : 70.35849094390869
42: [42, 43, 27, 38, 3] : 79.86398768424988
74: [7, 18, 99, 74, 30] : 76.171865940094
53: [57, 70, 0, 53, 7] : 62.26814603805542
96: [52, 96, 47, 59, 97] : 81.91247200965881
count (test images): 625
Mean per class acc: 60.71%
Mean inference time: 71.72 sec
Top 1 acc: 61.92%
Top 3 acc: 76.16%
Top 5 acc: 79.04%
