49: [49, 60, 72, 95, 67]
92: [92, 83, 70, 53, 62]
41: [41, 6, 99, 27, 85]
75: [97, 63, 88, 14, 99]
7: [7, 6, 99, 77, 51]
71: [71, 60, 49, 23, 33]
50: [74, 4, 6, 50, 63]
27: [27, 38, 42, 15, 55]
70: [70, 53, 62, 92, 60]
24: [24, 6, 45, 4, 63]
36: [36, 50, 64, 80, 65]
32: [57, 50, 93, 72, 7]
45: [45, 99, 26, 29, 88]
80: [80, 4, 75, 64, 34]
12: [12, 60, 76, 68, 17]
23: [23, 76, 49, 60, 56]
58: [85, 58, 97, 23, 69]
96: [96, 52, 59, 47, 60]
42: [42, 43, 88, 4, 3]
86: [83, 99, 78, 27, 29]
37: [17, 37, 60, 76, 66]
45: [45, 4, 29, 26, 80]
37: [37, 17, 7, 47, 14]
90: [60, 90, 27, 4, 63]
69: [69, 43, 31, 15, 17]
40: [40, 38, 42, 43, 34]
27: [80, 27, 29, 44, 49]
18: [99, 24, 67, 50, 53]
55: [34, 42, 29, 97, 38]
54: [70, 92, 83, 62, 54]
37: [37, 17, 40, 22, 86]
36: [4, 65, 38, 50, 77]
35: [35, 11, 98, 46, 2]
37: [37, 17, 76, 52, 86]
27: [97, 27, 4, 50, 63]
73: [73, 91, 27, 49, 78]
65: [65, 50, 80, 74, 64]
91: [91, 1, 73, 32, 67]
64: [64, 80, 50, 66, 97]
17: [17, 60, 37, 52, 14]
41: [41, 89, 53, 58, 49]
19: [19, 29, 43, 38, 15]
83: [83, 0, 57, 53, 9]
37: [37, 47, 17, 5, 52]
65: [38, 80, 34, 64, 65]
97: [97, 64, 50, 65, 66]
95: [95, 30, 72, 71, 73]
48: [48, 41, 89, 8, 58]
54: [54, 70, 14, 6, 82]
86: [24, 94, 99, 18, 57]
86: [86, 87, 39, 5, 84]
6: [6, 82, 70, 63, 7]
85: [85, 41, 4, 80, 63]
53: [53, 57, 0, 99, 82]
9: [9, 10, 84, 61, 28]
20: [20, 25, 84, 5, 60]
99: [99, 78, 53, 18, 44]
8: [53, 4, 5, 80, 57]
14: [14, 7, 18, 79, 67]
23: [33, 59, 49, 67, 23]
74: [50, 80, 4, 64, 65]
82: [82, 14, 80, 54, 29]
15: [15, 29, 27, 72, 88]
30: [30, 95, 72, 55, 34]
71: [67, 73, 23, 68, 9]
28: [28, 57, 10, 16, 92]
81: [81, 90, 47, 37, 13]
26: [1, 6, 7, 14, 32]
96: [41, 60, 52, 96, 47]
76: [76, 60, 49, 7, 53]
21: [21, 63, 4, 80, 3]
0: [0, 57, 53, 83, 51]
2: [75, 50, 64, 65, 9]
46: [46, 98, 11, 35, 94]
15: [15, 29, 38, 3, 43]
43: [43, 4, 3, 88, 63]
19: [97, 19, 29, 15, 38]
88: [88, 43, 42, 4, 34]
88: [97, 42, 88, 38, 34]
39: [39, 27, 86, 99, 32]
28: [84, 20, 86, 0, 5]
17: [17, 49, 60, 59, 96]
4: [4, 50, 74, 80, 64]
42: [4, 75, 74, 55, 50]
53: [53, 0, 57, 18, 83]
47: [47, 52, 96, 59, 23]
43: [43, 4, 3, 42, 97]
81: [37, 17, 86, 12, 87]
8: [8, 41, 89, 80, 96]
47: [60, 7, 17, 47, 11]
19: [19, 15, 38, 4, 3]
62: [62, 70, 6, 51, 82]
70: [70, 62, 60, 0, 92]
87: [87, 20, 86, 22, 53]
92: [14, 82, 1, 6, 18]
55: [4, 80, 30, 63, 64]
62: [62, 47, 92, 82, 49]
17: [17, 60, 22, 27, 29]
58: [58, 85, 69, 89, 7]
64: [80, 64, 50, 74, 36]
60: [60, 49, 19, 97, 31]
13: [13, 14, 7, 24, 27]
65: [65, 50, 36, 64, 97]
24: [24, 7, 74, 6, 79]
12: [76, 17, 12, 96, 27]
10: [10, 28, 53, 84, 61]
10: [10, 61, 28, 20, 53]
83: [99, 63, 53, 4, 75]
27: [99, 44, 18, 78, 74]
73: [91, 73, 1, 30, 67]
51: [51, 77, 53, 99, 93]
17: [17, 60, 69, 65, 75]
20: [25, 20, 5, 75, 87]
86: [85, 90, 17, 5, 81]
70: [70, 62, 92, 54, 96]
49: [49, 60, 76, 71, 59]
56: [56, 59, 52, 96, 47]
43: [43, 42, 3, 88, 97]
28: [28, 40, 16, 10, 84]
17: [6, 7, 17, 53, 37]
74: [4, 75, 63, 64, 55]
46: [11, 38, 35, 46, 19]
63: [4, 66, 63, 97, 65]
41: [41, 89, 90, 69, 85]
78: [78, 31, 99, 44, 29]
92: [92, 70, 83, 62, 82]
36: [36, 50, 65, 64, 80]
59: [52, 59, 96, 56, 47]
4: [4, 80, 43, 55, 74]
97: [97, 43, 38, 42, 34]
29: [29, 27, 93, 67, 50]
87: [86, 87, 40, 76, 39]
63: [63, 56, 82, 80, 65]
27: [27, 80, 97, 66, 78]
89: [89, 41, 85, 58, 60]
43: [43, 97, 38, 42, 3]
10: [10, 28, 20, 9, 61]
54: [14, 54, 18, 99, 80]
73: [14, 44, 34, 97, 38]
19: [97, 34, 75, 19, 63]
41: [7, 45, 99, 4, 67]
27: [44, 27, 73, 80, 91]
14: [14, 32, 7, 1, 93]
96: [96, 52, 47, 59, 4]
76: [76, 6, 53, 14, 17]
12: [17, 12, 60, 71, 76]
34: [34, 97, 75, 38, 80]
50: [50, 74, 64, 63, 32]
25: [25, 20, 5, 87, 84]
51: [4, 80, 74, 63, 50]
70: [70, 62, 60, 92, 52]
50: [50, 4, 74, 64, 36]
94: [94, 22, 5, 84, 20]
30: [30, 73, 1, 95, 69]
3: [3, 4, 63, 75, 21]
55: [4, 75, 55, 80, 65]
81: [13, 81, 90, 60, 68]
0: [0, 57, 53, 18, 6]
64: [63, 64, 75, 80, 3]
34: [34, 42, 38, 97, 74]
92: [62, 70, 6, 51, 82]
20: [25, 20, 5, 84, 94]
73: [30, 73, 95, 67, 45]
11: [11, 35, 2, 46, 85]
89: [42, 88, 15, 43, 97]
50: [50, 65, 80, 64, 36]
10: [29, 93, 77, 1, 44]
52: [52, 59, 96, 47, 56]
91: [91, 1, 32, 67, 99]
63: [65, 4, 34, 63, 80]
4: [4, 55, 75, 27, 32]
78: [78, 99, 18, 0, 57]
53: [53, 96, 57, 59, 22]
38: [80, 38, 64, 4, 34]
6: [6, 14, 18, 7, 82]
47: [96, 52, 60, 47, 56]
84: [84, 20, 1, 93, 73]
13: [13, 60, 90, 89, 81]
5: [20, 5, 84, 53, 25]
21: [21, 3, 64, 97, 4]
70: [70, 6, 18, 62, 60]
70: [70, 92, 62, 18, 99]
27: [27, 29, 93, 30, 73]
5: [84, 20, 87, 94, 5]
5: [5, 37, 94, 20, 25]
0: [57, 0, 53, 83, 18]
73: [25, 5, 27, 29, 20]
89: [89, 85, 41, 69, 87]
7: [7, 53, 18, 83, 99]
78: [78, 44, 64, 27, 50]
25: [25, 20, 5, 39, 87]
53: [53, 10, 16, 91, 28]
25: [25, 5, 20, 84, 94]
23: [23, 49, 60, 33, 31]
42: [42, 43, 88, 4, 27]
59: [59, 47, 56, 96, 57]
34: [34, 97, 38, 88, 64]
71: [71, 95, 30, 60, 72]
88: [88, 42, 43, 80, 4]
62: [54, 70, 14, 92, 75]
42: [97, 38, 34, 80, 43]
9: [9, 28, 86, 10, 84]
9: [9, 78, 10, 40, 50]
65: [65, 72, 4, 80, 50]
50: [4, 80, 74, 44, 65]
87: [87, 86, 39, 60, 69]
12: [12, 71, 60, 68, 17]
99: [99, 78, 18, 83, 29]
88: [88, 80, 43, 34, 38]
57: [57, 10, 53, 0, 61]
43: [43, 88, 4, 42, 80]
48: [48, 7, 8, 69, 78]
49: [60, 49, 30, 95, 97]
73: [73, 30, 95, 67, 29]
49: [49, 14, 7, 97, 31]
56: [56, 71, 59, 49, 60]
21: [21, 29, 27, 78, 44]
46: [46, 11, 98, 35, 86]
73: [73, 91, 30, 32, 67]
77: [4, 74, 80, 57, 99]
85: [85, 41, 27, 89, 69]
32: [80, 63, 4, 6, 67]
27: [27, 44, 78, 4, 74]
20: [20, 25, 84, 5, 37]
38: [38, 80, 4, 65, 97]
96: [34, 14, 7, 3, 97]
77: [77, 79, 24, 99, 26]
54: [54, 70, 62, 18, 83]
29: [4, 29, 64, 66, 43]
65: [23, 50, 2, 65, 31]
84: [87, 86, 39, 84, 10]
85: [27, 29, 78, 80, 88]
0: [0, 57, 53, 28, 83]
10: [10, 28, 53, 92, 84]
28: [28, 20, 25, 84, 9]
34: [80, 4, 50, 63, 65]
70: [70, 14, 62, 7, 18]
90: [90, 85, 17, 57, 37]
59: [59, 52, 47, 96, 60]
50: [50, 64, 36, 80, 65]
89: [41, 89, 85, 58, 13]
87: [86, 87, 94, 0, 20]
39: [39, 5, 86, 25, 87]
9: [9, 16, 24, 25, 84]
77: [32, 91, 67, 4, 44]
37: [37, 17, 96, 52, 59]
45: [4, 44, 80, 50, 93]
10: [70, 92, 61, 10, 83]
51: [51, 4, 63, 80, 65]
40: [69, 56, 52, 59, 96]
71: [71, 26, 45, 30, 27]
30: [30, 95, 97, 73, 67]
37: [37, 17, 53, 47, 52]
69: [69, 76, 17, 60, 49]
75: [75, 80, 97, 63, 65]
87: [71, 49, 17, 60, 56]
30: [30, 91, 74, 44, 80]
92: [92, 70, 57, 62, 96]
48: [48, 41, 89, 58, 20]
0: [0, 53, 57, 83, 10]
49: [49, 95, 15, 38, 30]
46: [46, 98, 11, 35, 86]
49: [49, 14, 7, 3, 6]
94: [94, 86, 37, 20, 87]
47: [47, 52, 96, 14, 59]
72: [30, 95, 72, 55, 80]
37: [37, 47, 80, 17, 52]
41: [41, 86, 89, 85, 87]
29: [4, 29, 63, 50, 65]
50: [4, 64, 50, 80, 74]
42: [80, 38, 4, 97, 43]
92: [70, 92, 62, 18, 99]
43: [4, 80, 63, 50, 27]
83: [83, 0, 61, 53, 10]
25: [25, 20, 84, 5, 17]
7: [7, 6, 24, 79, 45]
69: [69, 49, 67, 60, 76]
43: [43, 4, 42, 63, 88]
86: [94, 20, 9, 5, 25]
13: [37, 13, 17, 81, 96]
5: [5, 25, 20, 4, 37]
43: [43, 42, 38, 3, 4]
21: [21, 63, 64, 4, 75]
40: [40, 84, 9, 51, 16]
11: [11, 46, 35, 98, 2]
2: [2, 11, 35, 24, 14]
74: [4, 80, 97, 44, 50]
30: [30, 95, 73, 72, 32]
33: [33, 68, 49, 60, 52]
92: [70, 92, 62, 14, 7]
0: [0, 57, 53, 10, 83]
22: [76, 22, 17, 56, 40]
45: [78, 99, 44, 29, 4]
70: [62, 70, 14, 7, 92]
22: [22, 14, 6, 9, 40]
74: [4, 50, 65, 44, 63]
15: [15, 43, 38, 29, 31]
43: [97, 43, 3, 15, 4]
47: [96, 52, 47, 59, 60]
72: [72, 55, 32, 30, 95]
39: [39, 24, 86, 16, 9]
69: [69, 95, 30, 76, 73]
54: [54, 62, 70, 92, 0]
9: [9, 69, 16, 40, 57]
85: [73, 67, 27, 32, 29]
25: [20, 25, 5, 84, 37]
53: [53, 0, 57, 83, 70]
2: [2, 11, 35, 73, 67]
40: [51, 29, 93, 80, 53]
75: [75, 66, 63, 4, 3]
48: [48, 8, 80, 46, 75]
31: [31, 4, 63, 42, 38]
42: [42, 88, 43, 38, 4]
58: [58, 69, 68, 89, 37]
29: [29, 4, 93, 80, 3]
78: [80, 4, 50, 78, 63]
78: [78, 99, 77, 18, 42]
4: [4, 65, 63, 80, 77]
1: [1, 32, 91, 67, 99]
49: [49, 95, 30, 73, 97]
21: [21, 31, 3, 97, 75]
68: [60, 49, 71, 12, 68]
91: [91, 1, 32, 73, 50]
44: [44, 99, 27, 80, 29]
13: [13, 81, 58, 90, 89]
64: [74, 80, 44, 64, 4]
48: [48, 7, 89, 1, 8]
71: [71, 60, 12, 17, 49]
76: [76, 49, 17, 60, 69]
71: [71, 60, 12, 23, 76]
49: [49, 60, 17, 76, 23]
6: [6, 7, 77, 79, 63]
67: [4, 27, 88, 78, 80]
42: [42, 88, 4, 3, 64]
59: [56, 52, 33, 96, 59]
44: [78, 99, 44, 50, 32]
36: [36, 50, 4, 74, 65]
28: [28, 10, 51, 57, 70]
97: [97, 63, 88, 34, 43]
44: [78, 44, 4, 27, 74]
9: [40, 57, 69, 53, 52]
24: [24, 7, 4, 6, 99]
42: [42, 43, 80, 4, 88]
67: [50, 31, 3, 97, 66]
72: [4, 55, 63, 72, 3]
70: [70, 54, 14, 18, 92]
2: [2, 11, 35, 28, 57]
57: [57, 53, 77, 83, 99]
58: [58, 29, 75, 80, 86]
70: [70, 18, 6, 0, 62]
69: [85, 89, 29, 15, 69]
54: [54, 70, 92, 83, 62]
81: [13, 81, 90, 87, 86]
90: [90, 13, 81, 89, 41]
15: [15, 29, 43, 44, 27]
82: [82, 62, 53, 92, 70]
89: [89, 85, 18, 17, 24]
31: [31, 15, 4, 21, 43]
17: [17, 27, 60, 97, 75]
4: [4, 63, 50, 80, 43]
16: [60, 94, 17, 87, 84]
5: [5, 25, 20, 84, 40]
24: [24, 7, 79, 45, 26]
35: [11, 2, 35, 86, 46]
7: [7, 69, 99, 18, 53]
62: [62, 92, 70, 53, 6]
73: [30, 91, 73, 1, 67]
74: [74, 4, 44, 27, 93]
71: [71, 60, 56, 49, 27]
6: [6, 7, 4, 63, 26]
13: [13, 58, 81, 90, 47]
46: [46, 11, 85, 98, 86]
23: [23, 71, 60, 76, 69]
91: [1, 91, 32, 73, 67]
72: [80, 4, 77, 74, 55]
31: [31, 15, 43, 3, 97]
72: [4, 80, 75, 97, 63]
47: [47, 96, 52, 1, 33]
96: [52, 96, 47, 59, 56]
14: [14, 99, 24, 67, 18]
34: [43, 88, 97, 42, 50]
50: [50, 64, 4, 80, 74]
39: [39, 86, 94, 87, 40]
59: [80, 97, 75, 4, 65]
48: [48, 8, 69, 86, 7]
97: [97, 64, 66, 50, 34]
13: [13, 80, 58, 27, 81]
50: [74, 80, 4, 44, 38]
49: [49, 63, 60, 4, 59]
61: [61, 22, 89, 10, 84]
23: [59, 60, 33, 76, 20]
44: [15, 29, 80, 99, 38]
1: [1, 91, 30, 73, 34]
27: [97, 60, 3, 27, 38]
57: [57, 70, 0, 62, 82]
14: [14, 67, 18, 7, 99]
24: [24, 7, 45, 99, 18]
12: [60, 50, 80, 4, 66]
5: [5, 20, 93, 87, 29]
2: [2, 11, 5, 46, 35]
83: [83, 18, 7, 53, 99]
48: [48, 8, 11, 41, 58]
27: [27, 29, 67, 1, 32]
43: [43, 3, 42, 97, 88]
41: [41, 89, 48, 69, 7]
56: [52, 96, 29, 47, 59]
72: [72, 97, 43, 63, 31]
94: [94, 52, 60, 14, 96]
97: [97, 34, 4, 38, 75]
43: [43, 88, 42, 4, 97]
77: [53, 57, 77, 4, 0]
93: [93, 30, 67, 95, 32]
79: [79, 44, 6, 78, 7]
84: [84, 20, 40, 94, 59]
35: [35, 11, 98, 2, 17]
81: [81, 31, 15, 7, 88]
86: [85, 17, 89, 10, 5]
11: [11, 46, 98, 35, 86]
75: [75, 4, 80, 42, 34]
64: [80, 38, 64, 97, 3]
8: [8, 48, 41, 60, 35]
49: [49, 97, 75, 27, 29]
16: [69, 75, 44, 97, 27]
59: [96, 52, 59, 42, 88]
45: [99, 27, 78, 87, 40]
24: [24, 7, 99, 45, 6]
34: [97, 34, 38, 75, 63]
80: [80, 14, 4, 44, 1]
8: [8, 48, 12, 60, 11]
68: [68, 48, 13, 8, 81]
3: [3, 4, 63, 64, 97]
92: [70, 18, 6, 62, 92]
57: [38, 72, 3, 34, 31]
82: [82, 87, 62, 53, 63]
92: [92, 18, 14, 7, 6]
24: [6, 24, 7, 88, 42]
32: [1, 32, 91, 67, 95]
76: [17, 76, 1, 69, 29]
32: [2, 9, 91, 1, 28]
46: [46, 11, 98, 35, 94]
26: [45, 26, 79, 29, 99]
62: [62, 70, 53, 82, 14]
23: [23, 76, 49, 60, 33]
63: [4, 63, 80, 64, 65]
51: [51, 99, 70, 62, 77]
70: [70, 62, 92, 6, 14]
25: [25, 20, 41, 85, 58]
80: [80, 4, 65, 64, 38]
36: [36, 50, 65, 64, 4]
61: [80, 66, 64, 75, 74]
15: [15, 29, 75, 64, 27]
38: [38, 64, 80, 4, 50]
1: [1, 91, 32, 63, 4]
34: [34, 97, 88, 42, 64]
67: [32, 93, 38, 65, 67]
86: [86, 94, 22, 40, 20]
64: [36, 50, 65, 75, 74]
24: [24, 7, 77, 32, 67]
82: [82, 6, 62, 70, 14]
5: [20, 5, 84, 94, 9]
76: [76, 59, 56, 17, 53]
13: [13, 58, 60, 7, 69]
61: [80, 75, 97, 65, 29]
50: [97, 43, 27, 88, 42]
70: [47, 96, 7, 52, 60]
98: [35, 98, 11, 2, 46]
20: [20, 25, 84, 17, 94]
97: [97, 38, 34, 88, 42]
60: [60, 0, 94, 87, 53]
14: [14, 18, 99, 78, 74]
27: [27, 4, 63, 65, 50]
87: [87, 25, 5, 20, 40]
60: [60, 49, 95, 17, 30]
44: [44, 29, 27, 91, 45]
8: [8, 48, 41, 89, 35]
95: [95, 30, 72, 55, 97]
82: [82, 62, 70, 6, 14]
51: [4, 80, 44, 51, 63]
8: [60, 80, 75, 4, 63]
41: [41, 89, 60, 65, 2]
3: [3, 38, 43, 97, 88]
67: [67, 32, 73, 50, 4]
50: [80, 64, 4, 38, 50]
9: [9, 53, 87, 22, 40]
70: [70, 62, 92, 53, 57]
80: [80, 74, 65, 44, 64]
82: [82, 52, 70, 96, 47]
84: [84, 20, 37, 40, 67]
63: [4, 80, 74, 75, 55]
60: [71, 49, 60, 12, 17]
80: [80, 4, 34, 75, 63]
56: [56, 95, 30, 73, 72]
25: [5, 25, 94, 20, 37]
74: [4, 63, 50, 38, 64]
38: [38, 15, 31, 43, 4]
52: [96, 52, 33, 59, 49]
93: [93, 4, 72, 27, 7]
29: [29, 44, 27, 74, 50]
2: [53, 0, 57, 77, 83]
44: [4, 44, 50, 66, 80]
79: [44, 4, 64, 74, 63]
11: [11, 35, 98, 46, 14]
26: [23, 75, 60, 51, 50]
95: [95, 30, 73, 91, 1]
31: [97, 31, 38, 42, 88]
88: [88, 34, 4, 42, 43]
2: [2, 11, 35, 7, 18]
37: [37, 17, 52, 47, 56]
68: [60, 49, 58, 3, 34]
66: [66, 4, 88, 80, 97]
95: [23, 50, 97, 43, 31]
91: [91, 32, 1, 67, 73]
40: [86, 40, 99, 80, 54]
18: [44, 18, 80, 7, 59]
19: [19, 31, 38, 3, 75]
77: [77, 6, 50, 7, 80]
18: [56, 7, 14, 44, 18]
25: [20, 25, 5, 41, 84]
30: [95, 30, 75, 4, 80]
38: [38, 97, 43, 34, 88]
77: [99, 77, 4, 50, 18]
71: [71, 49, 12, 60, 17]
1: [91, 32, 45, 99, 29]
28: [10, 28, 84, 61, 40]
32: [51, 23, 70, 61, 93]
4: [4, 55, 72, 95, 32]
76: [76, 95, 73, 67, 75]
90: [60, 37, 12, 67, 68]
14: [14, 80, 4, 99, 34]
25: [20, 66, 25, 94, 64]
70: [70, 53, 57, 18, 0]
17: [17, 96, 4, 37, 27]
95: [75, 4, 66, 64, 72]
75: [63, 75, 4, 38, 74]
6: [50, 63, 43, 65, 97]
86: [86, 87, 16, 39, 9]
94: [37, 76, 17, 86, 87]
28: [10, 28, 40, 16, 20]
73: [73, 30, 95, 91, 32]
36: [4, 63, 74, 50, 3]
18: [57, 99, 18, 83, 78]
10: [28, 10, 84, 9, 16]
34: [34, 63, 97, 80, 4]
1: [1, 32, 91, 67, 29]
64: [64, 50, 4, 74, 36]
28: [10, 28, 61, 84, 53]
82: [82, 70, 62, 6, 14]
96: [96, 52, 59, 60, 47]
59: [56, 59, 52, 23, 97]
67: [17, 29, 60, 80, 63]
15: [15, 19, 3, 31, 29]
27: [27, 29, 44, 93, 78]
99: [78, 99, 44, 86, 74]
72: [3, 31, 72, 30, 38]
6: [6, 88, 80, 4, 27]
62: [62, 51, 75, 18, 99]
37: [37, 17, 22, 76, 86]
31: [31, 38, 21, 3, 42]
45: [45, 1, 26, 32, 24]
58: [58, 89, 85, 41, 13]
97: [97, 34, 38, 80, 64]
25: [20, 25, 5, 60, 84]
25: [25, 5, 20, 40, 87]
69: [17, 69, 49, 76, 60]
21: [21, 38, 15, 42, 29]
19: [19, 97, 38, 15, 75]
20: [20, 25, 5, 84, 86]
27: [4, 27, 38, 66, 80]
45: [45, 29, 70, 0, 57]
65: [66, 65, 80, 21, 64]
64: [50, 64, 36, 4, 74]
12: [60, 12, 17, 7, 69]
50: [25, 5, 20, 27, 94]
61: [10, 92, 28, 62, 57]
25: [25, 20, 5, 7, 84]
0: [0, 57, 53, 83, 52]
71: [12, 71, 60, 49, 56]
13: [13, 81, 90, 68, 58]
3: [3, 75, 63, 4, 65]
80: [80, 4, 32, 65, 64]
2: [2, 4, 11, 31, 64]
2: [2, 11, 35, 0, 57]
91: [91, 32, 1, 65, 67]
18: [63, 64, 44, 78, 74]
20: [20, 25, 5, 84, 39]
6: [6, 7, 18, 99, 24]
38: [4, 63, 80, 74, 64]
59: [59, 52, 47, 96, 56]
46: [13, 85, 17, 46, 48]
2: [5, 20, 25, 84, 94]
64: [64, 75, 97, 3, 50]
77: [77, 4, 80, 99, 18]
21: [21, 29, 42, 80, 4]
98: [98, 35, 46, 37, 57]
58: [47, 58, 59, 37, 60]
54: [54, 14, 92, 6, 70]
25: [25, 5, 20, 84, 37]
98: [98, 35, 46, 86, 11]
64: [96, 52, 59, 44, 14]
12: [12, 17, 60, 90, 76]
20: [20, 5, 25, 94, 84]
2: [2, 1, 32, 57, 26]
65: [50, 65, 93, 67, 77]
4: [4, 99, 80, 78, 75]
23: [23, 60, 76, 49, 59]
72: [72, 4, 63, 75, 55]
40: [20, 99, 78, 80, 44]
91: [32, 91, 73, 1, 67]
80: [80, 63, 47, 64, 44]
99: [99, 32, 67, 18, 7]
24: [24, 7, 79, 57, 18]
41: [41, 85, 48, 75, 27]
45: [4, 27, 63, 88, 43]
17: [17, 60, 37, 76, 22]
60: [60, 47, 59, 53, 52]
61: [99, 61, 18, 78, 44]
86: [86, 39, 87, 85, 28]
0: [0, 53, 83, 57, 10]
53: [53, 57, 82, 83, 70]
0: [0, 57, 83, 53, 10]
82: [82, 6, 18, 62, 14]
42: [42, 27, 43, 29, 80]
74: [99, 7, 18, 77, 74]
53: [70, 57, 53, 0, 10]
96: [14, 52, 96, 47, 59]
count (test images): 625
Mean per class acc: 64.64%
Mean inference time: 120.25 sec
Top 1 acc: 65.60%
Top 3 acc: 80.00%
Top 2 acc: 76.80%
Top 5 acc: 84.48%
