49: [72, 49, 95, 30, 4] : 135.19152998924255
92: [92, 83, 47, 57, 45] : 101.88328766822815
41: [41, 99, 86, 27, 85] : 115.07702779769897
75: [63, 64, 80, 4, 55] : 141.61093831062317
7: [4, 50, 72, 55, 66] : 132.99338150024414
71: [71, 60, 49, 23, 33] : 97.96100044250488
50: [4, 63, 50, 80, 36] : 132.6136028766632
27: [27, 55, 95, 38, 15] : 126.14862895011902
70: [70, 53, 62, 92, 82] : 96.40532565116882
24: [24, 4, 32, 63, 27] : 139.26552033424377
36: [36, 50, 64, 80, 63] : 137.22441148757935
32: [57, 93, 83, 7, 32] : 96.30127549171448
45: [4, 50, 80, 30, 64] : 133.2182502746582
80: [80, 4, 55, 64, 66] : 131.22499322891235
12: [12, 60, 76, 17, 86] : 77.90959334373474
23: [23, 49, 56, 59, 52] : 81.84341669082642
58: [58, 85, 69, 23, 13] : 129.39879083633423
96: [96, 52, 59, 47, 33] : 118.19010615348816
42: [42, 43, 88, 4, 63] : 138.5788927078247
86: [99, 78, 83, 50, 63] : 128.65812873840332
37: [17, 37, 15, 43, 38] : 104.9452645778656
45: [4, 45, 64, 80, 66] : 145.22350454330444
37: [37, 80, 66, 50, 63] : 127.03176021575928
90: [60, 27, 4, 63, 80] : 132.4228630065918
69: [69, 52, 47, 56, 96] : 101.47859001159668
40: [52, 84, 38, 42, 88] : 107.96344709396362
27: [27, 80, 95, 30, 49] : 136.23554944992065
18: [99, 50, 80, 64, 66] : 130.3125388622284
55: [4, 66, 80, 55, 64] : 137.25649642944336
54: [70, 92, 83, 62, 54] : 96.15833568572998
37: [37, 17, 40, 9, 85] : 80.34606385231018
36: [4, 65, 38, 50, 80] : 138.8681285381317
35: [35, 98, 11, 46, 30] : 125.70463585853577
37: [37, 17, 60, 76, 52] : 128.47643399238586
27: [72, 50, 4, 66, 55] : 140.90383648872375
73: [30, 72, 95, 55, 4] : 138.91712164878845
65: [65, 50, 80, 4, 64] : 127.60213494300842
91: [1, 91, 32, 73, 67] : 126.94985556602478
64: [64, 80, 50, 4, 66] : 130.75651741027832
17: [17, 27, 14, 53, 43] : 110.82687664031982
41: [89, 17, 69, 6, 53] : 91.66395616531372
19: [19, 29, 50, 63, 4] : 135.840017080307
83: [83, 0, 57, 53, 92] : 81.82620620727539
37: [37, 5, 23, 17, 22] : 87.09321975708008
65: [38, 34, 80, 64, 4] : 120.0108118057251
97: [64, 50, 66, 80, 4] : 135.839830160141
95: [95, 30, 71, 73, 45] : 113.4075915813446
48: [48, 41, 89, 8, 58] : 106.21341848373413
54: [54, 70, 14, 6, 18] : 106.2444748878479
86: [86, 96, 87, 52, 9] : 83.11841034889221
86: [86, 16, 87, 53, 0] : 87.06298613548279
6: [6, 70, 82, 63, 14] : 130.0090708732605
85: [85, 41, 4, 80, 63] : 141.12454342842102
53: [53, 57, 95, 72, 50] : 138.60057044029236
9: [9, 10, 84, 0, 57] : 71.95280408859253
20: [20, 25, 84, 5, 60] : 78.51398730278015
99: [78, 99, 18, 44, 53] : 96.30956196784973
8: [8, 48, 53, 4, 57] : 124.60110402107239
14: [14, 7, 18, 79, 67] : 133.2024438381195
23: [33, 59, 49, 60, 52] : 122.09986710548401
74: [80, 50, 4, 64, 63] : 134.57932043075562
82: [82, 14, 62, 29, 54] : 126.68868708610535
15: [15, 72, 4, 55, 30] : 132.5549771785736
30: [30, 95, 72, 55, 4] : 131.96143198013306
71: [71, 60, 23, 12, 49] : 80.4930031299591
28: [28, 57, 92, 83, 0] : 81.12802696228027
81: [81, 90, 47, 52, 96] : 85.7222728729248
26: [80, 63, 4, 95, 30] : 144.41367435455322
96: [52, 96, 60, 47, 59] : 118.66608428955078
76: [76, 60, 13, 53, 4] : 129.40375638008118
21: [21, 31, 3, 43, 15] : 139.20068645477295
0: [0, 57, 53, 83, 52] : 96.30933332443237
2: [2, 11, 50, 64, 36] : 114.75078105926514
46: [46, 98, 11, 0, 53] : 78.4999418258667
15: [15, 29, 38, 80, 4] : 129.99843549728394
43: [43, 4, 3, 88, 42] : 144.48054575920105
19: [50, 72, 4, 64, 66] : 139.8152425289154
88: [88, 43, 42, 34, 97] : 140.54845070838928
88: [80, 63, 95, 64, 30] : 139.24847960472107
39: [39, 86, 83, 0, 25] : 71.93994855880737
28: [28, 16, 84, 0, 53] : 108.16940307617188
17: [17, 49, 96, 59, 52] : 124.62269687652588
4: [4, 50, 55, 80, 72] : 144.39882588386536
42: [55, 4, 50, 72, 64] : 129.3953013420105
53: [53, 0, 10, 61, 39] : 69.31906580924988
47: [47, 52, 96, 59, 23] : 108.18836236000061
43: [43, 4, 3, 63, 55] : 131.21316242218018
81: [37, 87, 86, 4, 50] : 116.68793106079102
8: [8, 96, 47, 59, 7] : 123.96257472038269
47: [7, 53, 14, 0, 6] : 97.68001818656921
19: [19, 15, 38, 4, 63] : 131.39151692390442
62: [62, 70, 64, 50, 66] : 134.19930267333984
70: [70, 62, 92, 47, 60] : 95.02389574050903
87: [87, 53, 0, 57, 67] : 87.88645601272583
92: [83, 82, 53, 14, 30] : 131.41615319252014
55: [80, 4, 30, 55, 95] : 134.0276026725769
62: [62, 47, 92, 70, 82] : 131.96067571640015
17: [17, 60, 85, 22, 27] : 125.89392042160034
58: [58, 29, 7, 44, 27] : 100.63631749153137
64: [80, 64, 50, 74, 36] : 132.74712014198303
60: [60, 49, 19, 33, 72] : 135.3244767189026
13: [13, 81, 50, 80, 63] : 131.22763776779175
65: [65, 50, 36, 97, 74] : 145.8648853302002
24: [24, 7, 74, 63, 50] : 134.72081470489502
12: [17, 76, 97, 12, 33] : 120.04315185546875
10: [10, 53, 28, 84, 61] : 76.00448417663574
10: [10, 61, 28, 22, 20] : 79.31727457046509
83: [99, 53, 78, 45, 32] : 127.2242317199707
27: [99, 44, 74, 78, 41] : 124.666663646698
73: [73, 91, 30, 1, 95] : 134.07814693450928
51: [4, 63, 55, 80, 30] : 132.68211936950684
17: [17, 7, 27, 15, 34] : 122.589195728302
20: [25, 20, 5, 50, 66] : 119.85592555999756
86: [85, 39, 90, 60, 87] : 119.29978084564209
70: [70, 14, 62, 18, 6] : 108.61453914642334
49: [49, 60, 53, 0, 71] : 71.95501637458801
56: [56, 59, 96, 52, 47] : 101.21896934509277
43: [43, 42, 88, 3, 4] : 138.49803256988525
28: [28, 40, 16, 10, 84] : 78.61421942710876
17: [6, 53, 57, 7, 70] : 113.28883647918701
74: [55, 4, 74, 63, 64] : 145.30007576942444
46: [11, 38, 19, 27, 7] : 117.18851590156555
63: [4, 66, 63, 55, 64] : 136.44230556488037
41: [41, 89, 99, 69, 85] : 124.56791996955872
78: [78, 31, 99, 44, 29] : 134.65205788612366
92: [92, 70, 83, 82, 62] : 101.29190921783447
36: [36, 50, 65, 64, 80] : 136.4886486530304
59: [52, 59, 96, 47, 56] : 125.14879179000854
4: [4, 80, 38, 43, 42] : 135.97933912277222
97: [97, 80, 4, 64, 66] : 131.9751579761505
29: [29, 93, 27, 50, 63] : 134.5274362564087
87: [86, 87, 40, 80, 50] : 127.14724493026733
63: [63, 65, 82, 56, 54] : 137.23511838912964
27: [80, 4, 66, 30, 63] : 133.31682443618774
89: [89, 85, 58, 60, 7] : 106.59684681892395
43: [43, 97, 38, 3, 34] : 138.49365949630737
10: [10, 28, 92, 61, 51] : 75.89745354652405
54: [14, 54, 70, 80, 64] : 132.54832649230957
73: [95, 30, 80, 50, 72] : 141.29388332366943
19: [97, 63, 64, 50, 66] : 131.88416743278503
41: [41, 95, 30, 4, 63] : 135.12253427505493
27: [27, 30, 60, 95, 32] : 145.7688021659851
14: [14, 32, 7, 78, 91] : 135.95667695999146
96: [96, 52, 47, 59, 33] : 145.24355101585388
76: [76, 60, 49, 23, 37] : 92.5103178024292
12: [12, 17, 60, 76, 71] : 104.490971326828
34: [34, 97, 80, 64, 4] : 136.4876000881195
50: [74, 4, 64, 50, 32] : 136.60277271270752
25: [25, 20, 5, 87, 84] : 95.93325424194336
51: [4, 80, 63, 50, 64] : 134.44976830482483
70: [70, 62, 14, 92, 54] : 114.42777919769287
50: [50, 4, 64, 36, 63] : 132.5531759262085
94: [94, 5, 22, 84, 20] : 84.01203799247742
30: [30, 73, 95, 55, 4] : 139.9193971157074
3: [3, 4, 63, 55, 72] : 145.09843134880066
55: [4, 55, 80, 64, 66] : 140.53742337226868
81: [13, 53, 60, 57, 0] : 92.74508786201477
0: [57, 0, 53, 7, 18] : 103.56471633911133
64: [63, 64, 80, 66, 3] : 132.17795372009277
34: [63, 80, 4, 50, 64] : 141.3577380180359
92: [62, 70, 82, 6, 53] : 103.27083158493042
20: [25, 20, 5, 84, 52] : 116.07242226600647
73: [30, 73, 95, 67, 45] : 128.93927192687988
11: [11, 35, 46, 2, 78] : 111.11241030693054
89: [4, 18, 63, 80, 55] : 128.1513648033142
50: [50, 65, 80, 64, 36] : 138.67319893836975
10: [95, 4, 30, 72, 50] : 123.55440926551819
52: [52, 59, 96, 47, 56] : 107.70991849899292
91: [91, 1, 32, 67, 73] : 133.44151663780212
63: [65, 34, 4, 38, 3] : 145.3078966140747
4: [4, 55, 72, 63, 30] : 134.70039534568787
78: [78, 99, 18, 0, 83] : 124.23968720436096
53: [53, 96, 57, 82, 59] : 80.61617708206177
38: [38, 80, 65, 64, 4] : 133.47987866401672
6: [6, 63, 50, 36, 80] : 134.6642575263977
47: [96, 80, 50, 63, 4] : 127.29559135437012
84: [50, 4, 64, 55, 63] : 114.7925865650177
13: [13, 60, 16, 69, 89] : 78.54161500930786
5: [20, 5, 84, 25, 94] : 112.78119206428528
21: [21, 3, 64, 4, 63] : 133.22372460365295
70: [70, 6, 18, 62, 14] : 96.26849746704102
70: [70, 92, 62, 18, 82] : 113.42305421829224
27: [27, 29, 30, 95, 4] : 141.1806366443634
5: [84, 20, 94, 60, 87] : 114.19695568084717
5: [5, 37, 94, 25, 20] : 87.11742448806763
0: [57, 0, 53, 83, 92] : 94.34277701377869
73: [25, 5, 27, 85, 20] : 125.91168403625488
89: [57, 53, 0, 41, 37] : 92.98028874397278
7: [53, 7, 83, 92, 62] : 137.2372989654541
78: [78, 44, 27, 99, 63] : 146.48512411117554
25: [25, 20, 5, 39, 87] : 80.47798156738281
53: [53, 91, 0, 82, 83] : 96.30630040168762
25: [25, 5, 20, 37, 84] : 94.96831107139587
23: [97, 52, 31, 59, 96] : 112.10005331039429
42: [42, 43, 88, 4, 55] : 145.2230019569397
59: [59, 47, 56, 96, 57] : 93.68341875076294
34: [34, 64, 4, 55, 66] : 125.97768020629883
71: [71, 95, 30, 60, 72] : 138.46612572669983
88: [88, 42, 43, 80, 50] : 125.99650239944458
62: [54, 70, 92, 62, 51] : 75.25066208839417
42: [97, 80, 38, 64, 50] : 127.42515563964844
9: [9, 53, 86, 0, 10] : 78.56056046485901
9: [9, 10, 40, 50, 28] : 125.36367201805115
65: [72, 55, 80, 4, 50] : 127.26938438415527
50: [4, 80, 50, 55, 63] : 137.23211860656738
87: [87, 86, 30, 95, 39] : 118.16363620758057
12: [12, 71, 53, 60, 68] : 91.08759808540344
99: [99, 78, 80, 4, 66] : 137.95914244651794
88: [88, 80, 43, 34, 42] : 127.94833564758301
57: [57, 0, 10, 61, 28] : 69.25085043907166
43: [43, 4, 80, 63, 55] : 125.27406692504883
48: [48, 8, 50, 80, 4] : 130.5782220363617
49: [49, 60, 57, 53, 3] : 109.44569611549377
73: [30, 95, 73, 72, 63] : 120.80784749984741
49: [49, 60, 23, 52, 96] : 109.81310844421387
56: [56, 59, 71, 49, 17] : 94.6743004322052
21: [21, 27, 78, 29, 44] : 128.27488803863525
46: [46, 11, 98, 60, 35] : 78.58544898033142
73: [30, 73, 95, 91, 67] : 112.28946208953857
77: [4, 80, 63, 64, 50] : 140.79658222198486
85: [85, 89, 27, 95, 72] : 126.16568875312805
32: [78, 44, 77, 99, 93] : 120.11804962158203
27: [27, 44, 78, 80, 66] : 130.01337957382202
20: [20, 25, 84, 5, 86] : 114.24290013313293
38: [38, 80, 72, 55, 4] : 132.65454363822937
96: [52, 59, 96, 34, 3] : 120.75653028488159
77: [77, 79, 24, 7, 93] : 134.5637993812561
54: [54, 70, 62, 83, 14] : 100.27661633491516
29: [4, 29, 43, 64, 66] : 131.364976644516
65: [2, 65, 50, 31, 4] : 128.73098993301392
84: [32, 24, 18, 7, 14] : 96.37369322776794
85: [27, 78, 6, 30, 95] : 130.66799569129944
0: [0, 53, 57, 28, 92] : 81.12885117530823
10: [53, 57, 92, 91, 62] : 90.3621039390564
28: [20, 84, 40, 28, 9] : 113.4732358455658
34: [80, 4, 55, 63, 50] : 130.6533272266388
70: [70, 62, 14, 92, 7] : 102.31183099746704
90: [90, 27, 29, 42, 44] : 122.71932864189148
59: [59, 52, 47, 96, 60] : 94.3076171875
50: [50, 64, 36, 80, 4] : 137.1960151195526
89: [89, 31, 19, 15, 38] : 103.63581466674805
87: [86, 87, 0, 94, 53] : 71.94197607040405
39: [39, 83, 86, 85, 0] : 78.50735759735107
9: [9, 25, 84, 5, 40] : 114.11554884910583
77: [4, 30, 80, 50, 63] : 140.53192591667175
37: [96, 37, 59, 17, 47] : 109.52015042304993
45: [4, 44, 55, 32, 50] : 133.33078026771545
10: [70, 92, 57, 83, 0] : 75.28603672981262
51: [51, 4, 63, 80, 55] : 137.25083255767822
40: [40, 56, 66, 80, 50] : 123.98908567428589
71: [71, 95, 30, 26, 60] : 106.22600817680359
30: [30, 95, 55, 66, 64] : 139.90512347221375
37: [37, 17, 53, 0, 9] : 71.96188449859619
69: [76, 17, 60, 40, 20] : 73.92469644546509
75: [80, 97, 31, 65, 34] : 133.9301142692566
87: [87, 71, 17, 49, 60] : 106.20571422576904
30: [30, 95, 80, 4, 55] : 139.20982575416565
92: [92, 70, 57, 14, 18] : 100.27230310440063
48: [48, 41, 89, 58, 86] : 80.53803563117981
0: [0, 57, 53, 83, 10] : 81.16994953155518
49: [49, 17, 95, 15, 30] : 114.81765937805176
46: [46, 86, 98, 35, 11] : 71.2867591381073
49: [49, 63, 66, 50, 64] : 127.27874994277954
94: [94, 86, 9, 20, 37] : 71.92645931243896
47: [47, 52, 96, 59, 56] : 131.92771553993225
72: [30, 95, 72, 55, 4] : 139.2850799560547
37: [37, 47, 52, 96, 14] : 117.41360712051392
41: [41, 86, 89, 85, 87] : 75.84193873405457
29: [29, 4, 74, 80, 63] : 140.63347601890564
50: [4, 64, 80, 38, 63] : 139.2348234653473
42: [80, 38, 4, 64, 66] : 137.89846754074097
92: [92, 70, 0, 62, 83] : 102.33813500404358
43: [4, 80, 30, 55, 63] : 128.79711771011353
83: [83, 0, 61, 10, 53] : 81.21504974365234
25: [20, 25, 29, 53, 27] : 87.08779907226562
7: [7, 24, 45, 95, 30] : 133.9472348690033
69: [27, 29, 53, 57, 0] : 91.71415281295776
43: [43, 88, 4, 63, 72] : 137.33182644844055
86: [20, 94, 40, 86, 60] : 73.95780658721924
13: [96, 17, 37, 52, 56] : 82.51109600067139
5: [5, 25, 20, 37, 4] : 125.98044657707214
43: [43, 42, 38, 4, 55] : 136.55271697044373
21: [21, 64, 74, 27, 97] : 131.9697141647339
40: [40, 84, 9, 53, 83] : 69.31049418449402
11: [11, 29, 7, 14, 0] : 104.27638936042786
2: [2, 11, 35, 36, 50] : 123.40776205062866
74: [4, 80, 55, 50, 63] : 143.15973567962646
30: [30, 95, 73, 32, 67] : 133.88180136680603
33: [33, 68, 49, 60, 80] : 127.36296725273132
92: [70, 92, 62, 63, 95] : 137.89779090881348
0: [0, 57, 53, 83, 52] : 75.22199535369873
22: [22, 76, 56, 59, 52] : 98.33134579658508
45: [78, 44, 4, 63, 50] : 134.58129954338074
70: [62, 70, 92, 14, 7] : 102.23864030838013
22: [22, 7, 80, 4, 30] : 134.66468811035156
74: [4, 50, 64, 93, 80] : 140.5819001197815
15: [15, 43, 38, 29, 31] : 116.76048231124878
43: [97, 15, 43, 3, 38] : 122.66372847557068
47: [96, 52, 47, 59, 56] : 120.06260633468628
72: [72, 55, 4, 30, 95] : 128.72263646125793
39: [39, 86, 16, 94, 9] : 75.88257217407227
69: [69, 27, 73, 57, 29] : 97.01116466522217
54: [54, 62, 92, 52, 82] : 102.2588152885437
9: [9, 57, 16, 53, 83] : 102.2566225528717
85: [27, 29, 52, 70, 15] : 120.69983458518982
25: [20, 25, 5, 84, 17] : 74.53398180007935
53: [53, 0, 57, 83, 70] : 102.29982948303223
2: [2, 11, 35, 69, 89] : 83.84763884544373
40: [51, 65, 80, 4, 63] : 115.49305248260498
75: [66, 63, 95, 65, 97] : 126.74183440208435
48: [48, 8, 46, 35, 60] : 87.82443284988403
31: [4, 80, 63, 97, 64] : 141.2362847328186
42: [42, 88, 4, 80, 64] : 132.61333179473877
58: [58, 69, 60, 37, 89] : 103.56279468536377
29: [29, 4, 55, 80, 63] : 123.40986728668213
78: [78, 80, 4, 50, 30] : 133.40167355537415
78: [78, 99, 80, 55, 64] : 132.6352984905243
4: [4, 80, 63, 65, 50] : 129.95898628234863
1: [1, 32, 91, 95, 30] : 129.9628882408142
49: [49, 95, 30, 71, 17] : 112.88323283195496
21: [21, 31, 3, 30, 4] : 131.32126545906067
68: [60, 49, 95, 30, 97] : 115.60164260864258
91: [1, 91, 32, 30, 50] : 140.06928491592407
44: [44, 80, 30, 64, 55] : 128.42663669586182
13: [13, 81, 58, 90, 48] : 119.32559061050415
64: [80, 64, 30, 4, 63] : 133.26831030845642
48: [48, 7, 89, 8, 58] : 95.24114465713501
71: [71, 60, 12, 96, 49] : 90.49042582511902
76: [76, 49, 17, 29, 59] : 109.14936375617981
71: [71, 60, 12, 76, 67] : 93.9637336730957
49: [59, 47, 56, 3, 97] : 119.27292132377625
6: [6, 77, 63, 4, 50] : 135.83391642570496
67: [4, 80, 50, 63, 64] : 139.73626160621643
42: [42, 88, 3, 4, 97] : 134.36389541625977
59: [52, 56, 96, 47, 59] : 125.76653861999512
44: [50, 30, 80, 64, 4] : 142.3716356754303
36: [36, 50, 4, 64, 80] : 134.33871603012085
28: [28, 10, 51, 57, 40] : 129.8541476726532
97: [97, 63, 34, 4, 80] : 137.9313952922821
44: [78, 44, 4, 27, 50] : 138.54022121429443
9: [9, 57, 40, 59, 70] : 109.17449831962585
24: [24, 7, 4, 6, 74] : 139.0421004295349
42: [42, 43, 88, 4, 80] : 136.530207157135
67: [50, 66, 2, 28, 64] : 106.5824408531189
72: [4, 55, 72, 63, 74] : 141.85758423805237
70: [70, 92, 54, 6, 62] : 99.3505871295929
2: [2, 11, 57, 0, 67] : 91.31809425354004
57: [57, 53, 83, 77, 0] : 119.24161100387573
58: [58, 80, 30, 95, 66] : 131.1065583229065
70: [70, 18, 14, 6, 53] : 101.17719531059265
69: [85, 29, 15, 31, 27] : 117.29453253746033
54: [54, 70, 14, 92, 6] : 127.29815673828125
81: [87, 86, 9, 83, 57] : 72.6212649345398
90: [90, 13, 81, 89, 41] : 107.2131118774414
15: [15, 29, 43, 80, 44] : 130.45187950134277
82: [82, 62, 53, 95, 30] : 119.28223156929016
89: [89, 85, 17, 4, 63] : 131.95145988464355
31: [31, 4, 64, 55, 80] : 136.46134066581726
17: [85, 72, 30, 50, 95] : 131.04180073738098
4: [4, 63, 50, 80, 55] : 135.7834014892578
16: [16, 28, 9, 94, 60] : 113.2793231010437
5: [5, 25, 20, 93, 29] : 111.2008421421051
24: [24, 7, 79, 26, 45] : 136.46631693840027
35: [27, 78, 70, 44, 92] : 116.44127607345581
7: [7, 53, 99, 78, 18] : 139.1890959739685
62: [62, 92, 70, 53, 14] : 140.50756525993347
73: [30, 95, 55, 4, 50] : 135.8352370262146
74: [74, 4, 44, 80, 63] : 135.89982271194458
71: [71, 95, 30, 12, 49] : 113.19748258590698
6: [6, 4, 63, 72, 55] : 129.96297121047974
13: [13, 58, 81, 90, 53] : 91.96232295036316
46: [46, 11, 98, 27, 85] : 107.19920086860657
23: [23, 71, 56, 76, 67] : 102.44550132751465
91: [1, 91, 32, 95, 30] : 139.70826196670532
72: [80, 4, 55, 72, 50] : 135.89135670661926
31: [31, 15, 43, 3, 21] : 96.60113143920898
72: [72, 4, 80, 55, 66] : 138.48721432685852
47: [47, 96, 52, 62, 70] : 114.4115481376648
96: [52, 96, 59, 47, 56] : 131.11171555519104
14: [14, 67, 24, 99, 50] : 136.57235455513
34: [43, 88, 97, 34, 65] : 131.1555609703064
50: [50, 64, 4, 80, 63] : 135.20474529266357
39: [39, 86, 94, 60, 9] : 74.60672664642334
59: [97, 80, 88, 4, 72] : 146.49958062171936
48: [48, 8, 69, 87, 22] : 121.99032735824585
97: [97, 64, 66, 50, 80] : 142.49086928367615
13: [13, 27, 93, 29, 44] : 100.42606329917908
50: [74, 80, 4, 44, 99] : 142.37679982185364
49: [49, 60, 59, 3, 42] : 130.53479528427124
61: [61, 22, 10, 89, 53] : 93.28292798995972
23: [33, 66, 80, 4, 50] : 122.5277669429779
44: [80, 29, 4, 42, 55] : 146.03081583976746
1: [1, 30, 91, 29, 95] : 118.32447099685669
27: [80, 4, 66, 30, 64] : 144.07162928581238
57: [70, 62, 82, 32, 92] : 113.58342289924622
14: [14, 18, 7, 64, 4] : 143.31802463531494
24: [24, 7, 45, 99, 27] : 145.27840375900269
12: [60, 50, 63, 23, 66] : 127.55269145965576
5: [5, 20, 64, 80, 63] : 132.19489288330078
2: [2, 11, 46, 35, 98] : 120.19310522079468
83: [83, 53, 18, 57, 99] : 106.29707384109497
48: [48, 8, 11, 41, 66] : 118.19001293182373
27: [27, 29, 67, 1, 73] : 102.43670129776001
43: [43, 42, 97, 3, 38] : 137.4814419746399
41: [41, 89, 48, 58, 7] : 94.44324135780334
56: [52, 96, 47, 59, 70] : 94.45181035995483
72: [97, 72, 43, 4, 30] : 135.3437044620514
94: [94, 52, 96, 59, 47] : 91.1582989692688
97: [97, 34, 4, 72, 30] : 136.19130492210388
43: [4, 80, 63, 55, 72] : 138.9334316253662
77: [53, 4, 80, 63, 50] : 127.58945298194885
93: [93, 29, 30, 95, 50] : 138.72212171554565
79: [79, 44, 7, 6, 63] : 139.44294381141663
84: [84, 20, 50, 80, 63] : 133.4936990737915
35: [35, 11, 98, 2, 46] : 114.95757555961609
81: [81, 13, 90, 7, 14] : 97.75262498855591
86: [86, 85, 89, 39, 17] : 75.85522866249084
11: [11, 46, 98, 35, 53] : 78.50873374938965
75: [80, 4, 55, 63, 50] : 143.82154321670532
64: [80, 38, 64, 50, 4] : 134.61391186714172
8: [8, 48, 60, 35, 11] : 103.6332528591156
49: [97, 49, 95, 30, 55] : 139.94796347618103
16: [69, 9, 44, 80, 4] : 129.94851994514465
59: [96, 52, 59, 47, 42] : 123.97662496566772
45: [99, 27, 78, 18, 29] : 106.14824867248535
24: [24, 7, 99, 45, 63] : 139.2164340019226
34: [97, 63, 80, 64, 50] : 137.30816912651062
80: [80, 4, 14, 1, 50] : 127.35713624954224
8: [8, 48, 95, 50, 66] : 124.01948428153992
68: [68, 60, 13, 8, 53] : 85.70741534233093
3: [3, 4, 63, 55, 64] : 133.2788851261139
92: [70, 62, 82, 95, 30] : 130.00567770004272
57: [4, 72, 80, 63, 55] : 137.17691898345947
82: [53, 87, 83, 86, 84] : 81.14435124397278
92: [92, 70, 18, 14, 7] : 133.90024733543396
24: [6, 24, 7, 88, 42] : 131.33932518959045
32: [1, 32, 91, 95, 72] : 131.27978086471558
76: [17, 76, 63, 4, 66] : 132.52310585975647
32: [9, 86, 28, 2, 39] : 87.05254483222961
46: [46, 11, 98, 94, 35] : 78.4700448513031
26: [45, 26, 79, 99, 29] : 130.05307865142822
62: [70, 62, 53, 82, 29] : 108.26492261886597
23: [23, 76, 60, 95, 30] : 125.0454089641571
63: [4, 80, 63, 64, 66] : 139.70569038391113
51: [51, 99, 70, 62, 18] : 133.68909215927124
70: [70, 62, 92, 6, 18] : 102.66611289978027
25: [85, 41, 20, 25, 87] : 76.14698886871338
80: [80, 4, 63, 64, 36] : 140.29233503341675
36: [36, 50, 65, 64, 4] : 125.69163823127747
61: [80, 66, 74, 64, 42] : 133.11677932739258
15: [15, 29, 55, 97, 31] : 134.45587301254272
38: [38, 64, 80, 4, 50] : 129.7856523990631
1: [1, 91, 32, 45, 63] : 128.99953699111938
34: [34, 97, 64, 66, 55] : 130.34370636940002
67: [30, 72, 50, 95, 4] : 129.83876657485962
86: [86, 94, 22, 53, 57] : 72.21261310577393
64: [36, 50, 64, 63, 66] : 133.77697014808655
24: [24, 7, 77, 99, 18] : 134.3731563091278
82: [6, 14, 18, 63, 60] : 130.45634388923645
5: [20, 5, 94, 84, 25] : 68.24996328353882
76: [76, 57, 53, 59, 56] : 88.15373086929321
13: [13, 58, 27, 29, 7] : 105.97373819351196
61: [72, 80, 65, 50, 4] : 128.46018314361572
50: [97, 4, 50, 72, 66] : 139.03934836387634
70: [96, 47, 52, 56, 11] : 104.0410258769989
98: [35, 98, 11, 2, 46] : 98.72314929962158
20: [20, 84, 25, 86, 4] : 109.30957746505737
97: [97, 38, 88, 34, 4] : 128.43891978263855
60: [0, 57, 53, 29, 93] : 87.34611654281616
14: [14, 18, 67, 99, 78] : 133.1392228603363
27: [27, 4, 65, 55, 72] : 139.7906198501587
87: [87, 29, 44, 93, 78] : 98.71282196044922
60: [60, 49, 17, 73, 67] : 93.98465180397034
44: [44, 27, 29, 30, 72] : 127.65297889709473
8: [8, 48, 41, 30, 95] : 125.70657396316528
95: [95, 30, 72, 55, 4] : 121.82893824577332
82: [82, 62, 6, 14, 70] : 90.82891416549683
51: [44, 51, 74, 27, 18] : 140.62096858024597
8: [8, 48, 44, 80, 50] : 136.49909448623657
41: [41, 63, 50, 4, 64] : 124.50459909439087
3: [3, 38, 43, 97, 88] : 115.33282113075256
67: [67, 32, 2, 4, 80] : 139.82549953460693
50: [80, 64, 38, 4, 63] : 131.79096150398254
9: [9, 53, 57, 59, 82] : 102.63828468322754
70: [70, 62, 18, 92, 6] : 96.69071888923645
80: [80, 74, 50, 4, 72] : 134.49265050888062
82: [82, 52, 70, 96, 47] : 88.79805994033813
84: [84, 37, 20, 40, 22] : 68.26199793815613
63: [4, 74, 80, 55, 63] : 138.5111587047577
60: [71, 60, 49, 53, 73] : 91.44556760787964
80: [80, 4, 55, 63, 72] : 129.85947370529175
56: [56, 95, 30, 71, 59] : 123.18044447898865
25: [5, 25, 20, 60, 67] : 95.38382506370544
74: [4, 55, 50, 63, 64] : 145.15634655952454
38: [15, 38, 43, 31, 4] : 138.02875351905823
52: [96, 52, 27, 47, 59] : 125.2291944026947
93: [93, 72, 4, 7, 77] : 129.10876202583313
29: [29, 50, 63, 4, 64] : 137.7188699245453
2: [53, 0, 57, 83, 10] : 75.55269861221313
44: [44, 30, 4, 50, 80] : 139.8604393005371
79: [44, 4, 55, 64, 63] : 141.1128454208374
11: [11, 35, 98, 46, 2] : 126.46465611457825
26: [23, 30, 95, 51, 72] : 140.35565376281738
95: [95, 30, 73, 91, 72] : 141.13457989692688
31: [80, 63, 4, 66, 64] : 145.05978846549988
88: [4, 63, 80, 55, 64] : 137.02474188804626
2: [2, 11, 35, 98, 99] : 120.5444643497467
37: [37, 17, 52, 47, 56] : 132.5595314502716
68: [68, 60, 49, 3, 59] : 106.66039180755615
66: [66, 4, 88, 63, 36] : 121.82004952430725
95: [50, 66, 23, 80, 97] : 131.71287608146667
91: [91, 32, 1, 67, 95] : 131.74217414855957
40: [86, 40, 99, 78, 80] : 136.49076795578003
18: [44, 80, 4, 63, 50] : 133.85618257522583
19: [19, 31, 3, 38, 42] : 131.7595136165619
77: [50, 80, 4, 36, 63] : 133.04806566238403
18: [56, 14, 7, 44, 59] : 124.62256503105164
25: [20, 25, 5, 84, 41] : 82.16198706626892
30: [30, 95, 72, 29, 1] : 140.40516233444214
38: [38, 43, 34, 97, 64] : 114.51719880104065
77: [4, 55, 50, 80, 63] : 135.10905575752258
71: [71, 73, 12, 32, 67] : 91.4747953414917
1: [91, 1, 32, 45, 14] : 130.52524161338806
28: [10, 28, 84, 61, 20] : 119.89886236190796
32: [93, 61, 10, 14, 28] : 119.1855251789093
4: [4, 72, 55, 95, 30] : 123.86428713798523
76: [76, 60, 49, 95, 30] : 131.20762610435486
90: [90, 0, 13, 53, 60] : 86.15316891670227
14: [14, 34, 18, 82, 38] : 118.58028197288513
25: [20, 57, 53, 0, 83] : 87.44169974327087
70: [70, 53, 57, 0, 78] : 102.64041113853455
17: [17, 55, 27, 72, 12] : 115.3003396987915
95: [55, 72, 4, 66, 80] : 139.80132746696472
75: [63, 4, 38, 80, 66] : 145.70977997779846
6: [50, 65, 4, 64, 36] : 130.4495346546173
86: [86, 16, 87, 39, 9] : 78.83562159538269
94: [94, 37, 76, 17, 53] : 71.60794425010681
28: [28, 10, 40, 16, 20] : 88.14643788337708
73: [30, 73, 95, 72, 4] : 119.91438269615173
36: [4, 50, 63, 64, 36] : 136.35381150245667
18: [57, 63, 80, 66, 64] : 133.7041597366333
10: [28, 10, 84, 92, 9] : 75.54576635360718
34: [34, 38, 97, 63, 4] : 138.46214771270752
1: [1, 32, 80, 4, 50] : 133.80854058265686
64: [64, 4, 74, 50, 66] : 136.1052372455597
28: [10, 28, 53, 61, 57] : 72.68813300132751
82: [82, 70, 62, 6, 14] : 111.41414427757263
96: [96, 59, 52, 60, 49] : 142.96039628982544
59: [56, 59, 52, 47, 96] : 135.1839861869812
67: [31, 97, 88, 3, 43] : 106.24351596832275
15: [15, 19, 63, 72, 80] : 125.22022271156311
27: [27, 29, 55, 80, 4] : 149.19352865219116
99: [78, 99, 55, 4, 72] : 136.52124857902527
72: [85, 72, 30, 3, 31] : 131.5836865901947
6: [6, 80, 4, 63, 64] : 148.30223608016968
62: [62, 63, 50, 89, 72] : 142.18118476867676
37: [37, 17, 81, 76, 23] : 80.73743152618408
31: [31, 63, 4, 55, 80] : 138.78322052955627
45: [45, 26, 83, 99, 61] : 94.82083296775818
58: [58, 89, 85, 68, 13] : 77.89053559303284
97: [97, 34, 64, 80, 4] : 143.58239221572876
25: [20, 25, 5, 84, 94] : 75.70154643058777
25: [25, 5, 20, 29, 53] : 89.39681768417358
69: [17, 95, 72, 30, 55] : 140.57795214653015
21: [21, 15, 29, 38, 27] : 122.12840843200684
19: [19, 97, 64, 95, 30] : 137.08407068252563
20: [20, 25, 82, 92, 54] : 97.4154052734375
27: [4, 55, 27, 30, 95] : 133.8085811138153
45: [45, 70, 83, 95, 30] : 131.1875991821289
65: [66, 80, 63, 4, 50] : 132.67192697525024
64: [50, 64, 36, 4, 80] : 145.38682866096497
12: [60, 12, 17, 76, 50] : 135.27802538871765
50: [50, 66, 4, 63, 30] : 121.91965889930725
61: [78, 92, 14, 99, 62] : 109.24476909637451
25: [25, 20, 5, 94, 87] : 119.9114990234375
0: [0, 57, 53, 83, 52] : 76.04693150520325
71: [12, 71, 56, 96, 59] : 90.69460344314575
13: [13, 81, 90, 68, 58] : 81.3623571395874
3: [3, 63, 4, 64, 80] : 145.28663849830627
80: [80, 4, 65, 32, 64] : 125.9253978729248
2: [2, 4, 64, 72, 55] : 138.61333847045898
2: [2, 11, 35, 0, 57] : 88.05447602272034
91: [91, 32, 1, 30, 65] : 132.68548226356506
18: [99, 78, 63, 64, 4] : 141.92658925056458
20: [20, 25, 5, 84, 93] : 93.88355946540833
6: [6, 7, 18, 99, 50] : 139.90390634536743
38: [4, 63, 80, 64, 50] : 136.71590757369995
59: [59, 52, 47, 96, 70] : 119.3671772480011
46: [13, 85, 48, 69, 22] : 105.32457995414734
2: [5, 25, 20, 84, 94] : 124.61016941070557
64: [64, 97, 3, 50, 63] : 135.8379945755005
77: [4, 80, 55, 72, 63] : 132.62317609786987
21: [21, 42, 29, 43, 88] : 141.38479351997375
98: [57, 53, 0, 83, 29] : 101.35859870910645
58: [58, 37, 57, 91, 89] : 98.76962232589722
54: [54, 92, 14, 6, 70] : 140.78492903709412
25: [25, 20, 5, 60, 27] : 96.02235531806946
98: [98, 35, 46, 11, 86] : 87.97805404663086
64: [96, 52, 47, 59, 44] : 141.25465393066406
12: [12, 17, 60, 90, 76] : 86.61008644104004
20: [20, 25, 5, 94, 60] : 89.25335812568665
2: [2, 50, 4, 63, 36] : 128.49493837356567
65: [50, 65, 72, 64, 30] : 136.49024033546448
4: [4, 99, 80, 55, 27] : 139.31796836853027
23: [23, 60, 76, 53, 57] : 86.04264378547668
72: [72, 55, 4, 30, 63] : 137.33177304267883
40: [40, 78, 44, 24, 27] : 93.29331946372986
91: [32, 91, 73, 1, 82] : 139.891268491745
80: [47, 80, 96, 52, 44] : 141.34899473190308
99: [99, 18, 32, 78, 74] : 107.4267635345459
24: [24, 7, 18, 57, 6] : 109.35589265823364
41: [41, 50, 64, 80, 63] : 134.64207410812378
45: [4, 63, 50, 72, 95] : 135.89266657829285
17: [17, 60, 37, 76, 40] : 74.60973739624023
60: [60, 23, 33, 51, 49] : 119.34491753578186
61: [61, 4, 55, 72, 30] : 131.98809003829956
86: [86, 39, 85, 87, 20] : 74.68148732185364
0: [0, 53, 57, 83, 10] : 79.91961550712585
53: [53, 57, 83, 50, 4] : 129.4051513671875
0: [0, 57, 83, 53, 60] : 75.25911831855774
82: [82, 6, 62, 53, 63] : 132.6747727394104
42: [42, 27, 43, 29, 38] : 131.48450350761414
74: [7, 99, 18, 77, 79] : 125.48849773406982
53: [57, 70, 53, 0, 92] : 96.44643044471741
96: [52, 80, 4, 64, 66] : 134.0714976787567
count (test images): 625
Mean per class acc: 62.92%
Mean inference time: 118.25 sec
Top 1 acc: 63.04%
Top 3 acc: 75.68%
Top 2 acc: 72.96%
Top 5 acc: 78.08%
