49: [49, 72, 60, 95, 30] : 102.60333847999573
92: [92, 83, 53, 57, 70] : 99.45155954360962
41: [41, 99, 27, 6, 67] : 99.64887595176697
75: [56, 14, 59, 96, 54] : 99.68269515037537
7: [7, 77, 6, 99, 51] : 99.6847026348114
71: [71, 95, 60, 49, 23] : 99.7055151462555
50: [74, 4, 6, 50, 63] : 99.76124143600464
27: [27, 38, 15, 4, 42] : 99.72514843940735
70: [70, 53, 92, 62, 60] : 99.70783996582031
24: [24, 45, 32, 67, 27] : 99.66974401473999
36: [36, 50, 65, 64, 80] : 99.64925050735474
32: [57, 72, 93, 83, 9] : 99.6710250377655
45: [45, 29, 26, 99, 44] : 99.62689876556396
80: [80, 4, 34, 75, 55] : 99.63931703567505
12: [12, 76, 60, 17, 68] : 99.73365998268127
23: [23, 76, 49, 60, 69] : 99.7936110496521
58: [58, 85, 69, 97, 86] : 99.83105611801147
96: [96, 59, 52, 47, 60] : 99.79222989082336
42: [43, 42, 88, 97, 3] : 99.77771258354187
86: [83, 99, 78, 57, 1] : 99.74826049804688
37: [17, 37, 60, 15, 31] : 99.78384017944336
45: [45, 29, 80, 65, 64] : 99.79690933227539
37: [37, 17, 47, 59, 52] : 99.77292895317078
90: [60, 27, 29, 4, 42] : 99.76706504821777
69: [69, 17, 76, 23, 43] : 99.7358033657074
40: [40, 84, 52, 20, 9] : 99.73168683052063
27: [27, 29, 47, 87, 14] : 99.73858547210693
18: [99, 24, 60, 79, 67] : 99.7833240032196
55: [29, 34, 42, 38, 97] : 99.79590821266174
54: [70, 92, 62, 83, 54] : 99.79937767982483
37: [37, 17, 40, 23, 9] : 99.75988578796387
36: [38, 65, 77, 3, 4] : 99.74423933029175
35: [35, 98, 11, 46, 2] : 99.72653555870056
37: [37, 17, 60, 40, 52] : 99.73537063598633
27: [97, 27, 43, 33, 59] : 99.73205018043518
73: [73, 30, 97, 27, 72] : 99.74869298934937
65: [65, 38, 74, 80, 50] : 99.7606246471405
91: [1, 73, 91, 32, 67] : 99.76451277732849
64: [64, 97, 80, 66, 38] : 99.74290537834167
17: [17, 60, 37, 23, 52] : 99.73324656486511
41: [41, 89, 17, 69, 58] : 99.75839042663574
19: [19, 15, 43, 29, 97] : 99.74747133255005
83: [83, 0, 57, 53, 84] : 99.72172546386719
37: [37, 5, 17, 47, 53] : 99.73938322067261
65: [38, 80, 34, 65, 75] : 99.70185685157776
97: [97, 88, 65, 64, 50] : 99.72274231910706
95: [95, 30, 72, 71, 73] : 99.81026768684387
48: [48, 41, 8, 89, 58] : 99.823655128479
54: [54, 70, 14, 6, 18] : 99.7499086856842
86: [86, 9, 94, 16, 60] : 99.71350646018982
86: [86, 16, 87, 60, 9] : 99.80910611152649
6: [6, 70, 82, 51, 14] : 99.90363764762878
85: [85, 41, 4, 27, 7] : 99.95685124397278
53: [53, 57, 0, 99, 67] : 99.96399974822998
9: [9, 10, 84, 61, 16] : 99.85213232040405
20: [20, 25, 84, 5, 10] : 99.80851006507874
99: [99, 78, 44, 18, 53] : 99.83387327194214
8: [8, 48, 53, 60, 69] : 99.90484929084778
14: [14, 7, 18, 79, 6] : 99.93081283569336
23: [33, 59, 49, 60, 52] : 99.89965605735779
74: [50, 65, 80, 4, 64] : 99.87118721008301
82: [82, 62, 14, 54, 70] : 99.93418073654175
15: [15, 29, 27, 72, 43] : 99.96073722839355
30: [30, 95, 72, 71, 55] : 99.86251711845398
71: [71, 60, 95, 30, 23] : 99.85407662391663
28: [28, 57, 10, 16, 92] : 99.80052781105042
81: [81, 90, 37, 47, 13] : 99.78646063804626
26: [62, 82, 6, 70, 7] : 99.73759460449219
96: [41, 47, 96, 52, 60] : 99.69979166984558
76: [76, 60, 13, 53, 7] : 99.75844430923462
21: [21, 3, 78, 63, 31] : 99.76845145225525
0: [0, 57, 53, 28, 9] : 99.73305296897888
2: [2, 11, 35, 9, 50] : 99.73311114311218
46: [46, 98, 11, 61, 35] : 99.6828019618988
15: [15, 29, 38, 3, 31] : 99.6899483203888
43: [43, 4, 88, 3, 42] : 99.73937726020813
19: [97, 19, 15, 29, 38] : 99.73444771766663
88: [88, 43, 42, 34, 97] : 99.78108525276184
88: [97, 88, 34, 42, 38] : 99.74458646774292
39: [39, 27, 86, 99, 50] : 99.74730634689331
28: [28, 16, 84, 86, 20] : 99.68644785881042
17: [17, 49, 60, 51, 71] : 99.7153730392456
4: [4, 74, 50, 55, 80] : 99.82508659362793
42: [74, 4, 99, 50, 55] : 99.90609383583069
53: [53, 57, 99, 0, 78] : 99.9552857875824
47: [47, 52, 96, 59, 23] : 99.90242338180542
43: [43, 4, 3, 42, 63] : 99.88078331947327
81: [37, 17, 12, 87, 39] : 99.8281602859497
8: [8, 41, 89, 68, 96] : 99.84155559539795
47: [60, 47, 96, 17, 52] : 99.8284273147583
19: [19, 15, 38, 3, 43] : 99.96980881690979
62: [62, 70, 6, 51, 82] : 99.9307918548584
70: [70, 62, 60, 92, 52] : 99.81389689445496
87: [87, 20, 86, 53, 60] : 99.82224225997925
92: [82, 83, 70, 1, 53] : 99.83422183990479
55: [30, 99, 29, 18, 95] : 99.80029821395874
62: [62, 47, 92, 70, 82] : 99.82966780662537
17: [17, 60, 85, 22, 27] : 99.83844327926636
58: [58, 85, 69, 29, 16] : 99.81473159790039
64: [80, 64, 50, 74, 36] : 99.77837228775024
60: [60, 49, 19, 97, 33] : 99.7267758846283
13: [13, 99, 27, 15, 29] : 99.71746182441711
65: [65, 50, 36, 97, 38] : 99.80984258651733
24: [24, 7, 74, 79, 32] : 99.93498849868774
12: [76, 97, 17, 59, 96] : 99.79103398323059
10: [10, 53, 84, 28, 61] : 99.745276927948
10: [10, 61, 28, 0, 22] : 99.7803566455841
83: [99, 53, 30, 78, 97] : 99.76956248283386
27: [99, 44, 41, 18, 78] : 99.74811720848083
73: [91, 73, 1, 30, 32] : 99.72228932380676
51: [4, 77, 63, 93, 44] : 99.7234857082367
17: [17, 60, 69, 22, 28] : 99.70137667655945
20: [25, 20, 5, 87, 37] : 99.69883179664612
86: [60, 85, 17, 87, 90] : 99.81220865249634
70: [70, 14, 62, 18, 6] : 100.33258986473083
49: [49, 60, 71, 76, 23] : 100.45776295661926
56: [56, 59, 96, 52, 47] : 100.4348533153534
43: [43, 42, 3, 88, 97] : 100.42353582382202
28: [28, 40, 16, 10, 84] : 100.44910907745361
17: [17, 60, 53, 76, 9] : 100.54845786094666
74: [74, 75, 55, 32, 4] : 100.50006175041199
46: [11, 35, 38, 2, 27] : 100.44147992134094
63: [97, 65, 66, 88, 34] : 100.41138863563538
41: [41, 89, 99, 67, 85] : 100.43063735961914
78: [78, 99, 31, 42, 44] : 100.47918033599854
92: [92, 70, 82, 83, 62] : 100.53696966171265
36: [36, 50, 65, 80, 74] : 100.50365948677063
59: [52, 59, 96, 56, 47] : 100.416011095047
4: [4, 80, 38, 3, 43] : 100.45562100410461
97: [97, 43, 38, 34, 42] : 100.44922256469727
29: [29, 27, 93, 38, 67] : 100.44521307945251
87: [86, 87, 60, 40, 69] : 100.45272016525269
63: [63, 82, 56, 65, 59] : 100.43113112449646
27: [27, 97, 78, 44, 65] : 100.45333003997803
89: [89, 41, 85, 58, 60] : 100.39705729484558
43: [43, 97, 38, 42, 34] : 100.35278582572937
10: [10, 28, 61, 51, 40] : 100.3355073928833
54: [14, 54, 18, 99, 7] : 100.28767514228821
73: [14, 44, 99, 78, 29] : 100.2515320777893
19: [97, 34, 19, 75, 63] : 100.27181148529053
41: [41, 45, 78, 7, 24] : 100.18967318534851
27: [44, 27, 18, 99, 60] : 100.20546817779541
14: [14, 32, 7, 1, 91] : 100.28157806396484
96: [96, 52, 47, 59, 17] : 100.30465579032898
76: [76, 60, 49, 15, 23] : 100.57252287864685
12: [17, 12, 60, 71, 23] : 100.66030621528625
34: [34, 97, 38, 75, 80] : 100.6501727104187
50: [74, 32, 4, 65, 50] : 100.67255067825317
25: [25, 20, 5, 87, 84] : 100.69257712364197
51: [74, 4, 80, 78, 44] : 100.6417601108551
70: [70, 62, 14, 99, 51] : 100.63739609718323
50: [50, 74, 4, 64, 65] : 100.57103180885315
94: [94, 5, 22, 84, 37] : 100.59080457687378
30: [30, 73, 1, 91, 69] : 100.58989810943604
3: [3, 21, 4, 63, 75] : 100.54965281486511
55: [4, 75, 97, 34, 55] : 100.45003247261047
81: [13, 60, 68, 81, 12] : 100.45121622085571
0: [57, 0, 53, 99, 10] : 100.39058995246887
64: [64, 3, 63, 75, 66] : 100.38393640518188
34: [34, 42, 38, 97, 63] : 100.36068773269653
92: [62, 70, 51, 82, 6] : 100.32990527153015
20: [20, 25, 84, 5, 94] : 100.28191924095154
73: [73, 30, 95, 67, 72] : 100.26101851463318
11: [11, 35, 85, 78, 17] : 100.2566921710968
89: [42, 18, 88, 15, 4] : 100.25159287452698
50: [65, 50, 80, 36, 29] : 100.32617497444153
10: [29, 9, 10, 53, 30] : 100.3269112110138
52: [52, 59, 96, 47, 60] : 100.29391884803772
91: [91, 1, 32, 67, 99] : 100.26398706436157
63: [65, 34, 38, 97, 4] : 100.24262881278992
4: [4, 55, 32, 27, 72] : 100.18721199035645
78: [78, 99, 18, 86, 0] : 100.19554734230042
53: [53, 7, 99, 96, 69] : 100.22851586341858
38: [38, 65, 34, 80, 88] : 100.25837850570679
6: [6, 14, 18, 7, 99] : 100.36749958992004
47: [52, 96, 47, 60, 37] : 100.39641761779785
84: [84, 37, 50, 20, 88] : 100.33060693740845
13: [13, 60, 16, 69, 89] : 100.30306673049927
5: [20, 5, 84, 53, 12] : 100.27192568778992
21: [21, 3, 88, 64, 42] : 100.29988741874695
70: [70, 6, 18, 62, 14] : 100.30063343048096
70: [70, 92, 62, 99, 60] : 100.28305220603943
27: [27, 29, 30, 93, 44] : 100.28444480895996
5: [84, 20, 12, 94, 60] : 100.2524881362915
5: [5, 37, 94, 20, 60] : 100.24979996681213
0: [57, 0, 53, 83, 99] : 100.20844459533691
73: [25, 27, 5, 85, 29] : 100.16926383972168
89: [89, 85, 41, 18, 82] : 100.20431590080261
7: [53, 7, 83, 92, 18] : 100.2243914604187
78: [78, 44, 27, 99, 74] : 100.43897008895874
25: [25, 20, 5, 39, 84] : 100.63604092597961
53: [53, 10, 16, 99, 61] : 100.61365079879761
25: [25, 5, 20, 37, 84] : 100.54686212539673
23: [23, 49, 71, 60, 29] : 100.56707382202148
42: [42, 43, 88, 27, 4] : 100.54288053512573
59: [59, 47, 96, 56, 23] : 100.39026212692261
34: [34, 97, 38, 88, 64] : 100.3552598953247
71: [71, 95, 30, 60, 26] : 100.30038118362427
88: [88, 42, 43, 80, 4] : 100.23667931556702
62: [54, 70, 14, 92, 62] : 100.17319130897522
42: [97, 38, 34, 43, 80] : 100.13696765899658
9: [9, 60, 10, 84, 69] : 100.11137223243713
9: [9, 10, 78, 57, 99] : 100.016610622406
65: [65, 72, 4, 55, 38] : 100.0452938079834
50: [4, 74, 44, 65, 80] : 100.01243185997009
87: [87, 86, 39, 1, 30] : 100.0764000415802
12: [12, 71, 60, 53, 96] : 100.05517148971558
99: [99, 78, 18, 83, 29] : 100.0490894317627
88: [88, 34, 80, 42, 38] : 99.9922182559967
57: [57, 10, 61, 0, 53] : 99.99355816841125
43: [43, 88, 42, 97, 4] : 100.0729432106018
48: [48, 7, 69, 8, 78] : 100.27382802963257
49: [49, 60, 23, 76, 71] : 100.31548357009888
73: [30, 73, 29, 95, 93] : 100.36820554733276
49: [49, 60, 33, 23, 52] : 100.31853222846985
56: [56, 71, 59, 49, 60] : 100.1692442893982
21: [21, 27, 78, 29, 44] : 100.12602090835571
46: [46, 11, 98, 35, 60] : 100.08770561218262
73: [73, 91, 30, 32, 95] : 100.01316523551941
77: [4, 74, 99, 57, 77] : 100.00316166877747
85: [85, 41, 27, 89, 69] : 99.97571730613708
32: [6, 70, 4, 80, 77] : 99.95922541618347
27: [27, 78, 44, 93, 91] : 99.96458077430725
20: [20, 25, 84, 5, 39] : 100.01766991615295
38: [38, 65, 97, 80, 72] : 100.11017990112305
96: [60, 52, 33, 96, 59] : 100.25573635101318
77: [77, 79, 24, 6, 26] : 100.30509328842163
54: [54, 70, 62, 83, 96] : 100.33084058761597
29: [29, 4, 43, 97, 34] : 100.47203850746155
65: [23, 65, 50, 2, 31] : 100.51919651031494
84: [99, 39, 87, 51, 94] : 100.57251358032227
85: [85, 27, 41, 52, 17] : 100.40437340736389
0: [0, 57, 53, 28, 60] : 100.22367429733276
10: [28, 10, 51, 9, 84] : 100.18879437446594
28: [20, 40, 84, 60, 87] : 100.21914958953857
34: [4, 80, 65, 34, 97] : 100.23665928840637
70: [70, 62, 82, 7, 14] : 100.24962973594666
90: [90, 85, 17, 27, 69] : 100.2386372089386
59: [59, 52, 47, 96, 60] : 100.23777914047241
50: [50, 64, 65, 74, 36] : 100.24789619445801
89: [41, 89, 58, 85, 80] : 100.26086735725403
87: [86, 87, 94, 61, 0] : 100.23118591308594
39: [39, 5, 25, 86, 84] : 100.26945185661316
9: [9, 40, 25, 28, 5] : 100.24466848373413
77: [32, 91, 1, 67, 78] : 100.20504212379456
37: [37, 17, 96, 47, 70] : 100.14683103561401
45: [44, 67, 32, 27, 93] : 100.15310478210449
10: [70, 92, 61, 10, 83] : 100.22804284095764
51: [51, 4, 63, 99, 42] : 100.23736953735352
40: [40, 56, 69, 52, 59] : 100.18204879760742
71: [71, 26, 45, 30, 95] : 100.15674543380737
30: [30, 95, 97, 67, 27] : 100.20791888237
37: [37, 17, 60, 82, 53] : 100.14681220054626
69: [69, 76, 17, 60, 20] : 100.2022476196289
75: [75, 97, 80, 65, 34] : 100.19393658638
87: [87, 71, 17, 49, 60] : 100.18885111808777
30: [30, 91, 95, 74, 44] : 100.17623019218445
92: [92, 70, 51, 57, 62] : 100.17647910118103
48: [48, 41, 89, 20, 8] : 100.1587495803833
0: [0, 53, 57, 60, 10] : 100.08641910552979
49: [49, 17, 76, 85, 69] : 100.11790609359741
46: [46, 98, 35, 11, 86] : 100.13646697998047
49: [49, 60, 7, 29, 44] : 100.06265473365784
94: [94, 24, 9, 86, 60] : 100.03640794754028
47: [47, 52, 96, 59, 33] : 100.01148748397827
72: [30, 95, 72, 55, 38] : 100.2137861251831
37: [37, 17, 47, 52, 96] : 100.2644157409668
41: [41, 86, 89, 85, 87] : 100.204998254776
29: [29, 31, 74, 65, 4] : 100.09288215637207
50: [29, 38, 32, 74, 34] : 99.99422693252563
42: [38, 97, 80, 43, 42] : 99.94151496887207
92: [92, 70, 0, 62, 83] : 99.95469117164612
43: [4, 42, 97, 47, 52] : 99.99040985107422
83: [83, 0, 61, 10, 53] : 100.00664019584656
25: [20, 25, 84, 5, 17] : 99.94646978378296
7: [7, 24, 6, 99, 79] : 99.98346066474915
69: [69, 95, 49, 30, 60] : 100.01433968544006
43: [43, 42, 88, 4, 63] : 99.99338912963867
86: [94, 87, 86, 40, 20] : 99.9716215133667
13: [17, 60, 13, 81, 87] : 99.99468612670898
5: [5, 20, 86, 37, 94] : 100.17425346374512
43: [43, 42, 38, 3, 4] : 100.25385808944702
21: [21, 63, 64, 4, 27] : 100.25864720344543
40: [40, 84, 51, 9, 24] : 100.26037859916687
11: [11, 46, 98, 35, 2] : 100.29481077194214
2: [2, 11, 35, 57, 29] : 100.31677269935608
74: [97, 42, 4, 34, 74] : 100.2826075553894
30: [30, 95, 73, 32, 72] : 100.3231360912323
33: [33, 68, 49, 60, 12] : 100.37484765052795
92: [70, 92, 62, 7, 14] : 100.35694289207458
0: [0, 57, 53, 10, 84] : 100.34840726852417
22: [76, 22, 17, 61, 69] : 100.40314388275146
45: [78, 29, 99, 44, 27] : 100.38753342628479
70: [62, 70, 92, 14, 41] : 100.35249185562134
22: [22, 9, 7, 40, 6] : 100.40147495269775
74: [78, 74, 93, 4, 32] : 100.38883781433105
15: [15, 43, 38, 31, 29] : 100.35277938842773
43: [43, 15, 97, 38, 3] : 100.3345456123352
47: [96, 52, 47, 60, 59] : 100.31026792526245
72: [72, 45, 32, 55, 30] : 100.34903073310852
39: [39, 94, 86, 16, 87] : 100.37035703659058
69: [69, 76, 95, 60, 85] : 100.33680939674377
54: [54, 0, 92, 83, 70] : 100.3487138748169
9: [9, 69, 40, 16, 53] : 100.35243940353394
85: [85, 27, 17, 29, 52] : 100.3190369606018
25: [20, 25, 5, 84, 37] : 100.31354880332947
53: [53, 57, 0, 83, 70] : 100.32303929328918
2: [2, 11, 35, 90, 73] : 100.31520485877991
40: [51, 40, 20, 9, 28] : 100.30245757102966
75: [75, 66, 65, 97, 43] : 100.30748414993286
48: [48, 8, 60, 69, 89] : 100.29792785644531
31: [31, 42, 38, 74, 4] : 100.33702206611633
42: [88, 42, 43, 38, 34] : 100.36777067184448
58: [58, 69, 60, 37, 68] : 100.33984112739563
29: [29, 4, 93, 3, 42] : 100.40525102615356
78: [78, 88, 97, 42, 27] : 100.29247856140137
78: [78, 99, 18, 42, 77] : 100.29536771774292
4: [4, 65, 80, 77, 97] : 100.2774727344513
1: [1, 32, 91, 67, 95] : 100.30284190177917
49: [49, 95, 73, 30, 97] : 100.26808285713196
21: [21, 3, 97, 31, 38] : 100.31004858016968
68: [60, 49, 12, 68, 71] : 100.34054398536682
91: [1, 91, 32, 73, 26] : 100.35940289497375
44: [44, 99, 27, 29, 30] : 100.38254976272583
13: [13, 81, 58, 90, 86] : 100.3881585597992
64: [74, 80, 44, 78, 65] : 100.35589528083801
48: [48, 89, 8, 29, 79] : 100.3212378025055
71: [71, 60, 12, 49, 17] : 100.28913927078247
76: [76, 49, 17, 60, 12] : 100.27766227722168
71: [71, 60, 95, 12, 23] : 100.28120970726013
49: [49, 17, 76, 60, 23] : 100.34684205055237
6: [6, 7, 79, 77, 63] : 100.3099889755249
67: [47, 78, 88, 44, 27] : 100.26980471611023
42: [42, 3, 88, 4, 21] : 100.32386612892151
59: [56, 52, 33, 96, 59] : 100.30135941505432
44: [78, 44, 99, 32, 67] : 100.34690523147583
36: [36, 50, 65, 4, 74] : 100.28337407112122
28: [28, 10, 51, 57, 40] : 100.2226824760437
97: [97, 34, 38, 43, 80] : 100.23311591148376
44: [78, 44, 27, 74, 32] : 100.2325873374939
9: [9, 16, 69, 60, 40] : 100.18693494796753
24: [24, 7, 6, 4, 77] : 100.17852830886841
42: [42, 43, 88, 80, 4] : 100.21457815170288
67: [31, 97, 3, 65, 60] : 100.203866481781
72: [4, 55, 72, 65, 63] : 100.19603538513184
70: [70, 92, 6, 62, 54] : 100.2158100605011
2: [2, 5, 11, 86, 28] : 100.22962236404419
57: [57, 53, 77, 83, 82] : 100.23527026176453
58: [58, 68, 29, 53, 87] : 100.24173426628113
70: [70, 62, 18, 6, 14] : 100.3457088470459
69: [85, 69, 89, 29, 15] : 100.36021304130554
54: [54, 70, 92, 14, 83] : 100.35702013969421
81: [13, 81, 90, 87, 58] : 100.37404203414917
90: [90, 81, 13, 89, 41] : 100.34473419189453
15: [15, 43, 34, 29, 99] : 100.36678266525269
82: [82, 62, 53, 92, 6] : 100.35781812667847
89: [89, 85, 17, 18, 41] : 100.36971259117126
31: [31, 15, 38, 43, 29] : 100.29835653305054
17: [85, 27, 17, 71, 39] : 100.25999140739441
4: [4, 63, 65, 43, 74] : 100.27253198623657
16: [16, 9, 94, 28, 17] : 100.25328326225281
5: [5, 25, 20, 40, 84] : 100.24676322937012
24: [24, 7, 79, 26, 99] : 100.35713148117065
35: [31, 11, 2, 94, 37] : 100.3795394897461
7: [7, 99, 18, 53, 78] : 100.34453415870667
62: [62, 92, 53, 70, 41] : 100.29115176200867
73: [30, 73, 1, 91, 67] : 100.2575752735138
74: [44, 74, 4, 27, 93] : 100.26114678382874
71: [71, 95, 49, 12, 30] : 100.28634333610535
6: [6, 7, 26, 24, 79] : 100.33469271659851
13: [13, 81, 58, 90, 89] : 100.28056573867798
46: [46, 11, 94, 98, 85] : 100.31653881072998
23: [71, 23, 95, 60, 69] : 100.29838466644287
91: [1, 91, 32, 73, 67] : 100.32279944419861
72: [77, 57, 80, 38, 4] : 100.31592559814453
31: [31, 15, 43, 3, 29] : 100.33178186416626
72: [97, 4, 3, 72, 65] : 100.32115578651428
47: [47, 96, 52, 62, 92] : 100.3320906162262
96: [52, 96, 59, 47, 56] : 100.30825686454773
14: [14, 67, 24, 99, 18] : 100.31016230583191
34: [88, 43, 97, 42, 34] : 100.30466675758362
50: [50, 64, 4, 80, 74] : 100.33498430252075
39: [39, 86, 76, 94, 40] : 100.31605052947998
59: [97, 27, 42, 59, 85] : 100.27797245979309
48: [48, 8, 69, 99, 29] : 100.32145857810974
97: [97, 34, 64, 66, 42] : 100.33025121688843
13: [13, 81, 58, 60, 27] : 100.27251768112183
50: [38, 74, 34, 44, 65] : 100.30718207359314
49: [49, 60, 59, 63, 44] : 100.288414478302
61: [61, 10, 52, 89, 60] : 100.31310629844666
23: [33, 60, 59, 94, 76] : 100.30487298965454
44: [15, 29, 99, 44, 38] : 100.3075315952301
1: [1, 91, 29, 27, 45] : 100.2777853012085
27: [60, 27, 97, 88, 3] : 100.29832363128662
57: [0, 70, 62, 82, 92] : 100.3061785697937
14: [14, 7, 18, 62, 67] : 100.29068064689636
24: [24, 7, 45, 99, 18] : 100.2952311038971
12: [60, 96, 87, 14, 44] : 100.28568696975708
5: [5, 20, 40, 52, 96] : 100.32781791687012
2: [2, 11, 35, 46, 5] : 100.28839373588562
83: [83, 57, 53, 99, 18] : 100.29846048355103
48: [48, 8, 68, 41, 69] : 100.27431893348694
27: [27, 29, 67, 1, 44] : 100.28765201568604
43: [43, 3, 4, 42, 97] : 100.29711556434631
41: [41, 89, 48, 58, 7] : 100.29355216026306
56: [52, 96, 29, 59, 47] : 100.29278135299683
72: [97, 72, 43, 31, 88] : 100.37492179870605
94: [94, 52, 96, 17, 60] : 100.29778337478638
97: [97, 34, 38, 74, 43] : 100.29816341400146
43: [43, 88, 42, 97, 34] : 100.2904646396637
77: [53, 57, 77, 0, 51] : 100.27673125267029
93: [93, 29, 30, 69, 95] : 100.27584218978882
79: [44, 79, 75, 7, 6] : 100.29156613349915
84: [84, 60, 20, 28, 40] : 100.30686974525452
35: [35, 2, 11, 98, 17] : 100.27551174163818
81: [81, 90, 13, 15, 31] : 100.3170976638794
86: [86, 85, 39, 17, 89] : 100.31110072135925
11: [11, 46, 98, 35, 60] : 100.32698249816895
75: [42, 34, 75, 97, 4] : 100.32668042182922
64: [38, 80, 97, 64, 3] : 100.31573557853699
8: [8, 48, 60, 49, 33] : 100.2848117351532
49: [97, 49, 75, 29, 27] : 100.31055641174316
16: [9, 69, 97, 44, 34] : 100.34268832206726
59: [96, 52, 59, 47, 60] : 100.32215142250061
45: [99, 27, 45, 69, 9] : 100.30009484291077
24: [24, 7, 99, 45, 18] : 100.29258990287781
34: [97, 38, 34, 29, 42] : 100.32401490211487
80: [80, 4, 42, 44, 14] : 100.34790086746216
8: [8, 48, 46, 35, 11] : 100.36606431007385
68: [68, 60, 13, 48, 8] : 100.3284764289856
3: [3, 4, 63, 55, 42] : 100.31361317634583
92: [70, 62, 92, 6, 14] : 100.32821750640869
57: [51, 57, 4, 65, 27] : 100.29688000679016
82: [82, 87, 62, 83, 0] : 100.33898091316223
92: [92, 70, 18, 14, 99] : 100.41828775405884
24: [6, 24, 7, 45, 99] : 100.33890080451965
32: [1, 32, 91, 67, 62] : 100.28197908401489
76: [17, 76, 1, 9, 60] : 100.30435943603516
32: [23, 9, 2, 28, 86] : 100.2900390625
46: [46, 11, 98, 35, 94] : 100.27203702926636
26: [45, 26, 99, 79, 29] : 100.33883571624756
62: [62, 70, 53, 99, 32] : 100.31511092185974
23: [23, 76, 49, 60, 33] : 100.28810930252075
63: [63, 4, 80, 97, 29] : 100.30743956565857
51: [51, 99, 70, 77, 62] : 100.25858330726624
70: [70, 62, 92, 14, 53] : 100.27119469642639
25: [20, 25, 41, 58, 87] : 100.26851177215576
80: [80, 4, 65, 63, 64] : 100.27597403526306
36: [36, 65, 50, 64, 4] : 100.25821352005005
61: [80, 74, 18, 4, 42] : 100.29127025604248
15: [15, 29, 97, 38, 31] : 100.25648665428162
38: [38, 64, 80, 50, 4] : 100.24936199188232
1: [1, 91, 32, 53, 14] : 100.27308106422424
34: [34, 97, 42, 88, 3] : 100.28831458091736
67: [93, 32, 67, 29, 27] : 100.2628161907196
86: [86, 94, 39, 22, 40] : 100.26980257034302
64: [65, 36, 57, 50, 74] : 100.25862050056458
24: [24, 7, 93, 32, 99] : 100.28100562095642
82: [82, 6, 62, 70, 14] : 100.33784794807434
5: [5, 20, 84, 94, 25] : 100.32787156105042
76: [76, 60, 69, 56, 67] : 100.33107876777649
13: [58, 13, 60, 69, 68] : 100.35368657112122
61: [97, 80, 72, 38, 29] : 100.3340904712677
50: [97, 43, 88, 42, 27] : 100.28311324119568
70: [41, 96, 52, 11, 33] : 100.24069046974182
98: [35, 98, 11, 20, 46] : 100.24775433540344
20: [20, 84, 25, 52, 86] : 100.29396843910217
97: [97, 38, 34, 88, 43] : 100.32915043830872
60: [60, 0, 28, 41, 33] : 100.37092971801758
14: [14, 67, 18, 99, 26] : 100.38238191604614
27: [27, 73, 4, 65, 44] : 100.33021473884583
87: [87, 25, 20, 40, 5] : 100.32057309150696
60: [49, 60, 17, 23, 95] : 100.29087853431702
44: [44, 27, 29, 91, 78] : 100.33647203445435
8: [8, 48, 41, 89, 85] : 100.40204930305481
95: [95, 30, 72, 27, 69] : 100.35365867614746
82: [82, 62, 70, 14, 6] : 100.36836338043213
51: [51, 44, 78, 27, 4] : 100.39028453826904
8: [8, 48, 11, 46, 60] : 100.38333415985107
41: [41, 89, 60, 69, 2] : 100.32560229301453
3: [3, 38, 43, 88, 97] : 100.28442287445068
67: [32, 67, 38, 34, 2] : 100.31238961219788
50: [80, 64, 38, 4, 29] : 100.3571252822876
9: [9, 53, 87, 22, 73] : 100.36446475982666
70: [70, 62, 18, 92, 6] : 100.32279539108276
80: [80, 74, 44, 65, 64] : 100.34934782981873
82: [82, 52, 70, 5, 33] : 100.37085032463074
84: [84, 20, 37, 40, 5] : 100.3154046535492
63: [74, 7, 44, 77, 4] : 100.35213851928711
60: [71, 49, 60, 17, 76] : 100.36986494064331
80: [80, 4, 34, 55, 97] : 100.36839079856873
56: [56, 30, 95, 71, 59] : 100.33774662017822
25: [5, 25, 20, 94, 37] : 100.33405828475952
74: [4, 38, 34, 65, 74] : 100.34328055381775
38: [38, 15, 43, 97, 31] : 100.3714644908905
52: [96, 52, 49, 33, 27] : 100.3770956993103
93: [93, 27, 32, 7, 4] : 100.37867188453674
29: [29, 27, 38, 44, 34] : 100.35129141807556
2: [53, 0, 57, 77, 10] : 100.33604764938354
44: [44, 78, 54, 2, 93] : 100.37470841407776
79: [44, 7, 18, 14, 74] : 100.37379503250122
11: [11, 35, 98, 46, 61] : 100.38175296783447
26: [23, 31, 30, 34, 75] : 100.37592887878418
95: [95, 30, 73, 1, 91] : 100.42043948173523
31: [97, 31, 38, 3, 15] : 100.43655943870544
88: [88, 34, 42, 4, 97] : 100.39732456207275
2: [2, 11, 35, 7, 5] : 100.43909192085266
37: [37, 17, 52, 47, 56] : 100.41513681411743
68: [68, 60, 49, 58, 12] : 100.41446113586426
66: [66, 97, 88, 4, 34] : 100.38403582572937
95: [97, 23, 31, 43, 34] : 100.34208106994629
91: [91, 1, 32, 67, 73] : 100.38171625137329
40: [86, 40, 99, 78, 12] : 100.4467146396637
18: [18, 44, 7, 56, 29] : 100.48589062690735
19: [19, 31, 3, 38, 15] : 100.46248841285706
77: [77, 6, 7, 14, 18] : 100.42331433296204
18: [14, 56, 7, 44, 18] : 100.4001681804657
25: [20, 25, 5, 84, 41] : 100.47517967224121
30: [95, 30, 29, 91, 1] : 100.44670414924622
38: [38, 3, 97, 43, 34] : 100.41044020652771
77: [99, 74, 7, 18, 77] : 100.38915681838989
71: [71, 95, 30, 12, 60] : 100.36398530006409
1: [91, 32, 45, 1, 62] : 100.38961029052734
28: [10, 28, 84, 61, 20] : 100.45385265350342
32: [51, 67, 23, 32, 93] : 100.43651461601257
4: [4, 55, 72, 95, 30] : 100.40384221076965
76: [76, 73, 95, 60, 49] : 100.39428758621216
90: [90, 89, 81, 13, 41] : 100.35888051986694
14: [14, 34, 99, 18, 82] : 100.41646361351013
25: [20, 94, 25, 65, 34] : 100.46195888519287
70: [70, 53, 57, 77, 99] : 100.43569850921631
17: [17, 96, 37, 47, 52] : 100.43023085594177
95: [72, 55, 44, 27, 75] : 100.41817784309387
75: [63, 75, 4, 74, 38] : 100.40565276145935
6: [99, 97, 78, 88, 65] : 100.4571692943573
86: [86, 87, 16, 39, 9] : 100.4772264957428
94: [94, 37, 60, 76, 17] : 100.45170140266418
28: [10, 28, 40, 20, 57] : 100.39794731140137
73: [73, 91, 30, 95, 32] : 100.36093950271606
36: [74, 50, 4, 36, 64] : 100.36925339698792
18: [99, 18, 78, 83, 57] : 100.41658449172974
10: [28, 10, 84, 92, 9] : 100.47079801559448
34: [34, 38, 97, 3, 75] : 100.42956233024597
1: [1, 32, 91, 67, 99] : 100.41308331489563
64: [64, 50, 4, 74, 75] : 100.41806387901306
28: [10, 28, 61, 84, 60] : 100.41730499267578
82: [82, 70, 62, 69, 60] : 100.43970274925232
96: [96, 52, 59, 49, 60] : 100.43469166755676
59: [56, 59, 52, 47, 96] : 100.43441820144653
67: [17, 29, 60, 97, 31] : 100.4791955947876
15: [15, 19, 49, 31, 29] : 100.50470757484436
27: [27, 29, 44, 78, 93] : 100.49455833435059
99: [78, 99, 86, 44, 18] : 100.50075578689575
72: [85, 27, 3, 30, 93] : 100.49080491065979
6: [6, 88, 99, 78, 43] : 100.49924635887146
62: [62, 99, 18, 44, 51] : 100.49962401390076
37: [37, 17, 81, 76, 86] : 100.49676752090454
31: [31, 21, 38, 29, 3] : 100.52145648002625
45: [45, 26, 1, 99, 83] : 100.50133395195007
58: [58, 89, 85, 41, 60] : 100.46447944641113
97: [97, 34, 38, 3, 80] : 100.46003246307373
25: [20, 25, 5, 84, 60] : 100.44532513618469
25: [25, 5, 20, 40, 87] : 100.42611789703369
69: [17, 69, 76, 49, 23] : 100.46276307106018
21: [21, 38, 4, 15, 29] : 100.5000228881836
19: [19, 97, 15, 38, 34] : 100.4784324169159
20: [20, 25, 5, 84, 39] : 100.473788022995
27: [4, 38, 27, 30, 55] : 100.49989008903503
45: [45, 99, 83, 0, 18] : 100.51840019226074
65: [65, 21, 3, 88, 38] : 100.51182961463928
64: [50, 64, 74, 36, 4] : 100.45225191116333
12: [12, 60, 17, 68, 69] : 100.4007499217987
50: [25, 20, 5, 60, 27] : 100.46496772766113
61: [10, 92, 99, 78, 61] : 100.52844858169556
25: [25, 20, 5, 37, 94] : 100.51800870895386
0: [0, 57, 53, 83, 60] : 100.49013710021973
71: [71, 12, 60, 49, 95] : 100.46279978752136
13: [13, 81, 90, 68, 58] : 100.4807505607605
3: [3, 65, 75, 4, 63] : 100.53720760345459
80: [80, 32, 65, 4, 38] : 100.59818243980408
2: [2, 11, 3, 4, 21] : 100.59795331954956
2: [2, 11, 35, 0, 57] : 100.57965874671936
91: [91, 32, 1, 65, 97] : 100.54537677764893
18: [44, 78, 99, 74, 18] : 100.56122636795044
20: [20, 25, 5, 84, 39] : 100.59776449203491
6: [6, 7, 18, 99, 24] : 100.60059571266174
38: [4, 63, 74, 80, 3] : 100.61959719657898
59: [59, 52, 47, 96, 56] : 100.56881761550903
46: [85, 22, 48, 13, 61] : 100.51888656616211
2: [5, 20, 25, 84, 37] : 100.50831890106201
64: [64, 75, 97, 3, 42] : 100.55385160446167
77: [77, 24, 18, 99, 4] : 100.62269568443298
21: [21, 29, 42, 78, 38] : 100.63750195503235
98: [98, 35, 5, 57, 60] : 100.70475602149963
58: [97, 59, 47, 58, 60] : 100.65805530548096
54: [54, 92, 14, 70, 6] : 100.6812834739685
25: [25, 5, 20, 60, 37] : 100.69712257385254
98: [98, 35, 46, 11, 86] : 100.67711782455444
64: [96, 47, 59, 52, 56] : 100.65818548202515
12: [12, 17, 90, 60, 68] : 100.64255738258362
20: [20, 25, 5, 46, 28] : 100.60782742500305
2: [2, 26, 45, 50, 99] : 100.5935742855072
65: [50, 65, 67, 78, 93] : 100.60145831108093
4: [99, 4, 91, 44, 27] : 100.57474684715271
23: [23, 60, 76, 49, 69] : 100.59301853179932
72: [72, 29, 4, 31, 55] : 100.57264709472656
40: [40, 20, 86, 99, 78] : 100.56695771217346
91: [32, 91, 1, 73, 67] : 100.59580683708191
80: [80, 47, 44, 96, 52] : 100.6227707862854
99: [99, 32, 67, 44, 74] : 100.6069564819336
24: [24, 7, 57, 18, 99] : 100.54777526855469
41: [41, 48, 87, 85, 27] : 100.51078224182129
45: [27, 88, 43, 29, 42] : 100.53600645065308
17: [17, 60, 76, 37, 16] : 100.5782642364502
60: [23, 60, 14, 6, 53] : 100.64670944213867
61: [61, 99, 78, 18, 29] : 100.71653652191162
86: [86, 39, 87, 17, 85] : 100.62327075004578
0: [53, 0, 57, 83, 61] : 100.60326075553894
53: [57, 53, 83, 0, 82] : 100.64778995513916
0: [0, 57, 83, 53, 92] : 100.64614009857178
82: [82, 62, 53, 6, 70] : 100.67864346504211
42: [42, 43, 27, 88, 29] : 100.61226320266724
74: [99, 7, 77, 18, 78] : 100.58866548538208
53: [53, 70, 57, 0, 92] : 100.6658387184143
96: [47, 96, 52, 59, 56] : 100.64162850379944
count (test images): 625
Mean per class acc: 68.93%
Mean inference time: 100.25 sec
Top 1 acc: 68.96%
Top 3 acc: 83.52%
Top 5 acc: 88.16%
