0 : [394, 390, 4, 65, 389]
0 : [391, 394, 389, 0, 758]
0 : [0, 975, 394, 391, 472]
0 : [0, 395, 394, 1, 389]
1 : [1, 899, 438, 712, 971]
1 : [1, 0, 395, 392, 393]
1 : [1, 389, 395, 392, 391]
2 : [4, 3, 149, 2, 51]
2 : [2, 3, 4, 149, 394]
2 : [2, 3, 4, 389, 149]
3 : [3, 4, 2, 394, 147]
3 : [4, 3, 2, 149, 394]
3 : [3, 2, 4, 394, 147]
4 : [389, 394, 391, 149, 2]
4 : [4, 2, 3, 389, 394]
4 : [110, 29, 115, 390, 27]
5 : [6, 394, 5, 977, 390]
5 : [5, 6, 394, 116, 392]
5 : [5, 973, 109, 115, 329]
6 : [6, 5, 107, 390, 65]
6 : [3, 6, 2, 4, 801]
6 : [5, 6, 115, 110, 329]
7 : [8, 7, 80, 91, 137]
7 : [242, 7, 63, 274, 8]
7 : [502, 8, 630, 514, 7]
8 : [8, 7, 80, 996, 86]
8 : [8, 7, 86, 82, 91]
8 : [8, 7, 86, 85, 80]
8 : [8, 7, 83, 86, 80]
9 : [9, 138, 134, 135, 133]
9 : [837, 836, 676, 917, 664]
9 : [9, 138, 100, 135, 134]
10 : [448, 18, 749, 572, 493]
10 : [12, 15, 11, 10, 13]
10 : [10, 11, 13, 19, 15]
11 : [11, 14, 92, 325, 86]
11 : [11, 16, 92, 14, 95]
11 : [11, 92, 90, 16, 14]
12 : [12, 14, 13, 16, 15]
12 : [12, 10, 14, 13, 16]
12 : [12, 14, 91, 17, 10]
13 : [13, 14, 12, 15, 16]
13 : [13, 14, 16, 12, 15]
13 : [14, 13, 11, 17, 16]
14 : [14, 11, 16, 448, 13]
14 : [14, 494, 448, 11, 12]
14 : [14, 16, 17, 12, 95]
15 : [15, 16, 95, 91, 17]
15 : [15, 14, 95, 17, 91]
15 : [15, 16, 20, 95, 14]
16 : [16, 95, 91, 17, 13]
16 : [16, 95, 17, 91, 18]
16 : [16, 95, 91, 14, 17]
16 : [91, 95, 16, 18, 17]
17 : [17, 16, 18, 95, 11]
17 : [17, 16, 11, 95, 18]
17 : [17, 18, 448, 11, 16]
18 : [18, 134, 17, 91, 16]
18 : [18, 80, 134, 143, 17]
18 : [18, 17, 91, 16, 15]
19 : [19, 17, 16, 95, 91]
19 : [19, 13, 16, 10, 17]
19 : [19, 17, 16, 94, 92]
20 : [360, 20, 391, 58, 150]
20 : [20, 15, 16, 18, 95]
20 : [20, 542, 952, 950, 224]
21 : [21, 23, 134, 128, 80]
21 : [22, 21, 23, 134, 133]
21 : [21, 23, 22, 134, 128]
22 : [22, 21, 23, 733, 91]
22 : [22, 21, 23, 134, 146]
22 : [22, 23, 21, 93, 134]
23 : [23, 128, 80, 93, 91]
23 : [23, 128, 127, 134, 80]
23 : [23, 22, 21, 128, 134]
24 : [24, 82, 83, 21, 86]
24 : [24, 82, 21, 86, 85]
24 : [24, 21, 83, 82, 85]
24 : [24, 82, 21, 83, 86]
25 : [25, 28, 53, 32, 59]
25 : [25, 28, 38, 45, 27]
25 : [45, 25, 28, 27, 44]
26 : [28, 27, 390, 26, 395]
26 : [25, 45, 28, 56, 38]
26 : [26, 27, 28, 38, 110]
27 : [26, 27, 25, 38, 28]
27 : [27, 26, 60, 38, 42]
27 : [26, 27, 110, 28, 25]
28 : [28, 25, 26, 27, 53]
28 : [45, 390, 114, 111, 47]
28 : [28, 25, 390, 27, 26]
29 : [29, 390, 27, 26, 397]
29 : [29, 397, 5, 395, 115]
29 : [29, 115, 108, 107, 991]
30 : [30, 32, 31, 26, 35]
30 : [337, 131, 136, 975, 360]
30 : [30, 32, 31, 28, 49]
31 : [31, 32, 40, 30, 46]
31 : [32, 30, 31, 26, 27]
31 : [31, 32, 30, 28, 27]
32 : [114, 111, 27, 26, 390]
32 : [32, 26, 31, 114, 30]
32 : [32, 30, 29, 327, 27]
32 : [32, 25, 26, 28, 31]
33 : [33, 34, 36, 35, 6]
33 : [33, 34, 36, 35, 37]
33 : [33, 34, 35, 36, 149]
34 : [34, 36, 35, 33, 6]
34 : [34, 33, 147, 48, 36]
34 : [34, 978, 977, 460, 33]
35 : [35, 36, 37, 34, 306]
35 : [35, 36, 37, 33, 34]
35 : [35, 37, 36, 34, 33]
36 : [37, 35, 36, 33, 34]
36 : [37, 34, 35, 36, 904]
36 : [35, 36, 37, 45, 103]
37 : [37, 36, 33, 35, 34]
37 : [37, 36, 35, 33, 34]
37 : [37, 35, 36, 33, 34]
38 : [38, 28, 27, 26, 111]
38 : [38, 43, 42, 66, 41]
38 : [43, 41, 66, 46, 48]
39 : [46, 39, 47, 43, 44]
39 : [39, 47, 31, 32, 44]
39 : [39, 48, 43, 47, 41]
40 : [40, 46, 41, 31, 44]
40 : [40, 46, 32, 55, 59]
40 : [46, 40, 39, 47, 27]
40 : [40, 46, 42, 26, 41]
41 : [41, 46, 42, 40, 47]
41 : [59, 57, 58, 44, 43]
41 : [41, 38, 46, 44, 26]
42 : [41, 42, 43, 46, 40]
42 : [28, 43, 27, 44, 42]
42 : [43, 41, 44, 42, 46]
43 : [42, 43, 47, 41, 46]
43 : [43, 316, 318, 950, 66]
43 : [43, 42, 39, 41, 44]
44 : [61, 52, 63, 54, 58]
44 : [44, 41, 46, 43, 68]
44 : [52, 68, 60, 63, 57]
45 : [45, 41, 56, 42, 44]
45 : [45, 102, 42, 50, 60]
45 : [45, 38, 27, 44, 42]
46 : [40, 46, 47, 26, 42]
46 : [46, 40, 489, 39, 47]
46 : [44, 46, 42, 41, 60]
47 : [47, 95, 64, 40, 92]
47 : [47, 43, 48, 42, 41]
47 : [47, 40, 46, 42, 43]
48 : [48, 43, 47, 39, 49]
48 : [48, 43, 42, 47, 39]
48 : [48, 62, 43, 39, 42]
48 : [48, 39, 42, 41, 50]
49 : [30, 103, 50, 35, 36]
49 : [142, 133, 137, 141, 98]
49 : [58, 50, 103, 49, 27]
50 : [50, 49, 44, 58, 48]
50 : [50, 49, 44, 48, 394]
50 : [50, 49, 58, 394, 103]
51 : [51, 69, 117, 306, 122]
51 : [51, 649, 863, 724, 643]
51 : [51, 649, 607, 684, 863]
52 : [53, 58, 56, 54, 60]
52 : [58, 52, 53, 54, 60]
52 : [53, 58, 59, 52, 65]
53 : [52, 57, 54, 65, 59]
53 : [65, 53, 52, 58, 395]
53 : [57, 60, 52, 54, 59]
54 : [67, 68, 54, 58, 60]
54 : [54, 57, 68, 52, 58]
54 : [52, 59, 54, 58, 68]
55 : [55, 57, 59, 53, 54]
55 : [55, 64, 60, 59, 54]
55 : [59, 60, 53, 54, 55]
56 : [58, 52, 53, 59, 56]
56 : [56, 65, 59, 52, 58]
56 : [56, 54, 59, 53, 63]
56 : [59, 60, 61, 57, 52]
57 : [57, 59, 52, 54, 68]
57 : [57, 59, 53, 54, 58]
57 : [59, 57, 54, 60, 58]
58 : [58, 62, 65, 68, 59]
58 : [107, 58, 6, 974, 390]
58 : [58, 27, 54, 59, 52]
59 : [55, 64, 57, 59, 60]
59 : [55, 64, 59, 40, 317]
59 : [55, 64, 59, 57, 53]
60 : [61, 62, 65, 63, 60]
60 : [59, 62, 52, 60, 54]
60 : [54, 60, 57, 58, 59]
61 : [62, 61, 65, 58, 68]
61 : [59, 62, 60, 58, 67]
61 : [62, 61, 58, 63, 65]
62 : [68, 67, 62, 59, 54]
62 : [62, 61, 60, 63, 67]
62 : [60, 57, 59, 63, 52]
63 : [60, 58, 53, 62, 54]
63 : [60, 674, 827, 63, 406]
63 : [53, 63, 58, 57, 60]
64 : [64, 55, 59, 46, 40]
64 : [64, 55, 997, 46, 53]
64 : [64, 55, 54, 59, 57]
64 : [59, 58, 54, 57, 64]
65 : [983, 65, 801, 390, 395]
65 : [65, 5, 110, 329, 801]
65 : [65, 58, 56, 52, 57]
66 : [68, 67, 66, 54, 61]
66 : [68, 67, 66, 54, 62]
66 : [66, 38, 44, 60, 32]
67 : [67, 60, 68, 54, 63]
67 : [68, 67, 60, 61, 63]
67 : [68, 67, 54, 52, 59]
68 : [68, 54, 60, 52, 65]
68 : [67, 62, 63, 68, 45]
68 : [68, 54, 67, 60, 62]
69 : [69, 112, 542, 429, 676]
69 : [69, 126, 976, 451, 114]
69 : [993, 524, 992, 322, 883]
70 : [70, 73, 313, 75, 815]
70 : [70, 79, 313, 77, 120]
70 : [70, 313, 75, 310, 73]
71 : [71, 79, 120, 124, 315]
71 : [71, 79, 124, 313, 27]
71 : [712, 923, 470, 542, 674]
72 : [72, 73, 74, 815, 77]
72 : [72, 73, 74, 815, 75]
72 : [72, 74, 815, 73, 77]
72 : [72, 74, 73, 77, 815]
73 : [73, 72, 74, 77, 75]
73 : [815, 73, 72, 716, 723]
73 : [77, 73, 72, 74, 70]
74 : [72, 74, 73, 815, 77]
74 : [72, 74, 73, 77, 76]
74 : [304, 317, 126, 301, 114]
75 : [75, 70, 73, 77, 74]
75 : [73, 70, 313, 310, 77]
75 : [75, 73, 74, 72, 76]
76 : [76, 73, 75, 79, 77]
76 : [76, 77, 71, 311, 42]
76 : [76, 73, 77, 74, 72]
77 : [77, 73, 71, 312, 307]
77 : [76, 78, 79, 307, 75]
77 : [73, 77, 74, 72, 76]
78 : [78, 302, 304, 307, 314]
78 : [75, 119, 123, 122, 71]
78 : [78, 304, 73, 302, 307]
79 : [79, 313, 123, 111, 124]
79 : [79, 126, 71, 329, 110]
79 : [79, 45, 52, 69, 329]
80 : [80, 8, 83, 81, 7]
80 : [80, 8, 83, 7, 86]
80 : [80, 8, 86, 81, 83]
80 : [80, 7, 93, 8, 84]
81 : [83, 81, 86, 85, 331]
81 : [81, 86, 80, 83, 138]
81 : [8, 85, 81, 86, 87]
82 : [82, 83, 85, 86, 138]
82 : [82, 85, 83, 81, 86]
82 : [82, 83, 85, 81, 86]
83 : [83, 138, 142, 141, 133]
83 : [83, 138, 21, 80, 86]
83 : [82, 83, 141, 331, 142]
84 : [84, 138, 134, 9, 21]
84 : [84, 86, 80, 8, 7]
84 : [84, 944, 552, 328, 749]
85 : [85, 86, 82, 83, 81]
85 : [85, 86, 81, 83, 133]
85 : [86, 85, 17, 134, 138]
86 : [85, 86, 83, 81, 82]
86 : [86, 85, 83, 81, 80]
86 : [86, 85, 97, 8, 80]
87 : [87, 88, 89, 90, 21]
87 : [87, 88, 23, 80, 8]
87 : [87, 89, 88, 90, 21]
88 : [88, 90, 21, 87, 89]
88 : [88, 90, 87, 89, 96]
88 : [88, 90, 87, 89, 96]
88 : [84, 90, 96, 87, 11]
89 : [89, 88, 87, 134, 21]
89 : [89, 16, 572, 448, 87]
89 : [89, 448, 87, 134, 425]
90 : [90, 92, 91, 21, 87]
90 : [90, 87, 94, 21, 92]
90 : [90, 87, 89, 88, 92]
91 : [91, 16, 18, 95, 92]
91 : [91, 16, 92, 18, 95]
91 : [91, 80, 18, 16, 21]
92 : [92, 95, 16, 91, 94]
92 : [92, 95, 16, 91, 90]
92 : [92, 91, 95, 16, 749]
93 : [93, 18, 134, 21, 91]
93 : [93, 96, 375, 369, 23]
93 : [93, 96, 144, 134, 89]
94 : [94, 92, 95, 20, 140]
94 : [94, 95, 92, 17, 16]
94 : [94, 95, 92, 16, 14]
95 : [95, 91, 92, 16, 17]
95 : [95, 94, 16, 92, 91]
95 : [92, 95, 16, 91, 94]
96 : [96, 93, 18, 91, 21]
96 : [96, 93, 91, 16, 90]
96 : [96, 93, 90, 375, 88]
96 : [96, 93, 92, 91, 955]
97 : [97, 99, 136, 137, 98]
97 : [97, 98, 136, 99, 137]
97 : [97, 136, 99, 137, 100]
98 : [98, 138, 133, 100, 128]
98 : [98, 136, 143, 137, 97]
98 : [98, 143, 133, 138, 136]
99 : [99, 97, 143, 136, 137]
99 : [99, 146, 97, 138, 100]
99 : [127, 134, 99, 129, 138]
100 : [100, 99, 128, 134, 137]
100 : [100, 99, 97, 136, 138]
100 : [100, 97, 137, 99, 136]
101 : [386, 101, 385, 343, 372]
101 : [385, 101, 386, 775, 978]
101 : [385, 386, 101, 916, 775]
102 : [102, 334, 337, 298, 103]
102 : [102, 334, 363, 298, 337]
102 : [102, 334, 363, 361, 103]
103 : [103, 150, 337, 363, 298]
103 : [103, 971, 438, 712, 148]
103 : [103, 5, 390, 29, 329]
104 : [104, 384, 335, 298, 273]
104 : [104, 376, 298, 273, 382]
104 : [104, 63, 384, 489, 332]
104 : [104, 371, 298, 106, 363]
105 : [105, 384, 383, 380, 382]
105 : [105, 104, 383, 373, 332]
105 : [381, 382, 384, 368, 380]
106 : [106, 332, 336, 298, 331]
106 : [106, 337, 298, 341, 338]
106 : [106, 298, 104, 357, 335]
107 : [975, 978, 913, 460, 718]
107 : [712, 971, 908, 538, 107]
107 : [107, 991, 974, 108, 853]
108 : [108, 973, 109, 991, 115]
108 : [107, 328, 108, 110, 991]
108 : [108, 329, 110, 973, 393]
109 : [109, 973, 329, 328, 397]
109 : [6, 107, 109, 801, 5]
109 : [109, 149, 116, 6, 801]
110 : [110, 114, 111, 600, 26]
110 : [5, 115, 110, 329, 991]
110 : [115, 110, 5, 109, 329]
111 : [676, 111, 816, 596, 777]
111 : [111, 712, 107, 971, 977]
111 : [111, 712, 107, 395, 390]
112 : [112, 117, 327, 115, 6]
112 : [6, 119, 58, 390, 327]
112 : [112, 998, 329, 987, 994]
112 : [925, 112, 883, 899, 809]
113 : [113, 114, 117, 112, 115]
113 : [113, 114, 115, 994, 992]
113 : [110, 111, 114, 327, 115]
114 : [114, 111, 110, 115, 329]
114 : [114, 110, 327, 113, 994]
114 : [114, 53, 110, 25, 26]
115 : [115, 329, 110, 111, 116]
115 : [115, 108, 5, 110, 329]
115 : [110, 115, 329, 5, 327]
116 : [65, 56, 58, 79, 57]
116 : [116, 69, 110, 390, 33]
116 : [990, 75, 677, 116, 69]
117 : [677, 783, 596, 992, 117]
117 : [117, 109, 112, 116, 69]
117 : [117, 125, 116, 115, 107]
118 : [118, 121, 119, 122, 120]
118 : [118, 121, 119, 122, 120]
118 : [118, 122, 124, 121, 120]
119 : [119, 120, 124, 125, 71]
119 : [119, 120, 71, 114, 390]
119 : [120, 119, 125, 118, 124]
120 : [119, 118, 121, 120, 123]
120 : [119, 120, 118, 125, 121]
120 : [125, 120, 119, 124, 307]
120 : [119, 123, 124, 122, 121]
121 : [121, 118, 122, 119, 124]
121 : [118, 121, 122, 119, 120]
121 : [121, 119, 118, 125, 120]
122 : [122, 124, 118, 121, 123]
122 : [122, 124, 119, 125, 118]
122 : [122, 124, 123, 119, 120]
123 : [122, 124, 123, 119, 71]
123 : [123, 122, 124, 119, 125]
123 : [115, 108, 110, 5, 392]
124 : [124, 121, 122, 118, 766]
124 : [123, 122, 124, 71, 79]
124 : [203, 186, 185, 258, 987]
125 : [113, 125, 117, 126, 122]
125 : [114, 111, 116, 125, 126]
125 : [122, 114, 125, 116, 327]
126 : [112, 110, 116, 329, 961]
126 : [684, 304, 69, 300, 125]
126 : [126, 125, 69, 116, 124]
127 : [128, 127, 131, 134, 129]
127 : [128, 134, 127, 129, 9]
127 : [127, 134, 128, 138, 129]
128 : [127, 128, 134, 130, 131]
128 : [128, 134, 127, 143, 98]
128 : [128, 127, 134, 129, 138]
128 : [128, 134, 138, 133, 127]
129 : [129, 127, 134, 128, 131]
129 : [129, 130, 127, 134, 128]
129 : [129, 127, 134, 128, 130]
130 : [130, 129, 127, 89, 146]
130 : [130, 134, 129, 782, 789]
130 : [130, 127, 134, 128, 129]
131 : [131, 136, 137, 129, 142]
131 : [131, 133, 128, 134, 135]
131 : [131, 134, 128, 133, 135]
132 : [132, 131, 127, 134, 129]
132 : [132, 131, 127, 134, 129]
132 : [132, 129, 127, 134, 146]
133 : [133, 131, 136, 132, 98]
133 : [133, 131, 134, 136, 142]
133 : [133, 134, 135, 138, 82]
134 : [134, 128, 129, 130, 127]
134 : [134, 9, 100, 135, 129]
134 : [131, 132, 134, 133, 129]
135 : [135, 128, 133, 142, 134]
135 : [135, 128, 134, 127, 138]
135 : [138, 133, 135, 128, 127]
136 : [86, 137, 96, 134, 80]
136 : [136, 8, 137, 143, 80]
136 : [136, 84, 137, 134, 86]
136 : [136, 137, 134, 80, 128]
137 : [137, 136, 97, 98, 129]
137 : [137, 136, 100, 143, 80]
137 : [137, 136, 80, 100, 99]
138 : [138, 9, 134, 133, 80]
138 : [138, 133, 134, 9, 135]
138 : [138, 81, 146, 133, 103]
139 : [139, 140, 142, 141, 143]
139 : [139, 142, 141, 140, 143]
139 : [139, 140, 141, 143, 142]
140 : [140, 142, 141, 139, 143]
140 : [140, 141, 139, 142, 138]
140 : [140, 142, 141, 139, 20]
141 : [141, 142, 140, 135, 133]
141 : [141, 142, 133, 136, 138]
141 : [141, 142, 133, 143, 135]
142 : [142, 141, 133, 136, 140]
142 : [142, 141, 140, 139, 143]
142 : [142, 141, 140, 139, 133]
143 : [143, 128, 141, 146, 136]
143 : [143, 141, 136, 142, 137]
143 : [143, 139, 141, 128, 142]
144 : [144, 128, 129, 133, 146]
144 : [144, 127, 128, 134, 23]
144 : [144, 100, 146, 460, 871]
144 : [144, 146, 143, 100, 98]
145 : [145, 81, 391, 146, 976]
145 : [145, 150, 103, 20, 80]
145 : [145, 97, 98, 99, 136]
146 : [146, 98, 137, 136, 97]
146 : [146, 21, 128, 23, 143]
146 : [146, 130, 134, 127, 129]
147 : [147, 148, 2, 34, 150]
147 : [814, 484, 147, 977, 913]
147 : [147, 148, 150, 34, 2]
148 : [148, 2, 147, 4, 3]
148 : [148, 2, 147, 3, 4]
148 : [148, 147, 2, 150, 149]
149 : [149, 801, 147, 4, 445]
149 : [103, 954, 114, 126, 658]
149 : [149, 150, 6, 390, 5]
150 : [150, 337, 360, 103, 148]
150 : [150, 390, 149, 103, 6]
150 : [150, 103, 148, 149, 2]
151 : [253, 158, 151, 225, 186]
151 : [151, 158, 237, 195, 268]
151 : [151, 268, 224, 158, 537]
152 : [152, 154, 156, 155, 568]
152 : [229, 204, 155, 200, 194]
152 : [155, 204, 153, 262, 200]
152 : [152, 154, 157, 155, 156]
153 : [153, 204, 155, 194, 203]
153 : [265, 203, 204, 194, 202]
153 : [153, 265, 266, 194, 155]
154 : [154, 254, 155, 262, 156]
154 : [154, 152, 155, 260, 254]
154 : [154, 155, 369, 262, 157]
155 : [153, 155, 204, 154, 262]
155 : [155, 200, 265, 229, 202]
155 : [155, 262, 200, 252, 204]
156 : [156, 215, 218, 217, 212]
156 : [156, 216, 219, 153, 154]
156 : [156, 219, 218, 215, 151]
157 : [157, 259, 264, 230, 151]
157 : [157, 224, 259, 231, 230]
157 : [157, 230, 232, 231, 264]
158 : [151, 237, 171, 172, 158]
158 : [195, 180, 179, 245, 158]
158 : [237, 158, 151, 224, 240]
159 : [159, 168, 209, 184, 211]
159 : [537, 211, 209, 159, 246]
159 : [159, 268, 225, 211, 168]
160 : [160, 226, 221, 183, 214]
160 : [160, 226, 177, 169, 230]
160 : [160, 226, 197, 183, 200]
160 : [160, 226, 228, 229, 200]
161 : [161, 158, 181, 166, 165]
161 : [162, 161, 241, 215, 156]
161 : [161, 163, 166, 165, 246]
162 : [166, 161, 162, 167, 168]
162 : [166, 162, 167, 253, 158]
162 : [162, 151, 158, 172, 253]
163 : [225, 235, 236, 165, 164]
163 : [161, 165, 166, 163, 162]
163 : [163, 161, 165, 168, 167]
164 : [167, 241, 238, 240, 166]
164 : [164, 165, 166, 210, 241]
164 : [164, 210, 165, 241, 238]
165 : [165, 236, 166, 168, 246]
165 : [164, 163, 165, 241, 247]
165 : [239, 215, 241, 164, 214]
166 : [161, 167, 166, 162, 215]
166 : [162, 166, 161, 210, 251]
166 : [166, 241, 167, 162, 238]
167 : [167, 166, 240, 173, 212]
167 : [167, 247, 162, 218, 161]
167 : [162, 167, 215, 166, 241]
168 : [236, 237, 224, 209, 225]
168 : [159, 168, 167, 209, 211]
168 : [159, 209, 168, 184, 211]
168 : [168, 211, 236, 237, 159]
169 : [169, 232, 176, 212, 173]
169 : [169, 160, 212, 222, 177]
169 : [169, 176, 160, 177, 212]
170 : [170, 177, 537, 233, 169]
170 : [170, 177, 198, 184, 191]
170 : [170, 177, 175, 214, 226]
171 : [171, 172, 173, 268, 180]
171 : [171, 172, 268, 181, 178]
171 : [151, 253, 237, 158, 171]
172 : [172, 173, 171, 180, 246]
172 : [224, 232, 176, 537, 169]
172 : [172, 173, 167, 166, 176]
173 : [188, 199, 193, 196, 190]
173 : [253, 173, 158, 172, 171]
173 : [537, 173, 978, 273, 167]
174 : [174, 249, 261, 222, 233]
174 : [273, 248, 249, 250, 271]
174 : [174, 235, 261, 225, 223]
175 : [170, 177, 224, 233, 175]
175 : [216, 200, 202, 229, 226]
175 : [202, 175, 226, 170, 194]
176 : [176, 205, 172, 236, 169]
176 : [212, 169, 214, 160, 217]
176 : [172, 159, 176, 184, 168]
176 : [176, 169, 212, 218, 207]
177 : [177, 170, 184, 169, 176]
177 : [170, 177, 233, 191, 183]
177 : [177, 170, 184, 233, 224]
178 : [284, 281, 283, 216, 285]
178 : [178, 210, 211, 246, 165]
178 : [178, 211, 168, 209, 180]
179 : [676, 658, 464, 542, 151]
179 : [180, 179, 223, 208, 537]
179 : [179, 180, 234, 208, 242]
180 : [180, 179, 208, 210, 178]
180 : [180, 179, 253, 172, 268]
180 : [162, 237, 161, 241, 164]
181 : [267, 181, 266, 233, 189]
181 : [181, 189, 190, 267, 266]
181 : [181, 267, 266, 228, 229]
182 : [182, 262, 188, 202, 189]
182 : [182, 184, 186, 193, 185]
182 : [188, 182, 196, 189, 198]
183 : [181, 191, 198, 183, 233]
183 : [233, 537, 221, 224, 206]
183 : [183, 181, 267, 233, 191]
184 : [170, 537, 175, 194, 177]
184 : [184, 191, 189, 193, 182]
184 : [182, 233, 191, 189, 188]
184 : [264, 537, 158, 151, 209]
185 : [203, 233, 202, 199, 193]
185 : [185, 186, 192, 193, 194]
185 : [193, 185, 194, 182, 199]
186 : [193, 186, 192, 224, 203]
186 : [203, 186, 192, 193, 201]
186 : [192, 186, 193, 203, 187]
187 : [537, 201, 193, 186, 185]
187 : [153, 204, 155, 203, 200]
187 : [187, 201, 192, 193, 186]
188 : [188, 189, 191, 190, 196]
188 : [189, 191, 188, 198, 202]
188 : [790, 190, 516, 188, 431]
189 : [191, 188, 196, 193, 185]
189 : [202, 196, 189, 188, 198]
189 : [189, 188, 198, 190, 196]
190 : [202, 183, 190, 233, 198]
190 : [190, 198, 188, 202, 196]
190 : [190, 203, 194, 202, 196]
191 : [233, 191, 183, 224, 189]
191 : [191, 189, 188, 184, 202]
191 : [191, 189, 188, 184, 170]
192 : [182, 192, 186, 193, 158]
192 : [186, 192, 193, 182, 185]
192 : [192, 186, 201, 185, 202]
192 : [203, 186, 193, 192, 153]
193 : [186, 193, 192, 201, 185]
193 : [194, 203, 201, 186, 193]
193 : [200, 194, 188, 196, 266]
194 : [194, 190, 200, 204, 233]
194 : [186, 185, 203, 189, 194]
194 : [199, 196, 194, 198, 192]
195 : [195, 245, 179, 180, 262]
195 : [195, 179, 245, 180, 242]
195 : [195, 245, 179, 151, 180]
196 : [198, 196, 199, 197, 188]
196 : [198, 196, 197, 183, 189]
196 : [198, 196, 202, 191, 188]
197 : [197, 198, 199, 233, 170]
197 : [191, 197, 198, 170, 233]
197 : [226, 233, 197, 202, 229]
198 : [198, 196, 199, 197, 191]
198 : [196, 198, 199, 188, 191]
198 : [196, 198, 199, 197, 188]
199 : [203, 201, 194, 193, 192]
199 : [199, 198, 196, 189, 191]
199 : [199, 198, 196, 197, 192]
200 : [200, 226, 229, 183, 204]
200 : [155, 204, 187, 201, 262]
200 : [226, 204, 201, 200, 193]
200 : [229, 228, 233, 194, 200]
201 : [201, 187, 194, 200, 192]
201 : [201, 187, 194, 204, 153]
201 : [199, 187, 192, 188, 201]
202 : [196, 204, 233, 266, 265]
202 : [191, 202, 189, 229, 181]
202 : [202, 189, 191, 194, 184]
203 : [203, 199, 192, 186, 188]
203 : [153, 203, 192, 186, 158]
203 : [203, 194, 193, 202, 199]
204 : [155, 200, 204, 226, 202]
204 : [204, 226, 200, 155, 194]
204 : [155, 204, 194, 200, 265]
205 : [205, 224, 214, 206, 213]
205 : [224, 205, 214, 160, 206]
205 : [205, 214, 206, 224, 208]
206 : [206, 221, 205, 222, 267]
206 : [221, 206, 213, 181, 267]
206 : [221, 206, 189, 267, 256]
207 : [222, 186, 207, 208, 219]
207 : [207, 257, 232, 212, 222]
207 : [254, 235, 260, 208, 180]
208 : [208, 210, 209, 178, 206]
208 : [208, 207, 222, 216, 209]
208 : [208, 240, 224, 234, 238]
208 : [208, 205, 232, 224, 241]
209 : [256, 224, 206, 221, 205]
209 : [208, 206, 209, 205, 224]
209 : [209, 208, 206, 205, 178]
210 : [210, 164, 166, 246, 215]
210 : [210, 164, 166, 246, 165]
210 : [210, 166, 251, 246, 212]
211 : [268, 237, 211, 158, 236]
211 : [168, 211, 159, 236, 165]
211 : [168, 211, 165, 159, 163]
212 : [212, 169, 537, 222, 216]
212 : [212, 217, 206, 164, 170]
212 : [217, 218, 212, 240, 167]
213 : [168, 209, 184, 206, 222]
213 : [184, 213, 218, 160, 220]
213 : [205, 213, 207, 218, 206]
214 : [214, 160, 213, 205, 218]
214 : [214, 219, 239, 220, 213]
214 : [205, 214, 206, 213, 224]
215 : [219, 215, 218, 205, 208]
215 : [218, 217, 215, 213, 212]
215 : [216, 217, 156, 219, 212]
216 : [217, 212, 218, 216, 215]
216 : [216, 212, 215, 218, 219]
216 : [206, 205, 221, 207, 208]
216 : [216, 247, 217, 212, 219]
217 : [217, 218, 219, 212, 161]
217 : [217, 219, 216, 218, 212]
217 : [217, 218, 212, 215, 206]
218 : [218, 217, 212, 215, 166]
218 : [218, 217, 215, 212, 166]
218 : [218, 217, 212, 215, 216]
219 : [219, 212, 216, 161, 218]
219 : [207, 215, 218, 219, 216]
219 : [219, 216, 156, 220, 207]
220 : [220, 219, 205, 206, 214]
220 : [220, 219, 216, 175, 217]
220 : [220, 982, 216, 160, 181]
221 : [221, 206, 267, 266, 256]
221 : [221, 206, 267, 228, 222]
221 : [221, 267, 206, 266, 233]
222 : [258, 257, 232, 223, 222]
222 : [222, 212, 169, 257, 205]
222 : [222, 257, 206, 240, 207]
223 : [223, 192, 259, 158, 262]
223 : [223, 259, 224, 261, 174]
223 : [259, 721, 223, 261, 258]
224 : [260, 223, 359, 357, 154]
224 : [223, 232, 231, 224, 205]
224 : [177, 169, 224, 219, 175]
224 : [206, 205, 223, 208, 221]
225 : [225, 235, 537, 224, 167]
225 : [235, 225, 174, 224, 223]
225 : [235, 225, 224, 537, 207]
226 : [198, 190, 184, 170, 202]
226 : [175, 226, 199, 228, 233]
226 : [220, 214, 206, 205, 213]
227 : [174, 227, 225, 537, 273]
227 : [151, 253, 193, 158, 240]
227 : [224, 165, 241, 232, 234]
228 : [228, 229, 233, 226, 183]
228 : [228, 229, 233, 190, 199]
228 : [228, 233, 256, 177, 345]
229 : [229, 194, 204, 200, 155]
229 : [229, 228, 233, 202, 200]
229 : [233, 229, 258, 203, 202]
230 : [186, 259, 264, 263, 231]
230 : [230, 231, 232, 264, 263]
230 : [230, 231, 264, 232, 263]
231 : [230, 231, 261, 232, 537]
231 : [230, 231, 232, 249, 537]
231 : [231, 230, 232, 257, 264]
232 : [232, 231, 258, 230, 257]
232 : [232, 224, 231, 264, 235]
232 : [232, 911, 224, 519, 958]
232 : [232, 231, 239, 224, 157]
233 : [233, 184, 199, 170, 189]
233 : [233, 197, 198, 183, 199]
233 : [233, 267, 266, 202, 203]
234 : [234, 208, 239, 241, 238]
234 : [234, 224, 225, 227, 241]
234 : [234, 237, 195, 223, 224]
235 : [235, 225, 537, 174, 224]
235 : [235, 227, 224, 169, 225]
235 : [235, 224, 225, 174, 170]
236 : [236, 237, 166, 165, 159]
236 : [236, 237, 234, 165, 224]
236 : [236, 166, 165, 237, 168]
237 : [253, 237, 151, 172, 171]
237 : [268, 171, 172, 158, 253]
237 : [237, 158, 224, 268, 236]
238 : [238, 234, 241, 239, 208]
238 : [238, 241, 166, 537, 240]
238 : [241, 238, 240, 234, 164]
239 : [239, 238, 240, 241, 232]
239 : [239, 247, 256, 217, 257]
239 : [239, 257, 222, 207, 232]
240 : [240, 238, 241, 208, 247]
240 : [239, 256, 238, 241, 247]
240 : [165, 241, 224, 240, 166]
240 : [239, 232, 241, 238, 231]
241 : [250, 166, 248, 238, 167]
241 : [241, 238, 234, 240, 215]
241 : [238, 241, 240, 234, 208]
242 : [242, 243, 180, 262, 247]
242 : [254, 245, 243, 195, 242]
242 : [242, 180, 179, 243, 247]
243 : [243, 242, 180, 179, 159]
243 : [243, 242, 180, 179, 245]
243 : [208, 159, 243, 247, 241]
244 : [255, 244, 239, 256, 260]
244 : [260, 208, 258, 244, 154]
244 : [244, 207, 239, 255, 208]
245 : [719, 643, 767, 607, 865]
245 : [245, 195, 179, 254, 262]
245 : [195, 245, 254, 179, 180]
246 : [246, 251, 164, 210, 212]
246 : [224, 159, 210, 246, 240]
246 : [164, 225, 210, 246, 227]
247 : [247, 257, 255, 244, 222]
247 : [247, 257, 244, 260, 256]
247 : [247, 222, 216, 217, 219]
248 : [250, 248, 249, 174, 270]
248 : [250, 248, 537, 249, 174]
248 : [250, 248, 249, 174, 223]
248 : [537, 250, 248, 249, 174]
249 : [249, 248, 250, 174, 231]
249 : [249, 248, 250, 258, 261]
249 : [249, 269, 248, 250, 231]
250 : [250, 248, 249, 264, 224]
250 : [248, 249, 250, 174, 223]
250 : [468, 223, 174, 250, 224]
251 : [251, 215, 167, 212, 172]
251 : [251, 212, 246, 240, 172]
251 : [251, 246, 212, 240, 166]
252 : [252, 262, 192, 224, 194]
252 : [262, 252, 155, 187, 192]
252 : [252, 262, 192, 155, 204]
253 : [253, 173, 162, 537, 167]
253 : [253, 167, 173, 225, 227]
253 : [253, 264, 162, 227, 167]
254 : [254, 237, 234, 245, 182]
254 : [254, 243, 224, 179, 182]
254 : [254, 260, 245, 154, 224]
255 : [255, 257, 235, 207, 256]
255 : [255, 244, 174, 235, 205]
255 : [255, 235, 174, 244, 205]
256 : [239, 256, 205, 255, 244]
256 : [222, 233, 175, 207, 244]
256 : [256, 244, 255, 205, 206]
256 : [244, 256, 255, 205, 220]
257 : [257, 537, 232, 169, 207]
257 : [257, 222, 232, 207, 231]
257 : [257, 222, 232, 249, 169]
258 : [258, 222, 257, 260, 249]
258 : [258, 222, 260, 257, 249]
258 : [258, 257, 249, 261, 248]
259 : [259, 154, 261, 258, 868]
259 : [151, 157, 223, 259, 193]
259 : [259, 263, 223, 157, 158]
260 : [219, 156, 162, 247, 251]
260 : [258, 260, 261, 249, 271]
260 : [260, 258, 259, 261, 257]
261 : [261, 223, 174, 259, 230]
261 : [261, 154, 230, 259, 260]
261 : [261, 259, 223, 260, 249]
262 : [262, 182, 151, 158, 254]
262 : [262, 252, 201, 193, 187]
262 : [158, 262, 151, 182, 237]
263 : [537, 263, 273, 253, 274]
263 : [263, 264, 240, 151, 241]
263 : [264, 263, 253, 224, 151]
264 : [264, 263, 537, 250, 151]
264 : [224, 263, 264, 231, 215]
264 : [264, 263, 151, 232, 182]
264 : [180, 264, 208, 179, 245]
265 : [265, 266, 202, 181, 229]
265 : [194, 181, 203, 229, 169]
265 : [266, 265, 267, 221, 233]
266 : [266, 265, 181, 267, 222]
266 : [265, 266, 194, 200, 267]
266 : [267, 181, 266, 222, 265]
267 : [267, 181, 169, 160, 221]
267 : [267, 266, 265, 233, 206]
267 : [267, 266, 183, 221, 181]
268 : [168, 268, 246, 209, 225]
268 : [268, 171, 253, 237, 158]
268 : [268, 171, 237, 225, 253]
269 : [269, 270, 537, 249, 271]
269 : [269, 270, 271, 272, 77]
269 : [269, 270, 271, 249, 273]
270 : [270, 269, 279, 273, 248]
270 : [270, 258, 269, 279, 249]
270 : [270, 279, 269, 271, 273]
271 : [271, 224, 274, 275, 273]
271 : [272, 269, 271, 270, 273]
271 : [278, 280, 274, 270, 273]
272 : [271, 274, 273, 272, 227]
272 : [272, 271, 270, 269, 277]
272 : [269, 270, 271, 272, 249]
272 : [272, 273, 270, 271, 269]
273 : [273, 274, 227, 224, 222]
273 : [273, 274, 271, 537, 167]
273 : [273, 271, 274, 269, 249]
274 : [274, 277, 271, 275, 279]
274 : [274, 273, 271, 279, 272]
274 : [273, 279, 958, 274, 272]
275 : [275, 276, 343, 274, 273]
275 : [275, 276, 273, 176, 251]
275 : [275, 276, 271, 227, 274]
276 : [275, 276, 273, 850, 274]
276 : [346, 351, 345, 349, 343]
276 : [276, 275, 384, 274, 271]
277 : [277, 278, 280, 279, 271]
277 : [278, 280, 272, 271, 274]
277 : [277, 274, 280, 298, 271]
278 : [279, 280, 278, 277, 298]
278 : [278, 280, 277, 272, 279]
278 : [277, 278, 272, 280, 271]
279 : [279, 258, 261, 277, 270]
279 : [279, 270, 280, 278, 277]
279 : [279, 258, 261, 280, 249]
280 : [274, 272, 104, 356, 331]
280 : [279, 277, 280, 278, 271]
280 : [280, 278, 279, 272, 277]
280 : [280, 278, 277, 279, 272]
281 : [283, 519, 281, 452, 692]
281 : [281, 284, 285, 283, 282]
281 : [281, 284, 283, 282, 285]
282 : [292, 282, 300, 3, 290]
282 : [292, 282, 300, 281, 289]
282 : [292, 282, 290, 288, 3]
283 : [283, 284, 281, 285, 282]
283 : [283, 568, 284, 281, 157]
283 : [283, 281, 284, 282, 285]
284 : [284, 285, 281, 283, 282]
284 : [284, 281, 282, 285, 283]
284 : [284, 281, 283, 282, 285]
285 : [283, 284, 676, 281, 452]
285 : [284, 281, 285, 282, 286]
285 : [281, 285, 284, 283, 282]
286 : [286, 291, 274, 287, 292]
286 : [286, 287, 289, 274, 290]
286 : [286, 290, 287, 274, 291]
287 : [287, 285, 281, 282, 284]
287 : [286, 284, 298, 287, 331]
287 : [287, 289, 279, 286, 537]
288 : [288, 290, 289, 293, 287]
288 : [289, 288, 287, 293, 274]
288 : [288, 290, 289, 293, 676]
288 : [288, 290, 289, 293, 287]
289 : [289, 287, 288, 286, 290]
289 : [289, 288, 290, 287, 293]
289 : [289, 288, 287, 290, 285]
290 : [288, 290, 289, 676, 282]
290 : [290, 288, 289, 293, 287]
290 : [290, 288, 289, 285, 676]
291 : [291, 286, 287, 289, 271]
291 : [291, 676, 958, 456, 288]
291 : [291, 286, 290, 288, 101]
292 : [292, 282, 300, 3, 290]
292 : [292, 282, 300, 3, 693]
292 : [292, 3, 300, 282, 290]
293 : [293, 288, 290, 289, 287]
293 : [293, 288, 287, 289, 290]
293 : [293, 287, 289, 286, 676]
294 : [294, 295, 297, 296, 387]
294 : [294, 295, 296, 297, 337]
294 : [294, 295, 297, 296, 337]
295 : [297, 260, 244, 255, 384]
295 : [295, 294, 297, 296, 388]
295 : [295, 294, 297, 296, 337]
296 : [296, 279, 270, 258, 249]
296 : [296, 294, 350, 537, 276]
296 : [296, 279, 294, 350, 286]
296 : [296, 295, 294, 297, 279]
297 : [297, 9, 364, 369, 23]
297 : [297, 294, 295, 334, 361]
297 : [297, 295, 384, 361, 294]
298 : [298, 357, 356, 358, 299]
298 : [298, 357, 358, 334, 337]
298 : [298, 356, 299, 358, 91]
299 : [299, 298, 336, 356, 280]
299 : [299, 298, 359, 356, 358]
299 : [299, 359, 356, 298, 104]
300 : [303, 318, 126, 124, 79]
300 : [300, 303, 304, 307, 313]
300 : [307, 300, 308, 79, 71]
301 : [301, 304, 305, 306, 302]
301 : [301, 310, 304, 317, 307]
301 : [301, 304, 816, 305, 988]
302 : [302, 300, 312, 304, 314]
302 : [300, 303, 307, 315, 302]
302 : [314, 126, 302, 300, 78]
303 : [304, 301, 303, 300, 302]
303 : [303, 71, 311, 313, 306]
303 : [303, 300, 316, 311, 75]
304 : [824, 301, 616, 59, 775]
304 : [301, 304, 316, 312, 317]
304 : [304, 300, 302, 307, 305]
304 : [301, 304, 306, 302, 305]
305 : [305, 304, 302, 300, 306]
305 : [305, 302, 304, 306, 301]
305 : [997, 947, 992, 996, 988]
306 : [306, 305, 304, 302, 78]
306 : [306, 302, 305, 304, 303]
306 : [302, 304, 306, 305, 78]
307 : [302, 310, 304, 307, 303]
307 : [302, 78, 307, 304, 301]
307 : [304, 307, 302, 78, 312]
308 : [316, 308, 309, 317, 319]
308 : [308, 317, 312, 316, 669]
308 : [308, 319, 316, 309, 320]
309 : [946, 309, 324, 325, 985]
309 : [309, 410, 92, 325, 324]
309 : [309, 599, 506, 816, 985]
310 : [309, 410, 308, 316, 599]
310 : [944, 993, 989, 990, 988]
310 : [310, 75, 305, 309, 312]
311 : [307, 26, 311, 120, 114]
311 : [313, 311, 315, 312, 304]
311 : [311, 315, 312, 307, 317]
312 : [314, 312, 308, 311, 307]
312 : [312, 79, 311, 313, 315]
312 : [311, 316, 312, 71, 307]
312 : [302, 306, 305, 300, 75]
313 : [313, 989, 952, 948, 990]
313 : [311, 123, 313, 122, 300]
313 : [315, 310, 814, 78, 484]
314 : [314, 631, 585, 311, 711]
314 : [313, 79, 314, 111, 70]
314 : [751, 610, 542, 932, 441]
315 : [946, 72, 315, 985, 945]
315 : [315, 311, 313, 312, 71]
315 : [315, 313, 311, 312, 300]
316 : [316, 300, 312, 311, 317]
316 : [316, 317, 126, 304, 116]
316 : [307, 78, 316, 304, 125]
317 : [317, 318, 312, 126, 304]
317 : [317, 316, 312, 311, 304]
317 : [317, 312, 311, 307, 126]
318 : [318, 326, 317, 313, 315]
318 : [318, 317, 313, 304, 316]
318 : [312, 300, 79, 302, 307]
319 : [319, 320, 318, 313, 669]
319 : [320, 319, 318, 326, 313]
319 : [319, 320, 72, 316, 312]
count (test images): 1000
Mean per class acc: 64.90%
Mean inference time: 1615.00 sec
Top 1 acc: 64.70%
Top 3 acc: 84.30%
Top 5 acc: 89.70%
