0, [394, 390, 4, 6, 147], 584.4599537849426
0, [391, 758, 0, 394, 501], 767.8137044906616
0, [0, 394, 456, 975, 408], 1007.7468676567078
0, [0, 394, 1, 391, 758], 748.1125690937042
1, [1, 899, 438, 971, 712], 630.8189771175385
1, [1, 0, 712, 674, 438], 530.2276949882507
1, [1, 395, 0, 391, 393], 323.8309864997864
2, [4, 3, 51, 49, 344], 660.1635856628418
2, [2, 3, 394, 833, 329], 508.7764370441437
2, [2, 3, 4, 394, 389], 440.30441880226135
3, [3, 4, 2, 394, 149], 657.6522841453552
3, [4, 3, 2, 149, 394], 304.7873377799988
3, [3, 2, 4, 394, 6], 393.00030875205994
4, [389, 394, 3, 2, 391], 539.3851325511932
4, [4, 2, 3, 394, 149], 656.8725605010986
4, [110, 390, 29, 395, 115], 728.1391949653625
5, [6, 147, 149, 394, 5], 627.5790076255798
5, [5, 6, 394, 110, 116], 564.3872878551483
5, [5, 109, 115, 329, 6], 443.6973867416382
6, [6, 5, 149, 107, 390], 566.8046264648438
6, [3, 149, 4, 6, 2], 735.4733195304871
6, [5, 6, 115, 110, 329], 390.1768856048584
7, [7, 8, 91, 80, 138], 577.6003310680389
7, [7, 376, 371, 103, 21], 798.460809469223
7, [502, 630, 514, 8, 86], 656.3754506111145
8, [8, 7, 83, 80, 82], 657.7040116786957
8, [8, 7, 82, 86, 83], 595.6903545856476
8, [8, 7, 86, 85, 80], 613.2043149471283
8, [8, 7, 83, 86, 85], 305.2537796497345
9, [9, 517, 657, 557, 542], 395.4531316757202
9, [837, 836, 488, 316, 395], 651.3933434486389
9, [9, 355, 542, 599, 438], 648.1382050514221
10, [749, 448, 18, 572, 916], 1177.2118546962738
10, [12, 15, 13, 10, 11], 716.4825732707977
10, [10, 11, 13, 15, 19], 464.8017544746399
11, [11, 14, 92, 8, 10], 454.33219957351685
11, [11, 16, 92, 14, 21], 705.5860722064972
11, [11, 92, 90, 21, 14], 934.3919725418091
12, [12, 14, 10, 13, 15], 535.7262523174286
12, [12, 10, 14, 13, 16], 458.3903269767761
12, [12, 91, 14, 10, 17], 615.563779592514
13, [13, 14, 12, 15, 10], 412.39891052246094
13, [13, 14, 16, 15, 12], 454.3331172466278
13, [13, 14, 16, 11, 17], 689.8157308101654
14, [14, 11, 13, 16, 10], 715.193642616272
14, [14, 448, 21, 11, 12], 732.4277210235596
14, [14, 16, 12, 91, 21], 588.2988362312317
15, [15, 16, 95, 91, 21], 849.2298843860626
15, [15, 14, 95, 17, 16], 642.9756941795349
15, [15, 16, 20, 95, 13], 658.6192498207092
16, [95, 16, 91, 17, 21], 686.6949226856232
16, [16, 95, 91, 17, 18], 545.066123008728
16, [16, 95, 91, 14, 17], 923.3967351913452
16, [91, 95, 16, 21, 14], 604.3727927207947
17, [17, 18, 21, 95, 11], 677.7669053077698
17, [17, 16, 11, 95, 18], 609.3812503814697
17, [17, 18, 21, 11, 95], 790.7969405651093
18, [18, 21, 17, 91, 448], 669.09587931633
18, [18, 134, 143, 8, 17], 712.7989223003387
18, [18, 17, 21, 16, 91], 674.2500319480896
19, [19, 17, 16, 95, 14], 642.584655046463
19, [19, 13, 16, 10, 17], 529.7038147449493
19, [19, 17, 16, 94, 11], 594.5929934978485
20, [20, 360, 150, 391, 394], 673.6872508525848
20, [20, 15, 16, 18, 21], 709.2598695755005
20, [20, 21, 542, 952, 950], 878.2990112304688
21, [21, 23, 87, 88, 8], 446.0121042728424
21, [21, 134, 22, 23, 133], 577.1738865375519
21, [21, 23, 128, 22, 8], 839.4174041748047
22, [22, 23, 733, 557, 8], 863.6998479366302
22, [22, 23, 146, 21, 127], 579.7854866981506
22, [22, 23, 21, 93, 128], 645.3342363834381
23, [23, 128, 80, 93, 91], 1011.6144049167633
23, [23, 128, 127, 134, 80], 682.0613143444061
23, [23, 22, 128, 134, 21], 592.875581741333
24, [24, 86, 85, 392, 916], 427.45898699760437
24, [24, 916, 950, 86, 85], 281.7222578525543
24, [24, 85, 86, 8, 92], 377.7313702106476
24, [24, 86, 733, 85, 17], 565.5066726207733
25, [25, 28, 32, 31, 30], 387.4894151687622
25, [25, 28, 38, 27, 26], 408.25772166252136
25, [25, 45, 28, 27, 44], 772.7104694843292
26, [28, 27, 390, 25, 26], 592.632443189621
26, [25, 45, 28, 60, 56], 712.0249602794647
26, [991, 996, 994, 992, 997], 256.410368680954
27, [26, 27, 25, 38, 28], 580.7154011726379
27, [27, 26, 60, 38, 28], 579.7586085796356
27, [26, 27, 110, 28, 25], 435.90181374549866
28, [28, 25, 26, 27, 53], 622.0355610847473
28, [45, 390, 47, 114, 39], 408.1262526512146
28, [28, 25, 27, 26, 390], 381.8513674736023
29, [29, 27, 26, 390, 397], 455.0262267589569
29, [29, 395, 115, 397, 393], 642.15278673172
29, [115, 108, 110, 991, 107], 452.095463514328
30, [30, 32, 31, 35, 971], 304.74306178092957
30, [131, 97, 975, 136, 142], 611.202347278595
30, [30, 32, 31, 28, 719], 304.8389813899994
31, [31, 32, 46, 30, 38], 263.9746012687683
31, [32, 30, 31, 26, 42], 290.154497385025
31, [31, 30, 32, 28, 50], 186.37042427062988
32, [111, 114, 27, 26, 110], 620.5460257530212
32, [32, 26, 31, 30, 27], 556.6889984607697
32, [32, 30, 29, 327, 114], 656.2249805927277
32, [32, 28, 25, 26, 110], 689.0034737586975
33, [33, 36, 34, 35, 69], 611.0262863636017
33, [33, 34, 36, 35, 107], 390.1881732940674
33, [33, 34, 35, 36, 995], 410.7911448478699
34, [34, 35, 33, 36, 6], 635.978093624115
34, [34, 33, 147, 48, 4], 732.6367065906525
34, [34, 33, 978, 718, 913], 823.9770147800446
35, [35, 36, 37, 114, 997], 561.4229714870453
35, [35, 36, 37, 693, 994], 478.8826777935028
35, [35, 36, 37, 994, 995], 264.65366554260254
36, [37, 35, 36, 390, 114], 660.7197091579437
36, [36, 35, 664, 994, 712], 768.2777588367462
36, [35, 36, 37, 125, 916], 434.4976577758789
37, [37, 36, 33, 34, 35], 329.83000016212463
37, [37, 36, 35, 69, 328], 422.93115520477295
37, [37, 36, 69, 994, 995], 523.884152173996
38, [38, 28, 27, 26, 111], 528.1649663448334
38, [43, 42, 38, 66, 40], 402.44950461387634
38, [43, 42, 41, 46, 66], 501.478098154068
39, [39, 46, 47, 40, 44], 431.1111001968384
39, [39, 47, 42, 31, 32], 638.9145340919495
39, [39, 42, 48, 47, 41], 537.4426290988922
40, [46, 40, 41, 44, 31], 615.2776036262512
40, [40, 46, 32, 55, 26], 393.73759055137634
40, [46, 40, 39, 42, 47], 353.10760259628296
40, [40, 46, 42, 26, 41], 447.72716307640076
41, [41, 42, 40, 46, 44], 600.3206057548523
41, [58, 57, 59, 44, 32], 690.7924380302429
41, [41, 38, 46, 44, 42], 526.9135506153107
42, [41, 42, 43, 46, 44], 351.39442801475525
42, [42, 28, 27, 43, 44], 580.5657732486725
42, [42, 43, 41, 44, 46], 279.3415789604187
43, [42, 40, 47, 46, 41], 278.8824272155762
43, [43, 316, 66, 45, 116], 686.5557408332825
43, [42, 41, 44, 47, 46], 368.6589105129242
44, [54, 61, 53, 63, 60], 475.99317598342896
44, [42, 44, 41, 43, 46], 434.7875897884369
44, [52, 63, 60, 53, 57], 458.475305557251
45, [45, 42, 41, 44, 27], 697.0049524307251
45, [102, 994, 392, 996, 50], 747.920007944107
45, [45, 38, 27, 42, 66], 518.9899969100952
46, [40, 46, 47, 42, 26], 660.8731937408447
46, [46, 40, 42, 912, 39], 407.1244127750397
46, [44, 42, 46, 41, 43], 408.6294994354248
47, [47, 40, 95, 21, 64], 698.4867596626282
47, [47, 40, 43, 42, 48], 241.22640347480774
47, [40, 47, 42, 46, 38], 574.0198402404785
48, [48, 43, 39, 47, 42], 295.7679512500763
48, [42, 43, 48, 39, 47], 485.81923723220825
48, [48, 42, 62, 43, 39], 442.21266174316406
48, [48, 39, 42, 41, 50], 319.5842936038971
49, [30, 50, 97, 103, 36], 947.4315528869629
49, [141, 143, 133, 142, 97], 737.2530837059021
49, [50, 49, 27, 26, 44], 643.4666635990143
50, [50, 49, 693, 600, 562], 325.573050737381
50, [50, 49, 676, 777, 447], 258.9904158115387
50, [50, 49, 394, 344, 103], 540.3646128177643
51, [51, 69, 916, 712, 599], 491.6478650569916
51, [501, 715, 727, 724, 863], 858.6493089199066
51, [51, 745, 69, 643, 607], 855.8346161842346
52, [54, 57, 53, 58, 25], 568.824969291687
52, [58, 52, 53, 59, 54], 638.874005317688
52, [58, 53, 59, 52, 65], 571.753274679184
53, [52, 57, 56, 60, 54], 586.5468204021454
53, [65, 53, 392, 390, 25], 773.5693306922913
53, [57, 56, 60, 54, 53], 671.3508543968201
54, [56, 58, 54, 65, 60], 468.96967697143555
54, [54, 57, 52, 58, 53], 456.20665168762207
54, [599, 994, 992, 996, 512], 181.19620728492737
55, [55, 57, 59, 54, 53], 504.96908473968506
55, [55, 64, 59, 58, 60], 395.208194732666
55, [53, 59, 54, 60, 55], 526.7289164066315
56, [58, 52, 53, 56, 57], 716.9122152328491
56, [56, 65, 58, 52, 59], 525.230447769165
56, [56, 54, 53, 52, 63], 637.0525736808777
56, [52, 60, 59, 61, 57], 764.6072430610657
57, [57, 59, 54, 52, 56], 436.46698093414307
57, [57, 59, 54, 56, 58], 680.6063277721405
57, [58, 52, 57, 54, 59], 420.43827080726624
58, [58, 62, 65, 59, 56], 612.8596799373627
58, [107, 6, 65, 390, 394], 648.6817743778229
58, [58, 27, 54, 59, 52], 686.1512351036072
59, [55, 59, 64, 57, 60], 397.3879313468933
59, [55, 64, 59, 46, 317], 705.1163511276245
59, [55, 64, 59, 53, 65], 406.59779047966003
60, [61, 65, 62, 59, 56], 664.1374547481537
60, [59, 56, 62, 52, 58], 402.8882348537445
60, [54, 56, 60, 52, 57], 312.07795667648315
61, [62, 61, 65, 731, 506], 597.7864661216736
61, [62, 58, 61, 60, 56], 637.0442488193512
61, [62, 61, 63, 58, 65], 450.56794714927673
62, [58, 56, 52, 62, 54], 300.44135212898254
62, [62, 61, 65, 63, 59], 625.7379860877991
62, [506, 674, 902, 512, 600], 531.2475075721741
63, [60, 56, 53, 58, 54], 498.5388996601105
63, [674, 60, 519, 692, 478], 874.6968829631805
63, [53, 52, 63, 57, 60], 595.317892074585
64, [64, 55, 59, 46, 53], 480.92851734161377
64, [46, 997, 994, 995, 25], 718.5873699188232
64, [64, 55, 54, 59, 53], 405.96246457099915
64, [58, 54, 59, 64, 57], 495.15754222869873
65, [65, 390, 5, 395, 149], 635.6925475597382
65, [65, 5, 110, 329, 63], 642.2050399780273
65, [65, 58, 56, 52, 59], 565.0550103187561
66, [66, 54, 60, 61, 62], 362.3987247943878
66, [66, 54, 62, 60, 52], 493.8215446472168
66, [66, 38, 49, 50, 126], 561.2786796092987
67, [54, 60, 64, 63, 56], 490.53079533576965
67, [67, 68, 63, 60, 54], 573.1345748901367
67, [54, 60, 56, 58, 52], 360.3772232532501
68, [54, 52, 60, 65, 56], 655.4481363296509
68, [62, 61, 63, 912, 506], 574.9116213321686
68, [54, 60, 62, 61, 63], 277.34141087532043
69, [69, 112, 116, 883, 542], 453.04916739463806
69, [69, 714, 392, 126, 455], 865.3035917282104
69, [392, 412, 862, 322, 69], 1217.621062040329
70, [70, 73, 313, 72, 75], 641.6725533008575
70, [70, 73, 77, 313, 120], 622.04842877388
70, [313, 70, 75, 310, 73], 517.8800656795502
71, [79, 120, 315, 124, 306], 663.9567885398865
71, [71, 79, 27, 313, 77], 566.914078950882
71, [712, 674, 923, 626, 409], 318.28569197654724
72, [72, 73, 74, 815, 77], 318.0587854385376
72, [72, 73, 74, 76, 71], 333.79620122909546
72, [72, 74, 815, 73, 70], 210.4668402671814
72, [72, 74, 73, 70, 313], 262.07322573661804
73, [73, 72, 74, 77, 75], 465.9017565250397
73, [815, 73, 72, 74, 75], 691.1822574138641
73, [77, 73, 72, 74, 75], 389.6043050289154
74, [916, 599], 113.01923823356628
74, [72, 74, 73, 77, 76], 290.35811138153076
74, [304, 317, 126, 312, 114], 576.8738269805908
75, [75, 70, 73, 77, 74], 652.5678844451904
75, [73, 77, 75, 72, 76], 604.1231050491333
75, [75, 73, 74, 72, 301], 370.59094166755676
76, [76, 73, 75, 77, 79], 600.042810678482
76, [77, 312, 73, 305, 310], 708.2475063800812
76, [76, 73, 74, 77, 72], 275.52802991867065
77, [77, 73, 71, 310, 76], 608.8982274532318
77, [79, 76, 78, 307, 75], 693.6100642681122
77, [73, 77, 74, 72, 76], 590.4060037136078
78, [712, 644, 783, 599, 674], 544.2079088687897
78, [303, 75, 122, 71, 119], 648.5694298744202
78, [78, 304, 307, 73, 302], 598.2325887680054
79, [79, 111, 110, 124, 313], 578.0782630443573
79, [79, 71, 126, 110, 329], 545.3057634830475
79, [79, 329, 69, 126, 115], 691.7353973388672
80, [80, 8, 83, 81, 7], 792.2435960769653
80, [80, 8, 83, 7, 82], 684.5551974773407
80, [80, 8, 86, 81, 91], 528.342164516449
80, [80, 7, 83, 8, 93], 625.7612383365631
81, [81, 83, 86, 85, 8], 557.6670877933502
81, [81, 86, 80, 83, 82], 473.0167946815491
81, [81, 8, 85, 83, 86], 607.9049212932587
82, [82, 83, 85, 86, 21], 629.6485645771027
82, [82, 85, 81, 83, 86], 527.7966272830963
82, [82, 83, 8, 85, 81], 501.0508189201355
83, [83, 138, 142, 133, 275], 951.43004322052
83, [83, 138, 21, 80, 86], 942.3502950668335
83, [83, 82, 141, 331, 85], 684.5860123634338
84, [84, 138, 21, 83, 134], 387.79542088508606
84, [84, 80, 86, 83, 8], 315.3688850402832
84, [328, 107, 971, 712, 116], 369.45988607406616
85, [85, 86, 82, 83, 81], 393.3119170665741
85, [85, 86, 83, 81, 82], 521.5080292224884
85, [86, 85, 134, 17, 138], 794.121506690979
86, [85, 86, 83, 82, 81], 536.035383939743
86, [86, 85, 83, 81, 82], 590.417115688324
86, [86, 85, 8, 82, 7], 571.372264623642
87, [87, 21, 88, 89, 90], 679.4413347244263
87, [87, 23, 88, 80, 21], 351.7640278339386
87, [87, 88, 519, 916, 448], 717.7554950714111
88, [88, 90, 21, 87, 89], 398.158545255661
88, [88, 90, 87, 96, 93], 300.49631786346436
88, [88, 90, 600, 749, 816], 609.3333361148834
88, [87, 90, 84, 88, 23], 768.7155957221985
89, [89, 88, 87, 21, 134], 455.2251183986664
89, [835, 916, 412, 562, 883], 649.0497505664825
89, [89, 448, 425, 958, 134], 707.8365511894226
90, [90, 21, 92, 91, 87], 753.4858026504517
90, [90, 87, 21, 16, 94], 522.719954252243
90, [90, 87, 21, 89, 88], 480.08474135398865
91, [91, 16, 21, 18, 14], 620.2392294406891
91, [91, 21, 16, 18, 92], 600.1865854263306
91, [91, 21, 18, 80, 17], 554.4888067245483
92, [92, 16, 95, 91, 94], 273.86226511001587
92, [92, 95, 21, 16, 91], 502.0035972595215
92, [92, 91, 21, 95, 749], 832.6487426757812
93, [93, 21, 18, 134, 128], 715.6176707744598
93, [93, 96, 134, 883, 916], 373.0179307460785
93, [93, 96, 89, 144, 134], 466.9152457714081
94, [94, 916, 448, 581, 749], 564.5224258899689
94, [94, 95, 916, 448, 438], 500.18237233161926
94, [94, 95, 16, 92, 14], 548.0672314167023
95, [91, 95, 16, 21, 92], 555.7190356254578
95, [94, 95, 16, 92, 21], 470.9070944786072
95, [95, 92, 16, 21, 392], 746.6712527275085
96, [96, 93, 916, 749, 902], 336.0285847187042
96, [96, 93, 91, 90, 18], 480.0439524650574
96, [96, 816, 616, 843, 676], 593.0698087215424
96, [96, 93, 92, 955, 95], 627.3420505523682
97, [97, 136, 99, 137, 98], 449.75787687301636
97, [97, 98, 136, 99, 137], 587.1493623256683
97, [97, 136, 137, 99, 133], 540.3630588054657
98, [98, 141, 136, 143, 137], 562.7707366943359
98, [98, 136, 97, 143, 137], 471.0000147819519
98, [98, 143, 138, 20, 136], 497.3869569301605
99, [97, 99, 136, 143, 98], 570.6420066356659
99, [99, 146, 97, 138, 100], 640.4752326011658
99, [127, 134, 99, 21, 129], 717.9000675678253
100, [100, 99, 128, 134, 138], 432.3380546569824
100, [100, 97, 99, 136, 80], 430.72691583633423
100, [100, 137, 99, 136, 97], 649.2198898792267
101, [386, 101, 385, 958, 672], 411.2709972858429
101, [385, 101, 386, 775, 733], 890.6014540195465
101, [101, 385, 386, 916, 664], 716.6886398792267
102, [102, 106, 342, 363, 298], 390.2879545688629
102, [102, 994, 995, 412, 438], 422.73644733428955
102, [102, 334, 363, 103, 337], 326.40154123306274
103, [103, 150, 149, 363, 764], 639.3560883998871
103, [103, 148, 971, 394, 438], 591.5970447063446
103, [103, 329, 539, 149, 115], 728.2400867938995
104, [104, 298, 384, 335, 353], 349.6454713344574
104, [104, 106, 298, 64, 63], 868.6184153556824
104, [104, 369, 63, 332, 489], 946.290426492691
104, [104, 298, 106, 102, 374], 432.48340463638306
105, [384, 383, 382, 380, 104], 493.4772479534149
105, [104, 383, 373, 332, 260], 701.0539095401764
105, [364, 335, 89, 104, 387], 645.1690802574158
106, [106, 298, 332, 331, 330], 827.313560962677
106, [106, 337, 298, 341, 336], 828.5628447532654
106, [106, 298, 357, 361, 362], 428.71319699287415
107, [913, 718, 460, 628, 445], 832.1990764141083
107, [712, 971, 619, 746, 818], 314.10741996765137
107, [107, 991, 108, 992, 853], 625.0792436599731
108, [991, 994], 111.92391324043274
108, [107, 328, 393, 108, 991], 561.1474750041962
108, [108, 329, 110, 327, 328], 185.01487922668457
109, [991, 992, 993, 996, 994], 197.22246837615967
109, [107, 6, 149, 109, 801], 628.865650177002
109, [109, 977, 6, 327, 329], 503.16668939590454
110, [600, 684, 902, 512, 523], 495.9457142353058
110, [5, 110, 115, 6, 329], 314.98330998420715
110, [991, 994, 712], 123.85875511169434
111, [676, 434, 816, 596, 777], 518.8213336467743
111, [111, 107, 712, 110, 108], 211.64745044708252
111, [111, 395, 712, 107, 971], 457.9371078014374
112, [112, 327, 69, 329, 994], 499.10029339790344
112, [6, 119, 390, 33, 327], 722.1306548118591
112, [112, 329, 987, 994, 327], 644.1097855567932
112, [112, 925, 899, 883, 684], 1225.135193824768
113, [113, 114, 112, 117, 110], 288.1746382713318
113, [992, 952, 994, 955, 997], 515.381588935852
113, [111, 110, 114, 29, 115], 663.819221496582
114, [114, 111, 110, 115, 113], 531.5997607707977
114, [114, 110, 327, 113, 115], 538.7345824241638
114, [114, 25, 26, 110, 111], 765.6935892105103
115, [115, 329, 110, 111, 116], 570.7698209285736
115, [115, 5, 108, 110, 393], 309.50961208343506
115, [110, 115, 5, 329, 111], 500.4978446960449
116, [56, 65, 58, 60, 79], 637.1950652599335
116, [116, 69, 110, 329, 114], 589.5917143821716
116, [542, 677, 456, 523, 784], 333.0580096244812
117, [677, 783, 506, 596, 723], 719.3527688980103
117, [117, 112, 116, 109, 69], 371.54371404647827
117, [117, 116, 125, 110, 115], 496.65523290634155
118, [994, 947, 964, 922, 944], 618.0603749752045
118, [118, 121, 119, 125, 124], 647.937581539154
118, [118, 121, 120, 122, 124], 392.46819591522217
119, [119, 120, 125, 305, 71], 458.56739044189453
119, [119, 120, 71, 114, 25], 486.6579759120941
119, [119, 120, 121, 118, 125], 475.78083872795105
120, [119, 121, 120, 118, 125], 354.3943283557892
120, [119, 120, 118, 125, 121], 322.4706118106842
120, [125, 120, 119, 124, 307], 388.96152448654175
120, [119, 125, 916, 712, 599], 168.50121331214905
121, [121, 118, 122, 125, 124], 462.61226987838745
121, [118, 121, 122, 124, 120], 661.6986267566681
121, [121, 119, 118, 120, 125], 487.5846028327942
122, [122, 124, 121, 123, 118], 369.835777759552
122, [122, 123, 124, 121, 125], 444.94953060150146
122, [122, 123, 124, 119, 120], 498.59953594207764
123, [122, 123, 124, 119, 121], 473.83749985694885
123, [123, 122, 119, 124, 125], 447.6390254497528
123, [5, 115, 108, 110, 393], 344.2773904800415
124, [124, 121, 122, 118, 119], 499.37317061424255
124, [123, 122, 124, 79, 71], 617.2966771125793
124, [389, 203, 186, 311, 185], 886.2015788555145
125, [113, 125, 126, 117, 122], 381.8775453567505
125, [995, 986, 998, 677, 712], 455.1853361129761
125, [116, 114, 125, 5, 327], 669.3036592006683
126, [112, 116, 110, 329, 998], 727.8153722286224
126, [304, 300, 684, 69, 303], 874.3227162361145
126, [126, 69, 125, 124, 116], 402.1216604709625
127, [128, 127, 131, 134, 143], 830.0247356891632
127, [127, 134, 128, 129, 21], 490.3802607059479
127, [127, 134, 128, 129, 138], 591.9054977893829
128, [127, 128, 134, 130, 129], 806.9503729343414
128, [128, 127, 134, 98, 143], 558.6482222080231
128, [128, 127, 134, 143, 129], 492.5049216747284
128, [128, 134, 133, 21, 127], 462.16256880760193
129, [129, 127, 134, 128, 143], 341.32098364830017
129, [129, 130, 127, 134, 128], 904.6856031417847
129, [129, 127, 134, 128, 143], 370.9718716144562
130, [130, 127, 89, 129, 132], 491.1876862049103
130, [130, 134, 782, 824, 129], 717.4898149967194
130, [130, 127, 134, 129, 128], 535.7886474132538
131, [141, 131, 136, 142, 137], 420.8154466152191
131, [131, 128, 133, 134, 135], 695.4001860618591
131, [131, 134, 133, 21, 128], 642.1960473060608
132, [132, 127, 131, 134, 129], 753.2200200557709
132, [132, 131, 127, 134, 129], 536.336672782898
132, [132, 129, 127, 21, 134], 602.3484995365143
133, [133, 131, 98, 134, 132], 654.8493311405182
133, [133, 141, 131, 134, 136], 556.6425671577454
133, [133, 134, 135, 138, 82], 643.6028547286987
134, [134, 129, 128, 130, 127], 576.8322036266327
134, [134, 9, 135, 100, 129], 533.5180654525757
134, [131, 132, 134, 129, 135], 303.903288602829
135, [135, 128, 142, 134, 141], 729.1276123523712
135, [135, 128, 134, 127, 133], 780.5141484737396
135, [135, 133, 138, 128, 127], 552.109415769577
136, [86, 137, 96, 8, 136], 615.9066886901855
136, [8, 136, 137, 80, 143], 710.388040304184
136, [136, 21, 84, 8, 137], 593.9478271007538
136, [136, 137, 80, 128, 134], 595.2818746566772
137, [137, 136, 97, 98, 141], 304.6405026912689
137, [137, 143, 136, 100, 80], 717.6708226203918
137, [137, 136, 80, 143, 100], 407.0189251899719
138, [138, 9, 134, 133, 21], 756.243004322052
138, [138, 133, 134, 9, 135], 616.3571541309357
138, [138, 146, 81, 394, 97], 587.3787364959717
139, [139, 140, 141, 142, 143], 582.9188504219055
139, [139, 140, 141, 142, 143], 587.2111275196075
139, [139, 140, 141, 143, 142], 747.9200556278229
140, [140, 141, 142, 139, 143], 397.89347434043884
140, [140, 141, 139, 142, 138], 478.26439476013184
140, [140, 141, 142, 139, 143], 464.1196825504303
141, [141, 142, 140, 135, 133], 651.6718893051147
141, [141, 142, 140, 143, 136], 536.489360332489
141, [141, 142, 133, 140, 143], 759.4922525882721
142, [142, 141, 143, 140, 136], 520.6241161823273
142, [142, 140, 141, 139, 143], 575.7412478923798
142, [142, 141, 140, 139, 135], 542.2847716808319
143, [143, 128, 127, 146, 134], 310.6749756336212
143, [143, 141, 136, 142, 137], 547.4146499633789
143, [143, 139, 141, 128, 142], 760.0443556308746
144, [144, 128, 133, 129, 134], 594.5015170574188
144, [144, 127, 128, 134, 129], 579.6902449131012
144, [100, 144, 871, 146, 21], 701.4342138767242
144, [146, 144, 98, 127, 128], 506.6453900337219
145, [145, 983, 672, 976, 977], 410.3176658153534
145, [145, 916, 977, 718, 733], 366.6553907394409
145, [145, 476, 916, 557, 733], 313.0759470462799
146, [146, 98, 136, 137, 97], 609.7479948997498
146, [146, 21, 128, 23, 142], 604.374026298523
146, [146, 134, 127, 130, 93], 484.96431136131287
147, [147, 148, 2, 150, 460], 744.3125193119049
147, [814, 147, 484, 871, 977], 681.5763764381409
147, [147, 148, 149, 150, 2], 630.63099360466
148, [148, 147, 2, 4, 3], 602.0761520862579
148, [148, 147, 2, 3, 4], 640.7546153068542
148, [2, 3, 562, 814, 833], 562.7448303699493
149, [149, 147, 148, 150, 977], 678.5720825195312
149, [393, 103, 114, 126, 363], 773.9140694141388
149, [149, 150, 6, 5, 390], 756.3266117572784
150, [150, 337, 360, 103, 357], 553.9389402866364
150, [150, 149, 390, 6, 103], 577.3055140972137
150, [150, 148, 149, 103, 147], 559.4132862091064
151, [253, 158, 151, 225, 173], 1021.5910782814026
151, [151, 158, 237, 195, 268], 771.0454406738281
151, [151, 158, 268, 223, 537], 911.0130081176758
152, [152, 157, 154, 156, 155], 801.9904923439026
152, [229, 204, 155, 194, 200], 712.1648604869843
152, [155, 204, 153, 200, 266], 1177.2965581417084
152, [152, 157, 154, 156, 155], 976.2797994613647
153, [153, 155, 204, 194, 203], 892.513439655304
153, [203, 265, 204, 194, 153], 759.4243586063385
153, [265, 266, 153, 156, 155], 968.3707933425903
154, [154, 254, 155, 152, 156], 1208.4178414344788
154, [154, 152, 260, 155, 156], 1147.576010465622
154, [154, 155, 916, 252, 556], 812.9138524532318
155, [153, 155, 204, 265, 154], 1022.1774673461914
155, [200, 155, 265, 266, 202], 1053.0468792915344
155, [532, 962, 964, 923, 935], 480.1298871040344
156, [156, 215, 218, 217, 216], 1286.378872871399
156, [156, 216, 157, 219, 218], 959.2506153583527
156, [156, 157, 218, 219, 217], 1004.6533493995667
157, [157, 264, 259, 230, 151], 953.4482717514038
157, [157, 224, 259, 231, 158], 754.9400613307953
157, [157, 230, 232, 231, 264], 923.9773900508881
158, [237, 151, 171, 172, 158], 668.9612917900085
158, [195, 245, 158, 268, 151], 554.0825297832489
158, [237, 158, 151, 241, 268], 694.0565805435181
159, [159, 211, 209, 225, 168], 1033.3051018714905
159, [537, 159, 211, 209, 243], 895.8393588066101
159, [268, 159, 225, 242, 211], 964.1574919223785
160, [160, 221, 183, 214, 205], 685.5878396034241
160, [160, 226, 177, 224, 230], 806.3714592456818
160, [160, 183, 200, 226, 267], 827.1398179531097
160, [160, 229, 228, 200, 226], 674.2672598361969
161, [161, 158, 173, 181, 267], 1119.8476390838623
161, [162, 161, 156, 241, 215], 830.2665538787842
161, [161, 163, 166, 165, 210], 949.6777250766754
162, [162, 161, 166, 168, 167], 1261.0210230350494
162, [166, 162, 158, 167, 253], 650.2731237411499
162, [162, 172, 151, 158, 180], 719.8512213230133
163, [225, 165, 236, 235, 164], 897.7867910861969
163, [934, 519, 457, 676, 797], 756.0731177330017
163, [163, 161, 165, 168, 167], 935.3491044044495
164, [167, 241, 173, 240, 238], 839.2489867210388
164, [164, 165, 237, 166, 241], 980.9008550643921
164, [164, 210, 165, 238, 241], 887.0720880031586
165, [165, 166, 236, 168, 246], 762.3938212394714
165, [163, 164, 165, 224, 217], 730.21364569664
165, [239, 241, 217, 218, 215], 1361.0990300178528
166, [161, 167, 166, 162, 218], 896.3636302947998
166, [162, 166, 161, 251, 167], 863.0909578800201
166, [166, 241, 167, 238, 162], 1253.9778068065643
167, [167, 166, 212, 215, 238], 1003.6912851333618
167, [167, 218, 247, 275, 217], 663.094484090805
167, [162, 167, 215, 241, 166], 1328.2491543293
168, [236, 237, 224, 209, 177], 921.201292514801
168, [159, 168, 167, 209, 178], 1040.4780793190002
168, [159, 209, 168, 184, 243], 914.7048308849335
168, [237, 168, 211, 173, 236], 1093.546394586563
169, [169, 232, 173, 176, 257], 709.924355506897
169, [169, 160, 212, 222, 217], 1097.2991576194763
169, [169, 176, 160, 177, 173], 1168.2252235412598
170, [170, 177, 169, 537, 233], 675.1381812095642
170, [170, 198, 177, 197, 189], 1226.2167057991028
170, [170, 177, 214, 224, 197], 892.7311813831329
171, [172, 171, 180, 173, 268], 937.0254335403442
171, [171, 172, 268, 180, 178], 881.5585663318634
171, [151, 253, 158, 237, 173], 687.0971667766571
172, [172, 173, 171, 180, 179], 1270.7463767528534
172, [224, 169, 232, 176, 226], 1025.1778571605682
172, [172, 167, 173, 166, 176], 1014.3753745555878
173, [188, 189, 196, 193, 199], 1160.565186738968
173, [253, 158, 172, 237, 171], 935.3527941703796
173, [173, 537, 273, 169, 167], 805.0601699352264
174, [174, 249, 169, 248, 258], 780.1882419586182
174, [273, 249, 279, 263, 240], 849.6003320217133
174, [174, 225, 235, 261, 223], 1031.226488351822
175, [170, 177, 224, 189, 169], 790.074784040451
175, [216, 226, 228, 199, 229], 898.9634492397308
175, [198, 202, 175, 194, 229], 698.5066907405853
176, [176, 172, 205, 236, 238], 844.8816983699799
176, [212, 160, 217, 214, 218], 1159.4598820209503
176, [172, 159, 176, 224, 173], 1256.8005442619324
176, [218, 176, 224, 212, 173], 969.0538578033447
177, [177, 170, 169, 184, 176], 1312.3194029331207
177, [177, 170, 197, 191, 189], 908.4845690727234
177, [177, 170, 184, 226, 189], 1018.2810802459717
178, [284, 281, 283, 285, 224], 1066.8885135650635
178, [178, 210, 211, 165, 246], 649.9861950874329
178, [178, 180, 168, 243, 173], 610.0090363025665
179, [676, 464, 916, 151, 519], 794.4434702396393
179, [180, 179, 223, 237, 268], 802.0670566558838
179, [180, 179, 234, 242, 208], 1432.792144536972
180, [180, 179, 242, 243, 210], 909.7366383075714
180, [180, 179, 172, 253, 237], 926.3916690349579
180, [237, 241, 162, 161, 224], 1003.1517429351807
181, [267, 181, 266, 233, 229], 838.6632199287415
181, [181, 189, 267, 266, 188], 677.6651542186737
181, [181, 267, 266, 228, 229], 941.0250899791718
182, [934, 916, 721, 697, 591], 816.2470166683197
182, [182, 189, 186, 184, 185], 729.7002456188202
182, [182, 196, 188, 189, 198], 835.4476325511932
183, [660, 934, 958, 643, 916], 763.503082036972
183, [233, 226, 221, 242, 206], 948.1035344600677
183, [501, 516, 431, 911, 492], 893.5028896331787
184, [170, 537, 191, 175, 189], 1318.590512752533
184, [733, 816, 644, 557], 140.12475538253784
184, [676, 438, 898, 519, 463], 750.249401807785
184, [264, 224, 173, 158, 916], 1019.222353219986
185, [203, 233, 202, 199, 189], 836.3826634883881
185, [185, 186, 192, 193, 194], 931.1284472942352
185, [193, 185, 182, 196, 189], 1135.465737581253
186, [192, 193, 186, 182, 226], 675.515017747879
186, [203, 186, 192, 193, 201], 662.3693962097168
186, [192, 203, 186, 193, 199], 578.6498274803162
187, [201, 193, 186, 185, 187], 1043.5259802341461
187, [153, 204, 155, 203, 200], 770.6905596256256
187, [187, 201, 193, 192, 186], 1374.0497226715088
188, [188, 189, 191, 198, 196], 1140.1816449165344
188, [189, 191, 188, 198, 202], 1321.5331177711487
188, [790, 588], 113.68845129013062
189, [850], 100.14461708068848
189, [196, 198, 202, 189, 188], 870.3450825214386
189, [189, 188, 198, 196, 202], 1033.6243073940277
190, [202, 198, 196, 183, 189], 1149.4047150611877
190, [198, 196, 197, 202, 188], 781.8719758987427
190, [203, 196, 202, 194, 189], 881.3737864494324
191, [580, 519, 655, 916, 537], 897.8321571350098
191, [191, 189, 188, 184, 202], 778.4493856430054
191, [191, 189, 184, 202, 170], 997.2840564250946
192, [182, 192, 158, 224, 186], 869.3289399147034
192, [186, 192, 193, 185, 182], 688.0781927108765
192, [192, 201, 186, 185, 193], 1289.9847395420074
192, [203, 193, 192, 186, 153], 813.9368076324463
193, [186, 193, 192, 201, 185], 965.8664929866791
193, [186, 194, 203, 193, 201], 1109.3326377868652
193, [200, 196, 155, 188, 192], 1079.3158168792725
194, [194, 200, 204, 226, 233], 1059.040254354477
194, [186, 189, 185, 203, 194], 837.3395919799805
194, [196, 198, 199, 194, 193], 796.507134437561
195, [195, 242, 457, 916, 519], 1377.7764658927917
195, [195, 242, 245, 243, 153], 1347.011771440506
195, [195, 519, 916, 911, 806], 789.6902961730957
196, [198, 196, 197, 199, 188], 939.8866753578186
196, [198, 196, 197, 183, 189], 853.1317443847656
196, [198, 196, 202, 191, 188], 953.1385900974274
197, [198, 197, 196, 199, 233], 846.4676787853241
197, [197, 198, 189, 191, 170], 761.3509547710419
197, [233, 197, 202, 229, 228], 1042.9032394886017
198, [198, 196, 197, 199, 188], 1153.5351359844208
198, [196, 198, 199, 188, 191], 992.1944892406464
198, [676, 537, 806, 519, 934], 973.8245539665222
199, [203, 201, 194, 192, 193], 703.3035395145416
199, [196, 189, 198, 199, 188], 1010.597846031189
199, [199, 198, 196, 197, 183], 1054.6561923027039
200, [200, 197, 226, 204, 229], 866.1048624515533
200, [155, 187, 204, 201, 196], 726.7600123882294
200, [201, 175, 200, 204, 193], 1173.9979994297028
200, [229, 228, 226, 233, 222], 813.4100263118744
201, [201, 187, 226, 194, 200], 726.3624289035797
201, [201, 187, 194, 204, 153], 1131.0107855796814
201, [196, 198, 266, 199, 187], 1011.9234416484833
202, [196, 266, 265, 267, 198], 891.3239483833313
202, [189, 202, 191, 229, 267], 1064.6411788463593
202, [202, 189, 198, 194, 203], 1277.6697535514832
203, [203, 258, 188, 192, 264], 1027.8035271167755
203, [516, 721, 431, 591, 496], 872.7304284572601
203, [203, 194, 196, 193, 198], 1035.3950808048248
204, [155, 204, 200, 202, 226], 928.7374742031097
204, [204, 226, 200, 155, 229], 776.9975554943085
204, [155, 204, 194, 200, 153], 525.8856282234192
205, [205, 206, 224, 214, 213], 800.1975681781769
205, [224, 214, 205, 160, 197], 1285.394995689392
205, [205, 206, 214, 224, 213], 498.265100479126
206, [206, 221, 205, 267, 222], 1037.148494720459
206, [221, 206, 267, 181, 205], 1386.9447174072266
206, [221, 189, 206, 183, 256], 803.7649946212769
207, [186, 222, 260, 207, 156], 651.6478354930878
207, [224, 207, 232, 257, 244], 1019.0104372501373
207, [260, 208, 254, 242, 235], 810.8975374698639
208, [210, 208, 209, 178, 246], 1106.4102988243103
208, [208, 207, 209, 222, 216], 841.1358003616333
208, [208, 240, 238, 241, 234], 1068.5741980075836
208, [208, 205, 232, 241, 238], 826.0556972026825
209, [224, 205, 256, 206, 208], 758.5228366851807
209, [208, 209, 206, 205, 224], 1151.0189139842987
209, [209, 206, 208, 205, 178], 844.0252888202667
210, [210, 164, 166, 246, 168], 758.0293369293213
210, [210, 164, 246, 166, 211], 707.7556715011597
210, [210, 166, 246, 251, 173], 641.4953219890594
211, [268, 173, 211, 236, 159], 727.6874737739563
211, [168, 159, 211, 165, 236], 936.2737996578217
211, [211, 168, 159, 165, 178], 859.5665552616119
212, [212, 160, 218, 222, 215], 949.2178819179535
212, [212, 160, 217, 218, 206], 762.9139149188995
212, [217, 212, 218, 240, 167], 893.8585267066956
213, [168, 184, 209, 213, 205], 902.4625172615051
213, [218, 689, 184, 501, 170], 967.9769351482391
213, [205, 213, 218, 215, 207], 673.2908565998077
214, [214, 160, 205, 213, 241], 934.2262811660767
214, [214, 219, 239, 217, 160], 914.7570066452026
214, [205, 214, 206, 160, 213], 933.1021039485931
215, [215, 219, 213, 218, 217], 971.3671324253082
215, [218, 215, 217, 213, 160], 706.8496694564819
215, [216, 156, 217, 218, 215], 1136.6747360229492
216, [212, 217, 218, 215, 160], 880.3825640678406
216, [215, 216, 212, 218, 217], 974.504301071167
216, [207, 217, 205, 216, 218], 862.8971514701843
216, [216, 217, 215, 247, 212], 813.550853729248
217, [217, 218, 219, 212, 215], 714.9996380805969
217, [217, 215, 218, 219, 216], 1026.0518999099731
217, [217, 215, 218, 210, 212], 921.643759727478
218, [218, 160, 215, 217, 212], 1021.9563374519348
218, [218, 215, 217, 212, 160], 659.8525047302246
218, [215, 218, 217, 212, 166], 940.76726770401
219, [219, 160, 212, 216, 161], 936.2115640640259
219, [207, 215, 218, 160, 219], 752.7059433460236
219, [219, 216, 156, 215, 220], 1000.9867503643036
220, [220, 206, 205, 221, 219], 968.2385184764862
220, [220, 219, 216, 160, 217], 807.2911942005157
220, [220, 216, 221, 219, 982], 877.7494201660156
221, [221, 206, 267, 266, 205], 465.6265950202942
221, [206, 221, 267, 220, 228], 798.4838173389435
221, [221, 267, 206, 266, 233], 720.1968514919281
222, [258, 222, 257, 223, 232], 1033.7951953411102
222, [222, 169, 212, 257, 258], 1134.0991995334625
222, [222, 240, 257, 206, 207], 936.2448170185089
223, [223, 158, 186, 259, 237], 1008.3183753490448
223, [223, 261, 174, 721, 224], 994.3739438056946
223, [223, 259, 261, 230, 721], 848.5426907539368
224, [262, 260, 223, 516, 519], 784.8137829303741
224, [232, 231, 223, 205, 224], 895.2698805332184
224, [177, 205, 224, 206, 219], 779.559107542038
224, [206, 205, 208, 223, 219], 778.6624698638916
225, [225, 235, 173, 167, 275], 818.9581191539764
225, [225, 235, 174, 224, 253], 854.2274260520935
225, [225, 235, 224, 174, 255], 671.377454996109
226, [198, 184, 170, 191, 190], 857.6027665138245
226, [226, 199, 206, 214, 175], 676.3010730743408
226, [220, 205, 214, 210, 206], 894.7217321395874
227, [174, 225, 209, 273, 208], 1127.4846472740173
227, [193, 253, 151, 264, 263], 902.5837910175323
227, [224, 232, 165, 238, 241], 1082.3023591041565
228, [228, 229, 226, 233, 183], 886.7212061882019
228, [228, 229, 233, 190, 199], 1097.265683889389
228, [228, 233, 256, 177, 206], 833.7959463596344
229, [229, 194, 204, 200, 190], 754.0489535331726
229, [229, 233, 228, 200, 202], 658.4522476196289
229, [233, 229, 256, 197, 258], 682.2231056690216
230, [264, 186, 263, 259, 230], 707.6096615791321
230, [230, 231, 232, 264, 261], 736.1814022064209
230, [230, 231, 232, 264, 263], 1137.2971150875092
231, [230, 231, 261, 232, 263], 984.8237581253052
231, [230, 231, 169, 232, 249], 738.8271009922028
231, [264, 230, 231, 232, 257], 938.0050718784332
232, [232, 240, 258, 231, 257], 1006.3263647556305
232, [232, 261, 231, 264, 235], 947.8869783878326
232, [232, 224, 222, 205, 519], 993.3659934997559
232, [232, 231, 239, 224, 240], 592.2325158119202
233, [233, 184, 199, 197, 191], 928.09041929245
233, [233, 197, 199, 183, 198], 1021.2201962471008
233, [233, 202, 203, 181, 185], 1176.788287639618
234, [234, 239, 238, 241, 208], 779.4386343955994
234, [234, 224, 241, 165, 238], 1097.8102402687073
234, [234, 237, 195, 223, 224], 865.5268144607544
235, [225, 235, 240, 224, 174], 1029.3231928348541
235, [235, 225, 224, 240, 264], 815.2919397354126
235, [235, 224, 174, 173, 225], 1024.8785054683685
236, [236, 165, 166, 168, 237], 1280.6356718540192
236, [236, 237, 165, 234, 241], 980.7848052978516
236, [236, 166, 165, 237, 168], 1263.1258654594421
237, [173, 253, 209, 237, 172], 828.1241452693939
237, [268, 171, 253, 237, 172], 860.7216243743896
237, [237, 158, 268, 224, 236], 1159.4617507457733
238, [238, 239, 162, 234, 241], 969.6116931438446
238, [238, 241, 240, 239, 166], 787.7019884586334
238, [238, 241, 234, 240, 237], 826.1997504234314
239, [239, 240, 238, 241, 232], 862.8135328292847
239, [721, 519, 617, 568, 934], 616.6288778781891
239, [239, 240, 257, 217, 218], 993.4368357658386
240, [238, 240, 241, 208, 247], 1147.4725165367126
240, [239, 241, 256, 238, 240], 774.8775296211243
240, [165, 224, 241, 166, 238], 822.4974524974823
240, [239, 241, 238, 232, 240], 542.0947458744049
241, [250, 238, 166, 172, 251], 801.6535575389862
241, [238, 241, 240, 234, 239], 658.4454205036163
241, [238, 241, 234, 240, 239], 821.8824379444122
242, [242, 243, 247, 179, 180], 1080.0796129703522
242, [254, 242, 245, 243, 179], 1090.8760073184967
242, [242, 180, 179, 243, 247], 909.0966851711273
243, [243, 242, 180, 179, 246], 1056.3099572658539
243, [242, 243, 179, 180, 208], 919.4209911823273
243, [208, 241, 247, 238, 167], 1058.470820426941
244, [255, 244, 239, 256, 240], 971.76864361763
244, [260, 208, 207, 244, 258], 982.0497331619263
244, [244, 255, 240, 239, 225], 790.5412983894348
245, [719, 767, 680, 902, 584], 298.6577274799347
245, [245, 195, 179, 180, 254], 914.1824562549591
245, [195, 245, 254, 179, 242], 912.3876111507416
246, [246, 251, 210, 164, 212], 773.5027251243591
246, [159, 224, 225, 237, 165], 770.6804554462433
246, [164, 227, 210, 246, 275], 979.0543274879456
247, [247, 257, 255, 244, 242], 752.5593812465668
247, [247, 255, 256, 257, 244], 868.2152922153473
247, [247, 216, 222, 156, 256], 1324.4357616901398
248, [250, 248, 249, 174, 258], 859.7911105155945
248, [250, 249, 174, 248, 501], 1495.5272424221039
248, [250, 223, 249, 264, 174], 732.7646596431732
248, [248, 250, 537, 174, 249], 834.3562920093536
249, [249, 250, 248, 174, 231], 646.8970205783844
249, [249, 248, 250, 261, 174], 797.1825435161591
249, [248, 249, 169, 250, 240], 673.61727643013
250, [250, 249, 248, 264, 230], 699.3399486541748
250, [249, 250, 248, 174, 169], 1249.6696772575378
250, [250, 174, 224, 223, 235], 725.0070221424103
251, [251, 215, 167, 212, 172], 1076.4331240653992
251, [251, 212, 246, 172, 222], 579.6224255561829
251, [251, 246, 240, 212, 238], 1395.1462366580963
252, [252, 262, 157, 192, 193], 713.7295982837677
252, [262, 155, 252, 192, 187], 699.1735603809357
252, [252, 262, 192, 155, 204], 765.9783737659454
253, [253, 173, 162, 263, 240], 675.5787968635559
253, [253, 167, 173, 225, 240], 1300.770402431488
253, [253, 264, 240, 162, 167], 845.0388495922089
254, [254, 151, 182, 208, 224], 917.2289130687714
254, [254, 242, 243, 179, 180], 932.3726887702942
254, [254, 245, 260, 262, 234], 929.5842661857605
255, [255, 257, 235, 256, 207], 894.7271573543549
255, [255, 244, 174, 247, 240], 1117.4908084869385
255, [255, 174, 235, 244, 205], 1084.6409521102905
256, [205, 256, 239, 255, 206], 767.3109607696533
256, [222, 244, 233, 207, 256], 971.2537317276001
256, [256, 205, 255, 244, 206], 711.6323199272156
256, [244, 256, 205, 255, 224], 781.6949908733368
257, [257, 232, 169, 207, 222], 804.1678483486176
257, [257, 222, 232, 207, 231], 1025.0518789291382
257, [257, 169, 222, 232, 207], 798.1031324863434
258, [258, 222, 260, 249, 257], 710.6029469966888
258, [258, 222, 260, 257, 249], 939.2264461517334
258, [258, 261, 248, 249, 257], 820.7141003608704
259, [259, 261, 154, 501, 916], 798.5715141296387
259, [151, 259, 223, 261, 263], 671.6038420200348
259, [259, 263, 223, 261, 230], 1274.331523656845
260, [219, 156, 162, 267, 251], 651.419643163681
260, [258, 261, 249, 260, 174], 649.8017046451569
260, [258, 260, 261, 259, 248], 753.1760885715485
261, [261, 174, 230, 223, 259], 542.3644635677338
261, [261, 154, 230, 259, 260], 816.6583156585693
261, [261, 259, 223, 249, 174], 543.061487197876
262, [262, 151, 158, 182, 186], 870.6185302734375
262, [262, 201, 226, 193, 252], 784.8754453659058
262, [616, 617, 932, 680, 934], 740.7067296504974
263, [537, 235, 169, 263, 253], 772.5891563892365
263, [263, 264, 240, 250, 239], 1058.6016187667847
263, [264, 263, 253, 250, 237], 903.1877760887146
264, [264, 263, 232, 250, 151], 927.7977495193481
264, [224, 263, 264, 226, 230], 1339.6920046806335
264, [264, 263, 232, 240, 151], 1115.0210523605347
264, [264, 263, 195, 208, 232], 656.0481767654419
265, [265, 266, 194, 202, 181], 772.5810356140137
265, [229, 181, 188, 194, 226], 580.7053344249725
265, [266, 265, 267, 221, 181], 767.3076150417328
266, [266, 265, 267, 181, 222], 925.1489539146423
266, [265, 266, 194, 267, 200], 851.8214952945709
266, [267, 181, 266, 265, 222], 623.1426095962524
267, [267, 181, 222, 221, 206], 1050.2099306583405
267, [267, 206, 233, 222, 224], 886.3049249649048
267, [267, 221, 183, 206, 266], 952.3745567798615
268, [168, 173, 209, 268, 246], 896.5942697525024
268, [268, 171, 173, 253, 237], 1043.7984373569489
268, [268, 253, 171, 237, 173], 919.0096011161804
269, [269, 272, 537, 270, 271], 660.5342354774475
269, [269, 272, 270, 862, 902], 336.2118990421295
269, [269, 270, 273, 272, 271], 742.4303390979767
270, [270, 269, 272, 273, 274], 682.4859638214111
270, [270, 269, 272, 537, 916], 632.7974758148193
270, [270, 279, 269, 273, 271], 943.4099380970001
271, [271, 275, 224, 274, 273], 823.463148355484
271, [272, 269, 271, 273, 280], 623.7719359397888
271, [278, 280, 274, 273, 249], 804.8160266876221
272, [271, 274, 273, 275, 277], 683.8262183666229
272, [272, 269, 271, 169, 278], 819.5476491451263
272, [269, 272, 916, 557, 542], 238.62004828453064
272, [272, 273, 277, 269, 279], 562.950749874115
273, [274, 273, 227, 240, 222], 776.0936360359192
273, [273, 274, 169, 271, 167], 776.8509302139282
273, [273, 274, 269, 250, 170], 725.0957522392273
274, [274, 271, 279, 277, 169], 873.2821757793427
274, [274, 273, 271, 279, 277], 738.1520991325378
274, [273, 270, 271, 279, 274], 788.0164587497711
275, [276, 275, 271, 274, 273], 595.5680286884308
275, [275, 276, 273, 274, 271], 633.0207860469818
275, [275, 276, 271, 173, 890], 707.7897846698761
276, [276, 275, 224, 273, 274], 751.4531638622284
276, [351, 346, 345, 349, 352], 583.3022515773773
276, [276, 275, 273, 298, 358], 434.05927205085754
277, [277, 278, 280, 271, 272], 801.3868610858917
277, [278, 280, 272, 277, 271], 665.002916097641
277, [277, 298, 335, 271, 358], 851.150491476059
278, [279, 278, 280, 277, 274], 732.2180545330048
278, [278, 280, 277, 279, 272], 725.9189207553864
278, [277, 278, 280, 272, 271], 686.7677230834961
279, [279, 261, 270, 280, 278], 582.58979845047
279, [279, 270, 278, 280, 277], 564.1919310092926
279, [279, 258, 261, 248, 249], 741.4612691402435
280, [356, 274, 280, 357, 359], 693.3301305770874
280, [277, 280, 279, 278, 271], 501.56374621391296
280, [280, 278, 272, 287, 286], 412.372008562088
280, [280, 278, 277, 279, 274], 751.064172744751
281, [519, 478, 692, 463, 709], 325.4216055870056
281, [281, 284, 282, 285, 283], 721.397702217102
281, [281, 284, 283, 282, 285], 759.4189567565918
282, [292, 282, 3, 916, 902], 731.7706758975983
282, [292, 282, 289, 916, 733], 348.52656269073486
282, [292, 282, 290, 288, 289], 457.42601013183594
283, [283, 284, 281, 285, 282], 647.2847082614899
283, [283, 568, 152, 156, 284], 996.2533528804779
283, [283, 281, 284, 282, 285], 729.5650291442871
284, [284, 285, 281, 283, 282], 699.1606035232544
284, [284, 281, 285, 282, 916], 971.6958794593811
284, [284, 281, 283, 282, 568], 770.7954618930817
285, [283, 284, 501, 438, 281], 1026.2608587741852
285, [284, 281, 285, 282, 287], 903.3789224624634
285, [281, 284, 285, 283, 282], 1059.5908026695251
286, [286, 287, 916, 733, 862], 280.0805811882019
286, [286, 287, 289, 288, 298], 373.52020502090454
286, [286, 290, 287, 293, 289], 336.0278480052948
287, [287, 285, 281, 282, 284], 736.7931334972382
287, [189, 262, 209, 188, 182], 692.7368395328522
287, [287, 289, 272, 286, 270], 320.2707118988037
288, [288, 290, 289, 293, 352], 633.2642695903778
288, [289, 288, 287, 293, 276], 790.3027718067169
288, [288, 290, 289, 293, 276], 598.7578899860382
288, [288, 290, 293, 289, 287], 333.11702966690063
289, [289, 287, 288, 290, 286], 630.5789520740509
289, [289, 288, 290, 287, 293], 407.0067548751831
289, [289, 288, 290, 287, 916], 478.92388224601746
290, [288, 290, 289, 282, 285], 813.8610279560089
290, [290, 288, 289, 293, 287], 621.1695966720581
290, [290, 288, 289, 285, 916], 760.1842200756073
291, [291, 289, 288, 287, 293], 541.0007679462433
291, [291, 290, 916, 288, 958], 685.0932013988495
291, [291, 286, 290, 352, 288], 752.6538183689117
292, [292, 282, 885, 298, 746], 492.2018554210663
292, [292, 282, 3, 916, 611], 1220.887092590332
292, [292, 3, 282, 300, 290], 1058.3794491291046
293, [293, 288, 916, 298, 447], 717.036627292633
293, [293, 288, 287, 290, 289], 686.5785806179047
293, [293, 851, 438, 749, 487], 894.5219309329987
294, [294, 295, 297, 388, 387], 279.6024179458618
294, [294, 295, 850, 536, 958], 248.01508140563965
294, [294, 295, 297, 916, 850], 821.1966111660004
295, [244, 260, 297, 224, 255], 684.9008285999298
295, [295, 294, 297, 296, 388], 275.5608491897583
295, [295, 294, 297, 296, 106], 303.5699620246887
296, [296, 270, 916, 519, 354], 629.7389950752258
296, [296, 388, 355, 350, 345], 522.4927203655243
296, [296, 270, 294, 350, 356], 352.30333137512207
296, [296, 295, 294, 297, 270], 319.39997959136963
297, [297, 23, 9, 364, 295], 671.3016686439514
297, [297, 295, 294, 361, 296], 332.8458251953125
297, [297, 295, 361, 294, 362], 300.68034982681274
298, [298, 357, 358, 356, 336], 551.6632146835327
298, [298, 358, 357, 337, 356], 652.4665684700012
298, [298, 299, 358, 356, 382], 550.1201767921448
299, [299, 298, 106, 448, 977], 658.5036778450012
299, [299, 298, 359, 356, 358], 329.49412655830383
299, [299, 104, 359, 336, 298], 320.92239809036255
300, [126, 111, 79, 124, 318], 631.3956842422485
300, [300, 303, 304, 307, 126], 562.0023500919342
300, [300, 78, 308, 307, 79], 715.9253017902374
301, [301, 304, 305, 306, 126], 518.065404176712
301, [301, 304, 310, 307, 317], 549.1883206367493
301, [301, 304, 75, 126, 816], 565.6179800033569
302, [302, 300, 307, 304, 314], 582.1859269142151
302, [300, 303, 307, 302, 126], 557.4988856315613
302, [314, 302, 300, 126, 306], 629.6546022891998
303, [304, 301, 300, 307, 303], 705.964702129364
303, [303, 71, 307, 300, 311], 626.8093864917755
303, [300, 303, 306, 126, 316], 622.3104283809662
304, [824, 301, 616, 591, 906], 755.3488042354584
304, [301, 304, 126, 316, 317], 646.9390563964844
304, [304, 300, 307, 306, 305], 331.79736161231995
304, [301, 304, 305, 306, 307], 561.3354721069336
305, [995, 994, 997, 996, 985], 347.67994451522827
305, [305, 302, 306, 304, 307], 606.2734544277191
305, [997, 992, 995, 996, 994], 285.1767270565033
306, [305, 306, 302, 307, 304], 503.6678488254547
306, [306, 302, 305, 304, 307], 601.9219794273376
306, [305, 306, 302, 304, 307], 617.9499545097351
307, [302, 306, 307, 304, 303], 573.416273355484
307, [302, 307, 78, 304, 305], 552.0396523475647
307, [307, 304, 302, 126, 78], 627.421044588089
308, [308, 309, 316, 318, 317], 511.3752279281616
308, [308, 317, 316, 312, 318], 555.9008071422577
308, [308, 319, 318, 316, 309], 275.1044933795929
309, [324, 309, 325, 985, 986], 537.1341643333435
309, [309, 325, 92, 324, 392], 549.5437157154083
309, [309, 599, 506, 723, 783], 561.901148557663
310, [599], 100.16252517700195
310, [993, 985, 749, 644, 994], 584.1126754283905
310, [310, 305, 309, 75, 308], 609.021073102951
311, [26, 311, 78, 114, 315], 638.8993768692017
311, [311, 313, 303, 315, 312], 706.9810621738434
311, [315, 311, 307, 317, 318], 565.5290739536285
312, [314, 126, 312, 308, 311], 624.0491545200348
312, [312, 126, 311, 313, 303], 679.6391954421997
312, [311, 312, 316, 317, 315], 579.0731866359711
312, [302, 303, 307, 306, 300], 615.9305577278137
313, [313, 304, 315, 323, 301], 564.0763590335846
313, [311, 303, 123, 313, 300], 472.08296823501587
313, [756, 579, 693, 479, 563], 516.6607542037964
314, [314, 311, 315, 312, 306], 713.8884084224701
314, [79, 314, 312, 78, 71], 663.8472445011139
314, [928, 902, 940, 542, 862], 604.3649060726166
315, [985, 986, 738, 992, 599], 156.92628931999207
315, [315, 311, 313, 71, 79], 549.4466867446899
315, [313, 315, 311, 319, 126], 592.9133808612823
316, [316, 317, 312, 300, 308], 580.8775520324707
316, [316, 317, 126, 304, 306], 638.0610735416412
316, [986, 994, 985, 599, 996], 439.2621240615845
317, [317, 312, 318, 126, 316], 661.7768683433533
317, [317, 316, 304, 312, 126], 551.4487743377686
317, [317, 126, 312, 311, 307], 630.6157336235046
318, [318, 326, 317, 325, 324], 555.5843880176544
318, [318, 317, 319, 315, 313], 602.6907830238342
318, [126, 300, 317, 318, 307], 656.4380598068237
319, [319, 320, 318, 313, 311], 462.74571681022644
319, [320, 319, 318, 313, 316], 412.47027111053467
319, [986, 599, 985, 674, 644], 239.40474677085876
count (test images): 1000
Mean per class acc: 61.88%
Mean inference time: 690.45 sec
Top 1 acc: 61.60%
Top 3 acc: 79.60%
Top 5 acc: 84.30%
