0 : 390
0 : 501
0 : 0
0 : 0
1 : 1
1 : 1
1 : 1
2 : 4
2 : 2
2 : 2
3 : 3
3 : 4
3 : 3
4 : 389
4 : 4
4 : 29
5 : 6
5 : 5
5 : 973
6 : 6
6 : 3
6 : 5
7 : 80
7 : 274
7 : 630
8 : 8
8 : 8
8 : 8
8 : 8
9 : 9
9 : 837
9 : 9
10 : 501
10 : 15
10 : 10
11 : 11
11 : 11
11 : 11
12 : 12
12 : 12
12 : 12
13 : 13
13 : 13
13 : 13
14 : 14
14 : 14
14 : 14
15 : 15
15 : 15
15 : 15
16 : 16
16 : 16
16 : 16
16 : 91
17 : 17
17 : 17
17 : 17
18 : 18
18 : 18
18 : 18
19 : 19
19 : 19
19 : 19
20 : 97
20 : 501
20 : 20
21 : 21
21 : 22
21 : 21
22 : 22
22 : 22
22 : 22
23 : 23
23 : 23
23 : 23
24 : 24
24 : 24
24 : 24
24 : 24
25 : 25
25 : 25
25 : 45
26 : 28
26 : 25
26 : 26
27 : 26
27 : 26
27 : 26
28 : 28
28 : 45
28 : 28
29 : 29
29 : 29
29 : 115
30 : 30
30 : 337
30 : 30
31 : 31
31 : 32
31 : 31
32 : 114
32 : 32
32 : 30
32 : 28
33 : 33
33 : 33
33 : 33
34 : 34
34 : 34
34 : 34
35 : 35
35 : 35
35 : 35
36 : 37
36 : 34
36 : 35
37 : 37
37 : 37
37 : 37
38 : 38
38 : 38
38 : 43
39 : 46
39 : 39
39 : 39
40 : 40
40 : 40
40 : 40
40 : 40
41 : 41
41 : 59
41 : 41
42 : 41
42 : 42
42 : 42
43 : 42
43 : 43
43 : 43
44 : 52
44 : 44
44 : 68
45 : 45
45 : 45
45 : 45
46 : 40
46 : 912
46 : 44
47 : 47
47 : 47
47 : 40
48 : 48
48 : 48
48 : 48
48 : 48
49 : 30
49 : 142
49 : 50
50 : 50
50 : 50
50 : 50
51 : 51
51 : 51
51 : 51
52 : 53
52 : 58
52 : 58
53 : 52
53 : 65
53 : 57
54 : 67
54 : 68
54 : 52
55 : 55
55 : 64
55 : 59
56 : 56
56 : 56
56 : 56
56 : 60
57 : 57
57 : 57
57 : 57
58 : 58
58 : 58
58 : 58
59 : 55
59 : 64
59 : 64
60 : 61
60 : 59
60 : 54
61 : 62
61 : 62
61 : 62
62 : 67
62 : 62
62 : 60
63 : 56
63 : 884
63 : 53
64 : 64
64 : 64
64 : 64
64 : 59
65 : 983
65 : 65
65 : 65
66 : 68
66 : 68
66 : 66
67 : 67
67 : 67
67 : 68
68 : 54
68 : 67
68 : 68
69 : 69
69 : 69
69 : 993
70 : 70
70 : 313
70 : 313
71 : 71
71 : 71
71 : 712
72 : 73
72 : 72
72 : 72
72 : 74
73 : 73
73 : 815
73 : 77
74 : 72
74 : 74
74 : 304
75 : 75
75 : 73
75 : 75
76 : 76
76 : 76
76 : 76
77 : 77
77 : 79
77 : 73
78 : 712
78 : 303
78 : 78
79 : 79
79 : 79
79 : 79
80 : 80
80 : 80
80 : 80
80 : 80
81 : 81
81 : 81
81 : 8
82 : 82
82 : 82
82 : 82
83 : 83
83 : 83
83 : 83
84 : 84
84 : 84
84 : 84
85 : 85
85 : 85
85 : 86
86 : 85
86 : 86
86 : 86
87 : 87
87 : 87
87 : 87
88 : 88
88 : 88
88 : 88
88 : 84
89 : 89
89 : 89
89 : 89
90 : 90
90 : 90
90 : 90
91 : 91
91 : 91
91 : 91
92 : 92
92 : 92
92 : 92
93 : 93
93 : 93
93 : 93
94 : 94
94 : 94
94 : 94
95 : 95
95 : 95
95 : 92
96 : 96
96 : 96
96 : 96
96 : 96
97 : 97
97 : 97
97 : 97
98 : 141
98 : 98
98 : 98
99 : 99
99 : 99
99 : 134
100 : 100
100 : 100
100 : 100
101 : 386
101 : 385
101 : 385
102 : 102
102 : 102
102 : 102
103 : 103
103 : 103
103 : 5
104 : 104
104 : 104
104 : 104
104 : 104
105 : 105
105 : 105
105 : 384
106 : 106
106 : 106
106 : 106
107 : 437
107 : 712
107 : 107
108 : 108
108 : 107
108 : 108
109 : 991
109 : 6
109 : 109
110 : 110
110 : 5
110 : 115
111 : 676
111 : 111
111 : 395
112 : 112
112 : 978
112 : 112
112 : 899
113 : 113
113 : 994
113 : 111
114 : 114
114 : 114
114 : 114
115 : 115
115 : 115
115 : 110
116 : 56
116 : 116
116 : 501
117 : 783
117 : 117
117 : 117
118 : 118
118 : 118
118 : 118
119 : 119
119 : 119
119 : 120
120 : 119
120 : 119
120 : 125
120 : 119
121 : 121
121 : 118
121 : 121
122 : 122
122 : 122
122 : 122
123 : 123
123 : 123
123 : 115
124 : 124
124 : 123
124 : 389
125 : 113
125 : 111
125 : 327
126 : 112
126 : 684
126 : 126
127 : 128
127 : 134
127 : 127
128 : 127
128 : 128
128 : 128
128 : 128
129 : 129
129 : 129
129 : 129
130 : 130
130 : 130
130 : 100
131 : 141
131 : 131
131 : 131
132 : 132
132 : 132
132 : 132
133 : 133
133 : 133
133 : 133
134 : 128
134 : 134
134 : 131
135 : 135
135 : 135
135 : 138
136 : 86
136 : 136
136 : 136
136 : 136
137 : 137
137 : 137
137 : 137
138 : 138
138 : 138
138 : 138
139 : 139
139 : 139
139 : 139
140 : 140
140 : 140
140 : 140
141 : 141
141 : 141
141 : 141
142 : 142
142 : 142
142 : 140
143 : 143
143 : 143
143 : 143
144 : 144
144 : 144
144 : 100
144 : 146
145 : 145
145 : 145
145 : 145
146 : 146
146 : 146
146 : 146
147 : 147
147 : 814
147 : 147
148 : 148
148 : 148
148 : 148
149 : 149
149 : 954
149 : 149
150 : 150
150 : 150
150 : 150
151 : 253
151 : 151
151 : 151
152 : 152
152 : 229
152 : 155
152 : 152
153 : 153
153 : 265
153 : 265
154 : 537
154 : 840
154 : 155
155 : 155
155 : 806
155 : 155
156 : 452
156 : 156
156 : 156
157 : 157
157 : 157
157 : 157
158 : 151
158 : 195
158 : 237
159 : 159
159 : 537
159 : 225
160 : 160
160 : 160
160 : 160
160 : 160
161 : 158
161 : 162
161 : 161
162 : 161
162 : 166
162 : 162
163 : 225
163 : 161
163 : 163
164 : 166
164 : 164
164 : 164
165 : 165
165 : 163
165 : 239
166 : 161
166 : 162
166 : 537
167 : 167
167 : 167
167 : 162
168 : 237
168 : 168
168 : 159
168 : 168
169 : 169
169 : 169
169 : 169
170 : 170
170 : 630
170 : 170
171 : 171
171 : 171
171 : 151
172 : 253
172 : 224
172 : 172
173 : 188
173 : 537
173 : 537
174 : 174
174 : 273
174 : 174
175 : 170
175 : 199
175 : 198
176 : 205
176 : 212
176 : 172
176 : 176
177 : 177
177 : 177
177 : 676
178 : 284
178 : 178
178 : 178
179 : 676
179 : 180
179 : 179
180 : 180
180 : 180
180 : 237
181 : 267
181 : 181
181 : 676
182 : 916
182 : 182
182 : 182
183 : 181
183 : 262
183 : 911
184 : 170
184 : 184
184 : 182
184 : 264
185 : 203
185 : 185
185 : 193
186 : 262
186 : 203
186 : 192
187 : 193
187 : 153
187 : 187
188 : 537
188 : 537
188 : 790
189 : 188
189 : 196
189 : 189
190 : 501
190 : 198
190 : 194
191 : 630
191 : 537
191 : 676
192 : 182
192 : 186
192 : 192
192 : 203
193 : 186
193 : 186
193 : 188
194 : 194
194 : 186
194 : 196
195 : 245
195 : 519
195 : 245
196 : 198
196 : 198
196 : 198
197 : 197
197 : 197
197 : 233
198 : 198
198 : 196
198 : 676
199 : 203
199 : 189
199 : 199
200 : 200
200 : 155
200 : 262
200 : 228
201 : 201
201 : 676
201 : 188
202 : 196
202 : 189
202 : 630
203 : 203
203 : 516
203 : 985
204 : 155
204 : 204
204 : 155
205 : 224
205 : 224
205 : 205
206 : 221
206 : 221
206 : 221
207 : 262
207 : 207
207 : 260
208 : 537
208 : 208
208 : 208
208 : 208
209 : 224
209 : 208
209 : 209
210 : 210
210 : 210
210 : 210
211 : 268
211 : 168
211 : 168
212 : 212
212 : 212
212 : 217
213 : 213
213 : 501
213 : 205
214 : 630
214 : 214
214 : 205
215 : 262
215 : 218
215 : 216
216 : 218
216 : 537
216 : 206
216 : 216
217 : 217
217 : 217
217 : 217
218 : 218
218 : 218
218 : 218
219 : 219
219 : 207
219 : 216
220 : 220
220 : 220
220 : 982
221 : 221
221 : 221
221 : 221
222 : 258
222 : 169
222 : 222
223 : 539
223 : 223
223 : 259
224 : 260
224 : 223
224 : 224
224 : 206
225 : 235
225 : 225
225 : 235
226 : 198
226 : 175
226 : 220
227 : 273
227 : 253
227 : 224
228 : 228
228 : 501
228 : 228
229 : 229
229 : 229
229 : 258
230 : 264
230 : 230
230 : 230
231 : 230
231 : 230
231 : 231
232 : 232
232 : 232
232 : 232
232 : 232
233 : 676
233 : 197
233 : 233
234 : 234
234 : 234
234 : 234
235 : 225
235 : 235
235 : 235
236 : 236
236 : 236
236 : 630
237 : 253
237 : 268
237 : 237
238 : 840
238 : 238
238 : 241
239 : 239
239 : 239
239 : 239
240 : 238
240 : 239
240 : 224
240 : 239
241 : 250
241 : 241
241 : 238
242 : 242
242 : 254
242 : 242
243 : 243
243 : 676
243 : 243
244 : 255
244 : 260
244 : 244
245 : 719
245 : 245
245 : 245
246 : 246
246 : 262
246 : 164
247 : 247
247 : 247
247 : 840
248 : 250
248 : 250
248 : 250
248 : 248
249 : 249
249 : 248
249 : 249
250 : 250
250 : 249
250 : 468
251 : 251
251 : 251
251 : 630
252 : 252
252 : 252
252 : 262
253 : 253
253 : 253
253 : 253
254 : 630
254 : 254
254 : 440
255 : 255
255 : 244
255 : 255
256 : 239
256 : 244
256 : 256
256 : 501
257 : 257
257 : 257
257 : 257
258 : 258
258 : 258
258 : 934
259 : 259
259 : 151
259 : 259
260 : 262
260 : 273
260 : 258
261 : 261
261 : 261
261 : 261
262 : 262
262 : 262
262 : 616
263 : 537
263 : 263
263 : 264
264 : 264
264 : 224
264 : 264
264 : 264
265 : 265
265 : 188
265 : 266
266 : 266
266 : 840
266 : 267
267 : 267
267 : 267
267 : 267
268 : 168
268 : 268
268 : 268
269 : 269
269 : 269
269 : 269
270 : 270
270 : 270
270 : 270
271 : 271
271 : 272
271 : 278
272 : 271
272 : 272
272 : 269
272 : 272
273 : 274
273 : 273
273 : 273
274 : 274
274 : 274
274 : 279
275 : 276
275 : 275
275 : 275
276 : 276
276 : 346
276 : 276
277 : 277
277 : 278
277 : 277
278 : 279
278 : 278
278 : 277
279 : 279
279 : 279
279 : 279
280 : 104
280 : 277
280 : 280
280 : 280
281 : 283
281 : 281
281 : 281
282 : 292
282 : 292
282 : 292
0 : 390
0 : 501
0 : 0
0 : 0
1 : 1
1 : 1
1 : 1
2 : 4
2 : 2
2 : 2
3 : 3
3 : 4
3 : 3
4 : 389
4 : 4
4 : 29
5 : 6
5 : 5
5 : 973
6 : 6
6 : 3
6 : 5
7 : 80
7 : 274
7 : 630
8 : 8
8 : 8
8 : 8
8 : 8
9 : 9
9 : 837
9 : 9
10 : 501
10 : 15
10 : 10
11 : 11
11 : 11
11 : 11
12 : 12
12 : 12
12 : 12
13 : 13
13 : 13
13 : 13
14 : 14
14 : 14
14 : 14
15 : 15
15 : 15
15 : 15
16 : 16
16 : 16
16 : 16
16 : 91
17 : 17
17 : 17
17 : 17
18 : 18
18 : 18
18 : 18
19 : 19
19 : 19
19 : 19
20 : 97
20 : 501
20 : 20
21 : 21
21 : 22
21 : 21
22 : 22
22 : 22
22 : 22
23 : 23
23 : 23
23 : 23
24 : 24
24 : 24
24 : 24
24 : 24
25 : 25
25 : 25
25 : 45
26 : 28
26 : 25
26 : 26
27 : 26
27 : 26
27 : 26
28 : 28
28 : 45
28 : 28
29 : 29
29 : 29
29 : 115
30 : 30
30 : 337
30 : 30
31 : 31
31 : 32
31 : 31
32 : 114
32 : 32
32 : 30
32 : 28
33 : 33
33 : 33
33 : 33
34 : 34
34 : 34
34 : 34
35 : 35
35 : 35
35 : 35
36 : 37
36 : 34
36 : 35
37 : 37
37 : 37
37 : 37
38 : 38
38 : 38
38 : 43
39 : 46
39 : 39
39 : 39
40 : 40
40 : 40
40 : 40
40 : 40
41 : 41
41 : 59
41 : 41
42 : 41
42 : 42
42 : 42
43 : 42
43 : 43
43 : 43
44 : 52
44 : 44
44 : 68
45 : 45
45 : 45
45 : 45
46 : 40
46 : 912
46 : 44
47 : 47
47 : 47
47 : 40
48 : 48
48 : 48
48 : 48
48 : 48
49 : 30
49 : 142
49 : 50
50 : 50
50 : 50
50 : 50
51 : 51
51 : 51
51 : 51
52 : 53
52 : 58
52 : 58
53 : 52
53 : 65
53 : 57
54 : 67
54 : 68
54 : 52
55 : 55
55 : 64
55 : 59
56 : 56
56 : 56
56 : 56
56 : 60
57 : 57
57 : 57
57 : 57
58 : 58
58 : 58
58 : 58
59 : 55
59 : 64
59 : 64
60 : 61
60 : 59
60 : 54
61 : 62
61 : 62
61 : 62
62 : 67
62 : 62
62 : 60
63 : 56
63 : 884
63 : 53
64 : 64
64 : 64
64 : 64
64 : 59
65 : 983
65 : 65
65 : 65
66 : 68
66 : 68
66 : 66
67 : 67
67 : 67
67 : 68
68 : 54
68 : 67
68 : 68
69 : 69
69 : 69
69 : 993
70 : 70
70 : 313
70 : 313
71 : 71
71 : 71
71 : 712
72 : 73
72 : 72
72 : 72
72 : 74
73 : 73
73 : 815
73 : 77
74 : 72
74 : 74
74 : 304
75 : 75
75 : 73
75 : 75
76 : 76
76 : 76
76 : 76
77 : 77
77 : 79
77 : 73
78 : 712
78 : 303
78 : 78
79 : 79
79 : 79
79 : 79
80 : 80
80 : 80
80 : 80
80 : 80
81 : 81
81 : 81
81 : 8
82 : 82
82 : 82
82 : 82
83 : 83
83 : 83
83 : 83
84 : 84
84 : 84
84 : 84
85 : 85
85 : 85
85 : 86
86 : 85
86 : 86
86 : 86
87 : 87
87 : 87
87 : 87
88 : 88
88 : 88
88 : 88
88 : 84
89 : 89
89 : 89
89 : 89
90 : 90
90 : 90
90 : 90
91 : 91
91 : 91
91 : 91
92 : 92
92 : 92
92 : 92
93 : 93
93 : 93
93 : 93
94 : 94
94 : 94
94 : 94
95 : 95
95 : 95
95 : 92
96 : 96
96 : 96
96 : 96
96 : 96
97 : 97
97 : 97
97 : 97
98 : 141
98 : 98
98 : 98
99 : 99
99 : 99
99 : 134
100 : 100
100 : 100
100 : 100
101 : 386
101 : 385
101 : 385
102 : 102
102 : 102
102 : 102
103 : 103
103 : 103
103 : 5
104 : 104
104 : 104
104 : 104
104 : 104
105 : 105
105 : 105
105 : 384
106 : 106
106 : 106
106 : 106
107 : 437
107 : 712
107 : 107
108 : 108
108 : 107
108 : 108
109 : 991
109 : 6
109 : 109
110 : 110
110 : 5
110 : 115
111 : 676
111 : 111
111 : 395
112 : 112
112 : 978
112 : 112
112 : 899
113 : 113
113 : 994
113 : 111
114 : 114
114 : 114
114 : 114
115 : 115
115 : 115
115 : 110
116 : 56
116 : 116
116 : 501
117 : 783
117 : 117
117 : 117
118 : 118
118 : 118
118 : 118
119 : 119
119 : 119
119 : 120
120 : 119
120 : 119
120 : 125
120 : 119
121 : 121
121 : 118
121 : 121
122 : 122
122 : 122
122 : 122
123 : 123
123 : 123
123 : 115
124 : 124
124 : 123
124 : 389
125 : 113
125 : 111
125 : 327
126 : 112
126 : 684
126 : 126
127 : 128
127 : 134
127 : 127
128 : 127
128 : 128
128 : 128
128 : 128
129 : 129
129 : 129
129 : 129
130 : 130
130 : 130
130 : 100
131 : 141
131 : 131
131 : 131
132 : 132
132 : 132
132 : 132
133 : 133
133 : 133
133 : 133
134 : 128
134 : 134
134 : 131
135 : 135
135 : 135
135 : 138
136 : 86
136 : 136
136 : 136
136 : 136
137 : 137
137 : 137
137 : 137
138 : 138
138 : 138
138 : 138
139 : 139
139 : 139
139 : 139
140 : 140
140 : 140
140 : 140
141 : 141
141 : 141
141 : 141
142 : 142
142 : 142
142 : 140
143 : 143
143 : 143
143 : 143
144 : 144
144 : 144
144 : 100
144 : 146
145 : 145
145 : 145
145 : 145
146 : 146
146 : 146
146 : 146
147 : 147
147 : 814
147 : 147
148 : 148
148 : 148
148 : 148
149 : 149
149 : 954
149 : 149
150 : 150
150 : 150
150 : 150
151 : 253
151 : 151
151 : 151
152 : 152
152 : 229
152 : 155
152 : 152
153 : 153
153 : 265
153 : 265
154 : 537
154 : 840
154 : 155
155 : 155
155 : 806
155 : 155
156 : 452
156 : 156
156 : 156
157 : 157
157 : 157
157 : 157
158 : 151
158 : 195
158 : 237
159 : 159
159 : 537
159 : 225
160 : 160
160 : 160
160 : 160
160 : 160
161 : 158
161 : 162
161 : 161
162 : 161
162 : 166
162 : 162
163 : 225
163 : 161
163 : 163
164 : 166
164 : 164
164 : 164
165 : 165
165 : 163
165 : 239
166 : 161
166 : 162
166 : 537
167 : 167
167 : 167
167 : 162
168 : 237
168 : 168
168 : 159
168 : 168
169 : 169
169 : 169
169 : 169
170 : 170
170 : 630
170 : 170
171 : 171
171 : 171
171 : 151
172 : 253
172 : 224
172 : 172
173 : 188
173 : 537
173 : 537
174 : 174
174 : 273
174 : 174
175 : 170
175 : 199
175 : 198
176 : 205
176 : 212
176 : 172
176 : 176
177 : 177
177 : 177
177 : 676
178 : 284
178 : 178
178 : 178
179 : 676
179 : 180
179 : 179
180 : 180
180 : 180
180 : 237
181 : 267
181 : 181
181 : 676
182 : 916
182 : 182
182 : 182
183 : 181
183 : 262
183 : 911
184 : 170
184 : 184
184 : 182
184 : 264
185 : 203
185 : 185
185 : 193
186 : 262
186 : 203
186 : 192
187 : 193
187 : 153
187 : 187
188 : 537
188 : 537
188 : 790
189 : 188
189 : 196
189 : 189
190 : 501
190 : 198
190 : 194
191 : 630
191 : 537
191 : 676
192 : 182
192 : 186
192 : 192
192 : 203
193 : 186
193 : 186
193 : 188
194 : 194
194 : 186
194 : 196
195 : 245
195 : 519
195 : 245
196 : 198
196 : 198
196 : 198
197 : 197
197 : 197
197 : 233
198 : 198
198 : 196
198 : 676
199 : 203
199 : 189
199 : 199
200 : 200
200 : 155
200 : 262
200 : 228
201 : 201
201 : 676
201 : 188
202 : 196
202 : 189
202 : 630
203 : 203
203 : 516
203 : 985
204 : 155
204 : 204
204 : 155
205 : 224
205 : 224
205 : 205
206 : 221
206 : 221
206 : 221
207 : 262
207 : 207
207 : 260
208 : 537
208 : 208
208 : 208
208 : 208
209 : 224
209 : 208
209 : 209
210 : 210
210 : 210
210 : 210
211 : 268
211 : 168
211 : 168
212 : 212
212 : 212
212 : 217
213 : 213
213 : 501
213 : 205
214 : 630
214 : 214
214 : 205
215 : 262
215 : 218
215 : 216
216 : 218
216 : 537
216 : 206
216 : 216
217 : 217
217 : 217
217 : 217
218 : 218
218 : 218
218 : 218
219 : 219
219 : 207
219 : 216
220 : 220
220 : 220
220 : 982
221 : 221
221 : 221
221 : 221
222 : 258
222 : 169
222 : 222
223 : 539
223 : 223
223 : 259
224 : 260
224 : 223
224 : 224
224 : 206
225 : 235
225 : 225
225 : 235
226 : 198
226 : 175
226 : 220
227 : 273
227 : 253
227 : 224
228 : 228
228 : 501
228 : 228
229 : 229
229 : 229
229 : 258
230 : 264
230 : 230
230 : 230
231 : 230
231 : 230
231 : 231
232 : 232
232 : 232
232 : 232
232 : 232
233 : 676
233 : 197
233 : 233
234 : 234
234 : 234
234 : 234
235 : 225
235 : 235
235 : 235
236 : 236
236 : 236
236 : 630
237 : 253
237 : 268
237 : 237
238 : 840
238 : 238
238 : 241
239 : 239
239 : 239
239 : 239
240 : 238
240 : 239
240 : 224
240 : 239
241 : 250
241 : 241
241 : 238
242 : 242
242 : 254
242 : 242
243 : 243
243 : 676
243 : 243
244 : 255
244 : 260
244 : 244
245 : 719
245 : 245
245 : 245
246 : 246
246 : 262
246 : 164
247 : 247
247 : 247
247 : 840
248 : 250
248 : 250
248 : 250
248 : 248
249 : 249
249 : 248
249 : 249
250 : 250
250 : 249
250 : 468
251 : 251
251 : 251
251 : 630
252 : 252
252 : 252
252 : 262
253 : 253
253 : 253
253 : 253
254 : 630
254 : 254
254 : 440
255 : 255
255 : 244
255 : 255
256 : 239
256 : 244
256 : 256
256 : 501
257 : 257
257 : 257
257 : 257
258 : 258
258 : 258
258 : 934
259 : 259
259 : 151
259 : 259
260 : 262
260 : 273
260 : 258
261 : 261
261 : 261
261 : 261
262 : 262
262 : 262
262 : 616
263 : 537
263 : 263
263 : 264
264 : 264
264 : 224
264 : 264
264 : 264
265 : 265
265 : 188
265 : 266
266 : 266
266 : 840
266 : 267
267 : 267
267 : 267
267 : 267
268 : 168
268 : 268
268 : 268
269 : 269
269 : 269
269 : 269
270 : 270
270 : 270
270 : 270
271 : 271
271 : 272
271 : 278
272 : 271
272 : 272
272 : 269
272 : 272
273 : 274
273 : 273
273 : 273
274 : 274
274 : 274
274 : 279
275 : 276
275 : 275
275 : 275
276 : 276
276 : 346
276 : 276
277 : 277
277 : 278
277 : 277
278 : 279
278 : 278
278 : 277
279 : 279
279 : 279
279 : 279
280 : 104
280 : 277
280 : 280
280 : 280
281 : 283
281 : 281
281 : 281
282 : 292
282 : 292
282 : 292
283 : 283
283 : 283
283 : 283
284 : 284
284 : 284
284 : 284
285 : 676
285 : 284
285 : 285
286 : 286
286 : 286
286 : 286
287 : 287
287 : 287
287 : 287
288 : 288
288 : 289
288 : 288
288 : 288
289 : 289
289 : 289
289 : 289
290 : 288
290 : 290
290 : 290
291 : 291
291 : 291
291 : 291
292 : 292
292 : 292
292 : 292
293 : 293
293 : 293
293 : 293
294 : 294
294 : 294
294 : 294
295 : 297
295 : 295
295 : 295
296 : 296
296 : 296
296 : 296
296 : 296
297 : 297
297 : 297
297 : 297
298 : 298
298 : 298
298 : 298
299 : 299
299 : 299
299 : 299
300 : 501
300 : 300
300 : 307
301 : 301
301 : 301
301 : 301
302 : 302
302 : 300
302 : 314
303 : 304
303 : 303
303 : 300
304 : 824
304 : 301
304 : 304
304 : 301
305 : 305
305 : 305
305 : 997
306 : 305
306 : 306
306 : 302
307 : 302
307 : 302
307 : 307
308 : 316
308 : 308
308 : 308
309 : 324
309 : 309
309 : 309
310 : 309
310 : 944
310 : 712
311 : 26
311 : 313
311 : 315
312 : 314
312 : 312
312 : 311
312 : 306
313 : 313
313 : 311
313 : 670
314 : 314
314 : 79
314 : 542
315 : 946
315 : 315
315 : 313
316 : 316
316 : 316
316 : 307
317 : 317
317 : 317
317 : 317
318 : 318
318 : 318
318 : 312
319 : 319
319 : 320
319 : 319
320 : 320
320 : 320
320 : 320
320 : 320
321 : 321
321 : 321
321 : 321
322 : 322
322 : 322
322 : 322
323 : 323
323 : 323
323 : 323
324 : 324
324 : 325
324 : 324
325 : 325
325 : 325
325 : 325
326 : 324
326 : 326
326 : 325
327 : 327
327 : 327
327 : 327
328 : 328
328 : 328
328 : 328
328 : 328
329 : 983
329 : 329
329 : 329
330 : 330
330 : 330
330 : 330
331 : 331
331 : 331
331 : 330
332 : 332
332 : 229
332 : 332
333 : 333
333 : 333
333 : 333
334 : 334
334 : 334
334 : 334
335 : 335
335 : 335
335 : 335
336 : 336
336 : 336
336 : 336
336 : 336
337 : 357
337 : 337
337 : 337
338 : 338
338 : 332
338 : 338
339 : 990
339 : 339
339 : 339
340 : 340
340 : 340
340 : 340
341 : 341
341 : 410
341 : 341
342 : 342
342 : 342
342 : 343
343 : 343
343 : 343
343 : 343
344 : 344
344 : 49
344 : 344
344 : 344
345 : 690
345 : 345
345 : 690
346 : 346
346 : 346
346 : 346
347 : 347
347 : 347
347 : 347
348 : 348
348 : 690
348 : 348
349 : 348
349 : 501
349 : 350
350 : 350
350 : 350
350 : 350
351 : 351
351 : 351
351 : 351
352 : 352
352 : 352
352 : 352
352 : 352
353 : 353
353 : 352
353 : 353
354 : 354
354 : 638
354 : 354
355 : 355
355 : 355
355 : 355
356 : 358
356 : 357
356 : 362
357 : 904
357 : 298
357 : 357
358 : 358
358 : 356
358 : 358
359 : 358
359 : 359
359 : 358
360 : 360
360 : 360
360 : 360
360 : 356
361 : 361
361 : 334
361 : 361
362 : 362
362 : 362
362 : 501
363 : 363
363 : 363
363 : 363
364 : 364
364 : 364
364 : 364
365 : 365
365 : 367
365 : 365
366 : 366
366 : 366
366 : 366
367 : 367
367 : 367
367 : 367
368 : 368
368 : 381
368 : 368
368 : 381
369 : 368
369 : 369
369 : 374
370 : 372
370 : 377
370 : 370
count (test images): 1160
Top 1 acc: 60.95%
Mean per class acc: 60.87%
Mean inference time: 946.00 sec
283 : 283
283 : 283
283 : 283
284 : 284
284 : 284
284 : 284
285 : 676
285 : 284
285 : 285
286 : 286
286 : 286
286 : 286
287 : 287
287 : 287
287 : 287
288 : 288
288 : 289
288 : 288
288 : 288
289 : 289
289 : 289
289 : 289
290 : 288
290 : 290
290 : 290
291 : 291
291 : 291
291 : 291
292 : 292
292 : 292
292 : 292
293 : 293
293 : 293
293 : 293
294 : 294
294 : 294
294 : 294
295 : 297
295 : 295
295 : 295
296 : 296
296 : 296
296 : 296
296 : 296
297 : 297
297 : 297
297 : 297
298 : 298
298 : 298
298 : 298
299 : 299
299 : 299
299 : 299
300 : 501
300 : 300
300 : 307
301 : 301
301 : 301
301 : 301
302 : 302
302 : 300
302 : 314
303 : 304
303 : 303
303 : 300
304 : 824
304 : 301
304 : 304
304 : 301
305 : 305
305 : 305
305 : 997
306 : 305
306 : 306
306 : 302
307 : 302
307 : 302
307 : 307
308 : 316
308 : 308
308 : 308
309 : 324
309 : 309
309 : 309
310 : 309
310 : 944
310 : 712
311 : 26
311 : 313
311 : 315
312 : 314
312 : 312
312 : 311
312 : 306
313 : 313
313 : 311
313 : 670
314 : 314
314 : 79
314 : 542
315 : 946
315 : 315
315 : 313
316 : 316
316 : 316
316 : 307
317 : 317
317 : 317
317 : 317
318 : 318
318 : 318
318 : 312
319 : 319
319 : 320
319 : 319
320 : 320
320 : 320
320 : 320
320 : 320
321 : 321
321 : 321
321 : 321
322 : 322
322 : 322
322 : 322
323 : 323
323 : 323
323 : 323
324 : 324
324 : 325
324 : 324
325 : 325
325 : 325
325 : 325
326 : 324
326 : 326
326 : 325
327 : 327
327 : 327
327 : 327
328 : 328
328 : 328
328 : 328
328 : 328
329 : 983
329 : 329
329 : 329
330 : 330
330 : 330
330 : 330
331 : 331
331 : 331
331 : 330
332 : 332
332 : 229
332 : 332
333 : 333
333 : 333
333 : 333
334 : 334
334 : 334
334 : 334
335 : 335
335 : 335
335 : 335
336 : 336
336 : 336
336 : 336
336 : 336
337 : 357
337 : 337
337 : 337
338 : 338
338 : 332
338 : 338
339 : 990
339 : 339
339 : 339
340 : 340
340 : 340
340 : 340
341 : 341
341 : 410
341 : 341
342 : 342
342 : 342
342 : 343
343 : 343
343 : 343
343 : 343
344 : 344
344 : 49
344 : 344
344 : 344
345 : 690
345 : 345
345 : 690
346 : 346
346 : 346
346 : 346
347 : 347
347 : 347
347 : 347
348 : 348
348 : 690
348 : 348
349 : 348
349 : 501
349 : 350
350 : 350
350 : 350
350 : 350
351 : 351
351 : 351
351 : 351
352 : 352
352 : 352
352 : 352
352 : 352
353 : 353
353 : 352
353 : 353
354 : 354
354 : 638
354 : 354
355 : 355
355 : 355
355 : 355
356 : 358
356 : 357
356 : 362
357 : 904
357 : 298
357 : 357
358 : 358
358 : 356
358 : 358
359 : 358
359 : 359
359 : 358
360 : 360
360 : 360
360 : 360
360 : 356
361 : 361
361 : 334
361 : 361
362 : 362
362 : 362
362 : 501
363 : 363
363 : 363
363 : 363
364 : 364
364 : 364
364 : 364
365 : 365
365 : 367
365 : 365
366 : 366
366 : 366
366 : 366
367 : 367
367 : 367
367 : 367
368 : 368
368 : 381
368 : 368
368 : 381
369 : 368
369 : 369
369 : 374
370 : 372
370 : 377
370 : 370
count (test images): 1160
Top 1 acc: 60.95%
Mean per class acc: 60.87%
Mean inference time: 946.00 sec
