0 : [390, 394, 65, 4, 149]
0 : [391, 758, 394, 0, 456]
0 : [0, 975, 394, 456, 472]
0 : [0, 394, 975, 1, 758]
1 : [1, 925, 899, 438, 712]
1 : [1, 0, 395, 393, 392]
1 : [1, 392, 395, 0, 391]
2 : [4, 3, 2, 149, 51]
2 : [2, 3, 4, 394, 149]
2 : [2, 3, 4, 394, 149]
3 : [3, 4, 2, 394, 147]
3 : [4, 3, 2, 149, 394]
3 : [3, 2, 4, 394, 147]
4 : [149, 389, 394, 2, 147]
4 : [4, 2, 3, 394, 150]
4 : [110, 29, 390, 115, 395]
5 : [6, 5, 394, 149, 390]
5 : [5, 6, 394, 116, 392]
5 : [973, 5, 109, 115, 329]
6 : [6, 5, 107, 394, 149]
6 : [3, 6, 4, 2, 693]
6 : [5, 6, 115, 110, 329]
7 : [80, 8, 7, 91, 93]
7 : [274, 7, 63, 8, 371]
7 : [630, 502, 8, 514, 7]
8 : [8, 7, 83, 80, 86]
8 : [8, 7, 86, 82, 83]
8 : [8, 7, 86, 85, 80]
8 : [8, 7, 83, 86, 80]
9 : [9, 8, 23, 146, 93]
9 : [676, 664, 917, 316, 395]
9 : [9, 501, 100, 138, 134]
10 : [749, 501, 18, 542, 916]
10 : [13, 15, 12, 11, 10]
10 : [10, 11, 13, 19, 15]
11 : [11, 14, 92, 325, 324]
11 : [11, 16, 92, 14, 21]
11 : [11, 92, 90, 21, 14]
12 : [12, 14, 13, 15, 16]
12 : [12, 10, 14, 13, 16]
12 : [12, 91, 14, 17, 10]
13 : [13, 14, 12, 15, 10]
13 : [13, 14, 16, 15, 12]
13 : [13, 14, 16, 17, 11]
14 : [14, 11, 13, 16, 448]
14 : [14, 21, 494, 11, 572]
14 : [14, 16, 12, 17, 95]
15 : [15, 16, 95, 91, 21]
15 : [15, 14, 95, 17, 16]
15 : [15, 16, 20, 95, 13]
16 : [95, 16, 91, 17, 21]
16 : [16, 95, 91, 17, 18]
16 : [16, 95, 91, 17, 14]
16 : [91, 95, 16, 14, 21]
17 : [17, 18, 16, 21, 95]
17 : [17, 16, 11, 95, 18]
17 : [17, 18, 21, 11, 14]
18 : [18, 21, 134, 501, 17]
18 : [18, 80, 21, 134, 143]
18 : [18, 21, 17, 16, 91]
19 : [19, 17, 95, 16, 91]
19 : [19, 13, 16, 10, 14]
19 : [19, 17, 16, 11, 13]
20 : [360, 20, 150, 35, 337]
20 : [20, 15, 18, 16, 21]
20 : [20, 21, 542, 952, 990]
21 : [21, 23, 87, 134, 128]
21 : [22, 21, 133, 128, 23]
21 : [21, 23, 128, 22, 134]
22 : [22, 23, 21, 733, 91]
22 : [22, 23, 21, 146, 127]
22 : [22, 23, 21, 93, 134]
23 : [23, 128, 80, 93, 21]
23 : [23, 93, 80, 91, 18]
23 : [23, 128, 22, 127, 134]
24 : [24, 82, 21, 83, 86]
24 : [24, 82, 86, 916, 85]
24 : [24, 82, 85, 83, 21]
24 : [24, 82, 21, 83, 86]
25 : [25, 28, 53, 31, 27]
25 : [25, 28, 45, 38, 26]
25 : [45, 25, 28, 44, 56]
26 : [28, 390, 26, 25, 29]
26 : [25, 45, 28, 38, 56]
26 : [26, 28, 38, 27, 25]
27 : [26, 27, 25, 38, 28]
27 : [26, 60, 38, 27, 28]
27 : [26, 110, 28, 25, 114]
28 : [28, 25, 26, 53, 59]
28 : [390, 45, 114, 111, 27]
28 : [28, 25, 26, 390, 45]
29 : [29, 26, 390, 397, 27]
29 : [29, 397, 395, 5, 393]
29 : [29, 115, 108, 107, 991]
30 : [30, 32, 31, 35, 26]
30 : [337, 141, 131, 360, 136]
30 : [30, 32, 31, 28, 49]
31 : [31, 32, 40, 30, 27]
31 : [32, 30, 31, 26, 28]
31 : [31, 32, 30, 26, 28]
32 : [114, 27, 111, 390, 26]
32 : [32, 26, 30, 27, 31]
32 : [30, 26, 27, 29, 327]
32 : [26, 28, 25, 304, 30]
33 : [33, 34, 36, 35, 37]
33 : [33, 34, 36, 35, 37]
33 : [33, 34, 35, 36, 6]
34 : [34, 36, 35, 33, 6]
34 : [34, 33, 147, 36, 48]
34 : [34, 978, 977, 33, 460]
35 : [35, 36, 37, 306, 34]
35 : [35, 36, 37, 33, 34]
35 : [35, 36, 37, 34, 33]
36 : [37, 35, 36, 33, 34]
36 : [37, 501, 35, 34, 36]
36 : [35, 36, 37, 45, 30]
37 : [37, 36, 33, 35, 34]
37 : [37, 36, 35, 33, 34]
37 : [37, 35, 36, 33, 34]
38 : [38, 28, 26, 66, 45]
38 : [38, 43, 42, 66, 41]
38 : [43, 42, 48, 41, 66]
39 : [46, 39, 44, 43, 47]
39 : [39, 31, 47, 44, 42]
39 : [39, 48, 42, 43, 47]
40 : [40, 46, 41, 44, 59]
40 : [40, 46, 59, 26, 38]
40 : [40, 46, 39, 42, 47]
40 : [40, 26, 42, 41, 27]
41 : [41, 42, 40, 44, 26]
41 : [59, 57, 58, 43, 44]
41 : [41, 38, 44, 42, 26]
42 : [41, 42, 43, 46, 44]
42 : [42, 28, 43, 44, 40]
42 : [42, 43, 41, 44, 46]
43 : [42, 40, 43, 47, 41]
43 : [43, 316, 950, 66, 45]
43 : [43, 42, 39, 48, 41]
44 : [54, 52, 61, 67, 63]
44 : [44, 46, 42, 41, 43]
44 : [68, 52, 60, 63, 57]
45 : [45, 42, 41, 44, 56]
45 : [45, 102, 50, 994, 25]
45 : [45, 38, 42, 44, 66]
46 : [40, 46, 47, 42, 26]
46 : [912, 40, 489, 42, 39]
46 : [44, 46, 42, 41, 60]
47 : [47, 40, 95, 21, 371]
47 : [47, 40, 43, 48, 42]
47 : [40, 47, 42, 43, 39]
48 : [48, 43, 47, 39, 42]
48 : [48, 42, 43, 39, 47]
48 : [48, 62, 42, 43, 39]
48 : [48, 39, 42, 41, 50]
49 : [50, 30, 97, 103, 35]
49 : [141, 142, 133, 97, 143]
49 : [58, 50, 49, 141, 26]
50 : [50, 49, 44, 58, 48]
50 : [50, 49, 44, 48, 62]
50 : [50, 49, 344, 394, 103]
51 : [51, 69, 306, 117, 303]
51 : [51, 501, 863, 727, 724]
51 : [51, 607, 863, 516, 520]
52 : [53, 58, 27, 55, 54]
52 : [58, 52, 53, 54, 60]
52 : [53, 58, 59, 52, 56]
53 : [52, 57, 54, 56, 65]
53 : [65, 53, 52, 390, 58]
53 : [57, 60, 52, 53, 54]
54 : [67, 56, 58, 60, 54]
54 : [54, 57, 67, 52, 58]
54 : [52, 54, 58, 59, 65]
55 : [55, 59, 57, 53, 54]
55 : [64, 60, 59, 54, 55]
55 : [60, 59, 53, 55, 54]
56 : [58, 55, 56, 52, 59]
56 : [56, 65, 59, 52, 58]
56 : [56, 54, 52, 53, 59]
56 : [59, 60, 56, 61, 57]
57 : [57, 59, 52, 54, 56]
57 : [57, 59, 54, 53, 58]
57 : [59, 57, 58, 54, 60]
58 : [58, 62, 65, 56, 59]
58 : [107, 6, 971, 390, 974]
58 : [58, 52, 59, 68, 54]
59 : [55, 64, 59, 57, 60]
59 : [64, 55, 59, 40, 317]
59 : [64, 55, 59, 65, 57]
60 : [62, 61, 65, 56, 63, 60, 59, 52, 54, 43]
60 : [62, 59, 52, 56, 60, 54, 61, 58, 63, 57]
60 : [54, 67, 62, 60, 57, 59, 68, 58, 63, 52]
61 : [62, 56, 61, 65, 60, 58, 54, 64, 52, 59]
61 : [59, 62, 60, 58, 54, 61, 63, 56, 52, 57]
61 : [62, 61, 58, 63, 56, 59, 68, 65, 54, 60]
62 : [67, 59, 54, 52, 60, 56, 58, 61, 57, 65]
62 : [62, 67, 61, 68, 63, 56, 60, 65, 59, 52]
62 : [60, 57, 59, 63, 52, 53, 65, 54, 62, 64]
63 : [62, 56, 60, 58, 53, 55, 54, 52, 59, 63]
63 : [884, 674, 492, 60, 519, 63, 827, 97, 67, 62]
63 : [53, 63, 58, 57, 56, 60, 52, 54, 59, 65]
64 : [64, 59, 55, 57, 40, 53, 60, 46, 54, 27]
64 : [64, 27, 53, 55, 997, 995, 59, 994, 60, 996]
64 : [64, 59, 54, 55, 62, 52, 57, 53, 60, 46]
64 : [59, 55, 58, 62, 57, 54, 64, 60, 52, 63]
65 : [983, 65, 801, 390, 395, 393, 109, 329, 58, 63]
65 : [65, 801, 329, 110, 390, 5, 115, 393, 45, 397]
65 : [65, 58, 56, 52, 59, 54, 57, 60, 53, 63]
66 : [68, 66, 54, 61, 60, 56, 52, 59, 65, 63]
66 : [68, 67, 66, 54, 60, 52, 59, 63, 61, 58]
66 : [66, 38, 68, 44, 60, 46, 32, 45, 56, 43]
67 : [67, 68, 60, 54, 63, 62, 66, 55, 52, 61]
67 : [67, 68, 60, 54, 63, 61, 62, 57, 59, 56]
67 : [68, 67, 54, 52, 59, 57, 60, 56, 65, 58]
68 : [68, 54, 60, 52, 65, 63, 61, 59, 58, 53]
68 : [62, 67, 68, 63, 61, 60, 45, 56, 55, 58]
68 : [68, 54, 60, 61, 66, 56, 59, 52, 63, 58]
69 : [744, 950, 542, 954, 783, 883, 862, 988, 863, 990]
69 : [69, 744, 126, 714, 114, 976, 27, 305, 316, 306]
69 : [501, 322, 326, 492, 304, 524, 993, 412, 300, 862]
70 : [70, 313, 73, 75, 74, 815, 72, 315, 78, 300]
70 : [313, 70, 315, 303, 79, 73, 306, 77, 124, 120]
70 : [313, 75, 70, 310, 73, 315, 303, 306, 312, 326]
71 : [71, 79, 120, 124, 306, 310, 311, 320, 123, 307]
71 : [71, 79, 124, 313, 26, 114, 126, 77, 120, 311]
71 : [712, 674, 923, 626, 542, 925, 845, 902, 644, 506]
72 : [73, 72, 74, 70, 75, 815, 77, 381, 76, 78]
72 : [75, 72, 73, 74, 70, 815, 77, 76, 71, 307]
72 : [72, 74, 815, 73, 75, 70, 77, 76, 916, 71]
72 : [74, 72, 73, 70, 75, 77, 815, 76, 300, 303]
73 : [73, 74, 72, 70, 77, 75, 76, 312, 316, 78]
73 : [815, 73, 75, 72, 74, 723, 916, 70, 716, 843]
73 : [77, 73, 74, 75, 72, 70, 78, 76, 71, 124]
74 : [72, 70, 74, 73, 75, 815, 77, 381, 76, 916]
74 : [74, 72, 73, 77, 75, 70, 76, 815, 78, 307]
74 : [304, 317, 301, 126, 114, 312, 78, 307, 316, 113]
75 : [75, 70, 73, 77, 72, 74, 303, 76, 78, 302]
75 : [73, 70, 77, 75, 313, 310, 315, 312, 79, 311]
75 : [75, 73, 74, 72, 70, 76, 301, 77, 78, 310]
76 : [76, 73, 75, 77, 79, 70, 310, 71, 72, 120]
76 : [305, 76, 77, 71, 306, 73, 312, 311, 310, 308]
76 : [76, 73, 77, 74, 72, 75, 79, 70, 316, 305]
77 : [77, 73, 71, 312, 124, 307, 314, 76, 302, 70]
77 : [79, 76, 78, 307, 75, 126, 73, 77, 70, 302]
77 : [73, 77, 74, 75, 76, 72, 70, 303, 312, 78]
count (test images): 244
Top 1 acc: 59.43%
Mean per class acc: 59.08%
Mean inference time: 913.60 sec
Top 3 acc: 61.18%
Top 5 acc: 65.22%
0 : [390, 394, 65, 4, 149]
0 : [391, 758, 394, 0, 456]
0 : [0, 975, 394, 456, 472]
0 : [0, 394, 975, 1, 758]
1 : [1, 925, 899, 438, 712]
1 : [1, 0, 395, 393, 392]
1 : [1, 392, 395, 0, 391]
2 : [4, 3, 2, 149, 51]
2 : [2, 3, 4, 394, 149]
2 : [2, 3, 4, 394, 149]
3 : [3, 4, 2, 394, 147]
3 : [4, 3, 2, 149, 394]
3 : [3, 2, 4, 394, 147]
4 : [149, 389, 394, 2, 147]
4 : [4, 2, 3, 394, 150]
4 : [110, 29, 390, 115, 395]
5 : [6, 5, 394, 149, 390]
5 : [5, 6, 394, 116, 392]
5 : [973, 5, 109, 115, 329]
6 : [6, 5, 107, 394, 149]
6 : [3, 6, 4, 2, 693]
6 : [5, 6, 115, 110, 329]
7 : [80, 8, 7, 91, 93]
7 : [274, 7, 63, 8, 371]
7 : [630, 502, 8, 514, 7]
8 : [8, 7, 83, 80, 86]
8 : [8, 7, 86, 82, 83]
8 : [8, 7, 86, 85, 80]
8 : [8, 7, 83, 86, 80]
9 : [9, 8, 23, 146, 93]
9 : [676, 664, 917, 316, 395]
9 : [9, 501, 100, 138, 134]
10 : [749, 501, 18, 542, 916]
10 : [13, 15, 12, 11, 10]
10 : [10, 11, 13, 19, 15]
11 : [11, 14, 92, 325, 324]
11 : [11, 16, 92, 14, 21]
11 : [11, 92, 90, 21, 14]
12 : [12, 14, 13, 15, 16]
12 : [12, 10, 14, 13, 16]
12 : [12, 91, 14, 17, 10]
13 : [13, 14, 12, 15, 10]
13 : [13, 14, 16, 15, 12]
13 : [13, 14, 16, 17, 11]
14 : [14, 11, 13, 16, 448]
14 : [14, 21, 494, 11, 572]
14 : [14, 16, 12, 17, 95]
15 : [15, 16, 95, 91, 21]
15 : [15, 14, 95, 17, 16]
15 : [15, 16, 20, 95, 13]
16 : [95, 16, 91, 17, 21]
16 : [16, 95, 91, 17, 18]
16 : [16, 95, 91, 17, 14]
16 : [91, 95, 16, 14, 21]
17 : [17, 18, 16, 21, 95]
17 : [17, 16, 11, 95, 18]
17 : [17, 18, 21, 11, 14]
18 : [18, 21, 134, 501, 17]
18 : [18, 80, 21, 134, 143]
18 : [18, 21, 17, 16, 91]
19 : [19, 17, 95, 16, 91]
19 : [19, 13, 16, 10, 14]
19 : [19, 17, 16, 11, 13]
20 : [360, 20, 150, 35, 337]
20 : [20, 15, 18, 16, 21]
20 : [20, 21, 542, 952, 990]
21 : [21, 23, 87, 134, 128]
21 : [22, 21, 133, 128, 23]
21 : [21, 23, 128, 22, 134]
22 : [22, 23, 21, 733, 91]
22 : [22, 23, 21, 146, 127]
22 : [22, 23, 21, 93, 134]
23 : [23, 128, 80, 93, 21]
23 : [23, 93, 80, 91, 18]
23 : [23, 128, 22, 127, 134]
24 : [24, 82, 21, 83, 86]
24 : [24, 82, 86, 916, 85]
24 : [24, 82, 85, 83, 21]
24 : [24, 82, 21, 83, 86]
25 : [25, 28, 53, 31, 27]
25 : [25, 28, 45, 38, 26]
25 : [45, 25, 28, 44, 56]
26 : [28, 390, 26, 25, 29]
26 : [25, 45, 28, 38, 56]
26 : [26, 28, 38, 27, 25]
27 : [26, 27, 25, 38, 28]
27 : [26, 60, 38, 27, 28]
27 : [26, 110, 28, 25, 114]
28 : [28, 25, 26, 53, 59]
28 : [390, 45, 114, 111, 27]
28 : [28, 25, 26, 390, 45]
29 : [29, 26, 390, 397, 27]
29 : [29, 397, 395, 5, 393]
29 : [29, 115, 108, 107, 991]
30 : [30, 32, 31, 35, 26]
30 : [337, 141, 131, 360, 136]
30 : [30, 32, 31, 28, 49]
31 : [31, 32, 40, 30, 27]
31 : [32, 30, 31, 26, 28]
31 : [31, 32, 30, 26, 28]
32 : [114, 27, 111, 390, 26]
32 : [32, 26, 30, 27, 31]
32 : [30, 26, 27, 29, 327]
32 : [26, 28, 25, 304, 30]
33 : [33, 34, 36, 35, 37]
33 : [33, 34, 36, 35, 37]
33 : [33, 34, 35, 36, 6]
34 : [34, 36, 35, 33, 6]
34 : [34, 33, 147, 36, 48]
34 : [34, 978, 977, 33, 460]
35 : [35, 36, 37, 306, 34]
35 : [35, 36, 37, 33, 34]
35 : [35, 36, 37, 34, 33]
36 : [37, 35, 36, 33, 34]
36 : [37, 501, 35, 34, 36]
36 : [35, 36, 37, 45, 30]
37 : [37, 36, 33, 35, 34]
37 : [37, 36, 35, 33, 34]
37 : [37, 35, 36, 33, 34]
38 : [38, 28, 26, 66, 45]
38 : [38, 43, 42, 66, 41]
38 : [43, 42, 48, 41, 66]
39 : [46, 39, 44, 43, 47]
39 : [39, 31, 47, 44, 42]
39 : [39, 48, 42, 43, 47]
40 : [40, 46, 41, 44, 59]
40 : [40, 46, 59, 26, 38]
40 : [40, 46, 39, 42, 47]
40 : [40, 26, 42, 41, 27]
41 : [41, 42, 40, 44, 26]
41 : [59, 57, 58, 43, 44]
41 : [41, 38, 44, 42, 26]
42 : [41, 42, 43, 46, 44]
42 : [42, 28, 43, 44, 40]
42 : [42, 43, 41, 44, 46]
43 : [42, 40, 43, 47, 41]
43 : [43, 316, 950, 66, 45]
43 : [43, 42, 39, 48, 41]
44 : [54, 52, 61, 67, 63]
44 : [44, 46, 42, 41, 43]
44 : [68, 52, 60, 63, 57]
45 : [45, 42, 41, 44, 56]
45 : [45, 102, 50, 994, 25]
45 : [45, 38, 42, 44, 66]
46 : [40, 46, 47, 42, 26]
46 : [912, 40, 489, 42, 39]
46 : [44, 46, 42, 41, 60]
47 : [47, 40, 95, 21, 371]
47 : [47, 40, 43, 48, 42]
47 : [40, 47, 42, 43, 39]
48 : [48, 43, 47, 39, 42]
48 : [48, 42, 43, 39, 47]
48 : [48, 62, 42, 43, 39]
48 : [48, 39, 42, 41, 50]
49 : [50, 30, 97, 103, 35]
49 : [141, 142, 133, 97, 143]
49 : [58, 50, 49, 141, 26]
50 : [50, 49, 44, 58, 48]
50 : [50, 49, 44, 48, 62]
50 : [50, 49, 344, 394, 103]
51 : [51, 69, 306, 117, 303]
51 : [51, 501, 863, 727, 724]
51 : [51, 607, 863, 516, 520]
52 : [53, 58, 27, 55, 54]
52 : [58, 52, 53, 54, 60]
52 : [53, 58, 59, 52, 56]
53 : [52, 57, 54, 56, 65]
53 : [65, 53, 52, 390, 58]
53 : [57, 60, 52, 53, 54]
54 : [67, 56, 58, 60, 54]
54 : [54, 57, 67, 52, 58]
54 : [52, 54, 58, 59, 65]
55 : [55, 59, 57, 53, 54]
55 : [64, 60, 59, 54, 55]
55 : [60, 59, 53, 55, 54]
56 : [58, 55, 56, 52, 59]
56 : [56, 65, 59, 52, 58]
56 : [56, 54, 52, 53, 59]
56 : [59, 60, 56, 61, 57]
57 : [57, 59, 52, 54, 56]
57 : [57, 59, 54, 53, 58]
57 : [59, 57, 58, 54, 60]
58 : [58, 62, 65, 56, 59]
58 : [107, 6, 971, 390, 974]
58 : [58, 52, 59, 68, 54]
59 : [55, 64, 59, 57, 60]
59 : [64, 55, 59, 40, 317]
59 : [64, 55, 59, 65, 57]
60 : [62, 61, 65, 56, 63, 60, 59, 52, 54, 43]
60 : [62, 59, 52, 56, 60, 54, 61, 58, 63, 57]
60 : [54, 67, 62, 60, 57, 59, 68, 58, 63, 52]
61 : [62, 56, 61, 65, 60, 58, 54, 64, 52, 59]
61 : [59, 62, 60, 58, 54, 61, 63, 56, 52, 57]
61 : [62, 61, 58, 63, 56, 59, 68, 65, 54, 60]
62 : [67, 59, 54, 52, 60, 56, 58, 61, 57, 65]
62 : [62, 67, 61, 68, 63, 56, 60, 65, 59, 52]
62 : [60, 57, 59, 63, 52, 53, 65, 54, 62, 64]
63 : [62, 56, 60, 58, 53, 55, 54, 52, 59, 63]
63 : [884, 674, 492, 60, 519, 63, 827, 97, 67, 62]
63 : [53, 63, 58, 57, 56, 60, 52, 54, 59, 65]
64 : [64, 59, 55, 57, 40, 53, 60, 46, 54, 27]
64 : [64, 27, 53, 55, 997, 995, 59, 994, 60, 996]
64 : [64, 59, 54, 55, 62, 52, 57, 53, 60, 46]
64 : [59, 55, 58, 62, 57, 54, 64, 60, 52, 63]
65 : [983, 65, 801, 390, 395, 393, 109, 329, 58, 63]
65 : [65, 801, 329, 110, 390, 5, 115, 393, 45, 397]
65 : [65, 58, 56, 52, 59, 54, 57, 60, 53, 63]
66 : [68, 66, 54, 61, 60, 56, 52, 59, 65, 63]
66 : [68, 67, 66, 54, 60, 52, 59, 63, 61, 58]
66 : [66, 38, 68, 44, 60, 46, 32, 45, 56, 43]
67 : [67, 68, 60, 54, 63, 62, 66, 55, 52, 61]
67 : [67, 68, 60, 54, 63, 61, 62, 57, 59, 56]
67 : [68, 67, 54, 52, 59, 57, 60, 56, 65, 58]
68 : [68, 54, 60, 52, 65, 63, 61, 59, 58, 53]
68 : [62, 67, 68, 63, 61, 60, 45, 56, 55, 58]
68 : [68, 54, 60, 61, 66, 56, 59, 52, 63, 58]
69 : [744, 950, 542, 954, 783, 883, 862, 988, 863, 990]
69 : [69, 744, 126, 714, 114, 976, 27, 305, 316, 306]
69 : [501, 322, 326, 492, 304, 524, 993, 412, 300, 862]
70 : [70, 313, 73, 75, 74, 815, 72, 315, 78, 300]
70 : [313, 70, 315, 303, 79, 73, 306, 77, 124, 120]
70 : [313, 75, 70, 310, 73, 315, 303, 306, 312, 326]
71 : [71, 79, 120, 124, 306, 310, 311, 320, 123, 307]
71 : [71, 79, 124, 313, 26, 114, 126, 77, 120, 311]
71 : [712, 674, 923, 626, 542, 925, 845, 902, 644, 506]
72 : [73, 72, 74, 70, 75, 815, 77, 381, 76, 78]
72 : [75, 72, 73, 74, 70, 815, 77, 76, 71, 307]
72 : [72, 74, 815, 73, 75, 70, 77, 76, 916, 71]
72 : [74, 72, 73, 70, 75, 77, 815, 76, 300, 303]
73 : [73, 74, 72, 70, 77, 75, 76, 312, 316, 78]
73 : [815, 73, 75, 72, 74, 723, 916, 70, 716, 843]
73 : [77, 73, 74, 75, 72, 70, 78, 76, 71, 124]
74 : [72, 70, 74, 73, 75, 815, 77, 381, 76, 916]
74 : [74, 72, 73, 77, 75, 70, 76, 815, 78, 307]
74 : [304, 317, 301, 126, 114, 312, 78, 307, 316, 113]
75 : [75, 70, 73, 77, 72, 74, 303, 76, 78, 302]
75 : [73, 70, 77, 75, 313, 310, 315, 312, 79, 311]
75 : [75, 73, 74, 72, 70, 76, 301, 77, 78, 310]
76 : [76, 73, 75, 77, 79, 70, 310, 71, 72, 120]
76 : [305, 76, 77, 71, 306, 73, 312, 311, 310, 308]
76 : [76, 73, 77, 74, 72, 75, 79, 70, 316, 305]
77 : [77, 73, 71, 312, 124, 307, 314, 76, 302, 70]
77 : [79, 76, 78, 307, 75, 126, 73, 77, 70, 302]
77 : [73, 77, 74, 75, 76, 72, 70, 303, 312, 78]
count (test images): 244
Top 1 acc: 59.43%
Mean per class acc: 59.08%
Mean inference time: 913.60 sec
Top 3 acc: 61.18%
Top 5 acc: 65.22%
