0 : [394, 390, 65, 4, 6]
0 : [391, 394, 0, 758, 501]
0 : [0, 394, 408, 456, 472]
0 : [0, 394, 1, 758, 391]
1 : [1, 899, 438, 712, 925]
1 : [1, 0, 395, 390, 29]
1 : [1, 395, 0, 391, 389]
2 : [4, 3, 2, 149, 51]
2 : [2, 3, 4, 149, 394]
2 : [2, 3, 4, 394, 389]
3 : [3, 4, 2, 394, 147]
3 : [4, 3, 2, 149, 394]
3 : [3, 2, 4, 394, 147]
4 : [389, 394, 2, 149, 3]
4 : [4, 2, 3, 394, 149]
4 : [110, 390, 29, 115, 327]
5 : [6, 149, 394, 5, 390]
5 : [5, 6, 394, 110, 116]
5 : [5, 109, 115, 973, 329]
6 : [6, 5, 149, 107, 390]
6 : [3, 4, 149, 2, 6]
6 : [5, 6, 115, 110, 329]
7 : [7, 8, 80, 91, 97]
7 : [274, 244, 7, 371, 180]
7 : [502, 514, 630, 8, 86]
8 : [8, 7, 83, 80, 904]
8 : [8, 7, 86, 82, 83]
8 : [8, 7, 86, 85, 80]
8 : [8, 7, 83, 86, 80]
9 : [9, 138, 134, 135, 133]
9 : [837, 836, 917, 395, 316]
9 : [9, 100, 138, 134, 135]
10 : [749, 501, 448, 18, 542]
10 : [11, 15, 12, 13, 21]
10 : [10, 11, 13, 15, 19]
11 : [11, 14, 92, 324, 16]
11 : [11, 16, 92, 14, 21]
11 : [11, 92, 21, 90, 392]
12 : [12, 14, 13, 16, 15]
12 : [12, 10, 14, 13, 16]
12 : [12, 14, 91, 17, 21]
13 : [13, 14, 12, 15, 16]
13 : [13, 14, 16, 15, 12]
13 : [13, 14, 11, 16, 17]
14 : [14, 11, 13, 16, 448]
14 : [14, 494, 448, 21, 11]
14 : [14, 16, 17, 12, 95]
15 : [15, 16, 95, 91, 21]
15 : [15, 14, 95, 17, 16]
15 : [15, 16, 20, 95, 13]
16 : [16, 95, 91, 17, 13]
16 : [16, 95, 17, 91, 18]
16 : [16, 95, 91, 14, 17]
16 : [91, 95, 16, 21, 14]
17 : [17, 18, 16, 21, 95]
17 : [17, 16, 11, 95, 18]
17 : [17, 18, 21, 11, 16]
18 : [18, 21, 501, 134, 17]
18 : [18, 80, 21, 134, 143]
18 : [18, 17, 21, 16, 91]
19 : [19, 17, 368, 384, 371]
19 : [19, 13, 16, 10, 17]
19 : [19, 17, 16, 94, 92]
20 : [97, 98, 360, 20, 391]
20 : [20, 501, 15, 18, 95]
20 : [501, 20, 21, 952, 542]
21 : [21, 23, 87, 134, 128]
21 : [21, 23, 501, 22, 134]
21 : [21, 23, 22, 138, 134]
22 : [22, 23, 21, 91, 733]
22 : [22, 23, 21, 146, 134]
22 : [22, 23, 21, 93, 134]
23 : [23, 128, 80, 93, 21]
23 : [23, 128, 127, 134, 93]
23 : [23, 22, 134, 128, 21]
24 : [24, 501, 21, 83, 392]
24 : [24, 86, 950, 916, 85]
24 : [24, 85, 83, 82, 86]
24 : [24, 82, 83, 21, 86]
25 : [25, 28, 32, 31, 27]
25 : [25, 28, 38, 45, 27]
25 : [45, 25, 28, 27, 44]
26 : [28, 27, 390, 26, 25]
26 : [25, 45, 28, 38, 56]
26 : [26, 27, 28, 38, 25]
27 : [26, 27, 25, 38, 28]
27 : [27, 26, 38, 60, 28]
27 : [26, 27, 110, 28, 25]
28 : [28, 25, 27, 26, 53]
28 : [390, 114, 45, 47, 111]
28 : [28, 25, 27, 26, 390]
29 : [29, 27, 26, 390, 397]
29 : [29, 395, 5, 397, 115]
29 : [29, 393, 115, 110, 108]
30 : [30, 32, 31, 35, 26]
30 : [337, 975, 360, 136, 131]
30 : [30, 32, 31, 28, 49]
31 : [31, 32, 40, 30, 46]
31 : [32, 30, 31, 40, 26]
31 : [31, 30, 32, 28, 26]
32 : [114, 111, 27, 26, 390]
32 : [32, 26, 30, 31, 114]
32 : [32, 30, 29, 327, 114]
32 : [28, 32, 26, 25, 31]
33 : [33, 36, 34, 35, 37]
33 : [33, 34, 36, 35, 37]
33 : [33, 34, 35, 36, 6]
34 : [34, 35, 36, 33, 6]
34 : [34, 33, 147, 48, 4]
34 : [34, 978, 33, 460, 718]
35 : [35, 36, 37, 306, 34]
35 : [35, 36, 37, 33, 34]
35 : [35, 36, 37, 34, 33]
36 : [37, 35, 36, 33, 34]
36 : [904, 556, 799, 994, 712]
36 : [35, 36, 37, 45, 103]
37 : [37, 36, 33, 35, 34]
37 : [37, 36, 35, 33, 34]
37 : [37, 36, 35, 33, 34]
38 : [38, 28, 27, 26, 111]
38 : [43, 38, 42, 66, 41]
38 : [43, 42, 41, 66, 46]
39 : [46, 39, 47, 43, 44]
39 : [39, 47, 31, 32, 42]
39 : [39, 48, 42, 43, 47]
40 : [40, 46, 26, 41, 42]
41 : [41, 42, 40, 46, 44]
41 : [58, 57, 59, 44, 52]
41 : [41, 38, 46, 44, 42]
42 : [41, 42, 43, 46, 44]
42 : [42, 28, 27, 43, 44]
42 : [42, 43, 41, 44, 46]
43 : [42, 43, 47, 46, 41]
43 : [43, 316, 66, 45, 950]
43 : [43, 42, 39, 41, 44]
44 : [68, 61, 54, 67, 53]
44 : [44, 41, 42, 46, 43]
44 : [68, 52, 54, 53, 60]
45 : [45, 42, 41, 44, 25]
45 : [45, 102, 50, 994, 392]
45 : [45, 38, 27, 42, 66]
46 : [40, 46, 47, 42, 26]
46 : [46, 40, 912, 489, 42]
46 : [44, 42, 46, 41, 43]
47 : [47, 95, 392, 21, 64]
47 : [47, 43, 48, 42, 41]
47 : [47, 40, 46, 42, 39]
48 : [48, 43, 47, 39, 42]
48 : [48, 43, 42, 47, 39]
48 : [48, 62, 42, 43, 39]
48 : [48, 39, 42, 41, 50]
49 : [97, 50, 30, 103, 35]
49 : [141, 97, 143, 98, 142]
49 : [50, 58, 49, 26, 27]
50 : [50, 49, 44, 58, 97]
50 : [50, 49, 44, 48, 394]
50 : [50, 49, 394, 344, 103]
51 : [51, 69, 306, 48, 117]
51 : [51, 48, 45, 69, 745]
52 : [57, 53, 114, 390, 58]
52 : [58, 52, 53, 59, 60]
52 : [58, 53, 59, 52, 65]
53 : [52, 57, 60, 56, 59]
53 : [65, 53, 390, 392, 25]
53 : [57, 56, 60, 53, 59]
55 : [55, 57, 59, 53, 64]
55 : [55, 64, 59, 60, 58]
55 : [53, 55, 59, 60, 52]
56 : [58, 53, 52, 56, 63]
56 : [56, 58, 65, 52, 53]
56 : [56, 68, 52, 53, 54]
56 : [52, 60, 61, 59, 56]
57 : [57, 68, 56, 59, 54]
57 : [57, 59, 56, 58, 52]
57 : [58, 52, 57, 59, 53]
58 : [58, 68, 65, 62, 59]
58 : [107, 6, 394, 65, 390]
58 : [58, 27, 68, 52, 26]
59 : [55, 59, 57, 64, 53]
59 : [55, 64, 40, 59, 46]
59 : [55, 64, 59, 53, 65]
60 : [65, 61, 62, 59, 63]
60 : [59, 58, 56, 62, 52]
60 : [67, 54, 56, 63, 60]
61 : [62, 61, 68, 65, 58]
61 : [62, 67, 61, 60, 59]
61 : [62, 61, 63, 58, 68]
62 : [54, 68, 62, 58, 56]
62 : [62, 61, 67, 54, 68]
62 : [57, 60, 59, 63, 53]
63 : [60, 56, 53, 58, 62]
63 : [674, 60, 63, 519, 461]
63 : [63, 52, 53, 57, 60]
64 : [64, 55, 59, 46, 40]
64 : [55, 64, 46, 997, 53]
64 : [64, 55, 59, 53, 68]
64 : [58, 57, 59, 64, 60]
65 : [65, 390, 973, 395, 109]
65 : [65, 5, 110, 329, 801]
65 : [65, 58, 56, 52, 68]
66 : [54, 67, 66, 60, 61]
66 : [68, 67, 66, 54, 62]
66 : [66, 38, 44, 32, 60]
67 : [67, 68, 54, 60, 66]
67 : [68, 67, 54, 63, 60]
67 : [68, 54, 60, 56, 52]
68 : [68, 54, 52, 65, 67]
69 : [69, 112, 542, 783, 392]
69 : [69, 501, 451, 392, 714]
69 : [501, 524, 322, 461, 883]
70 : [70, 73, 313, 72, 75]
70 : [70, 313, 303, 79, 77]
70 : [70, 313, 75, 310, 73]
71 : [71, 79, 120, 306, 315]
71 : [71, 79, 27, 313, 124]
71 : [712, 923, 674, 542, 626]
72 : [72, 73, 74, 815, 77]
72 : [72, 73, 74, 815, 77]
72 : [72, 74, 815, 73, 77]
72 : [72, 74, 73, 77, 75]
73 : [73, 72, 74, 77, 75]
73 : [815, 73, 72, 723, 916]
73 : [77, 73, 72, 74, 70]
74 : [72, 74, 73, 815, 77]
74 : [72, 74, 73, 77, 76]
74 : [304, 317, 126, 114, 312]
75 : [75, 70, 73, 77, 72]
75 : [73, 70, 313, 310, 77]
75 : [75, 73, 74, 72, 76]
76 : [76, 73, 75, 79, 77]
76 : [312, 76, 77, 311, 310]
76 : [76, 73, 74, 77, 72]
77 : [77, 73, 71, 76, 312]
77 : [76, 78, 79, 307, 75]
77 : [73, 77, 74, 72, 76]
78 : [712, 644, 783, 599, 673]
78 : [303, 75, 71, 122, 119]
78 : [78, 126, 304, 307, 73]
79 : [79, 111, 124, 313, 123]
79 : [79, 71, 110, 329, 126]
79 : [79, 45, 329, 111, 69]
80 : [80, 8, 7, 83, 81]
80 : [80, 8, 83, 7, 82]
80 : [80, 8, 86, 81, 91]
80 : [80, 7, 8, 93, 83]
81 : [81, 83, 85, 86, 82]
81 : [81, 86, 80, 83, 82]
81 : [501, 81, 8, 85, 86]
82 : [82, 83, 85, 86, 138]
82 : [82, 85, 81, 86, 83]
82 : [82, 8, 83, 85, 86]
83 : [141, 97, 142, 83, 138]
83 : [83, 138, 80, 21, 86]
83 : [83, 82, 331, 85, 86]
84 : [84, 138, 21, 83, 134]
84 : [84, 86, 80, 83, 8]
84 : [84, 328, 749, 116, 107]
85 : [85, 86, 82, 83, 81]
85 : [85, 86, 83, 97, 81]
85 : [86, 85, 138, 501, 134]
86 : [85, 86, 83, 82, 81]
86 : [86, 85, 83, 81, 80]
86 : [86, 85, 97, 8, 82]
87 : [87, 21, 88, 89, 90]
87 : [87, 23, 88, 21, 80]
87 : [87, 89, 88, 90, 21]
88 : [88, 90, 21, 96, 87]
88 : [88, 90, 87, 89, 21]
88 : [88, 90, 87, 89, 21]
88 : [84, 90, 87, 11, 96]
89 : [89, 88, 87, 21, 134]
89 : [89, 835, 562, 21, 87]
89 : [89, 448, 425, 87, 134]
90 : [90, 21, 91, 92, 87]
90 : [90, 87, 21, 94, 16]
90 : [90, 87, 21, 89, 88]
91 : [91, 16, 21, 18, 95]
91 : [91, 21, 16, 18, 92]
91 : [91, 21, 18, 16, 80]
92 : [92, 95, 16, 21, 94]
92 : [92, 95, 21, 16, 501]
92 : [92, 95, 91, 21, 16]
93 : [93, 18, 21, 134, 8]
93 : [93, 96, 369, 375, 144]
93 : [93, 144, 96, 134, 131]
94 : [94, 92, 95, 21, 20]
94 : [94, 95, 92, 17, 21]
94 : [94, 95, 92, 21, 16]
95 : [95, 91, 92, 16, 21]
95 : [95, 94, 16, 92, 21]
95 : [95, 92, 16, 21, 392]
96 : [96, 93, 18, 21, 91]
96 : [96, 93, 91, 16, 90]
96 : [96, 93, 90, 88, 21]
96 : [96, 93, 91, 92, 955]
97 : [97, 136, 99, 98, 137]
97 : [97, 98, 137, 136, 99]
97 : [97, 136, 99, 137, 100]
98 : [98, 141, 97, 136, 143]
98 : [98, 97, 136, 143, 137]
98 : [98, 141, 143, 133, 138]
99 : [97, 99, 136, 146, 143]
99 : [99, 146, 501, 97, 100]
99 : [134, 127, 99, 21, 138]
100 : [100, 99, 128, 134, 138]
100 : [100, 99, 97, 136, 134]
0 : [394, 390, 65, 4, 6]
0 : [391, 394, 0, 758, 501]
0 : [0, 394, 408, 456, 472]
0 : [0, 394, 1, 758, 391]
1 : [1, 899, 438, 712, 925]
1 : [1, 0, 395, 390, 29]
1 : [1, 395, 0, 391, 389]
2 : [4, 3, 2, 149, 51]
2 : [2, 3, 4, 149, 394]
2 : [2, 3, 4, 394, 389]
3 : [3, 4, 2, 394, 147]
3 : [4, 3, 2, 149, 394]
3 : [3, 2, 4, 394, 147]
4 : [389, 394, 2, 149, 3]
4 : [4, 2, 3, 394, 149]
4 : [110, 390, 29, 115, 327]
5 : [6, 149, 394, 5, 390]
5 : [5, 6, 394, 110, 116]
5 : [5, 109, 115, 973, 329]
6 : [6, 5, 149, 107, 390]
6 : [3, 4, 149, 2, 6]
6 : [5, 6, 115, 110, 329]
7 : [7, 8, 80, 91, 97]
7 : [274, 244, 7, 371, 180]
7 : [502, 514, 630, 8, 86]
8 : [8, 7, 83, 80, 904]
8 : [8, 7, 86, 82, 83]
8 : [8, 7, 86, 85, 80]
8 : [8, 7, 83, 86, 80]
9 : [9, 138, 134, 135, 133]
9 : [837, 836, 917, 395, 316]
9 : [9, 100, 138, 134, 135]
10 : [749, 501, 448, 18, 542]
10 : [11, 15, 12, 13, 21]
10 : [10, 11, 13, 15, 19]
11 : [11, 14, 92, 324, 16]
11 : [11, 16, 92, 14, 21]
11 : [11, 92, 21, 90, 392]
12 : [12, 14, 13, 16, 15]
12 : [12, 10, 14, 13, 16]
12 : [12, 14, 91, 17, 21]
13 : [13, 14, 12, 15, 16]
13 : [13, 14, 16, 15, 12]
13 : [13, 14, 11, 16, 17]
14 : [14, 11, 13, 16, 448]
14 : [14, 494, 448, 21, 11]
14 : [14, 16, 17, 12, 95]
15 : [15, 16, 95, 91, 21]
15 : [15, 14, 95, 17, 16]
15 : [15, 16, 20, 95, 13]
16 : [16, 95, 91, 17, 13]
16 : [16, 95, 17, 91, 18]
16 : [16, 95, 91, 14, 17]
16 : [91, 95, 16, 21, 14]
17 : [17, 18, 16, 21, 95]
17 : [17, 16, 11, 95, 18]
17 : [17, 18, 21, 11, 16]
18 : [18, 21, 501, 134, 17]
18 : [18, 80, 21, 134, 143]
18 : [18, 17, 21, 16, 91]
19 : [19, 17, 368, 384, 371]
19 : [19, 13, 16, 10, 17]
19 : [19, 17, 16, 94, 92]
20 : [97, 98, 360, 20, 391]
20 : [20, 501, 15, 18, 95]
20 : [501, 20, 21, 952, 542]
21 : [21, 23, 87, 134, 128]
21 : [21, 23, 501, 22, 134]
21 : [21, 23, 22, 138, 134]
22 : [22, 23, 21, 91, 733]
22 : [22, 23, 21, 146, 134]
22 : [22, 23, 21, 93, 134]
23 : [23, 128, 80, 93, 21]
23 : [23, 128, 127, 134, 93]
23 : [23, 22, 134, 128, 21]
24 : [24, 501, 21, 83, 392]
24 : [24, 86, 950, 916, 85]
24 : [24, 85, 83, 82, 86]
24 : [24, 82, 83, 21, 86]
25 : [25, 28, 32, 31, 27]
25 : [25, 28, 38, 45, 27]
25 : [45, 25, 28, 27, 44]
26 : [28, 27, 390, 26, 25]
26 : [25, 45, 28, 38, 56]
26 : [26, 27, 28, 38, 25]
27 : [26, 27, 25, 38, 28]
27 : [27, 26, 38, 60, 28]
27 : [26, 27, 110, 28, 25]
28 : [28, 25, 27, 26, 53]
28 : [390, 114, 45, 47, 111]
28 : [28, 25, 27, 26, 390]
29 : [29, 27, 26, 390, 397]
29 : [29, 395, 5, 397, 115]
29 : [29, 393, 115, 110, 108]
30 : [30, 32, 31, 35, 26]
30 : [337, 975, 360, 136, 131]
30 : [30, 32, 31, 28, 49]
31 : [31, 32, 40, 30, 46]
31 : [32, 30, 31, 40, 26]
31 : [31, 30, 32, 28, 26]
32 : [114, 111, 27, 26, 390]
32 : [32, 26, 30, 31, 114]
32 : [32, 30, 29, 327, 114]
32 : [28, 32, 26, 25, 31]
33 : [33, 36, 34, 35, 37]
33 : [33, 34, 36, 35, 37]
33 : [33, 34, 35, 36, 6]
34 : [34, 35, 36, 33, 6]
34 : [34, 33, 147, 48, 4]
34 : [34, 978, 33, 460, 718]
35 : [35, 36, 37, 306, 34]
35 : [35, 36, 37, 33, 34]
35 : [35, 36, 37, 34, 33]
36 : [37, 35, 36, 33, 34]
36 : [904, 556, 799, 994, 712]
36 : [35, 36, 37, 45, 103]
37 : [37, 36, 33, 35, 34]
37 : [37, 36, 35, 33, 34]
37 : [37, 36, 35, 33, 34]
38 : [38, 28, 27, 26, 111]
38 : [43, 38, 42, 66, 41]
38 : [43, 42, 41, 66, 46]
39 : [46, 39, 47, 43, 44]
39 : [39, 47, 31, 32, 42]
39 : [39, 48, 42, 43, 47]
40 : [40, 46, 26, 41, 42]
41 : [41, 42, 40, 46, 44]
41 : [58, 57, 59, 44, 52]
41 : [41, 38, 46, 44, 42]
42 : [41, 42, 43, 46, 44]
42 : [42, 28, 27, 43, 44]
42 : [42, 43, 41, 44, 46]
43 : [42, 43, 47, 46, 41]
43 : [43, 316, 66, 45, 950]
43 : [43, 42, 39, 41, 44]
44 : [68, 61, 54, 67, 53]
44 : [44, 41, 42, 46, 43]
44 : [68, 52, 54, 53, 60]
45 : [45, 42, 41, 44, 25]
45 : [45, 102, 50, 994, 392]
45 : [45, 38, 27, 42, 66]
46 : [40, 46, 47, 42, 26]
46 : [46, 40, 912, 489, 42]
46 : [44, 42, 46, 41, 43]
47 : [47, 95, 392, 21, 64]
47 : [47, 43, 48, 42, 41]
47 : [47, 40, 46, 42, 39]
48 : [48, 43, 47, 39, 42]
48 : [48, 43, 42, 47, 39]
48 : [48, 62, 42, 43, 39]
48 : [48, 39, 42, 41, 50]
49 : [97, 50, 30, 103, 35]
49 : [141, 97, 143, 98, 142]
49 : [50, 58, 49, 26, 27]
50 : [50, 49, 44, 58, 97]
50 : [50, 49, 44, 48, 394]
50 : [50, 49, 394, 344, 103]
51 : [51, 69, 306, 48, 117]
51 : [51, 48, 45, 69, 745]
52 : [57, 53, 114, 390, 58]
52 : [58, 52, 53, 59, 60]
52 : [58, 53, 59, 52, 65]
53 : [52, 57, 60, 56, 59]
53 : [65, 53, 390, 392, 25]
53 : [57, 56, 60, 53, 59]
55 : [55, 57, 59, 53, 64]
55 : [55, 64, 59, 60, 58]
55 : [53, 55, 59, 60, 52]
56 : [58, 53, 52, 56, 63]
56 : [56, 58, 65, 52, 53]
56 : [56, 68, 52, 53, 54]
56 : [52, 60, 61, 59, 56]
57 : [57, 68, 56, 59, 54]
57 : [57, 59, 56, 58, 52]
57 : [58, 52, 57, 59, 53]
58 : [58, 68, 65, 62, 59]
58 : [107, 6, 394, 65, 390]
58 : [58, 27, 68, 52, 26]
59 : [55, 59, 57, 64, 53]
59 : [55, 64, 40, 59, 46]
59 : [55, 64, 59, 53, 65]
60 : [65, 61, 62, 59, 63]
60 : [59, 58, 56, 62, 52]
60 : [67, 54, 56, 63, 60]
61 : [62, 61, 68, 65, 58]
61 : [62, 67, 61, 60, 59]
61 : [62, 61, 63, 58, 68]
62 : [54, 68, 62, 58, 56]
62 : [62, 61, 67, 54, 68]
62 : [57, 60, 59, 63, 53]
63 : [60, 56, 53, 58, 62]
63 : [674, 60, 63, 519, 461]
63 : [63, 52, 53, 57, 60]
64 : [64, 55, 59, 46, 40]
64 : [55, 64, 46, 997, 53]
64 : [64, 55, 59, 53, 68]
64 : [58, 57, 59, 64, 60]
65 : [65, 390, 973, 395, 109]
65 : [65, 5, 110, 329, 801]
65 : [65, 58, 56, 52, 68]
66 : [54, 67, 66, 60, 61]
66 : [68, 67, 66, 54, 62]
66 : [66, 38, 44, 32, 60]
67 : [67, 68, 54, 60, 66]
67 : [68, 67, 54, 63, 60]
67 : [68, 54, 60, 56, 52]
68 : [68, 54, 52, 65, 67]
69 : [69, 112, 542, 783, 392]
69 : [69, 501, 451, 392, 714]
69 : [501, 524, 322, 461, 883]
70 : [70, 73, 313, 72, 75]
70 : [70, 313, 303, 79, 77]
70 : [70, 313, 75, 310, 73]
71 : [71, 79, 120, 306, 315]
71 : [71, 79, 27, 313, 124]
71 : [712, 923, 674, 542, 626]
72 : [72, 73, 74, 815, 77]
72 : [72, 73, 74, 815, 77]
72 : [72, 74, 815, 73, 77]
72 : [72, 74, 73, 77, 75]
73 : [73, 72, 74, 77, 75]
73 : [815, 73, 72, 723, 916]
73 : [77, 73, 72, 74, 70]
74 : [72, 74, 73, 815, 77]
74 : [72, 74, 73, 77, 76]
74 : [304, 317, 126, 114, 312]
75 : [75, 70, 73, 77, 72]
75 : [73, 70, 313, 310, 77]
75 : [75, 73, 74, 72, 76]
76 : [76, 73, 75, 79, 77]
76 : [312, 76, 77, 311, 310]
76 : [76, 73, 74, 77, 72]
77 : [77, 73, 71, 76, 312]
77 : [76, 78, 79, 307, 75]
77 : [73, 77, 74, 72, 76]
78 : [712, 644, 783, 599, 673]
78 : [303, 75, 71, 122, 119]
78 : [78, 126, 304, 307, 73]
79 : [79, 111, 124, 313, 123]
79 : [79, 71, 110, 329, 126]
79 : [79, 45, 329, 111, 69]
80 : [80, 8, 7, 83, 81]
80 : [80, 8, 83, 7, 82]
80 : [80, 8, 86, 81, 91]
80 : [80, 7, 8, 93, 83]
81 : [81, 83, 85, 86, 82]
81 : [81, 86, 80, 83, 82]
81 : [501, 81, 8, 85, 86]
82 : [82, 83, 85, 86, 138]
82 : [82, 85, 81, 86, 83]
82 : [82, 8, 83, 85, 86]
83 : [141, 97, 142, 83, 138]
83 : [83, 138, 80, 21, 86]
83 : [83, 82, 331, 85, 86]
84 : [84, 138, 21, 83, 134]
84 : [84, 86, 80, 83, 8]
84 : [84, 328, 749, 116, 107]
85 : [85, 86, 82, 83, 81]
85 : [85, 86, 83, 97, 81]
85 : [86, 85, 138, 501, 134]
86 : [85, 86, 83, 82, 81]
86 : [86, 85, 83, 81, 80]
86 : [86, 85, 97, 8, 82]
87 : [87, 21, 88, 89, 90]
87 : [87, 23, 88, 21, 80]
87 : [87, 89, 88, 90, 21]
88 : [88, 90, 21, 96, 87]
88 : [88, 90, 87, 89, 21]
88 : [88, 90, 87, 89, 21]
88 : [84, 90, 87, 11, 96]
89 : [89, 88, 87, 21, 134]
89 : [89, 835, 562, 21, 87]
89 : [89, 448, 425, 87, 134]
90 : [90, 21, 91, 92, 87]
90 : [90, 87, 21, 94, 16]
90 : [90, 87, 21, 89, 88]
91 : [91, 16, 21, 18, 95]
91 : [91, 21, 16, 18, 92]
91 : [91, 21, 18, 16, 80]
92 : [92, 95, 16, 21, 94]
92 : [92, 95, 21, 16, 501]
92 : [92, 95, 91, 21, 16]
93 : [93, 18, 21, 134, 8]
93 : [93, 96, 369, 375, 144]
93 : [93, 144, 96, 134, 131]
94 : [94, 92, 95, 21, 20]
94 : [94, 95, 92, 17, 21]
94 : [94, 95, 92, 21, 16]
95 : [95, 91, 92, 16, 21]
95 : [95, 94, 16, 92, 21]
95 : [95, 92, 16, 21, 392]
96 : [96, 93, 18, 21, 91]
96 : [96, 93, 91, 16, 90]
96 : [96, 93, 90, 88, 21]
96 : [96, 93, 91, 92, 955]
97 : [97, 136, 99, 98, 137]
97 : [97, 98, 137, 136, 99]
97 : [97, 136, 99, 137, 100]
98 : [98, 141, 97, 136, 143]
98 : [98, 97, 136, 143, 137]
98 : [98, 141, 143, 133, 138]
99 : [97, 99, 136, 146, 143]
99 : [99, 146, 501, 97, 100]
99 : [134, 127, 99, 21, 138]
100 : [100, 99, 128, 134, 138]
100 : [100, 99, 97, 136, 134]
100 : [100, 137, 99, 97, 136]
102 : [102, 334, 103, 337, 363]
102 : [102, 334, 501, 363, 298]
102 : [102, 334, 363, 361, 362]
103 : [103, 150, 337, 363, 298]
103 : [103, 971, 438, 148, 97]
103 : [5, 390, 103, 29, 329]
104 : [104, 298, 273, 274, 384]
104 : [104, 376, 298, 273, 106]
104 : [104, 489, 105, 63, 369]
104 : [104, 298, 371, 374, 102]
105 : [105, 384, 383, 382, 380]
105 : [105, 104, 383, 260, 373]
105 : [384, 381, 368, 382, 374]
106 : [106, 298, 331, 332, 330]
106 : [106, 337, 341, 298, 336]
106 : [106, 298, 357, 361, 336]
107 : [913, 460, 437, 975, 718]
107 : [712, 971, 538, 107, 556]
107 : [107, 991, 108, 992, 854]
108 : [108, 393, 109, 973, 991]
108 : [107, 393, 328, 108, 991]
108 : [108, 393, 329, 110, 115]
109 : [109, 329, 328, 116, 115]
109 : [6, 149, 107, 801, 109]
109 : [109, 149, 977, 116, 801]
110 : [110, 111, 114, 26, 600]
110 : [5, 110, 115, 116, 329]
110 : [115, 110, 5, 329, 991]
111 : [676, 461, 816, 777, 596]
111 : [501, 111, 712, 107, 971]
111 : [111, 395, 712, 107, 971]
112 : [112, 327, 117, 115, 6]
112 : [6, 119, 390, 327, 36]
112 : [112, 329, 987, 994, 996]
112 : [925, 899, 883, 684, 438]
113 : [113, 114, 112, 117, 116]
113 : [994, 992, 952, 993, 998]
113 : [111, 110, 114, 29, 327]
114 : [114, 111, 110, 115, 113]
114 : [114, 110, 327, 115, 113]
114 : [114, 111, 25, 26, 110]
115 : [115, 110, 329, 111, 116]
115 : [115, 108, 5, 110, 329]
115 : [110, 115, 329, 111, 5]
116 : [56, 65, 58, 60, 79]
116 : [116, 69, 110, 390, 33]
116 : [677, 542, 983, 691, 777]
117 : [677, 596, 783, 506, 883]
117 : [117, 116, 109, 112, 69]
117 : [117, 116, 125, 110, 107]
118 : [118, 121, 119, 125, 120]
118 : [118, 121, 119, 125, 122]
118 : [118, 120, 121, 122, 124]
119 : [119, 120, 125, 71, 305]
119 : [119, 120, 71, 114, 390]
119 : [120, 119, 125, 121, 118]
120 : [119, 121, 118, 120, 123]
120 : [119, 120, 118, 125, 121]
120 : [125, 120, 119, 124, 307]
120 : [119, 125, 120, 123, 122]
121 : [121, 118, 122, 125, 119]
121 : [118, 121, 122, 124, 120]
121 : [121, 119, 125, 118, 120]
122 : [122, 124, 121, 123, 118]
122 : [122, 124, 123, 119, 125]
122 : [122, 124, 123, 119, 120]
123 : [124, 123, 122, 119, 121]
123 : [123, 122, 119, 124, 973]
123 : [115, 108, 110, 393, 5]
124 : [124, 121, 122, 123, 118]
124 : [123, 122, 124, 71, 79]
124 : [260, 258, 203, 389, 189]
125 : [113, 116, 125, 117, 122]
125 : [116, 114, 111, 107, 69]
125 : [125, 327, 5, 114, 116]
126 : [116, 112, 110, 329, 998]
126 : [304, 300, 69, 684, 307]
126 : [125, 69, 126, 124, 116]
127 : [128, 127, 131, 134, 143]
127 : [127, 134, 128, 129, 21]
127 : [127, 128, 134, 138, 129]
128 : [127, 128, 134, 131, 130]
count (test images): 389
Top 1 acc: 67.10%
Mean per class acc: 66.93%
Mean inference time: 1042.32 sec
Top 3 acc: 62.57%
Top 5 acc: 65.69%
100 : [100, 137, 99, 97, 136]
102 : [102, 334, 103, 337, 363]
102 : [102, 334, 501, 363, 298]
102 : [102, 334, 363, 361, 362]
103 : [103, 150, 337, 363, 298]
103 : [103, 971, 438, 148, 97]
103 : [5, 390, 103, 29, 329]
104 : [104, 298, 273, 274, 384]
104 : [104, 376, 298, 273, 106]
104 : [104, 489, 105, 63, 369]
104 : [104, 298, 371, 374, 102]
105 : [105, 384, 383, 382, 380]
105 : [105, 104, 383, 260, 373]
105 : [384, 381, 368, 382, 374]
106 : [106, 298, 331, 332, 330]
106 : [106, 337, 341, 298, 336]
106 : [106, 298, 357, 361, 336]
107 : [913, 460, 437, 975, 718]
107 : [712, 971, 538, 107, 556]
107 : [107, 991, 108, 992, 854]
108 : [108, 393, 109, 973, 991]
108 : [107, 393, 328, 108, 991]
108 : [108, 393, 329, 110, 115]
109 : [109, 329, 328, 116, 115]
109 : [6, 149, 107, 801, 109]
109 : [109, 149, 977, 116, 801]
110 : [110, 111, 114, 26, 600]
110 : [5, 110, 115, 116, 329]
110 : [115, 110, 5, 329, 991]
111 : [676, 461, 816, 777, 596]
111 : [501, 111, 712, 107, 971]
111 : [111, 395, 712, 107, 971]
112 : [112, 327, 117, 115, 6]
112 : [6, 119, 390, 327, 36]
112 : [112, 329, 987, 994, 996]
112 : [925, 899, 883, 684, 438]
113 : [113, 114, 112, 117, 116]
113 : [994, 992, 952, 993, 998]
113 : [111, 110, 114, 29, 327]
114 : [114, 111, 110, 115, 113]
114 : [114, 110, 327, 115, 113]
114 : [114, 111, 25, 26, 110]
115 : [115, 110, 329, 111, 116]
115 : [115, 108, 5, 110, 329]
115 : [110, 115, 329, 111, 5]
116 : [56, 65, 58, 60, 79]
116 : [116, 69, 110, 390, 33]
116 : [677, 542, 983, 691, 777]
117 : [677, 596, 783, 506, 883]
117 : [117, 116, 109, 112, 69]
117 : [117, 116, 125, 110, 107]
118 : [118, 121, 119, 125, 120]
118 : [118, 121, 119, 125, 122]
118 : [118, 120, 121, 122, 124]
119 : [119, 120, 125, 71, 305]
119 : [119, 120, 71, 114, 390]
119 : [120, 119, 125, 121, 118]
120 : [119, 121, 118, 120, 123]
120 : [119, 120, 118, 125, 121]
120 : [125, 120, 119, 124, 307]
120 : [119, 125, 120, 123, 122]
121 : [121, 118, 122, 125, 119]
121 : [118, 121, 122, 124, 120]
121 : [121, 119, 125, 118, 120]
122 : [122, 124, 121, 123, 118]
122 : [122, 124, 123, 119, 125]
122 : [122, 124, 123, 119, 120]
123 : [124, 123, 122, 119, 121]
123 : [123, 122, 119, 124, 973]
123 : [115, 108, 110, 393, 5]
124 : [124, 121, 122, 123, 118]
124 : [123, 122, 124, 71, 79]
124 : [260, 258, 203, 389, 189]
125 : [113, 116, 125, 117, 122]
125 : [116, 114, 111, 107, 69]
125 : [125, 327, 5, 114, 116]
126 : [116, 112, 110, 329, 998]
126 : [304, 300, 69, 684, 307]
126 : [125, 69, 126, 124, 116]
127 : [128, 127, 131, 134, 143]
127 : [127, 134, 128, 129, 21]
127 : [127, 128, 134, 138, 129]
128 : [127, 128, 134, 131, 130]
count (test images): 389
Top 1 acc: 67.10%
Mean per class acc: 66.93%
Mean inference time: 1042.32 sec
Top 3 acc: 62.57%
Top 5 acc: 65.69%
