0 : [394, 390, 4, 65, 389]
0 : [391, 394, 389, 0, 758]
0 : [0, 975, 394, 391, 472]
0 : [0, 395, 394, 1, 389]
1 : [1, 899, 438, 712, 971]
1 : [1, 0, 395, 392, 393]
1 : [1, 389, 395, 392, 391]
2 : [4, 3, 149, 2, 51]
2 : [2, 3, 4, 149, 394]
2 : [2, 3, 4, 389, 149]
3 : [3, 4, 2, 394, 147]
3 : [4, 3, 2, 149, 394]
3 : [3, 2, 4, 394, 147]
4 : [389, 394, 391, 149, 2]
4 : [4, 2, 3, 389, 394]
4 : [110, 29, 115, 390, 27]
5 : [6, 394, 5, 977, 390]
5 : [5, 6, 394, 116, 392]
5 : [5, 973, 109, 115, 329]
6 : [6, 5, 107, 390, 65]
6 : [3, 6, 2, 4, 801]
6 : [5, 6, 115, 110, 329]
7 : [8, 7, 80, 91, 137]
7 : [242, 7, 63, 274, 8]
7 : [502, 8, 630, 514, 7]
8 : [8, 7, 80, 996, 86]
8 : [8, 7, 86, 82, 91]
8 : [8, 7, 86, 85, 80]
8 : [8, 7, 83, 86, 80]
9 : [9, 138, 134, 135, 133]
9 : [837, 836, 676, 917, 664]
9 : [9, 138, 100, 135, 134]
10 : [448, 18, 749, 572, 493]
10 : [12, 15, 11, 10, 13]
10 : [10, 11, 13, 19, 15]
11 : [11, 14, 92, 325, 86]
11 : [11, 16, 92, 14, 95]
11 : [11, 92, 90, 16, 14]
12 : [12, 14, 13, 16, 15]
12 : [12, 10, 14, 13, 16]
12 : [12, 14, 91, 17, 10]
13 : [13, 14, 12, 15, 16]
13 : [13, 14, 16, 12, 15]
13 : [14, 13, 11, 17, 16]
14 : [14, 11, 16, 448, 13]
14 : [14, 494, 448, 11, 12]
14 : [14, 16, 17, 12, 95]
15 : [15, 16, 95, 91, 17]
15 : [15, 14, 95, 17, 91]
15 : [15, 16, 20, 95, 14]
16 : [16, 95, 91, 17, 13]
16 : [16, 95, 17, 91, 18]
16 : [16, 95, 91, 14, 17]
16 : [91, 95, 16, 18, 17]
17 : [17, 16, 18, 95, 11]
17 : [17, 16, 11, 95, 18]
17 : [17, 18, 448, 11, 16]
18 : [18, 134, 17, 91, 16]
18 : [18, 80, 134, 143, 17]
18 : [18, 17, 91, 16, 15]
19 : [19, 17, 16, 95, 91]
19 : [19, 13, 16, 10, 17]
19 : [19, 17, 16, 94, 92]
20 : [360, 20, 391, 58, 150]
20 : [20, 15, 16, 18, 95]
20 : [20, 542, 952, 950, 224]
21 : [21, 23, 134, 128, 80]
21 : [22, 21, 23, 134, 133]
21 : [21, 23, 22, 134, 128]
22 : [22, 21, 23, 733, 91]
22 : [22, 21, 23, 134, 146]
22 : [22, 23, 21, 93, 134]
23 : [23, 128, 80, 93, 91]
23 : [23, 128, 127, 134, 80]
23 : [23, 22, 21, 128, 134]
24 : [24, 82, 83, 21, 86]
24 : [24, 82, 21, 86, 85]
24 : [24, 21, 83, 82, 85]
24 : [24, 82, 21, 83, 86]
25 : [25, 28, 53, 32, 59]
25 : [25, 28, 38, 45, 27]
25 : [45, 25, 28, 27, 44]
26 : [28, 27, 390, 26, 395]
26 : [25, 45, 28, 56, 38]
26 : [26, 27, 28, 38, 110]
27 : [26, 27, 25, 38, 28]
27 : [27, 26, 60, 38, 42]
27 : [26, 27, 110, 28, 25]
28 : [28, 25, 26, 27, 53]
28 : [45, 390, 114, 111, 47]
28 : [28, 25, 390, 27, 26]
29 : [29, 390, 27, 26, 397]
29 : [29, 397, 5, 395, 115]
29 : [29, 115, 108, 107, 991]
30 : [30, 32, 31, 26, 35]
30 : [337, 131, 136, 975, 360]
30 : [30, 32, 31, 28, 49]
31 : [31, 32, 40, 30, 46]
31 : [32, 30, 31, 26, 27]
31 : [31, 32, 30, 28, 27]
32 : [114, 111, 27, 26, 390]
32 : [32, 26, 31, 114, 30]
32 : [32, 30, 29, 327, 27]
32 : [32, 25, 26, 28, 31]
33 : [33, 34, 36, 35, 6]
33 : [33, 34, 36, 35, 37]
33 : [33, 34, 35, 36, 149]
34 : [34, 36, 35, 33, 6]
34 : [34, 33, 147, 48, 36]
34 : [34, 978, 977, 460, 33]
35 : [35, 36, 37, 34, 306]
35 : [35, 36, 37, 33, 34]
35 : [35, 37, 36, 34, 33]
36 : [37, 35, 36, 33, 34]
36 : [37, 34, 35, 36, 904]
36 : [35, 36, 37, 45, 103]
37 : [37, 36, 33, 35, 34]
37 : [37, 36, 35, 33, 34]
37 : [37, 35, 36, 33, 34]
38 : [38, 28, 27, 26, 111]
38 : [38, 43, 42, 66, 41]
38 : [43, 41, 66, 46, 48]
39 : [46, 39, 47, 43, 44]
39 : [39, 47, 31, 32, 44]
39 : [39, 48, 43, 47, 41]
40 : [40, 46, 41, 31, 44]
40 : [40, 46, 32, 55, 59]
40 : [46, 40, 39, 47, 27]
40 : [40, 46, 42, 26, 41]
41 : [41, 46, 42, 40, 47]
41 : [59, 57, 58, 44, 43]
41 : [41, 38, 46, 44, 26]
42 : [41, 42, 43, 46, 40]
42 : [28, 43, 27, 44, 42]
42 : [43, 41, 44, 42, 46]
43 : [42, 43, 47, 41, 46]
43 : [43, 316, 318, 950, 66]
43 : [43, 42, 39, 41, 44]
44 : [61, 52, 63, 54, 58]
44 : [44, 41, 46, 43, 68]
44 : [52, 68, 60, 63, 57]
45 : [45, 41, 56, 42, 44]
45 : [45, 102, 42, 50, 60]
45 : [45, 38, 27, 44, 42]
46 : [40, 46, 47, 26, 42]
46 : [46, 40, 489, 39, 47]
46 : [44, 46, 42, 41, 60]
47 : [47, 95, 64, 40, 92]
47 : [47, 43, 48, 42, 41]
47 : [47, 40, 46, 42, 43]
48 : [48, 43, 47, 39, 49]
48 : [48, 43, 42, 47, 39]
48 : [48, 62, 43, 39, 42]
48 : [48, 39, 42, 41, 50]
49 : [30, 103, 50, 35, 36]
49 : [142, 133, 137, 141, 98]
49 : [58, 50, 103, 49, 27]
50 : [50, 49, 44, 58, 48]
50 : [50, 49, 44, 48, 394]
50 : [50, 49, 58, 394, 103]
51 : [51, 69, 117, 306, 122]
51 : [51, 649, 863, 724, 643]
51 : [51, 649, 607, 684, 863]
52 : [53, 58, 56, 54, 60]
52 : [58, 52, 53, 54, 60]
52 : [53, 58, 59, 52, 65]
53 : [52, 57, 54, 65, 59]
53 : [65, 53, 52, 58, 395]
53 : [57, 60, 52, 54, 59]
54 : [67, 68, 54, 58, 60]
54 : [54, 57, 68, 52, 58]
54 : [52, 59, 54, 58, 68]
55 : [55, 57, 59, 53, 54]
55 : [55, 64, 60, 59, 54]
55 : [59, 60, 53, 54, 55]
56 : [58, 52, 53, 59, 56]
56 : [56, 65, 59, 52, 58]
56 : [56, 54, 59, 53, 63]
56 : [59, 60, 61, 57, 52]
57 : [57, 59, 52, 54, 68]
57 : [57, 59, 53, 54, 58]
57 : [59, 57, 54, 60, 58]
58 : [58, 62, 65, 68, 59]
58 : [107, 58, 6, 974, 390]
58 : [58, 27, 54, 59, 52]
59 : [55, 64, 57, 59, 60]
59 : [55, 64, 59, 40, 317]
59 : [55, 64, 59, 57, 53]
60 : [61, 62, 65, 63, 60]
60 : [59, 62, 52, 60, 54]
60 : [54, 60, 57, 58, 59]
61 : [62, 61, 65, 58, 68]
61 : [59, 62, 60, 58, 67]
61 : [62, 61, 58, 63, 65]
62 : [68, 67, 62, 59, 54]
62 : [62, 61, 60, 63, 67]
62 : [60, 57, 59, 63, 52]
63 : [60, 58, 53, 62, 54]
63 : [60, 674, 827, 63, 406]
63 : [53, 63, 58, 57, 60]
64 : [64, 55, 59, 46, 40]
64 : [64, 55, 997, 46, 53]
64 : [64, 55, 54, 59, 57]
64 : [59, 58, 54, 57, 64]
65 : [983, 65, 801, 390, 395]
65 : [65, 5, 110, 329, 801]
65 : [65, 58, 56, 52, 57]
66 : [68, 67, 66, 54, 61]
66 : [68, 67, 66, 54, 62]
66 : [66, 38, 44, 60, 32]
67 : [67, 60, 68, 54, 63]
67 : [68, 67, 60, 61, 63]
67 : [68, 67, 54, 52, 59]
68 : [68, 54, 60, 52, 65]
68 : [67, 62, 63, 68, 45]
68 : [68, 54, 67, 60, 62]
69 : [69, 112, 542, 429, 676]
69 : [69, 126, 976, 451, 114]
69 : [993, 524, 992, 322, 883]
70 : [70, 73, 313, 75, 815]
70 : [70, 79, 313, 77, 120]
70 : [70, 313, 75, 310, 73]
71 : [71, 79, 120, 124, 315]
71 : [71, 79, 124, 313, 27]
71 : [712, 923, 470, 542, 674]
72 : [72, 73, 74, 815, 77]
72 : [72, 73, 74, 815, 75]
72 : [72, 74, 815, 73, 77]
72 : [72, 74, 73, 77, 815]
73 : [73, 72, 74, 77, 75]
73 : [815, 73, 72, 716, 723]
73 : [77, 73, 72, 74, 70]
74 : [72, 74, 73, 815, 77]
74 : [72, 74, 73, 77, 76]
74 : [304, 317, 126, 301, 114]
75 : [75, 70, 73, 77, 74]
75 : [73, 70, 313, 310, 77]
75 : [75, 73, 74, 72, 76]
76 : [76, 73, 75, 79, 77]
76 : [76, 77, 71, 311, 42]
76 : [76, 73, 77, 74, 72]
77 : [77, 73, 71, 312, 307]
77 : [76, 78, 79, 307, 75]
77 : [73, 77, 74, 72, 76]
78 : [78, 302, 304, 307, 314]
78 : [75, 119, 123, 122, 71]
78 : [78, 304, 73, 302, 307]
79 : [79, 313, 123, 111, 124]
79 : [79, 126, 71, 329, 110]
79 : [79, 45, 52, 69, 329]
80 : [80, 8, 83, 81, 7]
80 : [80, 8, 83, 7, 86]
80 : [80, 8, 86, 81, 83]
80 : [80, 7, 93, 8, 84]
81 : [83, 81, 86, 85, 331]
81 : [81, 86, 80, 83, 138]
81 : [8, 85, 81, 86, 87]
82 : [82, 83, 85, 86, 138]
82 : [82, 85, 83, 81, 86]
82 : [82, 83, 85, 81, 86]
83 : [83, 138, 142, 141, 133]
83 : [83, 138, 21, 80, 86]
83 : [82, 83, 141, 331, 142]
84 : [84, 138, 134, 9, 21]
84 : [84, 86, 80, 8, 7]
84 : [84, 944, 552, 328, 749]
85 : [85, 86, 82, 83, 81]
85 : [85, 86, 81, 83, 133]
85 : [86, 85, 17, 134, 138]
86 : [85, 86, 83, 81, 82]
86 : [86, 85, 83, 81, 80]
86 : [86, 85, 97, 8, 80]
87 : [87, 88, 89, 90, 21]
87 : [87, 88, 23, 80, 8]
87 : [87, 89, 88, 90, 21]
88 : [88, 90, 21, 87, 89]
88 : [88, 90, 87, 89, 96]
88 : [88, 90, 87, 89, 96]
88 : [84, 90, 96, 87, 11]
89 : [89, 88, 87, 134, 21]
89 : [89, 16, 572, 448, 87]
89 : [89, 448, 87, 134, 425]
90 : [90, 92, 91, 21, 87]
90 : [90, 87, 94, 21, 92]
90 : [90, 87, 89, 88, 92]
91 : [91, 16, 18, 95, 92]
91 : [91, 16, 92, 18, 95]
91 : [91, 80, 18, 16, 21]
92 : [92, 95, 16, 91, 94]
92 : [92, 95, 16, 91, 90]
92 : [92, 91, 95, 16, 749]
93 : [93, 18, 134, 21, 91]
93 : [93, 96, 375, 369, 23]
93 : [93, 96, 144, 134, 89]
94 : [94, 92, 95, 20, 140]
94 : [94, 95, 92, 17, 16]
94 : [94, 95, 92, 16, 14]
95 : [95, 91, 92, 16, 17]
95 : [95, 94, 16, 92, 91]
95 : [92, 95, 16, 91, 94]
96 : [96, 93, 18, 91, 21]
96 : [96, 93, 91, 16, 90]
96 : [96, 93, 90, 375, 88]
96 : [96, 93, 92, 91, 955]
97 : [97, 99, 136, 137, 98]
97 : [97, 98, 136, 99, 137]
97 : [97, 136, 99, 137, 100]
0 : [394, 390, 4, 65, 389]
0 : [391, 394, 389, 0, 758]
0 : [0, 975, 394, 391, 472]
0 : [0, 395, 394, 1, 389]
1 : [1, 899, 438, 712, 971]
1 : [1, 0, 395, 392, 393]
1 : [1, 389, 395, 392, 391]
2 : [4, 3, 149, 2, 51]
2 : [2, 3, 4, 149, 394]
2 : [2, 3, 4, 389, 149]
3 : [3, 4, 2, 394, 147]
3 : [4, 3, 2, 149, 394]
3 : [3, 2, 4, 394, 147]
4 : [389, 394, 391, 149, 2]
4 : [4, 2, 3, 389, 394]
4 : [110, 29, 115, 390, 27]
5 : [6, 394, 5, 977, 390]
5 : [5, 6, 394, 116, 392]
5 : [5, 973, 109, 115, 329]
6 : [6, 5, 107, 390, 65]
6 : [3, 6, 2, 4, 801]
6 : [5, 6, 115, 110, 329]
7 : [8, 7, 80, 91, 137]
7 : [242, 7, 63, 274, 8]
7 : [502, 8, 630, 514, 7]
8 : [8, 7, 80, 996, 86]
8 : [8, 7, 86, 82, 91]
8 : [8, 7, 86, 85, 80]
8 : [8, 7, 83, 86, 80]
9 : [9, 138, 134, 135, 133]
9 : [837, 836, 676, 917, 664]
9 : [9, 138, 100, 135, 134]
10 : [448, 18, 749, 572, 493]
10 : [12, 15, 11, 10, 13]
10 : [10, 11, 13, 19, 15]
11 : [11, 14, 92, 325, 86]
11 : [11, 16, 92, 14, 95]
11 : [11, 92, 90, 16, 14]
12 : [12, 14, 13, 16, 15]
12 : [12, 10, 14, 13, 16]
12 : [12, 14, 91, 17, 10]
13 : [13, 14, 12, 15, 16]
13 : [13, 14, 16, 12, 15]
13 : [14, 13, 11, 17, 16]
14 : [14, 11, 16, 448, 13]
14 : [14, 494, 448, 11, 12]
14 : [14, 16, 17, 12, 95]
15 : [15, 16, 95, 91, 17]
15 : [15, 14, 95, 17, 91]
15 : [15, 16, 20, 95, 14]
16 : [16, 95, 91, 17, 13]
16 : [16, 95, 17, 91, 18]
16 : [16, 95, 91, 14, 17]
16 : [91, 95, 16, 18, 17]
17 : [17, 16, 18, 95, 11]
17 : [17, 16, 11, 95, 18]
17 : [17, 18, 448, 11, 16]
18 : [18, 134, 17, 91, 16]
18 : [18, 80, 134, 143, 17]
18 : [18, 17, 91, 16, 15]
19 : [19, 17, 16, 95, 91]
19 : [19, 13, 16, 10, 17]
19 : [19, 17, 16, 94, 92]
20 : [360, 20, 391, 58, 150]
20 : [20, 15, 16, 18, 95]
20 : [20, 542, 952, 950, 224]
21 : [21, 23, 134, 128, 80]
21 : [22, 21, 23, 134, 133]
21 : [21, 23, 22, 134, 128]
22 : [22, 21, 23, 733, 91]
22 : [22, 21, 23, 134, 146]
22 : [22, 23, 21, 93, 134]
23 : [23, 128, 80, 93, 91]
23 : [23, 128, 127, 134, 80]
23 : [23, 22, 21, 128, 134]
24 : [24, 82, 83, 21, 86]
24 : [24, 82, 21, 86, 85]
24 : [24, 21, 83, 82, 85]
24 : [24, 82, 21, 83, 86]
25 : [25, 28, 53, 32, 59]
25 : [25, 28, 38, 45, 27]
25 : [45, 25, 28, 27, 44]
26 : [28, 27, 390, 26, 395]
26 : [25, 45, 28, 56, 38]
26 : [26, 27, 28, 38, 110]
27 : [26, 27, 25, 38, 28]
27 : [27, 26, 60, 38, 42]
27 : [26, 27, 110, 28, 25]
28 : [28, 25, 26, 27, 53]
28 : [45, 390, 114, 111, 47]
28 : [28, 25, 390, 27, 26]
29 : [29, 390, 27, 26, 397]
29 : [29, 397, 5, 395, 115]
29 : [29, 115, 108, 107, 991]
30 : [30, 32, 31, 26, 35]
30 : [337, 131, 136, 975, 360]
30 : [30, 32, 31, 28, 49]
31 : [31, 32, 40, 30, 46]
31 : [32, 30, 31, 26, 27]
31 : [31, 32, 30, 28, 27]
32 : [114, 111, 27, 26, 390]
32 : [32, 26, 31, 114, 30]
32 : [32, 30, 29, 327, 27]
32 : [32, 25, 26, 28, 31]
33 : [33, 34, 36, 35, 6]
33 : [33, 34, 36, 35, 37]
33 : [33, 34, 35, 36, 149]
34 : [34, 36, 35, 33, 6]
34 : [34, 33, 147, 48, 36]
34 : [34, 978, 977, 460, 33]
35 : [35, 36, 37, 34, 306]
35 : [35, 36, 37, 33, 34]
35 : [35, 37, 36, 34, 33]
36 : [37, 35, 36, 33, 34]
36 : [37, 34, 35, 36, 904]
36 : [35, 36, 37, 45, 103]
37 : [37, 36, 33, 35, 34]
37 : [37, 36, 35, 33, 34]
37 : [37, 35, 36, 33, 34]
38 : [38, 28, 27, 26, 111]
38 : [38, 43, 42, 66, 41]
38 : [43, 41, 66, 46, 48]
39 : [46, 39, 47, 43, 44]
39 : [39, 47, 31, 32, 44]
39 : [39, 48, 43, 47, 41]
40 : [40, 46, 41, 31, 44]
40 : [40, 46, 32, 55, 59]
40 : [46, 40, 39, 47, 27]
40 : [40, 46, 42, 26, 41]
41 : [41, 46, 42, 40, 47]
41 : [59, 57, 58, 44, 43]
41 : [41, 38, 46, 44, 26]
42 : [41, 42, 43, 46, 40]
42 : [28, 43, 27, 44, 42]
42 : [43, 41, 44, 42, 46]
43 : [42, 43, 47, 41, 46]
43 : [43, 316, 318, 950, 66]
43 : [43, 42, 39, 41, 44]
44 : [61, 52, 63, 54, 58]
44 : [44, 41, 46, 43, 68]
44 : [52, 68, 60, 63, 57]
45 : [45, 41, 56, 42, 44]
45 : [45, 102, 42, 50, 60]
45 : [45, 38, 27, 44, 42]
46 : [40, 46, 47, 26, 42]
46 : [46, 40, 489, 39, 47]
46 : [44, 46, 42, 41, 60]
47 : [47, 95, 64, 40, 92]
47 : [47, 43, 48, 42, 41]
47 : [47, 40, 46, 42, 43]
48 : [48, 43, 47, 39, 49]
48 : [48, 43, 42, 47, 39]
48 : [48, 62, 43, 39, 42]
48 : [48, 39, 42, 41, 50]
49 : [30, 103, 50, 35, 36]
49 : [142, 133, 137, 141, 98]
49 : [58, 50, 103, 49, 27]
50 : [50, 49, 44, 58, 48]
50 : [50, 49, 44, 48, 394]
50 : [50, 49, 58, 394, 103]
51 : [51, 69, 117, 306, 122]
51 : [51, 649, 863, 724, 643]
51 : [51, 649, 607, 684, 863]
52 : [53, 58, 56, 54, 60]
52 : [58, 52, 53, 54, 60]
52 : [53, 58, 59, 52, 65]
53 : [52, 57, 54, 65, 59]
53 : [65, 53, 52, 58, 395]
53 : [57, 60, 52, 54, 59]
54 : [67, 68, 54, 58, 60]
54 : [54, 57, 68, 52, 58]
54 : [52, 59, 54, 58, 68]
55 : [55, 57, 59, 53, 54]
55 : [55, 64, 60, 59, 54]
55 : [59, 60, 53, 54, 55]
56 : [58, 52, 53, 59, 56]
56 : [56, 65, 59, 52, 58]
56 : [56, 54, 59, 53, 63]
56 : [59, 60, 61, 57, 52]
57 : [57, 59, 52, 54, 68]
57 : [57, 59, 53, 54, 58]
57 : [59, 57, 54, 60, 58]
58 : [58, 62, 65, 68, 59]
58 : [107, 58, 6, 974, 390]
58 : [58, 27, 54, 59, 52]
59 : [55, 64, 57, 59, 60]
59 : [55, 64, 59, 40, 317]
59 : [55, 64, 59, 57, 53]
60 : [61, 62, 65, 63, 60]
60 : [59, 62, 52, 60, 54]
60 : [54, 60, 57, 58, 59]
61 : [62, 61, 65, 58, 68]
61 : [59, 62, 60, 58, 67]
61 : [62, 61, 58, 63, 65]
62 : [68, 67, 62, 59, 54]
62 : [62, 61, 60, 63, 67]
62 : [60, 57, 59, 63, 52]
63 : [60, 58, 53, 62, 54]
63 : [60, 674, 827, 63, 406]
63 : [53, 63, 58, 57, 60]
64 : [64, 55, 59, 46, 40]
64 : [64, 55, 997, 46, 53]
64 : [64, 55, 54, 59, 57]
64 : [59, 58, 54, 57, 64]
65 : [983, 65, 801, 390, 395]
65 : [65, 5, 110, 329, 801]
65 : [65, 58, 56, 52, 57]
66 : [68, 67, 66, 54, 61]
66 : [68, 67, 66, 54, 62]
66 : [66, 38, 44, 60, 32]
67 : [67, 60, 68, 54, 63]
67 : [68, 67, 60, 61, 63]
67 : [68, 67, 54, 52, 59]
68 : [68, 54, 60, 52, 65]
68 : [67, 62, 63, 68, 45]
68 : [68, 54, 67, 60, 62]
69 : [69, 112, 542, 429, 676]
69 : [69, 126, 976, 451, 114]
69 : [993, 524, 992, 322, 883]
70 : [70, 73, 313, 75, 815]
70 : [70, 79, 313, 77, 120]
70 : [70, 313, 75, 310, 73]
71 : [71, 79, 120, 124, 315]
71 : [71, 79, 124, 313, 27]
71 : [712, 923, 470, 542, 674]
72 : [72, 73, 74, 815, 77]
72 : [72, 73, 74, 815, 75]
72 : [72, 74, 815, 73, 77]
72 : [72, 74, 73, 77, 815]
73 : [73, 72, 74, 77, 75]
73 : [815, 73, 72, 716, 723]
73 : [77, 73, 72, 74, 70]
74 : [72, 74, 73, 815, 77]
74 : [72, 74, 73, 77, 76]
74 : [304, 317, 126, 301, 114]
75 : [75, 70, 73, 77, 74]
75 : [73, 70, 313, 310, 77]
75 : [75, 73, 74, 72, 76]
76 : [76, 73, 75, 79, 77]
76 : [76, 77, 71, 311, 42]
76 : [76, 73, 77, 74, 72]
77 : [77, 73, 71, 312, 307]
77 : [76, 78, 79, 307, 75]
77 : [73, 77, 74, 72, 76]
78 : [78, 302, 304, 307, 314]
78 : [75, 119, 123, 122, 71]
78 : [78, 304, 73, 302, 307]
79 : [79, 313, 123, 111, 124]
79 : [79, 126, 71, 329, 110]
79 : [79, 45, 52, 69, 329]
80 : [80, 8, 83, 81, 7]
80 : [80, 8, 83, 7, 86]
80 : [80, 8, 86, 81, 83]
80 : [80, 7, 93, 8, 84]
81 : [83, 81, 86, 85, 331]
81 : [81, 86, 80, 83, 138]
81 : [8, 85, 81, 86, 87]
82 : [82, 83, 85, 86, 138]
82 : [82, 85, 83, 81, 86]
82 : [82, 83, 85, 81, 86]
83 : [83, 138, 142, 141, 133]
83 : [83, 138, 21, 80, 86]
83 : [82, 83, 141, 331, 142]
84 : [84, 138, 134, 9, 21]
84 : [84, 86, 80, 8, 7]
84 : [84, 944, 552, 328, 749]
85 : [85, 86, 82, 83, 81]
85 : [85, 86, 81, 83, 133]
85 : [86, 85, 17, 134, 138]
86 : [85, 86, 83, 81, 82]
86 : [86, 85, 83, 81, 80]
86 : [86, 85, 97, 8, 80]
87 : [87, 88, 89, 90, 21]
87 : [87, 88, 23, 80, 8]
87 : [87, 89, 88, 90, 21]
88 : [88, 90, 21, 87, 89]
88 : [88, 90, 87, 89, 96]
88 : [88, 90, 87, 89, 96]
88 : [84, 90, 96, 87, 11]
89 : [89, 88, 87, 134, 21]
89 : [89, 16, 572, 448, 87]
89 : [89, 448, 87, 134, 425]
90 : [90, 92, 91, 21, 87]
90 : [90, 87, 94, 21, 92]
90 : [90, 87, 89, 88, 92]
91 : [91, 16, 18, 95, 92]
91 : [91, 16, 92, 18, 95]
91 : [91, 80, 18, 16, 21]
92 : [92, 95, 16, 91, 94]
92 : [92, 95, 16, 91, 90]
92 : [92, 91, 95, 16, 749]
93 : [93, 18, 134, 21, 91]
93 : [93, 96, 375, 369, 23]
93 : [93, 96, 144, 134, 89]
94 : [94, 92, 95, 20, 140]
94 : [94, 95, 92, 17, 16]
94 : [94, 95, 92, 16, 14]
95 : [95, 91, 92, 16, 17]
95 : [95, 94, 16, 92, 91]
95 : [92, 95, 16, 91, 94]
96 : [96, 93, 18, 91, 21]
96 : [96, 93, 91, 16, 90]
96 : [96, 93, 90, 375, 88]
96 : [96, 93, 92, 91, 955]
97 : [97, 99, 136, 137, 98]
97 : [97, 98, 136, 99, 137]
97 : [97, 136, 99, 137, 100]
98 : [98, 138, 133, 100, 128]
98 : [98, 136, 143, 137, 97]
98 : [98, 143, 133, 138, 136]
99 : [99, 97, 143, 136, 137]
99 : [99, 146, 97, 138, 100]
99 : [127, 134, 99, 129, 138]
100 : [100, 99, 128, 134, 137]
100 : [100, 99, 97, 136, 138]
100 : [100, 97, 137, 99, 136]
101 : [386, 101, 385, 343, 372]
101 : [385, 101, 386, 775, 978]
101 : [385, 386, 101, 916, 775]
102 : [102, 334, 337, 298, 103]
102 : [102, 334, 363, 298, 337]
102 : [102, 334, 363, 361, 103]
103 : [103, 150, 337, 363, 298]
103 : [103, 971, 438, 712, 148]
103 : [103, 5, 390, 29, 329]
104 : [104, 384, 335, 298, 273]
104 : [104, 376, 298, 273, 382]
104 : [104, 63, 384, 489, 332]
104 : [104, 371, 298, 106, 363]
105 : [105, 384, 383, 380, 382]
105 : [105, 104, 383, 373, 332]
105 : [381, 382, 384, 368, 380]
106 : [106, 332, 336, 298, 331]
106 : [106, 337, 298, 341, 338]
106 : [106, 298, 104, 357, 335]
107 : [975, 978, 913, 460, 718]
107 : [712, 971, 908, 538, 107]
107 : [107, 991, 974, 108, 853]
108 : [108, 973, 109, 991, 115]
108 : [107, 328, 108, 110, 991]
108 : [108, 329, 110, 973, 393]
109 : [109, 973, 329, 328, 397]
109 : [6, 107, 109, 801, 5]
109 : [109, 149, 116, 6, 801]
110 : [110, 114, 111, 600, 26]
110 : [5, 115, 110, 329, 991]
110 : [115, 110, 5, 109, 329]
111 : [676, 111, 816, 596, 777]
111 : [111, 712, 107, 971, 977]
111 : [111, 712, 107, 395, 390]
112 : [112, 117, 327, 115, 6]
112 : [6, 119, 58, 390, 327]
112 : [112, 998, 329, 987, 994]
112 : [925, 112, 883, 899, 809]
113 : [113, 114, 117, 112, 115]
113 : [113, 114, 115, 994, 992]
113 : [110, 111, 114, 327, 115]
114 : [114, 111, 110, 115, 329]
114 : [114, 110, 327, 113, 994]
114 : [114, 53, 110, 25, 26]
115 : [115, 329, 110, 111, 116]
115 : [115, 108, 5, 110, 329]
115 : [110, 115, 329, 5, 327]
116 : [65, 56, 58, 79, 57]
116 : [116, 69, 110, 390, 33]
116 : [990, 75, 677, 116, 69]
117 : [677, 783, 596, 992, 117]
117 : [117, 109, 112, 116, 69]
117 : [117, 125, 116, 115, 107]
118 : [118, 121, 119, 122, 120]
118 : [118, 121, 119, 122, 120]
118 : [118, 122, 124, 121, 120]
119 : [119, 120, 124, 125, 71]
119 : [119, 120, 71, 114, 390]
119 : [120, 119, 125, 118, 124]
120 : [119, 118, 121, 120, 123]
120 : [119, 120, 118, 125, 121]
120 : [125, 120, 119, 124, 307]
120 : [119, 123, 124, 122, 121]
121 : [121, 118, 122, 119, 124]
121 : [118, 121, 122, 119, 120]
121 : [121, 119, 118, 125, 120]
122 : [122, 124, 118, 121, 123]
122 : [122, 124, 119, 125, 118]
122 : [122, 124, 123, 119, 120]
123 : [122, 124, 123, 119, 71]
123 : [123, 122, 124, 119, 125]
123 : [115, 108, 110, 5, 392]
124 : [124, 121, 122, 118, 766]
124 : [123, 122, 124, 71, 79]
124 : [203, 186, 185, 258, 987]
125 : [113, 125, 117, 126, 122]
125 : [114, 111, 116, 125, 126]
125 : [122, 114, 125, 116, 327]
126 : [112, 110, 116, 329, 961]
126 : [684, 304, 69, 300, 125]
126 : [126, 125, 69, 116, 124]
127 : [128, 127, 131, 134, 129]
127 : [128, 134, 127, 129, 9]
127 : [127, 134, 128, 138, 129]
128 : [127, 128, 134, 130, 131]
128 : [128, 134, 127, 143, 98]
128 : [128, 127, 134, 129, 138]
128 : [128, 134, 138, 133, 127]
129 : [129, 127, 134, 128, 131]
129 : [129, 130, 127, 134, 128]
129 : [129, 127, 134, 128, 130]
130 : [130, 129, 127, 89, 146]
130 : [130, 134, 129, 782, 789]
130 : [130, 127, 134, 128, 129]
131 : [131, 136, 137, 129, 142]
131 : [131, 133, 128, 134, 135]
131 : [131, 134, 128, 133, 135]
132 : [132, 131, 127, 134, 129]
132 : [132, 131, 127, 134, 129]
132 : [132, 129, 127, 134, 146]
133 : [133, 131, 136, 132, 98]
133 : [133, 131, 134, 136, 142]
133 : [133, 134, 135, 138, 82]
134 : [134, 128, 129, 130, 127]
134 : [134, 9, 100, 135, 129]
134 : [131, 132, 134, 133, 129]
135 : [135, 128, 133, 142, 134]
135 : [135, 128, 134, 127, 138]
135 : [138, 133, 135, 128, 127]
136 : [86, 137, 96, 134, 80]
136 : [136, 8, 137, 143, 80]
136 : [136, 84, 137, 134, 86]
136 : [136, 137, 134, 80, 128]
137 : [137, 136, 97, 98, 129]
137 : [137, 136, 100, 143, 80]
137 : [137, 136, 80, 100, 99]
138 : [138, 9, 134, 133, 80]
138 : [138, 133, 134, 9, 135]
138 : [138, 81, 146, 133, 103]
139 : [139, 140, 142, 141, 143]
139 : [139, 142, 141, 140, 143]
139 : [139, 140, 141, 143, 142]
140 : [140, 142, 141, 139, 143]
140 : [140, 141, 139, 142, 138]
140 : [140, 142, 141, 139, 20]
141 : [141, 142, 140, 135, 133]
141 : [141, 142, 133, 136, 138]
141 : [141, 142, 133, 143, 135]
142 : [142, 141, 133, 136, 140]
142 : [142, 141, 140, 139, 143]
142 : [142, 141, 140, 139, 133]
143 : [143, 128, 141, 146, 136]
143 : [143, 141, 136, 142, 137]
143 : [143, 139, 141, 128, 142]
144 : [144, 128, 129, 133, 146]
144 : [144, 127, 128, 134, 23]
144 : [144, 100, 146, 460, 871]
144 : [144, 146, 143, 100, 98]
145 : [145, 81, 391, 146, 976]
145 : [145, 150, 103, 20, 80]
145 : [145, 97, 98, 99, 136]
146 : [146, 98, 137, 136, 97]
146 : [146, 21, 128, 23, 143]
146 : [146, 130, 134, 127, 129]
147 : [147, 148, 2, 34, 150]
147 : [814, 484, 147, 977, 913]
147 : [147, 148, 150, 34, 2]
148 : [148, 2, 147, 4, 3]
148 : [148, 2, 147, 3, 4]
148 : [148, 147, 2, 150, 149]
149 : [149, 801, 147, 4, 445]
149 : [103, 954, 114, 126, 658]
149 : [149, 150, 6, 390, 5]
150 : [150, 337, 360, 103, 148]
150 : [150, 390, 149, 103, 6]
150 : [150, 103, 148, 149, 2]
151 : [253, 158, 151, 225, 186]
151 : [151, 158, 237, 195, 268]
151 : [151, 268, 224, 158, 537]
152 : [152, 154, 156, 155, 568]
152 : [229, 204, 155, 200, 194]
152 : [155, 204, 153, 262, 200]
152 : [152, 154, 157, 155, 156]
153 : [153, 204, 155, 194, 203]
153 : [265, 203, 204, 194, 202]
153 : [153, 265, 266, 194, 155]
154 : [154, 254, 155, 262, 156]
154 : [154, 152, 155, 260, 254]
154 : [154, 155, 369, 262, 157]
count (test images): 485
Top 1 acc: 70.93%
Mean per class acc: 70.75%
Mean inference time: 1601.21 sec
Top 3 acc: 65.31%
Top 5 acc: 68.91%
98 : [98, 138, 133, 100, 128]
98 : [98, 136, 143, 137, 97]
98 : [98, 143, 133, 138, 136]
99 : [99, 97, 143, 136, 137]
99 : [99, 146, 97, 138, 100]
99 : [127, 134, 99, 129, 138]
100 : [100, 99, 128, 134, 137]
100 : [100, 99, 97, 136, 138]
100 : [100, 97, 137, 99, 136]
101 : [386, 101, 385, 343, 372]
101 : [385, 101, 386, 775, 978]
101 : [385, 386, 101, 916, 775]
102 : [102, 334, 337, 298, 103]
102 : [102, 334, 363, 298, 337]
102 : [102, 334, 363, 361, 103]
103 : [103, 150, 337, 363, 298]
103 : [103, 971, 438, 712, 148]
103 : [103, 5, 390, 29, 329]
104 : [104, 384, 335, 298, 273]
104 : [104, 376, 298, 273, 382]
104 : [104, 63, 384, 489, 332]
104 : [104, 371, 298, 106, 363]
105 : [105, 384, 383, 380, 382]
105 : [105, 104, 383, 373, 332]
105 : [381, 382, 384, 368, 380]
106 : [106, 332, 336, 298, 331]
106 : [106, 337, 298, 341, 338]
106 : [106, 298, 104, 357, 335]
107 : [975, 978, 913, 460, 718]
107 : [712, 971, 908, 538, 107]
107 : [107, 991, 974, 108, 853]
108 : [108, 973, 109, 991, 115]
108 : [107, 328, 108, 110, 991]
108 : [108, 329, 110, 973, 393]
109 : [109, 973, 329, 328, 397]
109 : [6, 107, 109, 801, 5]
109 : [109, 149, 116, 6, 801]
110 : [110, 114, 111, 600, 26]
110 : [5, 115, 110, 329, 991]
110 : [115, 110, 5, 109, 329]
111 : [676, 111, 816, 596, 777]
111 : [111, 712, 107, 971, 977]
111 : [111, 712, 107, 395, 390]
112 : [112, 117, 327, 115, 6]
112 : [6, 119, 58, 390, 327]
112 : [112, 998, 329, 987, 994]
112 : [925, 112, 883, 899, 809]
113 : [113, 114, 117, 112, 115]
113 : [113, 114, 115, 994, 992]
113 : [110, 111, 114, 327, 115]
114 : [114, 111, 110, 115, 329]
114 : [114, 110, 327, 113, 994]
114 : [114, 53, 110, 25, 26]
115 : [115, 329, 110, 111, 116]
115 : [115, 108, 5, 110, 329]
115 : [110, 115, 329, 5, 327]
116 : [65, 56, 58, 79, 57]
116 : [116, 69, 110, 390, 33]
116 : [990, 75, 677, 116, 69]
117 : [677, 783, 596, 992, 117]
117 : [117, 109, 112, 116, 69]
117 : [117, 125, 116, 115, 107]
118 : [118, 121, 119, 122, 120]
118 : [118, 121, 119, 122, 120]
118 : [118, 122, 124, 121, 120]
119 : [119, 120, 124, 125, 71]
119 : [119, 120, 71, 114, 390]
119 : [120, 119, 125, 118, 124]
120 : [119, 118, 121, 120, 123]
120 : [119, 120, 118, 125, 121]
120 : [125, 120, 119, 124, 307]
120 : [119, 123, 124, 122, 121]
121 : [121, 118, 122, 119, 124]
121 : [118, 121, 122, 119, 120]
121 : [121, 119, 118, 125, 120]
122 : [122, 124, 118, 121, 123]
122 : [122, 124, 119, 125, 118]
122 : [122, 124, 123, 119, 120]
123 : [122, 124, 123, 119, 71]
123 : [123, 122, 124, 119, 125]
123 : [115, 108, 110, 5, 392]
124 : [124, 121, 122, 118, 766]
124 : [123, 122, 124, 71, 79]
124 : [203, 186, 185, 258, 987]
125 : [113, 125, 117, 126, 122]
125 : [114, 111, 116, 125, 126]
125 : [122, 114, 125, 116, 327]
126 : [112, 110, 116, 329, 961]
126 : [684, 304, 69, 300, 125]
126 : [126, 125, 69, 116, 124]
127 : [128, 127, 131, 134, 129]
127 : [128, 134, 127, 129, 9]
127 : [127, 134, 128, 138, 129]
128 : [127, 128, 134, 130, 131]
128 : [128, 134, 127, 143, 98]
128 : [128, 127, 134, 129, 138]
128 : [128, 134, 138, 133, 127]
129 : [129, 127, 134, 128, 131]
129 : [129, 130, 127, 134, 128]
129 : [129, 127, 134, 128, 130]
130 : [130, 129, 127, 89, 146]
130 : [130, 134, 129, 782, 789]
130 : [130, 127, 134, 128, 129]
131 : [131, 136, 137, 129, 142]
131 : [131, 133, 128, 134, 135]
131 : [131, 134, 128, 133, 135]
132 : [132, 131, 127, 134, 129]
132 : [132, 131, 127, 134, 129]
132 : [132, 129, 127, 134, 146]
133 : [133, 131, 136, 132, 98]
133 : [133, 131, 134, 136, 142]
133 : [133, 134, 135, 138, 82]
134 : [134, 128, 129, 130, 127]
134 : [134, 9, 100, 135, 129]
134 : [131, 132, 134, 133, 129]
135 : [135, 128, 133, 142, 134]
135 : [135, 128, 134, 127, 138]
135 : [138, 133, 135, 128, 127]
136 : [86, 137, 96, 134, 80]
136 : [136, 8, 137, 143, 80]
136 : [136, 84, 137, 134, 86]
136 : [136, 137, 134, 80, 128]
137 : [137, 136, 97, 98, 129]
137 : [137, 136, 100, 143, 80]
137 : [137, 136, 80, 100, 99]
138 : [138, 9, 134, 133, 80]
138 : [138, 133, 134, 9, 135]
138 : [138, 81, 146, 133, 103]
139 : [139, 140, 142, 141, 143]
139 : [139, 142, 141, 140, 143]
139 : [139, 140, 141, 143, 142]
140 : [140, 142, 141, 139, 143]
140 : [140, 141, 139, 142, 138]
140 : [140, 142, 141, 139, 20]
141 : [141, 142, 140, 135, 133]
141 : [141, 142, 133, 136, 138]
141 : [141, 142, 133, 143, 135]
142 : [142, 141, 133, 136, 140]
142 : [142, 141, 140, 139, 143]
142 : [142, 141, 140, 139, 133]
143 : [143, 128, 141, 146, 136]
143 : [143, 141, 136, 142, 137]
143 : [143, 139, 141, 128, 142]
144 : [144, 128, 129, 133, 146]
144 : [144, 127, 128, 134, 23]
144 : [144, 100, 146, 460, 871]
144 : [144, 146, 143, 100, 98]
145 : [145, 81, 391, 146, 976]
145 : [145, 150, 103, 20, 80]
145 : [145, 97, 98, 99, 136]
146 : [146, 98, 137, 136, 97]
146 : [146, 21, 128, 23, 143]
146 : [146, 130, 134, 127, 129]
147 : [147, 148, 2, 34, 150]
147 : [814, 484, 147, 977, 913]
147 : [147, 148, 150, 34, 2]
148 : [148, 2, 147, 4, 3]
148 : [148, 2, 147, 3, 4]
148 : [148, 147, 2, 150, 149]
149 : [149, 801, 147, 4, 445]
149 : [103, 954, 114, 126, 658]
149 : [149, 150, 6, 390, 5]
150 : [150, 337, 360, 103, 148]
150 : [150, 390, 149, 103, 6]
150 : [150, 103, 148, 149, 2]
151 : [253, 158, 151, 225, 186]
151 : [151, 158, 237, 195, 268]
151 : [151, 268, 224, 158, 537]
152 : [152, 154, 156, 155, 568]
152 : [229, 204, 155, 200, 194]
152 : [155, 204, 153, 262, 200]
152 : [152, 154, 157, 155, 156]
153 : [153, 204, 155, 194, 203]
153 : [265, 203, 204, 194, 202]
153 : [153, 265, 266, 194, 155]
154 : [154, 254, 155, 262, 156]
154 : [154, 152, 155, 260, 254]
154 : [154, 155, 369, 262, 157]
count (test images): 485
Top 1 acc: 70.93%
Mean per class acc: 70.75%
Mean inference time: 1601.21 sec
Top 3 acc: 65.31%
Top 5 acc: 68.91%
