0 : 394
0 : 391
0 : 0
0 : 0
1 : 1
1 : 1
1 : 1
2 : 4
2 : 2
2 : 2
3 : 3
3 : 4
3 : 3
4 : 389
4 : 4
4 : 29
5 : 6
5 : 5
5 : 5
6 : 6
6 : 3
6 : 5
7 : 8
7 : 7
7 : 502
8 : 8
8 : 8
8 : 8
8 : 8
9 : 9
9 : 676
9 : 9
10 : 448
10 : 15
10 : 10
11 : 11
11 : 11
11 : 11
12 : 12
12 : 12
12 : 12
13 : 13
13 : 13
13 : 14
14 : 14
14 : 14
14 : 14
15 : 15
15 : 15
15 : 15
16 : 16
16 : 16
16 : 16
16 : 91
17 : 17
17 : 17
17 : 17
18 : 18
18 : 18
18 : 18
19 : 19
19 : 19
19 : 19
20 : 20
20 : 20
20 : 20
21 : 21
21 : 22
21 : 21
22 : 22
22 : 22
22 : 22
23 : 23
23 : 23
23 : 23
24 : 24
24 : 24
24 : 24
24 : 24
25 : 25
25 : 25
25 : 45
26 : 28
26 : 25
26 : 26
27 : 26
27 : 27
27 : 26
28 : 28
28 : 45
28 : 28
29 : 29
29 : 29
29 : 29
30 : 30
30 : 337
30 : 30
31 : 31
31 : 32
31 : 31
32 : 114
32 : 32
32 : 32
32 : 32
33 : 33
33 : 33
33 : 33
34 : 34
34 : 34
34 : 34
35 : 35
35 : 35
35 : 35
36 : 37
36 : 34
36 : 35
37 : 37
37 : 37
37 : 37
38 : 38
38 : 38
38 : 43
39 : 46
39 : 39
39 : 39
40 : 46
40 : 40
40 : 46
40 : 40
41 : 41
41 : 59
41 : 41
42 : 41
42 : 28
42 : 43
43 : 42
43 : 43
43 : 43
44 : 61
44 : 44
44 : 52
45 : 45
45 : 45
45 : 45
46 : 40
46 : 46
46 : 44
47 : 47
47 : 47
47 : 47
48 : 48
48 : 48
48 : 48
48 : 48
49 : 50
49 : 142
49 : 58
50 : 50
50 : 50
50 : 50
51 : 51
51 : 51
51 : 51
52 : 53
52 : 58
52 : 58
53 : 52
53 : 65
53 : 57
54 : 67
54 : 54
54 : 52
55 : 55
55 : 55
55 : 60
56 : 58
56 : 56
56 : 56
56 : 60
57 : 57
57 : 57
57 : 57
58 : 58
58 : 107
58 : 58
59 : 55
59 : 55
59 : 55
60 : 61
60 : 59
60 : 54
61 : 62
61 : 59
61 : 62
62 : 68
62 : 62
62 : 60
63 : 60
63 : 60
63 : 53
64 : 64
64 : 55
64 : 64
64 : 59
65 : 983
65 : 65
65 : 65
66 : 67
66 : 68
66 : 66
67 : 67
67 : 68
67 : 68
68 : 68
68 : 62
68 : 68
69 : 69
69 : 69
69 : 993
70 : 70
70 : 70
70 : 70
71 : 71
71 : 71
71 : 712
72 : 72
72 : 72
72 : 72
72 : 72
73 : 73
73 : 815
73 : 77
74 : 72
74 : 72
74 : 304
75 : 75
75 : 73
75 : 75
76 : 76
76 : 77
76 : 76
77 : 77
77 : 79
77 : 73
78 : 78
78 : 75
78 : 78
79 : 79
79 : 79
79 : 79
80 : 80
80 : 80
80 : 80
80 : 80
81 : 83
81 : 81
81 : 8
82 : 82
82 : 82
82 : 82
83 : 83
83 : 83
83 : 82
84 : 84
84 : 84
84 : 84
85 : 85
85 : 85
85 : 86
86 : 85
86 : 86
86 : 86
87 : 87
87 : 87
87 : 87
88 : 88
88 : 88
88 : 88
88 : 84
89 : 89
89 : 89
89 : 89
90 : 90
90 : 90
90 : 90
91 : 91
91 : 91
91 : 91
92 : 92
92 : 92
92 : 92
93 : 93
93 : 93
93 : 93
94 : 94
94 : 94
94 : 94
95 : 95
95 : 95
95 : 92
96 : 96
96 : 96
96 : 96
96 : 96
97 : 97
97 : 97
97 : 97
98 : 98
98 : 98
98 : 98
99 : 99
99 : 99
99 : 134
100 : 100
100 : 100
100 : 100
101 : 386
101 : 385
101 : 385
102 : 102
102 : 102
102 : 102
103 : 103
103 : 103
103 : 103
104 : 104
104 : 104
104 : 104
104 : 104
105 : 105
105 : 105
105 : 381
106 : 106
106 : 106
106 : 106
107 : 975
107 : 712
107 : 107
108 : 108
108 : 107
108 : 108
109 : 109
109 : 6
109 : 109
110 : 110
110 : 5
110 : 115
111 : 676
111 : 111
111 : 111
112 : 112
112 : 6
112 : 112
112 : 112
113 : 113
113 : 113
113 : 111
114 : 114
114 : 114
114 : 114
115 : 115
115 : 115
115 : 110
116 : 65
116 : 116
116 : 677
117 : 677
117 : 117
117 : 117
118 : 118
118 : 118
118 : 118
119 : 119
119 : 119
119 : 119
120 : 119
120 : 119
120 : 125
120 : 119
121 : 121
121 : 118
121 : 121
122 : 122
122 : 122
122 : 122
123 : 122
123 : 123
123 : 115
124 : 124
124 : 123
124 : 203
125 : 113
125 : 114
125 : 327
126 : 112
126 : 304
126 : 126
127 : 128
127 : 127
127 : 127
128 : 127
128 : 128
128 : 128
128 : 128
129 : 129
129 : 129
129 : 129
130 : 130
130 : 130
130 : 130
131 : 131
131 : 131
131 : 131
132 : 132
132 : 132
132 : 132
133 : 133
133 : 133
133 : 133
134 : 129
134 : 134
134 : 131
135 : 135
135 : 135
135 : 135
136 : 86
136 : 136
136 : 136
136 : 136
137 : 137
137 : 137
137 : 137
138 : 138
138 : 138
138 : 138
139 : 139
139 : 139
139 : 139
140 : 140
140 : 140
140 : 140
141 : 141
141 : 141
141 : 141
142 : 142
142 : 142
142 : 142
143 : 143
143 : 143
143 : 143
144 : 144
144 : 144
144 : 100
144 : 146
145 : 145
145 : 145
145 : 145
146 : 146
146 : 146
146 : 146
147 : 147
147 : 814
147 : 147
148 : 148
148 : 148
148 : 148
149 : 149
149 : 114
149 : 149
150 : 150
150 : 150
150 : 150
151 : 253
151 : 151
151 : 151
152 : 152
152 : 229
152 : 155
152 : 152
153 : 153
153 : 203
153 : 153
154 : 154
154 : 154
154 : 154
155 : 153
155 : 200
155 : 155
156 : 156
156 : 156
156 : 156
157 : 157
157 : 157
157 : 157
158 : 151
158 : 195
158 : 237
159 : 159
159 : 537
159 : 268
160 : 160
160 : 160
160 : 160
160 : 160
161 : 158
161 : 162
161 : 161
162 : 162
162 : 166
162 : 162
163 : 225
163 : 161
163 : 163
164 : 167
164 : 164
164 : 164
165 : 165
165 : 163
165 : 239
166 : 161
166 : 162
166 : 166
167 : 167
167 : 167
167 : 162
168 : 236
168 : 168
168 : 159
168 : 168
169 : 169
169 : 169
169 : 169
170 : 170
170 : 170
170 : 170
171 : 171
171 : 171
171 : 151
172 : 172
172 : 224
172 : 172
173 : 188
173 : 253
173 : 537
174 : 174
174 : 273
174 : 174
175 : 170
175 : 216
175 : 202
176 : 176
176 : 212
176 : 172
176 : 176
177 : 177
177 : 177
177 : 177
178 : 284
178 : 178
178 : 178
179 : 658
179 : 180
179 : 179
180 : 180
180 : 180
180 : 237
181 : 267
181 : 181
181 : 181
182 : 182
182 : 182
182 : 182
183 : 181
183 : 233
183 : 183
184 : 537
184 : 184
184 : 182
184 : 264
185 : 203
185 : 185
185 : 193
186 : 193
186 : 203
186 : 192
187 : 537
187 : 153
187 : 187
188 : 188
188 : 189
188 : 790
189 : 188
189 : 202
189 : 189
190 : 202
190 : 190
190 : 190
191 : 233
191 : 191
191 : 191
192 : 192
192 : 186
192 : 192
192 : 203
193 : 186
193 : 186
193 : 200
194 : 194
194 : 186
194 : 194
195 : 195
195 : 195
195 : 195
196 : 198
196 : 198
196 : 198
197 : 197
197 : 197
197 : 226
198 : 198
198 : 196
198 : 196
199 : 203
199 : 199
199 : 199
200 : 200
200 : 155
200 : 226
200 : 229
201 : 201
201 : 201
201 : 199
202 : 204
202 : 202
202 : 202
203 : 203
203 : 153
203 : 203
204 : 155
204 : 204
204 : 155
205 : 205
205 : 214
205 : 205
206 : 206
206 : 221
206 : 221
207 : 186
207 : 207
207 : 235
208 : 208
208 : 208
208 : 208
208 : 208
209 : 224
209 : 208
209 : 209
210 : 210
210 : 210
210 : 210
211 : 268
211 : 168
211 : 168
212 : 212
212 : 212
212 : 217
213 : 184
213 : 184
213 : 213
214 : 214
214 : 214
214 : 205
215 : 219
215 : 218
215 : 216
216 : 212
216 : 216
216 : 206
216 : 216
217 : 217
217 : 217
217 : 217
218 : 218
218 : 218
218 : 218
219 : 219
219 : 207
219 : 219
220 : 220
220 : 220
220 : 220
221 : 221
221 : 221
221 : 221
222 : 258
222 : 222
222 : 222
223 : 223
223 : 223
223 : 259
224 : 223
224 : 232
224 : 177
224 : 206
225 : 225
225 : 235
225 : 235
226 : 198
226 : 226
226 : 220
227 : 174
227 : 151
227 : 224
228 : 228
228 : 228
228 : 228
229 : 229
229 : 229
229 : 233
230 : 264
230 : 230
230 : 230
231 : 230
231 : 230
231 : 231
232 : 232
232 : 232
232 : 232
232 : 232
233 : 233
233 : 233
233 : 233
234 : 234
234 : 234
234 : 234
235 : 235
235 : 235
235 : 235
236 : 236
236 : 236
236 : 236
237 : 253
237 : 268
237 : 237
238 : 241
238 : 238
238 : 241
239 : 239
239 : 239
239 : 239
240 : 238
240 : 239
240 : 224
240 : 239
241 : 166
241 : 241
241 : 238
242 : 242
242 : 254
242 : 242
243 : 243
243 : 243
243 : 208
244 : 255
244 : 260
244 : 244
245 : 719
245 : 245
245 : 195
246 : 246
246 : 224
246 : 164
247 : 247
247 : 247
247 : 247
248 : 250
248 : 250
248 : 250
248 : 537
249 : 249
249 : 249
249 : 249
250 : 250
250 : 249
250 : 468
251 : 251
251 : 251
251 : 251
252 : 252
252 : 262
252 : 252
253 : 253
253 : 253
253 : 253
254 : 254
254 : 254
254 : 254
255 : 255
255 : 244
255 : 255
256 : 239
256 : 222
256 : 256
256 : 244
257 : 257
257 : 257
257 : 257
258 : 258
258 : 258
258 : 258
259 : 259
259 : 151
259 : 259
260 : 260
260 : 258
260 : 260
261 : 261
261 : 261
261 : 261
262 : 262
262 : 262
262 : 158
263 : 537
263 : 263
263 : 264
264 : 264
264 : 224
264 : 264
264 : 264
265 : 265
265 : 194
265 : 266
266 : 266
266 : 265
266 : 267
267 : 267
267 : 267
267 : 267
268 : 168
268 : 268
268 : 268
269 : 269
269 : 269
269 : 269
270 : 270
270 : 270
270 : 270
271 : 271
271 : 272
271 : 278
272 : 274
272 : 272
272 : 269
272 : 272
273 : 273
273 : 273
273 : 273
274 : 274
274 : 274
274 : 273
275 : 275
275 : 275
275 : 275
276 : 275
276 : 346
276 : 276
277 : 277
277 : 278
277 : 277
278 : 279
278 : 278
278 : 277
279 : 279
279 : 279
279 : 279
280 : 272
280 : 279
280 : 280
280 : 280
281 : 283
281 : 281
281 : 281
282 : 292
282 : 292
282 : 292
283 : 283
0 : 394
0 : 391
0 : 0
0 : 0
1 : 1
1 : 1
1 : 1
2 : 4
2 : 2
2 : 2
3 : 3
3 : 4
3 : 3
4 : 389
4 : 4
4 : 29
5 : 6
5 : 5
5 : 5
6 : 6
6 : 3
6 : 5
7 : 8
7 : 7
7 : 502
8 : 8
8 : 8
8 : 8
8 : 8
9 : 9
9 : 676
9 : 9
10 : 448
10 : 15
10 : 10
11 : 11
11 : 11
11 : 11
12 : 12
12 : 12
12 : 12
13 : 13
13 : 13
13 : 14
14 : 14
14 : 14
14 : 14
15 : 15
15 : 15
15 : 15
16 : 16
16 : 16
16 : 16
16 : 91
17 : 17
17 : 17
17 : 17
18 : 18
18 : 18
18 : 18
19 : 19
19 : 19
19 : 19
20 : 20
20 : 20
20 : 20
21 : 21
21 : 22
21 : 21
22 : 22
22 : 22
22 : 22
23 : 23
23 : 23
23 : 23
24 : 24
24 : 24
24 : 24
24 : 24
25 : 25
25 : 25
25 : 45
26 : 28
26 : 25
26 : 26
27 : 26
27 : 27
27 : 26
28 : 28
28 : 45
28 : 28
29 : 29
29 : 29
29 : 29
30 : 30
30 : 337
30 : 30
31 : 31
31 : 32
31 : 31
32 : 114
32 : 32
32 : 32
32 : 32
33 : 33
33 : 33
33 : 33
34 : 34
34 : 34
34 : 34
35 : 35
35 : 35
35 : 35
36 : 37
36 : 34
36 : 35
37 : 37
37 : 37
37 : 37
38 : 38
38 : 38
38 : 43
39 : 46
39 : 39
39 : 39
40 : 46
40 : 40
40 : 46
40 : 40
41 : 41
41 : 59
41 : 41
42 : 41
42 : 28
42 : 43
43 : 42
43 : 43
43 : 43
44 : 61
44 : 44
44 : 52
45 : 45
45 : 45
45 : 45
46 : 40
46 : 46
46 : 44
47 : 47
47 : 47
47 : 47
48 : 48
48 : 48
48 : 48
48 : 48
49 : 50
49 : 142
49 : 58
50 : 50
50 : 50
50 : 50
51 : 51
51 : 51
51 : 51
52 : 53
52 : 58
52 : 58
53 : 52
53 : 65
53 : 57
54 : 67
54 : 54
54 : 52
55 : 55
55 : 55
55 : 60
56 : 58
56 : 56
56 : 56
56 : 60
57 : 57
57 : 57
57 : 57
58 : 58
58 : 107
58 : 58
59 : 55
59 : 55
59 : 55
60 : 61
60 : 59
60 : 54
61 : 62
61 : 59
61 : 62
62 : 68
62 : 62
62 : 60
63 : 60
63 : 60
63 : 53
64 : 64
64 : 55
64 : 64
64 : 59
65 : 983
65 : 65
65 : 65
66 : 67
66 : 68
66 : 66
67 : 67
67 : 68
67 : 68
68 : 68
68 : 62
68 : 68
69 : 69
69 : 69
69 : 993
70 : 70
70 : 70
70 : 70
71 : 71
71 : 71
71 : 712
72 : 72
72 : 72
72 : 72
72 : 72
73 : 73
73 : 815
73 : 77
74 : 72
74 : 72
74 : 304
75 : 75
75 : 73
75 : 75
76 : 76
76 : 77
76 : 76
77 : 77
77 : 79
77 : 73
78 : 78
78 : 75
78 : 78
79 : 79
79 : 79
79 : 79
80 : 80
80 : 80
80 : 80
80 : 80
81 : 83
81 : 81
81 : 8
82 : 82
82 : 82
82 : 82
83 : 83
83 : 83
83 : 82
84 : 84
84 : 84
84 : 84
85 : 85
85 : 85
85 : 86
86 : 85
86 : 86
86 : 86
87 : 87
87 : 87
87 : 87
88 : 88
88 : 88
88 : 88
88 : 84
89 : 89
89 : 89
89 : 89
90 : 90
90 : 90
90 : 90
91 : 91
91 : 91
91 : 91
92 : 92
92 : 92
92 : 92
93 : 93
93 : 93
93 : 93
94 : 94
94 : 94
94 : 94
95 : 95
95 : 95
95 : 92
96 : 96
96 : 96
96 : 96
96 : 96
97 : 97
97 : 97
97 : 97
98 : 98
98 : 98
98 : 98
99 : 99
99 : 99
99 : 134
100 : 100
100 : 100
100 : 100
101 : 386
101 : 385
101 : 385
102 : 102
102 : 102
102 : 102
103 : 103
103 : 103
103 : 103
104 : 104
104 : 104
104 : 104
104 : 104
105 : 105
105 : 105
105 : 381
106 : 106
106 : 106
106 : 106
107 : 975
107 : 712
107 : 107
108 : 108
108 : 107
108 : 108
109 : 109
109 : 6
109 : 109
110 : 110
110 : 5
110 : 115
111 : 676
111 : 111
111 : 111
112 : 112
112 : 6
112 : 112
112 : 112
113 : 113
113 : 113
113 : 111
114 : 114
114 : 114
114 : 114
115 : 115
115 : 115
115 : 110
116 : 65
116 : 116
116 : 677
117 : 677
117 : 117
117 : 117
118 : 118
118 : 118
118 : 118
119 : 119
119 : 119
119 : 119
120 : 119
120 : 119
120 : 125
120 : 119
121 : 121
121 : 118
121 : 121
122 : 122
122 : 122
122 : 122
123 : 122
123 : 123
123 : 115
124 : 124
124 : 123
124 : 203
125 : 113
125 : 114
125 : 327
126 : 112
126 : 304
126 : 126
127 : 128
127 : 127
127 : 127
128 : 127
128 : 128
128 : 128
128 : 128
129 : 129
129 : 129
129 : 129
130 : 130
130 : 130
130 : 130
131 : 131
131 : 131
131 : 131
132 : 132
132 : 132
132 : 132
133 : 133
133 : 133
133 : 133
134 : 129
134 : 134
134 : 131
135 : 135
135 : 135
135 : 135
136 : 86
136 : 136
136 : 136
136 : 136
137 : 137
137 : 137
137 : 137
138 : 138
138 : 138
138 : 138
139 : 139
139 : 139
139 : 139
140 : 140
140 : 140
140 : 140
141 : 141
141 : 141
141 : 141
142 : 142
142 : 142
142 : 142
143 : 143
143 : 143
143 : 143
144 : 144
144 : 144
144 : 100
144 : 146
145 : 145
145 : 145
145 : 145
146 : 146
146 : 146
146 : 146
147 : 147
147 : 814
147 : 147
148 : 148
148 : 148
148 : 148
149 : 149
149 : 114
149 : 149
150 : 150
150 : 150
150 : 150
151 : 253
151 : 151
151 : 151
152 : 152
152 : 229
152 : 155
152 : 152
153 : 153
153 : 203
153 : 153
154 : 154
154 : 154
154 : 154
155 : 153
155 : 200
155 : 155
156 : 156
156 : 156
156 : 156
157 : 157
157 : 157
157 : 157
158 : 151
158 : 195
158 : 237
159 : 159
159 : 537
159 : 268
160 : 160
160 : 160
160 : 160
160 : 160
161 : 158
161 : 162
161 : 161
162 : 162
162 : 166
162 : 162
163 : 225
163 : 161
163 : 163
164 : 167
164 : 164
164 : 164
165 : 165
165 : 163
165 : 239
166 : 161
166 : 162
166 : 166
167 : 167
167 : 167
167 : 162
168 : 236
168 : 168
168 : 159
168 : 168
169 : 169
169 : 169
169 : 169
170 : 170
170 : 170
170 : 170
171 : 171
171 : 171
171 : 151
172 : 172
172 : 224
172 : 172
173 : 188
173 : 253
173 : 537
174 : 174
174 : 273
174 : 174
175 : 170
175 : 216
175 : 202
176 : 176
176 : 212
176 : 172
176 : 176
177 : 177
177 : 177
177 : 177
178 : 284
178 : 178
178 : 178
179 : 658
179 : 180
179 : 179
180 : 180
180 : 180
180 : 237
181 : 267
181 : 181
181 : 181
182 : 182
182 : 182
182 : 182
183 : 181
183 : 233
183 : 183
184 : 537
184 : 184
184 : 182
184 : 264
185 : 203
185 : 185
185 : 193
186 : 193
186 : 203
186 : 192
187 : 537
187 : 153
187 : 187
188 : 188
188 : 189
188 : 790
189 : 188
189 : 202
189 : 189
190 : 202
190 : 190
190 : 190
191 : 233
191 : 191
191 : 191
192 : 192
192 : 186
192 : 192
192 : 203
193 : 186
193 : 186
193 : 200
194 : 194
194 : 186
194 : 194
195 : 195
195 : 195
195 : 195
196 : 198
196 : 198
196 : 198
197 : 197
197 : 197
197 : 226
198 : 198
198 : 196
198 : 196
199 : 203
199 : 199
199 : 199
200 : 200
200 : 155
200 : 226
200 : 229
201 : 201
201 : 201
201 : 199
202 : 204
202 : 202
202 : 202
203 : 203
203 : 153
203 : 203
204 : 155
204 : 204
204 : 155
205 : 205
205 : 214
205 : 205
206 : 206
206 : 221
206 : 221
207 : 186
207 : 207
207 : 235
208 : 208
208 : 208
208 : 208
208 : 208
209 : 224
209 : 208
209 : 209
210 : 210
210 : 210
210 : 210
211 : 268
211 : 168
211 : 168
212 : 212
212 : 212
212 : 217
213 : 184
213 : 184
213 : 213
214 : 214
214 : 214
214 : 205
215 : 219
215 : 218
215 : 216
216 : 212
216 : 216
216 : 206
216 : 216
217 : 217
217 : 217
217 : 217
218 : 218
218 : 218
218 : 218
219 : 219
219 : 207
219 : 219
220 : 220
220 : 220
220 : 220
221 : 221
221 : 221
221 : 221
222 : 258
222 : 222
222 : 222
223 : 223
223 : 223
223 : 259
224 : 223
224 : 232
224 : 177
224 : 206
225 : 225
225 : 235
225 : 235
226 : 198
226 : 226
226 : 220
227 : 174
227 : 151
227 : 224
228 : 228
228 : 228
228 : 228
229 : 229
229 : 229
229 : 233
230 : 264
230 : 230
230 : 230
231 : 230
231 : 230
231 : 231
232 : 232
232 : 232
232 : 232
232 : 232
233 : 233
233 : 233
233 : 233
234 : 234
234 : 234
234 : 234
235 : 235
235 : 235
235 : 235
236 : 236
236 : 236
236 : 236
237 : 253
237 : 268
237 : 237
238 : 241
238 : 238
238 : 241
239 : 239
239 : 239
239 : 239
240 : 238
240 : 239
240 : 224
240 : 239
241 : 166
241 : 241
241 : 238
242 : 242
242 : 254
242 : 242
243 : 243
243 : 243
243 : 208
244 : 255
244 : 260
244 : 244
245 : 719
245 : 245
245 : 195
246 : 246
246 : 224
246 : 164
247 : 247
247 : 247
247 : 247
248 : 250
248 : 250
248 : 250
248 : 537
249 : 249
249 : 249
249 : 249
250 : 250
250 : 249
250 : 468
251 : 251
251 : 251
251 : 251
252 : 252
252 : 262
252 : 252
253 : 253
253 : 253
253 : 253
254 : 254
254 : 254
254 : 254
255 : 255
255 : 244
255 : 255
256 : 239
256 : 222
256 : 256
256 : 244
257 : 257
257 : 257
257 : 257
258 : 258
258 : 258
258 : 258
259 : 259
259 : 151
259 : 259
260 : 260
260 : 258
260 : 260
261 : 261
261 : 261
261 : 261
262 : 262
262 : 262
262 : 158
263 : 537
263 : 263
263 : 264
264 : 264
264 : 224
264 : 264
264 : 264
265 : 265
265 : 194
265 : 266
266 : 266
266 : 265
266 : 267
267 : 267
267 : 267
267 : 267
268 : 168
268 : 268
268 : 268
269 : 269
269 : 269
269 : 269
270 : 270
270 : 270
270 : 270
271 : 271
271 : 272
271 : 278
272 : 274
272 : 272
272 : 269
272 : 272
273 : 273
273 : 273
273 : 273
274 : 274
274 : 274
274 : 273
275 : 275
275 : 275
275 : 275
276 : 275
276 : 346
276 : 276
277 : 277
277 : 278
277 : 277
278 : 279
278 : 278
278 : 277
279 : 279
279 : 279
279 : 279
280 : 272
280 : 279
280 : 280
280 : 280
281 : 283
281 : 281
281 : 281
282 : 292
282 : 292
282 : 292
283 : 283
283 : 283
283 : 283
284 : 284
284 : 284
284 : 284
285 : 283
285 : 284
285 : 281
286 : 286
286 : 286
286 : 286
287 : 287
287 : 286
287 : 287
288 : 288
288 : 289
288 : 288
288 : 288
289 : 289
289 : 289
289 : 289
290 : 288
290 : 290
290 : 290
291 : 291
291 : 291
291 : 291
292 : 292
292 : 292
292 : 292
293 : 293
293 : 293
293 : 293
294 : 294
294 : 294
294 : 294
295 : 297
295 : 295
295 : 295
296 : 296
296 : 296
296 : 296
296 : 296
297 : 297
297 : 297
297 : 297
298 : 298
298 : 298
298 : 298
299 : 299
299 : 299
299 : 299
300 : 318
300 : 300
300 : 307
301 : 301
301 : 301
301 : 301
302 : 302
302 : 300
302 : 314
303 : 304
303 : 303
303 : 303
304 : 616
304 : 301
304 : 304
304 : 301
305 : 305
305 : 305
305 : 997
306 : 306
306 : 306
306 : 302
307 : 302
307 : 302
307 : 307
308 : 316
308 : 308
308 : 308
309 : 946
309 : 309
309 : 309
310 : 309
310 : 944
310 : 310
311 : 307
311 : 313
311 : 311
312 : 314
312 : 312
312 : 311
312 : 302
313 : 989
313 : 311
313 : 315
314 : 314
314 : 313
314 : 751
315 : 943
315 : 315
315 : 315
316 : 316
316 : 316
316 : 307
317 : 317
317 : 317
317 : 317
318 : 318
318 : 318
318 : 312
319 : 319
319 : 320
319 : 319
320 : 320
320 : 320
320 : 320
320 : 320
321 : 321
321 : 321
321 : 321
322 : 322
322 : 322
322 : 322
323 : 323
323 : 323
323 : 323
324 : 324
324 : 325
324 : 324
325 : 325
325 : 325
325 : 325
326 : 322
326 : 326
326 : 324
327 : 327
327 : 327
327 : 327
328 : 328
328 : 328
328 : 328
328 : 328
329 : 983
329 : 329
329 : 329
330 : 330
330 : 330
330 : 330
331 : 331
331 : 331
331 : 330
332 : 332
332 : 229
332 : 332
333 : 333
333 : 333
333 : 333
334 : 334
334 : 334
334 : 334
335 : 335
335 : 335
335 : 335
336 : 336
336 : 336
336 : 336
336 : 336
337 : 357
337 : 337
337 : 337
338 : 338
count (test images): 1058
Top 1 acc: 66.45%
Mean per class acc: 66.64%
Mean inference time: 1602.93 sec
283 : 283
283 : 283
284 : 284
284 : 284
284 : 284
285 : 283
285 : 284
285 : 281
286 : 286
286 : 286
286 : 286
287 : 287
287 : 286
287 : 287
288 : 288
288 : 289
288 : 288
288 : 288
289 : 289
289 : 289
289 : 289
290 : 288
290 : 290
290 : 290
291 : 291
291 : 291
291 : 291
292 : 292
292 : 292
292 : 292
293 : 293
293 : 293
293 : 293
294 : 294
294 : 294
294 : 294
295 : 297
295 : 295
295 : 295
296 : 296
296 : 296
296 : 296
296 : 296
297 : 297
297 : 297
297 : 297
298 : 298
298 : 298
298 : 298
299 : 299
299 : 299
299 : 299
300 : 318
300 : 300
300 : 307
301 : 301
301 : 301
301 : 301
302 : 302
302 : 300
302 : 314
303 : 304
303 : 303
303 : 303
304 : 616
304 : 301
304 : 304
304 : 301
305 : 305
305 : 305
305 : 997
306 : 306
306 : 306
306 : 302
307 : 302
307 : 302
307 : 307
308 : 316
308 : 308
308 : 308
309 : 946
309 : 309
309 : 309
310 : 309
310 : 944
310 : 310
311 : 307
311 : 313
311 : 311
312 : 314
312 : 312
312 : 311
312 : 302
313 : 989
313 : 311
313 : 315
314 : 314
314 : 313
314 : 751
315 : 943
315 : 315
315 : 315
316 : 316
316 : 316
316 : 307
317 : 317
317 : 317
317 : 317
318 : 318
318 : 318
318 : 312
319 : 319
319 : 320
319 : 319
320 : 320
320 : 320
320 : 320
320 : 320
321 : 321
321 : 321
321 : 321
322 : 322
322 : 322
322 : 322
323 : 323
323 : 323
323 : 323
324 : 324
324 : 325
324 : 324
325 : 325
325 : 325
325 : 325
326 : 322
326 : 326
326 : 324
327 : 327
327 : 327
327 : 327
328 : 328
328 : 328
328 : 328
328 : 328
329 : 983
329 : 329
329 : 329
330 : 330
330 : 330
330 : 330
331 : 331
331 : 331
331 : 330
332 : 332
332 : 229
332 : 332
333 : 333
333 : 333
333 : 333
334 : 334
334 : 334
334 : 334
335 : 335
335 : 335
335 : 335
336 : 336
336 : 336
336 : 336
336 : 336
337 : 357
337 : 337
337 : 337
338 : 338
count (test images): 1058
Top 1 acc: 66.45%
Mean per class acc: 66.64%
Mean inference time: 1602.93 sec
