0 : [390, 394]
0 : [391, 0, 394, 758, 456]
0 : [0, 394]
0 : [0, 394]
1 : [1]
1 : [1, 0]
1 : [1, 0]
2 : [4, 2]
2 : [2, 3]
2 : [2, 3, 4]
3 : [3, 4]
3 : [2, 4]
3 : [2, 3]
4 : [2, 3, 389, 394, 4]
4 : [4, 2]
4 : [110, 390, 395, 115, 29, 27, 26, 394, 5, 327]
5 : [6, 5]
5 : [5, 6]
5 : [5, 109, 115, 329, 991]
6 : [6, 5]
6 : [6, 973, 4, 801, 2, 693, 3, 149]
6 : [5, 6, 115]
7 : [7]
7 : [274, 7]
7 : [630, 502]
8 : [8, 7]
8 : [8, 7]
8 : [790, 588, 519]
8 : [8, 7]
9 : [9]
9 : [60, 369]
9 : [9]
10 : [501, 749]
10 : [15, 11, 12, 10, 13, 14, 16, 21, 17, 20]
10 : [10, 13, 11]
11 : [11, 14, 92]
11 : [11, 16]
11 : [11]
12 : [12, 14, 13]
12 : [12, 10, 14, 13]
12 : [12, 14, 91, 17]
13 : [13, 14]
13 : [13, 14, 16, 12, 15]
13 : [13, 14, 11, 17, 16, 15]
14 : [14, 11]
14 : [14, 21]
14 : [14]
15 : [15, 16, 95, 91]
15 : [15, 14, 17, 95, 16, 91]
15 : [15, 20, 16]
16 : [16, 95, 17, 91, 13, 15, 21]
16 : [16, 95]
16 : [16, 95, 91, 17, 14]
16 : [91, 16, 95, 18]
17 : [17]
17 : [17, 16]
17 : [17, 18]
18 : [18]
18 : [18]
18 : [18, 17, 21, 16]
19 : [19, 17]
19 : [19, 13]
19 : [19, 17, 16, 11, 13, 94, 92]
20 : [97, 98]
20 : [20, 15]
20 : [20, 21]
21 : [21, 23, 87, 8]
21 : [21, 22]
21 : [21, 23, 22]
22 : [22]
22 : [22, 23]
22 : [22, 23]
23 : [23, 128]
23 : [23, 128, 127]
23 : [23, 22, 21, 97]
24 : [24]
24 : [24]
24 : [24]
24 : [24]
25 : [25]
25 : [25, 28, 45, 38, 27]
25 : [25, 45, 28]
26 : [28, 27, 390, 26, 25, 29, 38, 45]
26 : [25, 28, 45]
26 : [991, 994]
27 : [26, 27, 25]
27 : [27, 26, 60, 38]
27 : [26, 27]
28 : [28, 25, 27, 26, 53]
28 : [390, 45, 114, 39]
28 : [28, 25, 27, 390, 26, 52, 45]
29 : [29]
29 : [29]
29 : [115, 110, 108, 107, 125, 991]
30 : [30, 32]
30 : [337, 131, 975, 141]
30 : [30, 32, 31]
31 : [31, 32]
31 : [32, 30, 31]
31 : [31, 32]
32 : [114, 27, 111, 390]
32 : [32, 26, 31, 30, 114, 27]
32 : [30, 29, 27, 327, 32, 114, 26, 28, 31, 115, 390, 110, 25, 5]
32 : [28, 26, 25, 31]
33 : [33, 34]
33 : [33, 34]
33 : [33, 34]
34 : [34, 35]
34 : [34, 33]
34 : [978, 460]
35 : [35, 36, 37]
35 : [35, 36]
35 : [35]
36 : [37, 35]
36 : [34, 37]
36 : [35, 36]
37 : [37, 36]
37 : [37]
37 : [37, 35]
38 : [38, 28]
38 : [38, 43, 42, 41, 40, 45]
38 : [43, 42, 41]
39 : [46, 39, 43, 44, 45]
39 : [39]
39 : [39]
40 : [40, 41, 46, 44, 31]
40 : [40]
40 : [40, 46, 39, 42]
40 : [40, 41, 42, 26, 38, 27, 43, 46]
41 : [41, 42]
41 : [59, 57, 43, 44, 58, 27]
41 : [38, 41, 42, 44]
42 : [41, 42, 43]
42 : [42, 43]
42 : [42, 43, 41]
43 : [42, 40]
43 : [43, 40]
43 : [43, 42, 39, 41]
44 : [67, 63, 52, 54, 61, 68, 58, 53]
44 : [44, 42, 41, 46, 68, 43, 38]
44 : [68, 63, 66, 52, 54, 45, 60, 38, 57, 64, 44, 53]
45 : [45, 42]
45 : [45, 102]
45 : [45, 38, 27]
46 : [40, 46]
46 : [912, 40, 42]
46 : [44, 46, 42, 41, 45, 60]
47 : [47, 40, 95]
47 : [47, 45]
47 : [47, 42]
48 : [48, 39]
48 : [48, 42, 43]
48 : [48, 45]
48 : [48, 39]
49 : [50, 30, 103]
49 : [141, 142, 133, 143, 97]
49 : [50, 49, 27, 26]
50 : [50, 49]
50 : [50, 49]
50 : [50, 49]
51 : [51, 69]
51 : [501]
51 : [51]
52 : [53, 58, 55, 60, 52, 57, 25, 56, 27]
52 : [58, 52, 53]
52 : [53, 58, 59, 52, 56, 57, 60]
53 : [52, 57, 56, 65, 59, 60]
53 : [53, 52, 65, 59, 58, 55]
53 : [57, 52, 60, 53, 59]
54 : [67, 68, 56, 54, 63, 62, 58, 61, 60, 65, 59, 66, 52, 57, 53, 64]
54 : [68, 54, 57, 67, 63, 52, 66, 61, 59, 58, 60, 62]
54 : [52, 59]
55 : [55, 59, 57, 64, 53, 58, 52]
55 : [64, 60, 59]
55 : [59, 60, 53, 55, 52, 64, 57, 54]
56 : [58, 56, 55, 52, 59, 53, 57, 63, 65]
56 : [56, 59, 65, 52, 58]
56 : [56, 63, 53, 59, 52, 54, 65, 58, 62, 66, 61, 60, 57, 64, 45]
56 : [60, 59, 56, 57, 54]
57 : [57, 59, 64, 66]
57 : [57, 59, 53]
57 : [57, 59, 58, 65, 66]
58 : [58, 65, 63, 62, 59, 56]
58 : [107, 6]
58 : [58]
59 : [64, 55, 57, 59, 60]
59 : [64, 304]
59 : [64, 55, 59]
60 : [61, 62, 56, 60]
60 : [62, 63, 61, 59, 54, 52, 67, 56, 64, 60, 68, 66]
60 : [63, 54]
61 : [62, 61, 68, 56]
61 : [59, 62, 63, 61, 60, 67]
61 : [62, 61, 63, 58]
62 : [62, 54, 67, 68, 61, 59, 52]
62 : [62, 61]
62 : [60, 57, 63, 59, 52, 53]
63 : [62, 56, 60, 55, 53, 58, 61, 63]
63 : [674]
63 : [53, 63, 58, 57, 56, 60, 52, 59]
64 : [64, 59]
64 : [997, 995, 994]
64 : [64]
64 : [59, 58, 55, 57, 63, 60, 52]
65 : [65, 390]
65 : [65, 110]
65 : [65, 58]
66 : [54, 66]
66 : [68, 66, 67, 54, 62, 63]
66 : [66, 38, 44, 68, 32, 46, 45]
67 : [67, 54]
67 : [67, 68, 54, 61, 63, 66, 60]
67 : [54, 66, 52, 59]
68 : [68, 66, 54, 67]
68 : [67, 68, 62, 63]
68 : [68, 54, 67, 66, 61, 62, 63, 60]
69 : [69, 116, 112]
69 : [69]
69 : [501]
70 : [70, 73, 313]
70 : [70, 313, 57, 52, 79, 59]
70 : [313, 75, 70]
71 : [120, 79, 123]
71 : [71, 79, 313, 126]
71 : [674, 712, 542, 626]
72 : [815]
72 : [73, 75, 72, 74, 76, 70]
72 : [815]
72 : [815]
73 : [815, 599]
73 : [815]
73 : [815, 916]
74 : [815]
74 : [815]
74 : [304, 126, 114]
75 : [75]
75 : [73, 70, 77]
75 : [75, 73]
76 : [76, 73]
76 : [305, 306]
76 : [76, 73]
77 : [77, 71, 73, 76, 312, 314, 124]
77 : [76, 78, 79, 75, 307]
77 : [73, 77, 74, 75, 76, 72]
78 : [712, 648, 644, 700, 434]
78 : [303, 73, 119, 122, 71, 75, 72, 123, 77]
78 : [78, 304]
79 : [79]
79 : [79]
79 : [79]
80 : [8, 7]
80 : [8, 7]
80 : [8, 91]
80 : [7, 93, 8, 97]
81 : [8, 140, 331, 139, 41, 298, 138, 21, 363]
81 : [138, 8]
81 : [8]
82 : [8, 21, 97, 91]
82 : [133, 138, 8, 20, 141]
82 : [8]
83 : [133, 142, 97]
83 : [21, 138, 8, 7, 23]
83 : [141, 331, 133, 97]
84 : [138, 21]
84 : [8, 7, 136, 21]
84 : [328, 749]
85 : [8, 91, 17, 95, 20, 21]
85 : [138, 8, 97, 20, 21, 136, 141, 137]
85 : [138, 17, 134, 21, 91, 18, 95, 16, 8, 98]
86 : [138, 141, 8, 21, 140]
86 : [138, 136, 8, 17, 21]
86 : [97, 8]
87 : [87, 88]
87 : [87, 23]
87 : [87, 89]
88 : [88, 90, 21]
88 : [88, 90]
88 : [88, 90]
88 : [11, 90]
89 : [89, 88]
89 : [89]
89 : [89]
90 : [90]
90 : [90, 87]
90 : [90, 87]
91 : [91, 16]
91 : [91]
91 : [91, 21]
92 : [92, 95]
92 : [92, 95]
92 : [92]
93 : [93, 21]
93 : [93, 96]
93 : [93, 96]
94 : [94]
94 : [94]
94 : [94]
95 : [95, 91, 92, 16, 21]
95 : [94, 95, 16]
95 : [92, 95, 16]
96 : [96, 93]
96 : [96, 93, 91]
96 : [96]
96 : [96, 93]
97 : [97, 136]
97 : [97, 98]
97 : [97, 136]
98 : [141, 98, 133, 138, 136, 143, 137, 128, 97, 99, 142, 100, 134, 9]
98 : [98, 97]
98 : [98]
99 : [99, 97, 136]
99 : [99, 146, 97]
99 : [21, 97]
100 : [100, 99]
100 : [100, 99, 97]
100 : [100, 137, 99]
101 : [386, 385]
101 : [385, 386]
101 : [385, 386]
102 : [102, 103]
102 : [102]
102 : [102, 334]
103 : [103, 150]
103 : [971, 438, 148, 103, 712]
103 : [103, 329]
104 : [104, 298]
104 : [104]
104 : [104, 369]
104 : [104]
105 : [384, 383]
105 : [105, 104]
105 : [364, 335, 103, 89]
106 : [106, 332]
106 : [106]
106 : [106]
107 : [718, 975, 978, 456, 733, 973]
107 : [712, 556, 904, 971, 905, 538]
107 : [107]
108 : [108, 393, 109, 973]
108 : [107, 328]
108 : [108, 329]
109 : [991, 992]
109 : [34, 33]
109 : [109, 977]
110 : [110, 26]
110 : [991, 992]
110 : [5, 115, 110]
111 : [676, 777, 596, 845, 902]
111 : [712, 842, 971]
111 : [111, 395, 712, 107, 971]
112 : [112]
112 : [6, 58, 390, 119, 327, 36]
112 : [112, 329, 116]
112 : [112, 116, 684, 513]
113 : [113, 114]
113 : [992]
113 : [111, 110, 114, 327, 115]
114 : [114, 115, 110, 111, 329]
114 : [114, 327, 110, 115]
114 : [114, 25]
115 : [115, 329, 110, 111]
115 : [115, 5, 108, 110]
115 : [110, 115]
116 : [599, 506, 994, 712, 577]
116 : [69, 110, 116, 390, 329]
116 : [677, 542]
117 : [677, 783, 596, 506]
117 : [117, 116]
117 : [117, 125]
118 : [118, 121]
118 : [118, 121]
118 : [118, 122, 120, 124, 119]
119 : [119, 120, 125]
119 : [119, 120]
119 : [120, 119, 125, 118]
120 : [119, 118, 121]
120 : [119, 120, 118, 125, 121]
120 : [120, 125, 119, 124]
120 : [119]
121 : [121, 118]
121 : [118, 121]
121 : [121, 119]
122 : [122, 124]
122 : [122, 124]
122 : [122, 123, 124]
123 : [123, 122, 124, 119]
123 : [123, 122, 119]
123 : [991, 712]
124 : [124]
124 : [123, 122, 124, 79]
124 : [389, 203, 186]
125 : [113, 125]
125 : [111, 120, 114, 125, 126, 107, 116, 69, 112, 110, 113]
125 : [327, 5, 112, 114, 125, 119, 122, 33, 29, 390, 6, 123, 329, 115]
126 : [112, 110, 329]
126 : [304, 300, 684, 69]
126 : [126]
127 : [143, 136, 21]
127 : [127, 128, 134]
127 : [127, 128, 134]
128 : [127, 128, 134]
128 : [128, 134]
128 : [143, 98, 136]
128 : [128, 134]
129 : [129]
129 : [129]
129 : [129, 127]
130 : [130, 127, 129, 132, 89]
130 : [782, 97]
0 : [390, 394]
0 : [391, 0, 394, 758, 456]
0 : [0, 394]
0 : [0, 394]
1 : [1]
1 : [1, 0]
1 : [1, 0]
2 : [4, 2]
2 : [2, 3]
2 : [2, 3, 4]
3 : [3, 4]
3 : [2, 4]
3 : [2, 3]
4 : [2, 3, 389, 394, 4]
4 : [4, 2]
4 : [110, 390, 395, 115, 29, 27, 26, 394, 5, 327]
5 : [6, 5]
5 : [5, 6]
5 : [5, 109, 115, 329, 991]
6 : [6, 5]
6 : [6, 973, 4, 801, 2, 693, 3, 149]
6 : [5, 6, 115]
7 : [7]
7 : [274, 7]
7 : [630, 502]
8 : [8, 7]
8 : [8, 7]
8 : [790, 588, 519]
8 : [8, 7]
9 : [9]
9 : [60, 369]
9 : [9]
10 : [501, 749]
10 : [15, 11, 12, 10, 13, 14, 16, 21, 17, 20]
10 : [10, 13, 11]
11 : [11, 14, 92]
11 : [11, 16]
11 : [11]
12 : [12, 14, 13]
12 : [12, 10, 14, 13]
12 : [12, 14, 91, 17]
13 : [13, 14]
13 : [13, 14, 16, 12, 15]
13 : [13, 14, 11, 17, 16, 15]
14 : [14, 11]
14 : [14, 21]
14 : [14]
15 : [15, 16, 95, 91]
15 : [15, 14, 17, 95, 16, 91]
15 : [15, 20, 16]
16 : [16, 95, 17, 91, 13, 15, 21]
16 : [16, 95]
16 : [16, 95, 91, 17, 14]
16 : [91, 16, 95, 18]
17 : [17]
17 : [17, 16]
17 : [17, 18]
18 : [18]
18 : [18]
18 : [18, 17, 21, 16]
19 : [19, 17]
19 : [19, 13]
19 : [19, 17, 16, 11, 13, 94, 92]
20 : [97, 98]
20 : [20, 15]
20 : [20, 21]
21 : [21, 23, 87, 8]
21 : [21, 22]
21 : [21, 23, 22]
22 : [22]
22 : [22, 23]
22 : [22, 23]
23 : [23, 128]
23 : [23, 128, 127]
23 : [23, 22, 21, 97]
24 : [24]
24 : [24]
24 : [24]
24 : [24]
25 : [25]
25 : [25, 28, 45, 38, 27]
25 : [25, 45, 28]
26 : [28, 27, 390, 26, 25, 29, 38, 45]
26 : [25, 28, 45]
26 : [991, 994]
27 : [26, 27, 25]
27 : [27, 26, 60, 38]
27 : [26, 27]
28 : [28, 25, 27, 26, 53]
28 : [390, 45, 114, 39]
28 : [28, 25, 27, 390, 26, 52, 45]
29 : [29]
29 : [29]
29 : [115, 110, 108, 107, 125, 991]
30 : [30, 32]
30 : [337, 131, 975, 141]
30 : [30, 32, 31]
31 : [31, 32]
31 : [32, 30, 31]
31 : [31, 32]
32 : [114, 27, 111, 390]
32 : [32, 26, 31, 30, 114, 27]
32 : [30, 29, 27, 327, 32, 114, 26, 28, 31, 115, 390, 110, 25, 5]
32 : [28, 26, 25, 31]
33 : [33, 34]
33 : [33, 34]
33 : [33, 34]
34 : [34, 35]
34 : [34, 33]
34 : [978, 460]
35 : [35, 36, 37]
35 : [35, 36]
35 : [35]
36 : [37, 35]
36 : [34, 37]
36 : [35, 36]
37 : [37, 36]
37 : [37]
37 : [37, 35]
38 : [38, 28]
38 : [38, 43, 42, 41, 40, 45]
38 : [43, 42, 41]
39 : [46, 39, 43, 44, 45]
39 : [39]
39 : [39]
40 : [40, 41, 46, 44, 31]
40 : [40]
40 : [40, 46, 39, 42]
40 : [40, 41, 42, 26, 38, 27, 43, 46]
41 : [41, 42]
41 : [59, 57, 43, 44, 58, 27]
41 : [38, 41, 42, 44]
42 : [41, 42, 43]
42 : [42, 43]
42 : [42, 43, 41]
43 : [42, 40]
43 : [43, 40]
43 : [43, 42, 39, 41]
44 : [67, 63, 52, 54, 61, 68, 58, 53]
44 : [44, 42, 41, 46, 68, 43, 38]
44 : [68, 63, 66, 52, 54, 45, 60, 38, 57, 64, 44, 53]
45 : [45, 42]
45 : [45, 102]
45 : [45, 38, 27]
46 : [40, 46]
46 : [912, 40, 42]
46 : [44, 46, 42, 41, 45, 60]
47 : [47, 40, 95]
47 : [47, 45]
47 : [47, 42]
48 : [48, 39]
48 : [48, 42, 43]
48 : [48, 45]
48 : [48, 39]
49 : [50, 30, 103]
49 : [141, 142, 133, 143, 97]
49 : [50, 49, 27, 26]
50 : [50, 49]
50 : [50, 49]
50 : [50, 49]
51 : [51, 69]
51 : [501]
51 : [51]
52 : [53, 58, 55, 60, 52, 57, 25, 56, 27]
52 : [58, 52, 53]
52 : [53, 58, 59, 52, 56, 57, 60]
53 : [52, 57, 56, 65, 59, 60]
53 : [53, 52, 65, 59, 58, 55]
53 : [57, 52, 60, 53, 59]
54 : [67, 68, 56, 54, 63, 62, 58, 61, 60, 65, 59, 66, 52, 57, 53, 64]
54 : [68, 54, 57, 67, 63, 52, 66, 61, 59, 58, 60, 62]
54 : [52, 59]
55 : [55, 59, 57, 64, 53, 58, 52]
55 : [64, 60, 59]
55 : [59, 60, 53, 55, 52, 64, 57, 54]
56 : [58, 56, 55, 52, 59, 53, 57, 63, 65]
56 : [56, 59, 65, 52, 58]
56 : [56, 63, 53, 59, 52, 54, 65, 58, 62, 66, 61, 60, 57, 64, 45]
56 : [60, 59, 56, 57, 54]
57 : [57, 59, 64, 66]
57 : [57, 59, 53]
57 : [57, 59, 58, 65, 66]
58 : [58, 65, 63, 62, 59, 56]
58 : [107, 6]
58 : [58]
59 : [64, 55, 57, 59, 60]
59 : [64, 304]
59 : [64, 55, 59]
60 : [61, 62, 56, 60]
60 : [62, 63, 61, 59, 54, 52, 67, 56, 64, 60, 68, 66]
60 : [63, 54]
61 : [62, 61, 68, 56]
61 : [59, 62, 63, 61, 60, 67]
61 : [62, 61, 63, 58]
62 : [62, 54, 67, 68, 61, 59, 52]
62 : [62, 61]
62 : [60, 57, 63, 59, 52, 53]
63 : [62, 56, 60, 55, 53, 58, 61, 63]
63 : [674]
63 : [53, 63, 58, 57, 56, 60, 52, 59]
64 : [64, 59]
64 : [997, 995, 994]
64 : [64]
64 : [59, 58, 55, 57, 63, 60, 52]
65 : [65, 390]
65 : [65, 110]
65 : [65, 58]
66 : [54, 66]
66 : [68, 66, 67, 54, 62, 63]
66 : [66, 38, 44, 68, 32, 46, 45]
67 : [67, 54]
67 : [67, 68, 54, 61, 63, 66, 60]
67 : [54, 66, 52, 59]
68 : [68, 66, 54, 67]
68 : [67, 68, 62, 63]
68 : [68, 54, 67, 66, 61, 62, 63, 60]
69 : [69, 116, 112]
69 : [69]
69 : [501]
70 : [70, 73, 313]
70 : [70, 313, 57, 52, 79, 59]
70 : [313, 75, 70]
71 : [120, 79, 123]
71 : [71, 79, 313, 126]
71 : [674, 712, 542, 626]
72 : [815]
72 : [73, 75, 72, 74, 76, 70]
72 : [815]
72 : [815]
73 : [815, 599]
73 : [815]
73 : [815, 916]
74 : [815]
74 : [815]
74 : [304, 126, 114]
75 : [75]
75 : [73, 70, 77]
75 : [75, 73]
76 : [76, 73]
76 : [305, 306]
76 : [76, 73]
77 : [77, 71, 73, 76, 312, 314, 124]
77 : [76, 78, 79, 75, 307]
77 : [73, 77, 74, 75, 76, 72]
78 : [712, 648, 644, 700, 434]
78 : [303, 73, 119, 122, 71, 75, 72, 123, 77]
78 : [78, 304]
79 : [79]
79 : [79]
79 : [79]
80 : [8, 7]
80 : [8, 7]
80 : [8, 91]
80 : [7, 93, 8, 97]
81 : [8, 140, 331, 139, 41, 298, 138, 21, 363]
81 : [138, 8]
81 : [8]
82 : [8, 21, 97, 91]
82 : [133, 138, 8, 20, 141]
82 : [8]
83 : [133, 142, 97]
83 : [21, 138, 8, 7, 23]
83 : [141, 331, 133, 97]
84 : [138, 21]
84 : [8, 7, 136, 21]
84 : [328, 749]
85 : [8, 91, 17, 95, 20, 21]
85 : [138, 8, 97, 20, 21, 136, 141, 137]
85 : [138, 17, 134, 21, 91, 18, 95, 16, 8, 98]
86 : [138, 141, 8, 21, 140]
86 : [138, 136, 8, 17, 21]
86 : [97, 8]
87 : [87, 88]
87 : [87, 23]
87 : [87, 89]
88 : [88, 90, 21]
88 : [88, 90]
88 : [88, 90]
88 : [11, 90]
89 : [89, 88]
89 : [89]
89 : [89]
90 : [90]
90 : [90, 87]
90 : [90, 87]
91 : [91, 16]
91 : [91]
91 : [91, 21]
92 : [92, 95]
92 : [92, 95]
92 : [92]
93 : [93, 21]
93 : [93, 96]
93 : [93, 96]
94 : [94]
94 : [94]
94 : [94]
95 : [95, 91, 92, 16, 21]
95 : [94, 95, 16]
95 : [92, 95, 16]
96 : [96, 93]
96 : [96, 93, 91]
96 : [96]
96 : [96, 93]
97 : [97, 136]
97 : [97, 98]
97 : [97, 136]
98 : [141, 98, 133, 138, 136, 143, 137, 128, 97, 99, 142, 100, 134, 9]
98 : [98, 97]
98 : [98]
99 : [99, 97, 136]
99 : [99, 146, 97]
99 : [21, 97]
100 : [100, 99]
100 : [100, 99, 97]
100 : [100, 137, 99]
101 : [386, 385]
101 : [385, 386]
101 : [385, 386]
102 : [102, 103]
102 : [102]
102 : [102, 334]
103 : [103, 150]
103 : [971, 438, 148, 103, 712]
103 : [103, 329]
104 : [104, 298]
104 : [104]
104 : [104, 369]
104 : [104]
105 : [384, 383]
105 : [105, 104]
105 : [364, 335, 103, 89]
106 : [106, 332]
106 : [106]
106 : [106]
107 : [718, 975, 978, 456, 733, 973]
107 : [712, 556, 904, 971, 905, 538]
107 : [107]
108 : [108, 393, 109, 973]
108 : [107, 328]
108 : [108, 329]
109 : [991, 992]
109 : [34, 33]
109 : [109, 977]
110 : [110, 26]
110 : [991, 992]
110 : [5, 115, 110]
111 : [676, 777, 596, 845, 902]
111 : [712, 842, 971]
111 : [111, 395, 712, 107, 971]
112 : [112]
112 : [6, 58, 390, 119, 327, 36]
112 : [112, 329, 116]
112 : [112, 116, 684, 513]
113 : [113, 114]
113 : [992]
113 : [111, 110, 114, 327, 115]
114 : [114, 115, 110, 111, 329]
114 : [114, 327, 110, 115]
114 : [114, 25]
115 : [115, 329, 110, 111]
115 : [115, 5, 108, 110]
115 : [110, 115]
116 : [599, 506, 994, 712, 577]
116 : [69, 110, 116, 390, 329]
116 : [677, 542]
117 : [677, 783, 596, 506]
117 : [117, 116]
117 : [117, 125]
118 : [118, 121]
118 : [118, 121]
118 : [118, 122, 120, 124, 119]
119 : [119, 120, 125]
119 : [119, 120]
119 : [120, 119, 125, 118]
120 : [119, 118, 121]
120 : [119, 120, 118, 125, 121]
120 : [120, 125, 119, 124]
120 : [119]
121 : [121, 118]
121 : [118, 121]
121 : [121, 119]
122 : [122, 124]
122 : [122, 124]
122 : [122, 123, 124]
123 : [123, 122, 124, 119]
123 : [123, 122, 119]
123 : [991, 712]
124 : [124]
124 : [123, 122, 124, 79]
124 : [389, 203, 186]
125 : [113, 125]
125 : [111, 120, 114, 125, 126, 107, 116, 69, 112, 110, 113]
125 : [327, 5, 112, 114, 125, 119, 122, 33, 29, 390, 6, 123, 329, 115]
126 : [112, 110, 329]
126 : [304, 300, 684, 69]
126 : [126]
127 : [143, 136, 21]
127 : [127, 128, 134]
127 : [127, 128, 134]
128 : [127, 128, 134]
128 : [128, 134]
128 : [143, 98, 136]
128 : [128, 134]
129 : [129]
129 : [129]
129 : [129, 127]
130 : [130, 127, 129, 132, 89]
130 : [782, 97]
130 : [100, 144, 97, 99, 9]
131 : [131, 141, 142, 136, 137, 129]
131 : [131]
131 : [131]
132 : [146, 21, 143, 136, 144]
132 : [21, 144]
132 : [129, 21, 134, 146, 144, 143, 136, 100]
133 : [133, 131]
133 : [133, 131]
133 : [133, 134]
134 : [100, 9]
134 : [9, 100]
134 : [131, 132]
135 : [135, 128]
135 : [135, 128]
135 : [138, 133, 135]
136 : [96, 8, 21, 136, 137, 18, 134, 90, 91, 7, 128, 93]
136 : [136, 8, 137, 143, 134]
136 : [136]
136 : [136, 137]
137 : [137, 136, 97]
137 : [137, 143, 136, 100, 131, 134, 146, 99]
137 : [137, 136]
138 : [9, 21]
138 : [138, 134]
138 : [133, 97, 138]
139 : [139, 140]
139 : [139, 140, 141, 143]
139 : [139, 140]
140 : [140, 141]
140 : [140, 141, 139, 142]
140 : [140, 141]
141 : [141, 142, 140]
141 : [141, 142, 140, 143]
141 : [141, 142, 143, 140, 135]
142 : [142, 141, 140]
142 : [142, 140, 141]
142 : [141, 142, 140, 139, 135, 143]
143 : [143, 128]
143 : [143, 141]
143 : [143, 139, 141]
144 : [144]
144 : [144]
144 : [100, 144, 146, 871, 97]
144 : [146, 144]
145 : [145]
145 : [145]
145 : [145]
146 : [146, 98]
146 : [146, 21]
146 : [146, 127]
147 : [460, 2, 150, 833, 394, 6, 814, 149]
147 : [147, 977]
147 : [147]
148 : [148, 147]
148 : [148, 147]
148 : [148, 147]
149 : [149, 147]
149 : [114, 126, 363, 103, 29, 304, 376]
149 : [149, 150, 6]
150 : [150]
150 : [150]
150 : [150, 148]
151 : [253, 151, 158]
151 : [151, 158, 237]
151 : [151, 268]
152 : [152, 154]
152 : [229, 204, 228, 200, 155, 194, 153, 203]
152 : [155, 204]
152 : [152, 157]
153 : [155, 153, 204, 194, 201, 203, 187, 200]
153 : [265, 203, 153, 266, 204, 194, 202, 201, 155, 196, 219]
153 : [156, 265, 266, 155, 194]
154 : [154, 254, 262, 156]
154 : [154, 260]
154 : [155, 154, 252, 916, 369, 456]
155 : [155, 153, 204, 154]
155 : [516, 431]
155 : [155]
156 : [156, 218, 215, 217]
156 : [156, 216]
156 : [156, 157, 218]
157 : [157]
157 : [157]
157 : [157, 230]
158 : [151, 237, 171, 172, 253, 273, 158, 263, 274, 224, 167, 264]
158 : [195]
158 : [237, 158, 151]
159 : [159, 211, 209, 168, 184, 225, 213, 242, 253, 273]
159 : [537, 159, 209, 211, 253, 168, 246, 242, 243]
159 : [268, 159, 253, 211, 171, 168, 242, 172, 178, 184, 237, 180, 225, 246, 158, 173, 179, 176, 163]
160 : [160, 221]
160 : [160]
160 : [160, 197]
160 : [160]
161 : [630, 456, 519, 676]
161 : [162, 161, 241]
161 : [161, 163, 165]
162 : [162, 161, 166, 167, 168, 164, 178, 211, 165, 240, 210, 215, 163]
162 : [162, 166, 253, 167, 263, 158, 264, 237]
162 : [162, 172, 171, 180, 179, 264, 158, 237, 253, 151, 263]
163 : [225, 236, 165, 168, 164, 235, 208, 178, 246, 166, 163, 224, 162, 161, 251, 167, 159, 275]
163 : [161, 165]
163 : [163, 161, 165]
164 : [167, 166, 240, 241, 238, 173, 162, 176, 253]
164 : [164, 165, 162, 237, 166, 161, 241]
164 : [164, 210]
165 : [165, 168, 166, 163]
165 : [676, 519]
165 : [239, 241, 217, 215, 164]
166 : [167, 161, 166, 162]
166 : [162, 166]
166 : [166, 167, 241, 162, 238, 165]
167 : [167, 166, 240, 173, 215, 212, 218]
167 : [167, 218, 161, 275, 215, 166, 176, 211, 247, 162, 240, 216, 217]
167 : [162, 167]
168 : [237, 236, 177, 209, 164]
168 : [159, 168, 167, 209, 163, 166]
168 : [159, 209, 184, 168, 208]
168 : [168, 237, 211, 171, 159, 173, 158]
169 : [169]
169 : [169, 160, 222, 177]
169 : [169, 176]
170 : [170, 177, 169]
170 : [198, 189, 197]
170 : [170, 177, 175, 214]
171 : [171, 173, 172, 180, 268, 253]
171 : [171, 172]
171 : [263, 264, 180]
172 : [172, 173, 253, 171, 180]
172 : [224]
172 : [172, 176, 173, 167, 166, 162, 171, 251, 253]
173 : [188]
173 : [173, 253, 158, 171, 172, 237, 264, 268]
173 : [173, 537, 273, 167, 253]
174 : [174, 249, 248, 169, 170, 222, 261, 258, 257, 233]
174 : [273, 248, 249, 279, 274]
174 : [174, 235, 225]
175 : [170, 177, 224]
175 : [216, 226, 200, 189, 199, 229, 228, 202, 194]
175 : [175, 202, 170, 198, 229, 194, 188, 226, 200, 177, 228, 189, 160, 233, 191, 197]
176 : [172, 176, 205, 253, 224, 169, 238, 225, 227, 241, 177, 206, 232, 240, 236, 166, 214, 231, 213, 165, 167, 164, 208, 173, 171]
176 : [212, 160]
176 : [176, 172, 159, 177, 168, 184, 213, 224, 178, 171, 173, 246, 236, 210, 225, 209]
176 : [176, 218, 173, 167, 224, 222, 212, 169]
177 : [177, 170]
177 : [177, 170]
177 : [676]
178 : [260, 224, 179, 216, 180, 244]
178 : [676]
178 : [178, 180, 168]
179 : [374, 373]
179 : [223]
179 : [180, 179]
180 : [180, 179]
180 : [180, 179]
180 : [237, 162, 161, 224, 168, 242, 164, 166, 241, 253, 159, 167, 264, 243, 240, 263]
181 : [267, 181, 266]
181 : [181, 189, 266, 267]
181 : [676, 519, 721, 911, 697, 806]
182 : [182, 262]
182 : [182, 186, 184, 189, 193]
182 : [196, 182, 189]
183 : [198, 181, 189, 197, 196, 191, 233, 183, 202, 184, 267, 199, 170, 188]
183 : [233, 226, 222, 153]
183 : [911, 738, 516, 883, 438, 846]
count (test images): 575
Top 1 acc: 59.83%
Mean per class acc: 59.78%
Mean inference time: 448.67 sec
130 : [100, 144, 97, 99, 9]
131 : [131, 141, 142, 136, 137, 129]
131 : [131]
131 : [131]
132 : [146, 21, 143, 136, 144]
132 : [21, 144]
132 : [129, 21, 134, 146, 144, 143, 136, 100]
133 : [133, 131]
133 : [133, 131]
133 : [133, 134]
134 : [100, 9]
134 : [9, 100]
134 : [131, 132]
135 : [135, 128]
135 : [135, 128]
135 : [138, 133, 135]
136 : [96, 8, 21, 136, 137, 18, 134, 90, 91, 7, 128, 93]
136 : [136, 8, 137, 143, 134]
136 : [136]
136 : [136, 137]
137 : [137, 136, 97]
137 : [137, 143, 136, 100, 131, 134, 146, 99]
137 : [137, 136]
138 : [9, 21]
138 : [138, 134]
138 : [133, 97, 138]
139 : [139, 140]
139 : [139, 140, 141, 143]
139 : [139, 140]
140 : [140, 141]
140 : [140, 141, 139, 142]
140 : [140, 141]
141 : [141, 142, 140]
141 : [141, 142, 140, 143]
141 : [141, 142, 143, 140, 135]
142 : [142, 141, 140]
142 : [142, 140, 141]
142 : [141, 142, 140, 139, 135, 143]
143 : [143, 128]
143 : [143, 141]
143 : [143, 139, 141]
144 : [144]
144 : [144]
144 : [100, 144, 146, 871, 97]
144 : [146, 144]
145 : [145]
145 : [145]
145 : [145]
146 : [146, 98]
146 : [146, 21]
146 : [146, 127]
147 : [460, 2, 150, 833, 394, 6, 814, 149]
147 : [147, 977]
147 : [147]
148 : [148, 147]
148 : [148, 147]
148 : [148, 147]
149 : [149, 147]
149 : [114, 126, 363, 103, 29, 304, 376]
149 : [149, 150, 6]
150 : [150]
150 : [150]
150 : [150, 148]
151 : [253, 151, 158]
151 : [151, 158, 237]
151 : [151, 268]
152 : [152, 154]
152 : [229, 204, 228, 200, 155, 194, 153, 203]
152 : [155, 204]
152 : [152, 157]
153 : [155, 153, 204, 194, 201, 203, 187, 200]
153 : [265, 203, 153, 266, 204, 194, 202, 201, 155, 196, 219]
153 : [156, 265, 266, 155, 194]
154 : [154, 254, 262, 156]
154 : [154, 260]
154 : [155, 154, 252, 916, 369, 456]
155 : [155, 153, 204, 154]
155 : [516, 431]
155 : [155]
156 : [156, 218, 215, 217]
156 : [156, 216]
156 : [156, 157, 218]
157 : [157]
157 : [157]
157 : [157, 230]
158 : [151, 237, 171, 172, 253, 273, 158, 263, 274, 224, 167, 264]
158 : [195]
158 : [237, 158, 151]
159 : [159, 211, 209, 168, 184, 225, 213, 242, 253, 273]
159 : [537, 159, 209, 211, 253, 168, 246, 242, 243]
159 : [268, 159, 253, 211, 171, 168, 242, 172, 178, 184, 237, 180, 225, 246, 158, 173, 179, 176, 163]
160 : [160, 221]
160 : [160]
160 : [160, 197]
160 : [160]
161 : [630, 456, 519, 676]
161 : [162, 161, 241]
161 : [161, 163, 165]
162 : [162, 161, 166, 167, 168, 164, 178, 211, 165, 240, 210, 215, 163]
162 : [162, 166, 253, 167, 263, 158, 264, 237]
162 : [162, 172, 171, 180, 179, 264, 158, 237, 253, 151, 263]
163 : [225, 236, 165, 168, 164, 235, 208, 178, 246, 166, 163, 224, 162, 161, 251, 167, 159, 275]
163 : [161, 165]
163 : [163, 161, 165]
164 : [167, 166, 240, 241, 238, 173, 162, 176, 253]
164 : [164, 165, 162, 237, 166, 161, 241]
164 : [164, 210]
165 : [165, 168, 166, 163]
165 : [676, 519]
165 : [239, 241, 217, 215, 164]
166 : [167, 161, 166, 162]
166 : [162, 166]
166 : [166, 167, 241, 162, 238, 165]
167 : [167, 166, 240, 173, 215, 212, 218]
167 : [167, 218, 161, 275, 215, 166, 176, 211, 247, 162, 240, 216, 217]
167 : [162, 167]
168 : [237, 236, 177, 209, 164]
168 : [159, 168, 167, 209, 163, 166]
168 : [159, 209, 184, 168, 208]
168 : [168, 237, 211, 171, 159, 173, 158]
169 : [169]
169 : [169, 160, 222, 177]
169 : [169, 176]
170 : [170, 177, 169]
170 : [198, 189, 197]
170 : [170, 177, 175, 214]
171 : [171, 173, 172, 180, 268, 253]
171 : [171, 172]
171 : [263, 264, 180]
172 : [172, 173, 253, 171, 180]
172 : [224]
172 : [172, 176, 173, 167, 166, 162, 171, 251, 253]
173 : [188]
173 : [173, 253, 158, 171, 172, 237, 264, 268]
173 : [173, 537, 273, 167, 253]
174 : [174, 249, 248, 169, 170, 222, 261, 258, 257, 233]
174 : [273, 248, 249, 279, 274]
174 : [174, 235, 225]
175 : [170, 177, 224]
175 : [216, 226, 200, 189, 199, 229, 228, 202, 194]
175 : [175, 202, 170, 198, 229, 194, 188, 226, 200, 177, 228, 189, 160, 233, 191, 197]
176 : [172, 176, 205, 253, 224, 169, 238, 225, 227, 241, 177, 206, 232, 240, 236, 166, 214, 231, 213, 165, 167, 164, 208, 173, 171]
176 : [212, 160]
176 : [176, 172, 159, 177, 168, 184, 213, 224, 178, 171, 173, 246, 236, 210, 225, 209]
176 : [176, 218, 173, 167, 224, 222, 212, 169]
177 : [177, 170]
177 : [177, 170]
177 : [676]
178 : [260, 224, 179, 216, 180, 244]
178 : [676]
178 : [178, 180, 168]
179 : [374, 373]
179 : [223]
179 : [180, 179]
180 : [180, 179]
180 : [180, 179]
180 : [237, 162, 161, 224, 168, 242, 164, 166, 241, 253, 159, 167, 264, 243, 240, 263]
181 : [267, 181, 266]
181 : [181, 189, 266, 267]
181 : [676, 519, 721, 911, 697, 806]
182 : [182, 262]
182 : [182, 186, 184, 189, 193]
182 : [196, 182, 189]
183 : [198, 181, 189, 197, 196, 191, 233, 183, 202, 184, 267, 199, 170, 188]
183 : [233, 226, 222, 153]
183 : [911, 738, 516, 883, 438, 846]
count (test images): 575
Top 1 acc: 59.83%
Mean per class acc: 59.78%
Mean inference time: 448.67 sec
