Started run at: 1712313702.17 seconds
Run folder: data/imagenet_07_04/v2-0_1trials_50_25_10_1keep_50_100_500_1000samples
Setting up dataset and prompts

Loading pretrained models...

Loading noise...

Tokenizing text prompts and creating embeddings...

Load subset to evaluate

Evaluating predictions: 
LABEL: 0
Pred: 390 

Inference time: 911.02 seconds 
LABEL: 0
Pred: 501 

Inference time: 831.47 seconds 
LABEL: 0
Pred: 0 

Inference time: 880.01 seconds 
LABEL: 0
Pred: 0 

Inference time: 922.17 seconds 
LABEL: 1
Pred: 1 

Inference time: 562.89 seconds 
LABEL: 1
Pred: 1 

Inference time: 739.43 seconds 
LABEL: 1
Pred: 1 

Inference time: 754.12 seconds 
LABEL: 2
Pred: 3 

Inference time: 799.02 seconds 
LABEL: 2
Pred: 2 

Inference time: 977.50 seconds 
LABEL: 2
Pred: 2 

Inference time: 983.11 seconds 
LABEL: 3
Pred: 3 

Inference time: 892.94 seconds 
LABEL: 3
Pred: 2 

Inference time: 824.98 seconds 
LABEL: 3
Pred: 3 

Inference time: 853.29 seconds 
LABEL: 4
Pred: 149 

Inference time: 750.06 seconds 
LABEL: 4
Pred: 4 

Inference time: 798.43 seconds 
LABEL: 4
Pred: 326 

Inference time: 776.76 seconds 
LABEL: 5
Pred: 6 

Inference time: 852.96 seconds 
LABEL: 5
Pred: 5 

Inference time: 567.22 seconds 
LABEL: 5
Pred: 5 

Inference time: 660.91 seconds 
LABEL: 6
Pred: 6 

Inference time: 658.69 seconds 
LABEL: 6
Pred: 3 

Inference time: 617.54 seconds 
LABEL: 6
Pred: 5 

Inference time: 906.28 seconds 
LABEL: 7
Pred: 380 

Inference time: 792.04 seconds 
LABEL: 7
Pred: 371 

Inference time: 764.53 seconds 
LABEL: 7
Pred: 502 

Inference time: 369.19 seconds 
LABEL: 8
Pred: 8 

Inference time: 604.40 seconds 
LABEL: 8
Pred: 8 

Inference time: 594.44 seconds 
LABEL: 8
Pred: 8 

Inference time: 416.44 seconds 
LABEL: 8
Pred: 8 

Inference time: 814.10 seconds 
LABEL: 9
Pred: 138 

Inference time: 811.16 seconds 
LABEL: 9
Pred: 321 

Inference time: 635.71 seconds 
LABEL: 9
Pred: 658 

Inference time: 600.37 seconds 
LABEL: 10
Pred: 610 

Inference time: 757.59 seconds 
LABEL: 10
Pred: 15 

Inference time: 843.32 seconds 
LABEL: 10
Pred: 10 

Inference time: 779.89 seconds 
LABEL: 11
Pred: 11 

Inference time: 821.77 seconds 
LABEL: 11
Pred: 11 

Inference time: 838.36 seconds 
LABEL: 11
Pred: 11 

Inference time: 686.93 seconds 
LABEL: 12
Pred: 12 

Inference time: 670.26 seconds 
LABEL: 12
Pred: 12 

Inference time: 893.78 seconds 
LABEL: 12
Pred: 12 

Inference time: 808.71 seconds 
LABEL: 13
Pred: 13 

Inference time: 856.10 seconds 
LABEL: 13
Pred: 13 

Inference time: 846.32 seconds 
LABEL: 13
Pred: 14 

Inference time: 799.10 seconds 
LABEL: 14
Pred: 14 

Inference time: 653.63 seconds 
LABEL: 14
Pred: 14 

Inference time: 890.38 seconds 
LABEL: 14
Pred: 14 

Inference time: 856.88 seconds 
LABEL: 15
Pred: 15 

Inference time: 505.42 seconds 
LABEL: 15
Pred: 14 

Inference time: 706.20 seconds 
LABEL: 15
Pred: 15 

Inference time: 885.03 seconds 
LABEL: 16
Pred: 16 

Inference time: 797.25 seconds 
LABEL: 16
Pred: 16 

Inference time: 830.38 seconds 
LABEL: 16
Pred: 16 

Inference time: 794.55 seconds 
LABEL: 16
Pred: 91 

Inference time: 723.15 seconds 
LABEL: 17
Pred: 17 

Inference time: 729.02 seconds 
LABEL: 17
Pred: 17 

Inference time: 789.81 seconds 
LABEL: 17
Pred: 17 

Inference time: 628.28 seconds 
LABEL: 18
Pred: 18 

Inference time: 727.47 seconds 
LABEL: 18
Pred: 18 

Inference time: 419.76 seconds 
LABEL: 18
Pred: 18 

Inference time: 881.52 seconds 
LABEL: 19
Pred: 19 

Inference time: 819.54 seconds 
LABEL: 19
Pred: 19 

Inference time: 611.29 seconds 
LABEL: 19
Pred: 19 

Inference time: 734.27 seconds 
LABEL: 20
Pred: 98 

Inference time: 725.48 seconds 
LABEL: 20
Pred: 321 

Inference time: 900.31 seconds 
LABEL: 20
Pred: 501 

Inference time: 807.40 seconds 
LABEL: 21
Pred: 224 

Inference time: 649.52 seconds 
LABEL: 21
Pred: 22 

Inference time: 675.23 seconds 
LABEL: 21
Pred: 97 

Inference time: 390.80 seconds 
LABEL: 22
Pred: 22 

Inference time: 890.12 seconds 
LABEL: 22
Pred: 22 

Inference time: 670.94 seconds 
LABEL: 22
Pred: 22 

Inference time: 636.30 seconds 
LABEL: 23
Pred: 23 

Inference time: 714.63 seconds 
LABEL: 23
Pred: 23 

Inference time: 744.22 seconds 
LABEL: 23
Pred: 23 

Inference time: 699.31 seconds 
LABEL: 24
Pred: 24 

Inference time: 523.40 seconds 
LABEL: 24
Pred: 24 

Inference time: 683.02 seconds 
LABEL: 24
Pred: 24 

Inference time: 573.71 seconds 
LABEL: 24
Pred: 24 

Inference time: 666.96 seconds 
LABEL: 25
Pred: 25 

Inference time: 841.59 seconds 
LABEL: 25
Pred: 25 

Inference time: 763.25 seconds 
LABEL: 25
Pred: 45 

Inference time: 541.32 seconds 
LABEL: 26
Pred: 28 

Inference time: 659.62 seconds 
LABEL: 26
Pred: 45 

Inference time: 737.04 seconds 
LABEL: 26
Pred: 26 

Inference time: 725.63 seconds 
LABEL: 27
Pred: 68 

Inference time: 437.80 seconds 
LABEL: 27
Pred: 26 

Inference time: 740.27 seconds 
LABEL: 27
Pred: 326 

Inference time: 733.56 seconds 
LABEL: 28
Pred: 28 

Inference time: 602.40 seconds 
LABEL: 28
Pred: 390 

Inference time: 817.85 seconds 
LABEL: 28
Pred: 25 

Inference time: 711.48 seconds 
LABEL: 29
Pred: 29 

Inference time: 591.99 seconds 
LABEL: 29
Pred: 29 

Inference time: 755.74 seconds 
LABEL: 29
Pred: 29 

Inference time: 723.49 seconds 
LABEL: 30
Pred: 30 

Inference time: 843.36 seconds 
LABEL: 30
Pred: 337 

Inference time: 865.01 seconds 
LABEL: 30
Pred: 30 

Inference time: 635.29 seconds 
LABEL: 31
Pred: 31 

Inference time: 626.18 seconds 
LABEL: 31
Pred: 32 

Inference time: 765.94 seconds 
LABEL: 31
Pred: 31 

Inference time: 853.42 seconds 
LABEL: 32
Pred: 326 

Inference time: 826.51 seconds 
LABEL: 32
Pred: 32 

Inference time: 670.20 seconds 
LABEL: 32
Pred: 32 

Inference time: 901.36 seconds 
LABEL: 32
Pred: 32 

Inference time: 749.21 seconds 
LABEL: 33
Pred: 36 

Inference time: 706.22 seconds 
LABEL: 33
Pred: 34 

Inference time: 778.68 seconds 
LABEL: 33
Pred: 34 

Inference time: 920.49 seconds 
LABEL: 34
Pred: 34 

Inference time: 911.47 seconds 
LABEL: 34
Pred: 34 

Inference time: 640.46 seconds 
LABEL: 34
Pred: 34 

Inference time: 431.90 seconds 
LABEL: 35
Pred: 35 

Inference time: 687.37 seconds 
LABEL: 35
Pred: 35 

Inference time: 615.84 seconds 
LABEL: 35
Pred: 35 

Inference time: 874.92 seconds 
LABEL: 36
Pred: 37 

Inference time: 687.40 seconds 
LABEL: 36
Pred: 842 

Inference time: 501.53 seconds 
LABEL: 36
Pred: 35 

Inference time: 702.58 seconds 
LABEL: 37
Pred: 408 

Inference time: 397.74 seconds 
LABEL: 37
Pred: 37 

Inference time: 835.37 seconds 
LABEL: 37
Pred: 37 

Inference time: 956.90 seconds 
LABEL: 38
Pred: 38 

Inference time: 716.68 seconds 
LABEL: 38
Pred: 38 

Inference time: 606.31 seconds 
LABEL: 38
Pred: 67 

Inference time: 615.87 seconds 
LABEL: 39
Pred: 46 

Inference time: 781.42 seconds 
LABEL: 39
Pred: 39 

Inference time: 780.02 seconds 
LABEL: 39
Pred: 39 

Inference time: 694.89 seconds 
LABEL: 40
Pred: 46 

Inference time: 747.50 seconds 
LABEL: 40
Pred: 46 

Inference time: 727.73 seconds 
LABEL: 40
Pred: 46 

Inference time: 891.90 seconds 
LABEL: 40
Pred: 46 

Inference time: 656.74 seconds 
LABEL: 41
Pred: 311 

Inference time: 673.05 seconds 
LABEL: 41
Pred: 59 

Inference time: 699.99 seconds 
LABEL: 41
Pred: 38 

Inference time: 681.17 seconds 
LABEL: 42
Pred: 42 

Inference time: 807.45 seconds 
LABEL: 42
Pred: 28 

Inference time: 890.60 seconds 
LABEL: 42
Pred: 44 

Inference time: 624.75 seconds 
LABEL: 43
Pred: 42 

Inference time: 756.78 seconds 
LABEL: 43
Pred: 43 

Inference time: 811.24 seconds 
LABEL: 43
Pred: 39 

Inference time: 746.07 seconds 
LABEL: 44
Pred: 53 

Inference time: 808.86 seconds 
LABEL: 44
Pred: 44 

Inference time: 536.40 seconds 
LABEL: 44
Pred: 54 

Inference time: 789.28 seconds 
LABEL: 45
Pred: 45 

Inference time: 817.57 seconds 
LABEL: 45
Pred: 45 

Inference time: 958.01 seconds 
LABEL: 45
Pred: 45 

Inference time: 847.26 seconds 
LABEL: 46
Pred: 46 

Inference time: 891.76 seconds 
LABEL: 46
Pred: 46 

Inference time: 795.46 seconds 
LABEL: 46
Pred: 46 

Inference time: 648.30 seconds 
LABEL: 47
Pred: 47 

Inference time: 886.07 seconds 
LABEL: 47
Pred: 47 

Inference time: 708.97 seconds 
LABEL: 47
Pred: 40 

Inference time: 704.80 seconds 
LABEL: 48
Pred: 48 

Inference time: 853.52 seconds 
LABEL: 48
Pred: 48 

Inference time: 823.98 seconds 
LABEL: 48
Pred: 48 

Inference time: 888.01 seconds 
LABEL: 48
Pred: 48 

Inference time: 784.12 seconds 
LABEL: 49
Pred: 124 

Inference time: 831.60 seconds 
LABEL: 49
Pred: 133 

Inference time: 858.10 seconds 
LABEL: 49
Pred: 58 

Inference time: 761.89 seconds 
LABEL: 50
Pred: 50 

Inference time: 791.00 seconds 
LABEL: 50
Pred: 50 

Inference time: 900.74 seconds 
LABEL: 50
Pred: 50 

Inference time: 711.64 seconds 
LABEL: 51
Pred: 51 

Inference time: 965.12 seconds 
LABEL: 51
Pred: 649 

Inference time: 600.45 seconds 
LABEL: 51
Pred: 51 

Inference time: 789.20 seconds 
LABEL: 52
Pred: 58 

Inference time: 772.13 seconds 
LABEL: 52
Pred: 58 

Inference time: 956.82 seconds 
LABEL: 52
Pred: 58 

Inference time: 947.36 seconds 
LABEL: 53
Pred: 54 

Inference time: 938.83 seconds 
LABEL: 53
Pred: 326 

Inference time: 843.01 seconds 
LABEL: 53
Pred: 392 

Inference time: 690.68 seconds 
LABEL: 54
Pred: 54 

Inference time: 774.28 seconds 
LABEL: 54
Pred: 54 

Inference time: 562.68 seconds 
LABEL: 54
Pred: 59 

Inference time: 817.95 seconds 
LABEL: 55
Pred: 55 

Inference time: 819.63 seconds 
LABEL: 55
Pred: 55 

Inference time: 839.11 seconds 
LABEL: 55
Pred: 53 

Inference time: 891.46 seconds 
LABEL: 56
Pred: 56 

Inference time: 803.17 seconds 
LABEL: 56
Pred: 56 

Inference time: 835.69 seconds 
LABEL: 56
Pred: 54 

Inference time: 925.58 seconds 
LABEL: 56
Pred: 59 

Inference time: 786.31 seconds 
LABEL: 57
Pred: 57 

Inference time: 982.33 seconds 
LABEL: 57
Pred: 64 

Inference time: 872.71 seconds 
LABEL: 57
Pred: 53 

Inference time: 1006.94 seconds 
LABEL: 58
Pred: 58 

Inference time: 936.62 seconds 
LABEL: 58
Pred: 107 

Inference time: 601.01 seconds 
LABEL: 58
Pred: 58 

Inference time: 666.31 seconds 
LABEL: 59
Pred: 64 

Inference time: 659.13 seconds 
LABEL: 59
Pred: 64 

Inference time: 880.55 seconds 
LABEL: 59
Pred: 55 

Inference time: 729.54 seconds 
LABEL: 60
Pred: 52 

Inference time: 911.57 seconds 
LABEL: 60
Pred: 54 

Inference time: 875.97 seconds 
LABEL: 60
Pred: 60 

Inference time: 906.73 seconds 
LABEL: 61
Pred: 62 

Inference time: 436.33 seconds 
LABEL: 61
Pred: 59 

Inference time: 744.62 seconds 
LABEL: 61
Pred: 62 

Inference time: 891.59 seconds 
LABEL: 62
Pred: 53 

Inference time: 748.78 seconds 
LABEL: 62
Pred: 62 

Inference time: 927.05 seconds 
LABEL: 62
Pred: 60 

Inference time: 741.27 seconds 
LABEL: 63
Pred: 56 

Inference time: 629.38 seconds 
LABEL: 63
Pred: 884 

Inference time: 913.79 seconds 
LABEL: 63
Pred: 58 

Inference time: 877.85 seconds 
LABEL: 64
Pred: 55 

Inference time: 922.36 seconds 
LABEL: 64
Pred: 64 

Inference time: 728.97 seconds 
LABEL: 64
Pred: 64 

Inference time: 690.19 seconds 
LABEL: 64
Pred: 59 

Inference time: 733.95 seconds 
LABEL: 65
Pred: 983 

Inference time: 775.17 seconds 
LABEL: 65
Pred: 65 

Inference time: 815.35 seconds 
LABEL: 65
Pred: 65 

Inference time: 964.04 seconds 
LABEL: 66
Pred: 66 

Inference time: 662.59 seconds 
LABEL: 66
Pred: 54 

Inference time: 864.46 seconds 
LABEL: 66
Pred: 66 

Inference time: 705.33 seconds 
LABEL: 67
Pred: 60 

Inference time: 819.14 seconds 
LABEL: 67
Pred: 54 

Inference time: 994.62 seconds 
LABEL: 67
Pred: 54 

Inference time: 883.43 seconds 
LABEL: 68
Pred: 54 

Inference time: 862.08 seconds 
LABEL: 68
Pred: 506 

Inference time: 600.93 seconds 
LABEL: 68
Pred: 54 

Inference time: 812.33 seconds 
LABEL: 69
Pred: 69 

Inference time: 681.67 seconds 
LABEL: 69
Pred: 69 

Inference time: 888.65 seconds 
LABEL: 69
Pred: 501 

Inference time: 681.81 seconds 
LABEL: 70
Pred: 70 

Inference time: 701.10 seconds 
LABEL: 70
Pred: 70 

Inference time: 860.27 seconds 
LABEL: 70
Pred: 70 

Inference time: 801.68 seconds 
LABEL: 71
Pred: 71 

Inference time: 757.29 seconds 
LABEL: 71
Pred: 71 

Inference time: 776.23 seconds 
LABEL: 71
Pred: 679 

Inference time: 784.67 seconds 
LABEL: 72
Pred: 74 

Inference time: 800.89 seconds 
LABEL: 72
Pred: 73 

Inference time: 774.00 seconds 
LABEL: 72
Pred: 72 

Inference time: 727.77 seconds 
LABEL: 72
Pred: 74 

Inference time: 735.18 seconds 
LABEL: 73
Pred: 73 

Inference time: 625.28 seconds 
LABEL: 73
Pred: 73 

Inference time: 424.10 seconds 
LABEL: 73
Pred: 77 

Inference time: 946.34 seconds 
LABEL: 74
Pred: 74 

Inference time: 723.27 seconds 
LABEL: 74
Pred: 74 

Inference time: 575.10 seconds 
LABEL: 74
Pred: 304 

Inference time: 596.30 seconds 
LABEL: 75
Pred: 75 

Inference time: 705.74 seconds 
LABEL: 75
Pred: 73 

Inference time: 841.93 seconds 
LABEL: 75
Pred: 75 

Inference time: 798.47 seconds 
LABEL: 76
Pred: 76 

Inference time: 735.19 seconds 
LABEL: 76
Pred: 312 

Inference time: 845.91 seconds 
LABEL: 76
Pred: 76 

Inference time: 828.08 seconds 
LABEL: 77
Pred: 77 

Inference time: 947.94 seconds 
LABEL: 77
Pred: 79 

Inference time: 824.48 seconds 
LABEL: 77
Pred: 73 

Inference time: 880.93 seconds 
LABEL: 78
Pred: 599 

Inference time: 348.48 seconds 
LABEL: 78
Pred: 303 

Inference time: 801.84 seconds 
LABEL: 78
Pred: 78 

Inference time: 524.09 seconds 
LABEL: 79
Pred: 79 

Inference time: 767.70 seconds 
LABEL: 79
Pred: 79 

Inference time: 701.94 seconds 
LABEL: 79
Pred: 79 

Inference time: 959.27 seconds 
LABEL: 80
Pred: 80 

Inference time: 751.79 seconds 
LABEL: 80
Pred: 80 

Inference time: 825.88 seconds 
LABEL: 80
Pred: 80 

Inference time: 827.30 seconds 
LABEL: 80
Pred: 80 

Inference time: 718.21 seconds 
LABEL: 81
Pred: 81 

Inference time: 896.29 seconds 
LABEL: 81
Pred: 81 

Inference time: 687.38 seconds 
LABEL: 81
Pred: 7 

Inference time: 803.56 seconds 
LABEL: 82
Pred: 82 

Inference time: 768.05 seconds 
LABEL: 82
Pred: 82 

Inference time: 796.77 seconds 
LABEL: 82
Pred: 82 

Inference time: 653.05 seconds 
LABEL: 83
Pred: 83 

Inference time: 797.91 seconds 
LABEL: 83
Pred: 83 

Inference time: 742.32 seconds 
LABEL: 83
Pred: 82 

Inference time: 887.30 seconds 
LABEL: 84
Pred: 84 

Inference time: 858.02 seconds 
LABEL: 84
Pred: 84 

Inference time: 415.58 seconds 
LABEL: 84
Pred: 84 

Inference time: 625.34 seconds 
LABEL: 85
Pred: 85 

Inference time: 761.69 seconds 
LABEL: 85
Pred: 85 

Inference time: 867.06 seconds 
LABEL: 85
Pred: 86 

Inference time: 524.34 seconds 
LABEL: 86
Pred: 83 

Inference time: 944.20 seconds 
LABEL: 86
Pred: 86 

Inference time: 787.43 seconds 
LABEL: 86
Pred: 8 

Inference time: 791.57 seconds 
LABEL: 87
Pred: 87 

Inference time: 706.48 seconds 
LABEL: 87
Pred: 87 

Inference time: 855.06 seconds 
LABEL: 87
Pred: 87 

Inference time: 549.25 seconds 
LABEL: 88
Pred: 88 

Inference time: 810.71 seconds 
LABEL: 88
Pred: 88 

Inference time: 843.14 seconds 
LABEL: 88
Pred: 88 

Inference time: 807.80 seconds 
LABEL: 88
Pred: 84 

Inference time: 923.34 seconds 
LABEL: 89
Pred: 89 

Inference time: 848.94 seconds 
LABEL: 89
Pred: 89 

Inference time: 577.06 seconds 
LABEL: 89
Pred: 89 

Inference time: 733.07 seconds 
LABEL: 90
Pred: 90 

Inference time: 770.73 seconds 
LABEL: 90
Pred: 90 

Inference time: 950.55 seconds 
LABEL: 90
Pred: 90 

Inference time: 859.02 seconds 
LABEL: 91
Pred: 91 

Inference time: 631.75 seconds 
LABEL: 91
Pred: 91 

Inference time: 901.96 seconds 
LABEL: 91
Pred: 91 

Inference time: 935.67 seconds 
LABEL: 92
Pred: 92 

Inference time: 559.70 seconds 
LABEL: 92
Pred: 92 

Inference time: 847.13 seconds 
LABEL: 92
Pred: 92 

Inference time: 823.15 seconds 
LABEL: 93
Pred: 93 

Inference time: 785.32 seconds 
LABEL: 93
Pred: 93 

Inference time: 760.79 seconds 
LABEL: 93
Pred: 93 

Inference time: 708.31 seconds 
LABEL: 94
Pred: 94 

Inference time: 526.08 seconds 
LABEL: 94
Pred: 94 

Inference time: 707.86 seconds 
LABEL: 94
Pred: 94 

Inference time: 663.42 seconds 
LABEL: 95
Pred: 95 

Inference time: 860.61 seconds 
LABEL: 95
Pred: 321 

Inference time: 866.92 seconds 
LABEL: 95
Pred: 501 

Inference time: 739.10 seconds 
LABEL: 96
Pred: 96 

Inference time: 863.34 seconds 
LABEL: 96
Pred: 96 

Inference time: 709.44 seconds 
LABEL: 96
Pred: 96 

Inference time: 918.13 seconds 
LABEL: 96
Pred: 96 

Inference time: 755.73 seconds 
LABEL: 97
Pred: 136 

Inference time: 869.95 seconds 
LABEL: 97
Pred: 98 

Inference time: 697.15 seconds 
