Started run at: 1712309140.17 seconds
Run folder: data/imagenet_05_04/v2-0_1trials_50_25_10_1keep_50_100_500_1000samples
Setting up dataset and prompts

Loading pretrained models...

Loading noise...

Tokenizing text prompts and creating embeddings...

Load subset to evaluate

Evaluating predictions: 
LABEL: 0
Pred: 122 

Inference time: 264.00 seconds 
LABEL: 0
Pred: 501 

Inference time: 398.92 seconds 
LABEL: 0
Pred: 428 

Inference time: 332.07 seconds 
LABEL: 0
Pred: 0 

Inference time: 228.17 seconds 
LABEL: 1
Pred: 1 

Inference time: 253.95 seconds 
LABEL: 1
Pred: 1 

Inference time: 390.82 seconds 
LABEL: 1
Pred: 1 

Inference time: 313.56 seconds 
LABEL: 2
Pred: 3 

Inference time: 318.12 seconds 
LABEL: 2
Pred: 2 

Inference time: 431.31 seconds 
LABEL: 2
Pred: 2 

Inference time: 437.08 seconds 
LABEL: 3
Pred: 3 

Inference time: 290.07 seconds 
LABEL: 3
Pred: 3 

Inference time: 328.23 seconds 
LABEL: 3
Pred: 3 

Inference time: 243.82 seconds 
LABEL: 4
Pred: 2 

Inference time: 264.69 seconds 
LABEL: 4
Pred: 4 

Inference time: 369.42 seconds 
LABEL: 4
Pred: 119 

Inference time: 226.94 seconds 
LABEL: 5
Pred: 6 

Inference time: 368.28 seconds 
LABEL: 5
Pred: 5 

Inference time: 192.17 seconds 
LABEL: 5
Pred: 5 

Inference time: 232.33 seconds 
LABEL: 6
Pred: 6 

Inference time: 385.69 seconds 
LABEL: 6
Pred: 3 

Inference time: 170.28 seconds 
LABEL: 6
Pred: 5 

Inference time: 219.30 seconds 
LABEL: 7
Pred: 380 

Inference time: 299.88 seconds 
LABEL: 7
Pred: 244 

Inference time: 358.79 seconds 
LABEL: 7
Pred: 502 

Inference time: 166.88 seconds 
LABEL: 8
Pred: 912 

Inference time: 218.59 seconds 
LABEL: 8
Pred: 8 

Inference time: 352.61 seconds 
LABEL: 8
Pred: 8 

Inference time: 234.11 seconds 
LABEL: 8
Pred: 8 

Inference time: 254.60 seconds 
LABEL: 9
Pred: 8 

Inference time: 207.01 seconds 
LABEL: 9
Pred: 168 

Inference time: 268.82 seconds 
LABEL: 9
Pred: 568 

Inference time: 254.27 seconds 
LABEL: 10
Pred: 881 

Inference time: 305.18 seconds 
LABEL: 10
Pred: 14 

Inference time: 392.31 seconds 
LABEL: 10
Pred: 10 

Inference time: 235.24 seconds 
LABEL: 11
Pred: 14 

Inference time: 256.42 seconds 
LABEL: 11
Pred: 11 

Inference time: 306.26 seconds 
LABEL: 11
Pred: 14 

Inference time: 370.22 seconds 
LABEL: 12
Pred: 12 

Inference time: 368.25 seconds 
LABEL: 12
Pred: 12 

Inference time: 273.10 seconds 
LABEL: 12
Pred: 12 

Inference time: 310.48 seconds 
LABEL: 13
Pred: 13 

Inference time: 297.97 seconds 
LABEL: 13
Pred: 14 

Inference time: 232.59 seconds 
LABEL: 13
Pred: 14 

Inference time: 382.51 seconds 
LABEL: 14
Pred: 14 

Inference time: 223.09 seconds 
LABEL: 14
Pred: 14 

Inference time: 431.77 seconds 
LABEL: 14
Pred: 14 

Inference time: 321.91 seconds 
LABEL: 15
Pred: 15 

Inference time: 189.83 seconds 
LABEL: 15
Pred: 14 

Inference time: 331.47 seconds 
LABEL: 15
Pred: 15 

Inference time: 410.08 seconds 
LABEL: 16
Pred: 17 

Inference time: 254.68 seconds 
LABEL: 16
Pred: 16 

Inference time: 215.14 seconds 
LABEL: 16
Pred: 16 

Inference time: 304.44 seconds 
LABEL: 16
Pred: 91 

Inference time: 253.23 seconds 
LABEL: 17
Pred: 17 

Inference time: 221.06 seconds 
LABEL: 17
Pred: 17 

Inference time: 288.72 seconds 
LABEL: 17
Pred: 17 

Inference time: 274.54 seconds 
LABEL: 18
Pred: 18 

Inference time: 200.43 seconds 
LABEL: 18
Pred: 18 

Inference time: 230.76 seconds 
LABEL: 18
Pred: 18 

Inference time: 252.17 seconds 
LABEL: 19
Pred: 19 

Inference time: 264.20 seconds 
LABEL: 19
Pred: 19 

Inference time: 247.36 seconds 
LABEL: 19
Pred: 19 

Inference time: 306.19 seconds 
LABEL: 20
Pred: 392 

Inference time: 294.07 seconds 
LABEL: 20
Pred: 20 

Inference time: 448.78 seconds 
LABEL: 20
Pred: 20 

Inference time: 331.02 seconds 
LABEL: 21
Pred: 970 

Inference time: 200.89 seconds 
LABEL: 21
Pred: 22 

Inference time: 253.61 seconds 
LABEL: 21
Pred: 97 

Inference time: 212.18 seconds 
LABEL: 22
Pred: 557 

Inference time: 265.89 seconds 
LABEL: 22
Pred: 22 

Inference time: 230.12 seconds 
LABEL: 22
Pred: 501 

Inference time: 224.36 seconds 
LABEL: 23
Pred: 23 

Inference time: 347.26 seconds 
LABEL: 23
Pred: 23 

Inference time: 278.09 seconds 
LABEL: 23
Pred: 612 

Inference time: 203.49 seconds 
LABEL: 24
Pred: 24 

Inference time: 222.78 seconds 
LABEL: 24
Pred: 24 

Inference time: 191.62 seconds 
LABEL: 24
Pred: 24 

Inference time: 250.17 seconds 
LABEL: 24
Pred: 24 

Inference time: 225.05 seconds 
LABEL: 25
Pred: 25 

Inference time: 234.92 seconds 
LABEL: 25
Pred: 25 

Inference time: 359.36 seconds 
LABEL: 25
Pred: 45 

Inference time: 267.91 seconds 
LABEL: 26
Pred: 69 

Inference time: 198.74 seconds 
LABEL: 26
Pred: 25 

Inference time: 278.47 seconds 
LABEL: 26
Pred: 26 

Inference time: 242.70 seconds 
LABEL: 27
Pred: 26 

Inference time: 240.50 seconds 
LABEL: 27
Pred: 26 

Inference time: 242.69 seconds 
LABEL: 27
Pred: 26 

Inference time: 218.58 seconds 
LABEL: 28
Pred: 28 

Inference time: 226.13 seconds 
LABEL: 28
Pred: 45 

Inference time: 221.17 seconds 
LABEL: 28
Pred: 25 

Inference time: 333.55 seconds 
LABEL: 29
Pred: 29 

Inference time: 201.71 seconds 
LABEL: 29
Pred: 29 

Inference time: 381.97 seconds 
LABEL: 29
Pred: 115 

Inference time: 214.59 seconds 
LABEL: 30
Pred: 30 

Inference time: 214.67 seconds 
LABEL: 30
Pred: 142 

Inference time: 254.27 seconds 
LABEL: 30
Pred: 30 

Inference time: 233.91 seconds 
LABEL: 31
Pred: 31 

Inference time: 223.84 seconds 
LABEL: 31
Pred: 32 

Inference time: 246.33 seconds 
LABEL: 31
Pred: 31 

Inference time: 256.55 seconds 
LABEL: 32
Pred: 42 

Inference time: 222.54 seconds 
LABEL: 32
Pred: 30 

Inference time: 160.17 seconds 
LABEL: 32
Pred: 126 

Inference time: 203.96 seconds 
LABEL: 32
Pred: 26 

Inference time: 238.58 seconds 
LABEL: 33
Pred: 36 

Inference time: 229.74 seconds 
LABEL: 33
Pred: 34 

Inference time: 242.52 seconds 
LABEL: 33
Pred: 62 

Inference time: 324.97 seconds 
LABEL: 34
Pred: 34 

Inference time: 315.56 seconds 
LABEL: 34
Pred: 34 

Inference time: 299.41 seconds 
LABEL: 34
Pred: 978 

Inference time: 204.09 seconds 
LABEL: 35
Pred: 35 

Inference time: 230.91 seconds 
LABEL: 35
Pred: 35 

Inference time: 222.51 seconds 
LABEL: 35
Pred: 34 

Inference time: 244.67 seconds 
LABEL: 36
Pred: 37 

Inference time: 208.54 seconds 
LABEL: 36
Pred: 501 

Inference time: 177.23 seconds 
LABEL: 36
Pred: 35 

Inference time: 195.54 seconds 
LABEL: 37
Pred: 149 

Inference time: 176.09 seconds 
LABEL: 37
Pred: 37 

Inference time: 266.43 seconds 
LABEL: 37
Pred: 37 

Inference time: 291.97 seconds 
LABEL: 38
Pred: 38 

Inference time: 227.92 seconds 
LABEL: 38
Pred: 38 

Inference time: 227.52 seconds 
LABEL: 38
Pred: 51 

Inference time: 319.89 seconds 
LABEL: 39
Pred: 311 

Inference time: 287.66 seconds 
LABEL: 39
Pred: 39 

Inference time: 296.19 seconds 
LABEL: 39
Pred: 39 

Inference time: 246.18 seconds 
LABEL: 40
Pred: 64 

Inference time: 400.41 seconds 
LABEL: 40
Pred: 46 

Inference time: 261.47 seconds 
LABEL: 40
Pred: 64 

Inference time: 319.01 seconds 
LABEL: 40
Pred: 46 

Inference time: 231.32 seconds 
LABEL: 41
Pred: 41 

Inference time: 255.32 seconds 
LABEL: 41
Pred: 306 

Inference time: 273.05 seconds 
LABEL: 41
Pred: 38 

Inference time: 233.22 seconds 
LABEL: 42
Pred: 42 

Inference time: 248.07 seconds 
LABEL: 42
Pred: 39 

Inference time: 251.58 seconds 
LABEL: 42
Pred: 46 

Inference time: 233.67 seconds 
LABEL: 43
Pred: 42 

Inference time: 303.62 seconds 
LABEL: 43
Pred: 326 

Inference time: 236.75 seconds 
LABEL: 43
Pred: 39 

Inference time: 430.66 seconds 
LABEL: 44
Pred: 53 

Inference time: 281.69 seconds 
LABEL: 44
Pred: 44 

Inference time: 252.43 seconds 
LABEL: 44
Pred: 54 

Inference time: 262.22 seconds 
LABEL: 45
Pred: 45 

Inference time: 289.92 seconds 
LABEL: 45
Pred: 313 

Inference time: 324.00 seconds 
LABEL: 45
Pred: 45 

Inference time: 315.48 seconds 
LABEL: 46
Pred: 46 

Inference time: 246.01 seconds 
LABEL: 46
Pred: 46 

Inference time: 259.78 seconds 
LABEL: 46
Pred: 46 

Inference time: 229.03 seconds 
LABEL: 47
Pred: 262 

Inference time: 337.09 seconds 
LABEL: 47
Pred: 47 

Inference time: 202.11 seconds 
LABEL: 47
Pred: 40 

Inference time: 286.67 seconds 
LABEL: 48
Pred: 47 

Inference time: 281.76 seconds 
LABEL: 48
Pred: 48 

Inference time: 215.86 seconds 
LABEL: 48
Pred: 39 

Inference time: 340.10 seconds 
LABEL: 48
Pred: 39 

Inference time: 266.83 seconds 
LABEL: 49
Pred: 124 

Inference time: 253.21 seconds 
LABEL: 49
Pred: 142 

Inference time: 280.59 seconds 
LABEL: 49
Pred: 50 

Inference time: 195.77 seconds 
LABEL: 50
Pred: 50 

Inference time: 251.42 seconds 
LABEL: 50
Pred: 50 

Inference time: 349.45 seconds 
LABEL: 50
Pred: 50 

Inference time: 221.17 seconds 
LABEL: 51
Pred: 51 

Inference time: 435.63 seconds 
LABEL: 51
Pred: 501 

Inference time: 317.04 seconds 
LABEL: 51
Pred: 607 

Inference time: 242.00 seconds 
LABEL: 52
Pred: 58 

Inference time: 239.17 seconds 
LABEL: 52
Pred: 58 

Inference time: 198.37 seconds 
LABEL: 52
Pred: 59 

Inference time: 456.89 seconds 
LABEL: 53
Pred: 54 

Inference time: 282.55 seconds 
LABEL: 53
Pred: 326 

Inference time: 338.58 seconds 
LABEL: 53
Pred: 600 

Inference time: 323.86 seconds 
LABEL: 54
Pred: 54 

Inference time: 238.03 seconds 
LABEL: 54
Pred: 54 

Inference time: 274.55 seconds 
LABEL: 54
Pred: 59 

Inference time: 277.68 seconds 
LABEL: 55
Pred: 26 

Inference time: 204.89 seconds 
LABEL: 55
Pred: 55 

Inference time: 279.25 seconds 
LABEL: 55
Pred: 64 

Inference time: 301.63 seconds 
LABEL: 56
Pred: 380 

Inference time: 218.50 seconds 
LABEL: 56
Pred: 56 

Inference time: 286.46 seconds 
LABEL: 56
Pred: 68 

Inference time: 286.26 seconds 
LABEL: 56
Pred: 68 

Inference time: 306.90 seconds 
LABEL: 57
Pred: 57 

Inference time: 304.06 seconds 
LABEL: 57
Pred: 41 

Inference time: 347.61 seconds 
LABEL: 57
Pred: 44 

Inference time: 222.92 seconds 
LABEL: 58
Pred: 58 

Inference time: 343.00 seconds 
LABEL: 58
Pred: 392 

Inference time: 211.80 seconds 
LABEL: 58
Pred: 58 

Inference time: 279.82 seconds 
LABEL: 59
Pred: 64 

Inference time: 320.38 seconds 
LABEL: 59
Pred: 55 

Inference time: 280.39 seconds 
LABEL: 59
Pred: 55 

Inference time: 279.78 seconds 
LABEL: 60
Pred: 68 

Inference time: 348.18 seconds 
LABEL: 60
Pred: 59 

Inference time: 244.13 seconds 
LABEL: 60
Pred: 60 

Inference time: 276.02 seconds 
LABEL: 61
Pred: 281 

Inference time: 194.51 seconds 
LABEL: 61
Pred: 67 

Inference time: 257.98 seconds 
LABEL: 61
Pred: 62 

Inference time: 264.53 seconds 
LABEL: 62
Pred: 53 

Inference time: 212.69 seconds 
LABEL: 62
Pred: 62 

Inference time: 402.59 seconds 
LABEL: 62
Pred: 60 

Inference time: 265.28 seconds 
LABEL: 63
Pred: 56 

Inference time: 276.64 seconds 
LABEL: 63
Pred: 67 

Inference time: 393.09 seconds 
LABEL: 63
Pred: 326 

Inference time: 329.09 seconds 
LABEL: 64
Pred: 55 

Inference time: 282.92 seconds 
LABEL: 64
Pred: 46 

Inference time: 328.60 seconds 
LABEL: 64
Pred: 806 

Inference time: 339.61 seconds 
LABEL: 64
Pred: 64 

Inference time: 275.23 seconds 
LABEL: 65
Pred: 393 

Inference time: 198.40 seconds 
LABEL: 65
Pred: 397 

Inference time: 258.87 seconds 
LABEL: 65
Pred: 65 

Inference time: 354.00 seconds 
LABEL: 66
Pred: 66 

Inference time: 186.15 seconds 
LABEL: 66
Pred: 54 

Inference time: 311.66 seconds 
LABEL: 66
Pred: 66 

Inference time: 203.46 seconds 
LABEL: 67
Pred: 67 

Inference time: 447.82 seconds 
LABEL: 67
Pred: 54 

Inference time: 342.96 seconds 
LABEL: 67
Pred: 54 

Inference time: 277.27 seconds 
LABEL: 68
Pred: 54 

Inference time: 316.92 seconds 
LABEL: 68
Pred: 506 

Inference time: 250.45 seconds 
LABEL: 68
Pred: 67 

Inference time: 281.78 seconds 
LABEL: 69
Pred: 69 

Inference time: 213.99 seconds 
LABEL: 69
Pred: 69 

Inference time: 329.13 seconds 
LABEL: 69
Pred: 501 

Inference time: 379.50 seconds 
LABEL: 70
Pred: 70 

Inference time: 230.12 seconds 
LABEL: 70
Pred: 70 

Inference time: 228.59 seconds 
LABEL: 70
Pred: 306 

Inference time: 249.55 seconds 
LABEL: 71
Pred: 306 

Inference time: 233.42 seconds 
LABEL: 71
Pred: 77 

Inference time: 205.92 seconds 
LABEL: 71
Pred: 809 

Inference time: 226.44 seconds 
LABEL: 72
Pred: 74 

Inference time: 236.33 seconds 
LABEL: 72
Pred: 74 

Inference time: 204.85 seconds 
LABEL: 72
Pred: 74 

Inference time: 189.45 seconds 
LABEL: 72
Pred: 74 

Inference time: 193.21 seconds 
LABEL: 73
Pred: 73 

Inference time: 243.92 seconds 
LABEL: 73
Pred: 912 

Inference time: 196.83 seconds 
LABEL: 73
Pred: 77 

Inference time: 190.16 seconds 
LABEL: 74
Pred: 74 

Inference time: 197.32 seconds 
LABEL: 74
Pred: 74 

Inference time: 188.29 seconds 
LABEL: 74
Pred: 305 

Inference time: 189.72 seconds 
LABEL: 75
Pred: 75 

Inference time: 248.45 seconds 
LABEL: 75
Pred: 73 

Inference time: 229.48 seconds 
LABEL: 75
Pred: 75 

Inference time: 227.83 seconds 
LABEL: 76
Pred: 76 

Inference time: 251.95 seconds 
LABEL: 76
Pred: 305 

Inference time: 234.64 seconds 
LABEL: 76
Pred: 76 

Inference time: 199.76 seconds 
LABEL: 77
Pred: 77 

Inference time: 212.24 seconds 
LABEL: 77
Pred: 307 

Inference time: 205.47 seconds 
LABEL: 77
Pred: 73 

Inference time: 244.10 seconds 
LABEL: 78
Pred: 939 

Inference time: 155.90 seconds 
LABEL: 78
Pred: 122 

Inference time: 251.94 seconds 
LABEL: 78
Pred: 306 

Inference time: 206.55 seconds 
LABEL: 79
Pred: 79 

Inference time: 230.65 seconds 
LABEL: 79
Pred: 79 

Inference time: 221.68 seconds 
LABEL: 79
Pred: 79 

Inference time: 313.86 seconds 
LABEL: 80
Pred: 80 

Inference time: 204.98 seconds 
LABEL: 80
Pred: 80 

Inference time: 320.44 seconds 
LABEL: 80
Pred: 80 

Inference time: 223.88 seconds 
LABEL: 80
Pred: 80 

Inference time: 208.68 seconds 
LABEL: 81
Pred: 81 

Inference time: 303.72 seconds 
LABEL: 81
Pred: 81 

Inference time: 246.26 seconds 
LABEL: 81
Pred: 7 

Inference time: 300.52 seconds 
LABEL: 82
Pred: 82 

Inference time: 249.36 seconds 
LABEL: 82
Pred: 82 

Inference time: 276.76 seconds 
LABEL: 82
Pred: 82 

Inference time: 294.37 seconds 
LABEL: 83
Pred: 83 

Inference time: 330.64 seconds 
LABEL: 83
Pred: 83 

Inference time: 206.10 seconds 
LABEL: 83
Pred: 82 

Inference time: 257.79 seconds 
LABEL: 84
Pred: 138 

Inference time: 240.62 seconds 
LABEL: 84
Pred: 7 

Inference time: 230.86 seconds 
LABEL: 84
Pred: 84 

Inference time: 238.28 seconds 
LABEL: 85
Pred: 82 

Inference time: 245.00 seconds 
LABEL: 85
Pred: 85 

Inference time: 335.57 seconds 
LABEL: 85
Pred: 86 

Inference time: 207.74 seconds 
LABEL: 86
Pred: 83 

Inference time: 269.99 seconds 
LABEL: 86
Pred: 86 

Inference time: 242.58 seconds 
LABEL: 86
Pred: 8 

Inference time: 220.63 seconds 
LABEL: 87
Pred: 527 

Inference time: 240.89 seconds 
LABEL: 87
Pred: 87 

Inference time: 343.12 seconds 
LABEL: 87
Pred: 87 

Inference time: 219.99 seconds 
LABEL: 88
Pred: 88 

Inference time: 317.83 seconds 
LABEL: 88
Pred: 88 

Inference time: 244.39 seconds 
LABEL: 88
Pred: 88 

Inference time: 260.82 seconds 
LABEL: 88
Pred: 11 

Inference time: 263.52 seconds 
LABEL: 89
Pred: 89 

Inference time: 246.40 seconds 
LABEL: 89
Pred: 639 

Inference time: 279.58 seconds 
LABEL: 89
Pred: 89 

Inference time: 260.36 seconds 
LABEL: 90
Pred: 90 

Inference time: 443.10 seconds 
LABEL: 90
Pred: 90 

Inference time: 335.78 seconds 
LABEL: 90
Pred: 90 

Inference time: 333.67 seconds 
LABEL: 91
Pred: 91 

Inference time: 258.94 seconds 
LABEL: 91
Pred: 91 

Inference time: 363.87 seconds 
LABEL: 91
Pred: 91 

Inference time: 273.36 seconds 
LABEL: 92
Pred: 92 

Inference time: 314.00 seconds 
LABEL: 92
Pred: 92 

Inference time: 448.64 seconds 
LABEL: 92
Pred: 92 

Inference time: 275.37 seconds 
LABEL: 93
Pred: 93 

Inference time: 402.14 seconds 
LABEL: 93
Pred: 93 

Inference time: 300.18 seconds 
LABEL: 93
Pred: 93 

Inference time: 284.27 seconds 
LABEL: 94
Pred: 94 

Inference time: 180.14 seconds 
LABEL: 94
Pred: 94 

Inference time: 344.23 seconds 
LABEL: 94
Pred: 94 

Inference time: 387.36 seconds 
LABEL: 95
Pred: 95 

Inference time: 261.91 seconds 
LABEL: 95
Pred: 14 

Inference time: 316.70 seconds 
LABEL: 95
Pred: 92 

Inference time: 263.99 seconds 
LABEL: 96
Pred: 96 

Inference time: 368.23 seconds 
LABEL: 96
Pred: 96 

Inference time: 250.52 seconds 
LABEL: 96
Pred: 96 

Inference time: 275.66 seconds 
LABEL: 96
Pred: 96 

Inference time: 274.43 seconds 
LABEL: 97
Pred: 136 

Inference time: 322.61 seconds 
LABEL: 97
Pred: 99999 

Inference time: 334.91 seconds 
LABEL: 97
Pred: 136 

Inference time: 240.50 seconds 
LABEL: 98
Pred: 99999 

Inference time: 243.69 seconds 
LABEL: 98
Pred: 99999 

Inference time: 225.96 seconds 
LABEL: 98
Pred: 99999 

Inference time: 411.11 seconds 
LABEL: 99
Pred: 99 

Inference time: 259.30 seconds 
LABEL: 99
Pred: 628 

Inference time: 220.12 seconds 
LABEL: 99
Pred: 127 

Inference time: 369.12 seconds 
LABEL: 100
Pred: 100 

Inference time: 302.62 seconds 
LABEL: 100
Pred: 100 

Inference time: 377.00 seconds 
LABEL: 100
Pred: 100 

Inference time: 182.81 seconds 
LABEL: 101
Pred: 101 

Inference time: 364.56 seconds 
LABEL: 101
Pred: 101 

Inference time: 204.99 seconds 
LABEL: 101
Pred: 101 

Inference time: 270.99 seconds 
LABEL: 102
Pred: 102 

Inference time: 247.29 seconds 
LABEL: 102
Pred: 102 

Inference time: 225.68 seconds 
LABEL: 102
Pred: 102 

Inference time: 313.84 seconds 
LABEL: 103
Pred: 103 

Inference time: 324.89 seconds 
LABEL: 103
Pred: 842 

Inference time: 418.26 seconds 
LABEL: 103
Pred: 5 

Inference time: 319.92 seconds 
LABEL: 104
Pred: 104 

Inference time: 326.17 seconds 
LABEL: 104
Pred: 104 

Inference time: 207.65 seconds 
LABEL: 104
Pred: 224 

Inference time: 350.71 seconds 
LABEL: 104
Pred: 104 

Inference time: 245.68 seconds 
LABEL: 105
Pred: 105 

Inference time: 403.17 seconds 
LABEL: 105
Pred: 105 

Inference time: 288.97 seconds 
LABEL: 105
Pred: 381 

Inference time: 293.60 seconds 
LABEL: 106
Pred: 106 

Inference time: 312.76 seconds 
LABEL: 106
Pred: 106 

Inference time: 363.14 seconds 
LABEL: 106
Pred: 106 

Inference time: 412.34 seconds 
LABEL: 107
Pred: 628 

Inference time: 147.80 seconds 
LABEL: 107
Pred: 779 

Inference time: 184.62 seconds 
LABEL: 107
Pred: 991 

Inference time: 169.38 seconds 
LABEL: 108
Pred: 108 

Inference time: 273.89 seconds 
LABEL: 108
Pred: 107 

Inference time: 284.30 seconds 
LABEL: 108
Pred: 393 

Inference time: 230.75 seconds 
LABEL: 109
Pred: 109 

Inference time: 141.73 seconds 
LABEL: 109
Pred: 6 

Inference time: 275.39 seconds 
LABEL: 109
Pred: 109 

Inference time: 273.90 seconds 
LABEL: 110
Pred: 313 

Inference time: 204.39 seconds 
LABEL: 110
Pred: 5 

Inference time: 185.11 seconds 
LABEL: 110
Pred: 115 

Inference time: 268.72 seconds 
LABEL: 111
Pred: 501 

Inference time: 248.28 seconds 
LABEL: 111
Pred: 501 

Inference time: 259.24 seconds 
LABEL: 111
Pred: 78 

Inference time: 453.27 seconds 
LABEL: 112
Pred: 112 

Inference time: 225.55 seconds 
LABEL: 112
Pred: 119 

Inference time: 201.94 seconds 
LABEL: 112
Pred: 994 

Inference time: 273.83 seconds 
LABEL: 112
Pred: 925 

Inference time: 150.47 seconds 
LABEL: 113
Pred: 113 

Inference time: 153.24 seconds 
LABEL: 113
Pred: 992 

Inference time: 191.43 seconds 
LABEL: 113
Pred: 111 

Inference time: 262.80 seconds 
LABEL: 114
Pred: 994 

Inference time: 210.97 seconds 
LABEL: 114
Pred: 114 

Inference time: 238.15 seconds 
LABEL: 114
Pred: 79 

Inference time: 214.64 seconds 
LABEL: 115
Pred: 115 

Inference time: 310.94 seconds 
LABEL: 115
Pred: 115 

Inference time: 252.48 seconds 
LABEL: 115
Pred: 110 

Inference time: 206.74 seconds 
LABEL: 116
Pred: 79 

Inference time: 251.90 seconds 
LABEL: 116
Pred: 69 

Inference time: 225.38 seconds 
LABEL: 116
Pred: 677 

Inference time: 179.37 seconds 
LABEL: 117
Pred: 883 

Inference time: 257.89 seconds 
LABEL: 117
Pred: 501 

Inference time: 239.99 seconds 
LABEL: 117
Pred: 125 

Inference time: 223.90 seconds 
LABEL: 118
Pred: 118 

Inference time: 174.43 seconds 
LABEL: 118
Pred: 118 

Inference time: 384.01 seconds 
LABEL: 118
Pred: 118 

Inference time: 163.54 seconds 
LABEL: 119
Pred: 305 

Inference time: 225.06 seconds 
LABEL: 119
Pred: 306 

Inference time: 221.90 seconds 
LABEL: 119
Pred: 120 

Inference time: 231.34 seconds 
LABEL: 120
Pred: 119 

Inference time: 232.80 seconds 
LABEL: 120
Pred: 119 

Inference time: 197.53 seconds 
LABEL: 120
Pred: 125 

Inference time: 184.65 seconds 
LABEL: 120
Pred: 119 

Inference time: 187.32 seconds 
LABEL: 121
Pred: 121 

Inference time: 194.04 seconds 
LABEL: 121
Pred: 121 

Inference time: 181.04 seconds 
LABEL: 121
Pred: 121 

Inference time: 351.79 seconds 
LABEL: 122
Pred: 122 

Inference time: 229.55 seconds 
LABEL: 122
Pred: 122 

Inference time: 306.07 seconds 
LABEL: 122
Pred: 122 

Inference time: 214.15 seconds 
LABEL: 123
Pred: 122 

Inference time: 253.42 seconds 
LABEL: 123
Pred: 123 

Inference time: 167.47 seconds 
LABEL: 123
Pred: 115 

Inference time: 301.57 seconds 
LABEL: 124
Pred: 122 

Inference time: 185.49 seconds 
LABEL: 124
Pred: 123 

Inference time: 257.71 seconds 
LABEL: 124
Pred: 940 

Inference time: 203.17 seconds 
LABEL: 125
Pred: 125 

Inference time: 249.27 seconds 
LABEL: 125
Pred: 114 

Inference time: 210.96 seconds 
LABEL: 125
Pred: 119 

Inference time: 271.02 seconds 
LABEL: 126
Pred: 121 

Inference time: 215.88 seconds 
LABEL: 126
Pred: 305 

Inference time: 243.24 seconds 
LABEL: 126
Pred: 122 

Inference time: 179.14 seconds 
LABEL: 127
Pred: 136 

Inference time: 373.55 seconds 
LABEL: 127
Pred: 146 

Inference time: 292.83 seconds 
LABEL: 127
Pred: 127 

Inference time: 353.68 seconds 
LABEL: 128
Pred: 127 

Inference time: 365.61 seconds 
LABEL: 128
Pred: 510 

Inference time: 179.34 seconds 
LABEL: 128
Pred: 128 

Inference time: 285.49 seconds 
LABEL: 128
Pred: 128 

Inference time: 248.57 seconds 
LABEL: 129
Pred: 129 

Inference time: 248.25 seconds 
LABEL: 129
Pred: 144 

Inference time: 213.86 seconds 
LABEL: 129
Pred: 136 

Inference time: 217.67 seconds 
LABEL: 130
Pred: 130 

Inference time: 263.99 seconds 
LABEL: 130
Pred: 501 

Inference time: 255.58 seconds 
LABEL: 130
Pred: 100 

Inference time: 239.05 seconds 
LABEL: 131
Pred: 136 

Inference time: 235.65 seconds 
LABEL: 131
Pred: 136 

Inference time: 275.89 seconds 
LABEL: 131
Pred: 131 

Inference time: 332.65 seconds 
LABEL: 132
Pred: 97 

Inference time: 263.12 seconds 
LABEL: 132
Pred: 97 

Inference time: 212.49 seconds 
LABEL: 132
Pred: 146 

Inference time: 215.28 seconds 
LABEL: 133
Pred: 133 

Inference time: 299.77 seconds 
LABEL: 133
Pred: 133 

Inference time: 283.54 seconds 
LABEL: 133
Pred: 133 

Inference time: 263.86 seconds 
LABEL: 134
Pred: 136 

Inference time: 196.45 seconds 
LABEL: 134
Pred: 100 

Inference time: 302.07 seconds 
LABEL: 134
Pred: 132 

Inference time: 221.72 seconds 
LABEL: 135
Pred: 135 

Inference time: 412.58 seconds 
LABEL: 135
Pred: 93 

Inference time: 224.56 seconds 
LABEL: 135
Pred: 135 

Inference time: 273.69 seconds 
LABEL: 136
Pred: 7 

Inference time: 240.85 seconds 
LABEL: 136
Pred: 136 

Inference time: 205.07 seconds 
LABEL: 136
Pred: 136 

Inference time: 210.57 seconds 
LABEL: 136
Pred: 136 

Inference time: 208.00 seconds 
LABEL: 137
Pred: 136 

Inference time: 239.25 seconds 
LABEL: 137
Pred: 137 

Inference time: 365.26 seconds 
LABEL: 137
Pred: 137 

Inference time: 191.14 seconds 
LABEL: 138
Pred: 138 

Inference time: 249.64 seconds 
LABEL: 138
Pred: 138 

Inference time: 297.24 seconds 
LABEL: 138
Pred: 69 

Inference time: 304.97 seconds 
LABEL: 139
Pred: 143 

Inference time: 208.59 seconds 
LABEL: 139
Pred: 139 

Inference time: 221.07 seconds 
LABEL: 139
Pred: 143 

Inference time: 215.29 seconds 
LABEL: 140
Pred: 140 

Inference time: 293.67 seconds 
LABEL: 140
Pred: 141 

Inference time: 356.19 seconds 
LABEL: 140
Pred: 140 

Inference time: 336.05 seconds 
LABEL: 141
Pred: 141 

Inference time: 420.08 seconds 
LABEL: 141
Pred: 141 

Inference time: 257.11 seconds 
LABEL: 141
Pred: 141 

Inference time: 287.35 seconds 
LABEL: 142
Pred: 142 

Inference time: 316.81 seconds 
LABEL: 142
Pred: 142 

Inference time: 401.97 seconds 
LABEL: 142
Pred: 142 

Inference time: 262.15 seconds 
LABEL: 143
Pred: 143 

Inference time: 211.33 seconds 
LABEL: 143
Pred: 143 

Inference time: 223.08 seconds 
LABEL: 143
Pred: 143 

Inference time: 235.20 seconds 
LABEL: 144
Pred: 144 

Inference time: 247.84 seconds 
LABEL: 144
Pred: 144 

Inference time: 252.54 seconds 
LABEL: 144
Pred: 100 

Inference time: 201.01 seconds 
LABEL: 144
Pred: 146 

Inference time: 173.34 seconds 
LABEL: 145
Pred: 145 

Inference time: 246.48 seconds 
LABEL: 145
Pred: 145 

Inference time: 257.61 seconds 
LABEL: 145
Pred: 145 

Inference time: 260.08 seconds 
LABEL: 146
Pred: 146 

Inference time: 200.56 seconds 
LABEL: 146
Pred: 871 

Inference time: 180.20 seconds 
LABEL: 146
Pred: 146 

Inference time: 223.83 seconds 
LABEL: 147
Pred: 2 

Inference time: 255.41 seconds 
LABEL: 147
Pred: 814 

Inference time: 238.59 seconds 
LABEL: 147
Pred: 2 

Inference time: 161.76 seconds 
LABEL: 148
Pred: 2 

Inference time: 219.63 seconds 
LABEL: 148
Pred: 148 

Inference time: 418.71 seconds 
LABEL: 148
Pred: 2 

Inference time: 200.43 seconds 
LABEL: 149
Pred: 149 

Inference time: 363.46 seconds 
LABEL: 149
Pred: 7 

Inference time: 311.56 seconds 
LABEL: 149
Pred: 149 

Inference time: 379.88 seconds 
LABEL: 150
Pred: 150 

Inference time: 267.24 seconds 
LABEL: 150
Pred: 150 

Inference time: 214.21 seconds 
LABEL: 150
Pred: 150 

Inference time: 290.40 seconds 
LABEL: 151
Pred: 253 

Inference time: 355.22 seconds 
LABEL: 151
Pred: 151 

Inference time: 254.83 seconds 
LABEL: 151
Pred: 501 

Inference time: 200.56 seconds 
LABEL: 152
Pred: 568 

Inference time: 205.58 seconds 
LABEL: 152
Pred: 190 

Inference time: 316.29 seconds 
LABEL: 152
Pred: 568 

Inference time: 154.48 seconds 
LABEL: 152
Pred: 157 

Inference time: 307.88 seconds 
LABEL: 153
Pred: 568 

Inference time: 195.69 seconds 
LABEL: 153
Pred: 265 

Inference time: 327.23 seconds 
LABEL: 153
Pred: 628 

Inference time: 204.83 seconds 
LABEL: 154
Pred: 617 

Inference time: 183.59 seconds 
LABEL: 154
Pred: 568 

Inference time: 156.98 seconds 
LABEL: 154
Pred: 157 

Inference time: 389.67 seconds 
LABEL: 155
Pred: 568 

Inference time: 170.13 seconds 
LABEL: 155
Pred: 496 

Inference time: 157.67 seconds 
LABEL: 155
Pred: 962 

Inference time: 141.05 seconds 
LABEL: 156
Pred: 568 

Inference time: 205.68 seconds 
LABEL: 156
Pred: 156 

Inference time: 303.89 seconds 
LABEL: 156
Pred: 568 

Inference time: 229.69 seconds 
LABEL: 157
Pred: 157 

Inference time: 340.08 seconds 
LABEL: 157
Pred: 568 

Inference time: 187.89 seconds 
LABEL: 157
Pred: 157 

Inference time: 311.09 seconds 
LABEL: 158
Pred: 151 

Inference time: 314.51 seconds 
LABEL: 158
Pred: 245 

Inference time: 361.83 seconds 
LABEL: 158
Pred: 237 

Inference time: 293.77 seconds 
LABEL: 159
Pred: 225 

Inference time: 343.24 seconds 
LABEL: 159
Pred: 537 

Inference time: 160.91 seconds 
LABEL: 159
Pred: 225 

Inference time: 334.52 seconds 
LABEL: 160
Pred: 735 

Inference time: 218.88 seconds 
LABEL: 160
Pred: 911 

Inference time: 230.86 seconds 
LABEL: 160
Pred: 160 

Inference time: 320.09 seconds 
LABEL: 160
Pred: 160 

Inference time: 421.73 seconds 
LABEL: 161
Pred: 166 

Inference time: 338.44 seconds 
LABEL: 161
Pred: 537 

Inference time: 229.80 seconds 
LABEL: 161
Pred: 751 

Inference time: 180.68 seconds 
LABEL: 162
Pred: 537 

Inference time: 163.22 seconds 
LABEL: 162
Pred: 180 

Inference time: 355.99 seconds 
LABEL: 162
Pred: 162 

Inference time: 277.79 seconds 
LABEL: 163
Pred: 97 

Inference time: 166.53 seconds 
LABEL: 163
Pred: 537 

Inference time: 165.20 seconds 
LABEL: 163
Pred: 610 

Inference time: 201.37 seconds 
LABEL: 164
Pred: 167 

Inference time: 310.61 seconds 
LABEL: 164
Pred: 721 

Inference time: 151.80 seconds 
LABEL: 164
Pred: 735 

Inference time: 174.61 seconds 
LABEL: 165
Pred: 831 

Inference time: 173.84 seconds 
LABEL: 165
Pred: 697 

Inference time: 172.93 seconds 
LABEL: 165
Pred: 703 

Inference time: 195.60 seconds 
LABEL: 166
Pred: 537 

Inference time: 192.84 seconds 
LABEL: 166
Pred: 610 

Inference time: 182.00 seconds 
LABEL: 166
Pred: 959 

Inference time: 187.06 seconds 
LABEL: 167
Pred: 735 

Inference time: 211.78 seconds 
LABEL: 167
Pred: 218 

Inference time: 330.21 seconds 
LABEL: 167
Pred: 610 

Inference time: 159.72 seconds 
LABEL: 168
Pred: 225 

Inference time: 373.45 seconds 
LABEL: 168
Pred: 970 

Inference time: 222.94 seconds 
LABEL: 168
Pred: 537 

Inference time: 196.51 seconds 
LABEL: 168
Pred: 735 

Inference time: 196.49 seconds 
LABEL: 169
Pred: 169 

Inference time: 345.24 seconds 
LABEL: 169
Pred: 568 

Inference time: 229.90 seconds 
LABEL: 169
Pred: 169 

Inference time: 299.23 seconds 
LABEL: 170
Pred: 537 

Inference time: 266.03 seconds 
LABEL: 170
Pred: 443 

Inference time: 286.08 seconds 
LABEL: 170
Pred: 170 

Inference time: 377.62 seconds 
LABEL: 171
Pred: 568 

Inference time: 177.29 seconds 
LABEL: 171
Pred: 180 

Inference time: 336.47 seconds 
LABEL: 171
Pred: 151 

Inference time: 331.46 seconds 
LABEL: 172
Pred: 537 

Inference time: 285.36 seconds 
LABEL: 172
Pred: 232 

Inference time: 311.86 seconds 
LABEL: 172
Pred: 180 

Inference time: 332.69 seconds 
LABEL: 173
Pred: 501 

Inference time: 216.35 seconds 
LABEL: 173
Pred: 537 

Inference time: 173.37 seconds 
LABEL: 173
Pred: 537 

Inference time: 224.91 seconds 
LABEL: 174
Pred: 258 

Inference time: 425.06 seconds 
LABEL: 174
Pred: 912 

Inference time: 183.74 seconds 
LABEL: 174
Pred: 678 

Inference time: 207.96 seconds 
LABEL: 175
Pred: 170 

Inference time: 418.24 seconds 
LABEL: 175
Pred: 216 

Inference time: 292.43 seconds 
LABEL: 175
Pred: 628 

Inference time: 196.95 seconds 
LABEL: 176
Pred: 176 

Inference time: 275.84 seconds 
LABEL: 176
Pred: 568 

Inference time: 237.71 seconds 
LABEL: 176
Pred: 225 

Inference time: 342.57 seconds 
LABEL: 176
Pred: 942 

Inference time: 197.26 seconds 
LABEL: 177
Pred: 617 

Inference time: 265.49 seconds 
LABEL: 177
Pred: 170 

Inference time: 329.31 seconds 
LABEL: 177
Pred: 638 

Inference time: 283.06 seconds 
LABEL: 178
Pred: 942 

Inference time: 203.97 seconds 
LABEL: 178
Pred: 735 

Inference time: 208.18 seconds 
LABEL: 178
Pred: 180 

Inference time: 297.11 seconds 
LABEL: 179
Pred: 658 

Inference time: 406.59 seconds 
LABEL: 179
Pred: 180 

Inference time: 275.81 seconds 
LABEL: 179
Pred: 610 

Inference time: 211.36 seconds 
LABEL: 180
Pred: 537 

Inference time: 211.29 seconds 
LABEL: 180
Pred: 179 

Inference time: 273.02 seconds 
LABEL: 180
Pred: 628 

Inference time: 173.56 seconds 
LABEL: 181
Pred: 267 

Inference time: 388.26 seconds 
LABEL: 181
Pred: 697 

Inference time: 232.79 seconds 
LABEL: 181
Pred: 697 

Inference time: 176.87 seconds 
LABEL: 182
Pred: 721 

Inference time: 159.92 seconds 
LABEL: 182
Pred: 371 

Inference time: 215.94 seconds 
LABEL: 182
Pred: 182 

Inference time: 275.83 seconds 
LABEL: 183
Pred: 660 

Inference time: 216.30 seconds 
LABEL: 183
Pred: 735 

Inference time: 214.87 seconds 
LABEL: 183
Pred: 568 

Inference time: 164.19 seconds 
LABEL: 184
Pred: 537 

Inference time: 232.41 seconds 
LABEL: 184
Pred: 568 

Inference time: 206.53 seconds 
LABEL: 184
Pred: 568 

Inference time: 164.72 seconds 
LABEL: 184
Pred: 263 

Inference time: 256.86 seconds 
LABEL: 185
Pred: 537 

Inference time: 213.79 seconds 
LABEL: 185
Pred: 568 

Inference time: 140.82 seconds 
LABEL: 185
Pred: 703 

Inference time: 193.96 seconds 
LABEL: 186
Pred: 186 

Inference time: 290.32 seconds 
LABEL: 186
Pred: 203 

Inference time: 268.67 seconds 
LABEL: 186
Pred: 203 

Inference time: 343.37 seconds 
LABEL: 187
Pred: 568 

Inference time: 165.15 seconds 
LABEL: 187
Pred: 568 

Inference time: 177.64 seconds 
LABEL: 187
Pred: 537 

Inference time: 199.44 seconds 
LABEL: 188
Pred: 537 

Inference time: 243.11 seconds 
LABEL: 188
Pred: 806 

Inference time: 276.11 seconds 
LABEL: 188
Pred: 548 

Inference time: 183.38 seconds 
LABEL: 189
Pred: 188 

Inference time: 345.11 seconds 
LABEL: 189
Pred: 202 

Inference time: 295.06 seconds 
LABEL: 189
Pred: 537 

Inference time: 155.31 seconds 
LABEL: 190
Pred: 568 

Inference time: 250.84 seconds 
LABEL: 190
Pred: 638 

Inference time: 204.22 seconds 
LABEL: 190
Pred: 190 

Inference time: 305.41 seconds 
LABEL: 191
Pred: 857 

Inference time: 193.84 seconds 
LABEL: 191
Pred: 468 

Inference time: 234.06 seconds 
LABEL: 191
Pred: 610 

Inference time: 173.03 seconds 
LABEL: 192
Pred: 182 

Inference time: 333.70 seconds 
LABEL: 192
Pred: 186 

Inference time: 312.19 seconds 
LABEL: 192
Pred: 697 

Inference time: 220.19 seconds 
LABEL: 192
Pred: 537 

Inference time: 212.86 seconds 
LABEL: 193
Pred: 537 

Inference time: 199.64 seconds 
LABEL: 193
Pred: 568 

Inference time: 152.24 seconds 
LABEL: 193
Pred: 568 

Inference time: 167.37 seconds 
LABEL: 194
Pred: 638 

Inference time: 171.67 seconds 
LABEL: 194
Pred: 186 

Inference time: 419.50 seconds 
LABEL: 194
Pred: 537 

Inference time: 219.85 seconds 
LABEL: 195
Pred: 628 

Inference time: 181.18 seconds 
LABEL: 195
Pred: 959 

Inference time: 141.20 seconds 
LABEL: 195
Pred: 245 

Inference time: 312.32 seconds 
LABEL: 196
Pred: 869 

Inference time: 180.97 seconds 
LABEL: 196
Pred: 840 

Inference time: 280.50 seconds 
LABEL: 196
Pred: 568 

Inference time: 173.08 seconds 
LABEL: 197
Pred: 537 

Inference time: 224.11 seconds 
LABEL: 197
Pred: 568 

Inference time: 298.06 seconds 
LABEL: 197
Pred: 870 

Inference time: 239.39 seconds 
LABEL: 198
Pred: 537 

Inference time: 175.68 seconds 
LABEL: 198
Pred: 568 

Inference time: 171.60 seconds 
LABEL: 198
Pred: 806 

Inference time: 281.70 seconds 
LABEL: 199
Pred: 958 

Inference time: 205.75 seconds 
LABEL: 199
Pred: 568 

Inference time: 200.56 seconds 
LABEL: 199
Pred: 198 

Inference time: 285.92 seconds 
LABEL: 200
Pred: 200 

Inference time: 285.45 seconds 
LABEL: 200
Pred: 155 

Inference time: 381.32 seconds 
LABEL: 200
Pred: 226 

Inference time: 345.70 seconds 
LABEL: 200
Pred: 229 

Inference time: 388.35 seconds 
LABEL: 201
Pred: 537 

Inference time: 177.88 seconds 
LABEL: 201
Pred: 721 

Inference time: 175.51 seconds 
LABEL: 201
Pred: 201 

Inference time: 293.93 seconds 
LABEL: 202
Pred: 537 

Inference time: 176.16 seconds 
LABEL: 202
Pred: 537 

Inference time: 227.76 seconds 
LABEL: 202
Pred: 452 

Inference time: 219.56 seconds 
LABEL: 203
Pred: 568 

Inference time: 216.13 seconds 
LABEL: 203
Pred: 697 

Inference time: 208.85 seconds 
LABEL: 203
Pred: 831 

Inference time: 173.82 seconds 
LABEL: 204
Pred: 155 

Inference time: 283.02 seconds 
LABEL: 204
Pred: 200 

Inference time: 291.45 seconds 
LABEL: 204
Pred: 568 

Inference time: 183.37 seconds 
LABEL: 205
Pred: 537 

Inference time: 173.30 seconds 
LABEL: 205
Pred: 806 

Inference time: 214.38 seconds 
LABEL: 205
Pred: 205 

Inference time: 299.16 seconds 
LABEL: 206
Pred: 568 

Inference time: 158.01 seconds 
LABEL: 206
Pred: 638 

Inference time: 200.03 seconds 
LABEL: 206
Pred: 221 

Inference time: 304.85 seconds 
LABEL: 207
Pred: 260 

Inference time: 460.83 seconds 
LABEL: 207
Pred: 537 

Inference time: 218.54 seconds 
LABEL: 207
Pred: 180 

Inference time: 340.95 seconds 
LABEL: 208
Pred: 537 

Inference time: 162.03 seconds 
LABEL: 208
Pred: 610 

Inference time: 180.16 seconds 
LABEL: 208
Pred: 934 

Inference time: 218.20 seconds 
LABEL: 208
Pred: 537 

Inference time: 164.78 seconds 
LABEL: 209
Pred: 483 

Inference time: 210.89 seconds 
LABEL: 209
Pred: 789 

Inference time: 169.74 seconds 
LABEL: 209
Pred: 537 

Inference time: 225.87 seconds 
LABEL: 210
Pred: 217 

Inference time: 280.11 seconds 
LABEL: 210
Pred: 610 

Inference time: 203.77 seconds 
LABEL: 210
Pred: 180 

Inference time: 304.63 seconds 
LABEL: 211
Pred: 211 

Inference time: 285.82 seconds 
LABEL: 211
Pred: 97 

Inference time: 173.50 seconds 
LABEL: 211
Pred: 537 

Inference time: 193.10 seconds 
LABEL: 212
Pred: 697 

Inference time: 185.08 seconds 
LABEL: 212
Pred: 212 

Inference time: 337.01 seconds 
LABEL: 212
Pred: 217 

Inference time: 309.73 seconds 
LABEL: 213
Pred: 537 

Inference time: 227.99 seconds 
LABEL: 213
Pred: 735 

Inference time: 193.54 seconds 
LABEL: 213
Pred: 213 

Inference time: 299.92 seconds 
LABEL: 214
Pred: 689 

Inference time: 253.59 seconds 
LABEL: 214
Pred: 568 

Inference time: 185.78 seconds 
LABEL: 214
Pred: 537 

Inference time: 175.06 seconds 
LABEL: 215
Pred: 156 

Inference time: 286.32 seconds 
LABEL: 215
Pred: 218 

Inference time: 304.68 seconds 
LABEL: 215
Pred: 970 

Inference time: 213.09 seconds 
LABEL: 216
Pred: 568 

Inference time: 263.83 seconds 
LABEL: 216
Pred: 568 

Inference time: 150.74 seconds 
LABEL: 216
Pred: 218 

Inference time: 337.31 seconds 
LABEL: 216
Pred: 568 

Inference time: 222.76 seconds 
LABEL: 217
Pred: 217 

Inference time: 284.09 seconds 
LABEL: 217
Pred: 959 

Inference time: 184.03 seconds 
LABEL: 217
Pred: 568 

Inference time: 175.74 seconds 
LABEL: 218
Pred: 568 

Inference time: 182.61 seconds 
LABEL: 218
Pred: 218 

Inference time: 275.45 seconds 
LABEL: 218
Pred: 568 

Inference time: 211.00 seconds 
LABEL: 219
Pred: 568 

Inference time: 193.86 seconds 
LABEL: 219
Pred: 537 

Inference time: 198.92 seconds 
LABEL: 219
Pred: 568 

Inference time: 194.58 seconds 
LABEL: 220
Pred: 220 

Inference time: 284.11 seconds 
LABEL: 220
Pred: 568 

Inference time: 288.55 seconds 
LABEL: 220
Pred: 457 

Inference time: 286.11 seconds 
LABEL: 221
Pred: 221 

Inference time: 357.02 seconds 
LABEL: 221
Pred: 537 

Inference time: 184.40 seconds 
LABEL: 221
Pred: 568 

Inference time: 301.09 seconds 
LABEL: 222
Pred: 568 

Inference time: 162.40 seconds 
LABEL: 222
Pred: 639 

Inference time: 282.69 seconds 
LABEL: 222
Pred: 222 

Inference time: 342.02 seconds 
LABEL: 223
Pred: 259 

Inference time: 295.82 seconds 
LABEL: 223
Pred: 223 

Inference time: 303.59 seconds 
LABEL: 223
Pred: 721 

Inference time: 179.82 seconds 
LABEL: 224
Pred: 262 

Inference time: 362.16 seconds 
LABEL: 224
Pred: 232 

Inference time: 303.46 seconds 
LABEL: 224
Pred: 177 

Inference time: 306.15 seconds 
LABEL: 224
Pred: 206 

Inference time: 320.67 seconds 
LABEL: 225
Pred: 225 

Inference time: 333.66 seconds 
LABEL: 225
Pred: 225 

Inference time: 281.65 seconds 
LABEL: 225
Pred: 225 

Inference time: 276.52 seconds 
LABEL: 226
Pred: 721 

Inference time: 175.21 seconds 
LABEL: 226
Pred: 197 

Inference time: 305.71 seconds 
LABEL: 226
Pred: 610 

Inference time: 173.95 seconds 
LABEL: 227
Pred: 537 

Inference time: 242.75 seconds 
LABEL: 227
Pred: 151 

Inference time: 339.88 seconds 
LABEL: 227
Pred: 537 

Inference time: 154.06 seconds 
LABEL: 228
Pred: 228 

Inference time: 273.30 seconds 
LABEL: 228
Pred: 568 

Inference time: 221.40 seconds 
LABEL: 228
Pred: 228 

Inference time: 338.96 seconds 
LABEL: 229
Pred: 332 

Inference time: 167.66 seconds 
LABEL: 229
Pred: 568 

Inference time: 181.94 seconds 
LABEL: 229
Pred: 258 

Inference time: 350.36 seconds 
LABEL: 230
Pred: 259 

Inference time: 371.91 seconds 
LABEL: 230
Pred: 230 

Inference time: 343.84 seconds 
LABEL: 230
Pred: 230 

Inference time: 327.31 seconds 
LABEL: 231
Pred: 568 

Inference time: 170.92 seconds 
LABEL: 231
Pred: 230 

Inference time: 356.24 seconds 
LABEL: 231
Pred: 537 

Inference time: 178.95 seconds 
LABEL: 232
Pred: 263 

Inference time: 293.40 seconds 
LABEL: 232
Pred: 568 

Inference time: 233.98 seconds 
LABEL: 232
Pred: 568 

Inference time: 236.31 seconds 
LABEL: 232
Pred: 568 

Inference time: 235.83 seconds 
LABEL: 233
Pred: 537 

Inference time: 201.42 seconds 
LABEL: 233
Pred: 610 

Inference time: 170.41 seconds 
LABEL: 233
Pred: 568 

Inference time: 210.90 seconds 
LABEL: 234
Pred: 610 

Inference time: 179.56 seconds 
LABEL: 234
Pred: 639 

Inference time: 216.30 seconds 
LABEL: 234
Pred: 234 

Inference time: 353.20 seconds 
LABEL: 235
Pred: 225 

Inference time: 358.05 seconds 
LABEL: 235
Pred: 568 

Inference time: 193.35 seconds 
LABEL: 235
Pred: 735 

Inference time: 286.39 seconds 
LABEL: 236
Pred: 735 

Inference time: 188.45 seconds 
LABEL: 236
Pred: 537 

Inference time: 150.88 seconds 
LABEL: 236
Pred: 735 

Inference time: 261.79 seconds 
LABEL: 237
Pred: 253 

Inference time: 306.77 seconds 
LABEL: 237
Pred: 501 

Inference time: 167.37 seconds 
LABEL: 237
Pred: 237 

Inference time: 295.59 seconds 
LABEL: 238
Pred: 608 

Inference time: 160.50 seconds 
LABEL: 238
Pred: 537 

Inference time: 178.04 seconds 
LABEL: 238
Pred: 241 

Inference time: 301.18 seconds 
LABEL: 239
Pred: 568 

Inference time: 207.18 seconds 
LABEL: 239
Pred: 628 

Inference time: 225.40 seconds 
LABEL: 239
Pred: 934 

Inference time: 198.44 seconds 
LABEL: 240
Pred: 537 

Inference time: 241.45 seconds 
LABEL: 240
Pred: 568 

Inference time: 207.67 seconds 
LABEL: 240
Pred: 519 

Inference time: 269.81 seconds 
LABEL: 240
Pred: 239 

Inference time: 284.72 seconds 
LABEL: 241
Pred: 537 

Inference time: 195.10 seconds 
LABEL: 241
Pred: 241 

Inference time: 341.90 seconds 
LABEL: 241
Pred: 238 

Inference time: 297.83 seconds 
LABEL: 242
Pred: 568 

Inference time: 174.25 seconds 
LABEL: 242
Pred: 537 

Inference time: 123.38 seconds 
LABEL: 242
Pred: 537 

Inference time: 169.96 seconds 
LABEL: 243
Pred: 869 

Inference time: 196.21 seconds 
LABEL: 243
Pred: 966 

Inference time: 138.12 seconds 
LABEL: 243
Pred: 458 

Inference time: 192.88 seconds 
LABEL: 244
Pred: 439 

Inference time: 303.25 seconds 
LABEL: 244
Pred: 260 

Inference time: 358.98 seconds 
LABEL: 244
Pred: 857 

Inference time: 161.53 seconds 
LABEL: 245
Pred: 502 

Inference time: 163.91 seconds 
LABEL: 245
Pred: 457 

Inference time: 145.93 seconds 
LABEL: 245
Pred: 934 

Inference time: 186.04 seconds 
LABEL: 246
Pred: 958 

Inference time: 177.12 seconds 
LABEL: 246
Pred: 180 

Inference time: 304.19 seconds 
LABEL: 246
Pred: 537 

Inference time: 207.71 seconds 
LABEL: 247
Pred: 568 

Inference time: 167.57 seconds 
LABEL: 247
Pred: 735 

Inference time: 255.51 seconds 
LABEL: 247
Pred: 537 

Inference time: 165.79 seconds 
LABEL: 248
Pred: 250 

Inference time: 314.21 seconds 
LABEL: 248
Pred: 537 

Inference time: 222.93 seconds 
LABEL: 248
Pred: 250 

Inference time: 266.30 seconds 
LABEL: 248
Pred: 537 

Inference time: 302.49 seconds 
LABEL: 249
Pred: 249 

Inference time: 330.14 seconds 
LABEL: 249
Pred: 249 

Inference time: 336.13 seconds 
LABEL: 249
Pred: 249 

Inference time: 303.09 seconds 
LABEL: 250
Pred: 250 

Inference time: 296.36 seconds 
LABEL: 250
Pred: 568 

Inference time: 228.14 seconds 
LABEL: 250
Pred: 468 

Inference time: 231.96 seconds 
LABEL: 251
Pred: 697 

Inference time: 180.20 seconds 
LABEL: 251
Pred: 934 

Inference time: 189.79 seconds 
LABEL: 251
Pred: 610 

Inference time: 175.91 seconds 
LABEL: 252
Pred: 568 

Inference time: 281.31 seconds 
LABEL: 252
Pred: 252 

Inference time: 394.41 seconds 
LABEL: 252
Pred: 252 

Inference time: 319.44 seconds 
LABEL: 253
Pred: 253 

Inference time: 292.94 seconds 
LABEL: 253
Pred: 537 

Inference time: 170.37 seconds 
LABEL: 253
Pred: 537 

Inference time: 178.22 seconds 
LABEL: 254
Pred: 831 

Inference time: 193.55 seconds 
LABEL: 254
Pred: 254 

Inference time: 378.79 seconds 
LABEL: 254
Pred: 697 

Inference time: 154.72 seconds 
LABEL: 255
Pred: 617 

Inference time: 168.40 seconds 
LABEL: 255
Pred: 244 

Inference time: 358.18 seconds 
LABEL: 255
Pred: 568 

Inference time: 224.43 seconds 
LABEL: 256
Pred: 703 

Inference time: 190.31 seconds 
LABEL: 256
Pred: 392 

Inference time: 203.45 seconds 
LABEL: 256
Pred: 244 

Inference time: 318.11 seconds 
LABEL: 256
Pred: 244 

Inference time: 372.65 seconds 
LABEL: 257
Pred: 537 

Inference time: 239.57 seconds 
LABEL: 257
Pred: 257 

Inference time: 271.35 seconds 
LABEL: 257
Pred: 257 

Inference time: 341.43 seconds 
LABEL: 258
Pred: 258 

Inference time: 289.93 seconds 
LABEL: 258
Pred: 97 

Inference time: 221.60 seconds 
LABEL: 258
Pred: 537 

Inference time: 169.63 seconds 
LABEL: 259
Pred: 697 

Inference time: 273.91 seconds 
LABEL: 259
Pred: 151 

Inference time: 403.91 seconds 
LABEL: 259
Pred: 259 

Inference time: 272.89 seconds 
LABEL: 260
Pred: 260 

Inference time: 364.47 seconds 
LABEL: 260
Pred: 260 

Inference time: 337.40 seconds 
LABEL: 260
Pred: 537 

Inference time: 223.86 seconds 
LABEL: 261
Pred: 697 

Inference time: 194.67 seconds 
LABEL: 261
Pred: 568 

Inference time: 192.61 seconds 
LABEL: 261
Pred: 261 

Inference time: 347.80 seconds 
LABEL: 262
Pred: 151 

Inference time: 323.34 seconds 
LABEL: 262
Pred: 252 

Inference time: 333.51 seconds 
LABEL: 262
Pred: 932 

Inference time: 126.13 seconds 
LABEL: 263
Pred: 537 

Inference time: 194.77 seconds 
LABEL: 263
Pred: 263 

Inference time: 377.10 seconds 
LABEL: 263
Pred: 537 

Inference time: 175.83 seconds 
LABEL: 264
Pred: 568 

Inference time: 214.07 seconds 
LABEL: 264
Pred: 610 

Inference time: 287.11 seconds 
LABEL: 264
Pred: 537 

Inference time: 193.87 seconds 
LABEL: 264
Pred: 180 

Inference time: 303.96 seconds 
LABEL: 265
Pred: 697 

Inference time: 167.67 seconds 
LABEL: 265
Pred: 188 

Inference time: 327.10 seconds 
LABEL: 265
Pred: 903 

Inference time: 161.74 seconds 
LABEL: 266
Pred: 266 

Inference time: 395.34 seconds 
LABEL: 266
Pred: 568 

Inference time: 170.00 seconds 
LABEL: 266
Pred: 267 

Inference time: 323.59 seconds 
LABEL: 267
Pred: 267 

Inference time: 364.57 seconds 
LABEL: 267
Pred: 735 

Inference time: 181.15 seconds 
LABEL: 267
Pred: 267 

Inference time: 290.16 seconds 
LABEL: 268
Pred: 225 

Inference time: 319.31 seconds 
LABEL: 268
Pred: 268 

Inference time: 262.45 seconds 
LABEL: 268
Pred: 171 

Inference time: 345.61 seconds 
LABEL: 269
Pred: 537 

Inference time: 182.29 seconds 
LABEL: 269
Pred: 269 

Inference time: 299.37 seconds 
LABEL: 269
Pred: 628 

Inference time: 190.77 seconds 
LABEL: 270
Pred: 270 

Inference time: 361.61 seconds 
LABEL: 270
Pred: 270 

Inference time: 325.95 seconds 
LABEL: 270
Pred: 270 

Inference time: 313.18 seconds 
LABEL: 271
Pred: 274 

Inference time: 370.24 seconds 
LABEL: 271
Pred: 272 

Inference time: 336.15 seconds 
LABEL: 271
Pred: 263 

Inference time: 301.25 seconds 
LABEL: 272
Pred: 274 

Inference time: 311.42 seconds 
LABEL: 272
Pred: 272 

Inference time: 317.20 seconds 
LABEL: 272
Pred: 269 

Inference time: 331.56 seconds 
LABEL: 272
Pred: 272 

Inference time: 355.15 seconds 
LABEL: 273
Pred: 263 

Inference time: 335.45 seconds 
LABEL: 273
Pred: 273 

Inference time: 289.52 seconds 
LABEL: 273
Pred: 273 

Inference time: 280.79 seconds 
LABEL: 274
Pred: 216 

Inference time: 292.77 seconds 
LABEL: 274
Pred: 274 

Inference time: 332.63 seconds 
LABEL: 274
Pred: 273 

Inference time: 328.56 seconds 
LABEL: 275
Pred: 276 

Inference time: 339.87 seconds 
LABEL: 275
Pred: 275 

Inference time: 328.39 seconds 
LABEL: 275
Pred: 275 

Inference time: 354.21 seconds 
LABEL: 276
Pred: 276 

Inference time: 343.11 seconds 
LABEL: 276
Pred: 349 

Inference time: 272.33 seconds 
LABEL: 276
Pred: 276 

Inference time: 458.50 seconds 
LABEL: 277
Pred: 658 

Inference time: 244.86 seconds 
LABEL: 277
Pred: 278 

Inference time: 341.51 seconds 
LABEL: 277
Pred: 277 

Inference time: 299.80 seconds 
LABEL: 278
Pred: 279 

Inference time: 207.47 seconds 
LABEL: 278
Pred: 278 

Inference time: 330.29 seconds 
LABEL: 278
Pred: 277 

Inference time: 347.48 seconds 
LABEL: 279
Pred: 279 

Inference time: 351.92 seconds 
LABEL: 279
Pred: 279 

Inference time: 317.08 seconds 
LABEL: 279
Pred: 258 

Inference time: 433.28 seconds 
LABEL: 280
Pred: 216 

Inference time: 332.31 seconds 
LABEL: 280
Pred: 279 

Inference time: 295.95 seconds 
LABEL: 280
Pred: 280 

Inference time: 340.30 seconds 
LABEL: 280
Pred: 280 

Inference time: 267.17 seconds 
LABEL: 281
Pred: 990 

Inference time: 178.19 seconds 
LABEL: 281
Pred: 281 

Inference time: 353.80 seconds 
LABEL: 281
Pred: 285 

Inference time: 328.06 seconds 
LABEL: 282
Pred: 292 

Inference time: 299.25 seconds 
LABEL: 282
Pred: 282 

Inference time: 378.08 seconds 
LABEL: 282
Pred: 292 

Inference time: 185.61 seconds 
LABEL: 283
Pred: 857 

Inference time: 192.51 seconds 
LABEL: 283
Pred: 568 

Inference time: 212.60 seconds 
LABEL: 283
Pred: 283 

Inference time: 350.31 seconds 
LABEL: 284
Pred: 284 

Inference time: 314.57 seconds 
LABEL: 284
Pred: 568 

Inference time: 186.90 seconds 
LABEL: 284
Pred: 284 

Inference time: 295.70 seconds 
LABEL: 285
Pred: 283 

Inference time: 286.72 seconds 
LABEL: 285
Pred: 285 

Inference time: 334.15 seconds 
LABEL: 285
Pred: 285 

Inference time: 280.56 seconds 
LABEL: 286
Pred: 286 

Inference time: 223.81 seconds 
LABEL: 286
Pred: 286 

Inference time: 312.33 seconds 
LABEL: 286
Pred: 286 

Inference time: 296.37 seconds 
LABEL: 287
Pred: 287 

Inference time: 277.83 seconds 
LABEL: 287
Pred: 216 

Inference time: 389.82 seconds 
LABEL: 287
Pred: 287 

Inference time: 308.08 seconds 
LABEL: 288
Pred: 288 

Inference time: 215.89 seconds 
LABEL: 288
Pred: 287 

Inference time: 339.09 seconds 
LABEL: 288
Pred: 288 

Inference time: 335.29 seconds 
LABEL: 288
Pred: 288 

Inference time: 195.11 seconds 
LABEL: 289
Pred: 289 

Inference time: 307.89 seconds 
